status file for recon-all
Thu Mar 12 14:33:24 CET 2026
#@# Tessellate lh Thu Mar 12 14:33:24 CET 2026
#@# Smooth1 lh Thu Mar 12 14:33:27 CET 2026
#@# Inflation1 lh Thu Mar 12 14:33:30 CET 2026
#@# QSphere lh Thu Mar 12 14:33:43 CET 2026
#@# Fix Topology lh Thu Mar 12 14:34:59 CET 2026
#@# Smooth2 lh Thu Mar 12 14:40:57 CET 2026
#@# Inflation2 lh Thu Mar 12 14:41:00 CET 2026
#@# Curv .H and .K lh Thu Mar 12 14:41:15 CET 2026
#@# Sphere lh Thu Mar 12 14:42:02 CET 2026
#@# Surf Reg lh Thu Mar 12 14:45:41 CET 2026
#@# Jacobian white lh Thu Mar 12 14:50:02 CET 2026
#@# AvgCurv lh Thu Mar 12 14:50:03 CET 2026
#@# Cortical Parc lh Thu Mar 12 14:50:04 CET 2026
#@# white curv lh Thu Mar 12 14:57:37 CET 2026
#@# white area lh Thu Mar 12 14:57:39 CET 2026
#@# pial curv lh Thu Mar 12 14:57:40 CET 2026
#@# pial area lh Thu Mar 12 14:57:42 CET 2026
#@# thickness lh Thu Mar 12 14:57:43 CET 2026
#@# area and vertex vol lh Thu Mar 12 14:58:15 CET 2026
#@# Curvature Stats lh Thu Mar 12 14:58:16 CET 2026
#@# Cortical Parc 2 lh Thu Mar 12 14:58:19 CET 2026
#@# Cortical Parc 3 lh Thu Mar 12 14:58:33 CET 2026
#@# WM/GM Contrast lh Thu Mar 12 14:58:44 CET 2026
recon-all -s sub-v1s19x0051299_ses-1 finished without error at Thu Mar 12 14:58:48 CET 2026



#New# invocation of recon-all 



status file for recon-all
Thu Mar 12 15:30:48 CET 2026
#@# white curv lh Thu Mar 12 15:30:48 CET 2026
#@# white area lh Thu Mar 12 15:30:48 CET 2026
#@# pial curv lh Thu Mar 12 15:30:48 CET 2026
#@# pial area lh Thu Mar 12 15:30:48 CET 2026
#@# thickness lh Thu Mar 12 15:30:48 CET 2026
#@# area and vertex vol lh Thu Mar 12 15:30:48 CET 2026
#@# Parcellation Stats lh Thu Mar 12 15:30:49 CET 2026
#@# Parcellation Stats 2 lh Thu Mar 12 15:31:09 CET 2026
#@# Parcellation Stats 3 lh Thu Mar 12 15:31:19 CET 2026
#@# BA_exvivo Labels lh Thu Mar 12 15:31:29 CET 2026
recon-all -s sub-v1s19x0051299_ses-1 finished without error at Thu Mar 12 15:34:24 CET 2026
