status file for recon-all
Thu Mar 12 12:39:48 CET 2026
#@# MotionCor Thu Mar 12 12:39:50 CET 2026
#@# Talairach Thu Mar 12 12:39:58 CET 2026
#@# Talairach Failure Detection Thu Mar 12 12:44:28 CET 2026
#@# Nu Intensity Correction Thu Mar 12 12:44:29 CET 2026
#@# Intensity Normalization Thu Mar 12 12:47:46 CET 2026
recon-all -s sub-v1s19x0051299_ses-1 finished without error at Thu Mar 12 12:49:08 CET 2026



#New# invocation of recon-all 



status file for recon-all
Thu Mar 12 12:56:37 CET 2026
#@# EM Registration Thu Mar 12 12:56:37 CET 2026
recon-all -s sub-v1s19x0051299_ses-1 finished without error at Thu Mar 12 12:58:22 CET 2026



#New# invocation of recon-all 



status file for recon-all
Thu Mar 12 12:58:25 CET 2026
#@# CA Normalize Thu Mar 12 12:58:25 CET 2026
#@# CA Reg Thu Mar 12 12:59:45 CET 2026
#@# SubCort Seg Thu Mar 12 13:55:44 CET 2026
#@# CC Seg Thu Mar 12 14:27:39 CET 2026
#@# Merge ASeg Thu Mar 12 14:28:13 CET 2026
#@# Intensity Normalization2 Thu Mar 12 14:28:13 CET 2026
#@# Mask BFS Thu Mar 12 14:30:20 CET 2026
#@# WM Segmentation Thu Mar 12 14:30:21 CET 2026
#@# Fill Thu Mar 12 14:32:14 CET 2026
recon-all -s sub-v1s19x0051299_ses-1 finished without error at Thu Mar 12 14:33:19 CET 2026



#New# invocation of recon-all 



status file for recon-all
Thu Mar 12 15:25:18 CET 2026
#@# white curv lh Thu Mar 12 15:25:18 CET 2026
#@# white area lh Thu Mar 12 15:25:18 CET 2026
#@# pial curv lh Thu Mar 12 15:25:18 CET 2026
#@# pial area lh Thu Mar 12 15:25:18 CET 2026
#@# thickness lh Thu Mar 12 15:25:18 CET 2026
#@# area and vertex vol lh Thu Mar 12 15:25:18 CET 2026
#@# white curv rh Thu Mar 12 15:25:18 CET 2026
#@# white area rh Thu Mar 12 15:25:18 CET 2026
#@# pial curv rh Thu Mar 12 15:25:18 CET 2026
#@# pial area rh Thu Mar 12 15:25:18 CET 2026
#@# thickness rh Thu Mar 12 15:25:18 CET 2026
#@# area and vertex vol rh Thu Mar 12 15:25:18 CET 2026
#@# Cortical ribbon mask Thu Mar 12 15:25:18 CET 2026
recon-all -s sub-v1s19x0051299_ses-1 finished without error at Thu Mar 12 15:30:43 CET 2026



#New# invocation of recon-all 



status file for recon-all
Thu Mar 12 15:38:08 CET 2026
#@# white curv lh Thu Mar 12 15:38:08 CET 2026
#@# white area lh Thu Mar 12 15:38:08 CET 2026
#@# pial curv lh Thu Mar 12 15:38:08 CET 2026
#@# pial area lh Thu Mar 12 15:38:08 CET 2026
#@# thickness lh Thu Mar 12 15:38:08 CET 2026
#@# area and vertex vol lh Thu Mar 12 15:38:08 CET 2026
#@# white curv rh Thu Mar 12 15:38:08 CET 2026
#@# white area rh Thu Mar 12 15:38:08 CET 2026
#@# pial curv rh Thu Mar 12 15:38:08 CET 2026
#@# pial area rh Thu Mar 12 15:38:08 CET 2026
#@# thickness rh Thu Mar 12 15:38:08 CET 2026
#@# area and vertex vol rh Thu Mar 12 15:38:08 CET 2026
#@# Curvature Stats lh Thu Mar 12 15:38:08 CET 2026
#@# Curvature Stats rh Thu Mar 12 15:38:11 CET 2026
#@# Relabel Hypointensities Thu Mar 12 15:38:14 CET 2026
#@# APas-to-ASeg Thu Mar 12 15:38:30 CET 2026
#@# AParc-to-ASeg aparc Thu Mar 12 15:38:40 CET 2026
#@# AParc-to-ASeg aparc.a2009s Thu Mar 12 15:39:19 CET 2026
#@# AParc-to-ASeg aparc.DKTatlas Thu Mar 12 15:39:59 CET 2026
#@# WMParc Thu Mar 12 15:40:39 CET 2026
#@# ASeg Stats Thu Mar 12 15:45:21 CET 2026
recon-all -s sub-v1s19x0051299_ses-1 finished without error at Thu Mar 12 15:46:00 CET 2026
