status file for recon-all
Thu Mar 12 14:38:57 CET 2026
#@# Tessellate lh Thu Mar 12 14:38:57 CET 2026
#@# Smooth1 lh Thu Mar 12 14:38:59 CET 2026
#@# Inflation1 lh Thu Mar 12 14:39:01 CET 2026
#@# QSphere lh Thu Mar 12 14:39:16 CET 2026
#@# Fix Topology lh Thu Mar 12 14:40:51 CET 2026
#@# Smooth2 lh Thu Mar 12 14:47:11 CET 2026
#@# Inflation2 lh Thu Mar 12 14:47:13 CET 2026
#@# Curv .H and .K lh Thu Mar 12 14:47:26 CET 2026
#@# Sphere lh Thu Mar 12 14:48:00 CET 2026
#@# Surf Reg lh Thu Mar 12 14:50:40 CET 2026
#@# Jacobian white lh Thu Mar 12 15:03:09 CET 2026
#@# AvgCurv lh Thu Mar 12 15:03:09 CET 2026
#@# Cortical Parc lh Thu Mar 12 15:03:10 CET 2026
#@# white curv lh Thu Mar 12 15:08:28 CET 2026
#@# white area lh Thu Mar 12 15:08:29 CET 2026
#@# pial curv lh Thu Mar 12 15:08:30 CET 2026
#@# pial area lh Thu Mar 12 15:08:31 CET 2026
#@# thickness lh Thu Mar 12 15:08:31 CET 2026
#@# area and vertex vol lh Thu Mar 12 15:08:49 CET 2026
#@# Curvature Stats lh Thu Mar 12 15:08:50 CET 2026
#@# Cortical Parc 2 lh Thu Mar 12 15:08:52 CET 2026
#@# Cortical Parc 3 lh Thu Mar 12 15:09:01 CET 2026
#@# WM/GM Contrast lh Thu Mar 12 15:09:08 CET 2026
recon-all -s sub-v1s19x0051309_ses-1 finished without error at Thu Mar 12 15:09:10 CET 2026



#New# invocation of recon-all 



status file for recon-all
Thu Mar 12 15:39:13 CET 2026
#@# white curv lh Thu Mar 12 15:39:13 CET 2026
#@# white area lh Thu Mar 12 15:39:13 CET 2026
#@# pial curv lh Thu Mar 12 15:39:13 CET 2026
#@# pial area lh Thu Mar 12 15:39:13 CET 2026
#@# thickness lh Thu Mar 12 15:39:13 CET 2026
#@# area and vertex vol lh Thu Mar 12 15:39:13 CET 2026
#@# Parcellation Stats lh Thu Mar 12 15:39:13 CET 2026
#@# Parcellation Stats 2 lh Thu Mar 12 15:39:27 CET 2026
#@# Parcellation Stats 3 lh Thu Mar 12 15:39:33 CET 2026
#@# BA_exvivo Labels lh Thu Mar 12 15:39:40 CET 2026
recon-all -s sub-v1s19x0051309_ses-1 finished without error at Thu Mar 12 15:41:42 CET 2026
