status file for recon-all
Thu Mar 12 15:09:11 CET 2026
#@# Tessellate rh Thu Mar 12 15:09:11 CET 2026
#@# Smooth1 rh Thu Mar 12 15:09:13 CET 2026
#@# Inflation1 rh Thu Mar 12 15:09:15 CET 2026
#@# QSphere rh Thu Mar 12 15:09:28 CET 2026
#@# Fix Topology rh Thu Mar 12 15:11:49 CET 2026
#@# Smooth2 rh Thu Mar 12 15:17:59 CET 2026
#@# Inflation2 rh Thu Mar 12 15:18:01 CET 2026
#@# Curv .H and .K rh Thu Mar 12 15:18:15 CET 2026
#@# Sphere rh Thu Mar 12 15:18:50 CET 2026
#@# Surf Reg rh Thu Mar 12 15:22:40 CET 2026
#@# Jacobian white rh Thu Mar 12 15:28:53 CET 2026
#@# AvgCurv rh Thu Mar 12 15:28:54 CET 2026
#@# Cortical Parc rh Thu Mar 12 15:28:54 CET 2026
#@# white curv rh Thu Mar 12 15:34:30 CET 2026
#@# white area rh Thu Mar 12 15:34:31 CET 2026
#@# pial curv rh Thu Mar 12 15:34:32 CET 2026
#@# pial area rh Thu Mar 12 15:34:33 CET 2026
#@# thickness rh Thu Mar 12 15:34:33 CET 2026
#@# area and vertex vol rh Thu Mar 12 15:34:57 CET 2026
#@# Curvature Stats rh Thu Mar 12 15:34:58 CET 2026
#@# Cortical Parc 2 rh Thu Mar 12 15:35:00 CET 2026
#@# Cortical Parc 3 rh Thu Mar 12 15:35:09 CET 2026
#@# WM/GM Contrast rh Thu Mar 12 15:35:16 CET 2026
recon-all -s sub-v1s19x0051309_ses-1 finished without error at Thu Mar 12 15:35:18 CET 2026



#New# invocation of recon-all 



status file for recon-all
Thu Mar 12 15:41:44 CET 2026
#@# white curv rh Thu Mar 12 15:41:44 CET 2026
#@# white area rh Thu Mar 12 15:41:44 CET 2026
#@# pial curv rh Thu Mar 12 15:41:44 CET 2026
#@# pial area rh Thu Mar 12 15:41:44 CET 2026
#@# thickness rh Thu Mar 12 15:41:45 CET 2026
#@# area and vertex vol rh Thu Mar 12 15:41:45 CET 2026
#@# Parcellation Stats rh Thu Mar 12 15:41:45 CET 2026
#@# Parcellation Stats 2 rh Thu Mar 12 15:41:58 CET 2026
#@# Parcellation Stats 3 rh Thu Mar 12 15:42:06 CET 2026
#@# BA_exvivo Labels rh Thu Mar 12 15:42:12 CET 2026
recon-all -s sub-v1s19x0051309_ses-1 finished without error at Thu Mar 12 15:44:09 CET 2026
