status file for recon-all
Thu Mar 12 13:20:10 CET 2026
#@# MotionCor Thu Mar 12 13:20:11 CET 2026
#@# Talairach Thu Mar 12 13:20:17 CET 2026
#@# Talairach Failure Detection Thu Mar 12 13:23:07 CET 2026
#@# Nu Intensity Correction Thu Mar 12 13:23:07 CET 2026
#@# Intensity Normalization Thu Mar 12 13:25:54 CET 2026
recon-all -s sub-v1s19x0051309_ses-1 finished without error at Thu Mar 12 13:26:56 CET 2026



#New# invocation of recon-all 



status file for recon-all
Thu Mar 12 13:33:02 CET 2026
#@# EM Registration Thu Mar 12 13:33:02 CET 2026
recon-all -s sub-v1s19x0051309_ses-1 finished without error at Thu Mar 12 13:36:25 CET 2026



#New# invocation of recon-all 



status file for recon-all
Thu Mar 12 13:36:27 CET 2026
#@# CA Normalize Thu Mar 12 13:36:27 CET 2026
#@# CA Reg Thu Mar 12 13:37:24 CET 2026
#@# SubCort Seg Thu Mar 12 14:16:17 CET 2026
#@# CC Seg Thu Mar 12 14:34:56 CET 2026
#@# Merge ASeg Thu Mar 12 14:35:20 CET 2026
#@# Intensity Normalization2 Thu Mar 12 14:35:20 CET 2026
#@# Mask BFS Thu Mar 12 14:36:47 CET 2026
#@# WM Segmentation Thu Mar 12 14:36:47 CET 2026
#@# Fill Thu Mar 12 14:38:15 CET 2026
recon-all -s sub-v1s19x0051309_ses-1 finished without error at Thu Mar 12 14:38:54 CET 2026



#New# invocation of recon-all 



status file for recon-all
Thu Mar 12 15:35:21 CET 2026
#@# white curv lh Thu Mar 12 15:35:21 CET 2026
#@# white area lh Thu Mar 12 15:35:21 CET 2026
#@# pial curv lh Thu Mar 12 15:35:21 CET 2026
#@# pial area lh Thu Mar 12 15:35:21 CET 2026
#@# thickness lh Thu Mar 12 15:35:21 CET 2026
#@# area and vertex vol lh Thu Mar 12 15:35:21 CET 2026
#@# white curv rh Thu Mar 12 15:35:21 CET 2026
#@# white area rh Thu Mar 12 15:35:21 CET 2026
#@# pial curv rh Thu Mar 12 15:35:21 CET 2026
#@# pial area rh Thu Mar 12 15:35:21 CET 2026
#@# thickness rh Thu Mar 12 15:35:21 CET 2026
#@# area and vertex vol rh Thu Mar 12 15:35:21 CET 2026
#@# Cortical ribbon mask Thu Mar 12 15:35:21 CET 2026
recon-all -s sub-v1s19x0051309_ses-1 finished without error at Thu Mar 12 15:39:10 CET 2026



#New# invocation of recon-all 



status file for recon-all
Thu Mar 12 15:44:13 CET 2026
#@# white curv lh Thu Mar 12 15:44:13 CET 2026
#@# white area lh Thu Mar 12 15:44:13 CET 2026
#@# pial curv lh Thu Mar 12 15:44:13 CET 2026
#@# pial area lh Thu Mar 12 15:44:13 CET 2026
#@# thickness lh Thu Mar 12 15:44:13 CET 2026
#@# area and vertex vol lh Thu Mar 12 15:44:13 CET 2026
#@# white curv rh Thu Mar 12 15:44:13 CET 2026
#@# white area rh Thu Mar 12 15:44:13 CET 2026
#@# pial curv rh Thu Mar 12 15:44:13 CET 2026
#@# pial area rh Thu Mar 12 15:44:13 CET 2026
#@# thickness rh Thu Mar 12 15:44:13 CET 2026
#@# area and vertex vol rh Thu Mar 12 15:44:13 CET 2026
#@# Curvature Stats lh Thu Mar 12 15:44:13 CET 2026
#@# Curvature Stats rh Thu Mar 12 15:44:15 CET 2026
#@# Relabel Hypointensities Thu Mar 12 15:44:17 CET 2026
#@# APas-to-ASeg Thu Mar 12 15:44:27 CET 2026
#@# AParc-to-ASeg aparc Thu Mar 12 15:44:33 CET 2026
#@# AParc-to-ASeg aparc.a2009s Thu Mar 12 15:44:59 CET 2026
#@# AParc-to-ASeg aparc.DKTatlas Thu Mar 12 15:45:25 CET 2026
#@# WMParc Thu Mar 12 15:45:51 CET 2026
#@# ASeg Stats Thu Mar 12 15:47:27 CET 2026
recon-all -s sub-v1s19x0051309_ses-1 finished without error at Thu Mar 12 15:47:50 CET 2026
