/out/sourcedata/freesurfer/sub-v1s19x0051294_ses-1/mri
/opt/freesurfer/bin/talairach_avi
--i orig_nu.mgz --xfm transforms/talairach.auto.xfm
talairach_avi 7.3.2
Linux dna050 5.14.0-427.37.1.el9_4.x86_64 #1 SMP PREEMPT_DYNAMIC Fri Sep 13 12:41:50 EDT 2024 x86_64 x86_64 x86_64 GNU/Linux
Thu Mar 12 12:31:43 CET 2026
mri_convert orig_nu.mgz talsrcimg.img 
reading from orig_nu.mgz...
TR=0.00, TE=0.00, TI=0.00, flip angle=0.00
i_ras = (-1, 0, 0)
j_ras = (0, 0, -1)
k_ras = (0, 1, 0)
writing to talsrcimg.img...
Analyze Output Matrix
-1.00000   0.00000   0.00000   132.02115;
 0.00000   0.00000   1.00000  -123.76801;
 0.00000  -1.00000   0.00000   141.50121;
 0.00000   0.00000   0.00000   1.00000;
--------------------
INFO: set hdr.hist.orient to -1
mpr2mni305 talsrcimg
Thu Mar 12 12:31:44 CET 2026
/opt/freesurfer/bin/mpr2mni305 talsrcimg
mpr2mni305 7.3.2
target=711-2C_as_mni_average_305

---------------------------------------------------------------------
analyzeto4dfp talsrcimg -O0 -y
---------------------------------------------------------------------

freesurfer ifh2hdr.c
Thu Mar 12 12:31:44 2026
Writing: talsrcimg.4dfp.hdr
freesurfer analyzeto4dfp.c
Reading: talsrcimg.hdr
header size 348 bytes
hdr.dime.datatype	offset=70	value=2
hdr.dime.bitpix		offset=72	value=8
hdr.hist.orient		offset=252	value=-1
dimensionality     4
dimensions       256       256       256         1
Reading: talsrcimg.img
Writing: talsrcimg.4dfp.img
Writing: talsrcimg.4dfp.ifh
ifh2hdr talsrcimg -r0to243
ori=2

---------------------------------------------------------------------
gauss_4dfp talsrcimg 1.1
---------------------------------------------------------------------

freesurfer gauss_4dfp.c
Reading: talsrcimg.4dfp.img
Writing: talsrcimg_g11.4dfp.img
image dimensions 256 256 256 padded to 288 288 288
processing volume 1freesurfer ifh2hdr.c
Thu Mar 12 12:31:46 2026
Writing: talsrcimg_g11.4dfp.hdr

Writing: talsrcimg_g11.4dfp.ifh
including: talsrcimg.4dfp.img.rec in talsrcimg_g11.4dfp.img.rec

---------------------------------------------------------------------
imgreg_4dfp /opt/freesurfer/average/711-2C_as_mni_average_305 none talsrcimg_g11 none talsrcimg_to_711-2C_as_mni_average_305_t4 4355
---------------------------------------------------------------------

freesurfer imgreg_4dfp.c
/opt/freesurfer/average/711-2C_as_mni_average_305.4dfp.img
       256       256       256         1
  1.000000  1.000000  1.000000
orientation T byte_order littleendian
Reading image: /opt/freesurfer/average/711-2C_as_mni_average_305.4dfp.img
dimensions:      256       256       256
mmppix:       1.0000   -1.0000   -1.0000
center:     128.0000 -129.0000 -129.0000
talsrcimg_g11.4dfp.img
       256       256       256         1
  1.000000  1.000000  1.000000
orientation T byte_order littleendian
Reading image: talsrcimg_g11.4dfp.img
dimensions:      256       256       256
mmppix:       1.0000   -1.0000   -1.0000
center:     128.0000 -129.0000 -129.0000
t4_read: open error in t4_sub.f l:  41 t4_file(1:l)talsrcimg_to_711-2C_as_mni_average_305_t4 
t4_read: transform initialized to I4
rotation matrix determinant  1.000000
image alignment mode   4355 decimal     1103 hex
   -7.5000  -45.0000  -45.0000 7257.1030   15.7964
    0.0000  -45.0000  -45.0000 7511.9565   15.7784
    7.5000  -45.0000  -45.0000 7151.0762   15.7381
   -7.5000  -37.5000  -45.0000 7855.6890   15.5346
    0.0000  -37.5000  -45.0000 8116.5786   15.5201
    7.5000  -37.5000  -45.0000 7716.1377   15.4846
   -7.5000  -30.0000  -45.0000 8854.0146   15.3103
    0.0000  -30.0000  -45.0000 9149.0176   15.2960
    7.5000  -30.0000  -45.0000 8679.1504   15.2608
   -7.5000  -22.5000  -45.0000 9802.3701   15.2773
    0.0000  -22.5000  -45.000010147.5557   15.2615
    7.5000  -22.5000  -45.0000 9606.2021   15.2230
   -7.5000  -15.0000  -45.000010649.3535   15.3131
    0.0000  -15.0000  -45.000011009.5986   15.2945
    7.5000  -15.0000  -45.000010444.4600   15.2527
   -7.5000   -7.5000  -45.000011399.5029   15.3993
    0.0000   -7.5000  -45.000011790.0693   15.3786
    7.5000   -7.5000  -45.000011187.0127   15.3360
   -7.5000    0.0000  -45.000012065.5420   15.4342
    0.0000    0.0000  -45.000012481.6719   15.4163
    7.5000    0.0000  -45.000011835.4531   15.3770
   -7.5000    7.5000  -45.000011885.6855   15.3810
    0.0000    7.5000  -45.000012319.7549   15.3666
    7.5000    7.5000  -45.000011667.6035   15.3314
   -7.5000   15.0000  -45.000011656.5195   15.3101
    0.0000   15.0000  -45.000012110.6221   15.2959
    7.5000   15.0000  -45.000011465.6748   15.2606
   -7.5000   22.5000  -45.000011237.6064   15.2752
    0.0000   22.5000  -45.000011670.6338   15.2594
    7.5000   22.5000  -45.000011042.2002   15.2209
   -7.5000   30.0000  -45.000010562.0234   15.1090
    0.0000   30.0000  -45.000010933.4375   15.0907
    7.5000   30.0000  -45.000010370.3672   15.0494
   -7.5000   37.5000  -45.000010228.4375   15.1940
    0.0000   37.5000  -45.000010582.2900   15.1737
    7.5000   37.5000  -45.000010009.0430   15.1316
   -7.5000   45.0000  -45.0000 9486.7256   14.8419
    0.0000   45.0000  -45.0000 9832.8418   14.8246
    7.5000   45.0000  -45.0000 9278.9053   14.7868
   -7.5000  -45.0000  -37.5000 7715.6016   15.5819
    0.0000  -45.0000  -37.5000 7988.6152   15.5501
    7.5000  -45.0000  -37.5000 7592.3950   15.5153
   -7.5000  -37.5000  -37.5000 8371.8916   15.3186
    0.0000  -37.5000  -37.5000 8657.3682   15.2925
    7.5000  -37.5000  -37.5000 8216.1553   15.2633
   -7.5000  -30.0000  -37.5000 9415.5059   15.0966
    0.0000  -30.0000  -37.5000 9750.2178   15.0707
    7.5000  -30.0000  -37.5000 9245.7881   15.0400
   -7.5000  -22.5000  -37.500010401.7393   15.0687
    0.0000  -22.5000  -37.500010768.1299   15.0383
    7.5000  -22.5000  -37.500010215.2324   15.0011
   -7.5000  -15.0000  -37.500011306.3018   15.1086
    0.0000  -15.0000  -37.500011686.0107   15.0736
    7.5000  -15.0000  -37.500011074.9170   15.0319
   -7.5000   -7.5000  -37.500012074.0215   15.1955
    0.0000   -7.5000  -37.500012505.3350   15.1596
    7.5000   -7.5000  -37.500011821.5293   15.1193
   -7.5000    0.0000  -37.500012751.8945   15.2279
    0.0000    0.0000  -37.500013198.4033   15.1967
    7.5000    0.0000  -37.500012488.4141   15.1626
   -7.5000    7.5000  -37.500012539.0859   15.1688
    0.0000    7.5000  -37.500012993.1982   15.1429
    7.5000    7.5000  -37.500012299.6055   15.1139
   -7.5000   15.0000  -37.500012310.2158   15.0964
    0.0000   15.0000  -37.500012769.5264   15.0705
    7.5000   15.0000  -37.500012104.2725   15.0398
   -7.5000   22.5000  -37.500011859.8232   15.0667
    0.0000   22.5000  -37.500012282.0195   15.0363
    7.5000   22.5000  -37.500011632.7305   14.9990
   -7.5000   30.0000  -37.500011116.2080   14.9073
    0.0000   30.0000  -37.500011499.5195   14.8727
    7.5000   30.0000  -37.500010879.7373   14.8315
   -7.5000   37.5000  -37.500010744.9336   14.9930
    0.0000   37.5000  -37.500011114.9570   14.9576
    7.5000   37.5000  -37.500010497.6523   14.9178
   -7.5000   45.0000  -37.5000 9931.9121   14.6435
    0.0000   45.0000  -37.500010281.4834   14.6134
    7.5000   45.0000  -37.5000 9704.8164   14.5807
   -7.5000  -45.0000  -30.0000 8372.5469   16.2001
    0.0000  -45.0000  -30.0000 8644.3916   16.1535
    7.5000  -45.0000  -30.0000 8220.1279   16.1178
   -7.5000  -37.5000  -30.0000 9072.3018   15.9256
    0.0000  -37.5000  -30.0000 9378.9336   15.8854
    7.5000  -37.5000  -30.0000 8893.3066   15.8560
   -7.5000  -30.0000  -30.000010185.1094   15.6985
    0.0000  -30.0000  -30.000010540.1602   15.6580
    7.5000  -30.0000  -30.000010002.7148   15.6247
   -7.5000  -22.5000  -30.000011250.5830   15.6774
    0.0000  -22.5000  -30.000011618.5146   15.6311
    7.5000  -22.5000  -30.000011042.3701   15.5880
   -7.5000  -15.0000  -30.000012209.3984   15.7217
    0.0000  -15.0000  -30.000012617.3389   15.6705
    7.5000  -15.0000  -30.000011926.6143   15.6215
   -7.5000   -7.5000  -30.000013025.4023   15.8064
    0.0000   -7.5000  -30.000013490.3711   15.7555
    7.5000   -7.5000  -30.000012751.2148   15.7107
   -7.5000    0.0000  -30.000013749.8838   15.8335
    0.0000    0.0000  -30.000014245.3301   15.7882
    7.5000    0.0000  -30.000013460.3477   15.7533
   -7.5000    7.5000  -30.000013489.4551   15.7695
    0.0000    7.5000  -30.000013986.5195   15.7299
    7.5000    7.5000  -30.000013229.4141   15.7007
   -7.5000   15.0000  -30.000013243.4580   15.6983
    0.0000   15.0000  -30.000013712.3154   15.6578
    7.5000   15.0000  -30.000012968.1172   15.6245
   -7.5000   22.5000  -30.000012716.8154   15.6737
    0.0000   22.5000  -30.000013150.6074   15.6273
    7.5000   22.5000  -30.000012426.4961   15.5842
   -7.5000   30.0000  -30.000011909.0391   15.5136
    0.0000   30.0000  -30.000012312.9775   15.4632
    7.5000   30.0000  -30.000011628.3730   15.4148
   -7.5000   37.5000  -30.000011469.6846   15.5973
    0.0000   37.5000  -30.000011875.5469   15.5470
    7.5000   37.5000  -30.000011239.9619   15.5029
   -7.5000   45.0000  -30.000010591.7100   15.2370
    0.0000   45.0000  -30.000010996.5557   15.1934
    7.5000   45.0000  -30.000010386.2910   15.1598
   -7.5000  -45.0000  -22.5000 9013.3350   16.7094
    0.0000  -45.0000  -22.5000 9321.1338   16.6620
    7.5000  -45.0000  -22.5000 8857.4561   16.6222
   -7.5000  -37.5000  -22.5000 9776.9268   16.4277
    0.0000  -37.5000  -22.500010119.7383   16.3853
    7.5000  -37.5000  -22.5000 9591.3965   16.3514
   -7.5000  -30.0000  -22.500010960.7920   16.1981
    0.0000  -30.0000  -22.500011332.6445   16.1560
    7.5000  -30.0000  -22.500010741.6826   16.1171
   -7.5000  -22.5000  -22.500012094.5283   16.1803
    0.0000  -22.5000  -22.500012485.2109   16.1349
    7.5000  -22.5000  -22.500011843.5928   16.0852
   -7.5000  -15.0000  -22.500013093.8008   16.2261
    0.0000  -15.0000  -22.500013534.7119   16.1775
    7.5000  -15.0000  -22.500012785.8916   16.1216
   -7.5000   -7.5000  -22.500014017.3545   16.3074
    0.0000   -7.5000  -22.500014506.4580   16.2577
    7.5000   -7.5000  -22.500013700.4814   16.2073
   -7.5000    0.0000  -22.500014792.4004   16.3301
    0.0000    0.0000  -22.500015308.1309   16.2841
    7.5000    0.0000  -22.500014453.2080   16.2453
   -7.5000    7.5000  -22.500014513.4424   16.2665
    0.0000    7.5000  -22.500015012.4424   16.2249
    7.5000    7.5000  -22.500014153.3076   16.1913
   -7.5000   15.0000  -22.500014207.3281   16.1979
    0.0000   15.0000  -22.500014677.9492   16.1558
    7.5000   15.0000  -22.500013849.9912   16.1169
   -7.5000   22.5000  -22.500013598.4092   16.1753
    0.0000   22.5000  -22.500014047.2295   16.1299
    7.5000   22.5000  -22.500013231.7266   16.0802
   -7.5000   30.0000  -22.500012721.3643   16.0139
    0.0000   30.0000  -22.500013153.3457   15.9658
    7.5000   30.0000  -22.500012419.4248   15.9107
   -7.5000   37.5000  -22.500012227.4502   16.0941
    0.0000   37.5000  -22.500012674.3770   16.0450
    7.5000   37.5000  -22.500011994.2734   15.9953
   -7.5000   45.0000  -22.500011280.6045   15.7267
    0.0000   45.0000  -22.500011717.0371   15.6824
    7.5000   45.0000  -22.500011071.5254   15.6450
   -7.5000  -45.0000  -15.0000 9646.2295   17.0681
    0.0000  -45.0000  -15.000010005.0059   17.0334
    7.5000  -45.0000  -15.0000 9498.1562   16.9899
   -7.5000  -37.5000  -15.000010467.3340   16.7859
    0.0000  -37.5000  -15.000010854.0127   16.7539
    7.5000  -37.5000  -15.000010268.3291   16.7143
   -7.5000  -30.0000  -15.000011719.8271   16.5559
    0.0000  -30.0000  -15.000012139.6309   16.5244
    7.5000  -30.0000  -15.000011491.4092   16.4809
   -7.5000  -22.5000  -15.000012913.7109   16.5339
    0.0000  -22.5000  -15.000013356.0088   16.5033
    7.5000  -22.5000  -15.000012655.9482   16.4522
   -7.5000  -15.0000  -15.000013950.1562   16.5752
    0.0000  -15.0000  -15.000014449.3682   16.5439
    7.5000  -15.0000  -15.000013682.0381   16.4885
   -7.5000   -7.5000  -15.000014941.5801   16.6542
    0.0000   -7.5000  -15.000015480.2090   16.6200
    7.5000   -7.5000  -15.000014630.7451   16.5690
   -7.5000    0.0000  -15.000015787.2109   16.6788
    0.0000    0.0000  -15.000016346.2021   16.6452
    7.5000    0.0000  -15.000015389.1016   16.6027
   -7.5000    7.5000  -15.000015480.9775   16.6217
    0.0000    7.5000  -15.000016002.6816   16.5901
    7.5000    7.5000  -15.000015063.9941   16.5510
   -7.5000   15.0000  -15.000015171.1680   16.5557
    0.0000   15.0000  -15.000015691.6152   16.5242
    7.5000   15.0000  -15.000014747.9248   16.4807
   -7.5000   22.5000  -15.000014479.4629   16.5281
    0.0000   22.5000  -15.000014970.2354   16.4974
    7.5000   22.5000  -15.000014066.7217   16.4464
   -7.5000   30.0000  -15.000013542.6729   16.3607
    0.0000   30.0000  -15.000013980.9062   16.3298
    7.5000   30.0000  -15.000013204.6982   16.2751
   -7.5000   37.5000  -15.000012977.0762   16.4386
    0.0000   37.5000  -15.000013443.3652   16.4049
    7.5000   37.5000  -15.000012728.2783   16.3546
   -7.5000   45.0000  -15.000011946.9336   16.0722
    0.0000   45.0000  -15.000012403.1992   16.0399
    7.5000   45.0000  -15.000011751.5059   15.9989
   -7.5000  -45.0000   -7.500010323.6543   17.2842
    0.0000  -45.0000   -7.500010729.4004   17.2619
    7.5000  -45.0000   -7.500010162.2295   17.2163
   -7.5000  -37.5000   -7.500011170.3018   16.9995
    0.0000  -37.5000   -7.500011610.3428   16.9796
    7.5000  -37.5000   -7.500010984.2246   16.9379
   -7.5000  -30.0000   -7.500012479.0576   16.7628
    0.0000  -30.0000   -7.500012970.7461   16.7432
    7.5000  -30.0000   -7.500012290.8359   16.7005
   -7.5000  -22.5000   -7.500013742.5850   16.7322
    0.0000  -22.5000   -7.500014260.1611   16.7138
    7.5000  -22.5000   -7.500013532.6279   16.6669
   -7.5000  -15.0000   -7.500014900.5029   16.7714
    0.0000  -15.0000   -7.500015466.4922   16.7521
    7.5000  -15.0000   -7.500014678.9941   16.7020
   -7.5000   -7.5000   -7.500015946.3652   16.8572
    0.0000   -7.5000   -7.500016569.9805   16.8348
    7.5000   -7.5000   -7.500015640.9043   16.7856
   -7.5000    0.0000   -7.500016838.8438   16.8891
    0.0000    0.0000   -7.500017486.4102   16.8673
    7.5000    0.0000   -7.500016447.2188   16.8229
   -7.5000    7.5000   -7.500016508.4824   16.8337
    0.0000    7.5000   -7.500017116.9043   16.8140
    7.5000    7.5000   -7.500016109.7588   16.7727
   -7.5000   15.0000   -7.500016155.7471   16.7626
    0.0000   15.0000   -7.500016761.5410   16.7430
    7.5000   15.0000   -7.500015771.9658   16.7003
   -7.5000   22.5000   -7.500015342.2852   16.7245
    0.0000   22.5000   -7.500015893.6377   16.7061
    7.5000   22.5000   -7.500014983.6777   16.6592
   -7.5000   30.0000   -7.500014334.6318   16.5539
    0.0000   30.0000   -7.500014834.5352   16.5348
    7.5000   30.0000   -7.500014025.0498   16.4854
   -7.5000   37.5000   -7.500013790.0713   16.6386
    0.0000   37.5000   -7.500014296.4277   16.6165
    7.5000   37.5000   -7.500013528.4951   16.5680
   -7.5000   45.0000   -7.500012689.4004   16.2779
    0.0000   45.0000   -7.500013186.8291   16.2569
    7.5000   45.0000   -7.500012480.1680   16.2141
   -7.5000  -45.0000    0.000010929.3145   17.3725
    0.0000  -45.0000    0.000011365.0625   17.3500
    7.5000  -45.0000    0.000010801.3379   17.3065
   -7.5000  -37.5000    0.000011777.8135   17.0822
    0.0000  -37.5000    0.000012248.0498   17.0642
    7.5000  -37.5000    0.000011646.3379   17.0262
   -7.5000  -30.0000    0.000013121.8857   16.8369
    0.0000  -30.0000    0.000013655.6904   16.8194
    7.5000  -30.0000    0.000012989.0400   16.7815
   -7.5000  -22.5000    0.000014466.6934   16.8018
    0.0000  -22.5000    0.000015044.4668   16.7825
    7.5000  -22.5000    0.000014284.7588   16.7404
   -7.5000  -15.0000    0.000015792.5684   16.8435
    0.0000  -15.0000    0.000016398.6152   16.8207
    7.5000  -15.0000    0.000015535.3213   16.7746
   -7.5000   -7.5000    0.000016995.7969   16.9391
    0.0000   -7.5000    0.000017743.1543   16.9137
    7.5000   -7.5000    0.000016663.1953   16.8670
   -7.5000    0.0000    0.000017835.7383   16.9764
    0.0000    0.0000    0.000018642.5215   16.9541
    7.5000    0.0000    0.000017461.3945   16.9116
   -7.5000    7.5000    0.000017365.7598   16.9158
    0.0000    7.5000    0.000018100.6230   16.8979
    7.5000    7.5000    0.000017077.6758   16.8601
   -7.5000   15.0000    0.000016929.2617   16.8367
    0.0000   15.0000    0.000017660.7363   16.8192
    7.5000   15.0000    0.000016689.5645   16.7813
   -7.5000   22.5000    0.000016041.4980   16.7941
    0.0000   22.5000    0.000016696.2656   16.7748
    7.5000   22.5000    0.000015792.3457   16.7327
   -7.5000   30.0000    0.000015009.3262   16.6256
    0.0000   30.0000    0.000015644.3213   16.6030
    7.5000   30.0000    0.000014782.1816   16.5575
   -7.5000   37.5000    0.000014525.9980   16.7199
    0.0000   37.5000    0.000015127.0293   16.6948
    7.5000   37.5000    0.000014276.1094   16.6488
   -7.5000   45.0000    0.000013453.1055   16.3633
    0.0000   45.0000    0.000014004.4297   16.3418
    7.5000   45.0000    0.000013212.4521   16.3009
   -7.5000  -45.0000    7.500010652.0605   17.4063
    0.0000  -45.0000    7.500011106.2266   17.3701
    7.5000  -45.0000    7.500010563.5293   17.3312
   -7.5000  -37.5000    7.500011468.6387   17.1130
    0.0000  -37.5000    7.500011936.1074   17.0831
    7.5000  -37.5000    7.500011370.7168   17.0502
   -7.5000  -30.0000    7.500012760.7500   16.8661
    0.0000  -30.0000    7.500013247.7217   16.8364
    7.5000  -30.0000    7.500012640.2422   16.8018
   -7.5000  -22.5000    7.500014057.1875   16.8352
    0.0000  -22.5000    7.500014554.9746   16.8006
    7.5000  -22.5000    7.500013919.0117   16.7588
   -7.5000  -15.0000    7.500015466.2920   16.8793
    0.0000  -15.0000    7.500016043.7080   16.8396
    7.5000  -15.0000    7.500015255.8594   16.7931
   -7.5000   -7.5000    7.500016879.0430   16.9757
    0.0000   -7.5000    7.500017699.6406   16.9349
    7.5000   -7.5000    7.500016493.6738   16.8901
   -7.5000    0.0000    7.500017637.4141   17.0115
    0.0000    0.0000    7.500018507.7383   16.9759
    7.5000    0.0000    7.500017330.6602   16.9379
   -7.5000    7.5000    7.500016932.0762   16.9459
    0.0000    7.5000    7.500017724.2012   16.9163
    7.5000    7.5000    7.500016834.3379   16.8836
   -7.5000   15.0000    7.500016456.5469   16.8659
    0.0000   15.0000    7.500017204.5547   16.8362
    7.5000   15.0000    7.500016415.8691   16.8016
   -7.5000   22.5000    7.500015640.8867   16.8274
    0.0000   22.5000    7.500016297.2412   16.7928
    7.5000   22.5000    7.500015487.1475   16.7511
   -7.5000   30.0000    7.500014687.7041   16.6609
    0.0000   30.0000    7.500015273.0869   16.6217
    7.5000   30.0000    7.500014452.1562   16.5758
   -7.5000   37.5000    7.500014269.8604   16.7560
    0.0000   37.5000    7.500014797.5908   16.7158
    7.5000   37.5000    7.500013977.7461   16.6715
   -7.5000   45.0000    7.500013228.3271   16.3971
    0.0000   45.0000    7.500013702.4131   16.3628
    7.5000   45.0000    7.500012926.9873   16.3262
   -7.5000  -45.0000   15.000010254.2656   17.3962
    0.0000  -45.0000   15.000010633.7979   17.3463
    7.5000  -45.0000   15.000010163.4131   17.3079
   -7.5000  -37.5000   15.000011025.1846   17.1015
    0.0000  -37.5000   15.000011475.5918   17.0583
    7.5000  -37.5000   15.000010934.3730   17.0267
   -7.5000  -30.0000   15.000012221.7266   16.8576
    0.0000  -30.0000   15.000012726.1475   16.8141
    7.5000  -30.0000   15.000012124.2500   16.7784
   -7.5000  -22.5000   15.000013449.5830   16.8350
    0.0000  -22.5000   15.000013984.1719   16.7852
    7.5000  -22.5000   15.000013364.7676   16.7389
   -7.5000  -15.0000   15.000014799.0498   16.8825
    0.0000  -15.0000   15.000015489.4512   16.8276
    7.5000  -15.0000   15.000014690.7617   16.7749
   -7.5000   -7.5000   15.000016223.6279   16.9735
    0.0000   -7.5000   15.000017103.5605   16.9188
    7.5000   -7.5000   15.000015914.1328   16.8708
   -7.5000    0.0000   15.000017184.1914   17.0026
    0.0000    0.0000   15.000017973.3340   16.9539
    7.5000    0.0000   15.000016780.1562   16.9164
   -7.5000    7.5000   15.000016620.8066   16.9339
    0.0000    7.5000   15.000017240.5371   16.8914
    7.5000    7.5000   15.000016307.9834   16.8600
   -7.5000   15.0000   15.000016139.1602   16.8574
    0.0000   15.0000   15.000016659.1641   16.8139
    7.5000   15.0000   15.000015835.7949   16.7782
   -7.5000   22.5000   15.000015229.5020   16.8272
    0.0000   22.5000   15.000015691.7529   16.7775
    7.5000   22.5000   15.000014863.2217   16.7312
   -7.5000   30.0000   15.000014216.5342   16.6640
    0.0000   30.0000   15.000014670.2871   16.6098
    7.5000   30.0000   15.000013852.8369   16.5578
   -7.5000   37.5000   15.000013760.1221   16.7538
    0.0000   37.5000   15.000014230.6963   16.6998
    7.5000   37.5000   15.000013403.7803   16.6524
   -7.5000   45.0000   15.000012739.4980   16.3885
    0.0000   45.0000   15.000013202.2549   16.3416
    7.5000   45.0000   15.000012404.4043   16.3055
   -7.5000  -45.0000   22.5000 9690.4297   17.3746
    0.0000  -45.0000   22.500010082.5508   17.3249
    7.5000  -45.0000   22.5000 9622.2188   17.2838
   -7.5000  -37.5000   22.500010431.8711   17.0812
    0.0000  -37.5000   22.500010852.4805   17.0368
    7.5000  -37.5000   22.500010352.8379   17.0019
   -7.5000  -30.0000   22.500011604.0742   16.8422
    0.0000  -30.0000   22.500012045.7305   16.7980
    7.5000  -30.0000   22.500011520.7344   16.7579
   -7.5000  -22.5000   22.500012822.0693   16.8237
    0.0000  -22.5000   22.500013321.6230   16.7760
    7.5000  -22.5000   22.500012746.7324   16.7247
   -7.5000  -15.0000   22.500014061.5352   16.8713
    0.0000  -15.0000   22.500014656.6562   16.8203
    7.5000  -15.0000   22.500013947.5762   16.7625
   -7.5000   -7.5000   22.500015302.1465   16.9559
    0.0000   -7.5000   22.500015935.9580   16.9038
    7.5000   -7.5000   22.500015069.7285   16.8518
   -7.5000    0.0000   22.500016257.5391   16.9795
    0.0000    0.0000   22.500016806.4805   16.9313
    7.5000    0.0000   22.500015947.3760   16.8913
   -7.5000    7.5000   22.500015911.7803   16.9134
    0.0000    7.5000   22.500016379.7324   16.8697
    7.5000    7.5000   22.500015577.2881   16.8351
   -7.5000   15.0000   22.500015529.1650   16.8420
    0.0000   15.0000   22.500015960.0947   16.7978
    7.5000   15.0000   22.500015141.4482   16.7577
   -7.5000   22.5000   22.500014534.4131   16.8159
    0.0000   22.5000   22.500014943.1621   16.7683
    7.5000   22.5000   22.500014157.6445   16.7169
   -7.5000   30.0000   22.500013533.0918   16.6530
    0.0000   30.0000   22.500013924.3408   16.6026
    7.5000   30.0000   22.500013210.7178   16.5456
   -7.5000   37.5000   22.500013100.3066   16.7364
    0.0000   37.5000   22.500013489.9727   16.6850
    7.5000   37.5000   22.500012786.9775   16.6337
   -7.5000   45.0000   22.500012133.0166   16.3663
    0.0000   45.0000   22.500012526.2393   16.3199
    7.5000   45.0000   22.500011829.5674   16.2812
   -7.5000  -45.0000   30.0000 9051.6025   17.4696
    0.0000  -45.0000   30.0000 9405.3809   17.4331
    7.5000  -45.0000   30.0000 8982.3857   17.3899
   -7.5000  -37.5000   30.0000 9790.5146   17.1774
    0.0000  -37.5000   30.000010186.9932   17.1435
    7.5000  -37.5000   30.0000 9698.6699   17.1044
   -7.5000  -30.0000   30.000010917.7393   16.9403
    0.0000  -30.0000   30.000011375.0273   16.9070
    7.5000  -30.0000   30.000010817.9082   16.8638
   -7.5000  -22.5000   30.000012096.8789   16.9188
    0.0000  -22.5000   30.000012600.2607   16.8865
    7.5000  -22.5000   30.000011972.2148   16.8354
   -7.5000  -15.0000   30.000013196.9775   16.9623
    0.0000  -15.0000   30.000013753.3545   16.9293
    7.5000  -15.0000   30.000013039.0928   16.8738
   -7.5000   -7.5000   30.000014192.0840   17.0434
    0.0000   -7.5000   30.000014741.3164   17.0076
    7.5000   -7.5000   30.000014014.1416   16.9566
   -7.5000    0.0000   30.000014986.0449   17.0674
    0.0000    0.0000   30.000015522.9521   17.0322
    7.5000    0.0000   30.000014803.1895   16.9900
   -7.5000    7.5000   30.000014749.3457   17.0077
    0.0000    7.5000   30.000015274.5908   16.9744
    7.5000    7.5000   30.000014535.7617   16.9357
   -7.5000   15.0000   30.000014426.4395   16.9400
    0.0000   15.0000   30.000014947.6094   16.9068
    7.5000   15.0000   30.000014201.6963   16.8636
   -7.5000   22.5000   30.000013506.9062   16.9110
    0.0000   22.5000   30.000014001.8701   16.8787
    7.5000   22.5000   30.000013296.2754   16.8276
   -7.5000   30.0000   30.000012604.2744   16.7428
    0.0000   30.0000   30.000013035.2061   16.7103
    7.5000   30.0000   30.000012378.3184   16.6554
   -7.5000   37.5000   30.000012211.8516   16.8228
    0.0000   37.5000   30.000012607.8770   16.7875
    7.5000   37.5000   30.000011952.5596   16.7371
   -7.5000   45.0000   30.000011311.9844   16.4510
    0.0000   45.0000   30.000011690.7627   16.4171
    7.5000   45.0000   30.000011055.5127   16.3764
   -7.5000  -45.0000   37.5000 8771.3281   17.7392
    0.0000  -45.0000   37.5000 9155.2705   17.7149
    7.5000  -45.0000   37.5000 8675.0986   17.6707
   -7.5000  -37.5000   37.5000 9502.0479   17.4455
    0.0000  -37.5000   37.5000 9941.0537   17.4237
    7.5000  -37.5000   37.5000 9397.4766   17.3837
   -7.5000  -30.0000   37.500010631.4688   17.2014
    0.0000  -30.0000   37.500011116.0498   17.1802
    7.5000  -30.0000   37.500010513.2490   17.1390
   -7.5000  -22.5000   37.500011749.8809   17.1720
    0.0000  -22.5000   37.500012260.0049   17.1521
    7.5000  -22.5000   37.500011626.6094   17.1066
   -7.5000  -15.0000   37.500012743.9463   17.2147
    0.0000  -15.0000   37.500013277.2842   17.1940
    7.5000  -15.0000   37.500012621.2842   17.1450
   -7.5000   -7.5000   37.500013625.9424   17.3034
    0.0000   -7.5000   37.500014149.9707   17.2793
    7.5000   -7.5000   37.500013511.0195   17.2313
   -7.5000    0.0000   37.500014372.8760   17.3335
    0.0000    0.0000   37.500014918.7207   17.3100
    7.5000    0.0000   37.500014256.5957   17.2669
   -7.5000    7.5000   37.500014167.6104   17.2741
    0.0000    7.5000   37.500014718.7666   17.2527
    7.5000    7.5000   37.500014029.6719   17.2130
   -7.5000   15.0000   37.500013895.7080   17.2012
    0.0000   15.0000   37.500014414.4727   17.1800
    7.5000   15.0000   37.500013755.6553   17.1388
   -7.5000   22.5000   37.500013054.0098   17.1641
    0.0000   22.5000   37.500013525.4131   17.1442
    7.5000   22.5000   37.500012898.0742   17.0987
   -7.5000   30.0000   37.500012193.7002   16.9920
    0.0000   30.0000   37.500012638.3145   16.9714
    7.5000   30.0000   37.500012029.5908   16.9231
   -7.5000   37.5000   37.500011805.1748   17.0795
    0.0000   37.5000   37.500012238.9414   17.0557
    7.5000   37.5000   37.500011607.2715   17.0083
   -7.5000   45.0000   37.500010907.9492   16.7075
    0.0000   45.0000   37.500011298.4814   16.6848
    7.5000   45.0000   37.500010706.3379   16.6433
   -7.5000  -45.0000   45.0000 8091.4087   18.0036
    0.0000  -45.0000   45.0000 8452.9766   17.9797
    7.5000  -45.0000   45.0000 8001.9673   17.9407
   -7.5000  -37.5000   45.0000 8749.0459   17.7033
    0.0000  -37.5000   45.0000 9159.1924   17.6846
    7.5000  -37.5000   45.0000 8661.6191   17.6516
   -7.5000  -30.0000   45.0000 9761.5518   17.4516
    0.0000  -30.0000   45.000010207.4434   17.4337
    7.5000  -30.0000   45.0000 9666.9180   17.4010
   -7.5000  -22.5000   45.000010779.2881   17.4185
    0.0000  -22.5000   45.000011241.2900   17.3985
    7.5000  -22.5000   45.000010664.7422   17.3613
   -7.5000  -15.0000   45.000011678.9805   17.4649
    0.0000  -15.0000   45.000012192.8770   17.4409
    7.5000  -15.0000   45.000011582.2021   17.3991
   -7.5000   -7.5000   45.000012466.5186   17.5636
    0.0000   -7.5000   45.000012969.0000   17.5369
    7.5000   -7.5000   45.000012373.3506   17.4943
   -7.5000    0.0000   45.000013136.2529   17.5979
    0.0000    0.0000   45.000013659.5674   17.5745
    7.5000    0.0000   45.000013036.0127   17.5365
   -7.5000    7.5000   45.000012947.4844   17.5322
    0.0000    7.5000   45.000013464.7969   17.5137
    7.5000    7.5000   45.000012842.7354   17.4810
   -7.5000   15.0000   45.000012713.9863   17.4514
    0.0000   15.0000   45.000013212.8398   17.4335
    7.5000   15.0000   45.000012614.4551   17.4007
   -7.5000   22.5000   45.000011972.6953   17.4104
    0.0000   22.5000   45.000012426.4590   17.3904
    7.5000   22.5000   45.000011851.5225   17.3532
   -7.5000   30.0000   45.000011219.8252   17.2373
    0.0000   30.0000   45.000011646.1729   17.2137
    7.5000   30.0000   45.000011079.9648   17.1724
   -7.5000   37.5000   45.000010876.0273   17.3348
    0.0000   37.5000   45.000011287.9639   17.3084
    7.5000   37.5000   45.000010717.0518   17.2663
   -7.5000   45.0000   45.000010033.7178   16.9700
    0.0000   45.0000   45.000010415.5400   16.9475
    7.5000   45.0000   45.0000 9880.2998   16.9108

---------------------------------------------------------------------
imgreg_4dfp /opt/freesurfer/average/711-2C_as_mni_average_305 /opt/freesurfer/average/711-2B_as_mni_average_305_mask talsrcimg_g11 none talsrcimg_to_711-2C_as_mni_average_305_t4 4355
---------------------------------------------------------------------

freesurfer imgreg_4dfp.c
/opt/freesurfer/average/711-2C_as_mni_average_305.4dfp.img
       256       256       256         1
  1.000000  1.000000  1.000000
orientation T byte_order littleendian
Reading image: /opt/freesurfer/average/711-2C_as_mni_average_305.4dfp.img
dimensions:      256       256       256
mmppix:       1.0000   -1.0000   -1.0000
center:     128.0000 -129.0000 -129.0000
/opt/freesurfer/average/711-2B_as_mni_average_305_mask.4dfp.img
       256       256       256         1
  1.000000  1.000000  1.000000
orientation T byte_order littleendian
Reading mask: /opt/freesurfer/average/711-2B_as_mni_average_305_mask.4dfp.img (2306576 pixels)
talsrcimg_g11.4dfp.img
       256       256       256         1
  1.000000  1.000000  1.000000
orientation T byte_order littleendian
Reading image: talsrcimg_g11.4dfp.img
dimensions:      256       256       256
mmppix:       1.0000   -1.0000   -1.0000
center:     128.0000 -129.0000 -129.0000
rotation matrix determinant  1.000000
image alignment mode   4355 decimal     1103 hex
   -7.5000  -45.0000  -45.0000 2002.6272   22.5848
    0.0000  -45.0000  -45.0000 1997.1409   22.6727
    7.5000  -45.0000  -45.0000 1989.1078   23.0384
   -7.5000  -37.5000  -45.0000 2102.3462   20.3204
    0.0000  -37.5000  -45.0000 2095.6763   20.3844
    7.5000  -37.5000  -45.0000 2080.0708   20.6487
   -7.5000  -30.0000  -45.0000 2209.9519   18.5595
    0.0000  -30.0000  -45.0000 2203.1936   18.5838
    7.5000  -30.0000  -45.0000 2181.0991   18.8071
   -7.5000  -22.5000  -45.0000 2288.4585   17.2629
    0.0000  -22.5000  -45.0000 2285.6221   17.2954
    7.5000  -22.5000  -45.0000 2261.0803   17.4805
   -7.5000  -15.0000  -45.0000 2333.1384   16.4103
    0.0000  -15.0000  -45.0000 2329.4758   16.4136
    7.5000  -15.0000  -45.0000 2304.5591   16.5863
   -7.5000   -7.5000  -45.0000 2356.9302   15.8868
    0.0000   -7.5000  -45.0000 2352.5413   15.8761
    7.5000   -7.5000  -45.0000 2329.9727   16.0952
   -7.5000    0.0000  -45.0000 2360.3757   15.6425
    0.0000    0.0000  -45.0000 2357.9072   15.6220
    7.5000    0.0000  -45.0000 2336.1553   15.8316
   -7.5000    7.5000  -45.0000 2353.8149   15.6569
    0.0000    7.5000  -45.0000 2358.4941   15.6770
    7.5000    7.5000  -45.0000 2328.5334   15.8755
   -7.5000   15.0000  -45.0000 2333.2212   15.9185
    0.0000   15.0000  -45.0000 2337.3411   15.9448
    7.5000   15.0000  -45.0000 2313.0381   16.1847
   -7.5000   22.5000  -45.0000 2300.1060   16.4630
    0.0000   22.5000  -45.0000 2306.8718   16.4844
    7.5000   22.5000  -45.0000 2284.4368   16.7291
   -7.5000   30.0000  -45.0000 2256.6426   17.3495
    0.0000   30.0000  -45.0000 2258.7639   17.3483
    7.5000   30.0000  -45.0000 2238.3247   17.5816
   -7.5000   37.5000  -45.0000 2197.0938   18.5564
    0.0000   37.5000  -45.0000 2200.8748   18.5622
    7.5000   37.5000  -45.0000 2172.9155   18.8487
   -7.5000   45.0000  -45.0000 2114.5630   20.1112
    0.0000   45.0000  -45.0000 2119.8286   20.1713
    7.5000   45.0000  -45.0000 2092.2078   20.5685
   -7.5000  -45.0000  -37.5000 2068.3774   21.1535
    0.0000  -45.0000  -37.5000 2064.4932   21.1438
    7.5000  -45.0000  -37.5000 2050.1636   21.4041
   -7.5000  -37.5000  -37.5000 2185.7393   18.9446
    0.0000  -37.5000  -37.5000 2178.9065   18.9393
    7.5000  -37.5000  -37.5000 2157.5454   19.1755
   -7.5000  -30.0000  -37.5000 2299.7524   17.2145
    0.0000  -30.0000  -37.5000 2293.3203   17.2346
    7.5000  -30.0000  -37.5000 2271.8914   17.4547
   -7.5000  -22.5000  -37.5000 2377.4177   16.0201
    0.0000  -22.5000  -37.5000 2371.0068   16.0374
    7.5000  -22.5000  -37.5000 2350.4453   16.1648
   -7.5000  -15.0000  -37.5000 2428.6694   15.2218
    0.0000  -15.0000  -37.5000 2424.0486   15.1987
    7.5000  -15.0000  -37.5000 2395.1389   15.3540
   -7.5000   -7.5000  -37.5000 2450.4177   14.7354
    0.0000   -7.5000  -37.5000 2447.4600   14.6968
    7.5000   -7.5000  -37.5000 2417.0884   14.8738
   -7.5000    0.0000  -37.5000 2450.6675   14.4915
    0.0000    0.0000  -37.5000 2448.3438   14.4608
    7.5000    0.0000  -37.5000 2423.5671   14.6081
   -7.5000    7.5000  -37.5000 2442.4417   14.4562
    0.0000    7.5000  -37.5000 2446.1587   14.4406
    7.5000    7.5000  -37.5000 2417.9993   14.6447
   -7.5000   15.0000  -37.5000 2427.4658   14.6378
    0.0000   15.0000  -37.5000 2430.8125   14.6462
    7.5000   15.0000  -37.5000 2408.7456   14.8703
   -7.5000   22.5000  -37.5000 2405.3347   15.1739
    0.0000   22.5000  -37.5000 2407.9436   15.1569
    7.5000   22.5000  -37.5000 2388.7693   15.4103
   -7.5000   30.0000  -37.5000 2352.8174   16.0242
    0.0000   30.0000  -37.5000 2357.8979   15.9933
    7.5000   30.0000  -37.5000 2336.9204   16.2340
   -7.5000   37.5000  -37.5000 2289.6953   17.1626
    0.0000   37.5000  -37.5000 2294.3542   17.1256
    7.5000   37.5000  -37.5000 2265.6609   17.3948
   -7.5000   45.0000  -37.5000 2200.3088   18.6605
    0.0000   45.0000  -37.5000 2203.8418   18.6307
    7.5000   45.0000  -37.5000 2173.8052   18.9431
   -7.5000  -45.0000  -30.0000 2173.8752   20.4154
    0.0000  -45.0000  -30.0000 2168.6821   20.3190
    7.5000  -45.0000  -30.0000 2152.0728   20.5435
   -7.5000  -37.5000  -30.0000 2300.3933   18.2743
    0.0000  -37.5000  -30.0000 2292.9995   18.1847
    7.5000  -37.5000  -30.0000 2273.7944   18.4508
   -7.5000  -30.0000  -30.0000 2419.9614   16.5879
    0.0000  -30.0000  -30.0000 2416.2419   16.5619
    7.5000  -30.0000  -30.0000 2391.9475   16.7373
   -7.5000  -22.5000  -30.0000 2505.5369   15.3763
    0.0000  -22.5000  -30.0000 2496.9973   15.3276
    7.5000  -22.5000  -30.0000 2476.5764   15.4966
   -7.5000  -15.0000  -30.0000 2562.9233   14.5906
    0.0000  -15.0000  -30.0000 2555.6938   14.5322
    7.5000  -15.0000  -30.0000 2520.9509   14.6977
   -7.5000   -7.5000  -30.0000 2587.1245   14.1196
    0.0000   -7.5000  -30.0000 2585.9587   14.0765
    7.5000   -7.5000  -30.0000 2554.3127   14.2263
   -7.5000    0.0000  -30.0000 2592.5002   13.8672
    0.0000    0.0000  -30.0000 2594.5212   13.8138
    7.5000    0.0000  -30.0000 2566.6848   13.9378
   -7.5000    7.5000  -30.0000 2589.9846   13.8174
    0.0000    7.5000  -30.0000 2595.0476   13.7819
    7.5000    7.5000  -30.0000 2568.5474   13.9566
   -7.5000   15.0000  -30.0000 2577.0884   13.9996
    0.0000   15.0000  -30.0000 2581.0869   13.9744
    7.5000   15.0000  -30.0000 2553.0244   14.1663
   -7.5000   22.5000  -30.0000 2553.3606   14.5244
    0.0000   22.5000  -30.0000 2553.7603   14.4800
    7.5000   22.5000  -30.0000 2525.5662   14.6629
   -7.5000   30.0000  -30.0000 2495.8225   15.3414
    0.0000   30.0000  -30.0000 2498.7334   15.2992
    7.5000   30.0000  -30.0000 2469.2874   15.4908
   -7.5000   37.5000  -30.0000 2419.7893   16.4735
    0.0000   37.5000  -30.0000 2424.3354   16.4478
    7.5000   37.5000  -30.0000 2396.4419   16.6620
   -7.5000   45.0000  -30.0000 2329.9868   17.9075
    0.0000   45.0000  -30.0000 2331.5112   17.8808
    7.5000   45.0000  -30.0000 2300.9529   18.1049
   -7.5000  -45.0000  -22.5000 2253.1189   19.4805
    0.0000  -45.0000  -22.5000 2249.9028   19.4697
    7.5000  -45.0000  -22.5000 2231.3037   19.7882
   -7.5000  -37.5000  -22.5000 2389.5569   17.3929
    0.0000  -37.5000  -22.5000 2384.7178   17.3869
    7.5000  -37.5000  -22.5000 2357.1626   17.6525
   -7.5000  -30.0000  -22.5000 2517.2878   15.7925
    0.0000  -30.0000  -22.5000 2510.1162   15.7759
    7.5000  -30.0000  -22.5000 2481.5190   15.9618
   -7.5000  -22.5000  -22.5000 2603.2410   14.6583
    0.0000  -22.5000  -22.5000 2598.2510   14.6124
    7.5000  -22.5000  -22.5000 2572.2415   14.7711
   -7.5000  -15.0000  -22.5000 2663.0215   13.8775
    0.0000  -15.0000  -22.5000 2659.5620   13.8186
    7.5000  -15.0000  -22.5000 2626.4216   13.9559
   -7.5000   -7.5000  -22.5000 2703.3459   13.3900
    0.0000   -7.5000  -22.5000 2704.7307   13.3479
    7.5000   -7.5000  -22.5000 2669.9670   13.4856
   -7.5000    0.0000  -22.5000 2718.7876   13.1091
    0.0000    0.0000  -22.5000 2719.5669   13.0680
    7.5000    0.0000  -22.5000 2691.9900   13.2178
   -7.5000    7.5000  -22.5000 2722.3123   13.1011
    0.0000    7.5000  -22.5000 2726.7383   13.0392
    7.5000    7.5000  -22.5000 2692.9919   13.1944
   -7.5000   15.0000  -22.5000 2707.1211   13.3040
    0.0000   15.0000  -22.5000 2711.8337   13.2553
    7.5000   15.0000  -22.5000 2675.0669   13.4179
   -7.5000   22.5000  -22.5000 2679.0654   13.8152
    0.0000   22.5000  -22.5000 2682.3889   13.7694
    7.5000   22.5000  -22.5000 2643.1274   13.9299
   -7.5000   30.0000  -22.5000 2614.0977   14.5939
    0.0000   30.0000  -22.5000 2615.0242   14.5571
    7.5000   30.0000  -22.5000 2582.9727   14.7281
   -7.5000   37.5000  -22.5000 2527.7649   15.6428
    0.0000   37.5000  -22.5000 2532.5059   15.6412
    7.5000   37.5000  -22.5000 2502.6807   15.8496
   -7.5000   45.0000  -22.5000 2434.1370   17.0342
    0.0000   45.0000  -22.5000 2438.0413   17.0096
    7.5000   45.0000  -22.5000 2406.3372   17.2549
   -7.5000  -45.0000  -15.0000 2299.1560   18.7015
    0.0000  -45.0000  -15.0000 2301.5813   18.7629
    7.5000  -45.0000  -15.0000 2278.4861   19.1157
   -7.5000  -37.5000  -15.0000 2439.6877   16.6515
    0.0000  -37.5000  -15.0000 2440.3245   16.7035
    7.5000  -37.5000  -15.0000 2405.0618   16.9672
   -7.5000  -30.0000  -15.0000 2572.1550   15.0686
    0.0000  -30.0000  -15.0000 2568.3655   15.0870
    7.5000  -30.0000  -15.0000 2535.2144   15.3075
   -7.5000  -22.5000  -15.0000 2668.4956   13.9378
    0.0000  -22.5000  -15.0000 2663.8342   13.9412
    7.5000  -22.5000  -15.0000 2635.0430   14.1027
   -7.5000  -15.0000  -15.0000 2729.5872   13.1928
    0.0000  -15.0000  -15.0000 2730.3518   13.1762
    7.5000  -15.0000  -15.0000 2701.3342   13.3153
   -7.5000   -7.5000  -15.0000 2781.7402   12.7224
    0.0000   -7.5000  -15.0000 2786.4919   12.6822
    7.5000   -7.5000  -15.0000 2754.6907   12.8399
   -7.5000    0.0000  -15.0000 2808.8767   12.4115
    0.0000    0.0000  -15.0000 2811.6704   12.3934
    7.5000    0.0000  -15.0000 2776.2612   12.5360
   -7.5000    7.5000  -15.0000 2818.1985   12.3715
    0.0000    7.5000  -15.0000 2823.2207   12.3479
    7.5000    7.5000  -15.0000 2783.3586   12.5016
   -7.5000   15.0000  -15.0000 2805.4436   12.6164
    0.0000   15.0000  -15.0000 2814.5576   12.5716
    7.5000   15.0000  -15.0000 2768.7642   12.7718
   -7.5000   22.5000  -15.0000 2766.7153   13.1252
    0.0000   22.5000  -15.0000 2776.9434   13.1094
    7.5000   22.5000  -15.0000 2732.9102   13.2948
   -7.5000   30.0000  -15.0000 2695.5298   13.8793
    0.0000   30.0000  -15.0000 2697.6841   13.8842
    7.5000   30.0000  -15.0000 2665.1531   14.0674
   -7.5000   37.5000  -15.0000 2598.9495   14.8671
    0.0000   37.5000  -15.0000 2604.7778   14.9043
    7.5000   37.5000  -15.0000 2576.5195   15.0965
   -7.5000   45.0000  -15.0000 2494.5981   16.2059
    0.0000   45.0000  -15.0000 2500.7864   16.2020
    7.5000   45.0000  -15.0000 2476.4114   16.4404
   -7.5000  -45.0000   -7.5000 2326.8662   18.1428
    0.0000  -45.0000   -7.5000 2332.9526   18.2015
    7.5000  -45.0000   -7.5000 2306.5625   18.5716
   -7.5000  -37.5000   -7.5000 2463.4226   16.0843
    0.0000  -37.5000   -7.5000 2469.3767   16.1528
    7.5000  -37.5000   -7.5000 2437.0696   16.4498
   -7.5000  -30.0000   -7.5000 2598.0708   14.4977
    0.0000  -30.0000   -7.5000 2602.6597   14.5363
    7.5000  -30.0000   -7.5000 2572.6431   14.7718
   -7.5000  -22.5000   -7.5000 2707.8838   13.3335
    0.0000  -22.5000   -7.5000 2706.6943   13.3646
    7.5000  -22.5000   -7.5000 2678.7878   13.5702
   -7.5000  -15.0000   -7.5000 2785.5083   12.6039
    0.0000  -15.0000   -7.5000 2786.8196   12.6076
    7.5000  -15.0000   -7.5000 2760.4402   12.7905
   -7.5000   -7.5000   -7.5000 2846.4863   12.1923
    0.0000   -7.5000   -7.5000 2853.4238   12.1693
    7.5000   -7.5000   -7.5000 2815.9451   12.3392
   -7.5000    0.0000   -7.5000 2881.9790   11.8449
    0.0000    0.0000   -7.5000 2889.9500   11.8393
    7.5000    0.0000   -7.5000 2842.5884   12.0105
   -7.5000    7.5000   -7.5000 2898.2979   11.7465
    0.0000    7.5000   -7.5000 2904.9766   11.7496
    7.5000    7.5000   -7.5000 2854.6184   11.9696
   -7.5000   15.0000   -7.5000 2876.8413   12.0104
    0.0000   15.0000   -7.5000 2888.9067   11.9976
    7.5000   15.0000   -7.5000 2840.8213   12.2396
   -7.5000   22.5000   -7.5000 2829.3645   12.5114
    0.0000   22.5000   -7.5000 2841.2964   12.5179
    7.5000   22.5000   -7.5000 2803.8142   12.7478
   -7.5000   30.0000   -7.5000 2748.6206   13.2462
    0.0000   30.0000   -7.5000 2755.5884   13.2636
    7.5000   30.0000   -7.5000 2726.7600   13.4924
   -7.5000   37.5000   -7.5000 2647.3313   14.2658
    0.0000   37.5000   -7.5000 2655.2402   14.2834
    7.5000   37.5000   -7.5000 2625.3955   14.5264
   -7.5000   45.0000   -7.5000 2538.1602   15.5527
    0.0000   45.0000   -7.5000 2547.0168   15.5751
    7.5000   45.0000   -7.5000 2517.1067   15.8252
   -7.5000  -45.0000    0.0000 2342.6409   17.8363
    0.0000  -45.0000    0.0000 2347.8108   17.8452
    7.5000  -45.0000    0.0000 2327.7483   18.2183
   -7.5000  -37.5000    0.0000 2472.8489   15.7591
    0.0000  -37.5000    0.0000 2479.4524   15.7706
    7.5000  -37.5000    0.0000 2453.9622   16.1486
   -7.5000  -30.0000    0.0000 2606.7285   14.1457
    0.0000  -30.0000    0.0000 2611.8235   14.1413
    7.5000  -30.0000    0.0000 2586.8186   14.4637
   -7.5000  -22.5000    0.0000 2727.4773   12.9524
    0.0000  -22.5000    0.0000 2732.8650   12.9677
    7.5000  -22.5000    0.0000 2701.0850   13.2246
   -7.5000  -15.0000    0.0000 2829.3723   12.2292
    0.0000  -15.0000    0.0000 2831.0195   12.2231
    7.5000  -15.0000    0.0000 2793.6631   12.4235
   -7.5000   -7.5000    0.0000 2902.0391   11.8329
    0.0000   -7.5000    0.0000 2911.4211   11.8292
    7.5000   -7.5000    0.0000 2861.4614   11.9968
   -7.5000    0.0000    0.0000 2941.3118   11.4592
    0.0000    0.0000    0.0000 2955.6931   11.4899
    7.5000    0.0000    0.0000 2891.9875   11.6759
   -7.5000    7.5000    0.0000 2954.8606   11.2942
    0.0000    7.5000    0.0000 2962.1533   11.3120
    7.5000    7.5000    0.0000 2908.3713   11.5940
   -7.5000   15.0000    0.0000 2923.0459   11.5227
    0.0000   15.0000    0.0000 2938.1165   11.5299
    7.5000   15.0000    0.0000 2889.4841   11.8344
   -7.5000   22.5000    0.0000 2867.6699   12.0562
    0.0000   22.5000    0.0000 2881.7964   12.0637
    7.5000   22.5000    0.0000 2844.3730   12.3479
   -7.5000   30.0000    0.0000 2784.1194   12.8540
    0.0000   30.0000    0.0000 2795.7349   12.8803
    7.5000   30.0000    0.0000 2763.5398   13.1518
   -7.5000   37.5000    0.0000 2684.4880   13.8795
    0.0000   37.5000    0.0000 2688.5024   13.9168
    7.5000   37.5000    0.0000 2656.5388   14.1805
   -7.5000   45.0000    0.0000 2574.8936   15.1666
    0.0000   45.0000    0.0000 2579.0728   15.2106
    7.5000   45.0000    0.0000 2548.0959   15.4819
   -7.5000  -45.0000    7.5000 2346.9341   17.5776
    0.0000  -45.0000    7.5000 2353.1572   17.5905
    7.5000  -45.0000    7.5000 2338.4246   18.0681
   -7.5000  -37.5000    7.5000 2474.2478   15.5414
    0.0000  -37.5000    7.5000 2480.3196   15.5085
    7.5000  -37.5000    7.5000 2460.8242   15.9297
   -7.5000  -30.0000    7.5000 2608.5742   13.9563
    0.0000  -30.0000    7.5000 2612.2988   13.9060
    7.5000  -30.0000    7.5000 2590.2681   14.2787
   -7.5000  -22.5000    7.5000 2736.9438   12.7522
    0.0000  -22.5000    7.5000 2746.6428   12.7310
    7.5000  -22.5000    7.5000 2715.1680   13.0316
   -7.5000  -15.0000    7.5000 2852.6855   12.0357
    0.0000  -15.0000    7.5000 2861.0378   11.9846
    7.5000  -15.0000    7.5000 2821.6567   12.2477
   -7.5000   -7.5000    7.5000 2943.7178   11.6796
    0.0000   -7.5000    7.5000 2964.3372   11.6364
    7.5000   -7.5000    7.5000 2904.3000   11.8269
   -7.5000    0.0000    7.5000 2993.3208   11.3198
    0.0000    0.0000    7.5000 3020.5181   11.3359
    7.5000    0.0000    7.5000 2942.0232   11.5410
   -7.5000    7.5000    7.5000 2991.4741   11.0213
    0.0000    7.5000    7.5000 3008.3396   11.0650
    7.5000    7.5000    7.5000 2950.9124   11.4229
   -7.5000   15.0000    7.5000 2950.4329   11.2501
    0.0000   15.0000    7.5000 2966.0999   11.2674
    7.5000   15.0000    7.5000 2924.9163   11.6128
   -7.5000   22.5000    7.5000 2898.4512   11.8481
    0.0000   22.5000    7.5000 2910.6836   11.8074
    7.5000   22.5000    7.5000 2871.5754   12.1167
   -7.5000   30.0000    7.5000 2807.6858   12.6611
    0.0000   30.0000    7.5000 2813.0793   12.6119
    7.5000   30.0000    7.5000 2778.9985   12.8951
   -7.5000   37.5000    7.5000 2704.2563   13.7152
    0.0000   37.5000    7.5000 2705.4316   13.6628
    7.5000   37.5000    7.5000 2676.1619   13.9466
   -7.5000   45.0000    7.5000 2585.6396   15.0005
    0.0000   45.0000    7.5000 2587.0410   14.9563
    7.5000   45.0000    7.5000 2560.4224   15.2430
   -7.5000  -45.0000   15.0000 2343.6763   17.6187
    0.0000  -45.0000   15.0000 2351.4521   17.5841
    7.5000  -45.0000   15.0000 2333.7820   18.0707
   -7.5000  -37.5000   15.0000 2471.6448   15.5569
    0.0000  -37.5000   15.0000 2480.8760   15.4941
    7.5000  -37.5000   15.0000 2458.2800   15.9658
   -7.5000  -30.0000   15.0000 2601.4968   13.9348
    0.0000  -30.0000   15.0000 2614.5068   13.9087
    7.5000  -30.0000   15.0000 2585.9731   14.3115
   -7.5000  -22.5000   15.0000 2729.6150   12.7213
    0.0000  -22.5000   15.0000 2741.6833   12.7012
    7.5000  -22.5000   15.0000 2715.3206   13.0417
   -7.5000  -15.0000   15.0000 2842.8252   11.9531
    0.0000  -15.0000   15.0000 2861.9055   11.9194
    7.5000  -15.0000   15.0000 2830.8540   12.2356
   -7.5000   -7.5000   15.0000 2942.3271   11.5993
    0.0000   -7.5000   15.0000 2978.0439   11.5999
    7.5000   -7.5000   15.0000 2916.1191   11.8070
   -7.5000    0.0000   15.0000 3007.7490   11.3411
    0.0000    0.0000   15.0000 3043.9600   11.3240
    7.5000    0.0000   15.0000 2957.2368   11.5489
   -7.5000    7.5000   15.0000 3011.0977   11.2054
    0.0000    7.5000   15.0000 3022.2146   11.1166
    7.5000    7.5000   15.0000 2960.9519   11.4459
   -7.5000   15.0000   15.0000 2965.8992   11.3399
    0.0000   15.0000   15.0000 2970.0518   11.2374
    7.5000   15.0000   15.0000 2928.8750   11.5768
   -7.5000   22.5000   15.0000 2899.8987   11.8113
    0.0000   22.5000   15.0000 2908.8188   11.7138
    7.5000   22.5000   15.0000 2871.0706   12.0223
   -7.5000   30.0000   15.0000 2800.8772   12.5875
    0.0000   30.0000   15.0000 2814.8716   12.5077
    7.5000   30.0000   15.0000 2781.8149   12.7778
   -7.5000   37.5000   15.0000 2695.3418   13.6174
    0.0000   37.5000   15.0000 2707.0347   13.5858
    7.5000   37.5000   15.0000 2677.8318   13.8145
   -7.5000   45.0000   15.0000 2582.1899   14.9317
    0.0000   45.0000   15.0000 2589.2236   14.9324
    7.5000   45.0000   15.0000 2563.3096   15.1471
   -7.5000  -45.0000   22.5000 2334.4192   17.8449
    0.0000  -45.0000   22.5000 2344.3367   17.7650
    7.5000  -45.0000   22.5000 2322.8921   18.2745
   -7.5000  -37.5000   22.5000 2461.2527   15.7500
    0.0000  -37.5000   22.5000 2476.2639   15.6789
    7.5000  -37.5000   22.5000 2448.9180   16.1282
   -7.5000  -30.0000   22.5000 2590.4639   14.1565
    0.0000  -30.0000   22.5000 2605.9717   14.0751
    7.5000  -30.0000   22.5000 2583.5046   14.4967
   -7.5000  -22.5000   22.5000 2716.9404   12.9629
    0.0000  -22.5000   22.5000 2731.9192   12.8926
    7.5000  -22.5000   22.5000 2715.9346   13.2997
   -7.5000  -15.0000   22.5000 2827.6343   12.2153
    0.0000  -15.0000   22.5000 2848.1775   12.1472
    7.5000  -15.0000   22.5000 2823.0852   12.4908
   -7.5000   -7.5000   22.5000 2921.7793   11.8286
    0.0000   -7.5000   22.5000 2949.7324   11.7817
    7.5000   -7.5000   22.5000 2900.5955   12.0259
   -7.5000    0.0000   22.5000 2976.1831   11.5602
    0.0000    0.0000   22.5000 2999.6936   11.4559
    7.5000    0.0000   22.5000 2940.0247   11.7494
   -7.5000    7.5000   22.5000 2977.0994   11.4999
    0.0000    7.5000   22.5000 2990.1223   11.3844
    7.5000    7.5000   22.5000 2943.4058   11.6640
   -7.5000   15.0000   22.5000 2942.4053   11.6822
    0.0000   15.0000   22.5000 2953.8752   11.5931
    7.5000   15.0000   22.5000 2911.2432   11.8348
   -7.5000   22.5000   22.5000 2872.5037   12.1426
    0.0000   22.5000   22.5000 2884.2014   12.0624
    7.5000   22.5000   22.5000 2851.3984   12.2811
   -7.5000   30.0000   22.5000 2782.4353   12.8357
    0.0000   30.0000   22.5000 2790.7446   12.7755
    7.5000   30.0000   22.5000 2767.5984   12.9877
   -7.5000   37.5000   22.5000 2682.1768   13.8016
    0.0000   37.5000   22.5000 2689.7600   13.7319
    7.5000   37.5000   22.5000 2666.4424   13.9660
   -7.5000   45.0000   22.5000 2566.2654   15.0609
    0.0000   45.0000   22.5000 2575.4724   15.0104
    7.5000   45.0000   22.5000 2554.7781   15.2476
   -7.5000  -45.0000   30.0000 2314.4143   18.2903
    0.0000  -45.0000   30.0000 2321.9128   18.1373
    7.5000  -45.0000   30.0000 2299.7053   18.6358
   -7.5000  -37.5000   30.0000 2449.6785   16.2493
    0.0000  -37.5000   30.0000 2460.8760   16.1238
    7.5000  -37.5000   30.0000 2435.4424   16.5274
   -7.5000  -30.0000   30.0000 2580.5315   14.6504
    0.0000  -30.0000   30.0000 2596.3108   14.5707
    7.5000  -30.0000   30.0000 2570.1465   14.9410
   -7.5000  -22.5000   30.0000 2705.0659   13.5012
    0.0000  -22.5000   30.0000 2722.0898   13.4386
    7.5000  -22.5000   30.0000 2696.3909   13.7543
   -7.5000  -15.0000   30.0000 2804.0217   12.7430
    0.0000  -15.0000   30.0000 2822.8777   12.6697
    7.5000  -15.0000   30.0000 2794.4219   12.9447
   -7.5000   -7.5000   30.0000 2877.9619   12.2473
    0.0000   -7.5000   30.0000 2901.0762   12.1317
    7.5000   -7.5000   30.0000 2863.5500   12.4260
   -7.5000    0.0000   30.0000 2916.1384   11.9183
    0.0000    0.0000   30.0000 2934.3521   11.7868
    7.5000    0.0000   30.0000 2892.2190   12.1162
   -7.5000    7.5000   30.0000 2923.1238   11.9036
    0.0000    7.5000   30.0000 2937.2041   11.8253
    7.5000    7.5000   30.0000 2900.0198   12.0614
   -7.5000   15.0000   30.0000 2893.2996   12.1357
    0.0000   15.0000   30.0000 2906.4250   12.0587
    7.5000   15.0000   30.0000 2872.4507   12.2681
   -7.5000   22.5000   30.0000 2823.7344   12.6300
    0.0000   22.5000   30.0000 2835.7246   12.5618
    7.5000   22.5000   30.0000 2808.6511   12.7492
   -7.5000   30.0000   30.0000 2738.4617   13.3015
    0.0000   30.0000   30.0000 2747.3418   13.2617
    7.5000   30.0000   30.0000 2725.5439   13.4371
   -7.5000   37.5000   30.0000 2645.4253   14.1702
    0.0000   37.5000   30.0000 2650.3513   14.1186
    7.5000   37.5000   30.0000 2626.4321   14.3049
   -7.5000   45.0000   30.0000 2530.5310   15.3407
    0.0000   45.0000   30.0000 2537.7219   15.2970
    7.5000   45.0000   30.0000 2513.0430   15.5013
   -7.5000  -45.0000   37.5000 2283.0483   19.1286
    0.0000  -45.0000   37.5000 2296.2607   19.0332
    7.5000  -45.0000   37.5000 2270.9634   19.4148
   -7.5000  -37.5000   37.5000 2423.4214   17.0352
    0.0000  -37.5000   37.5000 2439.1265   17.0133
    7.5000  -37.5000   37.5000 2407.4822   17.3000
   -7.5000  -30.0000   37.5000 2554.2700   15.4603
    0.0000  -30.0000   37.5000 2575.9023   15.4174
    7.5000  -30.0000   37.5000 2541.4133   15.6863
   -7.5000  -22.5000   37.5000 2677.4084   14.2442
    0.0000  -22.5000   37.5000 2696.0349   14.2040
    7.5000  -22.5000   37.5000 2663.8757   14.4602
   -7.5000  -15.0000   37.5000 2766.6960   13.4121
    0.0000  -15.0000   37.5000 2782.4434   13.3179
    7.5000  -15.0000   37.5000 2755.7451   13.5854
   -7.5000   -7.5000   37.5000 2829.4600   12.8589
    0.0000   -7.5000   37.5000 2848.4563   12.7082
    7.5000   -7.5000   37.5000 2816.3262   13.0316
   -7.5000    0.0000   37.5000 2852.6216   12.5279
    0.0000    0.0000   37.5000 2871.0378   12.4150
    7.5000    0.0000   37.5000 2840.6130   12.7209
   -7.5000    7.5000   37.5000 2859.4873   12.5218
    0.0000    7.5000   37.5000 2877.2434   12.4152
    7.5000    7.5000   37.5000 2847.8420   12.6371
   -7.5000   15.0000   37.5000 2828.2942   12.7684
    0.0000   15.0000   37.5000 2840.9194   12.6845
    7.5000   15.0000   37.5000 2815.1663   12.8720
   -7.5000   22.5000   37.5000 2767.8936   13.2401
    0.0000   22.5000   37.5000 2775.5256   13.1776
    7.5000   22.5000   37.5000 2755.1794   13.3550
   -7.5000   30.0000   37.5000 2685.5562   13.9090
    0.0000   30.0000   37.5000 2694.5239   13.8661
    7.5000   30.0000   37.5000 2672.2488   14.0394
   -7.5000   37.5000   37.5000 2594.1531   14.7645
    0.0000   37.5000   37.5000 2599.7720   14.7310
    7.5000   37.5000   37.5000 2576.6609   14.8838
   -7.5000   45.0000   37.5000 2481.0283   15.8973
    0.0000   45.0000   37.5000 2486.6343   15.8601
    7.5000   45.0000   37.5000 2464.7192   16.0184
   -7.5000  -45.0000   45.0000 2240.5496   20.2474
    0.0000  -45.0000   45.0000 2256.9133   20.2114
    7.5000  -45.0000   45.0000 2228.6562   20.4726
   -7.5000  -37.5000   45.0000 2378.9998   18.0776
    0.0000  -37.5000   45.0000 2396.7856   18.0609
    7.5000  -37.5000   45.0000 2364.7759   18.3189
   -7.5000  -30.0000   45.0000 2504.2493   16.3981
    0.0000  -30.0000   45.0000 2525.1809   16.3520
    7.5000  -30.0000   45.0000 2491.0662   16.5900
   -7.5000  -22.5000   45.0000 2620.2139   15.1120
    0.0000  -22.5000   45.0000 2638.0688   15.0483
    7.5000  -22.5000   45.0000 2608.1873   15.2781
   -7.5000  -15.0000   45.0000 2700.3228   14.2057
    0.0000  -15.0000   45.0000 2722.8589   14.1194
    7.5000  -15.0000   45.0000 2695.9841   14.3814
   -7.5000   -7.5000   45.0000 2755.8206   13.6358
    0.0000   -7.5000   45.0000 2775.1682   13.5336
    7.5000   -7.5000   45.0000 2746.4116   13.8355
   -7.5000    0.0000   45.0000 2782.1313   13.3213
    0.0000    0.0000   45.0000 2796.8311   13.2189
    7.5000    0.0000   45.0000 2766.0835   13.4968
   -7.5000    7.5000   45.0000 2782.2583   13.3141
    0.0000    7.5000   45.0000 2801.8982   13.1897
    7.5000    7.5000   45.0000 2767.7742   13.4324
   -7.5000   15.0000   45.0000 2749.9199   13.5388
    0.0000   15.0000   45.0000 2763.6924   13.4653
    7.5000   15.0000   45.0000 2742.1497   13.6480
   -7.5000   22.5000   45.0000 2692.2378   13.9870
    0.0000   22.5000   45.0000 2700.7400   13.9176
    7.5000   22.5000   45.0000 2682.0129   14.0917
   -7.5000   30.0000   45.0000 2614.5632   14.6537
    0.0000   30.0000   45.0000 2625.5076   14.6054
    7.5000   30.0000   45.0000 2601.6943   14.7563
   -7.5000   37.5000   45.0000 2526.6663   15.4927
    0.0000   37.5000   45.0000 2536.4290   15.4646
    7.5000   37.5000   45.0000 2510.1614   15.6123
   -7.5000   45.0000   45.0000 2411.9250   16.6508
    0.0000   45.0000   45.0000 2421.1804   16.6304
    7.5000   45.0000   45.0000 2398.3589   16.7812

---------------------------------------------------------------------
imgreg_4dfp /opt/freesurfer/average/711-2C_as_mni_average_305 /opt/freesurfer/average/711-2B_as_mni_average_305_mask talsrcimg_g11 none talsrcimg_to_711-2C_as_mni_average_305_t4 1283
---------------------------------------------------------------------

freesurfer imgreg_4dfp.c
/opt/freesurfer/average/711-2C_as_mni_average_305.4dfp.img
       256       256       256         1
  1.000000  1.000000  1.000000
orientation T byte_order littleendian
Reading image: /opt/freesurfer/average/711-2C_as_mni_average_305.4dfp.img
dimensions:      256       256       256
mmppix:       1.0000   -1.0000   -1.0000
center:     128.0000 -129.0000 -129.0000
/opt/freesurfer/average/711-2B_as_mni_average_305_mask.4dfp.img
       256       256       256         1
  1.000000  1.000000  1.000000
orientation T byte_order littleendian
Reading mask: /opt/freesurfer/average/711-2B_as_mni_average_305_mask.4dfp.img (2306576 pixels)
talsrcimg_g11.4dfp.img
       256       256       256         1
  1.000000  1.000000  1.000000
orientation T byte_order littleendian
Reading image: talsrcimg_g11.4dfp.img
dimensions:      256       256       256
mmppix:       1.0000   -1.0000   -1.0000
center:     128.0000 -129.0000 -129.0000
rotation matrix determinant  1.000000
fimgreg.f
image alignment mode   1283 decimal      503 hex
parameters
    0.0000    0.0000   15.0000    0.0000    0.0000    0.0000
eta,q 0.95411 11.33105
niter,ni,del,rscale     5    3   12.0000    1.2000
parameters
   -2.4955    2.2524   13.0420    0.7205   -1.7652   -1.0635
eta,q 0.95531 10.97680
  0.0516  0.0629  0.0464  0.0494  0.0471  0.0464
  0.0463  0.0558  0.0447  0.0452  0.0453  0.0452
  0.0451  0.0483  0.0445  0.0436  0.0447  0.0448
  0.0480  0.0447  0.0445  0.0445  0.0445  0.0447
  0.0543  0.0447  0.0462  0.0452  0.0464  0.0452
  0.0625  0.0456  0.0493  0.0462  0.0500  0.0464
  0.0694  0.0474  0.0530  0.0457  0.0549  0.0485
niter,ni,del,rscale     4    3   12.0000    1.2000
parameters
   -2.1265    1.3147   13.4388    2.6287   -2.5441   -0.8043
eta,q 0.95600 11.04718
  0.0605  0.0488  0.0501  0.0485  0.0475  0.0466
  0.0517  0.0418  0.0452  0.0448  0.0452  0.0454
  0.0458  0.0425  0.0432  0.0431  0.0441  0.0449
  0.0447  0.0447  0.0438  0.0440  0.0443  0.0441
  0.0456  0.0458  0.0445  0.0443  0.0450  0.0436
  0.0493  0.0467  0.0453  0.0442  0.0467  0.0447
  0.0567  0.0494  0.0474  0.0437  0.0497  0.0468
niter,ni,del,rscale     3    3   12.0000    1.2000
parameters
   -1.9544   -0.1409   13.8480    4.0045   -2.7077   -1.3300
eta,q 0.95800 11.11398
  0.0592  0.0481  0.0477  0.0494  0.0468  0.0452
  0.0502  0.0420  0.0434  0.0446  0.0441  0.0435
  0.0445  0.0417  0.0419  0.0429  0.0422  0.0424
  0.0440  0.0441  0.0422  0.0423  0.0420  0.0419
  0.0458  0.0467  0.0425  0.0421  0.0427  0.0423
  0.0494  0.0484  0.0434  0.0428  0.0443  0.0443
  0.0568  0.0505  0.0454  0.0442  0.0473  0.0470
niter,ni,del,rscale     2    3   12.0000    1.2000
parameters
   -2.0874   -0.2570   14.4865    4.4051   -2.8658   -1.4552
eta,q 0.95821 11.14394
  0.0566  0.0519  0.0466  0.0472  0.0470  0.0461
  0.0473  0.0441  0.0437  0.0437  0.0439  0.0437
  0.0416  0.0412  0.0422  0.0425  0.0418  0.0422
  0.0420  0.0419  0.0417  0.0418  0.0418  0.0418
  0.0445  0.0448  0.0420  0.0422  0.0428  0.0422
  0.0488  0.0472  0.0424  0.0434  0.0443  0.0438
  0.0567  0.0497  0.0449  0.0456  0.0473  0.0466
niter,ni,del,rscale     1    3   12.0000    1.2000
parameters
   -2.2109   -0.1775   14.5916    4.4298   -2.8734   -1.5589
eta,q 0.95831 11.14943
  0.0565  0.0519  0.0459  0.0461  0.0474  0.0461
  0.0464  0.0445  0.0438  0.0436  0.0442  0.0437
  0.0409  0.0415  0.0422  0.0423  0.0418  0.0421
  0.0418  0.0416  0.0417  0.0417  0.0417  0.0417
  0.0445  0.0440  0.0417  0.0422  0.0427  0.0421
  0.0483  0.0464  0.0425  0.0436  0.0443  0.0438
  0.0559  0.0490  0.0464  0.0460  0.0471  0.0466
registration optimization eta report
parameter search radius
    6.0000    6.0000    6.0000    6.0000    6.0000    6.0000
100000*second partial in parameter space
       41.       24.       13.       12.       15.       13.
  0.0565  0.0519  0.0459  0.0461  0.0474  0.0461
  0.0464  0.0445  0.0438  0.0436  0.0442  0.0437
  0.0409  0.0415  0.0422  0.0423  0.0418  0.0421
  0.0418  0.0416  0.0417  0.0417  0.0417  0.0417
  0.0445  0.0440  0.0417  0.0422  0.0427  0.0421
  0.0483  0.0464  0.0425  0.0436  0.0443  0.0438
  0.0559  0.0490  0.0464  0.0460  0.0471  0.0466
   -2.2109   -0.1775   14.5916    4.4298   -2.8734   -1.5589
eta,q 0.95831 11.14943

---------------------------------------------------------------------
imgreg_4dfp /opt/freesurfer/average/711-2C_as_mni_average_305 /opt/freesurfer/average/711-2B_as_mni_average_305_mask talsrcimg_g11 none talsrcimg_to_711-2C_as_mni_average_305_t4 3335
---------------------------------------------------------------------

freesurfer imgreg_4dfp.c
/opt/freesurfer/average/711-2C_as_mni_average_305.4dfp.img
       256       256       256         1
  1.000000  1.000000  1.000000
orientation T byte_order littleendian
Reading image: /opt/freesurfer/average/711-2C_as_mni_average_305.4dfp.img
dimensions:      256       256       256
mmppix:       1.0000   -1.0000   -1.0000
center:     128.0000 -129.0000 -129.0000
/opt/freesurfer/average/711-2B_as_mni_average_305_mask.4dfp.img
       256       256       256         1
  1.000000  1.000000  1.000000
orientation T byte_order littleendian
Reading mask: /opt/freesurfer/average/711-2B_as_mni_average_305_mask.4dfp.img (2306576 pixels)
talsrcimg_g11.4dfp.img
       256       256       256         1
  1.000000  1.000000  1.000000
orientation T byte_order littleendian
Reading image: talsrcimg_g11.4dfp.img
dimensions:      256       256       256
mmppix:       1.0000   -1.0000   -1.0000
center:     128.0000 -129.0000 -129.0000
fimgreg.f
image alignment mode   3335 decimal      D07 hex
parameters
   -2.2109   -0.1775   14.5916   -0.1627   -0.3462   -0.4241
    3.0994    4.7859   -2.7171   -7.8568   -5.0129    7.7140
eta,q 0.96208 11.24875
niter,ni,del,rscale     5    3    5.0000    1.2000
parameter  4  0.765308 ->  0.500000 qaram    1.1500
parameter  5  1.362063 ->  0.500000 qaram    1.1500
parameter  6  0.628491 ->  0.500000 qaram    1.1500
parameter 12  0.825753 ->  0.500000 qaram    1.1500
parameters
   -1.9723    0.0907   15.0379   -4.3027   -4.4862   -4.5641
    3.8574    5.3507   -0.2472  -10.7119   -3.0283    3.5740
eta,q 0.97026 11.08571
  0.0419  0.0408  0.0401  0.0363  0.0318  0.0318  0.0353  0.0360  0.0350  0.0321  0.0329  0.0297
  0.0399  0.0392  0.0391  0.0360  0.0325  0.0317  0.0336  0.0339  0.0335  0.0311  0.0319  0.0297
  0.0386  0.0383  0.0383  0.0365  0.0339  0.0320  0.0324  0.0324  0.0324  0.0308  0.0312  0.0300
  0.0379  0.0379  0.0379  0.0378  0.0360  0.0328  0.0317  0.0317  0.0316  0.0314  0.0308  0.0307
  0.0381  0.0380  0.0378  0.0400  0.0388  0.0348  0.0318  0.0319  0.0314  0.0327  0.0308  0.0318
  0.0390  0.0387  0.0382  0.0429  0.0422  0.0380  0.0327  0.0330  0.0316  0.0346  0.0310  0.0332
  0.0406  0.0396  0.0390  0.0458  0.0454  0.0416  0.0342  0.0350  0.0323  0.0372  0.0314  0.0350
niter,ni,del,rscale     7    3    5.0000    1.2000
parameters
   -1.7209   -0.1528   14.0512   -4.0509   -6.6066   -4.4665
    2.7653    5.4806   -0.5048  -10.0376   -1.7685    0.0641
eta,q 0.97136 10.98932
  0.0340  0.0320  0.0299  0.0343  0.0316  0.0323  0.0315  0.0336  0.0312  0.0330  0.0308  0.0293
  0.0319  0.0305  0.0295  0.0323  0.0301  0.0310  0.0300  0.0312  0.0300  0.0310  0.0299  0.0287
  0.0305  0.0298  0.0294  0.0305  0.0292  0.0299  0.0291  0.0296  0.0292  0.0296  0.0293  0.0286
  0.0297  0.0297  0.0296  0.0294  0.0293  0.0291  0.0291  0.0290  0.0290  0.0290  0.0290  0.0289
  0.0298  0.0302  0.0302  0.0296  0.0307  0.0285  0.0299  0.0294  0.0293  0.0291  0.0290  0.0297
  0.0308  0.0314  0.0311  0.0313  0.0332  0.0295  0.0314  0.0308  0.0302  0.0301  0.0292  0.0310
  0.0326  0.0330  0.0322  0.0343  0.0365  0.0335  0.0334  0.0333  0.0315  0.0317  0.0298  0.0326
niter,ni,del,rscale     6    3    5.0000    1.2000
parameters
   -1.7132    0.1741   13.2734   -3.3407   -6.8082   -4.5598
    2.5034    5.5035   -0.7320   -8.9047   -1.8144   -1.6229
eta,q 0.97190 10.97201
  0.0322  0.0322  0.0290  0.0339  0.0324  0.0319  0.0315  0.0331  0.0306  0.0326  0.0297  0.0294
  0.0303  0.0304  0.0286  0.0317  0.0306  0.0304  0.0298  0.0306  0.0293  0.0306  0.0288  0.0286
  0.0291  0.0292  0.0285  0.0298  0.0290  0.0292  0.0287  0.0289  0.0286  0.0291  0.0284  0.0281
  0.0286  0.0286  0.0286  0.0285  0.0283  0.0283  0.0283  0.0283  0.0283  0.0283  0.0282  0.0282
  0.0290  0.0287  0.0290  0.0284  0.0288  0.0275  0.0289  0.0288  0.0287  0.0283  0.0284  0.0287
  0.0303  0.0294  0.0297  0.0299  0.0305  0.0290  0.0302  0.0304  0.0295  0.0291  0.0289  0.0297
  0.0322  0.0307  0.0306  0.0329  0.0332  0.0337  0.0320  0.0332  0.0309  0.0306  0.0297  0.0311
niter,ni,del,rscale     5    3    5.0000    1.2000
parameters
   -1.7368    0.5058   13.0013   -3.2337   -6.9115   -4.5619
    2.4739    5.5740   -0.7018   -7.9830   -2.1164   -2.5250
eta,q 0.97208 10.96378
  0.0318  0.0317  0.0292  0.0331  0.0321  0.0318  0.0314  0.0329  0.0304  0.0319  0.0294  0.0296
  0.0298  0.0299  0.0284  0.0310  0.0303  0.0303  0.0297  0.0304  0.0291  0.0301  0.0285  0.0287
  0.0285  0.0287  0.0281  0.0292  0.0288  0.0290  0.0285  0.0287  0.0283  0.0287  0.0281  0.0281
  0.0281  0.0281  0.0281  0.0280  0.0280  0.0280  0.0280  0.0280  0.0280  0.0280  0.0279  0.0279
  0.0286  0.0282  0.0284  0.0284  0.0284  0.0272  0.0285  0.0285  0.0283  0.0280  0.0282  0.0284
  0.0299  0.0289  0.0289  0.0303  0.0301  0.0287  0.0297  0.0301  0.0291  0.0289  0.0287  0.0292
  0.0319  0.0301  0.0298  0.0334  0.0327  0.0335  0.0315  0.0329  0.0304  0.0304  0.0296  0.0305
niter,ni,del,rscale     4    3    5.0000    1.2000
parameters
   -1.7254    0.7569   12.8242   -3.2518   -7.0515   -4.6267
    2.4183    5.7014   -0.6036   -7.2907   -2.3344   -3.0530
eta,q 0.97214 10.95252
  0.0317  0.0312  0.0292  0.0329  0.0319  0.0318  0.0313  0.0328  0.0302  0.0315  0.0293  0.0297
  0.0297  0.0295  0.0284  0.0308  0.0301  0.0302  0.0295  0.0303  0.0290  0.0298  0.0285  0.0287
  0.0284  0.0284  0.0280  0.0290  0.0286  0.0289  0.0284  0.0286  0.0282  0.0285  0.0280  0.0281
  0.0279  0.0279  0.0279  0.0279  0.0279  0.0279  0.0279  0.0279  0.0279  0.0279  0.0279  0.0279
  0.0283  0.0281  0.0281  0.0283  0.0283  0.0271  0.0284  0.0283  0.0281  0.0280  0.0281  0.0282
  0.0296  0.0288  0.0287  0.0303  0.0300  0.0288  0.0296  0.0299  0.0289  0.0289  0.0286  0.0290
  0.0317  0.0300  0.0295  0.0335  0.0326  0.0336  0.0314  0.0327  0.0302  0.0304  0.0295  0.0303
niter,ni,del,rscale     3    3    5.0000    1.2000
parameters
   -1.6948    0.9677   12.6768   -3.2814   -7.2079   -4.7324
    2.3286    5.8140   -0.5176   -6.7227   -2.5052   -3.4293
eta,q 0.97214 10.94023
  0.0317  0.0310  0.0291  0.0328  0.0318  0.0317  0.0312  0.0328  0.0302  0.0313  0.0293  0.0298
  0.0297  0.0293  0.0284  0.0307  0.0301  0.0302  0.0295  0.0303  0.0290  0.0296  0.0285  0.0287
  0.0284  0.0283  0.0279  0.0289  0.0286  0.0289  0.0283  0.0286  0.0282  0.0285  0.0280  0.0281
  0.0279  0.0279  0.0279  0.0278  0.0278  0.0279  0.0279  0.0279  0.0279  0.0279  0.0278  0.0278
  0.0283  0.0280  0.0281  0.0283  0.0283  0.0271  0.0284  0.0283  0.0281  0.0280  0.0281  0.0281
  0.0295  0.0288  0.0286  0.0303  0.0299  0.0288  0.0296  0.0299  0.0289  0.0289  0.0286  0.0290
  0.0315  0.0300  0.0294  0.0335  0.0325  0.0337  0.0314  0.0327  0.0301  0.0305  0.0294  0.0302
niter,ni,del,rscale     2    3    5.0000    1.2000
parameters
   -1.6624    1.1578   12.5428   -3.3096   -7.3775   -4.8440
    2.2423    5.9136   -0.4486   -6.1972   -2.6661   -3.7478
eta,q 0.97214 10.92760
  0.0317  0.0308  0.0291  0.0328  0.0317  0.0317  0.0312  0.0327  0.0301  0.0311  0.0293  0.0298
  0.0297  0.0293  0.0283  0.0307  0.0300  0.0302  0.0295  0.0303  0.0289  0.0296  0.0284  0.0287
  0.0284  0.0283  0.0279  0.0289  0.0286  0.0289  0.0283  0.0286  0.0282  0.0285  0.0280  0.0281
  0.0279  0.0279  0.0278  0.0278  0.0278  0.0279  0.0279  0.0279  0.0279  0.0279  0.0279  0.0279
  0.0282  0.0280  0.0281  0.0283  0.0283  0.0271  0.0283  0.0283  0.0281  0.0280  0.0281  0.0281
  0.0295  0.0288  0.0286  0.0302  0.0299  0.0288  0.0296  0.0299  0.0289  0.0289  0.0286  0.0289
  0.0315  0.0300  0.0294  0.0334  0.0324  0.0337  0.0314  0.0327  0.0300  0.0305  0.0294  0.0302
niter,ni,del,rscale     1    3    5.0000    1.2000
parameters
   -1.6341    1.3488   12.4049   -3.3394   -7.5648   -4.9807
    2.1663    6.0038   -0.3864   -5.6545   -2.8261   -4.0369
eta,q 0.97214 10.91332
  0.0316  0.0308  0.0291  0.0327  0.0316  0.0317  0.0312  0.0327  0.0301  0.0311  0.0293  0.0298
  0.0297  0.0292  0.0283  0.0307  0.0300  0.0302  0.0295  0.0303  0.0289  0.0296  0.0284  0.0287
  0.0284  0.0283  0.0279  0.0289  0.0286  0.0289  0.0283  0.0286  0.0282  0.0285  0.0279  0.0281
  0.0279  0.0279  0.0278  0.0278  0.0278  0.0279  0.0279  0.0279  0.0279  0.0279  0.0279  0.0279
  0.0283  0.0280  0.0281  0.0283  0.0282  0.0271  0.0283  0.0283  0.0281  0.0280  0.0281  0.0281
  0.0295  0.0288  0.0286  0.0302  0.0299  0.0289  0.0296  0.0299  0.0289  0.0289  0.0285  0.0289
  0.0315  0.0299  0.0294  0.0334  0.0324  0.0337  0.0314  0.0327  0.0300  0.0304  0.0294  0.0301
registration optimization eta report
parameter search radius
    2.4000    2.4000    2.4000    8.2800    8.2800    8.2800
    7.2000    7.2000    7.2000    7.2000    7.2000    8.2800
100000*second partial in parameter space
       64.       43.       24.        7.        6.        7.
        6.        9.        4.        5.        3.        3.
  0.0316  0.0308  0.0291  0.0327  0.0316  0.0317  0.0312  0.0327  0.0301  0.0311  0.0293  0.0298
  0.0297  0.0292  0.0283  0.0307  0.0300  0.0302  0.0295  0.0303  0.0289  0.0296  0.0284  0.0287
  0.0284  0.0283  0.0279  0.0289  0.0286  0.0289  0.0283  0.0286  0.0282  0.0285  0.0279  0.0281
  0.0279  0.0279  0.0278  0.0278  0.0278  0.0279  0.0279  0.0279  0.0279  0.0279  0.0279  0.0279
  0.0283  0.0280  0.0281  0.0283  0.0282  0.0271  0.0283  0.0283  0.0281  0.0280  0.0281  0.0281
  0.0295  0.0288  0.0286  0.0302  0.0299  0.0289  0.0296  0.0299  0.0289  0.0289  0.0285  0.0289
  0.0315  0.0299  0.0294  0.0334  0.0324  0.0337  0.0314  0.0327  0.0300  0.0304  0.0294  0.0301
   -1.6341    1.3488   12.4049   -3.3394   -7.5648   -4.9807
    2.1663    6.0038   -0.3864   -5.6545   -2.8261   -4.0369
eta,q 0.97214 10.91332

---------------------------------------------------------------------
imgreg_4dfp /opt/freesurfer/average/711-2C_as_mni_average_305 /opt/freesurfer/average/711-2B_as_mni_average_305_mask talsrcimg_g11 none talsrcimg_to_711-2C_as_mni_average_305_t4 2311
---------------------------------------------------------------------

freesurfer imgreg_4dfp.c
/opt/freesurfer/average/711-2C_as_mni_average_305.4dfp.img
       256       256       256         1
  1.000000  1.000000  1.000000
orientation T byte_order littleendian
Reading image: /opt/freesurfer/average/711-2C_as_mni_average_305.4dfp.img
dimensions:      256       256       256
mmppix:       1.0000   -1.0000   -1.0000
center:     128.0000 -129.0000 -129.0000
/opt/freesurfer/average/711-2B_as_mni_average_305_mask.4dfp.img
       256       256       256         1
  1.000000  1.000000  1.000000
orientation T byte_order littleendian
Reading mask: /opt/freesurfer/average/711-2B_as_mni_average_305_mask.4dfp.img (2306576 pixels)
talsrcimg_g11.4dfp.img
       256       256       256         1
  1.000000  1.000000  1.000000
orientation T byte_order littleendian
Reading image: talsrcimg_g11.4dfp.img
dimensions:      256       256       256
mmppix:       1.0000   -1.0000   -1.0000
center:     128.0000 -129.0000 -129.0000
fimgreg.f
image alignment mode   2311 decimal      907 hex
parameters
   -1.6341    1.3488   12.4049   -3.3394   -7.5648   -4.9807
    2.1663    6.0038   -0.3864   -5.6545   -2.8261   -4.0369
eta,q 0.97214 10.91332
niter,ni,del,rscale     5    3    5.0000    0.8000
parameters
   -1.5902    1.5308   12.2024   -2.8430   -7.4741   -3.5381
    2.0766    6.3032   -0.3529   -5.6473   -3.1038   -5.0260
eta,q 0.97273 10.95381
  0.0297  0.0292  0.0283  0.0302  0.0294  0.0297  0.0289  0.0304  0.0284  0.0289  0.0281  0.0278
  0.0287  0.0285  0.0280  0.0292  0.0286  0.0289  0.0281  0.0289  0.0278  0.0281  0.0276  0.0274
  0.0281  0.0281  0.0278  0.0283  0.0280  0.0283  0.0275  0.0278  0.0275  0.0276  0.0274  0.0273
  0.0279  0.0279  0.0278  0.0278  0.0278  0.0278  0.0273  0.0273  0.0273  0.0273  0.0273  0.0273
  0.0280  0.0279  0.0280  0.0279  0.0279  0.0273  0.0275  0.0275  0.0274  0.0275  0.0275  0.0275
  0.0286  0.0282  0.0282  0.0285  0.0284  0.0274  0.0281  0.0283  0.0278  0.0280  0.0278  0.0279
  0.0295  0.0287  0.0286  0.0295  0.0294  0.0285  0.0291  0.0298  0.0283  0.0289  0.0283  0.0285
niter,ni,del,rscale     4    3    5.0000    0.7000
parameters
   -1.5970    1.5877   12.4389   -2.9975   -7.6139   -2.9566
    2.0133    6.3991   -0.2798   -5.2809   -3.3991   -5.3174
eta,q 0.97296 10.96944
  0.0287  0.0282  0.0281  0.0290  0.0284  0.0289  0.0283  0.0294  0.0279  0.0285  0.0277  0.0276
  0.0279  0.0277  0.0277  0.0281  0.0278  0.0284  0.0276  0.0282  0.0275  0.0278  0.0273  0.0273
  0.0274  0.0274  0.0274  0.0275  0.0274  0.0278  0.0272  0.0274  0.0272  0.0273  0.0271  0.0271
  0.0273  0.0273  0.0273  0.0273  0.0273  0.0273  0.0271  0.0271  0.0271  0.0271  0.0270  0.0270
  0.0274  0.0273  0.0273  0.0275  0.0274  0.0269  0.0272  0.0273  0.0271  0.0271  0.0272  0.0272
  0.0279  0.0276  0.0274  0.0282  0.0279  0.0273  0.0277  0.0280  0.0274  0.0274  0.0274  0.0274
  0.0287  0.0281  0.0277  0.0293  0.0287  0.0286  0.0284  0.0292  0.0278  0.0281  0.0279  0.0278
niter,ni,del,rscale     3    3    5.0000    0.6000
parameters
   -1.5763    1.6805   12.5681   -3.0828   -7.7737   -2.5568
    1.9689    6.5121   -0.1923   -5.0313   -3.5981   -5.5475
eta,q 0.97309 10.97583
  0.0281  0.0278  0.0277  0.0284  0.0279  0.0285  0.0279  0.0288  0.0275  0.0280  0.0274  0.0274
  0.0276  0.0274  0.0273  0.0277  0.0274  0.0280  0.0273  0.0278  0.0272  0.0274  0.0271  0.0271
  0.0272  0.0271  0.0271  0.0272  0.0271  0.0275  0.0270  0.0272  0.0270  0.0271  0.0269  0.0269
  0.0270  0.0270  0.0270  0.0270  0.0270  0.0270  0.0269  0.0269  0.0269  0.0269  0.0269  0.0269
  0.0271  0.0271  0.0271  0.0272  0.0271  0.0268  0.0270  0.0271  0.0270  0.0270  0.0270  0.0270
  0.0275  0.0273  0.0272  0.0278  0.0275  0.0272  0.0274  0.0276  0.0272  0.0272  0.0272  0.0272
  0.0281  0.0276  0.0274  0.0286  0.0281  0.0283  0.0279  0.0286  0.0275  0.0277  0.0275  0.0275
niter,ni,del,rscale     2    3    5.0000    0.5000
parameters
   -1.5518    1.7612   12.6722   -3.1276   -7.8953   -2.1942
    1.9140    6.5942   -0.1151   -4.8526   -3.7624   -5.7698
eta,q 0.97319 10.98157
  0.0277  0.0274  0.0274  0.0279  0.0275  0.0281  0.0275  0.0282  0.0272  0.0276  0.0272  0.0271
  0.0273  0.0272  0.0271  0.0274  0.0272  0.0277  0.0271  0.0275  0.0270  0.0272  0.0270  0.0269
  0.0270  0.0270  0.0270  0.0270  0.0270  0.0273  0.0269  0.0270  0.0269  0.0269  0.0268  0.0268
  0.0269  0.0269  0.0269  0.0269  0.0269  0.0269  0.0268  0.0268  0.0268  0.0268  0.0268  0.0268
  0.0270  0.0269  0.0269  0.0270  0.0270  0.0268  0.0269  0.0269  0.0269  0.0269  0.0269  0.0269
  0.0272  0.0271  0.0270  0.0274  0.0272  0.0271  0.0271  0.0274  0.0270  0.0270  0.0270  0.0270
  0.0276  0.0273  0.0272  0.0280  0.0276  0.0279  0.0275  0.0280  0.0272  0.0274  0.0272  0.0272
niter,ni,del,rscale     1    3    5.0000    0.4000
parameters
   -1.5353    1.8183   12.7866   -3.1699   -7.9765   -1.8499
    1.8614    6.6525   -0.0401   -4.7193   -3.8910   -5.9362
eta,q 0.97326 10.98826
  0.0273  0.0271  0.0271  0.0275  0.0272  0.0278  0.0272  0.0276  0.0270  0.0272  0.0270  0.0270
  0.0270  0.0270  0.0270  0.0271  0.0270  0.0274  0.0269  0.0272  0.0269  0.0270  0.0268  0.0268
  0.0269  0.0268  0.0269  0.0269  0.0268  0.0271  0.0268  0.0269  0.0268  0.0268  0.0268  0.0268
  0.0268  0.0268  0.0268  0.0268  0.0268  0.0268  0.0267  0.0267  0.0267  0.0267  0.0267  0.0267
  0.0269  0.0268  0.0268  0.0269  0.0269  0.0267  0.0268  0.0268  0.0268  0.0268  0.0268  0.0268
  0.0270  0.0269  0.0269  0.0272  0.0270  0.0269  0.0270  0.0271  0.0268  0.0269  0.0269  0.0269
  0.0273  0.0271  0.0270  0.0276  0.0273  0.0275  0.0272  0.0276  0.0270  0.0271  0.0270  0.0270
registration optimization eta report
parameter search radius
    0.8000    0.8000    0.8000    2.4000    2.4000    2.4000
    2.4000    2.4000    2.4000    2.4000    2.4000    2.4000
100000*second partial in parameter space
       78.       47.       41.       13.        7.       14.
        8.       15.        5.        8.        5.        5.
  0.0273  0.0271  0.0271  0.0275  0.0272  0.0278  0.0272  0.0276  0.0270  0.0272  0.0270  0.0270
  0.0270  0.0270  0.0270  0.0271  0.0270  0.0274  0.0269  0.0272  0.0269  0.0270  0.0268  0.0268
  0.0269  0.0268  0.0269  0.0269  0.0268  0.0271  0.0268  0.0269  0.0268  0.0268  0.0268  0.0268
  0.0268  0.0268  0.0268  0.0268  0.0268  0.0268  0.0267  0.0267  0.0267  0.0267  0.0267  0.0267
  0.0269  0.0268  0.0268  0.0269  0.0269  0.0267  0.0268  0.0268  0.0268  0.0268  0.0268  0.0268
  0.0270  0.0269  0.0269  0.0272  0.0270  0.0269  0.0270  0.0271  0.0268  0.0269  0.0269  0.0269
  0.0273  0.0271  0.0270  0.0276  0.0273  0.0275  0.0272  0.0276  0.0270  0.0271  0.0270  0.0270
   -1.5353    1.8183   12.7866   -3.1699   -7.9765   -1.8499
    1.8614    6.6525   -0.0401   -4.7193   -3.8910   -5.9362
eta,q 0.97326 10.98826

---------------------------------------------------------------------
imgreg_4dfp /opt/freesurfer/average/711-2C_as_mni_average_305 /opt/freesurfer/average/711-2B_as_mni_average_305_mask talsrcimg_g11 none talsrcimg_to_711-2C_as_mni_average_305_t4 2311
---------------------------------------------------------------------

freesurfer imgreg_4dfp.c
/opt/freesurfer/average/711-2C_as_mni_average_305.4dfp.img
       256       256       256         1
  1.000000  1.000000  1.000000
orientation T byte_order littleendian
Reading image: /opt/freesurfer/average/711-2C_as_mni_average_305.4dfp.img
dimensions:      256       256       256
mmppix:       1.0000   -1.0000   -1.0000
center:     128.0000 -129.0000 -129.0000
/opt/freesurfer/average/711-2B_as_mni_average_305_mask.4dfp.img
       256       256       256         1
  1.000000  1.000000  1.000000
orientation T byte_order littleendian
Reading mask: /opt/freesurfer/average/711-2B_as_mni_average_305_mask.4dfp.img (2306576 pixels)
talsrcimg_g11.4dfp.img
       256       256       256         1
  1.000000  1.000000  1.000000
orientation T byte_order littleendian
Reading image: talsrcimg_g11.4dfp.img
dimensions:      256       256       256
mmppix:       1.0000   -1.0000   -1.0000
center:     128.0000 -129.0000 -129.0000
fimgreg.f
image alignment mode   2311 decimal      907 hex
parameters
   -1.5353    1.8183   12.7866   -3.1699   -7.9765   -1.8499
    1.8614    6.6525   -0.0401   -4.7193   -3.8910   -5.9362
eta,q 0.97326 10.98826
niter,ni,del,rscale     5    3    5.0000    0.8000
parameters
   -1.5356    1.8744   12.9744   -3.3626   -8.2452   -2.3357
    1.8443    6.6149   -0.0647   -4.3115   -3.7408   -5.4942
eta,q 0.97314 10.97693
  0.0287  0.0280  0.0281  0.0290  0.0282  0.0288  0.0285  0.0296  0.0279  0.0286  0.0279  0.0279
  0.0276  0.0273  0.0274  0.0279  0.0274  0.0281  0.0276  0.0282  0.0274  0.0278  0.0273  0.0274
  0.0270  0.0269  0.0269  0.0271  0.0269  0.0274  0.0271  0.0273  0.0270  0.0272  0.0270  0.0270
  0.0267  0.0267  0.0267  0.0267  0.0267  0.0267  0.0269  0.0269  0.0269  0.0269  0.0269  0.0269
  0.0270  0.0268  0.0268  0.0271  0.0269  0.0269  0.0271  0.0272  0.0270  0.0269  0.0270  0.0269
  0.0276  0.0272  0.0271  0.0280  0.0276  0.0282  0.0277  0.0282  0.0274  0.0274  0.0272  0.0272
  0.0287  0.0278  0.0275  0.0295  0.0287  0.0308  0.0286  0.0298  0.0279  0.0282  0.0277  0.0276
niter,ni,del,rscale     4    3    5.0000    0.7000
parameters
   -1.4998    1.9633   12.7433   -3.2720   -8.3147   -2.5843
    1.7978    6.6865   -0.0993   -4.2063   -3.7325   -5.5963
eta,q 0.97313 10.96204
  0.0284  0.0279  0.0273  0.0287  0.0280  0.0285  0.0281  0.0292  0.0277  0.0281  0.0276  0.0275
  0.0276  0.0273  0.0270  0.0279  0.0274  0.0279  0.0275  0.0280  0.0272  0.0275  0.0272  0.0272
  0.0271  0.0270  0.0268  0.0272  0.0270  0.0273  0.0270  0.0272  0.0270  0.0271  0.0269  0.0269
  0.0269  0.0269  0.0269  0.0268  0.0268  0.0268  0.0269  0.0269  0.0269  0.0269  0.0269  0.0269
  0.0270  0.0269  0.0270  0.0270  0.0269  0.0269  0.0270  0.0271  0.0270  0.0270  0.0270  0.0270
  0.0274  0.0272  0.0273  0.0277  0.0274  0.0278  0.0275  0.0278  0.0272  0.0274  0.0272  0.0272
  0.0282  0.0276  0.0278  0.0287  0.0282  0.0296  0.0282  0.0291  0.0277  0.0281  0.0276  0.0276
niter,ni,del,rscale     3    3    5.0000    0.6000
parameters
   -1.4786    2.0406   12.5927   -3.1926   -8.3048   -2.5783
    1.7654    6.7604   -0.0977   -4.0503   -3.8006   -5.8693
eta,q 0.97316 10.95759
  0.0280  0.0276  0.0273  0.0283  0.0278  0.0283  0.0278  0.0286  0.0274  0.0278  0.0274  0.0273
  0.0274  0.0272  0.0270  0.0277  0.0273  0.0278  0.0273  0.0277  0.0271  0.0273  0.0271  0.0270
  0.0270  0.0270  0.0269  0.0271  0.0270  0.0273  0.0270  0.0271  0.0269  0.0270  0.0269  0.0269
  0.0269  0.0269  0.0269  0.0269  0.0269  0.0269  0.0269  0.0269  0.0269  0.0269  0.0268  0.0268
  0.0270  0.0269  0.0270  0.0270  0.0269  0.0268  0.0270  0.0270  0.0269  0.0269  0.0269  0.0269
  0.0273  0.0271  0.0272  0.0275  0.0272  0.0274  0.0273  0.0276  0.0271  0.0272  0.0271  0.0271
  0.0279  0.0274  0.0275  0.0283  0.0278  0.0286  0.0278  0.0285  0.0274  0.0277  0.0274  0.0274
niter,ni,del,rscale     2    3    5.0000    0.5000
parameters
   -1.4678    2.1122   12.5533   -3.1838   -8.3110   -2.3957
    1.7309    6.8069   -0.0774   -3.8797   -3.9036   -6.1261
eta,q 0.97321 10.95932
  0.0276  0.0274  0.0272  0.0279  0.0275  0.0280  0.0275  0.0281  0.0272  0.0275  0.0272  0.0271
  0.0272  0.0271  0.0270  0.0274  0.0271  0.0276  0.0271  0.0274  0.0270  0.0272  0.0269  0.0269
  0.0269  0.0269  0.0269  0.0270  0.0269  0.0272  0.0269  0.0270  0.0269  0.0269  0.0268  0.0268
  0.0268  0.0268  0.0268  0.0268  0.0268  0.0268  0.0268  0.0268  0.0268  0.0268  0.0268  0.0268
  0.0269  0.0269  0.0269  0.0270  0.0269  0.0268  0.0269  0.0269  0.0268  0.0268  0.0269  0.0269
  0.0272  0.0270  0.0270  0.0273  0.0271  0.0272  0.0271  0.0273  0.0270  0.0270  0.0270  0.0270
  0.0276  0.0272  0.0272  0.0279  0.0275  0.0280  0.0275  0.0280  0.0272  0.0274  0.0272  0.0272
niter,ni,del,rscale     1    3    5.0000    0.4000
parameters
   -1.4645    2.1868   12.5998   -3.2053   -8.3609   -2.1243
    1.7061    6.8446   -0.0584   -3.7201   -3.9990   -6.3150
eta,q 0.97326 10.96396
  0.0273  0.0271  0.0271  0.0275  0.0272  0.0277  0.0272  0.0276  0.0270  0.0272  0.0270  0.0270
  0.0270  0.0270  0.0269  0.0271  0.0270  0.0274  0.0269  0.0272  0.0269  0.0270  0.0268  0.0268
  0.0269  0.0268  0.0268  0.0269  0.0268  0.0270  0.0268  0.0269  0.0268  0.0268  0.0268  0.0268
  0.0268  0.0268  0.0268  0.0268  0.0268  0.0268  0.0267  0.0267  0.0267  0.0267  0.0267  0.0267
  0.0268  0.0268  0.0268  0.0269  0.0268  0.0267  0.0268  0.0268  0.0268  0.0268  0.0268  0.0268
  0.0270  0.0269  0.0269  0.0271  0.0270  0.0270  0.0270  0.0271  0.0269  0.0269  0.0269  0.0269
  0.0273  0.0270  0.0270  0.0275  0.0272  0.0275  0.0272  0.0276  0.0270  0.0271  0.0270  0.0270
registration optimization eta report
parameter search radius
    0.8000    0.8000    0.8000    2.4000    2.4000    2.4000
    2.4000    2.4000    2.4000    2.4000    2.4000    2.4000
100000*second partial in parameter space
       77.       46.       40.       13.        7.       14.
        8.       15.        5.        8.        5.        5.
  0.0273  0.0271  0.0271  0.0275  0.0272  0.0277  0.0272  0.0276  0.0270  0.0272  0.0270  0.0270
  0.0270  0.0270  0.0269  0.0271  0.0270  0.0274  0.0269  0.0272  0.0269  0.0270  0.0268  0.0268
  0.0269  0.0268  0.0268  0.0269  0.0268  0.0270  0.0268  0.0269  0.0268  0.0268  0.0268  0.0268
  0.0268  0.0268  0.0268  0.0268  0.0268  0.0268  0.0267  0.0267  0.0267  0.0267  0.0267  0.0267
  0.0268  0.0268  0.0268  0.0269  0.0268  0.0267  0.0268  0.0268  0.0268  0.0268  0.0268  0.0268
  0.0270  0.0269  0.0269  0.0271  0.0270  0.0270  0.0270  0.0271  0.0269  0.0269  0.0269  0.0269
  0.0273  0.0270  0.0270  0.0275  0.0272  0.0275  0.0272  0.0276  0.0270  0.0271  0.0270  0.0270
   -1.4645    2.1868   12.5998   -3.2053   -8.3609   -2.1243
    1.7061    6.8446   -0.0584   -3.7201   -3.9990   -6.3150
eta,q 0.97326 10.96396

---------------------------------------------------------------------
compute_vox2vox talsrcimg talsrcimg_to_711-2C_as_mni_average_305_t4 /opt/freesurfer/average/711-2C_as_mni_average_305
---------------------------------------------------------------------

freesurfer compute_vox2vox.c
Reading: talsrcimg.4dfp.ifh
Reading: talsrcimg_to_711-2C_as_mni_average_305_t4
Reading: /opt/freesurfer/average/711-2C_as_mni_average_305.4dfp.ifh
Writing: talsrcimg_to_711-2C_as_mni_average_305_t4_vox2vox.txt

start time Thu Mar 12 12:31:44 CET 2026
end		time Thu Mar 12 12:33:09 CET 2026

mpr2mni305 success

avi2talxfm orig_nu.mgz /opt/freesurfer/average/mni305.cor.mgz talsrcimg_to_711-2C_as_mni_average_305_t4_vox2vox.txt transforms/talairach.auto.xfm
avi2talxfm done
mv -f /out/sourcedata/freesurfer/sub-v1s19x0051294_ses-1/mri/talsrcimg_to_711-2C_as_mni_average_305_t4_vox2vox.txt /out/sourcedata/freesurfer/sub-v1s19x0051294_ses-1/mri/transforms/talsrcimg_to_711-2C_as_mni_average_305_t4_vox2vox.txt
lta_convert --src orig_nu.mgz --trg /opt/freesurfer/average/mni305.cor.mgz --inxfm transforms/talairach.auto.xfm --outlta transforms/talairach.auto.xfm.lta --subject fsaverage
7.3.2

--src: orig_nu.mgz src image (geometry).
--trg: /opt/freesurfer/average/mni305.cor.mgz trg image (geometry).
--inmni: transforms/talairach.auto.xfm input MNI/XFM transform.
--outlta: transforms/talairach.auto.xfm.lta output LTA.
--s: fsaverage subject name
 LTA read, type : 1
 1.03009  -0.07295  -0.02420  -0.01999;
 0.04224   1.02139   0.06960  -19.27990;
 0.00237   0.04142   1.09405  -16.77017;
 0.00000   0.00000   0.00000   1.00000;
setting subject to fsaverage
Writing  LTA to file transforms/talairach.auto.xfm.lta...
lta_convert successful.
 
 
Started at Thu Mar 12 12:31:43 CET 2026
Ended   at Thu Mar 12 12:33:09 CET 2026
talairach_avi done
