status file for recon-all
Mon Mar  9 07:15:15 CET 2026
#@# MotionCor Mon Mar  9 07:15:17 CET 2026
#@# Talairach Mon Mar  9 07:15:23 CET 2026
#@# Talairach Failure Detection Mon Mar  9 07:18:13 CET 2026
#@# Nu Intensity Correction Mon Mar  9 07:18:14 CET 2026
#@# Intensity Normalization Mon Mar  9 07:21:00 CET 2026
recon-all -s sub-v1s19x0051296_ses-1 finished without error at Mon Mar  9 07:22:01 CET 2026



#New# invocation of recon-all 



status file for recon-all
Mon Mar  9 07:27:37 CET 2026
#@# EM Registration Mon Mar  9 07:27:37 CET 2026
recon-all -s sub-v1s19x0051296_ses-1 finished without error at Mon Mar  9 07:28:43 CET 2026



#New# invocation of recon-all 



status file for recon-all
Mon Mar  9 07:28:46 CET 2026
#@# CA Normalize Mon Mar  9 07:28:46 CET 2026
#@# CA Reg Mon Mar  9 07:29:41 CET 2026
#@# SubCort Seg Mon Mar  9 08:05:17 CET 2026
#@# CC Seg Mon Mar  9 08:29:54 CET 2026
#@# Merge ASeg Mon Mar  9 08:30:18 CET 2026
#@# Intensity Normalization2 Mon Mar  9 08:30:18 CET 2026
#@# Mask BFS Mon Mar  9 08:31:43 CET 2026
#@# WM Segmentation Mon Mar  9 08:31:43 CET 2026
#@# Fill Mon Mar  9 08:33:12 CET 2026
recon-all -s sub-v1s19x0051296_ses-1 finished without error at Mon Mar  9 08:33:52 CET 2026



#New# invocation of recon-all 



status file for recon-all
Mon Mar  9 09:19:21 CET 2026
#@# white curv lh Mon Mar  9 09:19:21 CET 2026
#@# white area lh Mon Mar  9 09:19:21 CET 2026
#@# pial curv lh Mon Mar  9 09:19:21 CET 2026
#@# pial area lh Mon Mar  9 09:19:21 CET 2026
#@# thickness lh Mon Mar  9 09:19:21 CET 2026
#@# area and vertex vol lh Mon Mar  9 09:19:21 CET 2026
#@# white curv rh Mon Mar  9 09:19:21 CET 2026
#@# white area rh Mon Mar  9 09:19:21 CET 2026
#@# pial curv rh Mon Mar  9 09:19:21 CET 2026
#@# pial area rh Mon Mar  9 09:19:21 CET 2026
#@# thickness rh Mon Mar  9 09:19:21 CET 2026
#@# area and vertex vol rh Mon Mar  9 09:19:21 CET 2026
#@# Cortical ribbon mask Mon Mar  9 09:19:21 CET 2026
recon-all -s sub-v1s19x0051296_ses-1 finished without error at Mon Mar  9 09:20:44 CET 2026



#New# invocation of recon-all 



status file for recon-all
Mon Mar  9 09:23:23 CET 2026
#@# white curv lh Mon Mar  9 09:23:23 CET 2026
#@# white area lh Mon Mar  9 09:23:23 CET 2026
#@# pial curv lh Mon Mar  9 09:23:23 CET 2026
#@# pial area lh Mon Mar  9 09:23:23 CET 2026
#@# thickness lh Mon Mar  9 09:23:23 CET 2026
#@# area and vertex vol lh Mon Mar  9 09:23:23 CET 2026
#@# white curv rh Mon Mar  9 09:23:23 CET 2026
#@# white area rh Mon Mar  9 09:23:23 CET 2026
#@# pial curv rh Mon Mar  9 09:23:23 CET 2026
#@# pial area rh Mon Mar  9 09:23:23 CET 2026
#@# thickness rh Mon Mar  9 09:23:23 CET 2026
#@# area and vertex vol rh Mon Mar  9 09:23:23 CET 2026
#@# Curvature Stats lh Mon Mar  9 09:23:23 CET 2026
#@# Curvature Stats rh Mon Mar  9 09:23:24 CET 2026
#@# Relabel Hypointensities Mon Mar  9 09:23:25 CET 2026
#@# APas-to-ASeg Mon Mar  9 09:23:33 CET 2026
#@# AParc-to-ASeg aparc Mon Mar  9 09:23:36 CET 2026
#@# AParc-to-ASeg aparc.a2009s Mon Mar  9 09:23:43 CET 2026
#@# AParc-to-ASeg aparc.DKTatlas Mon Mar  9 09:23:50 CET 2026
#@# WMParc Mon Mar  9 09:23:57 CET 2026
#@# ASeg Stats Mon Mar  9 09:25:33 CET 2026
recon-all -s sub-v1s19x0051296_ses-1 finished without error at Mon Mar  9 09:25:49 CET 2026
