status file for recon-all
Mon Mar  9 08:59:19 CET 2026
#@# Tessellate rh Mon Mar  9 08:59:19 CET 2026
#@# Smooth1 rh Mon Mar  9 08:59:21 CET 2026
#@# Inflation1 rh Mon Mar  9 08:59:23 CET 2026
#@# QSphere rh Mon Mar  9 08:59:27 CET 2026
#@# Fix Topology rh Mon Mar  9 08:59:53 CET 2026
#@# Smooth2 rh Mon Mar  9 09:08:29 CET 2026
#@# Inflation2 rh Mon Mar  9 09:08:30 CET 2026
#@# Curv .H and .K rh Mon Mar  9 09:08:35 CET 2026
#@# Sphere rh Mon Mar  9 09:08:56 CET 2026
#@# Surf Reg rh Mon Mar  9 09:12:13 CET 2026
#@# Jacobian white rh Mon Mar  9 09:14:38 CET 2026
#@# AvgCurv rh Mon Mar  9 09:14:38 CET 2026
#@# Cortical Parc rh Mon Mar  9 09:14:39 CET 2026
#@# white curv rh Mon Mar  9 09:18:50 CET 2026
#@# white area rh Mon Mar  9 09:18:51 CET 2026
#@# pial curv rh Mon Mar  9 09:18:51 CET 2026
#@# pial area rh Mon Mar  9 09:18:52 CET 2026
#@# thickness rh Mon Mar  9 09:18:52 CET 2026
#@# area and vertex vol rh Mon Mar  9 09:19:03 CET 2026
#@# Curvature Stats rh Mon Mar  9 09:19:04 CET 2026
#@# Cortical Parc 2 rh Mon Mar  9 09:19:04 CET 2026
#@# Cortical Parc 3 rh Mon Mar  9 09:19:10 CET 2026
#@# WM/GM Contrast rh Mon Mar  9 09:19:15 CET 2026
recon-all -s sub-v1s19x0051296_ses-1 finished without error at Mon Mar  9 09:19:16 CET 2026



#New# invocation of recon-all 



status file for recon-all
Mon Mar  9 09:21:58 CET 2026
#@# white curv rh Mon Mar  9 09:21:58 CET 2026
#@# white area rh Mon Mar  9 09:21:58 CET 2026
#@# pial curv rh Mon Mar  9 09:21:58 CET 2026
#@# pial area rh Mon Mar  9 09:21:59 CET 2026
#@# thickness rh Mon Mar  9 09:21:59 CET 2026
#@# area and vertex vol rh Mon Mar  9 09:21:59 CET 2026
#@# Parcellation Stats rh Mon Mar  9 09:21:59 CET 2026
#@# Parcellation Stats 2 rh Mon Mar  9 09:22:04 CET 2026
#@# Parcellation Stats 3 rh Mon Mar  9 09:22:07 CET 2026
#@# BA_exvivo Labels rh Mon Mar  9 09:22:10 CET 2026
recon-all -s sub-v1s19x0051296_ses-1 finished without error at Mon Mar  9 09:23:19 CET 2026
