/out/sourcedata/freesurfer/sub-v1s19x0051297_ses-1/mri
/opt/freesurfer/bin/talairach_avi
--i orig_nu.mgz --xfm transforms/talairach.auto.xfm
talairach_avi 7.3.2
Linux dna069 5.14.0-427.37.1.el9_4.x86_64 #1 SMP PREEMPT_DYNAMIC Fri Sep 13 12:41:50 EDT 2024 x86_64 x86_64 x86_64 GNU/Linux
Thu Mar 12 12:36:16 CET 2026
mri_convert orig_nu.mgz talsrcimg.img 
reading from orig_nu.mgz...
TR=0.00, TE=0.00, TI=0.00, flip angle=0.00
i_ras = (-1, 0, 3.72529e-09)
j_ras = (0, 0, -1)
k_ras = (0, 1, 0)
writing to talsrcimg.img...
Analyze Output Matrix
-1.00000   0.00000   0.00000   141.73752;
 0.00000   0.00000   1.00000  -105.60822;
 0.00000  -1.00000   0.00000   116.66346;
 0.00000   0.00000   0.00000   1.00000;
--------------------
INFO: set hdr.hist.orient to -1
mpr2mni305 talsrcimg
Thu Mar 12 12:36:17 CET 2026
/opt/freesurfer/bin/mpr2mni305 talsrcimg
mpr2mni305 7.3.2
target=711-2C_as_mni_average_305

---------------------------------------------------------------------
analyzeto4dfp talsrcimg -O0 -y
---------------------------------------------------------------------

freesurfer ifh2hdr.c
Thu Mar 12 12:36:17 2026
Writing: talsrcimg.4dfp.hdr
freesurfer analyzeto4dfp.c
Reading: talsrcimg.hdr
header size 348 bytes
hdr.dime.datatype	offset=70	value=2
hdr.dime.bitpix		offset=72	value=8
hdr.hist.orient		offset=252	value=-1
dimensionality     4
dimensions       256       256       256         1
Reading: talsrcimg.img
Writing: talsrcimg.4dfp.img
Writing: talsrcimg.4dfp.ifh
ifh2hdr talsrcimg -r0to243
ori=2

---------------------------------------------------------------------
gauss_4dfp talsrcimg 1.1
---------------------------------------------------------------------

freesurfer gauss_4dfp.c
Reading: talsrcimg.4dfp.img
Writing: talsrcimg_g11.4dfp.img
image dimensions 256 256 256 padded to 288 288 288
processing volume 1freesurfer ifh2hdr.c
Thu Mar 12 12:36:18 2026
Writing: talsrcimg_g11.4dfp.hdr

Writing: talsrcimg_g11.4dfp.ifh
including: talsrcimg.4dfp.img.rec in talsrcimg_g11.4dfp.img.rec

---------------------------------------------------------------------
imgreg_4dfp /opt/freesurfer/average/711-2C_as_mni_average_305 none talsrcimg_g11 none talsrcimg_to_711-2C_as_mni_average_305_t4 4355
---------------------------------------------------------------------

freesurfer imgreg_4dfp.c
/opt/freesurfer/average/711-2C_as_mni_average_305.4dfp.img
       256       256       256         1
  1.000000  1.000000  1.000000
orientation T byte_order littleendian
Reading image: /opt/freesurfer/average/711-2C_as_mni_average_305.4dfp.img
dimensions:      256       256       256
mmppix:       1.0000   -1.0000   -1.0000
center:     128.0000 -129.0000 -129.0000
talsrcimg_g11.4dfp.img
       256       256       256         1
  1.000000  1.000000  1.000000
orientation T byte_order littleendian
Reading image: talsrcimg_g11.4dfp.img
dimensions:      256       256       256
mmppix:       1.0000   -1.0000   -1.0000
center:     128.0000 -129.0000 -129.0000
t4_read: open error in t4_sub.f l:  41 t4_file(1:l)talsrcimg_to_711-2C_as_mni_average_305_t4 
t4_read: transform initialized to I4
rotation matrix determinant  1.000000
image alignment mode   4355 decimal     1103 hex
   -7.5000  -45.0000  -45.0000 9050.9814   10.8187
    0.0000  -45.0000  -45.0000 9230.9434   10.8290
    7.5000  -45.0000  -45.0000 8703.8828   10.8279
   -7.5000  -37.5000  -45.0000 9248.4619   10.5957
    0.0000  -37.5000  -45.0000 9424.5352   10.6077
    7.5000  -37.5000  -45.0000 8875.3818   10.6062
   -7.5000  -30.0000  -45.0000 9768.8467   10.3184
    0.0000  -30.0000  -45.0000 9949.1553   10.3326
    7.5000  -30.0000  -45.0000 9376.6855   10.3332
   -7.5000  -22.5000  -45.000010293.5127   10.0922
    0.0000  -22.5000  -45.000010478.4307   10.1074
    7.5000  -22.5000  -45.0000 9862.6836   10.1103
   -7.5000  -15.0000  -45.000010809.1260    9.9440
    0.0000  -15.0000  -45.000010993.7451    9.9577
    7.5000  -15.0000  -45.000010339.7764    9.9611
   -7.5000   -7.5000  -45.000011353.8086    9.8806
    0.0000   -7.5000  -45.000011517.2363    9.8906
    7.5000   -7.5000  -45.000010826.3682    9.8918
   -7.5000    0.0000  -45.000011840.1650    9.8644
    0.0000    0.0000  -45.000011963.0674    9.8724
    7.5000    0.0000  -45.000011241.5938    9.8711
   -7.5000    7.5000  -45.000011428.9863    9.9368
    0.0000    7.5000  -45.000011540.6436    9.9466
    7.5000    7.5000  -45.000010852.4229    9.9454
   -7.5000   15.0000  -45.000010919.0684   10.0498
    0.0000   15.0000  -45.000011056.5635   10.0635
    7.5000   15.0000  -45.000010392.6348   10.0637
   -7.5000   22.5000  -45.000010376.1572   10.1686
    0.0000   22.5000  -45.000010505.2969   10.1841
    7.5000   22.5000  -45.0000 9861.1045   10.1867
   -7.5000   30.0000  -45.0000 9804.9922   10.1654
    0.0000   30.0000  -45.0000 9928.4688   10.1797
    7.5000   30.0000  -45.0000 9291.5381   10.1830
   -7.5000   37.5000  -45.0000 9540.4756   10.3166
    0.0000   37.5000  -45.0000 9646.0693   10.3278
    7.5000   37.5000  -45.0000 8993.9092   10.3297
   -7.5000   45.0000  -45.0000 8928.2168   10.2501
    0.0000   45.0000  -45.0000 9014.9785   10.2601
    7.5000   45.0000  -45.0000 8368.9355   10.2606
   -7.5000  -45.0000  -37.5000 9305.7275   10.8050
    0.0000  -45.0000  -37.5000 9472.5068   10.8159
    7.5000  -45.0000  -37.5000 8934.6982   10.8157
   -7.5000  -37.5000  -37.5000 9524.9463   10.5896
    0.0000  -37.5000  -37.5000 9682.9658   10.6017
    7.5000  -37.5000  -37.5000 9140.1689   10.6012
   -7.5000  -30.0000  -37.500010076.6875   10.3155
    0.0000  -30.0000  -37.500010231.8711   10.3284
    7.5000  -30.0000  -37.5000 9665.8340   10.3304
   -7.5000  -22.5000  -37.500010641.1416   10.0863
    0.0000  -22.5000  -37.500010790.8457   10.0995
    7.5000  -22.5000  -37.500010187.2676   10.1033
   -7.5000  -15.0000  -37.500011219.6562    9.9325
    0.0000  -15.0000  -37.500011362.3232    9.9447
    7.5000  -15.0000  -37.500010713.9043    9.9483
   -7.5000   -7.5000  -37.500011798.7402    9.8667
    0.0000   -7.5000  -37.500011932.4775    9.8765
    7.5000   -7.5000  -37.500011234.7061    9.8777
   -7.5000    0.0000  -37.500012303.4521    9.8532
    0.0000    0.0000  -37.500012407.9170    9.8615
    7.5000    0.0000  -37.500011694.1211    9.8607
   -7.5000    7.5000  -37.500011881.8486    9.9309
    0.0000    7.5000  -37.500011982.5791    9.9405
    7.5000    7.5000  -37.500011318.2354    9.9402
   -7.5000   15.0000  -37.500011381.5469   10.0464
    0.0000   15.0000  -37.500011514.9111   10.0586
    7.5000   15.0000  -37.500010856.3320   10.0603
   -7.5000   22.5000  -37.500010838.5645   10.1614
    0.0000   22.5000  -37.500010964.5635   10.1750
    7.5000   22.5000  -37.500010307.4912   10.1787
   -7.5000   30.0000  -37.500010250.2744   10.1520
    0.0000   30.0000  -37.500010367.9639   10.1647
    7.5000   30.0000  -37.5000 9694.3838   10.1681
   -7.5000   37.5000  -37.5000 9970.9199   10.2997
    0.0000   37.5000  -37.500010061.7471   10.3105
    7.5000   37.5000  -37.5000 9374.6309   10.3123
   -7.5000   45.0000  -37.5000 9332.9971   10.2365
    0.0000   45.0000  -37.5000 9404.4238   10.2465
    7.5000   45.0000  -37.5000 8746.6943   10.2471
   -7.5000  -45.0000  -30.0000 9659.2051   11.2757
    0.0000  -45.0000  -30.0000 9844.7041   11.2921
    7.5000  -45.0000  -30.0000 9306.0391   11.2912
   -7.5000  -37.5000  -30.0000 9898.6582   11.0541
    0.0000  -37.5000  -30.000010078.4951   11.0704
    7.5000  -37.5000  -30.0000 9543.1094   11.0703
   -7.5000  -30.0000  -30.000010530.5039   10.7689
    0.0000  -30.0000  -30.000010691.5752   10.7837
    7.5000  -30.0000  -30.000010122.5752   10.7868
   -7.5000  -22.5000  -30.000011174.5664   10.5274
    0.0000  -22.5000  -30.000011324.8916   10.5418
    7.5000  -22.5000  -30.000010702.5781   10.5463
   -7.5000  -15.0000  -30.000011810.9395   10.3636
    0.0000  -15.0000  -30.000011955.9551   10.3782
    7.5000  -15.0000  -30.000011289.5098   10.3817
   -7.5000   -7.5000  -30.000012440.1621   10.2937
    0.0000   -7.5000  -30.000012582.3232   10.3075
    7.5000   -7.5000  -30.000011875.1670   10.3078
   -7.5000    0.0000  -30.000012958.6660   10.2810
    0.0000    0.0000  -30.000013105.8525   10.2940
    7.5000    0.0000  -30.000012379.6924   10.2924
   -7.5000    7.5000  -30.000012538.3525   10.3647
    0.0000    7.5000  -30.000012671.7617   10.3778
    7.5000    7.5000  -30.000011992.0820   10.3778
   -7.5000   15.0000  -30.000012022.4766   10.4862
    0.0000   15.0000  -30.000012188.5840   10.5000
    7.5000   15.0000  -30.000011510.9912   10.5028
   -7.5000   22.5000  -30.000011504.8848   10.6031
    0.0000   22.5000  -30.000011655.6934   10.6180
    7.5000   22.5000  -30.000010952.8262   10.6227
   -7.5000   30.0000  -30.000010909.7617   10.5926
    0.0000   30.0000  -30.000011010.7998   10.6079
    7.5000   30.0000  -30.000010265.6602   10.6114
   -7.5000   37.5000  -30.000010611.9512   10.7455
    0.0000   37.5000  -30.000010667.1719   10.7607
    7.5000   37.5000  -30.0000 9926.5342   10.7618
   -7.5000   45.0000  -30.0000 9912.1211   10.6886
    0.0000   45.0000  -30.0000 9959.2637   10.7035
    7.5000   45.0000  -30.0000 9260.1074   10.7030
   -7.5000  -45.0000  -22.500010023.1230   11.6760
    0.0000  -45.0000  -22.500010265.4268   11.6971
    7.5000  -45.0000  -22.5000 9675.0039   11.6943
   -7.5000  -37.5000  -22.500010293.0938   11.4411
    0.0000  -37.5000  -22.500010529.8330   11.4612
    7.5000  -37.5000  -22.5000 9946.7051   11.4602
   -7.5000  -30.0000  -22.500010980.6934   11.1430
    0.0000  -30.0000  -22.500011205.2734   11.1609
    7.5000  -30.0000  -22.500010596.5801   11.1639
   -7.5000  -22.5000  -22.500011703.7793   10.8949
    0.0000  -22.5000  -22.500011911.7529   10.9125
    7.5000  -22.5000  -22.500011251.6602   10.9170
   -7.5000  -15.0000  -22.500012407.9180   10.7296
    0.0000  -15.0000  -22.500012600.6416   10.7481
    7.5000  -15.0000  -22.500011888.1338   10.7510
   -7.5000   -7.5000  -22.500013097.0117   10.6594
    0.0000   -7.5000  -22.500013295.8604   10.6777
    7.5000   -7.5000  -22.500012513.7490   10.6765
   -7.5000    0.0000  -22.500013665.8711   10.6448
    0.0000    0.0000  -22.500013870.3418   10.6619
    7.5000    0.0000  -22.500013081.4434   10.6588
   -7.5000    7.5000  -22.500013219.1689   10.7271
    0.0000    7.5000  -22.500013406.9414   10.7437
    7.5000    7.5000  -22.500012697.6846   10.7428
   -7.5000   15.0000  -22.500012711.5078   10.8500
    0.0000   15.0000  -22.500012924.2314   10.8666
    7.5000   15.0000  -22.500012204.8340   10.8692
   -7.5000   22.5000  -22.500012225.5586   10.9723
    0.0000   22.5000  -22.500012393.4307   10.9905
    7.5000   22.5000  -22.500011593.8750   10.9954
   -7.5000   30.0000  -22.500011593.6709   10.9688
    0.0000   30.0000  -22.500011679.1904   10.9884
    7.5000   30.0000  -22.500010857.8750   10.9918
   -7.5000   37.5000  -22.500011270.7383   11.1304
    0.0000   37.5000  -22.500011314.6416   11.1504
    7.5000   37.5000  -22.500010524.1221   11.1503
   -7.5000   45.0000  -22.500010547.3701   11.0763
    0.0000   45.0000  -22.500010582.7441   11.0959
    7.5000   45.0000  -22.5000 9844.3184   11.0937
   -7.5000  -45.0000  -15.000010388.8184   11.9521
    0.0000  -45.0000  -15.000010652.9062   11.9734
    7.5000  -45.0000  -15.000010034.6006   11.9697
   -7.5000  -37.5000  -15.000010680.8887   11.7037
    0.0000  -37.5000  -15.000010939.8350   11.7244
    7.5000  -37.5000  -15.000010318.5459   11.7223
   -7.5000  -30.0000  -15.000011411.8027   11.3951
    0.0000  -30.0000  -15.000011671.6465   11.4151
    7.5000  -30.0000  -15.000011013.5684   11.4170
   -7.5000  -22.5000  -15.000012194.4375   11.1449
    0.0000  -22.5000  -15.000012425.6367   11.1654
    7.5000  -22.5000  -15.000011713.3213   11.1694
   -7.5000  -15.0000  -15.000012952.8506   10.9826
    0.0000  -15.0000  -15.000013189.7598   11.0037
    7.5000  -15.0000  -15.000012394.6816   11.0066
   -7.5000   -7.5000  -15.000013705.4912   10.9142
    0.0000   -7.5000  -15.000013953.0107   10.9337
    7.5000   -7.5000  -15.000013078.8164   10.9324
   -7.5000    0.0000  -15.000014380.3760   10.8968
    0.0000    0.0000  -15.000014632.2598   10.9143
    7.5000    0.0000  -15.000013719.4844   10.9105
   -7.5000    7.5000  -15.000013957.0273   10.9746
    0.0000    7.5000  -15.000014220.7227   10.9920
    7.5000    7.5000  -15.000013380.3506   10.9901
   -7.5000   15.0000  -15.000013477.4453   11.0967
    0.0000   15.0000  -15.000013743.2197   11.1154
    7.5000   15.0000  -15.000012890.3740   11.1168
   -7.5000   22.5000  -15.000013006.2070   11.2249
    0.0000   22.5000  -15.000013167.0879   11.2458
    7.5000   22.5000  -15.000012250.2178   11.2501
   -7.5000   30.0000  -15.000012323.8672   11.2304
    0.0000   30.0000  -15.000012382.7100   11.2525
    7.5000   30.0000  -15.000011502.9248   11.2564
   -7.5000   37.5000  -15.000011998.9902   11.3998
    0.0000   37.5000  -15.000012019.7461   11.4213
    7.5000   37.5000  -15.000011193.4014   11.4213
   -7.5000   45.0000  -15.000011217.0938   11.3460
    0.0000   45.0000  -15.000011250.8857   11.3666
    7.5000   45.0000  -15.000010459.9131   11.3641
   -7.5000  -45.0000   -7.500010716.1299   12.0744
    0.0000  -45.0000   -7.500011007.7744   12.0908
    7.5000  -45.0000   -7.500010344.6572   12.0879
   -7.5000  -37.5000   -7.500011077.5332   11.8210
    0.0000  -37.5000   -7.500011359.2422   11.8384
    7.5000  -37.5000   -7.500010690.3691   11.8358
   -7.5000  -30.0000   -7.500011871.2637   11.5092
    0.0000  -30.0000   -7.500012131.2373   11.5280
    7.5000  -30.0000   -7.500011421.0967   11.5285
   -7.5000  -22.5000   -7.500012683.6660   11.2587
    0.0000  -22.5000   -7.500012930.7188   11.2787
    7.5000  -22.5000   -7.500012153.5732   11.2818
   -7.5000  -15.0000   -7.500013488.5166   11.0974
    0.0000  -15.0000   -7.500013746.2520   11.1165
    7.5000  -15.0000   -7.500012874.8906   11.1199
   -7.5000   -7.5000   -7.500014345.2461   11.0289
    0.0000   -7.5000   -7.500014597.7432   11.0447
    7.5000   -7.5000   -7.500013632.3555   11.0447
   -7.5000    0.0000   -7.500015147.7842   11.0099
    0.0000    0.0000   -7.500015404.9971   11.0231
    7.5000    0.0000   -7.500014344.2295   11.0202
   -7.5000    7.5000   -7.500014849.6465   11.0865
    0.0000    7.5000   -7.500015120.5449   11.1010
    7.5000    7.5000   -7.500014073.8496   11.0987
   -7.5000   15.0000   -7.500014460.0947   11.2095
    0.0000   15.0000   -7.500014678.7500   11.2273
    7.5000   15.0000   -7.500013595.6064   11.2274
   -7.5000   22.5000   -7.500013960.8340   11.3396
    0.0000   22.5000   -7.500014017.5410   11.3599
    7.5000   22.5000   -7.500012924.7998   11.3630
   -7.5000   30.0000   -7.500013171.5771   11.3481
    0.0000   30.0000   -7.500013158.5850   11.3682
    7.5000   30.0000   -7.500012177.8174   11.3720
   -7.5000   37.5000   -7.500012833.0273   11.5196
    0.0000   37.5000   -7.500012790.6924   11.5372
    7.5000   37.5000   -7.500011853.1670   11.5384
   -7.5000   45.0000   -7.500012017.5703   11.4654
    0.0000   45.0000   -7.500011994.1436   11.4817
    7.5000   45.0000   -7.500011092.8359   11.4807
   -7.5000  -45.0000    0.000010944.8818   12.0852
    0.0000  -45.0000    0.000011247.5742   12.0965
    7.5000  -45.0000    0.000010533.8828   12.0951
   -7.5000  -37.5000    0.000011373.8984   11.8362
    0.0000  -37.5000    0.000011635.3936   11.8495
    7.5000  -37.5000    0.000010920.5518   11.8475
   -7.5000  -30.0000    0.000012248.3672   11.5267
    0.0000  -30.0000    0.000012444.9902   11.5425
    7.5000  -30.0000    0.000011671.3145   11.5429
   -7.5000  -22.5000    0.000013118.3779   11.2747
    0.0000  -22.5000    0.000013273.9443   11.2915
    7.5000  -22.5000    0.000012429.6992   11.2946
   -7.5000  -15.0000    0.000013976.8818   11.1097
    0.0000  -15.0000    0.000014120.3662   11.1249
    7.5000  -15.0000    0.000013175.8906   11.1285
   -7.5000   -7.5000    0.000014937.7568   11.0391
    0.0000   -7.5000    0.000015059.7871   11.0501
    7.5000   -7.5000    0.000013993.6738   11.0513
   -7.5000    0.0000    0.000015898.5625   11.0210
    0.0000    0.0000    0.000016000.2090   11.0296
    7.5000    0.0000    0.000014805.2246   11.0280
   -7.5000    7.5000    0.000015808.2227   11.1014
    0.0000    7.5000    0.000015920.7344   11.1121
    7.5000    7.5000    0.000014565.6025   11.1106
   -7.5000   15.0000    0.000015710.7686   11.2273
    0.0000   15.0000    0.000015642.4824   11.2423
    7.5000   15.0000    0.000014162.8262   11.2424
   -7.5000   22.5000    0.000015072.7998   11.3562
    0.0000   22.5000    0.000014885.8232   11.3733
    7.5000   22.5000    0.000013513.5801   11.3761
   -7.5000   30.0000    0.000014029.1973   11.3608
    0.0000   30.0000    0.000013891.1982   11.3766
    7.5000   30.0000    0.000012724.0137   11.3802
   -7.5000   37.5000    0.000013581.8115   11.5296
    0.0000   37.5000    0.000013467.6426   11.5420
    7.5000   37.5000    0.000012375.5479   11.5439
   -7.5000   45.0000    0.000012724.8379   11.4774
    0.0000   45.0000    0.000012595.7988   11.4883
    7.5000   45.0000    0.000011569.5547   11.4886
   -7.5000  -45.0000    7.500010393.0391   12.0900
    0.0000  -45.0000    7.500010587.8184   12.1022
    7.5000  -45.0000    7.5000 9898.3164   12.1019
   -7.5000  -37.5000    7.500010868.1123   11.8490
    0.0000  -37.5000    7.500010977.8779   11.8625
    7.5000  -37.5000    7.500010282.2695   11.8619
   -7.5000  -30.0000    7.500011744.7217   11.5424
    0.0000  -30.0000    7.500011764.1396   11.5567
    7.5000  -30.0000    7.500010999.0078   11.5589
   -7.5000  -22.5000    7.500012632.5605   11.2859
    0.0000  -22.5000    7.500012595.9678   11.3006
    7.5000  -22.5000    7.500011723.6963   11.3049
   -7.5000  -15.0000    7.500013507.0303   11.1138
    0.0000  -15.0000    7.500013434.1592   11.1274
    7.5000  -15.0000    7.500012450.3330   11.1315
   -7.5000   -7.5000    7.500014469.4873   11.0402
    0.0000   -7.5000    7.500014336.2871   11.0512
    7.5000   -7.5000    7.500013245.3604   11.0524
   -7.5000    0.0000    7.500015439.4863   11.0251
    0.0000    0.0000    7.500015299.9453   11.0343
    7.5000    0.0000    7.500014029.7393   11.0334
   -7.5000    7.5000    7.500015590.3066   11.1120
    0.0000    7.5000    7.500015307.1484   11.1227
    7.5000    7.5000    7.500013785.3252   11.1223
   -7.5000   15.0000    7.500015820.0869   11.2413
    0.0000   15.0000    7.500015206.6240   11.2549
    7.5000   15.0000    7.500013376.8906   11.2568
   -7.5000   22.5000    7.500015121.3994   11.3663
    0.0000   22.5000    7.500014539.5566   11.3814
    7.5000   22.5000    7.500012851.0020   11.3855
   -7.5000   30.0000    7.500013831.9053   11.3639
    0.0000   30.0000    7.500013504.1572   11.3781
    7.5000   30.0000    7.500012154.7451   11.3818
   -7.5000   37.5000    7.500013248.8594   11.5291
    0.0000   37.5000    7.500013011.0850   11.5412
    7.5000   37.5000    7.500011794.7207   11.5432
   -7.5000   45.0000    7.500012379.6104   11.4809
    0.0000   45.0000    7.500012140.1104   11.4920
    7.5000   45.0000    7.500011027.7529   11.4927
   -7.5000  -45.0000   15.0000 9714.2422   12.1578
    0.0000  -45.0000   15.0000 9762.3066   12.1755
    7.5000  -45.0000   15.0000 9127.7510   12.1745
   -7.5000  -37.5000   15.000010180.4385   11.9166
    0.0000  -37.5000   15.000010156.8809   11.9341
    7.5000  -37.5000   15.0000 9482.3809   11.9340
   -7.5000  -30.0000   15.000011027.2979   11.6084
    0.0000  -30.0000   15.000010940.2334   11.6244
    7.5000  -30.0000   15.000010167.8496   11.6278
   -7.5000  -22.5000   15.000011862.3213   11.3475
    0.0000  -22.5000   15.000011753.3506   11.3630
    7.5000  -22.5000   15.000010869.5859   11.3679
   -7.5000  -15.0000   15.000012681.9629   11.1704
    0.0000  -15.0000   15.000012558.4521   11.1862
    7.5000  -15.0000   15.000011582.4326   11.1899
   -7.5000   -7.5000   15.000013551.5771   11.0950
    0.0000   -7.5000   15.000013406.2676   11.1100
    7.5000   -7.5000   15.000012318.8252   11.1103
   -7.5000    0.0000   15.000014439.9102   11.0814
    0.0000    0.0000   15.000014271.5059   11.0954
    7.5000    0.0000   15.000013037.4707   11.0938
   -7.5000    7.5000   15.000014584.1943   11.1706
    0.0000    7.5000   15.000014180.2129   11.1847
    7.5000    7.5000   15.000012758.0635   11.1847
   -7.5000   15.0000   15.000014724.3926   11.2988
    0.0000   15.0000   15.000014017.6523   11.3137
    7.5000   15.0000   15.000012356.9268   11.3167
   -7.5000   22.5000   15.000014111.6309   11.4201
    0.0000   22.5000   15.000013532.6357   11.4361
    7.5000   22.5000   15.000011894.5273   11.4412
   -7.5000   30.0000   15.000013046.3418   11.4138
    0.0000   30.0000   15.000012695.3770   11.4303
    7.5000   30.0000   15.000011301.0723   11.4341
   -7.5000   37.5000   15.000012537.9453   11.5778
    0.0000   37.5000   15.000012233.7588   11.5941
    7.5000   37.5000   15.000010999.1367   11.5952
   -7.5000   45.0000   15.000011673.0342   11.5308
    0.0000   45.0000   15.000011395.9766   11.5468
    7.5000   45.0000   15.000010303.1191   11.5463
   -7.5000  -45.0000   22.5000 8844.7354   12.2998
    0.0000  -45.0000   22.5000 8875.4854   12.3220
    7.5000  -45.0000   22.5000 8273.8350   12.3189
   -7.5000  -37.5000   22.5000 9260.5986   12.0358
    0.0000  -37.5000   22.5000 9268.2988   12.0569
    7.5000  -37.5000   22.5000 8638.1582   12.0557
   -7.5000  -30.0000   22.500010016.0654   11.7226
    0.0000  -30.0000   22.500010003.6240   11.7414
    7.5000  -30.0000   22.5000 9298.4941   11.7445
   -7.5000  -22.5000   22.500010757.0508   11.4626
    0.0000  -22.5000   22.500010730.3779   11.4811
    7.5000  -22.5000   22.5000 9968.8135   11.4858
   -7.5000  -15.0000   22.500011499.6768   11.2899
    0.0000  -15.0000   22.500011440.9189   11.3094
    7.5000  -15.0000   22.500010640.9727   11.3122
   -7.5000   -7.5000   22.500012290.6895   11.2165
    0.0000   -7.5000   22.500012183.4814   11.2357
    7.5000   -7.5000   22.500011326.8203   11.2343
   -7.5000    0.0000   22.500013105.5244   11.1998
    0.0000    0.0000   22.500012920.2568   11.2178
    7.5000    0.0000   22.500011994.8496   11.2144
   -7.5000    7.5000   22.500013177.0332   11.2753
    0.0000    7.5000   22.500012818.7129   11.2927
    7.5000    7.5000   22.500011753.7432   11.2917
   -7.5000   15.0000   22.500013049.4863   11.3893
    0.0000   15.0000   22.500012634.1777   11.4067
    7.5000   15.0000   22.500011411.3896   11.4093
   -7.5000   22.5000   22.500012484.8320   11.5050
    0.0000   22.5000   22.500012194.9521   11.5240
    7.5000   22.5000   22.500011013.7285   11.5290
   -7.5000   30.0000   22.500011687.2666   11.4993
    0.0000   30.0000   22.500011518.6328   11.5197
    7.5000   30.0000   22.500010467.5205   11.5233
   -7.5000   37.5000   22.500011347.3379   11.6656
    0.0000   37.5000   22.500011202.7627   11.6865
    7.5000   37.5000   22.500010220.9863   11.6863
   -7.5000   45.0000   22.500010627.7490   11.6144
    0.0000   45.0000   22.500010490.3496   11.6351
    7.5000   45.0000   22.5000 9583.9971   11.6327
   -7.5000  -45.0000   30.0000 7854.2148   12.5544
    0.0000  -45.0000   30.0000 7921.6230   12.5769
    7.5000  -45.0000   30.0000 7378.3677   12.5725
   -7.5000  -37.5000   30.0000 8222.5186   12.2555
    0.0000  -37.5000   30.0000 8272.8271   12.2773
    7.5000  -37.5000   30.0000 7729.2520   12.2747
   -7.5000  -30.0000   30.0000 8888.5674   11.9314
    0.0000  -30.0000   30.0000 8935.9707   11.9523
    7.5000  -30.0000   30.0000 8365.1846   11.9540
   -7.5000  -22.5000   30.0000 9534.7715   11.6691
    0.0000  -22.5000   30.0000 9596.0723   11.6905
    7.5000  -22.5000   30.0000 9002.4775   11.6945
   -7.5000  -15.0000   30.000010191.1338   11.5011
    0.0000  -15.0000   30.000010251.2949   11.5231
    7.5000  -15.0000   30.0000 9624.3955   11.5259
   -7.5000   -7.5000   30.000010924.3828   11.4316
    0.0000   -7.5000   30.000010946.2256   11.4522
    7.5000   -7.5000   30.000010258.6846   11.4505
   -7.5000    0.0000   30.000011696.4922   11.4122
    0.0000    0.0000   30.000011625.0283   11.4306
    7.5000    0.0000   30.000010869.1182   11.4263
   -7.5000    7.5000   30.000011695.8877   11.4692
    0.0000    7.5000   30.000011565.7549   11.4874
    7.5000    7.5000   30.000010688.7461   11.4852
   -7.5000   15.0000   30.000011429.3320   11.5653
    0.0000   15.0000   30.000011371.4082   11.5846
    7.5000   15.0000   30.000010405.8545   11.5860
   -7.5000   22.5000   30.000010975.3643   11.6738
    0.0000   22.5000   30.000010968.1172   11.6953
    7.5000   22.5000   30.000010048.6963   11.6999
   -7.5000   30.0000   30.000010430.8037   11.6697
    0.0000   30.0000   30.000010409.0645   11.6927
    7.5000   30.0000   30.0000 9561.0547   11.6968
   -7.5000   37.5000   30.000010213.0596   11.8408
    0.0000   37.5000   30.000010165.0273   11.8631
    7.5000   37.5000   30.0000 9356.5479   11.8632
   -7.5000   45.0000   30.0000 9588.0020   11.7840
    0.0000   45.0000   30.0000 9571.2695   11.8055
    7.5000   45.0000   30.0000 8804.6299   11.8029
   -7.5000  -45.0000   37.5000 7373.6260   13.2000
    0.0000  -45.0000   37.5000 7481.6626   13.2189
    7.5000  -45.0000   37.5000 7006.7344   13.2151
   -7.5000  -37.5000   37.5000 7736.6333   12.8512
    0.0000  -37.5000   37.5000 7848.1899   12.8708
    7.5000  -37.5000   37.5000 7355.7256   12.8675
   -7.5000  -30.0000   37.5000 8365.1641   12.5011
    0.0000  -30.0000   37.5000 8495.1533   12.5220
    7.5000  -30.0000   37.5000 7983.2544   12.5221
   -7.5000  -22.5000   37.5000 9002.0742   12.2203
    0.0000  -22.5000   37.5000 9145.3730   12.2424
    7.5000  -22.5000   37.5000 8608.3623   12.2455
   -7.5000  -15.0000   37.5000 9676.4951   12.0427
    0.0000  -15.0000   37.5000 9794.5762   12.0640
    7.5000  -15.0000   37.5000 9208.9023   12.0675
   -7.5000   -7.5000   37.500010414.3701   11.9698
    0.0000   -7.5000   37.500010492.6973   11.9877
    7.5000   -7.5000   37.5000 9827.6943   11.9873
   -7.5000    0.0000   37.500011189.0166   11.9466
    0.0000    0.0000   37.500011219.9844   11.9617
    7.5000    0.0000   37.500010443.5801   11.9581
   -7.5000    7.5000   37.500011112.8076   11.9916
    0.0000    7.5000   37.500011152.7881   12.0078
    7.5000    7.5000   37.500010298.1240   12.0050
   -7.5000   15.0000   37.500010801.0869   12.0762
    0.0000   15.0000   37.500010913.9248   12.0957
    7.5000   15.0000   37.500010038.2422   12.0956
   -7.5000   22.5000   37.500010402.0635   12.1803
    0.0000   22.5000   37.500010527.7451   12.2024
    7.5000   22.5000   37.5000 9702.1963   12.2058
   -7.5000   30.0000   37.5000 9941.5000   12.1692
    0.0000   30.0000   37.500010016.4951   12.1913
    7.5000   30.0000   37.5000 9249.3154   12.1957
   -7.5000   37.5000   37.5000 9801.8857   12.3410
    0.0000   37.5000   37.5000 9830.9619   12.3603
    7.5000   37.5000   37.5000 9054.3418   12.3618
   -7.5000   45.0000   37.5000 9255.0439   12.2737
    0.0000   45.0000   37.5000 9280.9990   12.2917
    7.5000   45.0000   37.5000 8544.9092   12.2909
   -7.5000  -45.0000   45.0000 6715.6426   13.9824
    0.0000  -45.0000   45.0000 6855.6235   13.9970
    7.5000  -45.0000   45.0000 6438.9922   13.9953
   -7.5000  -37.5000   45.0000 7084.9980   13.5792
    0.0000  -37.5000   45.0000 7204.9995   13.5958
    7.5000  -37.5000   45.0000 6772.9907   13.5937
   -7.5000  -30.0000   45.0000 7709.7310   13.1981
    0.0000  -30.0000   45.0000 7825.4380   13.2176
    7.5000  -30.0000   45.0000 7363.5132   13.2183
   -7.5000  -22.5000   45.0000 8343.6592   12.8888
    0.0000  -22.5000   45.0000 8456.0215   12.9095
    7.5000  -22.5000   45.0000 7946.4443   12.9131
   -7.5000  -15.0000   45.0000 8989.3838   12.6902
    0.0000  -15.0000   45.0000 9084.0967   12.7088
    7.5000  -15.0000   45.0000 8503.8750   12.7130
   -7.5000   -7.5000   45.0000 9701.7158   12.6076
    0.0000   -7.5000   45.0000 9768.4922   12.6213
    7.5000   -7.5000   45.0000 9100.6416   12.6226
   -7.5000    0.0000   45.000010390.0264   12.5814
    0.0000    0.0000   45.000010453.6807   12.5923
    7.5000    0.0000   45.0000 9690.1621   12.5905
   -7.5000    7.5000   45.000010271.0176   12.6202
    0.0000    7.5000   45.000010374.2012   12.6335
    7.5000    7.5000   45.0000 9573.4814   12.6320
   -7.5000   15.0000   45.0000 9972.3047   12.6963
    0.0000   15.0000   45.000010133.3145   12.7143
    7.5000   15.0000   45.0000 9363.6162   12.7150
   -7.5000   22.5000   45.0000 9611.2832   12.7922
    0.0000   22.5000   45.0000 9765.5312   12.8126
    7.5000   22.5000   45.0000 9053.5547   12.8168
   -7.5000   30.0000   45.0000 9194.8320   12.7634
    0.0000   30.0000   45.0000 9310.4521   12.7824
    7.5000   30.0000   45.0000 8625.9375   12.7874
   -7.5000   37.5000   45.0000 9072.0469   12.9285
    0.0000   37.5000   45.0000 9164.9824   12.9432
    7.5000   37.5000   45.0000 8470.1494   12.9464
   -7.5000   45.0000   45.0000 8588.2812   12.8555
    0.0000   45.0000   45.0000 8672.1045   12.8685
    7.5000   45.0000   45.0000 7994.1890   12.8699

---------------------------------------------------------------------
imgreg_4dfp /opt/freesurfer/average/711-2C_as_mni_average_305 /opt/freesurfer/average/711-2B_as_mni_average_305_mask talsrcimg_g11 none talsrcimg_to_711-2C_as_mni_average_305_t4 4355
---------------------------------------------------------------------

freesurfer imgreg_4dfp.c
/opt/freesurfer/average/711-2C_as_mni_average_305.4dfp.img
       256       256       256         1
  1.000000  1.000000  1.000000
orientation T byte_order littleendian
Reading image: /opt/freesurfer/average/711-2C_as_mni_average_305.4dfp.img
dimensions:      256       256       256
mmppix:       1.0000   -1.0000   -1.0000
center:     128.0000 -129.0000 -129.0000
/opt/freesurfer/average/711-2B_as_mni_average_305_mask.4dfp.img
       256       256       256         1
  1.000000  1.000000  1.000000
orientation T byte_order littleendian
Reading mask: /opt/freesurfer/average/711-2B_as_mni_average_305_mask.4dfp.img (2306576 pixels)
talsrcimg_g11.4dfp.img
       256       256       256         1
  1.000000  1.000000  1.000000
orientation T byte_order littleendian
Reading image: talsrcimg_g11.4dfp.img
dimensions:      256       256       256
mmppix:       1.0000   -1.0000   -1.0000
center:     128.0000 -129.0000 -129.0000
rotation matrix determinant  1.000000
image alignment mode   4355 decimal     1103 hex
   -7.5000  -45.0000  -45.0000 2314.6628   13.5533
    0.0000  -45.0000  -45.0000 2309.8201   13.5264
    7.5000  -45.0000  -45.0000 2294.2932   13.8299
   -7.5000  -37.5000  -45.0000 2305.6355   13.3610
    0.0000  -37.5000  -45.0000 2300.9636   13.3157
    7.5000  -37.5000  -45.0000 2288.0962   13.6173
   -7.5000  -30.0000  -45.0000 2296.7820   13.2072
    0.0000  -30.0000  -45.0000 2290.8867   13.1734
    7.5000  -30.0000  -45.0000 2282.0667   13.4821
   -7.5000  -22.5000  -45.0000 2291.6816   13.1329
    0.0000  -22.5000  -45.0000 2286.8794   13.1006
    7.5000  -22.5000  -45.0000 2276.3645   13.4256
   -7.5000  -15.0000  -45.0000 2289.9270   13.1620
    0.0000  -15.0000  -45.0000 2281.5652   13.1087
    7.5000  -15.0000  -45.0000 2272.3198   13.4483
   -7.5000   -7.5000  -45.0000 2294.8506   13.2877
    0.0000   -7.5000  -45.0000 2284.5176   13.1929
    7.5000   -7.5000  -45.0000 2276.6995   13.5187
   -7.5000    0.0000  -45.0000 2299.9595   13.5232
    0.0000    0.0000  -45.0000 2281.2842   13.3794
    7.5000    0.0000  -45.0000 2275.2644   13.6806
   -7.5000    7.5000  -45.0000 2298.1519   13.7955
    0.0000    7.5000  -45.0000 2274.0872   13.6358
    7.5000    7.5000  -45.0000 2272.1348   13.9022
   -7.5000   15.0000  -45.0000 2295.4927   14.1081
    0.0000   15.0000  -45.0000 2272.9751   13.9684
    7.5000   15.0000  -45.0000 2267.7273   14.1985
   -7.5000   22.5000  -45.0000 2288.9172   14.4827
    0.0000   22.5000  -45.0000 2269.8772   14.3818
    7.5000   22.5000  -45.0000 2261.2827   14.5622
   -7.5000   30.0000  -45.0000 2279.3550   14.9543
    0.0000   30.0000  -45.0000 2257.5178   14.8404
    7.5000   30.0000  -45.0000 2244.2266   15.0021
   -7.5000   37.5000  -45.0000 2250.6194   15.4538
    0.0000   37.5000  -45.0000 2235.3030   15.3539
    7.5000   37.5000  -45.0000 2213.3499   15.4884
   -7.5000   45.0000  -45.0000 2223.6267   16.1329
    0.0000   45.0000  -45.0000 2208.3728   16.0264
    7.5000   45.0000  -45.0000 2179.1853   16.1821
   -7.5000  -45.0000  -37.5000 2382.1335   13.0159
    0.0000  -45.0000  -37.5000 2371.6504   12.9526
    7.5000  -45.0000  -37.5000 2355.3938   13.2450
   -7.5000  -37.5000  -37.5000 2381.4766   12.7596
    0.0000  -37.5000  -37.5000 2369.0911   12.6972
    7.5000  -37.5000  -37.5000 2356.1763   13.0157
   -7.5000  -30.0000  -37.5000 2374.8120   12.5664
    0.0000  -30.0000  -37.5000 2364.5962   12.5139
    7.5000  -30.0000  -37.5000 2352.4172   12.8450
   -7.5000  -22.5000  -37.5000 2370.7346   12.4693
    0.0000  -22.5000  -37.5000 2361.4224   12.4008
    7.5000  -22.5000  -37.5000 2351.2202   12.7335
   -7.5000  -15.0000  -37.5000 2372.2703   12.4507
    0.0000  -15.0000  -37.5000 2359.2734   12.3784
    7.5000  -15.0000  -37.5000 2351.4404   12.7023
   -7.5000   -7.5000  -37.5000 2375.2202   12.5130
    0.0000   -7.5000  -37.5000 2359.3826   12.4175
    7.5000   -7.5000  -37.5000 2350.6692   12.7682
   -7.5000    0.0000  -37.5000 2380.6157   12.6523
    0.0000    0.0000  -37.5000 2361.3794   12.5488
    7.5000    0.0000  -37.5000 2352.6760   12.8899
   -7.5000    7.5000  -37.5000 2382.8010   12.9112
    0.0000    7.5000  -37.5000 2356.3826   12.7791
    7.5000    7.5000  -37.5000 2352.8042   13.0768
   -7.5000   15.0000  -37.5000 2380.5530   13.2175
    0.0000   15.0000  -37.5000 2352.9248   13.0807
    7.5000   15.0000  -37.5000 2349.3174   13.3307
   -7.5000   22.5000  -37.5000 2376.6145   13.5498
    0.0000   22.5000  -37.5000 2350.5352   13.4377
    7.5000   22.5000  -37.5000 2339.6135   13.6182
   -7.5000   30.0000  -37.5000 2363.3435   13.9317
    0.0000   30.0000  -37.5000 2338.3665   13.8209
    7.5000   30.0000  -37.5000 2321.8430   13.9945
   -7.5000   37.5000  -37.5000 2342.2896   14.3586
    0.0000   37.5000  -37.5000 2315.1042   14.2646
    7.5000   37.5000  -37.5000 2291.3860   14.4155
   -7.5000   45.0000  -37.5000 2321.3020   14.9581
    0.0000   45.0000  -37.5000 2293.3464   14.8785
    7.5000   45.0000  -37.5000 2266.8323   15.0292
   -7.5000  -45.0000  -30.0000 2473.0493   13.0230
    0.0000  -45.0000  -30.0000 2458.1038   12.9942
    7.5000  -45.0000  -30.0000 2444.5000   13.2796
   -7.5000  -37.5000  -30.0000 2479.4912   12.6878
    0.0000  -37.5000  -30.0000 2464.5408   12.6674
    7.5000  -37.5000  -30.0000 2453.6692   12.9868
   -7.5000  -30.0000  -30.0000 2485.0740   12.4445
    0.0000  -30.0000  -30.0000 2469.0015   12.4217
    7.5000  -30.0000  -30.0000 2457.0872   12.7673
   -7.5000  -22.5000  -30.0000 2485.3892   12.3072
    0.0000  -22.5000  -30.0000 2469.1394   12.2695
    7.5000  -22.5000  -30.0000 2458.7373   12.6245
   -7.5000  -15.0000  -30.0000 2487.2446   12.2592
    0.0000  -15.0000  -30.0000 2471.7915   12.1795
    7.5000  -15.0000  -30.0000 2465.9685   12.5603
   -7.5000   -7.5000  -30.0000 2492.0269   12.2818
    0.0000   -7.5000  -30.0000 2475.6187   12.2060
    7.5000   -7.5000  -30.0000 2472.1108   12.5579
   -7.5000    0.0000  -30.0000 2491.5342   12.3380
    0.0000    0.0000  -30.0000 2474.5564   12.2680
    7.5000    0.0000  -30.0000 2470.8352   12.6186
   -7.5000    7.5000  -30.0000 2493.8845   12.5044
    0.0000    7.5000  -30.0000 2477.7527   12.4505
    7.5000    7.5000  -30.0000 2472.8079   12.7650
   -7.5000   15.0000  -30.0000 2491.8845   12.7791
    0.0000   15.0000  -30.0000 2474.9346   12.7467
    7.5000   15.0000  -30.0000 2470.0251   13.0003
   -7.5000   22.5000  -30.0000 2489.1726   13.0836
    0.0000   22.5000  -30.0000 2471.7766   13.0359
    7.5000   22.5000  -30.0000 2462.1855   13.2584
   -7.5000   30.0000  -30.0000 2477.7986   13.4335
    0.0000   30.0000  -30.0000 2457.8916   13.4004
    7.5000   30.0000  -30.0000 2443.0996   13.5775
   -7.5000   37.5000  -30.0000 2464.0623   13.8380
    0.0000   37.5000  -30.0000 2437.2456   13.7901
    7.5000   37.5000  -30.0000 2418.9329   13.9621
   -7.5000   45.0000  -30.0000 2443.3665   14.3681
    0.0000   45.0000  -30.0000 2418.6238   14.3465
    7.5000   45.0000  -30.0000 2394.0315   14.5510
   -7.5000  -45.0000  -22.5000 2524.5342   13.0013
    0.0000  -45.0000  -22.5000 2518.0750   12.9969
    7.5000  -45.0000  -22.5000 2496.6331   13.2804
   -7.5000  -37.5000  -22.5000 2538.7727   12.5735
    0.0000  -37.5000  -22.5000 2532.7905   12.5765
    7.5000  -37.5000  -22.5000 2518.3267   12.9140
   -7.5000  -30.0000  -22.5000 2550.0894   12.2824
    0.0000  -30.0000  -22.5000 2542.5083   12.2737
    7.5000  -30.0000  -22.5000 2533.9226   12.6413
   -7.5000  -22.5000  -22.5000 2559.1326   12.0726
    0.0000  -22.5000  -22.5000 2548.2246   12.0850
    7.5000  -22.5000  -22.5000 2539.9473   12.4638
   -7.5000  -15.0000  -22.5000 2564.2837   11.9652
    0.0000  -15.0000  -22.5000 2553.7966   11.9667
    7.5000  -15.0000  -22.5000 2543.9597   12.3503
   -7.5000   -7.5000  -22.5000 2567.5195   11.9290
    0.0000   -7.5000  -22.5000 2556.2507   11.9206
    7.5000   -7.5000  -22.5000 2550.1099   12.3068
   -7.5000    0.0000  -22.5000 2567.0005   11.9739
    0.0000    0.0000  -22.5000 2558.7361   11.9556
    7.5000    0.0000  -22.5000 2558.3533   12.3430
   -7.5000    7.5000  -22.5000 2564.2051   12.0777
    0.0000    7.5000  -22.5000 2557.1934   12.0541
    7.5000    7.5000  -22.5000 2560.4663   12.4436
   -7.5000   15.0000  -22.5000 2564.4768   12.2695
    0.0000   15.0000  -22.5000 2557.7834   12.2804
    7.5000   15.0000  -22.5000 2559.2622   12.6088
   -7.5000   22.5000  -22.5000 2566.5737   12.5451
    0.0000   22.5000  -22.5000 2559.2173   12.5622
    7.5000   22.5000  -22.5000 2554.7678   12.8361
   -7.5000   30.0000  -22.5000 2559.1804   12.8434
    0.0000   30.0000  -22.5000 2546.5923   12.8675
    7.5000   30.0000  -22.5000 2536.4097   13.0919
   -7.5000   37.5000  -22.5000 2553.2427   13.2204
    0.0000   37.5000  -22.5000 2532.2183   13.2308
    7.5000   37.5000  -22.5000 2522.9021   13.4491
   -7.5000   45.0000  -22.5000 2542.7380   13.7421
    0.0000   45.0000  -22.5000 2522.1140   13.7739
    7.5000   45.0000  -22.5000 2506.7737   14.0298
   -7.5000  -45.0000  -15.0000 2534.7246   13.0182
    0.0000  -45.0000  -15.0000 2528.8701   13.0484
    7.5000  -45.0000  -15.0000 2514.7009   13.3656
   -7.5000  -37.5000  -15.0000 2553.7288   12.5278
    0.0000  -37.5000  -15.0000 2549.4404   12.5718
    7.5000  -37.5000  -15.0000 2543.3376   12.9024
   -7.5000  -30.0000  -15.0000 2568.2961   12.1598
    0.0000  -30.0000  -15.0000 2566.0535   12.2306
    7.5000  -30.0000  -15.0000 2567.3743   12.5896
   -7.5000  -22.5000  -15.0000 2580.6467   11.9217
    0.0000  -22.5000  -15.0000 2579.5977   11.9873
    7.5000  -22.5000  -15.0000 2581.2068   12.3808
   -7.5000  -15.0000  -15.0000 2585.4646   11.7618
    0.0000  -15.0000  -15.0000 2589.0652   11.8294
    7.5000  -15.0000  -15.0000 2592.5500   12.2296
   -7.5000   -7.5000  -15.0000 2588.7588   11.6747
    0.0000   -7.5000  -15.0000 2597.5710   11.7554
    7.5000   -7.5000  -15.0000 2600.4673   12.1518
   -7.5000    0.0000  -15.0000 2592.1602   11.6820
    0.0000    0.0000  -15.0000 2603.0994   11.7503
    7.5000    0.0000  -15.0000 2605.3674   12.1385
   -7.5000    7.5000  -15.0000 2594.3203   11.7483
    0.0000    7.5000  -15.0000 2602.3982   11.8249
    7.5000    7.5000  -15.0000 2610.3904   12.2409
   -7.5000   15.0000  -15.0000 2600.1189   11.8715
    0.0000   15.0000  -15.0000 2601.4534   11.9638
    7.5000   15.0000  -15.0000 2612.3862   12.3586
   -7.5000   22.5000  -15.0000 2603.9971   12.1186
    0.0000   22.5000  -15.0000 2606.7715   12.1818
    7.5000   22.5000  -15.0000 2606.1089   12.5024
   -7.5000   30.0000  -15.0000 2599.5706   12.3582
    0.0000   30.0000  -15.0000 2596.9270   12.4182
    7.5000   30.0000  -15.0000 2595.0710   12.7359
   -7.5000   37.5000  -15.0000 2606.0933   12.6938
    0.0000   37.5000  -15.0000 2596.2715   12.7403
    7.5000   37.5000  -15.0000 2597.8813   13.0685
   -7.5000   45.0000  -15.0000 2602.7278   13.1898
    0.0000   45.0000  -15.0000 2590.2473   13.2891
    7.5000   45.0000  -15.0000 2583.9421   13.6402
   -7.5000  -45.0000   -7.5000 2506.4812   13.1549
    0.0000  -45.0000   -7.5000 2510.1624   13.2454
    7.5000  -45.0000   -7.5000 2501.3818   13.5765
   -7.5000  -37.5000   -7.5000 2532.2009   12.6343
    0.0000  -37.5000   -7.5000 2538.7805   12.7187
    7.5000  -37.5000   -7.5000 2540.2825   13.0721
   -7.5000  -30.0000   -7.5000 2549.8933   12.2335
    0.0000  -30.0000   -7.5000 2558.0459   12.3308
    7.5000  -30.0000   -7.5000 2569.8225   12.6825
   -7.5000  -22.5000   -7.5000 2566.0906   11.9501
    0.0000  -22.5000   -7.5000 2576.7581   12.0337
    7.5000  -22.5000   -7.5000 2591.2056   12.4026
   -7.5000  -15.0000   -7.5000 2571.3101   11.7579
    0.0000  -15.0000   -7.5000 2591.1887   11.8416
    7.5000  -15.0000   -7.5000 2607.6321   12.2124
   -7.5000   -7.5000   -7.5000 2581.0994   11.6584
    0.0000   -7.5000   -7.5000 2605.0786   11.7576
    7.5000   -7.5000   -7.5000 2624.0681   12.0982
   -7.5000    0.0000   -7.5000 2590.7961   11.6274
    0.0000    0.0000   -7.5000 2615.9963   11.7243
    7.5000    0.0000   -7.5000 2631.5732   12.0585
   -7.5000    7.5000   -7.5000 2602.1958   11.6672
    0.0000    7.5000   -7.5000 2625.2598   11.7662
    7.5000    7.5000   -7.5000 2639.1433   12.1144
   -7.5000   15.0000   -7.5000 2611.9648   11.7396
    0.0000   15.0000   -7.5000 2630.5769   11.8469
    7.5000   15.0000   -7.5000 2638.0554   12.2290
   -7.5000   22.5000   -7.5000 2621.5125   11.8840
    0.0000   22.5000   -7.5000 2628.6558   11.9511
    7.5000   22.5000   -7.5000 2631.3545   12.3378
   -7.5000   30.0000   -7.5000 2617.3765   12.0298
    0.0000   30.0000   -7.5000 2622.7490   12.0801
    7.5000   30.0000   -7.5000 2637.0110   12.5252
   -7.5000   37.5000   -7.5000 2633.2600   12.3159
    0.0000   37.5000   -7.5000 2637.5154   12.3875
    7.5000   37.5000   -7.5000 2645.9768   12.8277
   -7.5000   45.0000   -7.5000 2639.3105   12.8059
    0.0000   45.0000   -7.5000 2643.0591   12.9228
    7.5000   45.0000   -7.5000 2642.6414   13.3231
   -7.5000  -45.0000    0.0000 2457.7441   13.6366
    0.0000  -45.0000    0.0000 2472.0344   13.7405
    7.5000  -45.0000    0.0000 2475.8259   14.1269
   -7.5000  -37.5000    0.0000 2488.7910   13.0512
    0.0000  -37.5000    0.0000 2503.5012   13.1449
    7.5000  -37.5000    0.0000 2522.7698   13.5123
   -7.5000  -30.0000    0.0000 2514.2373   12.6386
    0.0000  -30.0000    0.0000 2524.7664   12.6980
    7.5000  -30.0000    0.0000 2553.6321   13.0544
   -7.5000  -22.5000    0.0000 2535.4604   12.3169
    0.0000  -22.5000    0.0000 2547.8127   12.3489
    7.5000  -22.5000    0.0000 2580.9692   12.7029
   -7.5000  -15.0000    0.0000 2550.9866   12.0948
    0.0000  -15.0000    0.0000 2567.0046   12.1245
    7.5000  -15.0000    0.0000 2598.1675   12.4665
   -7.5000   -7.5000    0.0000 2573.4136   11.9976
    0.0000   -7.5000    0.0000 2593.9487   12.0269
    7.5000   -7.5000    0.0000 2621.2273   12.3245
   -7.5000    0.0000    0.0000 2592.4436   11.9978
    0.0000    0.0000    0.0000 2614.5405   11.9926
    7.5000    0.0000    0.0000 2638.7161   12.2442
   -7.5000    7.5000    0.0000 2611.7559   12.0726
    0.0000    7.5000    0.0000 2635.2971   12.0427
    7.5000    7.5000    0.0000 2656.1072   12.2410
   -7.5000   15.0000    0.0000 2633.7729   12.2085
    0.0000   15.0000    0.0000 2656.1331   12.1335
    7.5000   15.0000    0.0000 2658.7202   12.2906
   -7.5000   22.5000    0.0000 2643.1113   12.1429
    0.0000   22.5000    0.0000 2654.1365   12.0902
    7.5000   22.5000    0.0000 2659.1101   12.3933
   -7.5000   30.0000    0.0000 2630.9373   11.9886
    0.0000   30.0000    0.0000 2642.8340   12.0132
    7.5000   30.0000    0.0000 2658.5779   12.4650
   -7.5000   37.5000    0.0000 2651.4639   12.2036
    0.0000   37.5000    0.0000 2659.7295   12.2510
    7.5000   37.5000    0.0000 2675.8474   12.7514
   -7.5000   45.0000    0.0000 2667.0801   12.6503
    0.0000   45.0000    0.0000 2671.1257   12.7518
    7.5000   45.0000    0.0000 2676.1091   13.2253
   -7.5000  -45.0000    7.5000 2407.6174   14.5404
    0.0000  -45.0000    7.5000 2434.1514   14.5908
    7.5000  -45.0000    7.5000 2445.3374   14.9405
   -7.5000  -37.5000    7.5000 2448.6101   13.9100
    0.0000  -37.5000    7.5000 2471.3633   13.8863
    7.5000  -37.5000    7.5000 2495.4412   14.2373
   -7.5000  -30.0000    7.5000 2488.4258   13.4450
    0.0000  -30.0000    7.5000 2498.1633   13.3473
    7.5000  -30.0000    7.5000 2527.4316   13.6488
   -7.5000  -22.5000    7.5000 2524.8884   13.0703
    0.0000  -22.5000    7.5000 2530.1462   12.9650
    7.5000  -22.5000    7.5000 2560.4565   13.2108
   -7.5000  -15.0000    7.5000 2553.7646   12.8394
    0.0000  -15.0000    7.5000 2562.7803   12.7465
    7.5000  -15.0000    7.5000 2586.9541   12.9261
   -7.5000   -7.5000    7.5000 2592.4832   12.7372
    0.0000   -7.5000    7.5000 2596.1833   12.6321
    7.5000   -7.5000    7.5000 2613.6306   12.7469
   -7.5000    0.0000    7.5000 2633.2673   12.7417
    0.0000    0.0000    7.5000 2627.3987   12.5930
    7.5000    0.0000    7.5000 2637.1470   12.6312
   -7.5000    7.5000    7.5000 2674.5930   12.8566
    0.0000    7.5000    7.5000 2664.6611   12.6341
    7.5000    7.5000    7.5000 2662.6792   12.5604
   -7.5000   15.0000    7.5000 2721.3909   13.0883
    0.0000   15.0000    7.5000 2699.5061   12.7118
    7.5000   15.0000    7.5000 2677.4231   12.5484
   -7.5000   22.5000    7.5000 2750.8945   13.0485
    0.0000   22.5000    7.5000 2704.7717   12.6371
    7.5000   22.5000    7.5000 2685.3245   12.6054
   -7.5000   30.0000    7.5000 2681.1787   12.3926
    0.0000   30.0000    7.5000 2687.7219   12.3702
    7.5000   30.0000    7.5000 2689.4868   12.6888
   -7.5000   37.5000    7.5000 2680.6775   12.3462
    0.0000   37.5000    7.5000 2692.5303   12.4626
    7.5000   37.5000    7.5000 2696.8909   12.8947
   -7.5000   45.0000    7.5000 2702.5613   12.7862
    0.0000   45.0000    7.5000 2702.8972   12.8774
    7.5000   45.0000    7.5000 2698.1770   13.3131
   -7.5000  -45.0000   15.0000 2371.4163   15.9043
    0.0000  -45.0000   15.0000 2380.3193   15.7383
    7.5000  -45.0000   15.0000 2398.8391   15.9932
   -7.5000  -37.5000   15.0000 2424.9741   15.2031
    0.0000  -37.5000   15.0000 2424.1389   14.9759
    7.5000  -37.5000   15.0000 2446.3855   15.1915
   -7.5000  -30.0000   15.0000 2480.4880   14.6352
    0.0000  -30.0000   15.0000 2466.8809   14.3890
    7.5000  -30.0000   15.0000 2486.0447   14.5205
   -7.5000  -22.5000   15.0000 2531.4084   14.1824
    0.0000  -22.5000   15.0000 2517.8655   13.9695
    7.5000  -22.5000   15.0000 2526.6814   14.0181
   -7.5000  -15.0000   15.0000 2581.1128   13.8832
    0.0000  -15.0000   15.0000 2566.3323   13.6720
    7.5000  -15.0000   15.0000 2564.9441   13.6632
   -7.5000   -7.5000   15.0000 2636.6189   13.7294
    0.0000   -7.5000   15.0000 2613.4409   13.5209
    7.5000   -7.5000   15.0000 2597.6453   13.4279
   -7.5000    0.0000   15.0000 2691.2803   13.6868
    0.0000    0.0000   15.0000 2658.0803   13.4623
    7.5000    0.0000   15.0000 2628.0791   13.2588
   -7.5000    7.5000   15.0000 2752.0239   13.7692
    0.0000    7.5000   15.0000 2700.2468   13.4466
    7.5000    7.5000   15.0000 2654.0903   13.1337
   -7.5000   15.0000   15.0000 2803.5339   13.9479
    0.0000   15.0000   15.0000 2730.5979   13.3868
    7.5000   15.0000   15.0000 2675.4155   13.0791
   -7.5000   22.5000   15.0000 2812.8313   13.7499
    0.0000   22.5000   15.0000 2736.2302   13.2689
    7.5000   22.5000   15.0000 2698.0125   13.1110
   -7.5000   30.0000   15.0000 2743.9119   13.1486
    0.0000   30.0000   15.0000 2724.6997   13.0989
    7.5000   30.0000   15.0000 2703.5742   13.1698
   -7.5000   37.5000   15.0000 2740.5955   13.0276
    0.0000   37.5000   15.0000 2717.9080   13.0819
    7.5000   37.5000   15.0000 2708.2637   13.3340
   -7.5000   45.0000   15.0000 2733.4333   13.3121
    0.0000   45.0000   15.0000 2717.7822   13.3814
    7.5000   45.0000   15.0000 2700.9985   13.6579
   -7.5000  -45.0000   22.5000 2356.8958   17.6302
    0.0000  -45.0000   22.5000 2344.7878   17.3866
    7.5000  -45.0000   22.5000 2344.2332   17.4258
   -7.5000  -37.5000   22.5000 2418.2090   16.7350
    0.0000  -37.5000   22.5000 2400.9634   16.4854
    7.5000  -37.5000   22.5000 2397.8652   16.4953
   -7.5000  -30.0000   22.5000 2483.8325   16.0017
    0.0000  -30.0000   22.5000 2460.3792   15.7389
    7.5000  -30.0000   22.5000 2450.0166   15.7104
   -7.5000  -22.5000   22.5000 2545.7698   15.3937
    0.0000  -22.5000   22.5000 2516.9670   15.1528
    7.5000  -22.5000   22.5000 2498.8145   15.1000
   -7.5000  -15.0000   22.5000 2607.3132   14.9680
    0.0000  -15.0000   22.5000 2572.5510   14.7239
    7.5000  -15.0000   22.5000 2546.3198   14.6520
   -7.5000   -7.5000   22.5000 2662.3826   14.7024
    0.0000   -7.5000   22.5000 2626.1907   14.4492
    7.5000   -7.5000   22.5000 2588.3787   14.3240
   -7.5000    0.0000   22.5000 2714.3484   14.5490
    0.0000    0.0000   22.5000 2676.8704   14.2779
    7.5000    0.0000   22.5000 2631.1914   14.0751
   -7.5000    7.5000   22.5000 2765.1863   14.4956
    0.0000    7.5000   22.5000 2715.4175   14.1375
    7.5000    7.5000   22.5000 2657.1094   13.8784
   -7.5000   15.0000   22.5000 2801.8989   14.4645
    0.0000   15.0000   22.5000 2741.4448   14.0193
    7.5000   15.0000   22.5000 2684.6226   13.7987
   -7.5000   22.5000   22.5000 2778.0637   13.9448
    0.0000   22.5000   22.5000 2751.4316   13.8573
    7.5000   22.5000   22.5000 2705.6057   13.7624
   -7.5000   30.0000   22.5000 2751.0559   13.5480
    0.0000   30.0000   22.5000 2747.0427   13.6379
    7.5000   30.0000   22.5000 2716.0303   13.7717
   -7.5000   37.5000   22.5000 2747.6228   13.5777
    0.0000   37.5000   22.5000 2741.0244   13.6771
    7.5000   37.5000   22.5000 2711.2559   13.8997
   -7.5000   45.0000   22.5000 2733.4512   13.9381
    0.0000   45.0000   22.5000 2715.5928   13.9967
    7.5000   45.0000   22.5000 2691.5645   14.2348
   -7.5000  -45.0000   30.0000 2328.6428   19.4555
    0.0000  -45.0000   30.0000 2307.5154   19.2269
    7.5000  -45.0000   30.0000 2291.6458   19.1283
   -7.5000  -37.5000   30.0000 2398.7139   18.3132
    0.0000  -37.5000   30.0000 2374.0959   18.0814
    7.5000  -37.5000   30.0000 2358.0208   18.0018
   -7.5000  -30.0000   30.0000 2461.7705   17.3462
    0.0000  -30.0000   30.0000 2437.7908   17.1597
    7.5000  -30.0000   30.0000 2420.6775   17.0991
   -7.5000  -22.5000   30.0000 2516.6226   16.5270
    0.0000  -22.5000   30.0000 2499.2617   16.3709
    7.5000  -22.5000   30.0000 2476.8225   16.3613
   -7.5000  -15.0000   30.0000 2567.1042   15.9208
    0.0000  -15.0000   30.0000 2558.1609   15.8210
    7.5000  -15.0000   30.0000 2527.5486   15.7923
   -7.5000   -7.5000   30.0000 2623.6790   15.4993
    0.0000   -7.5000   30.0000 2614.5623   15.4160
    7.5000   -7.5000   30.0000 2574.8831   15.3119
   -7.5000    0.0000   30.0000 2674.7654   15.2385
    0.0000    0.0000   30.0000 2658.1992   15.1122
    7.5000    0.0000   30.0000 2617.7644   14.9637
   -7.5000    7.5000   30.0000 2719.8989   15.0366
    0.0000    7.5000   30.0000 2698.6978   14.8418
    7.5000    7.5000   30.0000 2648.3494   14.6907
   -7.5000   15.0000   30.0000 2729.1963   14.6275
    0.0000   15.0000   30.0000 2723.3157   14.6024
    7.5000   15.0000   30.0000 2670.2832   14.5604
   -7.5000   22.5000   30.0000 2721.9707   14.1617
    0.0000   22.5000   30.0000 2732.3259   14.3823
    7.5000   22.5000   30.0000 2684.7827   14.4797
   -7.5000   30.0000   30.0000 2726.0720   13.9987
    0.0000   30.0000   30.0000 2730.6707   14.2376
    7.5000   30.0000   30.0000 2689.3540   14.4093
   -7.5000   37.5000   30.0000 2729.4788   14.1704
    0.0000   37.5000   30.0000 2716.9763   14.3078
    7.5000   37.5000   30.0000 2683.7590   14.5566
   -7.5000   45.0000   30.0000 2697.6670   14.5367
    0.0000   45.0000   30.0000 2693.9780   14.6464
    7.5000   45.0000   30.0000 2656.1069   14.9026
   -7.5000  -45.0000   37.5000 2273.4324   21.2947
    0.0000  -45.0000   37.5000 2260.3718   21.2021
    7.5000  -45.0000   37.5000 2242.8921   21.1143
   -7.5000  -37.5000   37.5000 2346.4551   19.8088
    0.0000  -37.5000   37.5000 2334.8501   19.7515
    7.5000  -37.5000   37.5000 2316.2158   19.7316
   -7.5000  -30.0000   37.5000 2402.5449   18.5459
    0.0000  -30.0000   37.5000 2397.3191   18.5648
    7.5000  -30.0000   37.5000 2384.0010   18.6154
   -7.5000  -22.5000   37.5000 2455.9641   17.5558
    0.0000  -22.5000   37.5000 2458.2576   17.6171
    7.5000  -22.5000   37.5000 2448.2151   17.7207
   -7.5000  -15.0000   37.5000 2516.1130   16.8096
    0.0000  -15.0000   37.5000 2521.0293   16.8690
    7.5000  -15.0000   37.5000 2498.6633   16.9705
   -7.5000   -7.5000   37.5000 2569.7241   16.2742
    0.0000   -7.5000   37.5000 2577.2446   16.3424
    7.5000   -7.5000   37.5000 2545.1694   16.3607
   -7.5000    0.0000   37.5000 2616.8672   15.8857
    0.0000    0.0000   37.5000 2623.0146   15.9275
    7.5000    0.0000   37.5000 2587.4927   15.9015
   -7.5000    7.5000   37.5000 2644.5496   15.4796
    0.0000    7.5000   37.5000 2663.6929   15.5635
    7.5000    7.5000   37.5000 2617.1113   15.5923
   -7.5000   15.0000   37.5000 2648.6399   14.9943
    0.0000   15.0000   37.5000 2684.1819   15.3008
    7.5000   15.0000   37.5000 2631.8518   15.3989
   -7.5000   22.5000   37.5000 2668.4353   14.6603
    0.0000   22.5000   37.5000 2693.5747   15.0517
    7.5000   22.5000   37.5000 2645.2300   15.2775
   -7.5000   30.0000   37.5000 2679.3782   14.6643
    0.0000   30.0000   37.5000 2688.3730   15.0017
    7.5000   30.0000   37.5000 2644.0110   15.2633
   -7.5000   37.5000   37.5000 2682.0603   14.9081
    0.0000   37.5000   37.5000 2671.6206   15.1086
    7.5000   37.5000   37.5000 2626.8179   15.3887
   -7.5000   45.0000   37.5000 2648.9163   15.2970
    0.0000   45.0000   37.5000 2648.2844   15.4495
    7.5000   45.0000   37.5000 2604.0356   15.7219
   -7.5000  -45.0000   45.0000 2189.5337   23.2078
    0.0000  -45.0000   45.0000 2196.3713   23.2751
    7.5000  -45.0000   45.0000 2182.9475   23.3286
   -7.5000  -37.5000   45.0000 2268.4070   21.4217
    0.0000  -37.5000   45.0000 2270.9731   21.5033
    7.5000  -37.5000   45.0000 2258.9170   21.6772
   -7.5000  -30.0000   45.0000 2333.2534   19.9470
    0.0000  -30.0000   45.0000 2339.2727   20.0735
    7.5000  -30.0000   45.0000 2329.2612   20.2835
   -7.5000  -22.5000   45.0000 2395.6846   18.7467
    0.0000  -22.5000   45.0000 2405.8132   18.9341
    7.5000  -22.5000   45.0000 2392.7715   19.1702
   -7.5000  -15.0000   45.0000 2450.7161   17.8526
    0.0000  -15.0000   45.0000 2465.2539   18.0225
    7.5000  -15.0000   45.0000 2444.6882   18.2472
   -7.5000   -7.5000   45.0000 2504.2964   17.1276
    0.0000   -7.5000   45.0000 2517.8906   17.3138
    7.5000   -7.5000   45.0000 2492.4912   17.5098
   -7.5000    0.0000   45.0000 2540.9978   16.6028
    0.0000    0.0000   45.0000 2562.7690   16.8332
    7.5000    0.0000   45.0000 2530.2615   16.9646
   -7.5000    7.5000   45.0000 2566.2568   16.1184
    0.0000    7.5000   45.0000 2599.7039   16.4479
    7.5000    7.5000   45.0000 2563.3569   16.6467
   -7.5000   15.0000   45.0000 2581.7410   15.6660
    0.0000   15.0000   45.0000 2615.1924   16.1461
    7.5000   15.0000   45.0000 2573.8716   16.3982
   -7.5000   22.5000   45.0000 2598.4832   15.4602
    0.0000   22.5000   45.0000 2623.5054   15.9370
    7.5000   22.5000   45.0000 2584.4011   16.2769
   -7.5000   30.0000   45.0000 2609.9026   15.5506
    0.0000   30.0000   45.0000 2622.4595   15.9392
    7.5000   30.0000   45.0000 2582.2839   16.3075
   -7.5000   37.5000   45.0000 2607.1226   15.8354
    0.0000   37.5000   45.0000 2610.8894   16.1176
    7.5000   37.5000   45.0000 2562.4822   16.4606
   -7.5000   45.0000   45.0000 2579.6707   16.2471
    0.0000   45.0000   45.0000 2584.4553   16.4778
    7.5000   45.0000   45.0000 2536.3843   16.7795

---------------------------------------------------------------------
imgreg_4dfp /opt/freesurfer/average/711-2C_as_mni_average_305 /opt/freesurfer/average/711-2B_as_mni_average_305_mask talsrcimg_g11 none talsrcimg_to_711-2C_as_mni_average_305_t4 1283
---------------------------------------------------------------------

freesurfer imgreg_4dfp.c
/opt/freesurfer/average/711-2C_as_mni_average_305.4dfp.img
       256       256       256         1
  1.000000  1.000000  1.000000
orientation T byte_order littleendian
Reading image: /opt/freesurfer/average/711-2C_as_mni_average_305.4dfp.img
dimensions:      256       256       256
mmppix:       1.0000   -1.0000   -1.0000
center:     128.0000 -129.0000 -129.0000
/opt/freesurfer/average/711-2B_as_mni_average_305_mask.4dfp.img
       256       256       256         1
  1.000000  1.000000  1.000000
orientation T byte_order littleendian
Reading mask: /opt/freesurfer/average/711-2B_as_mni_average_305_mask.4dfp.img (2306576 pixels)
talsrcimg_g11.4dfp.img
       256       256       256         1
  1.000000  1.000000  1.000000
orientation T byte_order littleendian
Reading image: talsrcimg_g11.4dfp.img
dimensions:      256       256       256
mmppix:       1.0000   -1.0000   -1.0000
center:     128.0000 -129.0000 -129.0000
rotation matrix determinant  1.000000
fimgreg.f
image alignment mode   1283 decimal      503 hex
parameters
   -7.5000   22.5000   15.0000    0.0000    0.0000    0.0000
eta,q 0.88698 13.88862
niter,ni,del,rscale     5    3   12.0000    1.2000
parameter  2  0.749086 ->  0.500000 qaram    1.1500
parameter  6 -2.112582 ->  0.500000 qaram    1.1500
parameters
   -9.4270   19.0500   15.5090    1.3872    1.5396   -3.4500
eta,q 0.88730 13.95504
  0.1283  0.1165  0.1309  0.1153  0.1238  0.1132
  0.1207  0.1141  0.1226  0.1144  0.1175  0.1128
  0.1185  0.1140  0.1163  0.1137  0.1144  0.1129
  0.1234  0.1186  0.1139  0.1135  0.1133  0.1137
  0.1287  0.1251  0.1143  0.1131  0.1138  0.1140
  0.1317  0.1300  0.1186  0.1132  0.1144  0.1138
  0.1363  0.1350  0.1264  0.1143  0.1158  0.1137
niter,ni,del,rscale     6    3   12.0000    1.2000
parameters
   -9.9921   18.9098   15.2960    2.4331    2.4017   -2.0619
eta,q 0.88799 14.00147
  0.1296  0.1256  0.1250  0.1132  0.1198  0.1163
  0.1171  0.1204  0.1162  0.1125  0.1147  0.1136
  0.1103  0.1154  0.1123  0.1115  0.1119  0.1120
  0.1127  0.1113  0.1114  0.1114  0.1115  0.1118
  0.1197  0.1128  0.1133  0.1115  0.1123  0.1124
  0.1258  0.1202  0.1188  0.1115  0.1134  0.1130
  0.1309  0.1285  0.1261  0.1123  0.1152  0.1130
niter,ni,del,rscale     5    3   12.0000    1.2000
parameter  4 -0.717826 -> -0.500000 qaram    1.1500
parameters
  -10.2178   18.7573   15.0781    5.8831    3.2783   -2.8125
eta,q 0.88946 14.01246
  0.1335  0.1250  0.1252  0.1122  0.1190  0.1128
  0.1205  0.1194  0.1163  0.1115  0.1146  0.1116
  0.1113  0.1149  0.1126  0.1112  0.1118  0.1106
  0.1120  0.1115  0.1116  0.1116  0.1106  0.1105
  0.1188  0.1125  0.1138  0.1112  0.1108  0.1105
  0.1256  0.1199  0.1192  0.1106  0.1121  0.1119
  0.1325  0.1275  0.1260  0.1112  0.1151  0.1151
niter,ni,del,rscale     5    3   12.0000    1.2000
parameters
  -10.5664   18.0798   15.0028    5.3025    3.4492   -2.7405
eta,q 0.88933 14.06278
  0.1315  0.1229  0.1260  0.1119  0.1172  0.1133
  0.1185  0.1179  0.1169  0.1114  0.1134  0.1120
  0.1092  0.1131  0.1115  0.1117  0.1114  0.1109
  0.1105  0.1096  0.1101  0.1101  0.1106  0.1107
  0.1171  0.1139  0.1123  0.1095  0.1117  0.1109
  0.1238  0.1225  0.1181  0.1114  0.1134  0.1113
  0.1331  0.1286  0.1262  0.1140  0.1161  0.1136
niter,ni,del,rscale     4    3   12.0000    1.2000
parameters
  -10.7115   18.1284   14.9845    5.0451    3.5903   -2.8607
eta,q 0.88951 14.07021
  0.1325  0.1247  0.1265  0.1117  0.1172  0.1131
  0.1199  0.1195  0.1172  0.1109  0.1134  0.1118
  0.1102  0.1149  0.1117  0.1115  0.1111  0.1107
  0.1107  0.1103  0.1102  0.1102  0.1105  0.1105
  0.1172  0.1106  0.1123  0.1091  0.1116  0.1108
  0.1232  0.1187  0.1180  0.1107  0.1133  0.1113
  0.1311  0.1261  0.1261  0.1132  0.1161  0.1136
niter,ni,del,rscale     3    3   12.0000    1.2000
parameters
  -10.8004   18.2276   14.9306    4.6354    3.6649   -2.8514
eta,q 0.88955 14.06933
  0.1327  0.1247  0.1264  0.1115  0.1169  0.1131
  0.1201  0.1195  0.1171  0.1106  0.1131  0.1118
  0.1104  0.1148  0.1116  0.1112  0.1110  0.1106
  0.1105  0.1103  0.1101  0.1101  0.1104  0.1104
  0.1170  0.1102  0.1124  0.1089  0.1117  0.1109
  0.1229  0.1182  0.1182  0.1106  0.1133  0.1113
  0.1305  0.1258  0.1264  0.1131  0.1160  0.1133
niter,ni,del,rscale     2    3   12.0000    1.2000
parameters
  -10.8363   18.3732   14.8729    4.2139    3.6781   -2.7795
eta,q 0.88955 14.06186
  0.1329  0.1247  0.1266  0.1113  0.1167  0.1131
  0.1205  0.1195  0.1172  0.1104  0.1128  0.1117
  0.1107  0.1148  0.1117  0.1109  0.1108  0.1105
  0.1104  0.1104  0.1101  0.1101  0.1104  0.1104
  0.1168  0.1100  0.1124  0.1088  0.1118  0.1110
  0.1227  0.1177  0.1183  0.1104  0.1133  0.1113
  0.1301  0.1256  0.1265  0.1129  0.1159  0.1130
niter,ni,del,rscale     1    3   12.0000    1.2000
parameters
  -10.8287   18.5244   14.8406    3.7610    3.6224   -2.7027
eta,q 0.88953 14.05307
  0.1333  0.1245  0.1268  0.1112  0.1164  0.1132
  0.1208  0.1194  0.1173  0.1103  0.1125  0.1117
  0.1109  0.1148  0.1118  0.1106  0.1107  0.1104
  0.1104  0.1105  0.1102  0.1102  0.1105  0.1104
  0.1168  0.1099  0.1125  0.1088  0.1118  0.1112
  0.1226  0.1175  0.1183  0.1102  0.1132  0.1115
  0.1299  0.1255  0.1264  0.1127  0.1159  0.1129
registration optimization eta report
parameter search radius
    6.0000    6.9000    6.0000    6.9000    6.0000    6.9000
100000*second partial in parameter space
       57.       30.       45.        5.       16.        5.
  0.1333  0.1245  0.1268  0.1112  0.1164  0.1132
  0.1208  0.1194  0.1173  0.1103  0.1125  0.1117
  0.1109  0.1148  0.1118  0.1106  0.1107  0.1104
  0.1104  0.1105  0.1102  0.1102  0.1105  0.1104
  0.1168  0.1099  0.1125  0.1088  0.1118  0.1112
  0.1226  0.1175  0.1183  0.1102  0.1132  0.1115
  0.1299  0.1255  0.1264  0.1127  0.1159  0.1129
  -10.8287   18.5244   14.8406    3.7610    3.6224   -2.7027
eta,q 0.88953 14.05307

---------------------------------------------------------------------
imgreg_4dfp /opt/freesurfer/average/711-2C_as_mni_average_305 /opt/freesurfer/average/711-2B_as_mni_average_305_mask talsrcimg_g11 none talsrcimg_to_711-2C_as_mni_average_305_t4 3335
---------------------------------------------------------------------

freesurfer imgreg_4dfp.c
/opt/freesurfer/average/711-2C_as_mni_average_305.4dfp.img
       256       256       256         1
  1.000000  1.000000  1.000000
orientation T byte_order littleendian
Reading image: /opt/freesurfer/average/711-2C_as_mni_average_305.4dfp.img
dimensions:      256       256       256
mmppix:       1.0000   -1.0000   -1.0000
center:     128.0000 -129.0000 -129.0000
/opt/freesurfer/average/711-2B_as_mni_average_305_mask.4dfp.img
       256       256       256         1
  1.000000  1.000000  1.000000
orientation T byte_order littleendian
Reading mask: /opt/freesurfer/average/711-2B_as_mni_average_305_mask.4dfp.img (2306576 pixels)
talsrcimg_g11.4dfp.img
       256       256       256         1
  1.000000  1.000000  1.000000
orientation T byte_order littleendian
Reading image: talsrcimg_g11.4dfp.img
dimensions:      256       256       256
mmppix:       1.0000   -1.0000   -1.0000
center:     128.0000 -129.0000 -129.0000
fimgreg.f
image alignment mode   3335 decimal      D07 hex
parameters
  -10.8287   18.5244   14.8406   -0.3108   -0.3068   -0.4147
    4.2913   -6.6067   -4.7060   -6.2548    6.3180    6.5463
eta,q 0.89747 14.24022
niter,ni,del,rscale     5    3    5.0000    1.2000
parameter  4  3.199081 ->  0.500000 qaram    1.1500
parameter  5  0.876156 ->  0.500000 qaram    1.1500
parameter  6  0.876762 ->  0.500000 qaram    1.1500
parameter 10  1.388587 ->  0.500000 qaram    1.1500
parameters
  -10.8967   19.0933   14.8025   -4.4508   -4.4468   -4.5547
    5.9486   -7.1747   -2.7133  -10.3948    4.0054    6.7853
eta,q 0.93490 14.85341
  0.1083  0.1070  0.1056  0.0710  0.0731  0.0652  0.0747  0.0781  0.0694  0.0649  0.0666  0.0667
  0.1050  0.1051  0.1037  0.0770  0.0743  0.0671  0.0712  0.0716  0.0684  0.0653  0.0655  0.0660
  0.1031  0.1035  0.1026  0.0876  0.0760  0.0699  0.0690  0.0679  0.0677  0.0660  0.0651  0.0654
  0.1025  0.1025  0.1023  0.1023  0.0794  0.0747  0.0678  0.0674  0.0673  0.0671  0.0654  0.0651
  0.1034  0.1023  0.1028  0.1183  0.0857  0.0830  0.0674  0.0699  0.0671  0.0685  0.0665  0.0652
  0.1055  0.1029  0.1039  0.1334  0.0941  0.0951  0.0682  0.0747  0.0673  0.0701  0.0685  0.0656
  0.1088  0.1043  0.1057  0.1458  0.1034  0.1092  0.0703  0.0813  0.0679  0.0719  0.0713  0.0667
niter,ni,del,rscale     7    3    5.0000    1.2000
parameter  2 -2.805825 -> -0.500000 qaram    1.1500
parameter  3  0.886143 ->  0.500000 qaram    1.1500
parameter  4  0.624962 ->  0.500000 qaram    1.3225
parameter 10  0.513447 ->  0.500000 qaram    1.3225
parameter 11 -0.558842 -> -0.500000 qaram    1.1500
parameter 12 -1.586215 -> -0.500000 qaram    1.1500
parameters
  -11.4443   20.4733   13.4225   -9.2118   -8.5260   -7.1734
    6.6970  -10.1290   -5.8041  -15.1558    8.1454   10.9253
eta,q 0.94992 14.84163
  0.0689  0.0735  0.0592  0.0544  0.0530  0.0542  0.0548  0.0535  0.0521  0.0520  0.0534  0.0545
  0.0662  0.0706  0.0592  0.0539  0.0529  0.0535  0.0539  0.0520  0.0520  0.0515  0.0525  0.0533
  0.0649  0.0676  0.0596  0.0545  0.0531  0.0530  0.0534  0.0522  0.0520  0.0516  0.0519  0.0522
  0.0651  0.0648  0.0606  0.0592  0.0538  0.0530  0.0530  0.0530  0.0521  0.0520  0.0515  0.0513
  0.0670  0.0622  0.0619  0.0715  0.0568  0.0536  0.0530  0.0541  0.0523  0.0527  0.0513  0.0505
  0.0705  0.0601  0.0635  0.0899  0.0636  0.0573  0.0534  0.0559  0.0528  0.0538  0.0513  0.0499
  0.0753  0.0587  0.0656  0.1090  0.0737  0.0675  0.0543  0.0591  0.0536  0.0552  0.0514  0.0496
niter,ni,del,rscale     7    3    5.0000    1.2000
parameter  2 -2.774155 -> -0.500000 qaram    1.3225
parameter  3  0.848096 ->  0.500000 qaram    1.3225
parameter  9  0.626262 ->  0.500000 qaram    1.1500
parameter 11 -0.583687 -> -0.500000 qaram    1.3225
parameters
  -11.1893   22.0603   11.8355  -12.3197  -11.0287   -8.7680
    7.5081  -13.1256   -9.9441  -10.7611   12.9064   14.7478
eta,q 0.95632 14.62311
  0.0532  0.0596  0.0445  0.0482  0.0478  0.0472  0.0478  0.0463  0.0449  0.0507  0.0464  0.0462
  0.0516  0.0563  0.0445  0.0467  0.0468  0.0465  0.0470  0.0452  0.0449  0.0477  0.0454  0.0453
  0.0506  0.0531  0.0449  0.0454  0.0459  0.0460  0.0463  0.0453  0.0450  0.0459  0.0447  0.0445
  0.0501  0.0500  0.0455  0.0446  0.0454  0.0458  0.0459  0.0459  0.0452  0.0449  0.0443  0.0439
  0.0501  0.0472  0.0465  0.0470  0.0467  0.0455  0.0459  0.0467  0.0456  0.0444  0.0440  0.0437
  0.0507  0.0449  0.0478  0.0585  0.0522  0.0464  0.0463  0.0478  0.0461  0.0443  0.0439  0.0437
  0.0522  0.0434  0.0494  0.0791  0.0614  0.0532  0.0473  0.0495  0.0471  0.0449  0.0441  0.0441
niter,ni,del,rscale     7    3    5.0000    1.2000
parameter  2 -3.335280 -> -0.500000 qaram    1.5209
parameter 10 -0.616563 -> -0.500000 qaram    1.5209
parameters
  -11.4989   23.8853   11.4143  -14.2488  -13.1109   -9.4786
    8.5730  -14.2035  -12.5676   -5.2860   14.8537   12.2917
eta,q 0.96216 14.44923
  0.0451  0.0547  0.0396  0.0422  0.0416  0.0416  0.0417  0.0412  0.0397  0.0445  0.0396  0.0386
  0.0442  0.0510  0.0388  0.0406  0.0405  0.0406  0.0406  0.0397  0.0393  0.0423  0.0388  0.0381
  0.0438  0.0473  0.0384  0.0393  0.0396  0.0399  0.0399  0.0393  0.0392  0.0406  0.0383  0.0378
  0.0437  0.0437  0.0383  0.0383  0.0389  0.0394  0.0395  0.0394  0.0393  0.0392  0.0381  0.0380
  0.0440  0.0403  0.0385  0.0380  0.0396  0.0390  0.0395  0.0400  0.0396  0.0383  0.0380  0.0385
  0.0448  0.0376  0.0394  0.0421  0.0437  0.0394  0.0399  0.0409  0.0401  0.0381  0.0382  0.0393
  0.0462  0.0355  0.0407  0.0557  0.0516  0.0448  0.0407  0.0423  0.0410  0.0388  0.0387  0.0406
niter,ni,del,rscale     7    3    5.0000    1.2000
parameter  2 -2.424992 -> -0.500000 qaram    1.7490
parameters
  -11.6691   25.9841   11.2963  -14.6025  -14.7536   -8.3851
    9.8899  -14.2455  -12.6823   -3.4459   14.1254    9.0901
eta,q 0.96883 14.42118
  0.0395  0.0517  0.0334  0.0361  0.0349  0.0355  0.0346  0.0353  0.0334  0.0387  0.0323  0.0317
  0.0385  0.0469  0.0324  0.0342  0.0335  0.0341  0.0332  0.0328  0.0324  0.0357  0.0318  0.0313
  0.0380  0.0423  0.0317  0.0327  0.0324  0.0329  0.0323  0.0318  0.0318  0.0332  0.0315  0.0312
  0.0378  0.0378  0.0314  0.0314  0.0316  0.0320  0.0317  0.0316  0.0316  0.0316  0.0313  0.0313
  0.0381  0.0338  0.0317  0.0306  0.0319  0.0313  0.0317  0.0321  0.0319  0.0313  0.0315  0.0320
  0.0389  0.0307  0.0325  0.0319  0.0355  0.0312  0.0322  0.0332  0.0325  0.0326  0.0319  0.0330
  0.0401  0.0288  0.0338  0.0399  0.0431  0.0351  0.0331  0.0351  0.0335  0.0356  0.0329  0.0347
niter,ni,del,rscale     7    3    5.0000    1.2000
parameter  2 -1.029385 -> -0.500000 qaram    2.0114
parameter 12  0.565441 ->  0.500000 qaram    1.3225
parameters
  -11.4781   28.3978   10.8596  -14.4904  -16.0914   -8.1526
    9.9708  -13.7834  -12.3898   -1.6187   13.9551    4.3291
eta,q 0.97412 14.35651
  0.0339  0.0461  0.0278  0.0317  0.0306  0.0301  0.0291  0.0313  0.0291  0.0344  0.0272  0.0260
  0.0325  0.0405  0.0269  0.0296  0.0289  0.0286  0.0278  0.0282  0.0278  0.0308  0.0267  0.0259
  0.0316  0.0354  0.0264  0.0278  0.0274  0.0275  0.0270  0.0270  0.0270  0.0283  0.0264  0.0260
  0.0312  0.0311  0.0263  0.0263  0.0263  0.0268  0.0267  0.0267  0.0267  0.0267  0.0264  0.0264
  0.0313  0.0279  0.0266  0.0251  0.0264  0.0259  0.0269  0.0271  0.0269  0.0264  0.0264  0.0269
  0.0319  0.0259  0.0275  0.0260  0.0302  0.0260  0.0277  0.0281  0.0276  0.0275  0.0266  0.0280
  0.0332  0.0261  0.0291  0.0344  0.0387  0.0316  0.0290  0.0298  0.0288  0.0310  0.0274  0.0297
niter,ni,del,rscale     7    3    5.0000    1.2000
parameters
  -11.1022   30.0526   10.5333  -14.4291  -16.7857   -7.8174
   10.3473  -13.3877  -12.1165    0.1506   14.6188    1.0911
eta,q 0.97592 14.34245
  0.0294  0.0398  0.0259  0.0300  0.0293  0.0281  0.0271  0.0293  0.0269  0.0318  0.0254  0.0249
  0.0277  0.0341  0.0250  0.0277  0.0273  0.0265  0.0257  0.0258  0.0255  0.0283  0.0248  0.0242
  0.0265  0.0293  0.0244  0.0258  0.0256  0.0253  0.0248  0.0246  0.0247  0.0257  0.0244  0.0241
  0.0259  0.0258  0.0242  0.0242  0.0242  0.0245  0.0244  0.0244  0.0245  0.0245  0.0243  0.0243
  0.0259  0.0242  0.0246  0.0230  0.0237  0.0237  0.0246  0.0249  0.0247  0.0244  0.0244  0.0249
  0.0265  0.0250  0.0255  0.0241  0.0266  0.0238  0.0253  0.0259  0.0254  0.0255  0.0246  0.0259
  0.0278  0.0291  0.0269  0.0330  0.0345  0.0293  0.0266  0.0277  0.0266  0.0284  0.0251  0.0278
niter,ni,del,rscale     6    3    5.0000    1.2000
parameters
  -10.9650   30.4311   10.1942  -14.4871  -16.3172   -7.9403
   10.8228  -13.3197  -12.1672    1.0914   14.5125    0.1495
eta,q 0.97627 14.36195
  0.0272  0.0346  0.0256  0.0297  0.0294  0.0274  0.0265  0.0282  0.0259  0.0304  0.0248  0.0254
  0.0256  0.0296  0.0246  0.0274  0.0274  0.0258  0.0251  0.0249  0.0247  0.0267  0.0242  0.0244
  0.0245  0.0260  0.0240  0.0255  0.0255  0.0246  0.0241  0.0238  0.0240  0.0245  0.0239  0.0238
  0.0241  0.0241  0.0239  0.0239  0.0239  0.0237  0.0237  0.0237  0.0237  0.0237  0.0238  0.0238
  0.0243  0.0243  0.0243  0.0226  0.0229  0.0227  0.0239  0.0243  0.0240  0.0241  0.0239  0.0241
  0.0251  0.0268  0.0251  0.0240  0.0241  0.0235  0.0246  0.0254  0.0248  0.0253  0.0242  0.0248
  0.0266  0.0324  0.0266  0.0333  0.0303  0.0301  0.0259  0.0274  0.0260  0.0284  0.0249  0.0263
niter,ni,del,rscale     5    3    5.0000    1.2000
parameters
  -10.9489   30.4970    9.9696  -14.6047  -16.1887   -8.0260
   11.0724  -13.2655  -12.0733    1.3889   14.4678   -0.0627
eta,q 0.97626 14.35767
  0.0266  0.0335  0.0256  0.0295  0.0291  0.0275  0.0263  0.0282  0.0259  0.0295  0.0248  0.0256
  0.0250  0.0286  0.0245  0.0272  0.0271  0.0259  0.0250  0.0249  0.0247  0.0261  0.0242  0.0246
  0.0241  0.0253  0.0239  0.0253  0.0253  0.0246  0.0241  0.0238  0.0240  0.0242  0.0238  0.0239
  0.0237  0.0237  0.0237  0.0237  0.0237  0.0237  0.0237  0.0237  0.0237  0.0237  0.0237  0.0237
  0.0240  0.0243  0.0240  0.0224  0.0228  0.0226  0.0239  0.0243  0.0240  0.0243  0.0239  0.0240
  0.0249  0.0273  0.0249  0.0239  0.0243  0.0235  0.0247  0.0255  0.0246  0.0256  0.0242  0.0246
  0.0265  0.0338  0.0262  0.0333  0.0311  0.0302  0.0260  0.0274  0.0258  0.0289  0.0249  0.0259
niter,ni,del,rscale     4    3    5.0000    1.2000
parameters
  -10.9469   30.5449    9.8954  -14.6118  -16.1897   -8.0639
   11.1189  -13.2577  -12.0336    1.4843   14.4534   -0.1508
eta,q 0.97625 14.35481
  0.0265  0.0333  0.0258  0.0296  0.0290  0.0276  0.0262  0.0281  0.0258  0.0292  0.0248  0.0257
  0.0250  0.0285  0.0247  0.0273  0.0271  0.0260  0.0249  0.0248  0.0246  0.0259  0.0242  0.0247
  0.0241  0.0252  0.0240  0.0253  0.0253  0.0247  0.0240  0.0238  0.0240  0.0241  0.0239  0.0240
  0.0237  0.0237  0.0237  0.0237  0.0237  0.0237  0.0237  0.0237  0.0237  0.0237  0.0238  0.0238
  0.0240  0.0243  0.0240  0.0224  0.0228  0.0227  0.0240  0.0244  0.0240  0.0243  0.0239  0.0240
  0.0250  0.0273  0.0248  0.0238  0.0244  0.0235  0.0248  0.0255  0.0246  0.0257  0.0242  0.0246
  0.0266  0.0339  0.0260  0.0329  0.0315  0.0301  0.0262  0.0274  0.0257  0.0290  0.0249  0.0258
niter,ni,del,rscale     3    3    5.0000    1.2000
parameters
  -10.9447   30.5722    9.8738  -14.6226  -16.1971   -8.0700
   11.1378  -13.2566  -12.0197    1.5266   14.4444   -0.1872
eta,q 0.97624 14.35359
  0.0266  0.0332  0.0259  0.0296  0.0290  0.0276  0.0262  0.0281  0.0258  0.0292  0.0249  0.0257
  0.0250  0.0285  0.0247  0.0273  0.0271  0.0260  0.0249  0.0248  0.0246  0.0259  0.0242  0.0247
  0.0241  0.0252  0.0240  0.0253  0.0253  0.0247  0.0240  0.0238  0.0240  0.0241  0.0239  0.0240
  0.0237  0.0238  0.0237  0.0237  0.0237  0.0238  0.0238  0.0238  0.0238  0.0237  0.0238  0.0238
  0.0240  0.0243  0.0240  0.0224  0.0228  0.0227  0.0240  0.0244  0.0240  0.0243  0.0239  0.0240
  0.0250  0.0273  0.0247  0.0238  0.0245  0.0234  0.0248  0.0255  0.0246  0.0257  0.0242  0.0246
  0.0266  0.0339  0.0260  0.0329  0.0316  0.0300  0.0263  0.0275  0.0257  0.0291  0.0249  0.0258
registration optimization eta report
parameter search radius
    2.4000    4.8273    3.1740    9.5220    8.2800    8.2800
    7.2000    7.2000    8.2800   10.9503    9.5220    9.5220
100000*second partial in parameter space
       49.       42.       22.        9.       10.        8.
        5.        8.        3.        5.        1.        2.
  0.0266  0.0332  0.0259  0.0296  0.0290  0.0276  0.0262  0.0281  0.0258  0.0292  0.0249  0.0257
  0.0250  0.0285  0.0247  0.0273  0.0271  0.0260  0.0249  0.0248  0.0246  0.0259  0.0242  0.0247
  0.0241  0.0252  0.0240  0.0253  0.0253  0.0247  0.0240  0.0238  0.0240  0.0241  0.0239  0.0240
  0.0237  0.0238  0.0237  0.0237  0.0237  0.0238  0.0238  0.0238  0.0238  0.0237  0.0238  0.0238
  0.0240  0.0243  0.0240  0.0224  0.0228  0.0227  0.0240  0.0244  0.0240  0.0243  0.0239  0.0240
  0.0250  0.0273  0.0247  0.0238  0.0245  0.0234  0.0248  0.0255  0.0246  0.0257  0.0242  0.0246
  0.0266  0.0339  0.0260  0.0329  0.0316  0.0300  0.0263  0.0275  0.0257  0.0291  0.0249  0.0258
  -10.9447   30.5722    9.8738  -14.6226  -16.1971   -8.0700
   11.1378  -13.2566  -12.0197    1.5266   14.4444   -0.1872
eta,q 0.97624 14.35359

---------------------------------------------------------------------
imgreg_4dfp /opt/freesurfer/average/711-2C_as_mni_average_305 /opt/freesurfer/average/711-2B_as_mni_average_305_mask talsrcimg_g11 none talsrcimg_to_711-2C_as_mni_average_305_t4 2311
---------------------------------------------------------------------

freesurfer imgreg_4dfp.c
/opt/freesurfer/average/711-2C_as_mni_average_305.4dfp.img
       256       256       256         1
  1.000000  1.000000  1.000000
orientation T byte_order littleendian
Reading image: /opt/freesurfer/average/711-2C_as_mni_average_305.4dfp.img
dimensions:      256       256       256
mmppix:       1.0000   -1.0000   -1.0000
center:     128.0000 -129.0000 -129.0000
/opt/freesurfer/average/711-2B_as_mni_average_305_mask.4dfp.img
       256       256       256         1
  1.000000  1.000000  1.000000
orientation T byte_order littleendian
Reading mask: /opt/freesurfer/average/711-2B_as_mni_average_305_mask.4dfp.img (2306576 pixels)
talsrcimg_g11.4dfp.img
       256       256       256         1
  1.000000  1.000000  1.000000
orientation T byte_order littleendian
Reading image: talsrcimg_g11.4dfp.img
dimensions:      256       256       256
mmppix:       1.0000   -1.0000   -1.0000
center:     128.0000 -129.0000 -129.0000
fimgreg.f
image alignment mode   2311 decimal      907 hex
parameters
  -10.9447   30.5722    9.8738  -14.6226  -16.1971   -8.0700
   11.1378  -13.2566  -12.0197    1.5266   14.4444   -0.1872
eta,q 0.97624 14.35358
niter,ni,del,rscale     5    3    5.0000    0.8000
parameter  4 -1.463270 -> -0.500000 qaram    1.1500
parameter  6 -0.870032 -> -0.500000 qaram    1.1500
parameters
  -10.9263   30.9082    9.8462  -11.8626  -14.8387   -5.3100
   10.8384  -12.9283  -11.4543    1.2449   13.9103   -1.2109
eta,q 0.97910 14.67566
  0.0250  0.0252  0.0243  0.0262  0.0255  0.0241  0.0227  0.0270  0.0225  0.0223  0.0217  0.0215
  0.0243  0.0245  0.0240  0.0253  0.0244  0.0233  0.0217  0.0231  0.0216  0.0215  0.0213  0.0211
  0.0239  0.0240  0.0238  0.0245  0.0234  0.0226  0.0211  0.0213  0.0211  0.0210  0.0210  0.0209
  0.0238  0.0238  0.0237  0.0237  0.0225  0.0220  0.0209  0.0209  0.0209  0.0209  0.0209  0.0209
  0.0239  0.0237  0.0238  0.0230  0.0220  0.0213  0.0211  0.0214  0.0210  0.0211  0.0210  0.0211
  0.0243  0.0239  0.0240  0.0224  0.0221  0.0208  0.0219  0.0227  0.0213  0.0216  0.0215  0.0216
  0.0250  0.0243  0.0243  0.0225  0.0237  0.0215  0.0234  0.0250  0.0219  0.0227  0.0223  0.0224
niter,ni,del,rscale     6    3    5.0000    0.9000
parameters
  -11.0356   30.4622    9.9923  -12.8967  -14.7394   -6.6354
   11.1553  -13.0796  -11.5199    1.2822   14.4804   -0.5029
eta,q 0.97829 14.58805
  0.0233  0.0218  0.0224  0.0243  0.0245  0.0239  0.0239  0.0252  0.0229  0.0232  0.0224  0.0228
  0.0219  0.0212  0.0215  0.0230  0.0233  0.0229  0.0228  0.0226  0.0223  0.0224  0.0221  0.0223
  0.0211  0.0208  0.0210  0.0218  0.0222  0.0221  0.0221  0.0218  0.0219  0.0219  0.0219  0.0219
  0.0209  0.0209  0.0208  0.0208  0.0213  0.0212  0.0218  0.0218  0.0218  0.0218  0.0218  0.0217
  0.0213  0.0214  0.0209  0.0210  0.0209  0.0212  0.0219  0.0223  0.0219  0.0219  0.0217  0.0217
  0.0223  0.0223  0.0213  0.0240  0.0219  0.0247  0.0224  0.0233  0.0223  0.0224  0.0219  0.0220
  0.0241  0.0238  0.0219  0.0313  0.0254  0.0325  0.0235  0.0251  0.0230  0.0232  0.0222  0.0224
niter,ni,del,rscale     5    3    5.0000    0.8000
parameters
  -10.9696   30.4698    9.6442  -12.5747  -14.4402   -6.8787
   11.0118  -13.1295  -11.5929    1.3732   14.5849   -0.5872
eta,q 0.97848 14.59969
  0.0234  0.0230  0.0221  0.0247  0.0243  0.0239  0.0231  0.0246  0.0225  0.0228  0.0221  0.0223
  0.0225  0.0223  0.0218  0.0236  0.0232  0.0230  0.0223  0.0224  0.0220  0.0221  0.0218  0.0219
  0.0219  0.0219  0.0217  0.0226  0.0223  0.0223  0.0217  0.0216  0.0216  0.0217  0.0216  0.0216
  0.0217  0.0217  0.0217  0.0217  0.0215  0.0214  0.0215  0.0215  0.0215  0.0215  0.0215  0.0215
  0.0218  0.0218  0.0219  0.0211  0.0212  0.0208  0.0217  0.0219  0.0216  0.0216  0.0215  0.0216
  0.0223  0.0223  0.0222  0.0219  0.0219  0.0219  0.0223  0.0228  0.0220  0.0220  0.0217  0.0219
  0.0232  0.0231  0.0227  0.0252  0.0245  0.0262  0.0234  0.0244  0.0226  0.0227  0.0221  0.0223
niter,ni,del,rscale     4    3    5.0000    0.7000
parameters
  -10.9500   30.4680    9.6060  -12.2533  -14.2140   -6.4556
   11.0061  -13.1149  -11.5300    1.4030   14.5576   -0.7327
eta,q 0.97887 14.64099
  0.0228  0.0226  0.0221  0.0241  0.0237  0.0235  0.0225  0.0239  0.0220  0.0222  0.0216  0.0217
  0.0221  0.0220  0.0217  0.0232  0.0228  0.0228  0.0218  0.0221  0.0215  0.0216  0.0214  0.0214
  0.0217  0.0217  0.0216  0.0223  0.0220  0.0221  0.0213  0.0213  0.0212  0.0213  0.0212  0.0212
  0.0215  0.0215  0.0215  0.0215  0.0214  0.0213  0.0211  0.0211  0.0211  0.0211  0.0211  0.0211
  0.0216  0.0216  0.0216  0.0211  0.0212  0.0207  0.0212  0.0215  0.0212  0.0212  0.0212  0.0212
  0.0221  0.0220  0.0218  0.0218  0.0218  0.0210  0.0217  0.0223  0.0215  0.0216  0.0213  0.0214
  0.0228  0.0226  0.0221  0.0243  0.0238  0.0238  0.0226  0.0237  0.0220  0.0222  0.0217  0.0219
niter,ni,del,rscale     3    3    5.0000    0.6000
parameters
  -10.9661   30.4159    9.6279  -12.0098  -13.9560   -6.1225
   11.0064  -13.1290  -11.4372    1.3732   14.4958   -0.8405
eta,q 0.97918 14.67289
  0.0221  0.0219  0.0216  0.0233  0.0229  0.0228  0.0219  0.0231  0.0216  0.0217  0.0213  0.0213
  0.0216  0.0215  0.0213  0.0225  0.0222  0.0222  0.0213  0.0216  0.0212  0.0212  0.0210  0.0211
  0.0212  0.0212  0.0212  0.0218  0.0215  0.0216  0.0210  0.0209  0.0209  0.0209  0.0209  0.0209
  0.0211  0.0211  0.0211  0.0211  0.0210  0.0210  0.0208  0.0208  0.0208  0.0208  0.0208  0.0208
  0.0212  0.0212  0.0212  0.0209  0.0209  0.0205  0.0209  0.0211  0.0209  0.0209  0.0209  0.0209
  0.0216  0.0215  0.0213  0.0215  0.0214  0.0209  0.0213  0.0218  0.0211  0.0212  0.0210  0.0211
  0.0222  0.0221  0.0216  0.0235  0.0228  0.0231  0.0220  0.0229  0.0215  0.0217  0.0213  0.0214
niter,ni,del,rscale     2    3    5.0000    0.5000
parameters
  -10.9891   30.3579    9.6646  -11.7877  -13.7365   -5.7613
   10.9781  -13.1398  -11.3396    1.3262   14.4002   -0.9260
eta,q 0.97944 14.70111
  0.0216  0.0214  0.0212  0.0226  0.0222  0.0223  0.0214  0.0223  0.0211  0.0212  0.0209  0.0209
  0.0212  0.0211  0.0210  0.0219  0.0216  0.0218  0.0209  0.0212  0.0208  0.0209  0.0207  0.0208
  0.0209  0.0209  0.0209  0.0213  0.0211  0.0213  0.0207  0.0207  0.0206  0.0206  0.0206  0.0206
  0.0208  0.0208  0.0208  0.0208  0.0208  0.0207  0.0206  0.0206  0.0206  0.0206  0.0206  0.0206
  0.0209  0.0209  0.0209  0.0207  0.0207  0.0204  0.0206  0.0208  0.0206  0.0206  0.0206  0.0206
  0.0212  0.0211  0.0210  0.0212  0.0210  0.0207  0.0209  0.0213  0.0208  0.0209  0.0207  0.0208
  0.0217  0.0215  0.0212  0.0226  0.0221  0.0223  0.0215  0.0222  0.0211  0.0213  0.0210  0.0210
niter,ni,del,rscale     1    3    5.0000    0.4000
parameters
  -11.0204   30.3055    9.7325  -11.5991  -13.5617   -5.4057
   10.9505  -13.1571  -11.2462    1.2757   14.2962   -1.0132
eta,q 0.97961 14.72490
  0.0211  0.0209  0.0209  0.0218  0.0215  0.0218  0.0210  0.0216  0.0208  0.0208  0.0207  0.0206
  0.0208  0.0207  0.0207  0.0213  0.0211  0.0213  0.0207  0.0209  0.0206  0.0206  0.0205  0.0205
  0.0206  0.0206  0.0206  0.0209  0.0207  0.0209  0.0205  0.0205  0.0204  0.0204  0.0204  0.0204
  0.0206  0.0206  0.0206  0.0206  0.0205  0.0205  0.0204  0.0204  0.0204  0.0204  0.0204  0.0204
  0.0206  0.0206  0.0206  0.0205  0.0205  0.0203  0.0204  0.0206  0.0204  0.0204  0.0204  0.0204
  0.0208  0.0208  0.0207  0.0208  0.0207  0.0205  0.0206  0.0210  0.0205  0.0206  0.0205  0.0205
  0.0212  0.0211  0.0208  0.0218  0.0214  0.0215  0.0210  0.0216  0.0207  0.0209  0.0207  0.0207
registration optimization eta report
parameter search radius
    0.8000    0.8000    0.8000    2.7600    2.4000    2.7600
    2.4000    2.4000    2.4000    2.4000    2.4000    2.4000
100000*second partial in parameter space
       88.       67.       42.       16.       16.       15.
       10.       21.        6.        8.        5.        5.
  0.0211  0.0209  0.0209  0.0218  0.0215  0.0218  0.0210  0.0216  0.0208  0.0208  0.0207  0.0206
  0.0208  0.0207  0.0207  0.0213  0.0211  0.0213  0.0207  0.0209  0.0206  0.0206  0.0205  0.0205
  0.0206  0.0206  0.0206  0.0209  0.0207  0.0209  0.0205  0.0205  0.0204  0.0204  0.0204  0.0204
  0.0206  0.0206  0.0206  0.0206  0.0205  0.0205  0.0204  0.0204  0.0204  0.0204  0.0204  0.0204
  0.0206  0.0206  0.0206  0.0205  0.0205  0.0203  0.0204  0.0206  0.0204  0.0204  0.0204  0.0204
  0.0208  0.0208  0.0207  0.0208  0.0207  0.0205  0.0206  0.0210  0.0205  0.0206  0.0205  0.0205
  0.0212  0.0211  0.0208  0.0218  0.0214  0.0215  0.0210  0.0216  0.0207  0.0209  0.0207  0.0207
  -11.0204   30.3055    9.7325  -11.5991  -13.5617   -5.4057
   10.9505  -13.1571  -11.2462    1.2757   14.2962   -1.0132
eta,q 0.97961 14.72490

---------------------------------------------------------------------
imgreg_4dfp /opt/freesurfer/average/711-2C_as_mni_average_305 /opt/freesurfer/average/711-2B_as_mni_average_305_mask talsrcimg_g11 none talsrcimg_to_711-2C_as_mni_average_305_t4 2311
---------------------------------------------------------------------

freesurfer imgreg_4dfp.c
/opt/freesurfer/average/711-2C_as_mni_average_305.4dfp.img
       256       256       256         1
  1.000000  1.000000  1.000000
orientation T byte_order littleendian
Reading image: /opt/freesurfer/average/711-2C_as_mni_average_305.4dfp.img
dimensions:      256       256       256
mmppix:       1.0000   -1.0000   -1.0000
center:     128.0000 -129.0000 -129.0000
/opt/freesurfer/average/711-2B_as_mni_average_305_mask.4dfp.img
       256       256       256         1
  1.000000  1.000000  1.000000
orientation T byte_order littleendian
Reading mask: /opt/freesurfer/average/711-2B_as_mni_average_305_mask.4dfp.img (2306576 pixels)
talsrcimg_g11.4dfp.img
       256       256       256         1
  1.000000  1.000000  1.000000
orientation T byte_order littleendian
Reading image: talsrcimg_g11.4dfp.img
dimensions:      256       256       256
mmppix:       1.0000   -1.0000   -1.0000
center:     128.0000 -129.0000 -129.0000
fimgreg.f
image alignment mode   2311 decimal      907 hex
parameters
  -11.0204   30.3055    9.7325  -11.5991  -13.5617   -5.4057
   10.9505  -13.1571  -11.2462    1.2757   14.2962   -1.0132
eta,q 0.97961 14.72490
niter,ni,del,rscale     5    3    5.0000    0.8000
parameters
  -11.1034   30.1911    9.9040  -12.3743  -14.2448   -6.1111
   11.0166  -13.1216  -11.4421    1.1716   14.3396   -0.3487
eta,q 0.97892 14.65410
  0.0225  0.0219  0.0219  0.0228  0.0230  0.0230  0.0228  0.0248  0.0221  0.0224  0.0218  0.0221
  0.0214  0.0211  0.0211  0.0219  0.0220  0.0223  0.0219  0.0223  0.0215  0.0217  0.0215  0.0217
  0.0206  0.0206  0.0206  0.0210  0.0212  0.0215  0.0214  0.0212  0.0212  0.0213  0.0212  0.0213
  0.0204  0.0204  0.0204  0.0204  0.0206  0.0208  0.0211  0.0211  0.0211  0.0211  0.0211  0.0211
  0.0207  0.0206  0.0205  0.0207  0.0208  0.0207  0.0212  0.0216  0.0213  0.0212  0.0211  0.0211
  0.0216  0.0213  0.0208  0.0226  0.0226  0.0225  0.0218  0.0226  0.0216  0.0217  0.0214  0.0213
  0.0232  0.0225  0.0213  0.0271  0.0265  0.0270  0.0229  0.0243  0.0223  0.0226  0.0218  0.0217
niter,ni,del,rscale     4    3    5.0000    0.7000
parameters
  -11.0020   30.3319    9.6964  -12.0153  -14.2239   -6.1531
   10.9209  -13.0561  -11.4275    1.2295   14.3661   -0.5502
eta,q 0.97907 14.66187
  0.0227  0.0224  0.0215  0.0233  0.0232  0.0228  0.0223  0.0241  0.0218  0.0221  0.0215  0.0215
  0.0218  0.0217  0.0212  0.0225  0.0223  0.0222  0.0216  0.0220  0.0213  0.0215  0.0212  0.0212
  0.0213  0.0213  0.0210  0.0217  0.0215  0.0216  0.0211  0.0211  0.0210  0.0211  0.0210  0.0210
  0.0211  0.0211  0.0211  0.0210  0.0209  0.0209  0.0209  0.0209  0.0209  0.0209  0.0209  0.0209
  0.0211  0.0211  0.0212  0.0207  0.0208  0.0205  0.0210  0.0213  0.0210  0.0210  0.0210  0.0210
  0.0215  0.0214  0.0215  0.0213  0.0216  0.0212  0.0215  0.0222  0.0213  0.0214  0.0212  0.0213
  0.0223  0.0220  0.0219  0.0232  0.0238  0.0239  0.0225  0.0237  0.0218  0.0220  0.0216  0.0217
niter,ni,del,rscale     3    3    5.0000    0.6000
parameters
  -10.9885   30.3676    9.7083  -11.7472  -14.0188   -5.7969
   10.9094  -13.0565  -11.3388    1.2508   14.2870   -0.7799
eta,q 0.97936 14.69155
  0.0221  0.0218  0.0215  0.0228  0.0227  0.0224  0.0218  0.0232  0.0214  0.0216  0.0212  0.0211
  0.0214  0.0214  0.0211  0.0221  0.0220  0.0219  0.0212  0.0216  0.0210  0.0211  0.0209  0.0209
  0.0211  0.0211  0.0210  0.0214  0.0213  0.0213  0.0208  0.0208  0.0207  0.0208  0.0207  0.0207
  0.0209  0.0209  0.0209  0.0209  0.0208  0.0208  0.0206  0.0206  0.0206  0.0206  0.0206  0.0206
  0.0210  0.0210  0.0210  0.0207  0.0207  0.0204  0.0207  0.0210  0.0207  0.0207  0.0207  0.0207
  0.0214  0.0212  0.0211  0.0212  0.0212  0.0208  0.0211  0.0218  0.0209  0.0210  0.0209  0.0209
  0.0220  0.0217  0.0214  0.0227  0.0227  0.0224  0.0219  0.0230  0.0213  0.0216  0.0213  0.0213
niter,ni,del,rscale     2    3    5.0000    0.5000
parameters
  -11.0147   30.3334    9.7700  -11.5879  -13.7972   -5.4828
   10.9165  -13.0796  -11.2507    1.2346   14.2076   -0.9050
eta,q 0.97955 14.71559
  0.0214  0.0212  0.0211  0.0221  0.0220  0.0219  0.0213  0.0223  0.0210  0.0211  0.0209  0.0208
  0.0210  0.0209  0.0209  0.0215  0.0214  0.0215  0.0209  0.0212  0.0207  0.0208  0.0206  0.0206
  0.0207  0.0207  0.0207  0.0210  0.0210  0.0210  0.0206  0.0206  0.0205  0.0205  0.0205  0.0205
  0.0206  0.0206  0.0206  0.0206  0.0206  0.0206  0.0205  0.0205  0.0205  0.0205  0.0205  0.0204
  0.0207  0.0207  0.0207  0.0206  0.0205  0.0203  0.0205  0.0207  0.0205  0.0205  0.0205  0.0205
  0.0210  0.0209  0.0208  0.0210  0.0209  0.0206  0.0208  0.0213  0.0207  0.0208  0.0206  0.0207
  0.0216  0.0213  0.0210  0.0221  0.0219  0.0218  0.0214  0.0223  0.0210  0.0212  0.0209  0.0209
niter,ni,del,rscale     1    3    5.0000    0.4000
parameters
  -11.0470   30.2911    9.8336  -11.4570  -13.6192   -5.1803
   10.9069  -13.1076  -11.1858    1.2026   14.1375   -0.9962
eta,q 0.97968 14.73540
  0.0210  0.0208  0.0208  0.0215  0.0214  0.0215  0.0209  0.0216  0.0207  0.0208  0.0206  0.0206
  0.0207  0.0206  0.0206  0.0211  0.0210  0.0211  0.0206  0.0208  0.0205  0.0205  0.0205  0.0205
  0.0205  0.0205  0.0205  0.0207  0.0206  0.0207  0.0204  0.0204  0.0204  0.0204  0.0204  0.0204
  0.0204  0.0204  0.0204  0.0205  0.0204  0.0204  0.0203  0.0203  0.0203  0.0203  0.0203  0.0203
  0.0205  0.0205  0.0205  0.0204  0.0204  0.0203  0.0204  0.0205  0.0204  0.0204  0.0204  0.0204
  0.0207  0.0207  0.0206  0.0207  0.0206  0.0205  0.0206  0.0209  0.0205  0.0205  0.0205  0.0205
  0.0211  0.0209  0.0207  0.0214  0.0213  0.0213  0.0209  0.0216  0.0207  0.0208  0.0207  0.0206
registration optimization eta report
parameter search radius
    0.8000    0.8000    0.8000    2.4000    2.4000    2.4000
    2.4000    2.4000    2.4000    2.4000    2.4000    2.4000
100000*second partial in parameter space
       92.       68.       46.       18.       16.       17.
       10.       22.        7.        8.        5.        5.
  0.0210  0.0208  0.0208  0.0215  0.0214  0.0215  0.0209  0.0216  0.0207  0.0208  0.0206  0.0206
  0.0207  0.0206  0.0206  0.0211  0.0210  0.0211  0.0206  0.0208  0.0205  0.0205  0.0205  0.0205
  0.0205  0.0205  0.0205  0.0207  0.0206  0.0207  0.0204  0.0204  0.0204  0.0204  0.0204  0.0204
  0.0204  0.0204  0.0204  0.0205  0.0204  0.0204  0.0203  0.0203  0.0203  0.0203  0.0203  0.0203
  0.0205  0.0205  0.0205  0.0204  0.0204  0.0203  0.0204  0.0205  0.0204  0.0204  0.0204  0.0204
  0.0207  0.0207  0.0206  0.0207  0.0206  0.0205  0.0206  0.0209  0.0205  0.0205  0.0205  0.0205
  0.0211  0.0209  0.0207  0.0214  0.0213  0.0213  0.0209  0.0216  0.0207  0.0208  0.0207  0.0206
  -11.0470   30.2911    9.8336  -11.4570  -13.6192   -5.1803
   10.9069  -13.1076  -11.1858    1.2026   14.1375   -0.9962
eta,q 0.97968 14.73540

---------------------------------------------------------------------
compute_vox2vox talsrcimg talsrcimg_to_711-2C_as_mni_average_305_t4 /opt/freesurfer/average/711-2C_as_mni_average_305
---------------------------------------------------------------------

freesurfer compute_vox2vox.c
Reading: talsrcimg.4dfp.ifh
Reading: talsrcimg_to_711-2C_as_mni_average_305_t4
Reading: /opt/freesurfer/average/711-2C_as_mni_average_305.4dfp.ifh
Writing: talsrcimg_to_711-2C_as_mni_average_305_t4_vox2vox.txt

start time Thu Mar 12 12:36:17 CET 2026
end		time Thu Mar 12 12:36:31 CET 2026

mpr2mni305 success

avi2talxfm orig_nu.mgz /opt/freesurfer/average/mni305.cor.mgz talsrcimg_to_711-2C_as_mni_average_305_t4_vox2vox.txt transforms/talairach.auto.xfm
avi2talxfm done
mv -f /out/sourcedata/freesurfer/sub-v1s19x0051297_ses-1/mri/talsrcimg_to_711-2C_as_mni_average_305_t4_vox2vox.txt /out/sourcedata/freesurfer/sub-v1s19x0051297_ses-1/mri/transforms/talsrcimg_to_711-2C_as_mni_average_305_t4_vox2vox.txt
lta_convert --src orig_nu.mgz --trg /opt/freesurfer/average/mni305.cor.mgz --inxfm transforms/talairach.auto.xfm --outlta transforms/talairach.auto.xfm.lta --subject fsaverage
7.3.2

--src: orig_nu.mgz src image (geometry).
--trg: /opt/freesurfer/average/mni305.cor.mgz trg image (geometry).
--inmni: transforms/talairach.auto.xfm input MNI/XFM transform.
--outlta: transforms/talairach.auto.xfm.lta output LTA.
--s: fsaverage subject name
 LTA read, type : 1
 1.08797   0.15212  -0.13562  -4.30629;
-0.16071   1.03201   0.03219  -34.56317;
 0.14312   0.00533   1.13965  -20.87573;
 0.00000   0.00000   0.00000   1.00000;
setting subject to fsaverage
Writing  LTA to file transforms/talairach.auto.xfm.lta...
lta_convert successful.
 
 
Started at Thu Mar 12 12:36:16 CET 2026
Ended   at Thu Mar 12 12:36:32 CET 2026
talairach_avi done
