/out/sourcedata/freesurfer/sub-v1s19x0051302_ses-1/mri
/opt/freesurfer/bin/talairach_avi
--i orig_nu.mgz --xfm transforms/talairach.auto.xfm
talairach_avi 7.3.2
Linux dna067 5.14.0-427.37.1.el9_4.x86_64 #1 SMP PREEMPT_DYNAMIC Fri Sep 13 12:41:50 EDT 2024 x86_64 x86_64 x86_64 GNU/Linux
Thu Mar 12 12:49:35 CET 2026
mri_convert orig_nu.mgz talsrcimg.img 
reading from orig_nu.mgz...
TR=0.00, TE=0.00, TI=0.00, flip angle=0.00
i_ras = (-1, 0, 0)
j_ras = (0, 0, -1)
k_ras = (0, 1, 0)
writing to talsrcimg.img...
Analyze Output Matrix
-1.00000   0.00000   0.00000   125.96789;
 0.00000   0.00000   1.00000  -114.08279;
 0.00000  -1.00000   0.00000   151.18645;
 0.00000   0.00000   0.00000   1.00000;
--------------------
INFO: set hdr.hist.orient to -1
mpr2mni305 talsrcimg
Thu Mar 12 12:49:36 CET 2026
/opt/freesurfer/bin/mpr2mni305 talsrcimg
mpr2mni305 7.3.2
target=711-2C_as_mni_average_305

---------------------------------------------------------------------
analyzeto4dfp talsrcimg -O0 -y
---------------------------------------------------------------------

freesurfer ifh2hdr.c
Thu Mar 12 12:49:36 2026
Writing: talsrcimg.4dfp.hdr
freesurfer analyzeto4dfp.c
Reading: talsrcimg.hdr
header size 348 bytes
hdr.dime.datatype	offset=70	value=2
hdr.dime.bitpix		offset=72	value=8
hdr.hist.orient		offset=252	value=-1
dimensionality     4
dimensions       256       256       256         1
Reading: talsrcimg.img
Writing: talsrcimg.4dfp.img
Writing: talsrcimg.4dfp.ifh
ifh2hdr talsrcimg -r0to232
ori=2

---------------------------------------------------------------------
gauss_4dfp talsrcimg 1.1
---------------------------------------------------------------------

freesurfer gauss_4dfp.c
Reading: talsrcimg.4dfp.img
Writing: talsrcimg_g11.4dfp.img
image dimensions 256 256 256 padded to 288 288 288
processing volume 1freesurfer ifh2hdr.c
Thu Mar 12 12:49:37 2026
Writing: talsrcimg_g11.4dfp.hdr

Writing: talsrcimg_g11.4dfp.ifh
including: talsrcimg.4dfp.img.rec in talsrcimg_g11.4dfp.img.rec

---------------------------------------------------------------------
imgreg_4dfp /opt/freesurfer/average/711-2C_as_mni_average_305 none talsrcimg_g11 none talsrcimg_to_711-2C_as_mni_average_305_t4 4355
---------------------------------------------------------------------

freesurfer imgreg_4dfp.c
/opt/freesurfer/average/711-2C_as_mni_average_305.4dfp.img
       256       256       256         1
  1.000000  1.000000  1.000000
orientation T byte_order littleendian
Reading image: /opt/freesurfer/average/711-2C_as_mni_average_305.4dfp.img
dimensions:      256       256       256
mmppix:       1.0000   -1.0000   -1.0000
center:     128.0000 -129.0000 -129.0000
talsrcimg_g11.4dfp.img
       256       256       256         1
  1.000000  1.000000  1.000000
orientation T byte_order littleendian
Reading image: talsrcimg_g11.4dfp.img
dimensions:      256       256       256
mmppix:       1.0000   -1.0000   -1.0000
center:     128.0000 -129.0000 -129.0000
t4_read: open error in t4_sub.f l:  41 t4_file(1:l)talsrcimg_to_711-2C_as_mni_average_305_t4 
t4_read: transform initialized to I4
rotation matrix determinant  1.000000
image alignment mode   4355 decimal     1103 hex
   -7.5000  -45.0000  -45.0000 6655.9775   18.9067
    0.0000  -45.0000  -45.0000 6966.8281   18.9141
    7.5000  -45.0000  -45.0000 6718.4170   18.8383
   -7.5000  -37.5000  -45.0000 7213.2070   18.7686
    0.0000  -37.5000  -45.0000 7544.4370   18.7680
    7.5000  -37.5000  -45.0000 7273.4946   18.6892
   -7.5000  -30.0000  -45.0000 8052.6328   18.6810
    0.0000  -30.0000  -45.0000 8421.8867   18.6758
    7.5000  -30.0000  -45.0000 8102.0635   18.5995
   -7.5000  -22.5000  -45.0000 8878.0918   18.6195
    0.0000  -22.5000  -45.0000 9295.9561   18.6173
    7.5000  -22.5000  -45.0000 8917.4883   18.5470
   -7.5000  -15.0000  -45.0000 9649.2275   18.5782
    0.0000  -15.0000  -45.000010098.6123   18.5833
    7.5000  -15.0000  -45.0000 9695.5615   18.5149
   -7.5000   -7.5000  -45.000010329.8008   18.5633
    0.0000   -7.5000  -45.000010813.9609   18.5735
    7.5000   -7.5000  -45.000010393.5244   18.5018
   -7.5000    0.0000  -45.000010990.8340   18.5656
    0.0000    0.0000  -45.000011488.0703   18.5732
    7.5000    0.0000  -45.000011030.2715   18.4964
   -7.5000    7.5000  -45.000010838.9248   18.5807
    0.0000    7.5000  -45.000011338.1357   18.5803
    7.5000    7.5000  -45.000010850.8359   18.5008
   -7.5000   15.0000  -45.000010630.5742   18.5957
    0.0000   15.0000  -45.000011107.7344   18.5906
    7.5000   15.0000  -45.000010641.7070   18.5140
   -7.5000   22.5000  -45.000010335.4873   18.5926
    0.0000   22.5000  -45.000010781.0518   18.5904
    7.5000   22.5000  -45.000010335.7705   18.5201
   -7.5000   30.0000  -45.0000 9800.0996   18.3304
    0.0000   30.0000  -45.000010194.9961   18.3355
    7.5000   30.0000  -45.0000 9775.8467   18.2680
   -7.5000   37.5000  -45.0000 9418.4316   18.3159
    0.0000   37.5000  -45.0000 9817.2500   18.3260
    7.5000   37.5000  -45.0000 9368.7783   18.2552
   -7.5000   45.0000  -45.0000 8664.6172   17.8531
    0.0000   45.0000  -45.0000 9060.5469   17.8604
    7.5000   45.0000  -45.0000 8624.1055   17.7865
   -7.5000  -45.0000  -37.5000 7166.8735   18.5895
    0.0000  -45.0000  -37.5000 7519.8228   18.5998
    7.5000  -45.0000  -37.5000 7227.7871   18.5468
   -7.5000  -37.5000  -37.5000 7788.8032   18.4603
    0.0000  -37.5000  -37.5000 8188.3418   18.4690
    7.5000  -37.5000  -37.5000 7847.0811   18.4144
   -7.5000  -30.0000  -37.5000 8688.1973   18.3698
    0.0000  -30.0000  -37.5000 9146.1660   18.3760
    7.5000  -30.0000  -37.5000 8732.7041   18.3232
   -7.5000  -22.5000  -37.5000 9557.5664   18.3002
    0.0000  -22.5000  -37.500010056.2441   18.3054
    7.5000  -22.5000  -37.5000 9591.2529   18.2564
   -7.5000  -15.0000  -37.500010369.9492   18.2564
    0.0000  -15.0000  -37.500010885.2607   18.2631
    7.5000  -15.0000  -37.500010396.5684   18.2149
   -7.5000   -7.5000  -37.500011077.9395   18.2486
    0.0000   -7.5000  -37.500011608.8662   18.2580
    7.5000   -7.5000  -37.500011121.6016   18.2067
   -7.5000    0.0000  -37.500011718.0264   18.2597
    0.0000    0.0000  -37.500012295.5723   18.2701
    7.5000    0.0000  -37.500011775.4658   18.2154
   -7.5000    7.5000  -37.500011538.6260   18.2783
    0.0000    7.5000  -37.500012116.7803   18.2871
    7.5000    7.5000  -37.500011589.2031   18.2314
   -7.5000   15.0000  -37.500011327.4541   18.2879
    0.0000   15.0000  -37.500011883.6523   18.2941
    7.5000   15.0000  -37.500011358.9971   18.2408
   -7.5000   22.5000  -37.500010996.0586   18.2742
    0.0000   22.5000  -37.500011498.8223   18.2794
    7.5000   22.5000  -37.500010986.4023   18.2303
   -7.5000   30.0000  -37.500010356.4932   18.0130
    0.0000   30.0000  -37.500010809.6914   18.0196
    7.5000   30.0000  -37.500010315.2959   17.9720
   -7.5000   37.5000  -37.5000 9936.8047   18.0055
    0.0000   37.5000  -37.500010384.9668   18.0147
    7.5000   37.5000  -37.5000 9874.6084   17.9640
   -7.5000   45.0000  -37.5000 9133.8643   17.5589
    0.0000   45.0000  -37.5000 9569.9541   17.5689
    7.5000   45.0000  -37.5000 9069.3936   17.5163
   -7.5000  -45.0000  -30.0000 7819.8999   19.0987
    0.0000  -45.0000  -30.0000 8211.5479   19.1136
    7.5000  -45.0000  -30.0000 7888.9077   19.0863
   -7.5000  -37.5000  -30.0000 8506.6523   18.9745
    0.0000  -37.5000  -30.0000 8937.4414   18.9926
    7.5000  -37.5000  -30.0000 8572.1494   18.9653
   -7.5000  -30.0000  -30.0000 9493.4014   18.8784
    0.0000  -30.0000  -30.0000 9995.3125   18.8959
    7.5000  -30.0000  -30.0000 9551.3281   18.8682
   -7.5000  -22.5000  -30.000010425.8223   18.7921
    0.0000  -22.5000  -30.000010969.5928   18.8067
    7.5000  -22.5000  -30.000010464.5654   18.7793
   -7.5000  -15.0000  -30.000011276.4160   18.7401
    0.0000  -15.0000  -30.000011858.2021   18.7526
    7.5000  -15.0000  -30.000011294.9570   18.7243
   -7.5000   -7.5000  -30.000012042.2334   18.7402
    0.0000   -7.5000  -30.000012668.3379   18.7526
    7.5000   -7.5000  -30.000012089.8125   18.7224
   -7.5000    0.0000  -30.000012724.1445   18.7644
    0.0000    0.0000  -30.000013400.1436   18.7793
    7.5000    0.0000  -30.000012783.8555   18.7493
   -7.5000    7.5000  -30.000012518.9814   18.7905
    0.0000    7.5000  -30.000013179.1377   18.8085
    7.5000    7.5000  -30.000012569.6113   18.7796
   -7.5000   15.0000  -30.000012279.6963   18.7956
    0.0000   15.0000  -30.000012902.2910   18.8131
    7.5000   15.0000  -30.000012297.3906   18.7847
   -7.5000   22.5000  -30.000011847.7803   18.7648
    0.0000   22.5000  -30.000012425.1885   18.7793
    7.5000   22.5000  -30.000011822.4521   18.7517
   -7.5000   30.0000  -30.000011091.3916   18.4921
    0.0000   30.0000  -30.000011582.4404   18.5044
    7.5000   30.0000  -30.000011026.0947   18.4765
   -7.5000   37.5000  -30.000010595.3359   18.4922
    0.0000   37.5000  -30.000011097.7451   18.5044
    7.5000   37.5000  -30.000010536.5625   18.4747
   -7.5000   45.0000  -30.0000 9711.1758   18.0575
    0.0000   45.0000  -30.000010203.8994   18.0718
    7.5000   45.0000  -30.0000 9668.6641   18.0430
   -7.5000  -45.0000  -22.5000 8564.5234   19.6074
    0.0000  -45.0000  -22.5000 9012.6455   19.6209
    7.5000  -45.0000  -22.5000 8649.1992   19.5943
   -7.5000  -37.5000  -22.5000 9289.3730   19.4827
    0.0000  -37.5000  -22.5000 9764.1621   19.4980
    7.5000  -37.5000  -22.5000 9344.5713   19.4727
   -7.5000  -30.0000  -22.500010361.3486   19.3876
    0.0000  -30.0000  -22.500010885.8486   19.4022
    7.5000  -30.0000  -22.500010403.7871   19.3754
   -7.5000  -22.5000  -22.500011371.9766   19.2959
    0.0000  -22.5000  -22.500011951.8135   19.3094
    7.5000  -22.5000  -22.500011387.8887   19.2802
   -7.5000  -15.0000  -22.500012251.0752   19.2401
    0.0000  -15.0000  -22.500012916.4785   19.2534
    7.5000  -15.0000  -22.500012268.8809   19.2213
   -7.5000   -7.5000  -22.500013105.0225   19.2399
    0.0000   -7.5000  -22.500013793.4053   19.2527
    7.5000   -7.5000  -22.500013106.4541   19.2201
   -7.5000    0.0000  -22.500013871.2158   19.2665
    0.0000    0.0000  -22.500014616.4316   19.2799
    7.5000    0.0000  -22.500013877.5664   19.2506
   -7.5000    7.5000  -22.500013630.0996   19.2958
    0.0000    7.5000  -22.500014377.1670   19.3110
    7.5000    7.5000  -22.500013623.7178   19.2841
   -7.5000   15.0000  -22.500013322.0107   19.3028
    0.0000   15.0000  -22.500014037.7617   19.3174
    7.5000   15.0000  -22.500013288.3320   19.2899
   -7.5000   22.5000  -22.500012778.1611   19.2676
    0.0000   22.5000  -22.500013447.2861   19.2811
    7.5000   22.5000  -22.500012712.6426   19.2517
   -7.5000   30.0000  -22.500011919.7578   18.9884
    0.0000   30.0000  -22.500012492.7412   19.0015
    7.5000   30.0000  -22.500011834.1201   18.9698
   -7.5000   37.5000  -22.500011349.6357   18.9883
    0.0000   37.5000  -22.500011905.1152   19.0009
    7.5000   37.5000  -22.500011290.0439   18.9687
   -7.5000   45.0000  -22.500010361.0342   18.5546
    0.0000   45.0000  -22.500010876.0557   18.5675
    7.5000   45.0000  -22.500010310.3477   18.5393
   -7.5000  -45.0000  -15.0000 9319.0264   19.9977
    0.0000  -45.0000  -15.0000 9798.5996   20.0062
    7.5000  -45.0000  -15.0000 9385.7832   19.9561
   -7.5000  -37.5000  -15.000010090.3330   19.8683
    0.0000  -37.5000  -15.000010603.6797   19.8731
    7.5000  -37.5000  -15.000010148.6631   19.8234
   -7.5000  -30.0000  -15.000011242.6680   19.7785
    0.0000  -30.0000  -15.000011807.6162   19.7811
    7.5000  -30.0000  -15.000011291.8691   19.7305
   -7.5000  -22.5000  -15.000012321.1943   19.6941
    0.0000  -22.5000  -15.000012946.0215   19.6988
    7.5000  -22.5000  -15.000012353.7900   19.6469
   -7.5000  -15.0000  -15.000013249.4375   19.6398
    0.0000  -15.0000  -15.000013952.2285   19.6493
    7.5000  -15.0000  -15.000013261.0078   19.5948
   -7.5000   -7.5000  -15.000014181.2822   19.6327
    0.0000   -7.5000  -15.000014913.3037   19.6437
    7.5000   -7.5000  -15.000014189.9844   19.5890
   -7.5000    0.0000  -15.000015008.3018   19.6512
    0.0000    0.0000  -15.000015839.8320   19.6599
    7.5000    0.0000  -15.000015013.7764   19.6078
   -7.5000    7.5000  -15.000014733.0752   19.6787
    0.0000    7.5000  -15.000015521.5156   19.6836
    7.5000    7.5000  -15.000014699.7002   19.6326
   -7.5000   15.0000  -15.000014340.9326   19.6918
    0.0000   15.0000  -15.000015132.1953   19.6944
    7.5000   15.0000  -15.000014317.8467   19.6432
   -7.5000   22.5000  -15.000013702.1396   19.6645
    0.0000   22.5000  -15.000014444.7637   19.6692
    7.5000   22.5000  -15.000013655.8574   19.6172
   -7.5000   30.0000  -15.000012787.1602   19.3855
    0.0000   30.0000  -15.000013455.1270   19.3948
    7.5000   30.0000  -15.000012712.0234   19.3411
   -7.5000   37.5000  -15.000012167.2930   19.3786
    0.0000   37.5000  -15.000012793.4248   19.3895
    7.5000   37.5000  -15.000012101.4062   19.3355
   -7.5000   45.0000  -15.000011068.7510   18.9365
    0.0000   45.0000  -15.000011651.3828   18.9449
    7.5000   45.0000  -15.000011013.1338   18.8947
   -7.5000  -45.0000   -7.500010143.9619   20.2495
    0.0000  -45.0000   -7.500010644.9785   20.2529
    7.5000  -45.0000   -7.500010220.8164   20.1736
   -7.5000  -37.5000   -7.500010978.3291   20.1105
    0.0000  -37.5000   -7.500011504.4111   20.1054
    7.5000  -37.5000   -7.500011052.7158   20.0241
   -7.5000  -30.0000   -7.500012225.9365   20.0221
    0.0000  -30.0000   -7.500012811.5918   20.0130
    7.5000  -30.0000   -7.500012289.7285   19.9328
   -7.5000  -22.5000   -7.500013364.8311   19.9519
    0.0000  -22.5000   -7.500014010.7803   19.9475
    7.5000  -22.5000   -7.500013405.3799   19.8706
   -7.5000  -15.0000   -7.500014341.0039   19.9052
    0.0000  -15.0000   -7.500015057.1104   19.9094
    7.5000  -15.0000   -7.500014366.0732   19.8329
   -7.5000   -7.5000   -7.500015300.2695   19.8917
    0.0000   -7.5000   -7.500016133.7314   19.9000
    7.5000   -7.5000   -7.500015353.6660   19.8216
   -7.5000    0.0000   -7.500016189.6641   19.8986
    0.0000    0.0000   -7.500017092.5215   19.9023
    7.5000    0.0000   -7.500016196.6230   19.8220
   -7.5000    7.5000   -7.500015842.0781   19.9180
    0.0000    7.5000   -7.500016682.8828   19.9132
    7.5000    7.5000   -7.500015840.9297   19.8312
   -7.5000   15.0000   -7.500015426.5166   19.9340
    0.0000   15.0000   -7.500016221.7441   19.9251
    7.5000   15.0000   -7.500015405.4854   19.8446
   -7.5000   22.5000   -7.500014713.8096   19.9187
    0.0000   22.5000   -7.500015494.5635   19.9144
    7.5000   22.5000   -7.500014671.7188   19.8375
   -7.5000   30.0000   -7.500013709.5439   19.6469
    0.0000   30.0000   -7.500014449.4629   19.6511
    7.5000   30.0000   -7.500013636.8789   19.5756
   -7.5000   37.5000   -7.500013045.9648   19.6337
    0.0000   37.5000   -7.500013747.2344   19.6419
    7.5000   37.5000   -7.500012953.6045   19.5645
   -7.5000   45.0000   -7.500011829.2900   19.1785
    0.0000   45.0000   -7.500012467.6904   19.1821
    7.5000   45.0000   -7.500011792.9551   19.1047
   -7.5000  -45.0000    0.000010929.7822   20.3396
    0.0000  -45.0000    0.000011449.9346   20.3418
    7.5000  -45.0000    0.000011021.3877   20.2546
   -7.5000  -37.5000    0.000011795.9072   20.1951
    0.0000  -37.5000    0.000012331.8564   20.1893
    7.5000  -37.5000    0.000011874.2334   20.0994
   -7.5000  -30.0000    0.000013104.0254   20.1035
    0.0000  -30.0000    0.000013670.7764   20.0935
    7.5000  -30.0000    0.000013176.3770   20.0064
   -7.5000  -22.5000    0.000014321.6758   20.0405
    0.0000  -22.5000    0.000014968.8135   20.0340
    7.5000  -22.5000    0.000014388.6543   19.9528
   -7.5000  -15.0000    0.000015392.0576   19.9992
    0.0000  -15.0000    0.000016130.8721   20.0000
    7.5000  -15.0000    0.000015464.7520   19.9205
   -7.5000   -7.5000    0.000016394.3008   19.9847
    0.0000   -7.5000    0.000017336.4434   19.9902
    7.5000   -7.5000    0.000016470.3281   19.9073
   -7.5000    0.0000    0.000017232.0039   19.9866
    0.0000    0.0000    0.000018143.9355   19.9891
    7.5000    0.0000    0.000017275.9746   19.9011
   -7.5000    7.5000    0.000016839.3945   20.0006
    0.0000    7.5000    0.000017666.5996   19.9952
    7.5000    7.5000    0.000016867.8965   19.9047
   -7.5000   15.0000    0.000016389.4180   20.0152
    0.0000   15.0000    0.000017186.3105   20.0054
    7.5000   15.0000    0.000016367.5000   19.9180
   -7.5000   22.5000    0.000015614.6035   20.0061
    0.0000   22.5000    0.000016377.1074   19.9996
    7.5000   22.5000    0.000015581.0527   19.9184
   -7.5000   30.0000    0.000014552.2744   19.7402
    0.0000   30.0000    0.000015300.7344   19.7410
    7.5000   30.0000    0.000014477.9834   19.6625
   -7.5000   37.5000    0.000013835.9111   19.7261
    0.0000   37.5000    0.000014554.5566   19.7315
    7.5000   37.5000    0.000013744.3311   19.6497
   -7.5000   45.0000    0.000012535.8047   19.2648
    0.0000   45.0000    0.000013186.2832   19.2672
    7.5000   45.0000    0.000012482.5947   19.1824
   -7.5000  -45.0000    7.500010784.0293   20.3565
    0.0000  -45.0000    7.500011292.9922   20.3646
    7.5000  -45.0000    7.500010894.0186   20.3030
   -7.5000  -37.5000    7.500011610.3271   20.2178
    0.0000  -37.5000    7.500012129.2637   20.2243
    7.5000  -37.5000    7.500011710.3887   20.1612
   -7.5000  -30.0000    7.500012864.7676   20.1208
    0.0000  -30.0000    7.500013392.4424   20.1249
    7.5000  -30.0000    7.500012960.2109   20.0638
   -7.5000  -22.5000    7.500014148.4336   20.0464
    0.0000  -22.5000    7.500014711.5439   20.0495
    7.5000  -22.5000    7.500014223.6143   19.9926
   -7.5000  -15.0000    7.500015389.7070   19.9997
    0.0000  -15.0000    7.500016143.2041   20.0042
    7.5000  -15.0000    7.500015463.3525   19.9480
   -7.5000   -7.5000    7.500016307.2500   19.9913
    0.0000   -7.5000    7.500017216.7070   19.9985
    7.5000   -7.5000    7.500016384.3848   19.9390
   -7.5000    0.0000    7.500016972.9199   20.0030
    0.0000    0.0000    7.500017728.9824   20.0113
    7.5000    0.0000    7.500017020.9746   19.9480
   -7.5000    7.5000    7.500016568.5020   20.0227
    0.0000    7.5000    7.500017241.2715   20.0293
    7.5000    7.5000    7.500016615.6523   19.9652
   -7.5000   15.0000    7.500016139.9561   20.0329
    0.0000   15.0000    7.500016813.2344   20.0371
    7.5000   15.0000    7.500016129.6357   19.9755
   -7.5000   22.5000    7.500015357.6230   20.0120
    0.0000   22.5000    7.500016031.0703   20.0151
    7.5000   22.5000    7.500015333.6064   19.9581
   -7.5000   30.0000    7.500014292.3965   19.7407
    0.0000   30.0000    7.500014949.3096   19.7452
    7.5000   30.0000    7.500014245.9756   19.6898
   -7.5000   37.5000    7.500013581.2754   19.7326
    0.0000   37.5000    7.500014247.8896   19.7397
    7.5000   37.5000    7.500013532.9854   19.6809
   -7.5000   45.0000    7.500012303.0977   19.2806
    0.0000   45.0000    7.500012914.6328   19.2886
    7.5000   45.0000    7.500012261.8154   19.2276
   -7.5000  -45.0000   15.000010506.8955   20.3310
    0.0000  -45.0000   15.000010986.3320   20.3450
    7.5000  -45.0000   15.000010571.4824   20.3138
   -7.5000  -37.5000   15.000011302.4395   20.2000
    0.0000  -37.5000   15.000011800.3691   20.2175
    7.5000  -37.5000   15.000011373.7119   20.1863
   -7.5000  -30.0000   15.000012518.7285   20.0988
    0.0000  -30.0000   15.000013056.9180   20.1157
    7.5000  -30.0000   15.000012609.1699   20.0842
   -7.5000  -22.5000   15.000013751.1826   20.0080
    0.0000  -22.5000   15.000014368.8027   20.0218
    7.5000  -22.5000   15.000013836.5957   19.9906
   -7.5000  -15.0000   15.000014967.6309   19.9531
    0.0000  -15.0000   15.000015752.4717   19.9647
    7.5000  -15.0000   15.000015054.2725   19.9326
   -7.5000   -7.5000   15.000015941.4072   19.9528
    0.0000   -7.5000   15.000016721.4375   19.9643
    7.5000   -7.5000   15.000016033.8359   19.9303
   -7.5000    0.0000   15.000016584.7402   19.9782
    0.0000    0.0000   15.000017100.0020   19.9922
    7.5000    0.0000   15.000016621.0352   19.9583
   -7.5000    7.5000   15.000016166.7227   20.0058
    0.0000    7.5000   15.000016590.7012   20.0232
    7.5000    7.5000   15.000016208.1084   19.9903
   -7.5000   15.0000   15.000015722.4844   20.0114
    0.0000   15.0000   15.000016170.7393   20.0283
    7.5000   15.0000   15.000015731.8184   19.9961
   -7.5000   22.5000   15.000014961.7256   19.9747
    0.0000   22.5000   15.000015467.4199   19.9885
    7.5000   22.5000   15.000014949.7695   19.9571
   -7.5000   30.0000   15.000013927.5371   19.6948
    0.0000   30.0000   15.000014451.0938   19.7062
    7.5000   30.0000   15.000013877.7500   19.6746
   -7.5000   37.5000   15.000013215.0420   19.6946
    0.0000   37.5000   15.000013770.9648   19.7059
    7.5000   37.5000   15.000013180.3477   19.6724
   -7.5000   45.0000   15.000011991.6660   19.2567
    0.0000   45.0000   15.000012508.7148   19.2702
    7.5000   45.0000   15.000011936.7119   19.2375
   -7.5000  -45.0000   22.500010084.8438   20.3044
    0.0000  -45.0000   22.500010611.3545   20.3175
    7.5000  -45.0000   22.500010157.7734   20.2892
   -7.5000  -37.5000   22.500010846.8584   20.1748
    0.0000  -37.5000   22.500011411.1768   20.1897
    7.5000  -37.5000   22.500010933.8281   20.1627
   -7.5000  -30.0000   22.500012012.2832   20.0769
    0.0000  -30.0000   22.500012572.4580   20.0913
    7.5000  -30.0000   22.500012090.7822   20.0626
   -7.5000  -22.5000   22.500013148.3428   19.9835
    0.0000  -22.5000   22.500013680.9326   19.9967
    7.5000  -22.5000   22.500013205.9463   19.9656
   -7.5000  -15.0000   22.500014199.6992   19.9268
    0.0000  -15.0000   22.500014757.5723   19.9398
    7.5000  -15.0000   22.500014287.7988   19.9058
   -7.5000   -7.5000   22.500015239.6914   19.9261
    0.0000   -7.5000   22.500015799.4863   19.9386
    7.5000   -7.5000   22.500015293.2422   19.9041
   -7.5000    0.0000   22.500016092.7607   19.9522
    0.0000    0.0000   22.500016463.4336   19.9653
    7.5000    0.0000   22.500016089.8037   19.9342
   -7.5000    7.5000   22.500015723.6689   19.9817
    0.0000    7.5000   22.500016045.1553   19.9966
    7.5000    7.5000   22.500015732.8213   19.9679
   -7.5000   15.0000   22.500015254.6318   19.9894
    0.0000   15.0000   22.500015625.9307   20.0037
    7.5000   15.0000   22.500015220.2578   19.9743
   -7.5000   22.5000   22.500014488.5068   19.9512
    0.0000   22.5000   22.500014943.4131   19.9644
    7.5000   22.5000   22.500014436.3066   19.9331
   -7.5000   30.0000   22.500013473.6084   19.6688
    0.0000   30.0000   22.500013954.2471   19.6816
    7.5000   30.0000   22.500013397.4160   19.6481
   -7.5000   37.5000   22.500012764.2246   19.6683
    0.0000   37.5000   22.500013277.4053   19.6806
    7.5000   37.5000   22.500012694.5000   19.6465
   -7.5000   45.0000   22.500011519.8867   19.2317
    0.0000   45.0000   22.500012040.5625   19.2443
    7.5000   45.0000   22.500011437.0703   19.2143
   -7.5000  -45.0000   30.0000 9597.2725   20.3444
    0.0000  -45.0000   30.000010109.9004   20.3524
    7.5000  -45.0000   30.0000 9706.0264   20.3014
   -7.5000  -37.5000   30.000010323.3203   20.2101
    0.0000  -37.5000   30.000010851.0645   20.2144
    7.5000  -37.5000   30.000010429.4014   20.1637
   -7.5000  -30.0000   30.000011389.3838   20.1176
    0.0000  -30.0000   30.000011935.1914   20.1196
    7.5000  -30.0000   30.000011496.9277   20.0681
   -7.5000  -22.5000   30.000012414.4434   20.0329
    0.0000  -22.5000   30.000013002.6484   20.0370
    7.5000  -22.5000   30.000012526.9766   19.9842
   -7.5000  -15.0000   30.000013405.8643   19.9797
    0.0000  -15.0000   30.000014054.6660   19.9886
    7.5000  -15.0000   30.000013514.8887   19.9332
   -7.5000   -7.5000   30.000014392.0996   19.9730
    0.0000   -7.5000   30.000015107.6895   19.9836
    7.5000   -7.5000   30.000014486.8184   19.9280
   -7.5000    0.0000   30.000015246.7168   19.9907
    0.0000    0.0000   30.000015981.3906   19.9989
    7.5000    0.0000   30.000015286.2861   19.9459
   -7.5000    7.5000   30.000014941.4014   20.0165
    0.0000    7.5000   30.000015641.5518   20.0209
    7.5000    7.5000   30.000014970.1611   19.9691
   -7.5000   15.0000   30.000014408.8867   20.0291
    0.0000   15.0000   30.000015062.7109   20.0311
    7.5000   15.0000   30.000014382.5000   19.9791
   -7.5000   22.5000   30.000013637.1465   20.0006
    0.0000   22.5000   30.000014206.6465   20.0047
    7.5000   22.5000   30.000013580.4727   19.9518
   -7.5000   30.0000   30.000012651.1025   19.7210
    0.0000   30.0000   30.000013150.6904   19.7298
    7.5000   30.0000   30.000012580.8877   19.6751
   -7.5000   37.5000   30.000012013.0205   19.7145
    0.0000   37.5000   30.000012473.3262   19.7250
    7.5000   37.5000   30.000011956.5352   19.6701
   -7.5000   45.0000   30.000010882.2178   19.2687
    0.0000   45.0000   30.000011309.4688   19.2766
    7.5000   45.0000   30.000010844.2979   19.2255
   -7.5000  -45.0000   37.5000 9335.7520   20.4825
    0.0000  -45.0000   37.5000 9895.2451   20.4847
    7.5000  -45.0000   37.5000 9419.6611   20.4046
   -7.5000  -37.5000   37.500010020.2939   20.3387
    0.0000  -37.5000   37.500010633.2988   20.3322
    7.5000  -37.5000   37.500010117.6465   20.2501
   -7.5000  -30.0000   37.500011064.5645   20.2463
    0.0000  -30.0000   37.500011708.3936   20.2357
    7.5000  -30.0000   37.500011164.8691   20.1547
   -7.5000  -22.5000   37.500012086.5283   20.1745
    0.0000  -22.5000   37.500012734.5830   20.1688
    7.5000  -22.5000   37.500012182.4512   20.0912
   -7.5000  -15.0000   37.500013046.1924   20.1288
    0.0000  -15.0000   37.500013717.8193   20.1317
    7.5000  -15.0000   37.500013153.6152   20.0545
   -7.5000   -7.5000   37.500013968.7617   20.1170
    0.0000   -7.5000   37.500014643.9961   20.1241
    7.5000   -7.5000   37.500014070.9043   20.0449
   -7.5000    0.0000   37.500014769.4141   20.1243
    0.0000    0.0000   37.500015442.2295   20.1268
    7.5000    0.0000   37.500014842.4023   20.0457
   -7.5000    7.5000   37.500014501.1230   20.1422
    0.0000    7.5000   37.500015110.5557   20.1360
    7.5000    7.5000   37.500014526.8340   20.0531
   -7.5000   15.0000   37.500013990.7578   20.1564
    0.0000   15.0000   37.500014559.3096   20.1460
    7.5000   15.0000   37.500013986.6299   20.0647
   -7.5000   22.5000   37.500013217.2930   20.1408
    0.0000   22.5000   37.500013751.3818   20.1351
    7.5000   22.5000   37.500013184.8857   20.0574
   -7.5000   30.0000   37.500012233.1426   19.8681
    0.0000   30.0000   37.500012765.2705   19.8710
    7.5000   30.0000   37.500012184.1982   19.7948
   -7.5000   37.5000   37.500011619.4209   19.8566
    0.0000   37.5000   37.500012113.4033   19.8637
    7.5000   37.5000   37.500011580.7168   19.7855
   -7.5000   45.0000   37.500010538.6367   19.3975
    0.0000   45.0000   37.500010986.7949   19.3999
    7.5000   45.0000   37.500010529.7549   19.3217
   -7.5000  -45.0000   45.0000 8682.4082   20.5909
    0.0000  -45.0000   45.0000 9179.6113   20.5907
    7.5000  -45.0000   45.0000 8772.2207   20.5025
   -7.5000  -37.5000   45.0000 9300.4648   20.4412
    0.0000  -37.5000   45.0000 9821.5713   20.4329
    7.5000  -37.5000   45.0000 9388.1992   20.3419
   -7.5000  -30.0000   45.000010236.4609   20.3450
    0.0000  -30.0000   45.000010807.5205   20.3325
    7.5000  -30.0000   45.000010317.0098   20.2444
   -7.5000  -22.5000   45.000011158.3467   20.2790
    0.0000  -22.5000   45.000011732.7607   20.2701
    7.5000  -22.5000   45.000011244.9883   20.1880
   -7.5000  -15.0000   45.000012008.1982   20.2369
    0.0000  -15.0000   45.000012610.4434   20.2354
    7.5000  -15.0000   45.000012099.1748   20.1551
   -7.5000   -7.5000   45.000012839.5371   20.2238
    0.0000   -7.5000   45.000013466.9141   20.2270
    7.5000   -7.5000   45.000012912.1309   20.1432
   -7.5000    0.0000   45.000013574.2236   20.2269
    0.0000    0.0000   45.000014197.6084   20.2271
    7.5000    0.0000   45.000013627.0918   20.1381
   -7.5000    7.5000   45.000013332.8467   20.2406
    0.0000    7.5000   45.000013927.3965   20.2328
    7.5000    7.5000   45.000013382.1846   20.1412
   -7.5000   15.0000   45.000012883.2217   20.2540
    0.0000   15.0000   45.000013445.9424   20.2417
    7.5000   15.0000   45.000012911.6689   20.1533
   -7.5000   22.5000   45.000012208.4814   20.2437
    0.0000   22.5000   45.000012729.5996   20.2348
    7.5000   22.5000   45.000012184.8711   20.1527
   -7.5000   30.0000   45.000011309.8994   19.9731
    0.0000   30.0000   45.000011769.7773   19.9716
    7.5000   30.0000   45.000011266.4131   19.8924
   -7.5000   37.5000   45.000010739.7900   19.9603
    0.0000   37.5000   45.000011200.0586   19.9635
    7.5000   37.5000   45.000010709.5010   19.8808
   -7.5000   45.0000   45.0000 9749.7725   19.5052
    0.0000   45.0000   45.000010191.8330   19.5054
    7.5000   45.0000   45.0000 9727.6270   19.4196

---------------------------------------------------------------------
imgreg_4dfp /opt/freesurfer/average/711-2C_as_mni_average_305 /opt/freesurfer/average/711-2B_as_mni_average_305_mask talsrcimg_g11 none talsrcimg_to_711-2C_as_mni_average_305_t4 4355
---------------------------------------------------------------------

freesurfer imgreg_4dfp.c
/opt/freesurfer/average/711-2C_as_mni_average_305.4dfp.img
       256       256       256         1
  1.000000  1.000000  1.000000
orientation T byte_order littleendian
Reading image: /opt/freesurfer/average/711-2C_as_mni_average_305.4dfp.img
dimensions:      256       256       256
mmppix:       1.0000   -1.0000   -1.0000
center:     128.0000 -129.0000 -129.0000
/opt/freesurfer/average/711-2B_as_mni_average_305_mask.4dfp.img
       256       256       256         1
  1.000000  1.000000  1.000000
orientation T byte_order littleendian
Reading mask: /opt/freesurfer/average/711-2B_as_mni_average_305_mask.4dfp.img (2306576 pixels)
talsrcimg_g11.4dfp.img
       256       256       256         1
  1.000000  1.000000  1.000000
orientation T byte_order littleendian
Reading image: talsrcimg_g11.4dfp.img
dimensions:      256       256       256
mmppix:       1.0000   -1.0000   -1.0000
center:     128.0000 -129.0000 -129.0000
rotation matrix determinant  1.000000
image alignment mode   4355 decimal     1103 hex
   -7.5000  -45.0000  -45.0000 1879.2960   29.5084
    0.0000  -45.0000  -45.0000 1888.1720   29.2112
    7.5000  -45.0000  -45.0000 1889.3036   29.1435
   -7.5000  -37.5000  -45.0000 1975.1887   26.7637
    0.0000  -37.5000  -45.0000 1986.7794   26.4781
    7.5000  -37.5000  -45.0000 1981.8088   26.4186
   -7.5000  -30.0000  -45.0000 2056.9324   24.7436
    0.0000  -30.0000  -45.0000 2069.3716   24.4994
    7.5000  -30.0000  -45.0000 2063.7959   24.3925
   -7.5000  -22.5000  -45.0000 2123.6460   23.2973
    0.0000  -22.5000  -45.0000 2137.0674   23.0720
    7.5000  -22.5000  -45.0000 2130.9517   23.0269
   -7.5000  -15.0000  -45.0000 2171.5752   22.2247
    0.0000  -15.0000  -45.0000 2183.9685   22.0081
    7.5000  -15.0000  -45.0000 2179.4995   21.9793
   -7.5000   -7.5000  -45.0000 2195.2192   21.3833
    0.0000   -7.5000  -45.0000 2207.6023   21.1362
    7.5000   -7.5000  -45.0000 2204.1711   21.1426
   -7.5000    0.0000  -45.0000 2209.8901   20.8949
    0.0000    0.0000  -45.0000 2223.5039   20.6478
    7.5000    0.0000  -45.0000 2218.4480   20.6396
   -7.5000    7.5000  -45.0000 2197.5068   20.8756
    0.0000    7.5000  -45.0000 2214.1533   20.6332
    7.5000    7.5000  -45.0000 2209.9243   20.6371
   -7.5000   15.0000  -45.0000 2180.3801   21.3845
    0.0000   15.0000  -45.0000 2193.4038   21.0570
    7.5000   15.0000  -45.0000 2192.6875   21.0878
   -7.5000   22.5000  -45.0000 2150.1392   22.0515
    0.0000   22.5000  -45.0000 2165.7529   21.7593
    7.5000   22.5000  -45.0000 2159.2656   21.7723
   -7.5000   30.0000  -45.0000 2110.6584   23.1078
    0.0000   30.0000  -45.0000 2127.2026   22.8156
    7.5000   30.0000  -45.0000 2114.6472   22.8300
   -7.5000   37.5000  -45.0000 2050.5405   24.7526
    0.0000   37.5000  -45.0000 2069.7007   24.4340
    7.5000   37.5000  -45.0000 2056.1401   24.4571
   -7.5000   45.0000  -45.0000 1964.7462   26.8825
    0.0000   45.0000  -45.0000 1986.8015   26.5746
    7.5000   45.0000  -45.0000 1973.6370   26.6516
   -7.5000  -45.0000  -37.5000 1965.6727   26.9274
    0.0000  -45.0000  -37.5000 1980.3340   26.7267
    7.5000  -45.0000  -37.5000 1976.6440   26.6427
   -7.5000  -37.5000  -37.5000 2072.6956   24.5597
    0.0000  -37.5000  -37.5000 2093.8513   24.2948
    7.5000  -37.5000  -37.5000 2081.2400   24.2242
   -7.5000  -30.0000  -37.5000 2157.3657   22.7535
    0.0000  -30.0000  -37.5000 2182.3726   22.5463
    7.5000  -30.0000  -37.5000 2165.8875   22.4592
   -7.5000  -22.5000  -37.5000 2228.0776   21.3314
    0.0000  -22.5000  -37.5000 2251.6345   21.1556
    7.5000  -22.5000  -37.5000 2237.5630   21.1150
   -7.5000  -15.0000  -37.5000 2280.0989   20.2282
    0.0000  -15.0000  -37.5000 2298.4265   20.0684
    7.5000  -15.0000  -37.5000 2288.2258   20.0806
   -7.5000   -7.5000  -37.5000 2304.6296   19.5018
    0.0000   -7.5000  -37.5000 2320.9739   19.3337
    7.5000   -7.5000  -37.5000 2313.8892   19.3710
   -7.5000    0.0000  -37.5000 2312.1816   19.1799
    0.0000    0.0000  -37.5000 2331.4802   18.9791
    7.5000    0.0000  -37.5000 2326.2786   19.0114
   -7.5000    7.5000  -37.5000 2296.7478   19.2191
    0.0000    7.5000  -37.5000 2318.8464   19.0490
    7.5000    7.5000  -37.5000 2317.4099   19.0757
   -7.5000   15.0000  -37.5000 2279.8213   19.5674
    0.0000   15.0000  -37.5000 2295.5481   19.3780
    7.5000   15.0000  -37.5000 2293.1770   19.4441
   -7.5000   22.5000  -37.5000 2254.5356   20.1386
    0.0000   22.5000  -37.5000 2276.7314   19.9072
    7.5000   22.5000  -37.5000 2263.6006   19.9652
   -7.5000   30.0000  -37.5000 2215.3860   21.1392
    0.0000   30.0000  -37.5000 2235.7708   20.8693
    7.5000   30.0000  -37.5000 2221.6338   20.9183
   -7.5000   37.5000  -37.5000 2156.2744   22.7237
    0.0000   37.5000  -37.5000 2177.2305   22.4141
    7.5000   37.5000  -37.5000 2163.2686   22.5134
   -7.5000   45.0000  -37.5000 2070.3081   24.7600
    0.0000   45.0000  -37.5000 2095.1323   24.4479
    7.5000   45.0000  -37.5000 2076.2498   24.5593
   -7.5000  -45.0000  -30.0000 2077.6853   25.5212
    0.0000  -45.0000  -30.0000 2097.1340   25.3284
    7.5000  -45.0000  -30.0000 2093.8479   25.3522
   -7.5000  -37.5000  -30.0000 2195.3325   23.2214
    0.0000  -37.5000  -30.0000 2210.8545   23.0980
    7.5000  -37.5000  -30.0000 2207.5327   23.0483
   -7.5000  -30.0000  -30.0000 2291.3403   21.5062
    0.0000  -30.0000  -30.0000 2307.9492   21.4052
    7.5000  -30.0000  -30.0000 2301.4407   21.3813
   -7.5000  -22.5000  -30.0000 2362.0195   20.1772
    0.0000  -22.5000  -30.0000 2384.6196   20.0845
    7.5000  -22.5000  -30.0000 2372.7075   20.0565
   -7.5000  -15.0000  -30.0000 2415.1680   19.1180
    0.0000  -15.0000  -30.0000 2436.2822   18.9807
    7.5000  -15.0000  -30.0000 2427.2117   19.0301
   -7.5000   -7.5000  -30.0000 2447.4744   18.4413
    0.0000   -7.5000  -30.0000 2469.8298   18.2760
    7.5000   -7.5000  -30.0000 2458.9441   18.3449
   -7.5000    0.0000  -30.0000 2461.5698   18.1757
    0.0000    0.0000  -30.0000 2481.8462   17.9830
    7.5000    0.0000  -30.0000 2471.8613   18.0622
   -7.5000    7.5000  -30.0000 2447.8206   18.2424
    0.0000    7.5000  -30.0000 2473.7874   18.0878
    7.5000    7.5000  -30.0000 2463.8865   18.1471
   -7.5000   15.0000  -30.0000 2431.8550   18.5733
    0.0000   15.0000  -30.0000 2453.1423   18.4371
    7.5000   15.0000  -30.0000 2445.4260   18.5003
   -7.5000   22.5000  -30.0000 2403.1743   19.1174
    0.0000   22.5000  -30.0000 2427.7444   18.9195
    7.5000   22.5000  -30.0000 2415.2825   18.9758
   -7.5000   30.0000  -30.0000 2358.2729   20.0699
    0.0000   30.0000  -30.0000 2375.0613   19.8508
    7.5000   30.0000  -30.0000 2368.6616   19.9255
   -7.5000   37.5000  -30.0000 2299.4666   21.6495
    0.0000   37.5000  -30.0000 2316.9004   21.3707
    7.5000   37.5000  -30.0000 2306.5288   21.4706
   -7.5000   45.0000  -30.0000 2206.9507   23.7135
    0.0000   45.0000  -30.0000 2227.6621   23.4403
    7.5000   45.0000  -30.0000 2214.2812   23.4819
   -7.5000  -45.0000  -22.5000 2172.1772   23.9062
    0.0000  -45.0000  -22.5000 2193.9529   23.7803
    7.5000  -45.0000  -22.5000 2189.8113   23.7963
   -7.5000  -37.5000  -22.5000 2295.1917   21.7154
    0.0000  -37.5000  -22.5000 2308.5452   21.6657
    7.5000  -37.5000  -22.5000 2306.2520   21.6242
   -7.5000  -30.0000  -22.5000 2393.6350   20.1132
    0.0000  -30.0000  -22.5000 2412.0588   20.0850
    7.5000  -30.0000  -22.5000 2402.3394   20.0419
   -7.5000  -22.5000  -22.5000 2472.6826   18.8342
    0.0000  -22.5000  -22.5000 2493.1335   18.7890
    7.5000  -22.5000  -22.5000 2478.5439   18.7885
   -7.5000  -15.0000  -22.5000 2529.5774   17.8977
    0.0000  -15.0000  -22.5000 2550.2292   17.7944
    7.5000  -15.0000  -22.5000 2535.7793   17.8208
   -7.5000   -7.5000  -22.5000 2567.1934   17.2756
    0.0000   -7.5000  -22.5000 2587.9456   17.1157
    7.5000   -7.5000  -22.5000 2575.3884   17.1933
   -7.5000    0.0000  -22.5000 2584.5237   17.0030
    0.0000    0.0000  -22.5000 2604.6714   16.8545
    7.5000    0.0000  -22.5000 2590.7161   16.9058
   -7.5000    7.5000  -22.5000 2581.9434   17.1390
    0.0000    7.5000  -22.5000 2608.0723   16.9389
    7.5000    7.5000  -22.5000 2590.4343   17.0329
   -7.5000   15.0000  -22.5000 2566.2200   17.4797
    0.0000   15.0000  -22.5000 2593.5562   17.3416
    7.5000   15.0000  -22.5000 2577.2178   17.3716
   -7.5000   22.5000  -22.5000 2534.8972   17.9929
    0.0000   22.5000  -22.5000 2564.3401   17.8438
    7.5000   22.5000  -22.5000 2543.9548   17.8711
   -7.5000   30.0000  -22.5000 2482.1340   18.9475
    0.0000   30.0000  -22.5000 2507.5786   18.7915
    7.5000   30.0000  -22.5000 2492.3196   18.8796
   -7.5000   37.5000  -22.5000 2410.7004   20.4107
    0.0000   37.5000  -22.5000 2434.5710   20.2427
    7.5000   37.5000  -22.5000 2422.0249   20.3381
   -7.5000   45.0000  -22.5000 2311.7200   22.3817
    0.0000   45.0000  -22.5000 2329.4028   22.1585
    7.5000   45.0000  -22.5000 2319.7444   22.2615
   -7.5000  -45.0000  -15.0000 2237.1843   22.4898
    0.0000  -45.0000  -15.0000 2257.4131   22.2483
    7.5000  -45.0000  -15.0000 2252.5493   22.3690
   -7.5000  -37.5000  -15.0000 2361.5549   20.3744
    0.0000  -37.5000  -15.0000 2381.4412   20.2437
    7.5000  -37.5000  -15.0000 2373.2461   20.2062
   -7.5000  -30.0000  -15.0000 2472.6689   18.7740
    0.0000  -30.0000  -15.0000 2493.1316   18.7147
    7.5000  -30.0000  -15.0000 2483.0708   18.6532
   -7.5000  -22.5000  -15.0000 2554.2241   17.6185
    0.0000  -22.5000  -15.0000 2576.3127   17.5633
    7.5000  -22.5000  -15.0000 2563.3345   17.5379
   -7.5000  -15.0000  -15.0000 2610.3201   16.7350
    0.0000  -15.0000  -15.0000 2633.7454   16.6623
    7.5000  -15.0000  -15.0000 2619.3047   16.6480
   -7.5000   -7.5000  -15.0000 2659.2812   16.2105
    0.0000   -7.5000  -15.0000 2679.5151   16.0813
    7.5000   -7.5000  -15.0000 2669.5742   16.1109
   -7.5000    0.0000  -15.0000 2676.7937   15.9147
    0.0000    0.0000  -15.0000 2699.7598   15.7890
    7.5000    0.0000  -15.0000 2687.4287   15.8387
   -7.5000    7.5000  -15.0000 2685.5652   16.0233
    0.0000    7.5000  -15.0000 2712.8188   15.8655
    7.5000    7.5000  -15.0000 2694.9031   15.9418
   -7.5000   15.0000  -15.0000 2668.2144   16.3374
    0.0000   15.0000  -15.0000 2701.6123   16.2145
    7.5000   15.0000  -15.0000 2685.2869   16.2725
   -7.5000   22.5000  -15.0000 2631.7134   16.9208
    0.0000   22.5000  -15.0000 2666.2842   16.7718
    7.5000   22.5000  -15.0000 2649.4780   16.8519
   -7.5000   30.0000  -15.0000 2574.5938   17.9204
    0.0000   30.0000  -15.0000 2603.0115   17.7758
    7.5000   30.0000  -15.0000 2585.3162   17.8438
   -7.5000   37.5000  -15.0000 2493.8115   19.3061
    0.0000   37.5000  -15.0000 2517.7700   19.1402
    7.5000   37.5000  -15.0000 2507.4104   19.2420
   -7.5000   45.0000  -15.0000 2389.0513   21.1784
    0.0000   45.0000  -15.0000 2413.3452   20.9775
    7.5000   45.0000  -15.0000 2397.0693   21.0692
   -7.5000  -45.0000   -7.5000 2299.3438   21.3099
    0.0000  -45.0000   -7.5000 2316.3628   21.0224
    7.5000  -45.0000   -7.5000 2313.7571   21.1117
   -7.5000  -37.5000   -7.5000 2429.0403   19.2290
    0.0000  -37.5000   -7.5000 2445.1289   19.0038
    7.5000  -37.5000   -7.5000 2442.8350   19.0816
   -7.5000  -30.0000   -7.5000 2541.1550   17.6881
    0.0000  -30.0000   -7.5000 2562.7717   17.4995
    7.5000  -30.0000   -7.5000 2554.2212   17.5761
   -7.5000  -22.5000   -7.5000 2624.7944   16.5507
    0.0000  -22.5000   -7.5000 2652.2642   16.4354
    7.5000  -22.5000   -7.5000 2636.9006   16.4265
   -7.5000  -15.0000   -7.5000 2686.7273   15.7661
    0.0000  -15.0000   -7.5000 2712.6855   15.6919
    7.5000  -15.0000   -7.5000 2694.9802   15.6430
   -7.5000   -7.5000   -7.5000 2735.6050   15.2528
    0.0000   -7.5000   -7.5000 2762.5098   15.1569
    7.5000   -7.5000   -7.5000 2748.2659   15.1393
   -7.5000    0.0000   -7.5000 2760.3557   14.9929
    0.0000    0.0000   -7.5000 2787.9436   14.8861
    7.5000    0.0000   -7.5000 2773.6223   14.9165
   -7.5000    7.5000   -7.5000 2768.8306   15.0405
    0.0000    7.5000   -7.5000 2800.1646   14.9368
    7.5000    7.5000   -7.5000 2781.2085   14.9775
   -7.5000   15.0000   -7.5000 2756.4458   15.3761
    0.0000   15.0000   -7.5000 2792.4861   15.2361
    7.5000   15.0000   -7.5000 2772.3872   15.3036
   -7.5000   22.5000   -7.5000 2721.6389   16.0171
    0.0000   22.5000   -7.5000 2753.8596   15.8755
    7.5000   22.5000   -7.5000 2733.4768   15.9423
   -7.5000   30.0000   -7.5000 2646.8022   17.0402
    0.0000   30.0000   -7.5000 2677.4792   16.8821
    7.5000   30.0000   -7.5000 2662.8088   16.9548
   -7.5000   37.5000   -7.5000 2556.7668   18.3823
    0.0000   37.5000   -7.5000 2585.7385   18.2427
    7.5000   37.5000   -7.5000 2569.7937   18.2853
   -7.5000   45.0000   -7.5000 2446.7493   20.1910
    0.0000   45.0000   -7.5000 2470.2488   20.0322
    7.5000   45.0000   -7.5000 2455.8838   20.0263
   -7.5000  -45.0000    0.0000 2353.8364   20.4163
    0.0000  -45.0000    0.0000 2370.2412   20.0690
    7.5000  -45.0000    0.0000 2368.8909   20.2461
   -7.5000  -37.5000    0.0000 2483.9050   18.4002
    0.0000  -37.5000    0.0000 2496.6953   18.0759
    7.5000  -37.5000    0.0000 2498.5090   18.2576
   -7.5000  -30.0000    0.0000 2595.7346   16.8791
    0.0000  -30.0000    0.0000 2614.8191   16.6124
    7.5000  -30.0000    0.0000 2610.4543   16.7474
   -7.5000  -22.5000    0.0000 2683.3601   15.7929
    0.0000  -22.5000    0.0000 2712.7278   15.6052
    7.5000  -22.5000    0.0000 2697.5791   15.6768
   -7.5000  -15.0000    0.0000 2747.1521   15.0271
    0.0000  -15.0000    0.0000 2786.7998   14.9187
    7.5000  -15.0000    0.0000 2760.2373   14.9444
   -7.5000   -7.5000    0.0000 2803.9580   14.5494
    0.0000   -7.5000    0.0000 2839.1826   14.4404
    7.5000   -7.5000    0.0000 2819.2190   14.4425
   -7.5000    0.0000    0.0000 2829.3345   14.2903
    0.0000    0.0000    0.0000 2870.4268   14.2145
    7.5000    0.0000    0.0000 2846.7151   14.2101
   -7.5000    7.5000    0.0000 2840.6738   14.3286
    0.0000    7.5000    0.0000 2876.1951   14.2078
    7.5000    7.5000    0.0000 2853.6372   14.2492
   -7.5000   15.0000    0.0000 2827.0144   14.6781
    0.0000   15.0000    0.0000 2865.5398   14.5127
    7.5000   15.0000    0.0000 2841.5947   14.5865
   -7.5000   22.5000    0.0000 2782.1272   15.3823
    0.0000   22.5000    0.0000 2811.2180   15.2018
    7.5000   22.5000    0.0000 2795.2231   15.2694
   -7.5000   30.0000    0.0000 2700.1702   16.4109
    0.0000   30.0000    0.0000 2728.8540   16.2410
    7.5000   30.0000    0.0000 2711.8733   16.3008
   -7.5000   37.5000    0.0000 2600.1094   17.7637
    0.0000   37.5000    0.0000 2627.8740   17.5952
    7.5000   37.5000    0.0000 2612.8298   17.6586
   -7.5000   45.0000    0.0000 2485.6116   19.5307
    0.0000   45.0000    0.0000 2504.8713   19.3628
    7.5000   45.0000    0.0000 2496.4792   19.3642
   -7.5000  -45.0000    7.5000 2389.5349   19.6846
    0.0000  -45.0000    7.5000 2405.3770   19.2940
    7.5000  -45.0000    7.5000 2404.5796   19.6227
   -7.5000  -37.5000    7.5000 2520.4348   17.7540
    0.0000  -37.5000    7.5000 2535.7881   17.3692
    7.5000  -37.5000    7.5000 2537.9109   17.6481
   -7.5000  -30.0000    7.5000 2636.8359   16.2980
    0.0000  -30.0000    7.5000 2655.5010   15.9568
    7.5000  -30.0000    7.5000 2654.1917   16.2139
   -7.5000  -22.5000    7.5000 2728.2979   15.2825
    0.0000  -22.5000    7.5000 2759.2634   15.0192
    7.5000  -22.5000    7.5000 2744.8496   15.1993
   -7.5000  -15.0000    7.5000 2808.2087   14.6038
    0.0000  -15.0000    7.5000 2847.8704   14.4153
    7.5000  -15.0000    7.5000 2821.9600   14.5051
   -7.5000   -7.5000    7.5000 2866.4233   14.1652
    0.0000   -7.5000    7.5000 2915.7612   14.0147
    7.5000   -7.5000    7.5000 2884.1409   14.0588
   -7.5000    0.0000    7.5000 2889.0872   13.7712
    0.0000    0.0000    7.5000 2942.1292   13.6068
    7.5000    0.0000    7.5000 2905.5754   13.6742
   -7.5000    7.5000    7.5000 2897.6343   13.8440
    0.0000    7.5000    7.5000 2937.1499   13.6342
    7.5000    7.5000    7.5000 2914.9858   13.7478
   -7.5000   15.0000    7.5000 2879.5471   14.2499
    0.0000   15.0000    7.5000 2920.2664   14.0261
    7.5000   15.0000    7.5000 2898.6892   14.1444
   -7.5000   22.5000    7.5000 2821.1318   14.9803
    0.0000   22.5000    7.5000 2852.8511   14.7806
    7.5000   22.5000    7.5000 2839.6477   14.9086
   -7.5000   30.0000    7.5000 2732.9524   16.0091
    0.0000   30.0000    7.5000 2759.2217   15.8253
    7.5000   30.0000    7.5000 2748.3318   15.9398
   -7.5000   37.5000    7.5000 2628.6885   17.3720
    0.0000   37.5000    7.5000 2653.0708   17.1596
    7.5000   37.5000    7.5000 2641.7488   17.2541
   -7.5000   45.0000    7.5000 2516.0547   19.1502
    0.0000   45.0000    7.5000 2538.1643   18.9286
    7.5000   45.0000    7.5000 2525.0068   18.9901
   -7.5000  -45.0000   15.0000 2420.3982   19.3545
    0.0000  -45.0000   15.0000 2437.7705   18.9185
    7.5000  -45.0000   15.0000 2432.0408   19.2417
   -7.5000  -37.5000   15.0000 2545.6665   17.3935
    0.0000  -37.5000   15.0000 2566.7075   16.9787
    7.5000  -37.5000   15.0000 2562.2087   17.2938
   -7.5000  -30.0000   15.0000 2657.6345   15.9359
    0.0000  -30.0000   15.0000 2677.6177   15.5164
    7.5000  -30.0000   15.0000 2676.4541   15.8419
   -7.5000  -22.5000   15.0000 2751.4736   14.9660
    0.0000  -22.5000   15.0000 2781.7114   14.5918
    7.5000  -22.5000   15.0000 2769.9639   14.8641
   -7.5000  -15.0000   15.0000 2835.9524   14.3363
    0.0000  -15.0000   15.0000 2878.2224   14.0484
    7.5000  -15.0000   15.0000 2854.1511   14.2550
   -7.5000   -7.5000   15.0000 2889.3787   13.9205
    0.0000   -7.5000   15.0000 2955.5334   13.7275
    7.5000   -7.5000   15.0000 2916.6755   13.8186
   -7.5000    0.0000   15.0000 2916.3188   13.5463
    0.0000    0.0000   15.0000 2973.0364   13.1248
    7.5000    0.0000   15.0000 2931.7676   13.4361
   -7.5000    7.5000   15.0000 2929.5725   13.5871
    0.0000    7.5000   15.0000 2966.8013   13.1851
    7.5000    7.5000   15.0000 2945.8921   13.5522
   -7.5000   15.0000   15.0000 2905.6841   14.0746
    0.0000   15.0000   15.0000 2941.2754   13.7577
    7.5000   15.0000   15.0000 2932.0874   14.0174
   -7.5000   22.5000   15.0000 2837.5215   14.8873
    0.0000   22.5000   15.0000 2871.3755   14.5996
    7.5000   22.5000   15.0000 2864.1829   14.8284
   -7.5000   30.0000   15.0000 2745.1326   15.9129
    0.0000   30.0000   15.0000 2769.3547   15.6346
    7.5000   30.0000   15.0000 2762.1274   15.8414
   -7.5000   37.5000   15.0000 2633.9292   17.2567
    0.0000   37.5000   15.0000 2658.2764   16.9597
    7.5000   37.5000   15.0000 2653.3123   17.1510
   -7.5000   45.0000   15.0000 2520.9824   18.9825
    0.0000   45.0000   15.0000 2541.1514   18.6600
    7.5000   45.0000   15.0000 2529.8167   18.8296
   -7.5000  -45.0000   22.5000 2429.7036   19.1777
    0.0000  -45.0000   22.5000 2462.3787   18.8131
    7.5000  -45.0000   22.5000 2444.4731   18.9585
   -7.5000  -37.5000   22.5000 2557.7646   17.2870
    0.0000  -37.5000   22.5000 2590.9019   16.9241
    7.5000  -37.5000   22.5000 2573.8284   17.1030
   -7.5000  -30.0000   22.5000 2666.4458   15.8426
    0.0000  -30.0000   22.5000 2688.0061   15.4537
    7.5000  -30.0000   22.5000 2682.6931   15.6794
   -7.5000  -22.5000   22.5000 2758.4324   14.8085
    0.0000  -22.5000   22.5000 2780.3733   14.3853
    7.5000  -22.5000   22.5000 2773.2595   14.6575
   -7.5000  -15.0000   22.5000 2836.4851   14.1200
    0.0000  -15.0000   22.5000 2866.1199   13.6905
    7.5000  -15.0000   22.5000 2855.4939   13.9915
   -7.5000   -7.5000   22.5000 2887.7358   13.7671
    0.0000   -7.5000   22.5000 2930.2571   13.3202
    7.5000   -7.5000   22.5000 2911.6672   13.6210
   -7.5000    0.0000   22.5000 2920.4749   13.5651
    0.0000    0.0000   22.5000 2965.5332   13.1181
    7.5000    0.0000   22.5000 2936.8950   13.4340
   -7.5000    7.5000   22.5000 2928.5164   13.6712
    0.0000    7.5000   22.5000 2967.3660   13.2808
    7.5000    7.5000   22.5000 2951.0042   13.6153
   -7.5000   15.0000   22.5000 2903.6304   14.1792
    0.0000   15.0000   22.5000 2944.1035   13.8792
    7.5000   15.0000   22.5000 2927.9351   14.1238
   -7.5000   22.5000   22.5000 2835.9595   14.9727
    0.0000   22.5000   22.5000 2871.5164   14.7025
    7.5000   22.5000   22.5000 2859.6079   14.8662
   -7.5000   30.0000   22.5000 2737.3777   15.9577
    0.0000   30.0000   22.5000 2763.9915   15.7054
    7.5000   30.0000   22.5000 2756.9883   15.8206
   -7.5000   37.5000   22.5000 2623.9961   17.2331
    0.0000   37.5000   22.5000 2647.3450   16.9699
    7.5000   37.5000   22.5000 2639.1238   17.0537
   -7.5000   45.0000   22.5000 2503.4407   18.8768
    0.0000   45.0000   22.5000 2528.0261   18.6390
    7.5000   45.0000   22.5000 2514.4363   18.7079
   -7.5000  -45.0000   30.0000 2439.8132   19.4055
    0.0000  -45.0000   30.0000 2472.1335   19.0500
    7.5000  -45.0000   30.0000 2452.8616   19.2141
   -7.5000  -37.5000   30.0000 2566.7708   17.5086
    0.0000  -37.5000   30.0000 2599.3591   17.1236
    7.5000  -37.5000   30.0000 2584.0757   17.2783
   -7.5000  -30.0000   30.0000 2668.8933   16.0563
    0.0000  -30.0000   30.0000 2697.6506   15.6664
    7.5000  -30.0000   30.0000 2690.2371   15.8154
   -7.5000  -22.5000   30.0000 2758.5449   15.0191
    0.0000  -22.5000   30.0000 2792.4526   14.6255
    7.5000  -22.5000   30.0000 2780.9155   14.8027
   -7.5000  -15.0000   30.0000 2833.2524   14.3306
    0.0000  -15.0000   30.0000 2866.7437   13.9876
    7.5000  -15.0000   30.0000 2851.7776   14.1826
   -7.5000   -7.5000   30.0000 2879.8218   14.0256
    0.0000   -7.5000   30.0000 2923.9375   13.6756
    7.5000   -7.5000   30.0000 2902.8381   13.8543
   -7.5000    0.0000   30.0000 2901.8052   13.8737
    0.0000    0.0000   30.0000 2951.8267   13.6063
    7.5000    0.0000   30.0000 2924.7009   13.7213
   -7.5000    7.5000   30.0000 2904.6958   14.0408
    0.0000    7.5000   30.0000 2950.7119   13.8407
    7.5000    7.5000   30.0000 2927.3201   13.9059
   -7.5000   15.0000   30.0000 2866.2493   14.4896
    0.0000   15.0000   30.0000 2908.9902   14.3087
    7.5000   15.0000   30.0000 2886.3408   14.3757
   -7.5000   22.5000   30.0000 2802.7063   15.2197
    0.0000   22.5000   30.0000 2832.6924   15.0653
    7.5000   22.5000   30.0000 2816.0225   15.1204
   -7.5000   30.0000   30.0000 2708.3303   16.1518
    0.0000   30.0000   30.0000 2730.8433   15.9399
    7.5000   30.0000   30.0000 2720.5876   16.0246
   -7.5000   37.5000   30.0000 2597.2830   17.4060
    0.0000   37.5000   30.0000 2619.1355   17.1257
    7.5000   37.5000   30.0000 2610.8096   17.2270
   -7.5000   45.0000   30.0000 2472.4102   19.0940
    0.0000   45.0000   30.0000 2491.0520   18.7771
    7.5000   45.0000   30.0000 2486.8772   18.8834
   -7.5000  -45.0000   37.5000 2434.6990   19.9273
    0.0000  -45.0000   37.5000 2469.2563   19.7150
    7.5000  -45.0000   37.5000 2447.0537   19.7172
   -7.5000  -37.5000   37.5000 2564.4414   18.0559
    0.0000  -37.5000   37.5000 2602.6006   17.8244
    7.5000  -37.5000   37.5000 2580.1248   17.8395
   -7.5000  -30.0000   37.5000 2669.7419   16.6094
    0.0000  -30.0000   37.5000 2705.9856   16.3798
    7.5000  -30.0000   37.5000 2687.4314   16.4135
   -7.5000  -22.5000   37.5000 2760.6375   15.5876
    0.0000  -22.5000   37.5000 2790.6848   15.2966
    7.5000  -22.5000   37.5000 2775.7007   15.3759
   -7.5000  -15.0000   37.5000 2820.4585   14.9356
    0.0000  -15.0000   37.5000 2854.1252   14.5989
    7.5000  -15.0000   37.5000 2836.4514   14.7512
   -7.5000   -7.5000   37.5000 2856.4226   14.5938
    0.0000   -7.5000   37.5000 2890.3713   14.2328
    7.5000   -7.5000   37.5000 2881.7747   14.4211
   -7.5000    0.0000   37.5000 2866.7246   14.4260
    0.0000    0.0000   37.5000 2900.0964   14.1077
    7.5000    0.0000   37.5000 2889.6418   14.2555
   -7.5000    7.5000   37.5000 2862.7542   14.6142
    0.0000    7.5000   37.5000 2895.3213   14.3521
    7.5000    7.5000   37.5000 2879.9998   14.4437
   -7.5000   15.0000   37.5000 2820.0676   15.0788
    0.0000   15.0000   37.5000 2851.2988   14.8506
    7.5000   15.0000   37.5000 2835.9124   14.9007
   -7.5000   22.5000   37.5000 2754.0439   15.7495
    0.0000   22.5000   37.5000 2774.8284   15.5227
    7.5000   22.5000   37.5000 2765.4749   15.5932
   -7.5000   30.0000   37.5000 2662.3472   16.6368
    0.0000   30.0000   37.5000 2688.3264   16.4184
    7.5000   30.0000   37.5000 2674.1904   16.4713
   -7.5000   37.5000   37.5000 2556.7273   17.8399
    0.0000   37.5000   37.5000 2577.0820   17.6032
    7.5000   37.5000   37.5000 2568.6384   17.6524
   -7.5000   45.0000   37.5000 2425.2822   19.4732
    0.0000   45.0000   37.5000 2445.4688   19.1850
    7.5000   45.0000   37.5000 2442.7712   19.2455
   -7.5000  -45.0000   45.0000 2415.2251   20.6790
    0.0000  -45.0000   45.0000 2440.2454   20.4438
    7.5000  -45.0000   45.0000 2425.4250   20.4297
   -7.5000  -37.5000   45.0000 2533.8962   18.7506
    0.0000  -37.5000   45.0000 2566.3105   18.5288
    7.5000  -37.5000   45.0000 2547.7405   18.5236
   -7.5000  -30.0000   45.0000 2634.5139   17.3235
    0.0000  -30.0000   45.0000 2668.4666   17.0537
    7.5000  -30.0000   45.0000 2650.1902   17.0723
   -7.5000  -22.5000   45.0000 2718.8560   16.2769
    0.0000  -22.5000   45.0000 2749.5916   16.0096
    7.5000  -22.5000   45.0000 2735.8022   16.0576
   -7.5000  -15.0000   45.0000 2772.4702   15.5786
    0.0000  -15.0000   45.0000 2808.0508   15.3062
    7.5000  -15.0000   45.0000 2791.5662   15.4227
   -7.5000   -7.5000   45.0000 2803.8655   15.2054
    0.0000   -7.5000   45.0000 2837.1284   14.9153
    7.5000   -7.5000   45.0000 2819.5737   15.0529
   -7.5000    0.0000   45.0000 2809.9441   15.1051
    0.0000    0.0000   45.0000 2837.0481   14.7940
    7.5000    0.0000   45.0000 2824.1956   14.9054
   -7.5000    7.5000   45.0000 2795.6799   15.2934
    0.0000    7.5000   45.0000 2822.0288   15.0417
    7.5000    7.5000   45.0000 2814.0227   15.1238
   -7.5000   15.0000   45.0000 2752.7837   15.7950
    0.0000   15.0000   45.0000 2778.7361   15.5934
    7.5000   15.0000   45.0000 2767.7888   15.6328
   -7.5000   22.5000   45.0000 2684.9946   16.4608
    0.0000   22.5000   45.0000 2709.5710   16.2386
    7.5000   22.5000   45.0000 2697.1431   16.2990
   -7.5000   30.0000   45.0000 2597.7688   17.3209
    0.0000   30.0000   45.0000 2615.7500   17.0785
    7.5000   30.0000   45.0000 2606.1785   17.1533
   -7.5000   37.5000   45.0000 2493.3027   18.5087
    0.0000   37.5000   45.0000 2515.1926   18.3045
    7.5000   37.5000   45.0000 2505.6426   18.3682
   -7.5000   45.0000   45.0000 2367.0801   20.1981
    0.0000   45.0000   45.0000 2394.8591   19.9689
    7.5000   45.0000   45.0000 2384.9482   20.0005

---------------------------------------------------------------------
imgreg_4dfp /opt/freesurfer/average/711-2C_as_mni_average_305 /opt/freesurfer/average/711-2B_as_mni_average_305_mask talsrcimg_g11 none talsrcimg_to_711-2C_as_mni_average_305_t4 1283
---------------------------------------------------------------------

freesurfer imgreg_4dfp.c
/opt/freesurfer/average/711-2C_as_mni_average_305.4dfp.img
       256       256       256         1
  1.000000  1.000000  1.000000
orientation T byte_order littleendian
Reading image: /opt/freesurfer/average/711-2C_as_mni_average_305.4dfp.img
dimensions:      256       256       256
mmppix:       1.0000   -1.0000   -1.0000
center:     128.0000 -129.0000 -129.0000
/opt/freesurfer/average/711-2B_as_mni_average_305_mask.4dfp.img
       256       256       256         1
  1.000000  1.000000  1.000000
orientation T byte_order littleendian
Reading mask: /opt/freesurfer/average/711-2B_as_mni_average_305_mask.4dfp.img (2306576 pixels)
talsrcimg_g11.4dfp.img
       256       256       256         1
  1.000000  1.000000  1.000000
orientation T byte_order littleendian
Reading image: talsrcimg_g11.4dfp.img
dimensions:      256       256       256
mmppix:       1.0000   -1.0000   -1.0000
center:     128.0000 -129.0000 -129.0000
rotation matrix determinant  1.000000
fimgreg.f
image alignment mode   1283 decimal      503 hex
parameters
    0.0000    0.0000   15.0000    0.0000    0.0000    0.0000
eta,q 0.93378 13.12581
niter,ni,del,rscale     5    3   12.0000    1.2000
parameter  4 -7.825142 -> -0.500000 qaram    1.1500
parameters
    1.5205   -0.9508   15.8072    3.4500   -1.5262    0.8138
eta,q 0.94002 13.10515
  0.0825  0.0716  0.0731  0.0778  0.0635  0.0620
  0.0765  0.0686  0.0688  0.0753  0.0608  0.0613
  0.0711  0.0669  0.0662  0.0718  0.0601  0.0606
  0.0680  0.0673  0.0669  0.0670  0.0605  0.0601
  0.0679  0.0694  0.0677  0.0626  0.0626  0.0600
  0.0691  0.0726  0.0679  0.0598  0.0650  0.0605
  0.0733  0.0727  0.0693  0.0577  0.0674  0.0614
niter,ni,del,rscale     5    3   12.0000    1.2000
parameter  4 -1.172352 -> -0.500000 qaram    1.3225
parameters
    1.5813   -1.3848   15.5824    7.4175   -1.3985    0.4900
eta,q 0.94485 13.03179
  0.0732  0.0678  0.0693  0.0749  0.0625  0.0574
  0.0675  0.0624  0.0636  0.0693  0.0582  0.0560
  0.0621  0.0597  0.0597  0.0637  0.0555  0.0554
  0.0600  0.0600  0.0596  0.0594  0.0551  0.0552
  0.0619  0.0631  0.0630  0.0566  0.0563  0.0555
  0.0666  0.0662  0.0668  0.0547  0.0582  0.0563
  0.0731  0.0673  0.0681  0.0534  0.0614  0.0580
niter,ni,del,rscale     5    3   12.0000    1.2000
parameter  4 -0.552912 -> -0.500000 qaram    1.5209
parameters
    1.4926   -2.3594   16.7262   11.9801   -0.6605   -0.5571
eta,q 0.94841 12.83434
  0.0687  0.0614  0.0712  0.0688  0.0600  0.0548
  0.0627  0.0586  0.0660  0.0631  0.0568  0.0524
  0.0568  0.0549  0.0585  0.0586  0.0536  0.0516
  0.0551  0.0551  0.0543  0.0551  0.0520  0.0519
  0.0576  0.0586  0.0567  0.0523  0.0523  0.0532
  0.0631  0.0620  0.0600  0.0526  0.0543  0.0549
  0.0694  0.0662  0.0624  0.0545  0.0572  0.0568
niter,ni,del,rscale     5    3   12.0000    1.2000
parameters
    1.2487   -3.6927   17.4221   14.1769   -0.0407   -0.9591
eta,q 0.95151 12.81363
  0.0645  0.0595  0.0641  0.0629  0.0555  0.0523
  0.0585  0.0541  0.0572  0.0580  0.0527  0.0497
  0.0534  0.0490  0.0521  0.0550  0.0502  0.0485
  0.0516  0.0516  0.0489  0.0487  0.0487  0.0486
  0.0539  0.0571  0.0504  0.0489  0.0490  0.0494
  0.0603  0.0630  0.0554  0.0506  0.0509  0.0507
  0.0666  0.0664  0.0577  0.0559  0.0535  0.0530
niter,ni,del,rscale     4    3   12.0000    1.2000
parameters
    1.0193   -4.9260   17.2461   15.2952   -0.4040   -1.4639
eta,q 0.95410 12.82528
  0.0609  0.0593  0.0577  0.0595  0.0513  0.0496
  0.0555  0.0508  0.0522  0.0578  0.0485  0.0470
  0.0511  0.0452  0.0484  0.0521  0.0467  0.0458
  0.0485  0.0486  0.0457  0.0457  0.0460  0.0461
  0.0508  0.0555  0.0492  0.0471  0.0471  0.0470
  0.0567  0.0623  0.0541  0.0512  0.0495  0.0482
  0.0633  0.0661  0.0581  0.0572  0.0527  0.0505
niter,ni,del,rscale     3    3   12.0000    1.2000
parameters
    1.0130   -5.3960   17.1960   15.8933   -0.6698   -1.5608
eta,q 0.95435 12.82807
  0.0593  0.0625  0.0574  0.0591  0.0508  0.0496
  0.0530  0.0534  0.0518  0.0578  0.0479  0.0469
  0.0487  0.0460  0.0483  0.0494  0.0462  0.0456
  0.0459  0.0459  0.0453  0.0453  0.0456  0.0457
  0.0475  0.0513  0.0477  0.0473  0.0464  0.0465
  0.0529  0.0593  0.0528  0.0525  0.0487  0.0474
  0.0598  0.0654  0.0574  0.0583  0.0518  0.0494
niter,ni,del,rscale     2    3   12.0000    1.2000
parameters
    1.0653   -5.6402   17.2402   16.3040   -0.7965   -1.5777
eta,q 0.95444 12.82202
  0.0587  0.0636  0.0576  0.0594  0.0509  0.0495
  0.0523  0.0541  0.0519  0.0575  0.0479  0.0469
  0.0483  0.0465  0.0483  0.0479  0.0461  0.0456
  0.0456  0.0456  0.0454  0.0454  0.0456  0.0456
  0.0468  0.0499  0.0472  0.0475  0.0462  0.0463
  0.0519  0.0577  0.0524  0.0532  0.0483  0.0471
  0.0588  0.0647  0.0571  0.0587  0.0514  0.0491
niter,ni,del,rscale     1    3   12.0000    1.2000
parameters
    1.1184   -5.7998   17.2976   16.6042   -0.8723   -1.5854
eta,q 0.95452 12.81526
  0.0583  0.0640  0.0578  0.0596  0.0510  0.0493
  0.0519  0.0542  0.0519  0.0570  0.0479  0.0468
  0.0481  0.0466  0.0483  0.0470  0.0460  0.0456
  0.0456  0.0455  0.0454  0.0454  0.0455  0.0455
  0.0466  0.0493  0.0471  0.0477  0.0462  0.0461
  0.0516  0.0569  0.0525  0.0537  0.0481  0.0470
  0.0583  0.0643  0.0572  0.0588  0.0513  0.0490
registration optimization eta report
parameter search radius
    6.0000    6.0000    6.0000    9.1253    6.0000    6.0000
100000*second partial in parameter space
       35.       51.       32.       16.       16.       10.
  0.0583  0.0640  0.0578  0.0596  0.0510  0.0493
  0.0519  0.0542  0.0519  0.0570  0.0479  0.0468
  0.0481  0.0466  0.0483  0.0470  0.0460  0.0456
  0.0456  0.0455  0.0454  0.0454  0.0455  0.0455
  0.0466  0.0493  0.0471  0.0477  0.0462  0.0461
  0.0516  0.0569  0.0525  0.0537  0.0481  0.0470
  0.0583  0.0643  0.0572  0.0588  0.0513  0.0490
    1.1184   -5.7998   17.2976   16.6042   -0.8723   -1.5854
eta,q 0.95452 12.81526

---------------------------------------------------------------------
imgreg_4dfp /opt/freesurfer/average/711-2C_as_mni_average_305 /opt/freesurfer/average/711-2B_as_mni_average_305_mask talsrcimg_g11 none talsrcimg_to_711-2C_as_mni_average_305_t4 3335
---------------------------------------------------------------------

freesurfer imgreg_4dfp.c
/opt/freesurfer/average/711-2C_as_mni_average_305.4dfp.img
       256       256       256         1
  1.000000  1.000000  1.000000
orientation T byte_order littleendian
Reading image: /opt/freesurfer/average/711-2C_as_mni_average_305.4dfp.img
dimensions:      256       256       256
mmppix:       1.0000   -1.0000   -1.0000
center:     128.0000 -129.0000 -129.0000
/opt/freesurfer/average/711-2B_as_mni_average_305_mask.4dfp.img
       256       256       256         1
  1.000000  1.000000  1.000000
orientation T byte_order littleendian
Reading mask: /opt/freesurfer/average/711-2B_as_mni_average_305_mask.4dfp.img (2306576 pixels)
talsrcimg_g11.4dfp.img
       256       256       256         1
  1.000000  1.000000  1.000000
orientation T byte_order littleendian
Reading image: talsrcimg_g11.4dfp.img
dimensions:      256       256       256
mmppix:       1.0000   -1.0000   -1.0000
center:     128.0000 -129.0000 -129.0000
fimgreg.f
image alignment mode   3335 decimal      D07 hex
parameters
    1.1184   -5.7998   17.2976   -0.0499   -4.2186   -4.1810
    3.0861    0.6677   -2.7663  -28.6054   -1.5223   28.5726
eta,q 0.95257 12.88451
niter,ni,del,rscale     5    3    5.0000    1.2000
parameter  4  1.422214 ->  0.500000 qaram    1.1500
parameter  5  3.935998 ->  0.500000 qaram    1.1500
parameter  6  4.628191 ->  0.500000 qaram    1.1500
parameter 10  0.574691 ->  0.500000 qaram    1.1500
parameter 12  2.094309 ->  0.500000 qaram    1.1500
parameters
    0.7767   -6.4847   17.5149   -4.1899   -8.3586   -8.3210
    1.4701   -0.4660   -3.0366  -32.7454   -2.4587   24.4326
eta,q 0.97280 12.80875
  0.0495  0.0480  0.0495  0.0425  0.0358  0.0289  0.0339  0.0346  0.0341  0.0324  0.0320  0.0257
  0.0483  0.0474  0.0483  0.0434  0.0372  0.0318  0.0331  0.0334  0.0333  0.0311  0.0314  0.0268
  0.0475  0.0472  0.0475  0.0449  0.0401  0.0350  0.0327  0.0327  0.0328  0.0313  0.0311  0.0286
  0.0474  0.0474  0.0472  0.0472  0.0437  0.0379  0.0328  0.0327  0.0326  0.0326  0.0311  0.0310
  0.0481  0.0478  0.0474  0.0503  0.0471  0.0414  0.0334  0.0333  0.0328  0.0349  0.0314  0.0339
  0.0494  0.0486  0.0480  0.0535  0.0500  0.0456  0.0343  0.0345  0.0334  0.0379  0.0319  0.0369
  0.0512  0.0497  0.0487  0.0573  0.0536  0.0493  0.0357  0.0366  0.0344  0.0407  0.0326  0.0399
niter,ni,del,rscale     7    3    5.0000    1.2000
parameter  3 -0.976279 -> -0.500000 qaram    1.1500
parameter  4  0.625291 ->  0.500000 qaram    1.3225
parameter  5  0.574651 ->  0.500000 qaram    1.3225
parameters
    1.0324   -5.9345   18.8949   -8.9509  -13.1196  -10.6640
    2.6777    0.9147   -2.0190  -30.8480   -1.2063   22.5716
eta,q 0.97903 12.63204
  0.0316  0.0322  0.0354  0.0235  0.0227  0.0248  0.0253  0.0279  0.0236  0.0288  0.0233  0.0224
  0.0294  0.0297  0.0322  0.0229  0.0213  0.0232  0.0235  0.0249  0.0224  0.0248  0.0222  0.0216
  0.0279  0.0281  0.0293  0.0231  0.0210  0.0218  0.0222  0.0227  0.0216  0.0224  0.0214  0.0211
  0.0272  0.0272  0.0270  0.0246  0.0229  0.0210  0.0216  0.0215  0.0213  0.0213  0.0210  0.0210
  0.0274  0.0270  0.0254  0.0276  0.0265  0.0232  0.0216  0.0214  0.0213  0.0211  0.0210  0.0215
  0.0284  0.0277  0.0245  0.0319  0.0306  0.0297  0.0222  0.0223  0.0217  0.0220  0.0214  0.0230
  0.0301  0.0290  0.0244  0.0364  0.0343  0.0355  0.0235  0.0245  0.0226  0.0238  0.0222  0.0256
niter,ni,del,rscale     7    3    5.0000    1.2000
parameters
    1.3096   -5.4281   19.4021   -7.6040  -12.9996  -10.8780
    2.1139    0.8749   -1.9001  -29.7962   -1.1773   21.7811
eta,q 0.97961 12.67057
  0.0251  0.0246  0.0242  0.0261  0.0265  0.0255  0.0229  0.0250  0.0223  0.0261  0.0220  0.0223
  0.0230  0.0228  0.0225  0.0240  0.0242  0.0236  0.0214  0.0224  0.0212  0.0228  0.0211  0.0213
  0.0216  0.0216  0.0214  0.0222  0.0220  0.0218  0.0206  0.0209  0.0206  0.0210  0.0205  0.0206
  0.0210  0.0209  0.0208  0.0207  0.0203  0.0203  0.0204  0.0204  0.0204  0.0204  0.0203  0.0203
  0.0211  0.0209  0.0208  0.0201  0.0203  0.0194  0.0209  0.0209  0.0205  0.0206  0.0205  0.0206
  0.0220  0.0214  0.0213  0.0212  0.0231  0.0218  0.0221  0.0225  0.0212  0.0216  0.0211  0.0217
  0.0236  0.0224  0.0224  0.0246  0.0273  0.0286  0.0239  0.0251  0.0222  0.0235  0.0220  0.0237
niter,ni,del,rscale     6    3    5.0000    1.2000
parameters
    1.3336   -5.2912   19.3645   -7.5351  -12.7487  -10.7980
    2.0433    0.9242   -1.7285  -29.4876   -1.2974   21.3736
eta,q 0.97975 12.67823
  0.0240  0.0233  0.0228  0.0253  0.0265  0.0255  0.0232  0.0249  0.0221  0.0249  0.0218  0.0224
  0.0220  0.0217  0.0214  0.0233  0.0243  0.0236  0.0216  0.0224  0.0211  0.0220  0.0209  0.0213
  0.0208  0.0207  0.0206  0.0216  0.0221  0.0218  0.0206  0.0208  0.0204  0.0206  0.0204  0.0206
  0.0204  0.0204  0.0204  0.0204  0.0204  0.0203  0.0202  0.0202  0.0202  0.0202  0.0202  0.0202
  0.0207  0.0206  0.0207  0.0202  0.0202  0.0192  0.0206  0.0207  0.0204  0.0207  0.0204  0.0204
  0.0219  0.0214  0.0215  0.0221  0.0228  0.0211  0.0216  0.0222  0.0210  0.0220  0.0210  0.0214
  0.0238  0.0227  0.0229  0.0262  0.0271  0.0277  0.0233  0.0249  0.0219  0.0240  0.0219  0.0233
niter,ni,del,rscale     5    3    5.0000    1.2000
parameters
    1.3480   -5.2190   19.3180   -7.5287  -12.6513  -10.7420
    2.0018    0.9723   -1.5911  -29.3358   -1.3667   21.1784
eta,q 0.97980 12.68069
  0.0238  0.0231  0.0227  0.0251  0.0264  0.0255  0.0232  0.0249  0.0220  0.0247  0.0218  0.0225
  0.0219  0.0215  0.0213  0.0232  0.0241  0.0235  0.0216  0.0224  0.0210  0.0219  0.0209  0.0214
  0.0207  0.0206  0.0205  0.0215  0.0220  0.0218  0.0205  0.0207  0.0204  0.0205  0.0203  0.0206
  0.0203  0.0203  0.0203  0.0203  0.0203  0.0202  0.0202  0.0202  0.0202  0.0202  0.0202  0.0202
  0.0206  0.0205  0.0206  0.0201  0.0202  0.0192  0.0205  0.0206  0.0203  0.0207  0.0204  0.0203
  0.0218  0.0213  0.0214  0.0221  0.0230  0.0210  0.0216  0.0222  0.0209  0.0220  0.0209  0.0212
  0.0238  0.0227  0.0228  0.0262  0.0273  0.0277  0.0233  0.0248  0.0219  0.0241  0.0218  0.0231
niter,ni,del,rscale     4    3    5.0000    1.2000
parameters
    1.3597   -5.1760   19.2969   -7.5214  -12.6140  -10.7168
    1.9679    0.9992   -1.5112  -29.2516   -1.3947   21.0808
eta,q 0.97982 12.68133
  0.0238  0.0229  0.0227  0.0251  0.0263  0.0255  0.0232  0.0249  0.0220  0.0246  0.0218  0.0225
  0.0219  0.0214  0.0213  0.0231  0.0240  0.0234  0.0216  0.0223  0.0210  0.0218  0.0209  0.0214
  0.0206  0.0205  0.0204  0.0214  0.0219  0.0217  0.0205  0.0207  0.0204  0.0204  0.0203  0.0206
  0.0202  0.0202  0.0202  0.0202  0.0202  0.0202  0.0202  0.0202  0.0202  0.0202  0.0202  0.0202
  0.0206  0.0205  0.0205  0.0201  0.0202  0.0192  0.0205  0.0207  0.0203  0.0207  0.0204  0.0203
  0.0218  0.0213  0.0214  0.0221  0.0230  0.0211  0.0216  0.0222  0.0209  0.0220  0.0209  0.0212
  0.0237  0.0227  0.0227  0.0262  0.0273  0.0278  0.0233  0.0248  0.0219  0.0241  0.0218  0.0230
niter,ni,del,rscale     3    3    5.0000    1.2000
parameters
    1.3655   -5.1499   19.2845   -7.5170  -12.5996  -10.7064
    1.9445    1.0130   -1.4733  -29.2047   -1.4118   21.0302
eta,q 0.97983 12.68146
  0.0237  0.0229  0.0227  0.0251  0.0262  0.0254  0.0232  0.0248  0.0219  0.0246  0.0218  0.0225
  0.0218  0.0214  0.0213  0.0231  0.0240  0.0234  0.0216  0.0223  0.0209  0.0218  0.0209  0.0214
  0.0206  0.0205  0.0204  0.0214  0.0219  0.0217  0.0205  0.0207  0.0204  0.0204  0.0203  0.0206
  0.0202  0.0202  0.0202  0.0202  0.0202  0.0202  0.0202  0.0202  0.0202  0.0202  0.0202  0.0202
  0.0206  0.0205  0.0205  0.0201  0.0202  0.0192  0.0205  0.0207  0.0203  0.0207  0.0204  0.0203
  0.0218  0.0213  0.0213  0.0221  0.0231  0.0211  0.0216  0.0222  0.0209  0.0221  0.0209  0.0211
  0.0237  0.0227  0.0227  0.0262  0.0274  0.0278  0.0233  0.0249  0.0219  0.0241  0.0218  0.0229
niter,ni,del,rscale     2    3    5.0000    1.2000
parameters
    1.3697   -5.1358   19.2809   -7.5099  -12.5925  -10.7003
    1.9330    1.0221   -1.4424  -29.1787   -1.4229   21.0028
eta,q 0.97983 12.68164
  0.0237  0.0228  0.0227  0.0251  0.0262  0.0254  0.0232  0.0248  0.0219  0.0245  0.0218  0.0225
  0.0218  0.0213  0.0213  0.0231  0.0240  0.0234  0.0216  0.0223  0.0209  0.0217  0.0209  0.0214
  0.0206  0.0205  0.0204  0.0214  0.0219  0.0217  0.0205  0.0207  0.0204  0.0204  0.0203  0.0206
  0.0202  0.0202  0.0202  0.0202  0.0202  0.0202  0.0202  0.0202  0.0202  0.0202  0.0202  0.0202
  0.0206  0.0205  0.0205  0.0201  0.0202  0.0192  0.0205  0.0207  0.0203  0.0207  0.0204  0.0203
  0.0218  0.0213  0.0213  0.0221  0.0231  0.0211  0.0216  0.0222  0.0209  0.0221  0.0209  0.0211
  0.0237  0.0227  0.0227  0.0262  0.0274  0.0278  0.0232  0.0249  0.0219  0.0241  0.0218  0.0229
registration optimization eta report
parameter search radius
    2.4000    2.4000    2.7600    9.5220    9.5220    8.2800
    7.2000    7.2000    7.2000    8.2800    7.2000    8.2800
100000*second partial in parameter space
       62.       45.       33.        6.        7.       10.
        6.        9.        3.        6.        3.        4.
  0.0237  0.0228  0.0227  0.0251  0.0262  0.0254  0.0232  0.0248  0.0219  0.0245  0.0218  0.0225
  0.0218  0.0213  0.0213  0.0231  0.0240  0.0234  0.0216  0.0223  0.0209  0.0217  0.0209  0.0214
  0.0206  0.0205  0.0204  0.0214  0.0219  0.0217  0.0205  0.0207  0.0204  0.0204  0.0203  0.0206
  0.0202  0.0202  0.0202  0.0202  0.0202  0.0202  0.0202  0.0202  0.0202  0.0202  0.0202  0.0202
  0.0206  0.0205  0.0205  0.0201  0.0202  0.0192  0.0205  0.0207  0.0203  0.0207  0.0204  0.0203
  0.0218  0.0213  0.0213  0.0221  0.0231  0.0211  0.0216  0.0222  0.0209  0.0221  0.0209  0.0211
  0.0237  0.0227  0.0227  0.0262  0.0274  0.0278  0.0232  0.0249  0.0219  0.0241  0.0218  0.0229
    1.3697   -5.1358   19.2809   -7.5099  -12.5925  -10.7003
    1.9330    1.0221   -1.4424  -29.1787   -1.4229   21.0028
eta,q 0.97983 12.68164

---------------------------------------------------------------------
imgreg_4dfp /opt/freesurfer/average/711-2C_as_mni_average_305 /opt/freesurfer/average/711-2B_as_mni_average_305_mask talsrcimg_g11 none talsrcimg_to_711-2C_as_mni_average_305_t4 2311
---------------------------------------------------------------------

freesurfer imgreg_4dfp.c
/opt/freesurfer/average/711-2C_as_mni_average_305.4dfp.img
       256       256       256         1
  1.000000  1.000000  1.000000
orientation T byte_order littleendian
Reading image: /opt/freesurfer/average/711-2C_as_mni_average_305.4dfp.img
dimensions:      256       256       256
mmppix:       1.0000   -1.0000   -1.0000
center:     128.0000 -129.0000 -129.0000
/opt/freesurfer/average/711-2B_as_mni_average_305_mask.4dfp.img
       256       256       256         1
  1.000000  1.000000  1.000000
orientation T byte_order littleendian
Reading mask: /opt/freesurfer/average/711-2B_as_mni_average_305_mask.4dfp.img (2306576 pixels)
talsrcimg_g11.4dfp.img
       256       256       256         1
  1.000000  1.000000  1.000000
orientation T byte_order littleendian
Reading image: talsrcimg_g11.4dfp.img
dimensions:      256       256       256
mmppix:       1.0000   -1.0000   -1.0000
center:     128.0000 -129.0000 -129.0000
fimgreg.f
image alignment mode   2311 decimal      907 hex
parameters
    1.3697   -5.1358   19.2809   -7.5099  -12.5925  -10.7003
    1.9330    1.0221   -1.4424  -29.1787   -1.4229   21.0028
eta,q 0.97983 12.68164
niter,ni,del,rscale     5    3    5.0000    0.8000
parameters
    1.3852   -5.1426   19.2424   -6.0306  -11.6584   -8.8615
    2.0197    1.1140   -1.3122  -29.6865   -1.5856   19.9863
eta,q 0.98106 12.78980
  0.0218  0.0213  0.0210  0.0222  0.0226  0.0226  0.0208  0.0221  0.0200  0.0206  0.0201  0.0197
  0.0209  0.0207  0.0205  0.0214  0.0216  0.0215  0.0199  0.0205  0.0195  0.0195  0.0195  0.0192
  0.0204  0.0203  0.0202  0.0207  0.0206  0.0206  0.0192  0.0194  0.0191  0.0190  0.0191  0.0190
  0.0202  0.0202  0.0202  0.0202  0.0199  0.0197  0.0190  0.0190  0.0190  0.0190  0.0190  0.0190
  0.0203  0.0203  0.0203  0.0199  0.0197  0.0191  0.0192  0.0193  0.0191  0.0194  0.0191  0.0193
  0.0209  0.0207  0.0206  0.0201  0.0201  0.0191  0.0198  0.0203  0.0194  0.0202  0.0196  0.0200
  0.0218  0.0213  0.0211  0.0208  0.0214  0.0204  0.0207  0.0219  0.0199  0.0213  0.0203  0.0210
niter,ni,del,rscale     4    3    5.0000    0.7000
parameters
    1.2525   -5.1239   19.3139   -6.4933  -11.5535   -8.7511
    2.0186    1.0519   -1.4322  -29.4943   -1.5655   19.9833
eta,q 0.98111 12.78847
  0.0201  0.0201  0.0199  0.0201  0.0210  0.0212  0.0202  0.0211  0.0196  0.0206  0.0197  0.0199
  0.0194  0.0194  0.0194  0.0195  0.0201  0.0203  0.0195  0.0198  0.0192  0.0196  0.0193  0.0194
  0.0190  0.0191  0.0190  0.0191  0.0194  0.0195  0.0190  0.0191  0.0190  0.0191  0.0190  0.0190
  0.0189  0.0189  0.0189  0.0189  0.0189  0.0189  0.0189  0.0189  0.0189  0.0189  0.0189  0.0189
  0.0192  0.0190  0.0190  0.0191  0.0190  0.0187  0.0190  0.0192  0.0190  0.0191  0.0190  0.0190
  0.0198  0.0194  0.0193  0.0198  0.0197  0.0194  0.0195  0.0199  0.0192  0.0195  0.0193  0.0193
  0.0207  0.0200  0.0197  0.0210  0.0211  0.0216  0.0202  0.0212  0.0197  0.0202  0.0197  0.0199
niter,ni,del,rscale     3    3    5.0000    0.6000
parameters
    1.2596   -5.1431   19.3078   -6.4749  -11.4038   -8.5395
    2.0709    1.0545   -1.4439  -29.5726   -1.5588   19.8825
eta,q 0.98119 12.79546
  0.0200  0.0197  0.0196  0.0200  0.0205  0.0207  0.0198  0.0205  0.0194  0.0200  0.0195  0.0195
  0.0194  0.0192  0.0192  0.0195  0.0198  0.0200  0.0193  0.0196  0.0190  0.0193  0.0191  0.0191
  0.0190  0.0190  0.0190  0.0191  0.0192  0.0193  0.0189  0.0190  0.0189  0.0189  0.0189  0.0189
  0.0189  0.0189  0.0189  0.0189  0.0189  0.0189  0.0188  0.0188  0.0188  0.0188  0.0188  0.0188
  0.0190  0.0190  0.0190  0.0189  0.0189  0.0187  0.0189  0.0190  0.0189  0.0190  0.0189  0.0189
  0.0194  0.0193  0.0192  0.0193  0.0194  0.0192  0.0192  0.0196  0.0191  0.0194  0.0191  0.0192
  0.0200  0.0197  0.0196  0.0201  0.0205  0.0207  0.0198  0.0205  0.0194  0.0200  0.0195  0.0196
niter,ni,del,rscale     2    3    5.0000    0.5000
parameters
    1.2522   -5.1587   19.3233   -6.4567  -11.3083   -8.2951
    2.0742    1.0532   -1.4889  -29.6341   -1.5422   19.7641
eta,q 0.98126 12.80180
  0.0196  0.0194  0.0193  0.0196  0.0200  0.0202  0.0194  0.0200  0.0191  0.0196  0.0192  0.0193
  0.0191  0.0191  0.0190  0.0192  0.0195  0.0196  0.0191  0.0193  0.0189  0.0191  0.0190  0.0190
  0.0189  0.0189  0.0189  0.0189  0.0190  0.0191  0.0188  0.0189  0.0188  0.0188  0.0188  0.0188
  0.0188  0.0188  0.0188  0.0188  0.0188  0.0188  0.0187  0.0187  0.0187  0.0187  0.0187  0.0187
  0.0189  0.0189  0.0189  0.0188  0.0188  0.0187  0.0188  0.0189  0.0188  0.0189  0.0188  0.0188
  0.0191  0.0191  0.0190  0.0191  0.0192  0.0190  0.0190  0.0193  0.0189  0.0192  0.0190  0.0190
  0.0196  0.0194  0.0193  0.0197  0.0200  0.0200  0.0195  0.0200  0.0191  0.0196  0.0192  0.0194
niter,ni,del,rscale     1    3    5.0000    0.4000
parameters
    1.2407   -5.1642   19.3508   -6.4362  -11.2280   -8.0761
    2.0847    1.0463   -1.5418  -29.6739   -1.5338   19.6514
eta,q 0.98130 12.80698
  0.0192  0.0191  0.0191  0.0193  0.0196  0.0197  0.0192  0.0195  0.0189  0.0193  0.0190  0.0190
  0.0189  0.0189  0.0189  0.0190  0.0192  0.0193  0.0189  0.0191  0.0188  0.0189  0.0189  0.0189
  0.0188  0.0188  0.0188  0.0188  0.0189  0.0190  0.0188  0.0188  0.0187  0.0187  0.0187  0.0187
  0.0187  0.0187  0.0187  0.0187  0.0187  0.0187  0.0187  0.0187  0.0187  0.0187  0.0187  0.0187
  0.0188  0.0188  0.0188  0.0188  0.0188  0.0187  0.0188  0.0188  0.0187  0.0188  0.0187  0.0188
  0.0190  0.0189  0.0189  0.0190  0.0190  0.0189  0.0189  0.0191  0.0188  0.0190  0.0188  0.0189
  0.0192  0.0191  0.0191  0.0193  0.0195  0.0195  0.0192  0.0195  0.0190  0.0193  0.0190  0.0191
registration optimization eta report
parameter search radius
    0.8000    0.8000    0.8000    2.4000    2.4000    2.4000
    2.4000    2.4000    2.4000    2.4000    2.4000    2.4000
100000*second partial in parameter space
       76.       61.       52.        9.       14.       16.
        8.       14.        4.       10.        6.        6.
  0.0192  0.0191  0.0191  0.0193  0.0196  0.0197  0.0192  0.0195  0.0189  0.0193  0.0190  0.0190
  0.0189  0.0189  0.0189  0.0190  0.0192  0.0193  0.0189  0.0191  0.0188  0.0189  0.0189  0.0189
  0.0188  0.0188  0.0188  0.0188  0.0189  0.0190  0.0188  0.0188  0.0187  0.0187  0.0187  0.0187
  0.0187  0.0187  0.0187  0.0187  0.0187  0.0187  0.0187  0.0187  0.0187  0.0187  0.0187  0.0187
  0.0188  0.0188  0.0188  0.0188  0.0188  0.0187  0.0188  0.0188  0.0187  0.0188  0.0187  0.0188
  0.0190  0.0189  0.0189  0.0190  0.0190  0.0189  0.0189  0.0191  0.0188  0.0190  0.0188  0.0189
  0.0192  0.0191  0.0191  0.0193  0.0195  0.0195  0.0192  0.0195  0.0190  0.0193  0.0190  0.0191
    1.2407   -5.1642   19.3508   -6.4362  -11.2280   -8.0761
    2.0847    1.0463   -1.5418  -29.6739   -1.5338   19.6514
eta,q 0.98130 12.80698

---------------------------------------------------------------------
imgreg_4dfp /opt/freesurfer/average/711-2C_as_mni_average_305 /opt/freesurfer/average/711-2B_as_mni_average_305_mask talsrcimg_g11 none talsrcimg_to_711-2C_as_mni_average_305_t4 2311
---------------------------------------------------------------------

freesurfer imgreg_4dfp.c
/opt/freesurfer/average/711-2C_as_mni_average_305.4dfp.img
       256       256       256         1
  1.000000  1.000000  1.000000
orientation T byte_order littleendian
Reading image: /opt/freesurfer/average/711-2C_as_mni_average_305.4dfp.img
dimensions:      256       256       256
mmppix:       1.0000   -1.0000   -1.0000
center:     128.0000 -129.0000 -129.0000
/opt/freesurfer/average/711-2B_as_mni_average_305_mask.4dfp.img
       256       256       256         1
  1.000000  1.000000  1.000000
orientation T byte_order littleendian
Reading mask: /opt/freesurfer/average/711-2B_as_mni_average_305_mask.4dfp.img (2306576 pixels)
talsrcimg_g11.4dfp.img
       256       256       256         1
  1.000000  1.000000  1.000000
orientation T byte_order littleendian
Reading image: talsrcimg_g11.4dfp.img
dimensions:      256       256       256
mmppix:       1.0000   -1.0000   -1.0000
center:     128.0000 -129.0000 -129.0000
fimgreg.f
image alignment mode   2311 decimal      907 hex
parameters
    1.2407   -5.1642   19.3508   -6.4362  -11.2280   -8.0761
    2.0847    1.0463   -1.5418  -29.6739   -1.5338   19.6514
eta,q 0.98130 12.80698
niter,ni,del,rscale     5    3    5.0000    0.8000
parameters
    1.2269   -5.1758   19.3879   -6.9290  -11.6154   -8.7652
    2.1074    0.9844   -1.5155  -29.4220   -1.5545   20.1012
eta,q 0.98104 12.77738
  0.0206  0.0202  0.0202  0.0203  0.0210  0.0212  0.0206  0.0216  0.0199  0.0212  0.0200  0.0203
  0.0196  0.0194  0.0194  0.0195  0.0200  0.0202  0.0197  0.0201  0.0194  0.0199  0.0194  0.0197
  0.0189  0.0189  0.0189  0.0189  0.0192  0.0194  0.0192  0.0192  0.0191  0.0192  0.0191  0.0192
  0.0187  0.0187  0.0187  0.0187  0.0187  0.0188  0.0190  0.0190  0.0190  0.0190  0.0190  0.0190
  0.0189  0.0189  0.0188  0.0189  0.0190  0.0190  0.0191  0.0193  0.0191  0.0192  0.0191  0.0190
  0.0196  0.0194  0.0193  0.0199  0.0203  0.0208  0.0197  0.0202  0.0194  0.0198  0.0194  0.0193
  0.0207  0.0203  0.0200  0.0214  0.0223  0.0245  0.0206  0.0218  0.0199  0.0207  0.0200  0.0200
niter,ni,del,rscale     4    3    5.0000    0.7000
parameters
    1.2686   -5.1711   19.3150   -6.6018  -11.5089   -8.8032
    2.1071    1.0372   -1.4305  -29.5498   -1.5849   20.0566
eta,q 0.98110 12.78595
  0.0204  0.0201  0.0198  0.0205  0.0209  0.0211  0.0202  0.0212  0.0197  0.0204  0.0197  0.0198
  0.0196  0.0194  0.0193  0.0198  0.0201  0.0202  0.0195  0.0199  0.0193  0.0195  0.0193  0.0194
  0.0191  0.0191  0.0190  0.0193  0.0194  0.0195  0.0191  0.0192  0.0190  0.0190  0.0190  0.0190
  0.0190  0.0190  0.0190  0.0190  0.0189  0.0189  0.0189  0.0189  0.0189  0.0189  0.0189  0.0189
  0.0191  0.0191  0.0191  0.0189  0.0190  0.0188  0.0190  0.0191  0.0190  0.0192  0.0190  0.0190
  0.0195  0.0194  0.0194  0.0193  0.0197  0.0196  0.0195  0.0199  0.0192  0.0197  0.0193  0.0193
  0.0203  0.0200  0.0199  0.0203  0.0210  0.0219  0.0202  0.0211  0.0196  0.0205  0.0197  0.0199
niter,ni,del,rscale     3    3    5.0000    0.6000
parameters
    1.2617   -5.1704   19.3013   -6.4973  -11.4029   -8.5511
    2.0815    1.0562   -1.4508  -29.6188   -1.5602   19.9262
eta,q 0.98119 12.79506
  0.0200  0.0197  0.0196  0.0200  0.0205  0.0207  0.0198  0.0205  0.0194  0.0200  0.0195  0.0195
  0.0194  0.0193  0.0192  0.0195  0.0198  0.0200  0.0192  0.0196  0.0190  0.0193  0.0191  0.0191
  0.0190  0.0190  0.0190  0.0191  0.0192  0.0193  0.0189  0.0190  0.0189  0.0189  0.0189  0.0189
  0.0189  0.0189  0.0189  0.0189  0.0189  0.0189  0.0188  0.0188  0.0188  0.0188  0.0188  0.0188
  0.0190  0.0190  0.0190  0.0189  0.0189  0.0187  0.0189  0.0190  0.0189  0.0190  0.0189  0.0189
  0.0194  0.0193  0.0192  0.0193  0.0195  0.0192  0.0193  0.0196  0.0191  0.0194  0.0191  0.0192
  0.0200  0.0197  0.0196  0.0200  0.0205  0.0207  0.0198  0.0205  0.0194  0.0200  0.0195  0.0197
niter,ni,del,rscale     2    3    5.0000    0.5000
parameters
    1.2507   -5.1687   19.3217   -6.4657  -11.3174   -8.3002
    2.0771    1.0508   -1.4997  -29.6606   -1.5394   19.7856
eta,q 0.98126 12.80147
  0.0195  0.0194  0.0193  0.0196  0.0200  0.0202  0.0194  0.0200  0.0191  0.0196  0.0192  0.0192
  0.0191  0.0191  0.0190  0.0192  0.0195  0.0196  0.0191  0.0193  0.0189  0.0191  0.0190  0.0190
  0.0189  0.0189  0.0189  0.0189  0.0190  0.0191  0.0188  0.0189  0.0188  0.0188  0.0188  0.0188
  0.0188  0.0188  0.0188  0.0188  0.0188  0.0188  0.0187  0.0187  0.0187  0.0187  0.0187  0.0187
  0.0189  0.0189  0.0189  0.0188  0.0188  0.0187  0.0188  0.0189  0.0188  0.0189  0.0188  0.0188
  0.0191  0.0191  0.0190  0.0191  0.0192  0.0190  0.0191  0.0193  0.0189  0.0192  0.0190  0.0190
  0.0196  0.0194  0.0193  0.0197  0.0200  0.0200  0.0195  0.0200  0.0191  0.0196  0.0192  0.0194
niter,ni,del,rscale     1    3    5.0000    0.4000
parameters
    1.2423   -5.1712   19.3485   -6.4402  -11.2338   -8.0846
    2.0819    1.0469   -1.5411  -29.6846   -1.5386   19.6596
eta,q 0.98130 12.80664
  0.0192  0.0191  0.0191  0.0193  0.0196  0.0197  0.0192  0.0195  0.0189  0.0193  0.0190  0.0190
  0.0190  0.0189  0.0189  0.0190  0.0192  0.0193  0.0189  0.0191  0.0188  0.0189  0.0189  0.0188
  0.0188  0.0188  0.0188  0.0188  0.0189  0.0190  0.0187  0.0188  0.0187  0.0187  0.0187  0.0187
  0.0187  0.0187  0.0187  0.0187  0.0187  0.0187  0.0187  0.0187  0.0187  0.0187  0.0187  0.0187
  0.0188  0.0188  0.0188  0.0188  0.0188  0.0187  0.0187  0.0188  0.0187  0.0188  0.0187  0.0188
  0.0190  0.0189  0.0189  0.0190  0.0190  0.0189  0.0189  0.0191  0.0188  0.0190  0.0188  0.0189
  0.0192  0.0191  0.0191  0.0193  0.0195  0.0196  0.0192  0.0195  0.0190  0.0193  0.0190  0.0191
registration optimization eta report
parameter search radius
    0.8000    0.8000    0.8000    2.4000    2.4000    2.4000
    2.4000    2.4000    2.4000    2.4000    2.4000    2.4000
100000*second partial in parameter space
       77.       61.       52.        9.       14.       16.
        8.       14.        4.       10.        6.        6.
  0.0192  0.0191  0.0191  0.0193  0.0196  0.0197  0.0192  0.0195  0.0189  0.0193  0.0190  0.0190
  0.0190  0.0189  0.0189  0.0190  0.0192  0.0193  0.0189  0.0191  0.0188  0.0189  0.0189  0.0188
  0.0188  0.0188  0.0188  0.0188  0.0189  0.0190  0.0187  0.0188  0.0187  0.0187  0.0187  0.0187
  0.0187  0.0187  0.0187  0.0187  0.0187  0.0187  0.0187  0.0187  0.0187  0.0187  0.0187  0.0187
  0.0188  0.0188  0.0188  0.0188  0.0188  0.0187  0.0187  0.0188  0.0187  0.0188  0.0187  0.0188
  0.0190  0.0189  0.0189  0.0190  0.0190  0.0189  0.0189  0.0191  0.0188  0.0190  0.0188  0.0189
  0.0192  0.0191  0.0191  0.0193  0.0195  0.0196  0.0192  0.0195  0.0190  0.0193  0.0190  0.0191
    1.2423   -5.1712   19.3485   -6.4402  -11.2338   -8.0846
    2.0819    1.0469   -1.5411  -29.6846   -1.5386   19.6596
eta,q 0.98130 12.80664

---------------------------------------------------------------------
compute_vox2vox talsrcimg talsrcimg_to_711-2C_as_mni_average_305_t4 /opt/freesurfer/average/711-2C_as_mni_average_305
---------------------------------------------------------------------

freesurfer compute_vox2vox.c
Reading: talsrcimg.4dfp.ifh
Reading: talsrcimg_to_711-2C_as_mni_average_305_t4
Reading: /opt/freesurfer/average/711-2C_as_mni_average_305.4dfp.ifh
Writing: talsrcimg_to_711-2C_as_mni_average_305_t4_vox2vox.txt

start time Thu Mar 12 12:49:36 CET 2026
end		time Thu Mar 12 12:49:50 CET 2026

mpr2mni305 success

avi2talxfm orig_nu.mgz /opt/freesurfer/average/mni305.cor.mgz talsrcimg_to_711-2C_as_mni_average_305_t4_vox2vox.txt transforms/talairach.auto.xfm
avi2talxfm done
mv -f /out/sourcedata/freesurfer/sub-v1s19x0051302_ses-1/mri/talsrcimg_to_711-2C_as_mni_average_305_t4_vox2vox.txt /out/sourcedata/freesurfer/sub-v1s19x0051302_ses-1/mri/transforms/talsrcimg_to_711-2C_as_mni_average_305_t4_vox2vox.txt
lta_convert --src orig_nu.mgz --trg /opt/freesurfer/average/mni305.cor.mgz --inxfm transforms/talairach.auto.xfm --outlta transforms/talairach.auto.xfm.lta --subject fsaverage
7.3.2

--src: orig_nu.mgz src image (geometry).
--trg: /opt/freesurfer/average/mni305.cor.mgz trg image (geometry).
--inmni: transforms/talairach.auto.xfm input MNI/XFM transform.
--outlta: transforms/talairach.auto.xfm.lta output LTA.
--s: fsaverage subject name
 LTA read, type : 1
 1.06818  -0.01891  -0.02087   2.89580;
 0.01299   1.01510  -0.22513  -30.91431;
 0.02289   0.33914   1.05091  -29.12210;
 0.00000   0.00000   0.00000   1.00000;
setting subject to fsaverage
Writing  LTA to file transforms/talairach.auto.xfm.lta...
lta_convert successful.
 
 
Started at Thu Mar 12 12:49:35 CET 2026
Ended   at Thu Mar 12 12:49:50 CET 2026
talairach_avi done
