status file for recon-all
Thu Mar 12 14:28:23 CET 2026
#@# Tessellate lh Thu Mar 12 14:28:23 CET 2026
#@# Smooth1 lh Thu Mar 12 14:28:27 CET 2026
#@# Inflation1 lh Thu Mar 12 14:28:30 CET 2026
#@# QSphere lh Thu Mar 12 14:28:43 CET 2026
#@# Fix Topology lh Thu Mar 12 14:29:51 CET 2026
#@# Smooth2 lh Thu Mar 12 14:36:38 CET 2026
#@# Inflation2 lh Thu Mar 12 14:36:40 CET 2026
#@# Curv .H and .K lh Thu Mar 12 14:36:53 CET 2026
#@# Sphere lh Thu Mar 12 14:37:41 CET 2026
#@# Surf Reg lh Thu Mar 12 14:39:32 CET 2026
#@# Jacobian white lh Thu Mar 12 14:43:51 CET 2026
#@# AvgCurv lh Thu Mar 12 14:43:51 CET 2026
#@# Cortical Parc lh Thu Mar 12 14:43:52 CET 2026
#@# white curv lh Thu Mar 12 14:50:11 CET 2026
#@# white area lh Thu Mar 12 14:50:13 CET 2026
#@# pial curv lh Thu Mar 12 14:50:14 CET 2026
#@# pial area lh Thu Mar 12 14:50:15 CET 2026
#@# thickness lh Thu Mar 12 14:50:16 CET 2026
#@# area and vertex vol lh Thu Mar 12 14:50:43 CET 2026
#@# Curvature Stats lh Thu Mar 12 14:50:45 CET 2026
#@# Cortical Parc 2 lh Thu Mar 12 14:50:47 CET 2026
#@# Cortical Parc 3 lh Thu Mar 12 14:51:00 CET 2026
#@# WM/GM Contrast lh Thu Mar 12 14:51:10 CET 2026
recon-all -s sub-v1s19x0051301_ses-1 finished without error at Thu Mar 12 14:51:13 CET 2026



#New# invocation of recon-all 



status file for recon-all
Thu Mar 12 15:16:06 CET 2026
#@# white curv lh Thu Mar 12 15:16:06 CET 2026
#@# white area lh Thu Mar 12 15:16:06 CET 2026
#@# pial curv lh Thu Mar 12 15:16:06 CET 2026
#@# pial area lh Thu Mar 12 15:16:06 CET 2026
#@# thickness lh Thu Mar 12 15:16:06 CET 2026
#@# area and vertex vol lh Thu Mar 12 15:16:06 CET 2026
#@# Parcellation Stats lh Thu Mar 12 15:16:06 CET 2026
#@# Parcellation Stats 2 lh Thu Mar 12 15:16:23 CET 2026
#@# Parcellation Stats 3 lh Thu Mar 12 15:16:33 CET 2026
#@# BA_exvivo Labels lh Thu Mar 12 15:16:42 CET 2026
recon-all -s sub-v1s19x0051301_ses-1 finished without error at Thu Mar 12 15:19:19 CET 2026
