/out/sourcedata/freesurfer/sub-v1s19x0051314_ses-1/mri
/opt/freesurfer/bin/talairach_avi
--i orig_nu.mgz --xfm transforms/talairach.auto.xfm
talairach_avi 7.3.2
Linux dna035 5.14.0-427.37.1.el9_4.x86_64 #1 SMP PREEMPT_DYNAMIC Fri Sep 13 12:41:50 EDT 2024 x86_64 x86_64 x86_64 GNU/Linux
Thu Mar 12 13:57:59 CET 2026
mri_convert orig_nu.mgz talsrcimg.img 
reading from orig_nu.mgz...
TR=0.00, TE=0.00, TI=0.00, flip angle=0.00
i_ras = (-1, 0, 0)
j_ras = (0, 0, -1)
k_ras = (0, 1, 0)
writing to talsrcimg.img...
Analyze Output Matrix
-1.00000   0.00000   0.00000   136.31503;
 0.00000   0.00000   1.00000  -117.71477;
 0.00000  -1.00000   0.00000   134.80643;
 0.00000   0.00000   0.00000   1.00000;
--------------------
INFO: set hdr.hist.orient to -1
mpr2mni305 talsrcimg
Thu Mar 12 13:58:00 CET 2026
/opt/freesurfer/bin/mpr2mni305 talsrcimg
mpr2mni305 7.3.2
target=711-2C_as_mni_average_305

---------------------------------------------------------------------
analyzeto4dfp talsrcimg -O0 -y
---------------------------------------------------------------------

freesurfer ifh2hdr.c
Thu Mar 12 13:58:00 2026
Writing: talsrcimg.4dfp.hdr
freesurfer analyzeto4dfp.c
Reading: talsrcimg.hdr
header size 348 bytes
hdr.dime.datatype	offset=70	value=2
hdr.dime.bitpix		offset=72	value=8
hdr.hist.orient		offset=252	value=-1
dimensionality     4
dimensions       256       256       256         1
Reading: talsrcimg.img
Writing: talsrcimg.4dfp.img
Writing: talsrcimg.4dfp.ifh
ifh2hdr talsrcimg -r0to218
ori=2

---------------------------------------------------------------------
gauss_4dfp talsrcimg 1.1
---------------------------------------------------------------------

freesurfer gauss_4dfp.c
Reading: talsrcimg.4dfp.img
Writing: talsrcimg_g11.4dfp.img
image dimensions 256 256 256 padded to 288 288 288
processing volume 1freesurfer ifh2hdr.c
Thu Mar 12 13:58:01 2026
Writing: talsrcimg_g11.4dfp.hdr

Writing: talsrcimg_g11.4dfp.ifh
including: talsrcimg.4dfp.img.rec in talsrcimg_g11.4dfp.img.rec

---------------------------------------------------------------------
imgreg_4dfp /opt/freesurfer/average/711-2C_as_mni_average_305 none talsrcimg_g11 none talsrcimg_to_711-2C_as_mni_average_305_t4 4355
---------------------------------------------------------------------

freesurfer imgreg_4dfp.c
/opt/freesurfer/average/711-2C_as_mni_average_305.4dfp.img
       256       256       256         1
  1.000000  1.000000  1.000000
orientation T byte_order littleendian
Reading image: /opt/freesurfer/average/711-2C_as_mni_average_305.4dfp.img
dimensions:      256       256       256
mmppix:       1.0000   -1.0000   -1.0000
center:     128.0000 -129.0000 -129.0000
talsrcimg_g11.4dfp.img
       256       256       256         1
  1.000000  1.000000  1.000000
orientation T byte_order littleendian
Reading image: talsrcimg_g11.4dfp.img
dimensions:      256       256       256
mmppix:       1.0000   -1.0000   -1.0000
center:     128.0000 -129.0000 -129.0000
t4_read: open error in t4_sub.f l:  41 t4_file(1:l)talsrcimg_to_711-2C_as_mni_average_305_t4 
t4_read: transform initialized to I4
rotation matrix determinant  1.000000
image alignment mode   4355 decimal     1103 hex
   -7.5000  -45.0000  -45.000010351.8154   18.2088
    0.0000  -45.0000  -45.000010698.3047   18.2307
    7.5000  -45.0000  -45.000010190.9678   18.2306
   -7.5000  -37.5000  -45.000010649.0498   18.2142
    0.0000  -37.5000  -45.000011023.0225   18.2322
    7.5000  -37.5000  -45.000010490.3652   18.2291
   -7.5000  -30.0000  -45.000011339.5488   18.2267
    0.0000  -30.0000  -45.000011733.6484   18.2410
    7.5000  -30.0000  -45.000011171.8271   18.2370
   -7.5000  -22.5000  -45.000012017.5615   18.2292
    0.0000  -22.5000  -45.000012458.7520   18.2431
    7.5000  -22.5000  -45.000011863.0586   18.2409
   -7.5000  -15.0000  -45.000012718.1338   18.2200
    0.0000  -15.0000  -45.000013192.4189   18.2367
    7.5000  -15.0000  -45.000012541.2217   18.2370
   -7.5000   -7.5000  -45.000013111.8311   18.2122
    0.0000   -7.5000  -45.000013586.3145   18.2330
    7.5000   -7.5000  -45.000012879.8496   18.2345
   -7.5000    0.0000  -45.000013124.2646   18.2088
    0.0000    0.0000  -45.000013576.8564   18.2306
    7.5000    0.0000  -45.000012864.3701   18.2305
   -7.5000    7.5000  -45.000012150.7861   18.2142
    0.0000    7.5000  -45.000012555.6299   18.2322
    7.5000    7.5000  -45.000011896.8555   18.2291
   -7.5000   15.0000  -45.000011153.5908   18.2267
    0.0000   15.0000  -45.000011516.0088   18.2410
    7.5000   15.0000  -45.000010908.9668   18.2370
   -7.5000   22.5000  -45.000010155.1406   18.2267
    0.0000   22.5000  -45.000010496.8750   18.2406
    7.5000   22.5000  -45.0000 9941.2266   18.2384
   -7.5000   30.0000  -45.0000 9162.7852   17.9783
    0.0000   30.0000  -45.0000 9470.5732   17.9948
    7.5000   30.0000  -45.0000 8957.2998   17.9950
   -7.5000   37.5000  -45.0000 8565.2246   18.0893
    0.0000   37.5000  -45.0000 8830.0234   18.1117
    7.5000   37.5000  -45.0000 8329.7070   18.1123
   -7.5000   45.0000  -45.0000 7689.8413   18.1400
    0.0000   45.0000  -45.0000 7922.5796   18.1601
    7.5000   45.0000  -45.0000 7476.5557   18.1603
   -7.5000  -45.0000  -37.500010877.6133   18.1445
    0.0000  -45.0000  -37.500011267.8447   18.1656
    7.5000  -45.0000  -37.500010728.4297   18.1787
   -7.5000  -37.5000  -37.500011200.3379   18.1481
    0.0000  -37.5000  -37.500011629.1895   18.1649
    7.5000  -37.5000  -37.500011041.3223   18.1751
   -7.5000  -30.0000  -37.500011901.9688   18.1588
    0.0000  -30.0000  -37.500012372.6631   18.1726
    7.5000  -30.0000  -37.500011741.4238   18.1805
   -7.5000  -22.5000  -37.500012593.2373   18.1626
    0.0000  -22.5000  -37.500013105.3926   18.1764
    7.5000  -22.5000  -37.500012430.5381   18.1848
   -7.5000  -15.0000  -37.500013299.0479   18.1552
    0.0000  -15.0000  -37.500013829.8506   18.1720
    7.5000  -15.0000  -37.500013101.0986   18.1827
   -7.5000   -7.5000  -37.500013666.8760   18.1479
    0.0000   -7.5000  -37.500014181.6738   18.1688
    7.5000   -7.5000  -37.500013450.4482   18.1821
   -7.5000    0.0000  -37.500013683.8555   18.1445
    0.0000    0.0000  -37.500014185.0439   18.1656
    7.5000    0.0000  -37.500013450.9170   18.1787
   -7.5000    7.5000  -37.500012658.9854   18.1481
    0.0000    7.5000  -37.500013112.0469   18.1649
    7.5000    7.5000  -37.500012418.9189   18.1751
   -7.5000   15.0000  -37.500011581.7490   18.1588
    0.0000   15.0000  -37.500012008.2168   18.1726
    7.5000   15.0000  -37.500011351.1484   18.1805
   -7.5000   22.5000  -37.500010521.7852   18.1601
    0.0000   22.5000  -37.500010916.8457   18.1739
    7.5000   22.5000  -37.500010313.6787   18.1823
   -7.5000   30.0000  -37.5000 9487.9004   17.9144
    0.0000   30.0000  -37.5000 9835.7900   17.9310
    7.5000   30.0000  -37.5000 9291.3086   17.9415
   -7.5000   37.5000  -37.5000 8845.6152   18.0260
    0.0000   37.5000  -37.5000 9146.5488   18.0482
    7.5000   37.5000  -37.5000 8629.6572   18.0601
   -7.5000   45.0000  -37.5000 7909.6011   18.0772
    0.0000   45.0000  -37.5000 8164.6509   18.0951
    7.5000   45.0000  -37.5000 7716.7324   18.1074
   -7.5000  -45.0000  -30.000011540.6436   18.9125
    0.0000  -45.0000  -30.000011998.9385   18.9324
    7.5000  -45.0000  -30.000011417.8262   18.9489
   -7.5000  -37.5000  -30.000011884.0244   18.9130
    0.0000  -37.5000  -30.000012412.6641   18.9284
    7.5000  -37.5000  -30.000011762.1504   18.9417
   -7.5000  -30.0000  -30.000012598.5869   18.9213
    0.0000  -30.0000  -30.000013179.3145   18.9328
    7.5000  -30.0000  -30.000012494.6221   18.9432
   -7.5000  -22.5000  -30.000013325.3418   18.9280
    0.0000  -22.5000  -30.000013919.2275   18.9389
    7.5000  -22.5000  -30.000013191.3125   18.9487
   -7.5000  -15.0000  -30.000014025.3721   18.9246
    0.0000  -15.0000  -30.000014636.9629   18.9390
    7.5000  -15.0000  -30.000013879.4033   18.9509
   -7.5000   -7.5000  -30.000014362.4141   18.9176
    0.0000   -7.5000  -30.000014949.2480   18.9369
    7.5000   -7.5000  -30.000014167.5479   18.9525
   -7.5000    0.0000  -30.000014395.5000   18.9125
    0.0000    0.0000  -30.000014979.5586   18.9323
    7.5000    0.0000  -30.000014167.8711   18.9489
   -7.5000    7.5000  -30.000013342.1797   18.9130
    0.0000    7.5000  -30.000013872.0986   18.9284
    7.5000    7.5000  -30.000013100.4434   18.9417
   -7.5000   15.0000  -30.000012176.9219   18.9213
    0.0000   15.0000  -30.000012670.7578   18.9328
    7.5000   15.0000  -30.000011958.0527   18.9432
   -7.5000   22.5000  -30.000011006.6553   18.9234
    0.0000   22.5000  -30.000011469.4629   18.9343
    7.5000   22.5000  -30.000010826.4023   18.9442
   -7.5000   30.0000  -30.0000 9924.2627   18.6754
    0.0000   30.0000  -30.000010316.3477   18.6896
    7.5000   30.0000  -30.0000 9722.0146   18.7013
   -7.5000   37.5000  -30.0000 9237.1621   18.7932
    0.0000   37.5000  -30.0000 9578.1729   18.8136
    7.5000   37.5000  -30.0000 9028.9844   18.8280
   -7.5000   45.0000  -30.0000 8245.2354   18.8614
    0.0000   45.0000  -30.0000 8515.4209   18.8779
    7.5000   45.0000  -30.0000 8064.5986   18.8916
   -7.5000  -45.0000  -22.500012257.9746   19.6113
    0.0000  -45.0000  -22.500012799.1875   19.6306
    7.5000  -45.0000  -22.500012127.1436   19.6353
   -7.5000  -37.5000  -22.500012559.0400   19.6072
    0.0000  -37.5000  -22.500013198.2314   19.6215
    7.5000  -37.5000  -22.500012482.3027   19.6230
   -7.5000  -30.0000  -22.500013274.8613   19.6129
    0.0000  -30.0000  -22.500013933.1260   19.6209
    7.5000  -30.0000  -22.500013260.8047   19.6193
   -7.5000  -22.5000  -22.500014070.8828   19.6229
    0.0000  -22.5000  -22.500014719.1846   19.6291
    7.5000  -22.5000  -22.500014000.0654   19.6265
   -7.5000  -15.0000  -22.500014837.2998   19.6254
    0.0000  -15.0000  -22.500015465.5742   19.6356
    7.5000  -15.0000  -22.500014703.6553   19.6350
   -7.5000   -7.5000  -22.500015137.0322   19.6195
    0.0000   -7.5000  -22.500015763.4277   19.6366
    7.5000   -7.5000  -22.500014962.7686   19.6401
   -7.5000    0.0000  -22.500015133.0957   19.6113
    0.0000    0.0000  -22.500015780.0059   19.6306
    7.5000    0.0000  -22.500014934.7227   19.6353
   -7.5000    7.5000  -22.500014010.9404   19.6072
    0.0000    7.5000  -22.500014606.0381   19.6215
    7.5000    7.5000  -22.500013806.9443   19.6230
   -7.5000   15.0000  -22.500012776.7920   19.6129
    0.0000   15.0000  -22.500013334.0293   19.6209
    7.5000   15.0000  -22.500012594.0723   19.6193
   -7.5000   22.5000  -22.500011514.2764   19.6169
    0.0000   22.5000  -22.500012037.4756   19.6231
    7.5000   22.5000  -22.500011359.6348   19.6205
   -7.5000   30.0000  -22.500010343.9473   19.3701
    0.0000   30.0000  -22.500010784.1338   19.3801
    7.5000   30.0000  -22.500010167.4941   19.3794
   -7.5000   37.5000  -22.5000 9604.1455   19.4934
    0.0000   37.5000  -22.5000 9984.7578   19.5119
    7.5000   37.5000  -22.5000 9414.7520   19.5153
   -7.5000   45.0000  -22.5000 8565.2988   19.5760
    0.0000   45.0000  -22.5000 8870.6641   19.5937
    7.5000   45.0000  -22.5000 8387.3447   19.5949
   -7.5000  -45.0000  -15.000013038.6113   20.1240
    0.0000  -45.0000  -15.000013659.5127   20.1439
    7.5000  -45.0000  -15.000012902.7773   20.1332
   -7.5000  -37.5000  -15.000013296.0273   20.1194
    0.0000  -37.5000  -15.000013993.7959   20.1348
    7.5000  -37.5000  -15.000013308.6973   20.1217
   -7.5000  -30.0000  -15.000014007.2793   20.1240
    0.0000  -30.0000  -15.000014649.2500   20.1317
    7.5000  -30.0000  -15.000014108.6572   20.1171
   -7.5000  -22.5000  -15.000014832.0049   20.1323
    0.0000  -22.5000  -15.000015418.8564   20.1369
    7.5000  -22.5000  -15.000014828.1270   20.1218
   -7.5000  -15.0000  -15.000015611.7861   20.1354
    0.0000  -15.0000  -15.000016207.4531   20.1432
    7.5000  -15.0000  -15.000015536.6191   20.1297
   -7.5000   -7.5000  -15.000015886.3604   20.1316
    0.0000   -7.5000  -15.000016521.0918   20.1473
    7.5000   -7.5000  -15.000015768.8438   20.1363
   -7.5000    0.0000  -15.000015858.6855   20.1240
    0.0000    0.0000  -15.000016518.5352   20.1439
    7.5000    0.0000  -15.000015718.9375   20.1332
   -7.5000    7.5000  -15.000014692.6826   20.1194
    0.0000    7.5000  -15.000015335.7090   20.1348
    7.5000    7.5000  -15.000014545.4824   20.1217
   -7.5000   15.0000  -15.000013409.7568   20.1240
    0.0000   15.0000  -15.000014024.9775   20.1317
    7.5000   15.0000  -15.000013252.1025   20.1171
   -7.5000   22.5000  -15.000012057.2393   20.1252
    0.0000   22.5000  -15.000012622.7803   20.1298
    7.5000   22.5000  -15.000011924.6475   20.1147
   -7.5000   30.0000  -15.000010749.4307   19.8762
    0.0000   30.0000  -15.000011249.4238   19.8839
    7.5000   30.0000  -15.000010610.9082   19.8705
   -7.5000   37.5000  -15.0000 9969.7637   20.0042
    0.0000   37.5000  -15.000010406.7354   20.0216
    7.5000   37.5000  -15.0000 9820.4326   20.0112
   -7.5000   45.0000  -15.0000 8883.6318   20.0982
    0.0000   45.0000  -15.0000 9222.1895   20.1181
    7.5000   45.0000  -15.0000 8739.6299   20.1050
   -7.5000  -45.0000   -7.500013869.2812   20.3489
    0.0000  -45.0000   -7.500014575.8750   20.3708
    7.5000  -45.0000   -7.500013812.0020   20.3587
   -7.5000  -37.5000   -7.500014138.4521   20.3505
    0.0000  -37.5000   -7.500014848.6787   20.3686
    7.5000  -37.5000   -7.500014238.0684   20.3542
   -7.5000  -30.0000   -7.500014807.2197   20.3597
    0.0000  -30.0000   -7.500015395.7041   20.3717
    7.5000  -30.0000   -7.500014999.9482   20.3570
   -7.5000  -22.5000   -7.500015575.3975   20.3637
    0.0000  -22.5000   -7.500016131.9648   20.3732
    7.5000  -22.5000   -7.500015738.6279   20.3599
   -7.5000  -15.0000   -7.500016339.7998   20.3589
    0.0000  -15.0000   -7.500016961.2246   20.3709
    7.5000  -15.0000   -7.500016430.8145   20.3595
   -7.5000   -7.5000   -7.500016612.8828   20.3534
    0.0000   -7.5000   -7.500017292.9531   20.3717
    7.5000   -7.5000   -7.500016627.1445   20.3611
   -7.5000    0.0000   -7.500016595.2773   20.3489
    0.0000    0.0000   -7.500017325.3594   20.3707
    7.5000    0.0000   -7.500016580.4629   20.3586
   -7.5000    7.5000   -7.500015381.1650   20.3505
    0.0000    7.5000   -7.500016124.8721   20.3686
    7.5000    7.5000   -7.500015346.4893   20.3542
   -7.5000   15.0000   -7.500014086.9521   20.3597
    0.0000   15.0000   -7.500014760.7080   20.3717
    7.5000   15.0000   -7.500013972.9678   20.3570
   -7.5000   22.5000   -7.500012673.7900   20.3543
    0.0000   22.5000   -7.500013270.0381   20.3638
    7.5000   22.5000   -7.500012554.2744   20.3505
   -7.5000   30.0000   -7.500011255.9717   20.0963
    0.0000   30.0000   -7.500011762.9775   20.1081
    7.5000   30.0000   -7.500011119.6719   20.0968
   -7.5000   37.5000   -7.500010405.7637   20.2233
    0.0000   37.5000   -7.500010821.8955   20.2434
    7.5000   37.5000   -7.500010268.8516   20.2331
   -7.5000   45.0000   -7.5000 9248.2832   20.3210
    0.0000   45.0000   -7.5000 9585.8350   20.3425
    7.5000   45.0000   -7.5000 9128.9785   20.3299
   -7.5000  -45.0000    0.000014542.7236   20.3422
    0.0000  -45.0000    0.000015179.9932   20.3661
    7.5000  -45.0000    0.000014346.8955   20.3665
   -7.5000  -37.5000    0.000014823.6934   20.3477
    0.0000  -37.5000    0.000015370.2090   20.3673
    7.5000  -37.5000    0.000014726.2217   20.3645
   -7.5000  -30.0000    0.000015364.4092   20.3613
    0.0000  -30.0000    0.000015918.7588   20.3767
    7.5000  -30.0000    0.000015526.5244   20.3730
   -7.5000  -22.5000    0.000016082.5527   20.3643
    0.0000  -22.5000    0.000016724.9316   20.3792
    7.5000  -22.5000    0.000016355.5596   20.3773
   -7.5000  -15.0000    0.000016862.4824   20.3545
    0.0000  -15.0000    0.000017607.6426   20.3724
    7.5000  -15.0000    0.000017086.1758   20.3733
   -7.5000   -7.5000    0.000017170.3887   20.3460
    0.0000   -7.5000    0.000017944.5176   20.3687
    7.5000   -7.5000    0.000017281.1152   20.3709
   -7.5000    0.0000    0.000017240.3945   20.3421
    0.0000    0.0000    0.000017984.3438   20.3661
    7.5000    0.0000    0.000017222.4902   20.3665
   -7.5000    7.5000    0.000016016.7207   20.3477
    0.0000    7.5000    0.000016729.1621   20.3673
    7.5000    7.5000    0.000015928.9590   20.3645
   -7.5000   15.0000    0.000014642.7949   20.3613
    0.0000   15.0000    0.000015294.4150   20.3767
    7.5000   15.0000    0.000014501.1914   20.3730
   -7.5000   22.5000    0.000013149.5361   20.3549
    0.0000   22.5000    0.000013736.4072   20.3698
    7.5000   22.5000    0.000013008.6211   20.3679
   -7.5000   30.0000    0.000011682.6514   20.0923
    0.0000   30.0000    0.000012172.0791   20.1100
    7.5000   30.0000    0.000011522.2686   20.1108
   -7.5000   37.5000    0.000010754.5127   20.2164
    0.0000   37.5000    0.000011163.1553   20.2408
    7.5000   37.5000    0.000010629.4834   20.2421
   -7.5000   45.0000    0.0000 9563.2812   20.3118
    0.0000   45.0000    0.0000 9887.8105   20.3338
    7.5000   45.0000    0.0000 9432.0566   20.3346
   -7.5000  -45.0000    7.500013838.4473   20.3030
    0.0000  -45.0000    7.500014313.6377   20.3265
    7.5000  -45.0000    7.500013598.3389   20.3411
   -7.5000  -37.5000    7.500014242.8496   20.3070
    0.0000  -37.5000    7.500014644.2100   20.3258
    7.5000  -37.5000    7.500013988.3408   20.3371
   -7.5000  -30.0000    7.500014884.0459   20.3191
    0.0000  -30.0000    7.500015446.9277   20.3344
    7.5000  -30.0000    7.500014855.5117   20.3433
   -7.5000  -22.5000    7.500015625.1865   20.3234
    0.0000  -22.5000    7.500016295.7100   20.3387
    7.5000  -22.5000    7.500015705.6279   20.3481
   -7.5000  -15.0000    7.500016381.4053   20.3151
    0.0000  -15.0000    7.500017015.9180   20.3339
    7.5000  -15.0000    7.500016379.7822   20.3458
   -7.5000   -7.5000    7.500016626.5156   20.3069
    0.0000   -7.5000    7.500017221.8105   20.3302
    7.5000   -7.5000    7.500016516.7148   20.3451
   -7.5000    0.0000    7.500016637.4238   20.3030
    0.0000    0.0000    7.500017235.4785   20.3265
    7.5000    0.0000    7.500016457.8965   20.3411
   -7.5000    7.5000    7.500015417.5078   20.3070
    0.0000    7.5000    7.500016001.1406   20.3258
    7.5000    7.5000    7.500015224.8652   20.3371
   -7.5000   15.0000    7.500014065.7197   20.3191
    0.0000   15.0000    7.500014600.5195   20.3344
    7.5000   15.0000    7.500013852.9600   20.3433
   -7.5000   22.5000    7.500012631.0137   20.3141
    0.0000   22.5000    7.500013098.1758   20.3294
    7.5000   22.5000    7.500012418.7139   20.3387
   -7.5000   30.0000    7.500011225.4717   20.0535
    0.0000   30.0000    7.500011622.6758   20.0720
    7.5000   30.0000    7.500011020.9492   20.0837
   -7.5000   37.5000    7.500010323.9082   20.1784
    0.0000   37.5000    7.500010661.3701   20.2032
    7.5000   37.5000    7.500010144.0547   20.2164
   -7.5000   45.0000    7.5000 9148.5469   20.2753
    0.0000   45.0000    7.5000 9445.3301   20.2953
    7.5000   45.0000    7.5000 8976.6045   20.3090
   -7.5000  -45.0000   15.000012952.1455   20.3869
    0.0000  -45.0000   15.000013404.3350   20.4087
    7.5000  -45.0000   15.000012757.3594   20.4268
   -7.5000  -37.5000   15.000013425.6924   20.3873
    0.0000  -37.5000   15.000013795.7275   20.4042
    7.5000  -37.5000   15.000013123.1387   20.4189
   -7.5000  -30.0000   15.000014324.0586   20.3964
    0.0000  -30.0000   15.000014703.6299   20.4091
    7.5000  -30.0000   15.000014013.4570   20.4205
   -7.5000  -22.5000   15.000015185.7510   20.4038
    0.0000  -22.5000   15.000015529.7568   20.4159
    7.5000  -22.5000   15.000014826.9434   20.4267
   -7.5000  -15.0000   15.000015797.2803   20.4003
    0.0000  -15.0000   15.000016122.9482   20.4162
    7.5000  -15.0000   15.000015430.6250   20.4292
   -7.5000   -7.5000   15.000015859.7344   20.3926
    0.0000   -7.5000   15.000016225.9189   20.4138
    7.5000   -7.5000   15.000015505.6387   20.4309
   -7.5000    0.0000   15.000015773.1240   20.3869
    0.0000    0.0000   15.000016212.7881   20.4087
    7.5000    0.0000   15.000015451.5205   20.4267
   -7.5000    7.5000   15.000014581.6133   20.3873
    0.0000    7.5000   15.000015058.5088   20.4042
    7.5000    7.5000   15.000014309.1562   20.4189
   -7.5000   15.0000   15.000013264.0537   20.3964
    0.0000   15.0000   15.000013726.0215   20.4091
    7.5000   15.0000   15.000012999.6572   20.4205
   -7.5000   22.5000   15.000011919.2314   20.3944
    0.0000   22.5000   15.000012346.3037   20.4065
    7.5000   22.5000   15.000011684.2041   20.4173
   -7.5000   30.0000   15.000010613.6855   20.1376
    0.0000   30.0000   15.000010985.1152   20.1533
    7.5000   30.0000   15.000010402.2236   20.1661
   -7.5000   37.5000   15.0000 9770.1934   20.2650
    0.0000   37.5000   15.000010087.2070   20.2874
    7.5000   37.5000   15.0000 9557.8428   20.3032
   -7.5000   45.0000   15.0000 8645.9961   20.3664
    0.0000   45.0000   15.0000 8905.8418   20.3845
    7.5000   45.0000   15.0000 8434.4180   20.3996
   -7.5000  -45.0000   22.500012060.9033   20.6484
    0.0000  -45.0000   22.500012531.4375   20.6695
    7.5000  -45.0000   22.500011929.5957   20.6747
   -7.5000  -37.5000   22.500012426.3604   20.6433
    0.0000  -37.5000   22.500012851.1094   20.6588
    7.5000  -37.5000   22.500012248.8105   20.6606
   -7.5000  -30.0000   22.500013240.2314   20.6488
    0.0000  -30.0000   22.500013706.5957   20.6575
    7.5000  -30.0000   22.500013067.0195   20.6560
   -7.5000  -22.5000   22.500014062.0410   20.6597
    0.0000  -22.5000   22.500014529.9482   20.6666
    7.5000  -22.5000   22.500013851.4834   20.6641
   -7.5000  -15.0000   22.500014668.7109   20.6630
    0.0000  -15.0000   22.500015146.8623   20.6744
    7.5000  -15.0000   22.500014436.7441   20.6741
   -7.5000   -7.5000   22.500014781.7148   20.6571
    0.0000   -7.5000   22.500015268.2529   20.6761
    7.5000   -7.5000   22.500014523.5410   20.6802
   -7.5000    0.0000   22.500014725.2012   20.6484
    0.0000    0.0000   22.500015252.9697   20.6695
    7.5000    0.0000   22.500014477.4004   20.6747
   -7.5000    7.5000   22.500013629.2705   20.6433
    0.0000    7.5000   22.500014110.7080   20.6588
    7.5000    7.5000   22.500013373.0684   20.6606
   -7.5000   15.0000   22.500012394.9043   20.6488
    0.0000   15.0000   22.500012817.3496   20.6575
    7.5000   15.0000   22.500012157.5898   20.6560
   -7.5000   22.5000   22.500011129.9482   20.6501
    0.0000   22.5000   22.500011519.5684   20.6571
    7.5000   22.5000   22.500010927.3809   20.6546
   -7.5000   30.0000   22.5000 9924.8877   20.3970
    0.0000   30.0000   22.500010245.7305   20.4083
    7.5000   30.0000   22.5000 9731.4287   20.4079
   -7.5000   37.5000   22.5000 9111.4229   20.5293
    0.0000   37.5000   22.5000 9397.3975   20.5497
    7.5000   37.5000   22.5000 8932.0195   20.5536
   -7.5000   45.0000   22.5000 8052.8755   20.6356
    0.0000   45.0000   22.5000 8289.6426   20.6549
    7.5000   45.0000   22.5000 7859.3281   20.6563
   -7.5000  -45.0000   30.000011045.2969   20.9943
    0.0000  -45.0000   30.000011540.6426   21.0159
    7.5000  -45.0000   30.000011025.9209   21.0042
   -7.5000  -37.5000   30.000011363.2842   20.9875
    0.0000  -37.5000   30.000011837.5654   21.0037
    7.5000  -37.5000   30.000011329.6582   20.9895
   -7.5000  -30.0000   30.000012119.0088   20.9911
    0.0000  -30.0000   30.000012614.7959   20.9991
    7.5000  -30.0000   30.000012084.0469   20.9833
   -7.5000  -22.5000   30.000012878.9131   21.0008
    0.0000  -22.5000   30.000013384.7412   21.0060
    7.5000  -22.5000   30.000012826.4268   20.9898
   -7.5000  -15.0000   30.000013452.5400   21.0059
    0.0000  -15.0000   30.000013965.8984   21.0150
    7.5000  -15.0000   30.000013352.1152   21.0004
   -7.5000   -7.5000   30.000013599.9043   21.0029
    0.0000   -7.5000   30.000014119.2871   21.0205
    7.5000   -7.5000   30.000013458.1113   21.0085
   -7.5000    0.0000   30.000013580.6768   20.9943
    0.0000    0.0000   30.000014120.9258   21.0159
    7.5000    0.0000   30.000013434.8809   21.0042
   -7.5000    7.5000   30.000012550.0283   20.9875
    0.0000    7.5000   30.000013048.9482   21.0037
    7.5000    7.5000   30.000012391.0986   20.9895
   -7.5000   15.0000   30.000011407.3701   20.9911
    0.0000   15.0000   30.000011850.1738   20.9991
    7.5000   15.0000   30.000011262.7803   20.9833
   -7.5000   22.5000   30.000010255.6416   20.9912
    0.0000   22.5000   30.000010640.0732   20.9963
    7.5000   22.5000   30.000010114.0059   20.9801
   -7.5000   30.0000   30.0000 9151.8467   20.7356
    0.0000   30.0000   30.0000 9478.4102   20.7445
    7.5000   30.0000   30.0000 9012.1465   20.7300
   -7.5000   37.5000   30.0000 8379.8604   20.8741
    0.0000   37.5000   30.0000 8672.7783   20.8935
    7.5000   37.5000   30.0000 8246.9287   20.8822
   -7.5000   45.0000   30.0000 7393.7935   20.9866
    0.0000   45.0000   30.0000 7624.9731   21.0081
    7.5000   45.0000   30.0000 7253.7822   20.9936
   -7.5000  -45.0000   37.500010516.8809   21.4995
    0.0000  -45.0000   37.500011050.7324   21.5232
    7.5000  -45.0000   37.500010587.4629   21.5092
   -7.5000  -37.5000   37.500010819.9863   21.4997
    0.0000  -37.5000   37.500011336.7842   21.5186
    7.5000  -37.5000   37.500010865.9023   21.5025
   -7.5000  -30.0000   37.500011539.1787   21.5074
    0.0000  -30.0000   37.500012063.8457   21.5197
    7.5000  -30.0000   37.500011579.5293   21.5039
   -7.5000  -22.5000   37.500012272.0195   21.5110
    0.0000  -22.5000   37.500012816.3271   21.5212
    7.5000  -22.5000   37.500012301.1973   21.5074
   -7.5000  -15.0000   37.500012804.1387   21.5073
    0.0000  -15.0000   37.500013361.7471   21.5208
    7.5000  -15.0000   37.500012795.2959   21.5086
   -7.5000   -7.5000   37.500012960.7725   21.5035
    0.0000   -7.5000   37.500013525.9102   21.5239
    7.5000   -7.5000   37.500012904.0957   21.5120
   -7.5000    0.0000   37.500012962.0352   21.4995
    0.0000    0.0000   37.500013526.9072   21.5232
    7.5000    0.0000   37.500012892.3555   21.5092
   -7.5000    7.5000   37.500011989.3496   21.4997
    0.0000    7.5000   37.500012496.6328   21.5186
    7.5000    7.5000   37.500011913.1533   21.5025
   -7.5000   15.0000   37.500010930.0010   21.5074
    0.0000   15.0000   37.500011368.0400   21.5197
    7.5000   15.0000   37.500010845.2686   21.5039
   -7.5000   22.5000   37.5000 9819.4512   21.5011
    0.0000   22.5000   37.500010212.1357   21.5113
    7.5000   22.5000   37.5000 9756.0156   21.4975
   -7.5000   30.0000   37.5000 8755.0049   21.2304
    0.0000   30.0000   37.5000 9099.3281   21.2438
    7.5000   30.0000   37.5000 8698.3662   21.2317
   -7.5000   37.5000   37.5000 8008.4873   21.3743
    0.0000   37.5000   37.5000 8308.0498   21.3967
    7.5000   37.5000   37.5000 7955.0078   21.3851
   -7.5000   45.0000   37.5000 7058.6431   21.4991
    0.0000   45.0000   37.5000 7305.6274   21.5222
    7.5000   45.0000   37.5000 6987.4106   21.5075
   -7.5000  -45.0000   45.0000 9639.1445   22.0656
    0.0000  -45.0000   45.000010141.0068   22.0903
    7.5000  -45.0000   45.0000 9729.0986   22.0891
   -7.5000  -37.5000   45.0000 9882.7021   22.0714
    0.0000  -37.5000   45.000010381.5410   22.0907
    7.5000  -37.5000   45.0000 9985.0293   22.0866
   -7.5000  -30.0000   45.000010547.9541   22.0845
    0.0000  -30.0000   45.000011040.2598   22.0990
    7.5000  -30.0000   45.000010635.0508   22.0951
   -7.5000  -22.5000   45.000011220.8779   22.0856
    0.0000  -22.5000   45.000011735.4551   22.1000
    7.5000  -22.5000   45.000011293.9883   22.0987
   -7.5000  -15.0000   45.000011692.2139   22.0743
    0.0000  -15.0000   45.000012233.1895   22.0926
    7.5000  -15.0000   45.000011740.0508   22.0936
   -7.5000   -7.5000   45.000011833.7539   22.0674
    0.0000   -7.5000   45.000012389.0293   22.0911
    7.5000   -7.5000   45.000011877.3438   22.0924
   -7.5000    0.0000   45.000011844.3584   22.0656
    0.0000    0.0000   45.000012396.0732   22.0903
    7.5000    0.0000   45.000011875.5049   22.0891
   -7.5000    7.5000   45.000010959.7754   22.0714
    0.0000    7.5000   45.000011462.1709   22.0907
    7.5000    7.5000   45.000010989.7266   22.0866
   -7.5000   15.0000   45.000010008.3486   22.0845
    0.0000   15.0000   45.000010435.4180   22.0990
    7.5000   15.0000   45.000010023.8584   22.0951
   -7.5000   22.5000   45.0000 9025.0518   22.0754
    0.0000   22.5000   45.0000 9385.3691   22.0898
    7.5000   22.5000   45.0000 9019.7285   22.0884
   -7.5000   30.0000   45.0000 8037.5166   21.7882
    0.0000   30.0000   45.0000 8352.8662   21.8062
    7.5000   30.0000   45.0000 8025.9434   21.8072
   -7.5000   37.5000   45.0000 7353.6987   21.9382
    0.0000   37.5000   45.0000 7627.5723   21.9639
    7.5000   37.5000   45.0000 7334.5488   21.9642
   -7.5000   45.0000   45.0000 6485.4775   22.0903
    0.0000   45.0000   45.0000 6713.1147   22.1124
    7.5000   45.0000   45.0000 6450.4316   22.1118

---------------------------------------------------------------------
imgreg_4dfp /opt/freesurfer/average/711-2C_as_mni_average_305 /opt/freesurfer/average/711-2B_as_mni_average_305_mask talsrcimg_g11 none talsrcimg_to_711-2C_as_mni_average_305_t4 4355
---------------------------------------------------------------------

freesurfer imgreg_4dfp.c
/opt/freesurfer/average/711-2C_as_mni_average_305.4dfp.img
       256       256       256         1
  1.000000  1.000000  1.000000
orientation T byte_order littleendian
Reading image: /opt/freesurfer/average/711-2C_as_mni_average_305.4dfp.img
dimensions:      256       256       256
mmppix:       1.0000   -1.0000   -1.0000
center:     128.0000 -129.0000 -129.0000
/opt/freesurfer/average/711-2B_as_mni_average_305_mask.4dfp.img
       256       256       256         1
  1.000000  1.000000  1.000000
orientation T byte_order littleendian
Reading mask: /opt/freesurfer/average/711-2B_as_mni_average_305_mask.4dfp.img (2306576 pixels)
talsrcimg_g11.4dfp.img
       256       256       256         1
  1.000000  1.000000  1.000000
orientation T byte_order littleendian
Reading image: talsrcimg_g11.4dfp.img
dimensions:      256       256       256
mmppix:       1.0000   -1.0000   -1.0000
center:     128.0000 -129.0000 -129.0000
rotation matrix determinant  1.000000
image alignment mode   4355 decimal     1103 hex
   -7.5000  -45.0000  -45.0000 2437.1707   17.8733
    0.0000  -45.0000  -45.0000 2436.5281   17.7794
    7.5000  -45.0000  -45.0000 2416.4329   17.8879
   -7.5000  -37.5000  -45.0000 2456.4827   17.2441
    0.0000  -37.5000  -45.0000 2458.4192   17.1374
    7.5000  -37.5000  -45.0000 2437.4590   17.2551
   -7.5000  -30.0000  -45.0000 2460.5281   16.9664
    0.0000  -30.0000  -45.0000 2465.4917   16.9022
    7.5000  -30.0000  -45.0000 2448.3254   17.0791
   -7.5000  -22.5000  -45.0000 2459.5039   16.9729
    0.0000  -22.5000  -45.0000 2468.7241   16.9234
    7.5000  -22.5000  -45.0000 2448.3647   17.1620
   -7.5000  -15.0000  -45.0000 2450.1343   17.3126
    0.0000  -15.0000  -45.0000 2460.1514   17.2417
    7.5000  -15.0000  -45.0000 2438.8950   17.5428
   -7.5000   -7.5000  -45.0000 2424.9600   17.9963
    0.0000   -7.5000  -45.0000 2437.1274   17.9079
    7.5000   -7.5000  -45.0000 2415.3218   18.2233
   -7.5000    0.0000  -45.0000 2382.9255   18.9957
    0.0000    0.0000  -45.0000 2391.2151   18.9344
    7.5000    0.0000  -45.0000 2370.4785   19.2789
   -7.5000    7.5000  -45.0000 2321.4602   20.3384
    0.0000    7.5000  -45.0000 2325.3342   20.2793
    7.5000    7.5000  -45.0000 2304.1790   20.6185
   -7.5000   15.0000  -45.0000 2233.6462   22.0293
    0.0000   15.0000  -45.0000 2234.2759   21.9283
    7.5000   15.0000  -45.0000 2211.4192   22.3342
   -7.5000   22.5000  -45.0000 2133.6851   24.2898
    0.0000   22.5000  -45.0000 2133.9690   24.2191
    7.5000   22.5000  -45.0000 2114.9802   24.6758
   -7.5000   30.0000  -45.0000 2013.7393   27.2499
    0.0000   30.0000  -45.0000 2014.3572   27.1251
    7.5000   30.0000  -45.0000 2003.3671   27.6791
   -7.5000   37.5000  -45.0000 1901.0052   31.0443
    0.0000   37.5000  -45.0000 1900.6755   30.9806
    7.5000   37.5000  -45.0000 1881.2903   31.6589
   -7.5000   45.0000  -45.0000 1774.7399   36.0411
    0.0000   45.0000  -45.0000 1775.1898   35.8861
    7.5000   45.0000  -45.0000 1749.6395   36.7491
   -7.5000  -45.0000  -37.5000 2519.2073   16.5522
    0.0000  -45.0000  -37.5000 2519.5454   16.5069
    7.5000  -45.0000  -37.5000 2499.6953   16.6070
   -7.5000  -37.5000  -37.5000 2546.1880   15.9651
    0.0000  -37.5000  -37.5000 2549.4812   15.9081
    7.5000  -37.5000  -37.5000 2528.0562   16.0260
   -7.5000  -30.0000  -37.5000 2556.5532   15.7405
    0.0000  -30.0000  -37.5000 2562.0405   15.6880
    7.5000  -30.0000  -37.5000 2540.5947   15.8631
   -7.5000  -22.5000  -37.5000 2555.9910   15.7856
    0.0000  -22.5000  -37.5000 2564.7317   15.7312
    7.5000  -22.5000  -37.5000 2543.2839   15.9310
   -7.5000  -15.0000  -37.5000 2547.3665   16.1342
    0.0000  -15.0000  -37.5000 2553.9253   16.0690
    7.5000  -15.0000  -37.5000 2527.1338   16.2904
   -7.5000   -7.5000  -37.5000 2519.8779   16.8025
    0.0000   -7.5000  -37.5000 2524.2371   16.7265
    7.5000   -7.5000  -37.5000 2505.5513   16.9701
   -7.5000    0.0000  -37.5000 2470.1736   17.7589
    0.0000    0.0000  -37.5000 2475.3882   17.6977
    7.5000    0.0000  -37.5000 2455.2163   17.9676
   -7.5000    7.5000  -37.5000 2399.3718   19.0575
    0.0000    7.5000  -37.5000 2402.9783   18.9712
    7.5000    7.5000  -37.5000 2383.7693   19.2419
   -7.5000   15.0000  -37.5000 2303.3511   20.6759
    0.0000   15.0000  -37.5000 2308.1851   20.5781
    7.5000   15.0000  -37.5000 2281.5403   20.8564
   -7.5000   22.5000  -37.5000 2194.9182   22.7633
    0.0000   22.5000  -37.5000 2196.4495   22.6861
    7.5000   22.5000  -37.5000 2173.0593   22.9997
   -7.5000   30.0000  -37.5000 2070.1958   25.4787
    0.0000   30.0000  -37.5000 2071.0239   25.4034
    7.5000   30.0000  -37.5000 2055.5354   25.7784
   -7.5000   37.5000  -37.5000 1951.0884   29.0304
    0.0000   37.5000  -37.5000 1951.2498   28.9516
    7.5000   37.5000  -37.5000 1934.2455   29.4700
   -7.5000   45.0000  -37.5000 1819.3713   33.6769
    0.0000   45.0000  -37.5000 1816.2609   33.5332
    7.5000   45.0000  -37.5000 1797.7942   34.2369
   -7.5000  -45.0000  -30.0000 2637.6665   16.0000
    0.0000  -45.0000  -30.0000 2645.8386   15.9384
    7.5000  -45.0000  -30.0000 2626.2273   16.0823
   -7.5000  -37.5000  -30.0000 2676.8977   15.4267
    0.0000  -37.5000  -30.0000 2687.1016   15.4091
    7.5000  -37.5000  -30.0000 2663.1372   15.5371
   -7.5000  -30.0000  -30.0000 2693.2424   15.2034
    0.0000  -30.0000  -30.0000 2702.4502   15.1878
    7.5000  -30.0000  -30.0000 2678.9797   15.3329
   -7.5000  -22.5000  -30.0000 2694.9680   15.2803
    0.0000  -22.5000  -30.0000 2702.5891   15.2379
    7.5000  -22.5000  -30.0000 2678.9634   15.3895
   -7.5000  -15.0000  -30.0000 2677.4915   15.6695
    0.0000  -15.0000  -30.0000 2687.0530   15.6064
    7.5000  -15.0000  -30.0000 2661.0435   15.8022
   -7.5000   -7.5000  -30.0000 2642.9624   16.3353
    0.0000   -7.5000  -30.0000 2651.9548   16.2750
    7.5000   -7.5000  -30.0000 2629.7876   16.4789
   -7.5000    0.0000  -30.0000 2587.9941   17.3023
    0.0000    0.0000  -30.0000 2596.3037   17.2022
    7.5000    0.0000  -30.0000 2569.2024   17.4172
   -7.5000    7.5000  -30.0000 2515.7563   18.5911
    0.0000    7.5000  -30.0000 2516.9854   18.4692
    7.5000    7.5000  -30.0000 2491.8967   18.7176
   -7.5000   15.0000  -30.0000 2409.8833   20.1700
    0.0000   15.0000  -30.0000 2410.7932   20.0506
    7.5000   15.0000  -30.0000 2385.5498   20.3613
   -7.5000   22.5000  -30.0000 2285.3987   22.2323
    0.0000   22.5000  -30.0000 2290.1265   22.1492
    7.5000   22.5000  -30.0000 2267.8811   22.4187
   -7.5000   30.0000  -30.0000 2154.1316   24.8454
    0.0000   30.0000  -30.0000 2154.6125   24.7340
    7.5000   30.0000  -30.0000 2137.9109   25.0987
   -7.5000   37.5000  -30.0000 2025.8381   28.2305
    0.0000   37.5000  -30.0000 2032.5482   28.2048
    7.5000   37.5000  -30.0000 2011.7163   28.6581
   -7.5000   45.0000  -30.0000 1889.0317   32.7175
    0.0000   45.0000  -30.0000 1889.8639   32.7576
    7.5000   45.0000  -30.0000 1867.7388   33.2344
   -7.5000  -45.0000  -22.5000 2738.3765   15.4689
    0.0000  -45.0000  -22.5000 2752.7361   15.3932
    7.5000  -45.0000  -22.5000 2726.2446   15.5301
   -7.5000  -37.5000  -22.5000 2776.0547   14.8968
    0.0000  -37.5000  -22.5000 2795.2773   14.8740
    7.5000  -37.5000  -22.5000 2764.9973   14.9848
   -7.5000  -30.0000  -22.5000 2793.8489   14.6230
    0.0000  -30.0000  -22.5000 2805.3979   14.6306
    7.5000  -30.0000  -22.5000 2783.9678   14.7816
   -7.5000  -22.5000  -22.5000 2800.5605   14.7072
    0.0000  -22.5000  -22.5000 2811.6213   14.6612
    7.5000  -22.5000  -22.5000 2787.2737   14.8341
   -7.5000  -15.0000  -22.5000 2783.3589   15.1497
    0.0000  -15.0000  -22.5000 2793.6963   15.0770
    7.5000  -15.0000  -22.5000 2768.6431   15.2583
   -7.5000   -7.5000  -22.5000 2739.5107   15.8564
    0.0000   -7.5000  -22.5000 2752.7896   15.7717
    7.5000   -7.5000  -22.5000 2729.8035   15.9612
   -7.5000    0.0000  -22.5000 2673.5706   16.8081
    0.0000    0.0000  -22.5000 2686.0964   16.6964
    7.5000    0.0000  -22.5000 2661.8401   16.8875
   -7.5000    7.5000  -22.5000 2595.4631   18.0286
    0.0000    7.5000  -22.5000 2599.5774   17.9426
    7.5000    7.5000  -22.5000 2577.6736   18.1481
   -7.5000   15.0000  -22.5000 2487.6179   19.6305
    0.0000   15.0000  -22.5000 2487.1384   19.5281
    7.5000   15.0000  -22.5000 2467.1545   19.7928
   -7.5000   22.5000  -22.5000 2352.3579   21.6530
    0.0000   22.5000  -22.5000 2355.3010   21.4943
    7.5000   22.5000  -22.5000 2341.8523   21.8055
   -7.5000   30.0000  -22.5000 2215.0210   24.2193
    0.0000   30.0000  -22.5000 2212.6997   24.0660
    7.5000   30.0000  -22.5000 2200.9302   24.4634
   -7.5000   37.5000  -22.5000 2082.8613   27.5411
    0.0000   37.5000  -22.5000 2084.8867   27.3762
    7.5000   37.5000  -22.5000 2065.7598   27.9104
   -7.5000   45.0000  -22.5000 1945.3949   31.8615
    0.0000   45.0000  -22.5000 1936.8219   31.7204
    7.5000   45.0000  -22.5000 1916.2557   32.3060
   -7.5000  -45.0000  -15.0000 2810.4138   15.0210
    0.0000  -45.0000  -15.0000 2827.4226   14.9518
    7.5000  -45.0000  -15.0000 2794.0894   15.0869
   -7.5000  -37.5000  -15.0000 2846.6494   14.4197
    0.0000  -37.5000  -15.0000 2868.1023   14.3892
    7.5000  -37.5000  -15.0000 2835.9150   14.5590
   -7.5000  -30.0000  -15.0000 2861.8535   14.1008
    0.0000  -30.0000  -15.0000 2876.9802   14.0831
    7.5000  -30.0000  -15.0000 2854.7654   14.3513
   -7.5000  -22.5000  -15.0000 2872.9517   14.1820
    0.0000  -22.5000  -15.0000 2879.3213   14.0794
    7.5000  -22.5000  -15.0000 2860.5442   14.3666
   -7.5000  -15.0000  -15.0000 2850.8801   14.6504
    0.0000  -15.0000  -15.0000 2862.0383   14.5072
    7.5000  -15.0000  -15.0000 2842.1230   14.7487
   -7.5000   -7.5000  -15.0000 2797.8250   15.3850
    0.0000   -7.5000  -15.0000 2816.2632   15.2535
    7.5000   -7.5000  -15.0000 2801.5408   15.4698
   -7.5000    0.0000  -15.0000 2728.7256   16.3357
    0.0000    0.0000  -15.0000 2740.6826   16.2369
    7.5000    0.0000  -15.0000 2724.9111   16.4650
   -7.5000    7.5000  -15.0000 2645.9575   17.5967
    0.0000    7.5000  -15.0000 2654.8201   17.5218
    7.5000    7.5000  -15.0000 2634.0156   17.7484
   -7.5000   15.0000  -15.0000 2530.3501   19.1826
    0.0000   15.0000  -15.0000 2537.3792   19.1005
    7.5000   15.0000  -15.0000 2512.2932   19.3165
   -7.5000   22.5000  -15.0000 2389.8745   21.1364
    0.0000   22.5000  -15.0000 2399.4851   21.0672
    7.5000   22.5000  -15.0000 2380.0806   21.2767
   -7.5000   30.0000  -15.0000 2237.8269   23.6415
    0.0000   30.0000  -15.0000 2247.0564   23.5694
    7.5000   30.0000  -15.0000 2228.0598   23.8579
   -7.5000   37.5000  -15.0000 2106.5933   26.8025
    0.0000   37.5000  -15.0000 2108.2751   26.7356
    7.5000   37.5000  -15.0000 2090.8367   27.1567
   -7.5000   45.0000  -15.0000 1968.1909   31.0366
    0.0000   45.0000  -15.0000 1955.8276   30.8851
    7.5000   45.0000  -15.0000 1942.0511   31.4690
   -7.5000  -45.0000   -7.5000 2856.4490   14.7150
    0.0000  -45.0000   -7.5000 2875.7427   14.5940
    7.5000  -45.0000   -7.5000 2840.7771   14.7616
   -7.5000  -37.5000   -7.5000 2903.2573   14.0141
    0.0000  -37.5000   -7.5000 2929.0073   13.9734
    7.5000  -37.5000   -7.5000 2887.8250   14.2412
   -7.5000  -30.0000   -7.5000 2914.7656   13.6032
    0.0000  -30.0000   -7.5000 2927.5112   13.5353
    7.5000  -30.0000   -7.5000 2910.1484   13.9966
   -7.5000  -22.5000   -7.5000 2909.8982   13.7288
    0.0000  -22.5000   -7.5000 2921.0105   13.5401
    7.5000  -22.5000   -7.5000 2915.5198   13.9871
   -7.5000  -15.0000   -7.5000 2882.0874   14.2046
    0.0000  -15.0000   -7.5000 2902.6726   14.0268
    7.5000  -15.0000   -7.5000 2891.9539   14.3871
   -7.5000   -7.5000   -7.5000 2827.0737   14.9257
    0.0000   -7.5000   -7.5000 2849.6401   14.8277
    7.5000   -7.5000   -7.5000 2838.9880   15.1380
   -7.5000    0.0000   -7.5000 2756.6948   15.9102
    0.0000    0.0000   -7.5000 2774.4370   15.8887
    7.5000    0.0000   -7.5000 2760.2339   16.1484
   -7.5000    7.5000   -7.5000 2665.2888   17.1497
    0.0000    7.5000   -7.5000 2682.2429   17.1689
    7.5000    7.5000   -7.5000 2661.4822   17.3899
   -7.5000   15.0000   -7.5000 2550.0569   18.7263
    0.0000   15.0000   -7.5000 2557.5122   18.7279
    7.5000   15.0000   -7.5000 2538.4758   18.9396
   -7.5000   22.5000   -7.5000 2406.8726   20.6536
    0.0000   22.5000   -7.5000 2415.4478   20.6165
    7.5000   22.5000   -7.5000 2399.8486   20.8875
   -7.5000   30.0000   -7.5000 2251.7434   23.0447
    0.0000   30.0000   -7.5000 2261.4131   23.0197
    7.5000   30.0000   -7.5000 2239.6948   23.3614
   -7.5000   37.5000   -7.5000 2113.1423   26.1375
    0.0000   37.5000   -7.5000 2113.2188   26.0574
    7.5000   37.5000   -7.5000 2098.4810   26.5442
   -7.5000   45.0000   -7.5000 1961.8666   30.2993
    0.0000   45.0000   -7.5000 1961.3236   30.1455
    7.5000   45.0000   -7.5000 1945.1377   30.6867
   -7.5000  -45.0000    0.0000 2870.8870   14.5725
    0.0000  -45.0000    0.0000 2897.1089   14.3483
    7.5000  -45.0000    0.0000 2867.7100   14.5592
   -7.5000  -37.5000    0.0000 2928.3748   13.8659
    0.0000  -37.5000    0.0000 2958.0603   13.6743
    7.5000  -37.5000    0.0000 2921.7026   14.0022
   -7.5000  -30.0000    0.0000 2930.1228   13.3589
    0.0000  -30.0000    0.0000 2955.2803   13.2064
    7.5000  -30.0000    0.0000 2936.4617   13.7096
   -7.5000  -22.5000    0.0000 2917.1604   13.4376
    0.0000  -22.5000    0.0000 2943.1023   13.3315
    7.5000  -22.5000    0.0000 2937.1750   13.8267
   -7.5000  -15.0000    0.0000 2884.2075   13.9319
    0.0000  -15.0000    0.0000 2922.9077   13.9013
    7.5000  -15.0000    0.0000 2908.6785   14.3037
   -7.5000   -7.5000    0.0000 2832.2688   14.6768
    0.0000   -7.5000    0.0000 2864.6018   14.6942
    7.5000   -7.5000    0.0000 2855.4905   15.0258
   -7.5000    0.0000    0.0000 2759.9114   15.6646
    0.0000    0.0000    0.0000 2782.1309   15.6954
    7.5000    0.0000    0.0000 2772.4971   15.9658
   -7.5000    7.5000    0.0000 2664.4270   16.9431
    0.0000    7.5000    0.0000 2683.6423   16.9664
    7.5000    7.5000    0.0000 2669.7573   17.2124
   -7.5000   15.0000    0.0000 2544.5906   18.5084
    0.0000   15.0000    0.0000 2562.2703   18.5258
    7.5000   15.0000    0.0000 2544.5237   18.7895
   -7.5000   22.5000    0.0000 2402.4678   20.4082
    0.0000   22.5000    0.0000 2419.1667   20.4551
    7.5000   22.5000    0.0000 2404.1392   20.7901
   -7.5000   30.0000    0.0000 2250.3081   22.8255
    0.0000   30.0000    0.0000 2259.4475   22.8226
    7.5000   30.0000    0.0000 2245.0178   23.1981
   -7.5000   37.5000    0.0000 2106.6743   25.9260
    0.0000   37.5000    0.0000 2108.6443   25.8188
    7.5000   37.5000    0.0000 2098.8516   26.3046
   -7.5000   45.0000    0.0000 1955.1125   29.9022
    0.0000   45.0000    0.0000 1958.5066   29.7747
    7.5000   45.0000    0.0000 1944.8569   30.3691
   -7.5000  -45.0000    7.5000 2860.9580   14.5539
    0.0000  -45.0000    7.5000 2886.3823   14.2797
    7.5000  -45.0000    7.5000 2872.5986   14.5616
   -7.5000  -37.5000    7.5000 2916.1819   13.9763
    0.0000  -37.5000    7.5000 2943.5750   13.6317
    7.5000  -37.5000    7.5000 2925.0369   13.9791
   -7.5000  -30.0000    7.5000 2933.6057   13.6232
    0.0000  -30.0000    7.5000 2960.3943   13.3693
    7.5000  -30.0000    7.5000 2947.5278   13.8092
   -7.5000  -22.5000    7.5000 2922.0598   13.6525
    0.0000  -22.5000    7.5000 2955.7561   13.5532
    7.5000  -22.5000    7.5000 2943.4746   13.9812
   -7.5000  -15.0000    7.5000 2886.9163   14.0933
    0.0000  -15.0000    7.5000 2915.2405   14.0202
    7.5000  -15.0000    7.5000 2909.1655   14.4122
   -7.5000   -7.5000    7.5000 2828.8110   14.8008
    0.0000   -7.5000    7.5000 2855.0125   14.7200
    7.5000   -7.5000    7.5000 2853.1321   15.0880
   -7.5000    0.0000    7.5000 2746.2385   15.7376
    0.0000    0.0000    7.5000 2773.2029   15.6795
    7.5000    0.0000    7.5000 2763.1321   16.0137
   -7.5000    7.5000    7.5000 2650.2095   16.9979
    0.0000    7.5000    7.5000 2674.8228   16.9592
    7.5000    7.5000    7.5000 2661.1584   17.2460
   -7.5000   15.0000    7.5000 2529.5662   18.5989
    0.0000   15.0000    7.5000 2544.1521   18.5486
    7.5000   15.0000    7.5000 2534.2651   18.8410
   -7.5000   22.5000    7.5000 2392.6135   20.6164
    0.0000   22.5000    7.5000 2400.7629   20.5028
    7.5000   22.5000    7.5000 2391.7151   20.8367
   -7.5000   30.0000    7.5000 2242.3323   23.1099
    0.0000   30.0000    7.5000 2245.6677   22.8928
    7.5000   30.0000    7.5000 2237.3215   23.3010
   -7.5000   37.5000    7.5000 2102.1575   26.2414
    0.0000   37.5000    7.5000 2105.0146   25.9636
    7.5000   37.5000    7.5000 2099.5381   26.4560
   -7.5000   45.0000    7.5000 1946.8209   30.1867
    0.0000   45.0000    7.5000 1954.8988   29.9338
    7.5000   45.0000    7.5000 1937.3490   30.4813
   -7.5000  -45.0000   15.0000 2840.4390   14.9907
    0.0000  -45.0000   15.0000 2868.9468   14.6423
    7.5000  -45.0000   15.0000 2857.2937   14.8361
   -7.5000  -37.5000   15.0000 2887.2717   14.4580
    0.0000  -37.5000   15.0000 2913.8315   14.0526
    7.5000  -37.5000   15.0000 2900.7659   14.2941
   -7.5000  -30.0000   15.0000 2902.9055   14.2388
    0.0000  -30.0000   15.0000 2933.6919   13.9321
    7.5000  -30.0000   15.0000 2924.5515   14.1786
   -7.5000  -22.5000   15.0000 2898.6030   14.3562
    0.0000  -22.5000   15.0000 2921.3870   14.0844
    7.5000  -22.5000   15.0000 2913.1042   14.3609
   -7.5000  -15.0000   15.0000 2856.3528   14.7372
    0.0000  -15.0000   15.0000 2874.2961   14.4912
    7.5000  -15.0000   15.0000 2875.8486   14.7691
   -7.5000   -7.5000   15.0000 2792.1213   15.3140
    0.0000   -7.5000   15.0000 2810.8940   15.1270
    7.5000   -7.5000   15.0000 2810.2649   15.4123
   -7.5000    0.0000   15.0000 2711.6790   16.1563
    0.0000    0.0000   15.0000 2733.6467   16.0305
    7.5000    0.0000   15.0000 2726.2539   16.2975
   -7.5000    7.5000   15.0000 2617.5583   17.3404
    0.0000    7.5000   15.0000 2643.0229   17.2511
    7.5000    7.5000   15.0000 2629.6541   17.5030
   -7.5000   15.0000   15.0000 2491.0229   18.9187
    0.0000   15.0000   15.0000 2511.1619   18.8708
    7.5000   15.0000   15.0000 2498.4814   19.0955
   -7.5000   22.5000   15.0000 2357.0132   20.9521
    0.0000   22.5000   15.0000 2374.0605   20.8867
    7.5000   22.5000   15.0000 2361.5674   21.1194
   -7.5000   30.0000   15.0000 2214.6011   23.5092
    0.0000   30.0000   15.0000 2227.1890   23.3502
    7.5000   30.0000   15.0000 2219.4224   23.6482
   -7.5000   37.5000   15.0000 2084.0559   26.7299
    0.0000   37.5000   15.0000 2086.6265   26.4519
    7.5000   37.5000   15.0000 2076.0134   26.8253
   -7.5000   45.0000   15.0000 1934.1487   30.8257
    0.0000   45.0000   15.0000 1932.6382   30.4657
    7.5000   45.0000   15.0000 1912.0896   30.8869
   -7.5000  -45.0000   22.5000 2805.8184   15.6766
    0.0000  -45.0000   22.5000 2838.0713   15.2949
    7.5000  -45.0000   22.5000 2827.3396   15.4246
   -7.5000  -37.5000   22.5000 2842.2903   15.0502
    0.0000  -37.5000   22.5000 2873.0781   14.7228
    7.5000  -37.5000   22.5000 2862.6282   14.8694
   -7.5000  -30.0000   22.5000 2856.5603   14.8758
    0.0000  -30.0000   22.5000 2888.0664   14.6194
    7.5000  -30.0000   22.5000 2879.8750   14.7420
   -7.5000  -22.5000   22.5000 2847.8677   15.0209
    0.0000  -22.5000   22.5000 2874.0139   14.8028
    7.5000  -22.5000   22.5000 2863.7710   14.9293
   -7.5000  -15.0000   22.5000 2802.5227   15.4135
    0.0000  -15.0000   22.5000 2828.4097   15.2271
    7.5000  -15.0000   22.5000 2824.3459   15.3639
   -7.5000   -7.5000   22.5000 2744.5322   16.0355
    0.0000   -7.5000   22.5000 2769.1040   15.8957
    7.5000   -7.5000   22.5000 2760.3274   16.0466
   -7.5000    0.0000   22.5000 2663.0364   16.9165
    0.0000    0.0000   22.5000 2690.0046   16.8086
    7.5000    0.0000   22.5000 2674.6572   16.9315
   -7.5000    7.5000   22.5000 2569.7764   18.0339
    0.0000    7.5000   22.5000 2592.0920   17.9368
    7.5000    7.5000   22.5000 2574.0603   18.0817
   -7.5000   15.0000   22.5000 2443.2231   19.5900
    0.0000   15.0000   22.5000 2458.6179   19.4725
    7.5000   15.0000   22.5000 2448.9797   19.6099
   -7.5000   22.5000   22.5000 2310.7305   21.6277
    0.0000   22.5000   22.5000 2328.5361   21.4359
    7.5000   22.5000   22.5000 2321.3643   21.6331
   -7.5000   30.0000   22.5000 2186.2576   24.1835
    0.0000   30.0000   22.5000 2193.0906   23.9387
    7.5000   30.0000   22.5000 2185.9243   24.2599
   -7.5000   37.5000   22.5000 2053.5259   27.4982
    0.0000   37.5000   22.5000 2058.7507   27.2384
    7.5000   37.5000   22.5000 2042.5477   27.5787
   -7.5000   45.0000   22.5000 1900.1005   31.8010
    0.0000   45.0000   22.5000 1904.2869   31.4688
    7.5000   45.0000   22.5000 1880.8857   31.8418
   -7.5000  -45.0000   30.0000 2744.8655   16.4719
    0.0000  -45.0000   30.0000 2782.8591   16.1520
    7.5000  -45.0000   30.0000 2778.1274   16.2178
   -7.5000  -37.5000   30.0000 2783.8472   15.8439
    0.0000  -37.5000   30.0000 2818.2156   15.5865
    7.5000  -37.5000   30.0000 2815.1384   15.6631
   -7.5000  -30.0000   30.0000 2793.8660   15.7083
    0.0000  -30.0000   30.0000 2827.0120   15.4624
    7.5000  -30.0000   30.0000 2825.3215   15.5459
   -7.5000  -22.5000   30.0000 2775.8755   15.8672
    0.0000  -22.5000   30.0000 2806.8457   15.6391
    7.5000  -22.5000   30.0000 2802.9224   15.7251
   -7.5000  -15.0000   30.0000 2734.9922   16.2740
    0.0000  -15.0000   30.0000 2763.0496   16.0849
    7.5000  -15.0000   30.0000 2755.6511   16.1870
   -7.5000   -7.5000   30.0000 2680.1086   16.9025
    0.0000   -7.5000   30.0000 2707.9207   16.7555
    7.5000   -7.5000   30.0000 2694.7063   16.8654
   -7.5000    0.0000   30.0000 2603.8726   17.8376
    0.0000    0.0000   30.0000 2628.8240   17.7172
    7.5000    0.0000   30.0000 2609.2795   17.7697
   -7.5000    7.5000   30.0000 2506.0681   18.9983
    0.0000    7.5000   30.0000 2529.0234   18.8781
    7.5000    7.5000   30.0000 2506.0129   18.8893
   -7.5000   15.0000   30.0000 2381.1941   20.5441
    0.0000   15.0000   30.0000 2399.3953   20.4094
    7.5000   15.0000   30.0000 2384.4075   20.4435
   -7.5000   22.5000   30.0000 2262.2673   22.5790
    0.0000   22.5000   30.0000 2270.8481   22.3733
    7.5000   22.5000   30.0000 2262.1760   22.5115
   -7.5000   30.0000   30.0000 2141.1555   25.2061
    0.0000   30.0000   30.0000 2146.5022   24.9611
    7.5000   30.0000   30.0000 2137.4534   25.2053
   -7.5000   37.5000   30.0000 2004.4208   28.5785
    0.0000   37.5000   30.0000 2015.4430   28.3212
    7.5000   37.5000   30.0000 2002.9789   28.6156
   -7.5000   45.0000   30.0000 1855.2100   32.9409
    0.0000   45.0000   30.0000 1862.4115   32.6171
    7.5000   45.0000   30.0000 1844.2201   32.9766
   -7.5000  -45.0000   37.5000 2675.5791   17.4582
    0.0000  -45.0000   37.5000 2718.2200   17.2371
    7.5000  -45.0000   37.5000 2714.8777   17.2565
   -7.5000  -37.5000   37.5000 2710.4180   16.8526
    0.0000  -37.5000   37.5000 2745.7678   16.6449
    7.5000  -37.5000   37.5000 2743.0530   16.6884
   -7.5000  -30.0000   37.5000 2717.9976   16.7258
    0.0000  -30.0000   37.5000 2752.8398   16.4952
    7.5000  -30.0000   37.5000 2752.7620   16.5495
   -7.5000  -22.5000   37.5000 2703.0061   16.8854
    0.0000  -22.5000   37.5000 2736.0657   16.6752
    7.5000  -22.5000   37.5000 2734.7192   16.7293
   -7.5000  -15.0000   37.5000 2663.8613   17.3231
    0.0000  -15.0000   37.5000 2694.6475   17.1489
    7.5000  -15.0000   37.5000 2687.5090   17.1946
   -7.5000   -7.5000   37.5000 2610.6196   17.9609
    0.0000   -7.5000   37.5000 2638.0808   17.8199
    7.5000   -7.5000   37.5000 2620.6655   17.8743
   -7.5000    0.0000   37.5000 2532.0203   18.9116
    0.0000    0.0000   37.5000 2557.3750   18.7875
    7.5000    0.0000   37.5000 2535.9497   18.8053
   -7.5000    7.5000   37.5000 2437.7573   20.1532
    0.0000    7.5000   37.5000 2455.7693   20.0079
    7.5000    7.5000   37.5000 2435.9048   20.0112
   -7.5000   15.0000   37.5000 2321.6765   21.7567
    0.0000   15.0000   37.5000 2333.9888   21.5803
    7.5000   15.0000   37.5000 2320.6682   21.5970
   -7.5000   22.5000   37.5000 2202.2078   23.8254
    0.0000   22.5000   37.5000 2210.4780   23.6250
    7.5000   22.5000   37.5000 2202.8872   23.7192
   -7.5000   30.0000   37.5000 2085.3557   26.5148
    0.0000   30.0000   37.5000 2095.3738   26.2596
    7.5000   30.0000   37.5000 2084.9009   26.4170
   -7.5000   37.5000   37.5000 1957.8271   29.9441
    0.0000   37.5000   37.5000 1965.4626   29.6632
    7.5000   37.5000   37.5000 1954.0608   29.9610
   -7.5000   45.0000   37.5000 1810.6569   34.4312
    0.0000   45.0000   37.5000 1811.3461   34.0803
    7.5000   45.0000   37.5000 1795.5651   34.4833
   -7.5000  -45.0000   45.0000 2601.4255   18.6880
    0.0000  -45.0000   45.0000 2638.2305   18.4962
    7.5000  -45.0000   45.0000 2632.3162   18.4854
   -7.5000  -37.5000   45.0000 2626.2529   18.0669
    0.0000  -37.5000   45.0000 2659.3127   17.8574
    7.5000  -37.5000   45.0000 2657.0884   17.9173
   -7.5000  -30.0000   45.0000 2631.3240   17.9177
    0.0000  -30.0000   45.0000 2665.1458   17.6730
    7.5000  -30.0000   45.0000 2663.3728   17.7357
   -7.5000  -22.5000   45.0000 2621.4888   18.0794
    0.0000  -22.5000   45.0000 2650.2368   17.8416
    7.5000  -22.5000   45.0000 2651.2234   17.9183
   -7.5000  -15.0000   45.0000 2585.0039   18.5182
    0.0000  -15.0000   45.0000 2613.8242   18.3288
    7.5000  -15.0000   45.0000 2605.4946   18.3738
   -7.5000   -7.5000   45.0000 2528.4524   19.1960
    0.0000   -7.5000   45.0000 2556.0415   19.0423
    7.5000   -7.5000   45.0000 2544.9722   19.0793
   -7.5000    0.0000   45.0000 2451.4031   20.2047
    0.0000    0.0000   45.0000 2471.8452   20.0380
    7.5000    0.0000   45.0000 2456.8906   20.0401
   -7.5000    7.5000   45.0000 2357.8818   21.4957
    0.0000    7.5000   45.0000 2376.5862   21.3346
    7.5000    7.5000   45.0000 2361.6331   21.3194
   -7.5000   15.0000   45.0000 2248.0063   23.1862
    0.0000   15.0000   45.0000 2263.8206   22.9742
    7.5000   15.0000   45.0000 2255.1101   23.0222
   -7.5000   22.5000   45.0000 2136.6697   25.3751
    0.0000   22.5000   45.0000 2148.0623   25.1624
    7.5000   22.5000   45.0000 2139.0076   25.2161
   -7.5000   30.0000   45.0000 2018.6844   28.1004
    0.0000   30.0000   45.0000 2030.7200   27.8469
    7.5000   30.0000   45.0000 2018.2676   28.0032
   -7.5000   37.5000   45.0000 1895.6938   31.7583
    0.0000   37.5000   45.0000 1904.5552   31.4424
    7.5000   37.5000   45.0000 1893.2915   31.8378
   -7.5000   45.0000   45.0000 1754.0114   36.5845
    0.0000   45.0000   45.0000 1755.0565   36.0767
    7.5000   45.0000   45.0000 1743.7732   36.4911

---------------------------------------------------------------------
imgreg_4dfp /opt/freesurfer/average/711-2C_as_mni_average_305 /opt/freesurfer/average/711-2B_as_mni_average_305_mask talsrcimg_g11 none talsrcimg_to_711-2C_as_mni_average_305_t4 1283
---------------------------------------------------------------------

freesurfer imgreg_4dfp.c
/opt/freesurfer/average/711-2C_as_mni_average_305.4dfp.img
       256       256       256         1
  1.000000  1.000000  1.000000
orientation T byte_order littleendian
Reading image: /opt/freesurfer/average/711-2C_as_mni_average_305.4dfp.img
dimensions:      256       256       256
mmppix:       1.0000   -1.0000   -1.0000
center:     128.0000 -129.0000 -129.0000
/opt/freesurfer/average/711-2B_as_mni_average_305_mask.4dfp.img
       256       256       256         1
  1.000000  1.000000  1.000000
orientation T byte_order littleendian
Reading mask: /opt/freesurfer/average/711-2B_as_mni_average_305_mask.4dfp.img (2306576 pixels)
talsrcimg_g11.4dfp.img
       256       256       256         1
  1.000000  1.000000  1.000000
orientation T byte_order littleendian
Reading image: talsrcimg_g11.4dfp.img
dimensions:      256       256       256
mmppix:       1.0000   -1.0000   -1.0000
center:     128.0000 -129.0000 -129.0000
rotation matrix determinant  1.000000
fimgreg.f
image alignment mode   1283 decimal      503 hex
parameters
    0.0000  -30.0000    7.5000    0.0000    0.0000    0.0000
eta,q 0.92700 13.38798
niter,ni,del,rscale     5    3   12.0000    1.2000
parameter  1 -0.715181 -> -0.500000 qaram    1.1500
parameter  5 26.067694 ->  0.500000 qaram    1.1500
parameters
    3.4500  -27.7160    6.0903    2.8960   -3.4500   -0.2190
eta,q 0.93026 13.31326
  0.0846  0.0794  0.0723  0.0749  0.0675  0.0713
  0.0820  0.0753  0.0721  0.0736  0.0693  0.0702
  0.0783  0.0733  0.0730  0.0733  0.0710  0.0696
  0.0744  0.0727  0.0721  0.0733  0.0729  0.0698
  0.0733  0.0724  0.0710  0.0730  0.0762  0.0698
  0.0732  0.0726  0.0726  0.0728  0.0784  0.0702
  0.0736  0.0729  0.0760  0.0731  0.0793  0.0716
niter,ni,del,rscale     6    3   12.0000    1.2000
parameter  2  2.905819 ->  0.500000 qaram    1.1500
parameter  3  0.585619 ->  0.500000 qaram    1.1500
parameter  5  0.637156 ->  0.500000 qaram    1.3225
parameters
    3.8193  -31.1660    2.6403    3.6393   -7.4175   -3.0771
eta,q 0.93857 13.07879
  0.0826  0.0683  0.0667  0.0712  0.0636  0.0628
  0.0767  0.0677  0.0649  0.0679  0.0622  0.0617
  0.0703  0.0692  0.0661  0.0655  0.0628  0.0615
  0.0697  0.0698  0.0682  0.0647  0.0648  0.0623
  0.0698  0.0705  0.0666  0.0651  0.0674  0.0645
  0.0732  0.0709  0.0671  0.0665  0.0707  0.0673
  0.0809  0.0720  0.0699  0.0684  0.0752  0.0704
niter,ni,del,rscale     7    3   12.0000    1.2000
parameters
    3.4791  -31.3296    3.5437    4.2590   -6.9811   -3.3564
eta,q 0.93780 13.06029
  0.0741  0.0707  0.0681  0.0692  0.0714  0.0662
  0.0695  0.0639  0.0662  0.0649  0.0671  0.0643
  0.0643  0.0601  0.0628  0.0622  0.0636  0.0628
  0.0614  0.0617  0.0615  0.0621  0.0622  0.0622
  0.0626  0.0646  0.0637  0.0628  0.0632  0.0628
  0.0691  0.0672  0.0646  0.0645  0.0655  0.0645
  0.0795  0.0681  0.0653  0.0657  0.0698  0.0673
niter,ni,del,rscale     6    3   12.0000    1.2000
parameters
    3.2503  -31.6667    3.5182    4.5301   -6.8950   -3.6078
eta,q 0.93794 13.04895
  0.0751  0.0703  0.0668  0.0685  0.0704  0.0660
  0.0705  0.0637  0.0646  0.0640  0.0663  0.0642
  0.0644  0.0610  0.0616  0.0618  0.0631  0.0627
  0.0622  0.0623  0.0620  0.0619  0.0620  0.0620
  0.0636  0.0651  0.0641  0.0631  0.0631  0.0625
  0.0696  0.0676  0.0646  0.0648  0.0656  0.0643
  0.0791  0.0685  0.0661  0.0660  0.0703  0.0671
niter,ni,del,rscale     5    3   12.0000    1.2000
parameters
    3.1117  -31.8434    3.3881    4.6166   -6.8349   -3.7910
eta,q 0.93807 13.04262
  0.0750  0.0707  0.0665  0.0681  0.0703  0.0657
  0.0702  0.0642  0.0646  0.0635  0.0661  0.0641
  0.0643  0.0613  0.0616  0.0616  0.0630  0.0626
  0.0621  0.0621  0.0620  0.0619  0.0619  0.0619
  0.0632  0.0648  0.0639  0.0632  0.0629  0.0622
  0.0688  0.0675  0.0647  0.0649  0.0655  0.0639
  0.0781  0.0686  0.0661  0.0661  0.0703  0.0668
niter,ni,del,rscale     4    3   12.0000    1.2000
parameters
    3.0261  -31.9183    3.2999    4.6444   -6.8081   -3.9165
eta,q 0.93815 13.03884
  0.0748  0.0711  0.0664  0.0680  0.0701  0.0656
  0.0700  0.0645  0.0647  0.0633  0.0660  0.0640
  0.0641  0.0614  0.0617  0.0615  0.0630  0.0626
  0.0619  0.0620  0.0619  0.0618  0.0618  0.0618
  0.0629  0.0646  0.0638  0.0632  0.0628  0.0621
  0.0683  0.0674  0.0647  0.0650  0.0654  0.0637
  0.0775  0.0686  0.0661  0.0661  0.0704  0.0665
niter,ni,del,rscale     3    3   12.0000    1.2000
parameters
    2.9791  -31.9523    3.2445    4.6578   -6.7956   -3.9834
eta,q 0.93820 13.03694
  0.0748  0.0713  0.0664  0.0680  0.0701  0.0656
  0.0699  0.0646  0.0648  0.0632  0.0659  0.0639
  0.0640  0.0614  0.0617  0.0615  0.0630  0.0625
  0.0619  0.0619  0.0618  0.0618  0.0618  0.0618
  0.0627  0.0645  0.0637  0.0632  0.0627  0.0620
  0.0680  0.0674  0.0648  0.0650  0.0654  0.0635
  0.0770  0.0687  0.0660  0.0662  0.0704  0.0663
niter,ni,del,rscale     2    3   12.0000    1.2000
parameters
    2.9532  -31.9669    3.2132    4.6637   -6.7879   -4.0191
eta,q 0.93822 13.03586
  0.0747  0.0714  0.0664  0.0680  0.0701  0.0655
  0.0698  0.0647  0.0649  0.0632  0.0659  0.0639
  0.0639  0.0614  0.0618  0.0615  0.0629  0.0625
  0.0618  0.0618  0.0618  0.0618  0.0618  0.0618
  0.0626  0.0644  0.0637  0.0632  0.0627  0.0619
  0.0678  0.0674  0.0648  0.0650  0.0654  0.0634
  0.0768  0.0687  0.0660  0.0662  0.0704  0.0662
registration optimization eta report
parameter search radius
    6.9000    6.9000    6.9000    6.0000    7.9350    6.0000
100000*second partial in parameter space
       29.       17.        9.       15.       13.       11.
  0.0747  0.0714  0.0664  0.0680  0.0701  0.0655
  0.0698  0.0647  0.0649  0.0632  0.0659  0.0639
  0.0639  0.0614  0.0618  0.0615  0.0629  0.0625
  0.0618  0.0618  0.0618  0.0618  0.0618  0.0618
  0.0626  0.0644  0.0637  0.0632  0.0627  0.0619
  0.0678  0.0674  0.0648  0.0650  0.0654  0.0634
  0.0768  0.0687  0.0660  0.0662  0.0704  0.0662
    2.9532  -31.9669    3.2132    4.6637   -6.7879   -4.0191
eta,q 0.93822 13.03586

---------------------------------------------------------------------
imgreg_4dfp /opt/freesurfer/average/711-2C_as_mni_average_305 /opt/freesurfer/average/711-2B_as_mni_average_305_mask talsrcimg_g11 none talsrcimg_to_711-2C_as_mni_average_305_t4 3335
---------------------------------------------------------------------

freesurfer imgreg_4dfp.c
/opt/freesurfer/average/711-2C_as_mni_average_305.4dfp.img
       256       256       256         1
  1.000000  1.000000  1.000000
orientation T byte_order littleendian
Reading image: /opt/freesurfer/average/711-2C_as_mni_average_305.4dfp.img
dimensions:      256       256       256
mmppix:       1.0000   -1.0000   -1.0000
center:     128.0000 -129.0000 -129.0000
/opt/freesurfer/average/711-2B_as_mni_average_305_mask.4dfp.img
       256       256       256         1
  1.000000  1.000000  1.000000
orientation T byte_order littleendian
Reading mask: /opt/freesurfer/average/711-2B_as_mni_average_305_mask.4dfp.img (2306576 pixels)
talsrcimg_g11.4dfp.img
       256       256       256         1
  1.000000  1.000000  1.000000
orientation T byte_order littleendian
Reading image: talsrcimg_g11.4dfp.img
dimensions:      256       256       256
mmppix:       1.0000   -1.0000   -1.0000
center:     128.0000 -129.0000 -129.0000
fimgreg.f
image alignment mode   3335 decimal      D07 hex
parameters
    2.9532  -31.9669    3.2132   -0.9451   -0.6435   -1.0297
    7.9443   11.1814   -6.9598   -8.9363  -11.8193    8.0737
eta,q 0.93767 13.10816
niter,ni,del,rscale     5    3    5.0000    1.2000
parameter  3 -3.702654 -> -0.500000 qaram    1.1500
parameter  4 19.244949 ->  0.500000 qaram    1.1500
parameter  5 -4.077584 ->  0.500000 qaram    1.1500
parameter  6 58.380680 ->  0.500000 qaram    1.1500
parameter  7  2.146267 ->  0.500000 qaram    1.1500
parameter  8 -0.544673 -> -0.500000 qaram    1.1500
parameter  9  0.824922 ->  0.500000 qaram    1.1500
parameter 11 -0.768675 -> -0.500000 qaram    1.1500
parameter 12  1.328210 ->  0.500000 qaram    1.1500
parameters
    2.8305  -31.9795    4.5932   -5.0851   -4.7835   -5.1697
    3.8043   15.3214  -11.0998  -11.1201   -7.6793    3.9337
eta,q 0.96015 12.87238
  0.0635  0.0631  0.0633  0.0541  0.0489  0.0423  0.0436  0.0491  0.0427  0.0441  0.0456  0.0395
  0.0629  0.0627  0.0631  0.0567  0.0520  0.0452  0.0442  0.0472  0.0426  0.0427  0.0444  0.0397
  0.0625  0.0625  0.0628  0.0592  0.0546  0.0489  0.0450  0.0457  0.0429  0.0423  0.0433  0.0404
  0.0623  0.0623  0.0623  0.0617  0.0574  0.0528  0.0462  0.0444  0.0433  0.0427  0.0423  0.0415
  0.0625  0.0624  0.0619  0.0644  0.0601  0.0569  0.0474  0.0435  0.0439  0.0438  0.0417  0.0428
  0.0630  0.0627  0.0617  0.0670  0.0619  0.0604  0.0488  0.0433  0.0447  0.0457  0.0415  0.0444
  0.0638  0.0632  0.0616  0.0698  0.0640  0.0636  0.0503  0.0443  0.0458  0.0480  0.0417  0.0460
niter,ni,del,rscale     7    3    5.0000    1.2000
parameter  2  0.962898 ->  0.500000 qaram    1.1500
parameter  4  2.274791 ->  0.500000 qaram    1.3225
parameter  5  1.365298 ->  0.500000 qaram    1.3225
parameters
    1.6665  -33.3595    3.7292   -9.8461   -9.5445   -9.2346
    5.7687   13.3901   -9.1050  -11.0609   -8.9509    3.7238
eta,q 0.97759 12.97846
  0.0400  0.0374  0.0390  0.0274  0.0235  0.0251  0.0306  0.0271  0.0280  0.0267  0.0242  0.0245
  0.0392  0.0374  0.0375  0.0288  0.0239  0.0240  0.0276  0.0241  0.0257  0.0244  0.0229  0.0234
  0.0391  0.0380  0.0370  0.0321  0.0260  0.0233  0.0251  0.0228  0.0239  0.0230  0.0224  0.0227
  0.0399  0.0391  0.0375  0.0370  0.0295  0.0243  0.0235  0.0231  0.0228  0.0225  0.0225  0.0224
  0.0413  0.0405  0.0388  0.0430  0.0340  0.0288  0.0232  0.0250  0.0226  0.0231  0.0232  0.0227
  0.0432  0.0423  0.0408  0.0483  0.0387  0.0360  0.0241  0.0288  0.0232  0.0244  0.0241  0.0235
  0.0456  0.0445  0.0431  0.0527  0.0432  0.0419  0.0263  0.0340  0.0248  0.0265  0.0254  0.0249
niter,ni,del,rscale     7    3    5.0000    1.2000
parameters
    1.4206  -32.9928    2.7040  -13.7254  -11.2648   -9.9888
    6.1261   13.7277   -8.4133  -11.0780  -10.6202    4.9613
eta,q 0.97892 12.86515
  0.0260  0.0280  0.0229  0.0237  0.0257  0.0249  0.0261  0.0275  0.0251  0.0247  0.0222  0.0233
  0.0238  0.0253  0.0221  0.0218  0.0233  0.0233  0.0238  0.0241  0.0232  0.0226  0.0214  0.0223
  0.0226  0.0233  0.0219  0.0210  0.0215  0.0220  0.0221  0.0220  0.0218  0.0215  0.0211  0.0215
  0.0224  0.0223  0.0223  0.0219  0.0211  0.0211  0.0213  0.0213  0.0212  0.0212  0.0212  0.0211
  0.0233  0.0224  0.0232  0.0253  0.0230  0.0206  0.0216  0.0217  0.0214  0.0217  0.0216  0.0211
  0.0251  0.0236  0.0248  0.0309  0.0267  0.0230  0.0231  0.0234  0.0224  0.0228  0.0224  0.0215
  0.0277  0.0257  0.0272  0.0367  0.0307  0.0292  0.0255  0.0266  0.0240  0.0245  0.0234  0.0224
niter,ni,del,rscale     6    3    5.0000    1.2000
parameters
    1.7629  -32.6461    2.8420  -14.3795  -11.5801  -10.0662
    5.9112   14.1354   -7.9921  -10.8319  -11.1095    4.8080
eta,q 0.97888 12.83068
  0.0259  0.0260  0.0233  0.0265  0.0270  0.0253  0.0254  0.0274  0.0247  0.0246  0.0226  0.0228
  0.0235  0.0235  0.0220  0.0241  0.0245  0.0236  0.0232  0.0239  0.0229  0.0226  0.0217  0.0219
  0.0219  0.0218  0.0213  0.0221  0.0222  0.0222  0.0217  0.0219  0.0217  0.0215  0.0212  0.0213
  0.0211  0.0210  0.0209  0.0209  0.0211  0.0211  0.0211  0.0211  0.0211  0.0211  0.0211  0.0211
  0.0211  0.0211  0.0211  0.0214  0.0218  0.0204  0.0217  0.0216  0.0214  0.0215  0.0214  0.0213
  0.0220  0.0221  0.0217  0.0244  0.0249  0.0220  0.0234  0.0232  0.0224  0.0225  0.0220  0.0219
  0.0238  0.0240  0.0229  0.0295  0.0282  0.0273  0.0260  0.0262  0.0241  0.0240  0.0229  0.0230
niter,ni,del,rscale     5    3    5.0000    1.2000
parameters
    1.9058  -32.5652    2.8620  -14.4731  -11.6446  -10.0417
    5.6867   14.3089   -7.8184  -10.6849  -11.3007    4.7061
eta,q 0.97887 12.82465
  0.0252  0.0252  0.0232  0.0270  0.0272  0.0254  0.0254  0.0271  0.0244  0.0244  0.0228  0.0228
  0.0231  0.0229  0.0221  0.0246  0.0247  0.0237  0.0232  0.0237  0.0227  0.0225  0.0217  0.0219
  0.0217  0.0216  0.0214  0.0225  0.0224  0.0222  0.0217  0.0217  0.0216  0.0215  0.0212  0.0213
  0.0211  0.0211  0.0211  0.0211  0.0211  0.0211  0.0211  0.0211  0.0211  0.0211  0.0211  0.0211
  0.0214  0.0215  0.0213  0.0212  0.0216  0.0204  0.0217  0.0217  0.0214  0.0215  0.0214  0.0213
  0.0225  0.0227  0.0220  0.0236  0.0245  0.0219  0.0234  0.0234  0.0225  0.0225  0.0219  0.0219
  0.0244  0.0247  0.0232  0.0284  0.0279  0.0271  0.0260  0.0265  0.0242  0.0241  0.0228  0.0229
niter,ni,del,rscale     4    3    5.0000    1.2000
parameters
    1.9571  -32.5240    2.8564  -14.4948  -11.6587  -10.0413
    5.5803   14.3804   -7.7511  -10.6011  -11.3577    4.6395
eta,q 0.97886 12.82238
  0.0250  0.0251  0.0232  0.0270  0.0272  0.0254  0.0255  0.0269  0.0244  0.0244  0.0228  0.0228
  0.0229  0.0229  0.0221  0.0246  0.0247  0.0237  0.0233  0.0236  0.0227  0.0225  0.0218  0.0219
  0.0216  0.0215  0.0214  0.0225  0.0225  0.0222  0.0217  0.0217  0.0215  0.0215  0.0213  0.0213
  0.0211  0.0211  0.0211  0.0211  0.0211  0.0211  0.0211  0.0211  0.0211  0.0211  0.0211  0.0211
  0.0215  0.0216  0.0213  0.0212  0.0215  0.0204  0.0217  0.0218  0.0215  0.0215  0.0214  0.0213
  0.0227  0.0228  0.0220  0.0236  0.0244  0.0219  0.0233  0.0235  0.0226  0.0225  0.0219  0.0219
  0.0247  0.0248  0.0233  0.0283  0.0278  0.0271  0.0259  0.0266  0.0243  0.0241  0.0228  0.0229
niter,ni,del,rscale     3    3    5.0000    1.2000
parameters
    1.9760  -32.5012    2.8488  -14.4972  -11.6590  -10.0407
    5.5316   14.4070   -7.7257  -10.5532  -11.3764    4.5913
eta,q 0.97886 12.82171
  0.0249  0.0250  0.0232  0.0270  0.0272  0.0254  0.0256  0.0269  0.0243  0.0243  0.0228  0.0228
  0.0229  0.0228  0.0221  0.0247  0.0247  0.0237  0.0233  0.0235  0.0226  0.0225  0.0218  0.0219
  0.0216  0.0215  0.0214  0.0225  0.0225  0.0222  0.0218  0.0217  0.0215  0.0214  0.0213  0.0213
  0.0211  0.0211  0.0211  0.0211  0.0211  0.0211  0.0211  0.0211  0.0211  0.0211  0.0211  0.0211
  0.0215  0.0216  0.0213  0.0212  0.0215  0.0204  0.0216  0.0218  0.0215  0.0215  0.0214  0.0213
  0.0227  0.0228  0.0220  0.0235  0.0244  0.0219  0.0232  0.0236  0.0226  0.0225  0.0219  0.0219
  0.0248  0.0248  0.0233  0.0282  0.0278  0.0272  0.0258  0.0267  0.0243  0.0241  0.0228  0.0229
registration optimization eta report
parameter search radius
    2.4000    2.7600    2.7600    9.5220    9.5220    8.2800
    8.2800    8.2800    8.2800    7.2000    8.2800    8.2800
100000*second partial in parameter space
       64.       49.       28.        7.        7.        8.
        7.        8.        5.        6.        2.        3.
  0.0249  0.0250  0.0232  0.0270  0.0272  0.0254  0.0256  0.0269  0.0243  0.0243  0.0228  0.0228
  0.0229  0.0228  0.0221  0.0247  0.0247  0.0237  0.0233  0.0235  0.0226  0.0225  0.0218  0.0219
  0.0216  0.0215  0.0214  0.0225  0.0225  0.0222  0.0218  0.0217  0.0215  0.0214  0.0213  0.0213
  0.0211  0.0211  0.0211  0.0211  0.0211  0.0211  0.0211  0.0211  0.0211  0.0211  0.0211  0.0211
  0.0215  0.0216  0.0213  0.0212  0.0215  0.0204  0.0216  0.0218  0.0215  0.0215  0.0214  0.0213
  0.0227  0.0228  0.0220  0.0235  0.0244  0.0219  0.0232  0.0236  0.0226  0.0225  0.0219  0.0219
  0.0248  0.0248  0.0233  0.0282  0.0278  0.0272  0.0258  0.0267  0.0243  0.0241  0.0228  0.0229
    1.9760  -32.5012    2.8488  -14.4972  -11.6590  -10.0407
    5.5316   14.4070   -7.7257  -10.5532  -11.3764    4.5913
eta,q 0.97886 12.82171

---------------------------------------------------------------------
imgreg_4dfp /opt/freesurfer/average/711-2C_as_mni_average_305 /opt/freesurfer/average/711-2B_as_mni_average_305_mask talsrcimg_g11 none talsrcimg_to_711-2C_as_mni_average_305_t4 2311
---------------------------------------------------------------------

freesurfer imgreg_4dfp.c
/opt/freesurfer/average/711-2C_as_mni_average_305.4dfp.img
       256       256       256         1
  1.000000  1.000000  1.000000
orientation T byte_order littleendian
Reading image: /opt/freesurfer/average/711-2C_as_mni_average_305.4dfp.img
dimensions:      256       256       256
mmppix:       1.0000   -1.0000   -1.0000
center:     128.0000 -129.0000 -129.0000
/opt/freesurfer/average/711-2B_as_mni_average_305_mask.4dfp.img
       256       256       256         1
  1.000000  1.000000  1.000000
orientation T byte_order littleendian
Reading mask: /opt/freesurfer/average/711-2B_as_mni_average_305_mask.4dfp.img (2306576 pixels)
talsrcimg_g11.4dfp.img
       256       256       256         1
  1.000000  1.000000  1.000000
orientation T byte_order littleendian
Reading image: talsrcimg_g11.4dfp.img
dimensions:      256       256       256
mmppix:       1.0000   -1.0000   -1.0000
center:     128.0000 -129.0000 -129.0000
fimgreg.f
image alignment mode   2311 decimal      907 hex
parameters
    1.9760  -32.5012    2.8488  -14.4972  -11.6590  -10.0407
    5.5316   14.4070   -7.7257  -10.5532  -11.3764    4.5913
eta,q 0.97886 12.82171
niter,ni,del,rscale     5    3    5.0000    0.8000
parameters
    2.0014  -32.5188    2.9049  -13.2796  -11.3183   -7.8775
    5.4886   14.6738   -7.7128  -10.6334  -11.2553    4.0747
eta,q 0.97974 12.90475
  0.0229  0.0224  0.0219  0.0236  0.0232  0.0231  0.0221  0.0231  0.0215  0.0220  0.0212  0.0209
  0.0219  0.0217  0.0215  0.0225  0.0222  0.0222  0.0211  0.0215  0.0208  0.0210  0.0206  0.0205
  0.0214  0.0213  0.0212  0.0217  0.0214  0.0215  0.0205  0.0206  0.0204  0.0204  0.0203  0.0203
  0.0211  0.0211  0.0211  0.0211  0.0209  0.0209  0.0203  0.0203  0.0203  0.0203  0.0203  0.0203
  0.0213  0.0213  0.0212  0.0209  0.0209  0.0204  0.0205  0.0205  0.0204  0.0205  0.0204  0.0204
  0.0218  0.0217  0.0214  0.0212  0.0215  0.0202  0.0211  0.0212  0.0208  0.0211  0.0206  0.0207
  0.0228  0.0224  0.0218  0.0221  0.0228  0.0212  0.0222  0.0225  0.0215  0.0221  0.0211  0.0212
niter,ni,del,rscale     4    3    5.0000    0.7000
parameters
    1.7676  -32.5778    2.9044  -13.2985  -11.3335   -8.1981
    5.6553   14.3879   -7.7917  -10.6267  -11.2743    4.2754
eta,q 0.97972 12.90771
  0.0212  0.0212  0.0210  0.0218  0.0219  0.0217  0.0218  0.0218  0.0212  0.0216  0.0209  0.0209
  0.0206  0.0206  0.0206  0.0210  0.0211  0.0212  0.0210  0.0209  0.0207  0.0209  0.0205  0.0206
  0.0203  0.0203  0.0203  0.0205  0.0205  0.0206  0.0205  0.0204  0.0204  0.0204  0.0203  0.0204
  0.0203  0.0202  0.0202  0.0202  0.0202  0.0202  0.0203  0.0203  0.0203  0.0203  0.0203  0.0203
  0.0206  0.0204  0.0203  0.0203  0.0203  0.0202  0.0204  0.0206  0.0204  0.0204  0.0204  0.0203
  0.0212  0.0208  0.0206  0.0209  0.0209  0.0211  0.0208  0.0212  0.0207  0.0209  0.0206  0.0205
  0.0222  0.0214  0.0210  0.0220  0.0221  0.0230  0.0216  0.0223  0.0213  0.0216  0.0209  0.0208
niter,ni,del,rscale     3    3    5.0000    0.6000
parameters
    1.7510  -32.5905    2.9199  -13.1889  -11.2474   -8.0219
    5.7096   14.3856   -7.8002  -10.6932  -11.2528    4.2370
eta,q 0.97978 12.91438
  0.0213  0.0211  0.0208  0.0215  0.0216  0.0216  0.0213  0.0216  0.0209  0.0212  0.0207  0.0206
  0.0207  0.0206  0.0205  0.0209  0.0209  0.0211  0.0207  0.0208  0.0205  0.0207  0.0204  0.0204
  0.0204  0.0204  0.0203  0.0205  0.0205  0.0206  0.0204  0.0204  0.0203  0.0203  0.0203  0.0203
  0.0203  0.0203  0.0203  0.0203  0.0203  0.0203  0.0202  0.0202  0.0202  0.0202  0.0202  0.0202
  0.0204  0.0204  0.0203  0.0203  0.0203  0.0201  0.0203  0.0204  0.0203  0.0204  0.0203  0.0203
  0.0208  0.0206  0.0205  0.0207  0.0207  0.0205  0.0207  0.0208  0.0205  0.0207  0.0204  0.0204
  0.0214  0.0211  0.0208  0.0215  0.0216  0.0217  0.0213  0.0216  0.0209  0.0213  0.0207  0.0207
niter,ni,del,rscale     2    3    5.0000    0.5000
parameters
    1.7216  -32.6173    2.9291  -13.1221  -11.1963   -7.7706
    5.7340   14.3917   -7.8174  -10.7290  -11.2225    4.1469
eta,q 0.97984 12.92061
  0.0209  0.0208  0.0206  0.0211  0.0211  0.0212  0.0209  0.0211  0.0207  0.0209  0.0205  0.0205
  0.0205  0.0204  0.0204  0.0207  0.0207  0.0209  0.0205  0.0206  0.0204  0.0205  0.0203  0.0203
  0.0203  0.0203  0.0203  0.0204  0.0204  0.0205  0.0203  0.0203  0.0202  0.0202  0.0202  0.0202
  0.0202  0.0202  0.0202  0.0202  0.0202  0.0202  0.0202  0.0202  0.0202  0.0202  0.0202  0.0202
  0.0203  0.0203  0.0203  0.0203  0.0203  0.0201  0.0202  0.0203  0.0202  0.0203  0.0202  0.0202
  0.0206  0.0205  0.0204  0.0205  0.0206  0.0204  0.0205  0.0206  0.0204  0.0205  0.0203  0.0203
  0.0210  0.0208  0.0206  0.0211  0.0211  0.0212  0.0209  0.0211  0.0207  0.0209  0.0205  0.0205
niter,ni,del,rscale     1    3    5.0000    0.4000
parameters
    1.7006  -32.6313    2.9466  -13.0680  -11.1590   -7.5538
    5.7413   14.4022   -7.8304  -10.7352  -11.2040    4.0642
eta,q 0.97987 12.92525
  0.0206  0.0205  0.0205  0.0208  0.0207  0.0209  0.0206  0.0208  0.0204  0.0206  0.0204  0.0203
  0.0204  0.0203  0.0203  0.0205  0.0205  0.0206  0.0203  0.0204  0.0203  0.0203  0.0202  0.0202
  0.0202  0.0202  0.0202  0.0203  0.0203  0.0204  0.0202  0.0202  0.0202  0.0202  0.0201  0.0201
  0.0202  0.0202  0.0202  0.0202  0.0202  0.0202  0.0201  0.0201  0.0201  0.0201  0.0201  0.0201
  0.0202  0.0202  0.0202  0.0202  0.0202  0.0201  0.0202  0.0202  0.0202  0.0202  0.0202  0.0202
  0.0204  0.0203  0.0203  0.0204  0.0204  0.0203  0.0203  0.0204  0.0203  0.0203  0.0202  0.0202
  0.0207  0.0205  0.0204  0.0207  0.0208  0.0208  0.0206  0.0208  0.0205  0.0206  0.0203  0.0203
registration optimization eta report
parameter search radius
    0.8000    0.8000    0.8000    2.4000    2.4000    2.4000
    2.4000    2.4000    2.4000    2.4000    2.4000    2.4000
100000*second partial in parameter space
       76.       56.       43.       10.       10.       12.
        9.       11.        6.        9.        4.        4.
  0.0206  0.0205  0.0205  0.0208  0.0207  0.0209  0.0206  0.0208  0.0204  0.0206  0.0204  0.0203
  0.0204  0.0203  0.0203  0.0205  0.0205  0.0206  0.0203  0.0204  0.0203  0.0203  0.0202  0.0202
  0.0202  0.0202  0.0202  0.0203  0.0203  0.0204  0.0202  0.0202  0.0202  0.0202  0.0201  0.0201
  0.0202  0.0202  0.0202  0.0202  0.0202  0.0202  0.0201  0.0201  0.0201  0.0201  0.0201  0.0201
  0.0202  0.0202  0.0202  0.0202  0.0202  0.0201  0.0202  0.0202  0.0202  0.0202  0.0202  0.0202
  0.0204  0.0203  0.0203  0.0204  0.0204  0.0203  0.0203  0.0204  0.0203  0.0203  0.0202  0.0202
  0.0207  0.0205  0.0204  0.0207  0.0208  0.0208  0.0206  0.0208  0.0205  0.0206  0.0203  0.0203
    1.7006  -32.6313    2.9466  -13.0680  -11.1590   -7.5538
    5.7413   14.4022   -7.8304  -10.7352  -11.2040    4.0642
eta,q 0.97987 12.92525

---------------------------------------------------------------------
imgreg_4dfp /opt/freesurfer/average/711-2C_as_mni_average_305 /opt/freesurfer/average/711-2B_as_mni_average_305_mask talsrcimg_g11 none talsrcimg_to_711-2C_as_mni_average_305_t4 2311
---------------------------------------------------------------------

freesurfer imgreg_4dfp.c
/opt/freesurfer/average/711-2C_as_mni_average_305.4dfp.img
       256       256       256         1
  1.000000  1.000000  1.000000
orientation T byte_order littleendian
Reading image: /opt/freesurfer/average/711-2C_as_mni_average_305.4dfp.img
dimensions:      256       256       256
mmppix:       1.0000   -1.0000   -1.0000
center:     128.0000 -129.0000 -129.0000
/opt/freesurfer/average/711-2B_as_mni_average_305_mask.4dfp.img
       256       256       256         1
  1.000000  1.000000  1.000000
orientation T byte_order littleendian
Reading mask: /opt/freesurfer/average/711-2B_as_mni_average_305_mask.4dfp.img (2306576 pixels)
talsrcimg_g11.4dfp.img
       256       256       256         1
  1.000000  1.000000  1.000000
orientation T byte_order littleendian
Reading image: talsrcimg_g11.4dfp.img
dimensions:      256       256       256
mmppix:       1.0000   -1.0000   -1.0000
center:     128.0000 -129.0000 -129.0000
fimgreg.f
image alignment mode   2311 decimal      907 hex
parameters
    1.7006  -32.6313    2.9466  -13.0680  -11.1590   -7.5538
    5.7413   14.4022   -7.8304  -10.7352  -11.2040    4.0642
eta,q 0.97987 12.92525
niter,ni,del,rscale     5    3    5.0000    0.8000
parameters
    1.6707  -32.6249    2.9453  -13.4516  -11.4256   -8.3211
    5.7916   14.2733   -7.8286  -10.6935  -11.2556    4.4265
eta,q 0.97966 12.90377
  0.0220  0.0216  0.0213  0.0220  0.0222  0.0219  0.0222  0.0225  0.0216  0.0221  0.0211  0.0212
  0.0210  0.0208  0.0207  0.0211  0.0212  0.0212  0.0212  0.0212  0.0209  0.0211  0.0206  0.0207
  0.0203  0.0203  0.0203  0.0204  0.0205  0.0206  0.0206  0.0205  0.0205  0.0205  0.0204  0.0205
  0.0201  0.0201  0.0201  0.0201  0.0201  0.0202  0.0204  0.0204  0.0204  0.0204  0.0203  0.0203
  0.0204  0.0203  0.0203  0.0204  0.0204  0.0204  0.0205  0.0206  0.0205  0.0205  0.0205  0.0204
  0.0210  0.0208  0.0206  0.0213  0.0213  0.0218  0.0211  0.0214  0.0209  0.0211  0.0207  0.0206
  0.0222  0.0216  0.0213  0.0230  0.0229  0.0246  0.0221  0.0227  0.0216  0.0220  0.0211  0.0210
niter,ni,del,rscale     4    3    5.0000    0.7000
parameters
    1.7556  -32.6034    2.9302  -13.2866  -11.3196   -8.2842
    5.7425   14.3488   -7.8049  -10.7394  -11.2804    4.3829
eta,q 0.97970 12.90752
  0.0219  0.0214  0.0210  0.0220  0.0221  0.0219  0.0217  0.0222  0.0213  0.0216  0.0209  0.0208
  0.0211  0.0208  0.0206  0.0212  0.0212  0.0213  0.0209  0.0211  0.0207  0.0209  0.0205  0.0205
  0.0206  0.0205  0.0204  0.0207  0.0206  0.0208  0.0205  0.0205  0.0204  0.0204  0.0203  0.0204
  0.0203  0.0203  0.0203  0.0203  0.0203  0.0203  0.0203  0.0203  0.0203  0.0203  0.0203  0.0203
  0.0204  0.0204  0.0204  0.0204  0.0204  0.0201  0.0205  0.0205  0.0204  0.0205  0.0204  0.0204
  0.0208  0.0208  0.0207  0.0209  0.0209  0.0207  0.0210  0.0210  0.0207  0.0209  0.0206  0.0206
  0.0216  0.0214  0.0211  0.0220  0.0221  0.0224  0.0218  0.0220  0.0213  0.0216  0.0209  0.0209
niter,ni,del,rscale     3    3    5.0000    0.6000
parameters
    1.7446  -32.6202    2.9233  -13.1934  -11.2439   -8.0186
    5.7392   14.3782   -7.7973  -10.7529  -11.2552    4.2842
eta,q 0.97978 12.91485
  0.0213  0.0211  0.0208  0.0216  0.0216  0.0216  0.0213  0.0216  0.0209  0.0212  0.0207  0.0206
  0.0208  0.0206  0.0205  0.0210  0.0210  0.0211  0.0207  0.0208  0.0205  0.0207  0.0204  0.0204
  0.0204  0.0204  0.0204  0.0205  0.0205  0.0207  0.0204  0.0204  0.0203  0.0203  0.0203  0.0203
  0.0203  0.0203  0.0203  0.0203  0.0203  0.0203  0.0202  0.0202  0.0202  0.0202  0.0202  0.0202
  0.0204  0.0204  0.0204  0.0203  0.0203  0.0201  0.0203  0.0204  0.0203  0.0203  0.0203  0.0203
  0.0208  0.0207  0.0205  0.0207  0.0208  0.0205  0.0207  0.0208  0.0205  0.0207  0.0204  0.0204
  0.0214  0.0211  0.0208  0.0215  0.0216  0.0216  0.0213  0.0215  0.0209  0.0212  0.0207  0.0207
niter,ni,del,rscale     2    3    5.0000    0.5000
parameters
    1.7201  -32.6314    2.9343  -13.1269  -11.2040   -7.7763
    5.7472   14.3846   -7.8138  -10.7559  -11.2286    4.1747
eta,q 0.97984 12.92051
  0.0209  0.0208  0.0206  0.0211  0.0211  0.0212  0.0209  0.0211  0.0207  0.0209  0.0205  0.0205
  0.0205  0.0205  0.0204  0.0207  0.0207  0.0209  0.0205  0.0206  0.0204  0.0205  0.0203  0.0203
  0.0203  0.0203  0.0203  0.0204  0.0204  0.0205  0.0203  0.0203  0.0202  0.0202  0.0202  0.0202
  0.0202  0.0202  0.0202  0.0202  0.0202  0.0202  0.0202  0.0202  0.0202  0.0202  0.0202  0.0202
  0.0203  0.0203  0.0203  0.0203  0.0203  0.0201  0.0202  0.0203  0.0202  0.0203  0.0202  0.0202
  0.0206  0.0205  0.0204  0.0205  0.0206  0.0204  0.0205  0.0206  0.0204  0.0205  0.0203  0.0203
  0.0210  0.0208  0.0206  0.0211  0.0211  0.0212  0.0209  0.0211  0.0207  0.0209  0.0205  0.0205
niter,ni,del,rscale     1    3    5.0000    0.4000
parameters
    1.6999  -32.6370    2.9473  -13.0675  -11.1621   -7.5531
    5.7407   14.3980   -7.8280  -10.7478  -11.1909    4.0678
eta,q 0.97988 12.92514
  0.0206  0.0205  0.0204  0.0208  0.0208  0.0209  0.0206  0.0208  0.0204  0.0206  0.0204  0.0203
  0.0204  0.0203  0.0203  0.0205  0.0205  0.0206  0.0203  0.0204  0.0203  0.0203  0.0202  0.0202
  0.0202  0.0202  0.0202  0.0203  0.0203  0.0204  0.0202  0.0202  0.0202  0.0202  0.0201  0.0201
  0.0202  0.0202  0.0202  0.0202  0.0202  0.0202  0.0201  0.0201  0.0201  0.0201  0.0201  0.0201
  0.0202  0.0202  0.0202  0.0202  0.0202  0.0201  0.0202  0.0202  0.0202  0.0202  0.0202  0.0202
  0.0204  0.0203  0.0203  0.0204  0.0204  0.0203  0.0203  0.0204  0.0203  0.0203  0.0202  0.0202
  0.0207  0.0205  0.0204  0.0207  0.0208  0.0208  0.0206  0.0208  0.0205  0.0206  0.0203  0.0204
registration optimization eta report
parameter search radius
    0.8000    0.8000    0.8000    2.4000    2.4000    2.4000
    2.4000    2.4000    2.4000    2.4000    2.4000    2.4000
100000*second partial in parameter space
       76.       56.       43.       10.       10.       12.
        9.       11.        6.        9.        4.        4.
  0.0206  0.0205  0.0204  0.0208  0.0208  0.0209  0.0206  0.0208  0.0204  0.0206  0.0204  0.0203
  0.0204  0.0203  0.0203  0.0205  0.0205  0.0206  0.0203  0.0204  0.0203  0.0203  0.0202  0.0202
  0.0202  0.0202  0.0202  0.0203  0.0203  0.0204  0.0202  0.0202  0.0202  0.0202  0.0201  0.0201
  0.0202  0.0202  0.0202  0.0202  0.0202  0.0202  0.0201  0.0201  0.0201  0.0201  0.0201  0.0201
  0.0202  0.0202  0.0202  0.0202  0.0202  0.0201  0.0202  0.0202  0.0202  0.0202  0.0202  0.0202
  0.0204  0.0203  0.0203  0.0204  0.0204  0.0203  0.0203  0.0204  0.0203  0.0203  0.0202  0.0202
  0.0207  0.0205  0.0204  0.0207  0.0208  0.0208  0.0206  0.0208  0.0205  0.0206  0.0203  0.0204
    1.6999  -32.6370    2.9473  -13.0675  -11.1621   -7.5531
    5.7407   14.3980   -7.8280  -10.7478  -11.1909    4.0678
eta,q 0.97988 12.92514

---------------------------------------------------------------------
compute_vox2vox talsrcimg talsrcimg_to_711-2C_as_mni_average_305_t4 /opt/freesurfer/average/711-2C_as_mni_average_305
---------------------------------------------------------------------

freesurfer compute_vox2vox.c
Reading: talsrcimg.4dfp.ifh
Reading: talsrcimg_to_711-2C_as_mni_average_305_t4
Reading: /opt/freesurfer/average/711-2C_as_mni_average_305.4dfp.ifh
Writing: talsrcimg_to_711-2C_as_mni_average_305_t4_vox2vox.txt

start time Thu Mar 12 13:58:00 CET 2026
end		time Thu Mar 12 13:59:26 CET 2026

mpr2mni305 success

avi2talxfm orig_nu.mgz /opt/freesurfer/average/mni305.cor.mgz talsrcimg_to_711-2C_as_mni_average_305_t4_vox2vox.txt transforms/talairach.auto.xfm
avi2talxfm done
mv -f /out/sourcedata/freesurfer/sub-v1s19x0051314_ses-1/mri/talsrcimg_to_711-2C_as_mni_average_305_t4_vox2vox.txt /out/sourcedata/freesurfer/sub-v1s19x0051314_ses-1/mri/transforms/talsrcimg_to_711-2C_as_mni_average_305_t4_vox2vox.txt
lta_convert --src orig_nu.mgz --trg /opt/freesurfer/average/mni305.cor.mgz --inxfm transforms/talairach.auto.xfm --outlta transforms/talairach.auto.xfm.lta --subject fsaverage
7.3.2

--src: orig_nu.mgz src image (geometry).
--trg: /opt/freesurfer/average/mni305.cor.mgz trg image (geometry).
--inmni: transforms/talairach.auto.xfm input MNI/XFM transform.
--outlta: transforms/talairach.auto.xfm.lta output LTA.
--s: fsaverage subject name
 LTA read, type : 1
 1.12111  -0.18206  -0.06411  -9.41766;
 0.13067   1.05475  -0.05674  -17.65746;
 0.11460   0.11156   1.11313   27.35658;
 0.00000   0.00000   0.00000   1.00000;
setting subject to fsaverage
Writing  LTA to file transforms/talairach.auto.xfm.lta...
lta_convert successful.
 
 
Started at Thu Mar 12 13:57:59 CET 2026
Ended   at Thu Mar 12 13:59:27 CET 2026
talairach_avi done
