/out/sourcedata/freesurfer/sub-v1s19x0051317_ses-1/mri
/opt/freesurfer/bin/talairach_avi
--i orig_nu.mgz --xfm transforms/talairach.auto.xfm
talairach_avi 7.3.2
Linux dna020 5.14.0-427.37.1.el9_4.x86_64 #1 SMP PREEMPT_DYNAMIC Fri Sep 13 12:41:50 EDT 2024 x86_64 x86_64 x86_64 GNU/Linux
Thu Mar 12 14:00:59 CET 2026
mri_convert orig_nu.mgz talsrcimg.img 
reading from orig_nu.mgz...
TR=0.00, TE=0.00, TI=0.00, flip angle=0.00
i_ras = (-1, 0, -1.86265e-09)
j_ras = (1.86265e-09, 0, -1)
k_ras = (0, 1, 0)
writing to talsrcimg.img...
Analyze Output Matrix
-1.00000   0.00000   0.00000   132.04199;
 0.00000   0.00000   1.00000  -121.34672;
-0.00000  -1.00000   0.00000   137.85646;
 0.00000   0.00000   0.00000   1.00000;
--------------------
INFO: set hdr.hist.orient to -1
mpr2mni305 talsrcimg
Thu Mar 12 14:00:59 CET 2026
/opt/freesurfer/bin/mpr2mni305 talsrcimg
mpr2mni305 7.3.2
target=711-2C_as_mni_average_305

---------------------------------------------------------------------
analyzeto4dfp talsrcimg -O0 -y
---------------------------------------------------------------------

freesurfer ifh2hdr.c
Thu Mar 12 14:00:59 2026
Writing: talsrcimg.4dfp.hdr
freesurfer analyzeto4dfp.c
Reading: talsrcimg.hdr
header size 348 bytes
hdr.dime.datatype	offset=70	value=2
hdr.dime.bitpix		offset=72	value=8
hdr.hist.orient		offset=252	value=-1
dimensionality     4
dimensions       256       256       256         1
Reading: talsrcimg.img
Writing: talsrcimg.4dfp.img
Writing: talsrcimg.4dfp.ifh
ifh2hdr talsrcimg -r0to222
ori=2

---------------------------------------------------------------------
gauss_4dfp talsrcimg 1.1
---------------------------------------------------------------------

freesurfer gauss_4dfp.c
Reading: talsrcimg.4dfp.img
Writing: talsrcimg_g11.4dfp.img
image dimensions 256 256 256 padded to 288 288 288
processing volume 1freesurfer ifh2hdr.c
Thu Mar 12 14:01:01 2026
Writing: talsrcimg_g11.4dfp.hdr

Writing: talsrcimg_g11.4dfp.ifh
including: talsrcimg.4dfp.img.rec in talsrcimg_g11.4dfp.img.rec

---------------------------------------------------------------------
imgreg_4dfp /opt/freesurfer/average/711-2C_as_mni_average_305 none talsrcimg_g11 none talsrcimg_to_711-2C_as_mni_average_305_t4 4355
---------------------------------------------------------------------

freesurfer imgreg_4dfp.c
/opt/freesurfer/average/711-2C_as_mni_average_305.4dfp.img
       256       256       256         1
  1.000000  1.000000  1.000000
orientation T byte_order littleendian
Reading image: /opt/freesurfer/average/711-2C_as_mni_average_305.4dfp.img
dimensions:      256       256       256
mmppix:       1.0000   -1.0000   -1.0000
center:     128.0000 -129.0000 -129.0000
talsrcimg_g11.4dfp.img
       256       256       256         1
  1.000000  1.000000  1.000000
orientation T byte_order littleendian
Reading image: talsrcimg_g11.4dfp.img
dimensions:      256       256       256
mmppix:       1.0000   -1.0000   -1.0000
center:     128.0000 -129.0000 -129.0000
t4_read: open error in t4_sub.f l:  41 t4_file(1:l)talsrcimg_to_711-2C_as_mni_average_305_t4 
t4_read: transform initialized to I4
rotation matrix determinant  1.000000
image alignment mode   4355 decimal     1103 hex
   -7.5000  -45.0000  -45.0000 9082.8301   18.3166
    0.0000  -45.0000  -45.0000 9481.1709   18.3082
    7.5000  -45.0000  -45.0000 9099.4805   18.2951
   -7.5000  -37.5000  -45.0000 9509.6523   18.3359
    0.0000  -37.5000  -45.0000 9928.6709   18.3219
    7.5000  -37.5000  -45.0000 9515.2275   18.3079
   -7.5000  -30.0000  -45.000010247.6973   18.3594
    0.0000  -30.0000  -45.000010689.1953   18.3455
    7.5000  -30.0000  -45.000010264.9834   18.3296
   -7.5000  -22.5000  -45.000010963.9893   18.3518
    0.0000  -22.5000  -45.000011454.0391   18.3458
    7.5000  -22.5000  -45.000011010.1582   18.3281
   -7.5000  -15.0000  -45.000011671.9639   18.3220
    0.0000  -15.0000  -45.000012190.9473   18.3227
    7.5000  -15.0000  -45.000011732.8662   18.3052
   -7.5000   -7.5000  -45.000012224.5928   18.2966
    0.0000   -7.5000  -45.000012766.8213   18.2952
    7.5000   -7.5000  -45.000012240.5225   18.2802
   -7.5000    0.0000  -45.000012603.3018   18.3029
    0.0000    0.0000  -45.000013140.4160   18.2947
    7.5000    0.0000  -45.000012574.6953   18.2815
   -7.5000    7.5000  -45.000011891.0635   18.3358
    0.0000    7.5000  -45.000012377.0762   18.3219
    7.5000    7.5000  -45.000011857.7939   18.3079
   -7.5000   15.0000  -45.000010975.5859   18.3594
    0.0000   15.0000  -45.000011452.8027   18.3455
    7.5000   15.0000  -45.000010945.7803   18.3296
   -7.5000   22.5000  -45.000010072.3018   18.3493
    0.0000   22.5000  -45.000010502.0859   18.3433
    7.5000   22.5000  -45.000010034.4346   18.3256
   -7.5000   30.0000  -45.0000 9181.8936   18.0779
    0.0000   30.0000  -45.0000 9593.2812   18.0785
    7.5000   30.0000  -45.0000 9127.8906   18.0613
   -7.5000   37.5000  -45.0000 8692.6221   18.0542
    0.0000   37.5000  -45.0000 9088.3066   18.0528
    7.5000   37.5000  -45.0000 8647.2041   18.0380
   -7.5000   45.0000  -45.0000 7882.1455   17.7180
    0.0000   45.0000  -45.0000 8218.6504   17.7081
    7.5000   45.0000  -45.0000 7812.4351   17.6936
   -7.5000  -45.0000  -37.5000 9678.1055   18.2444
    0.0000  -45.0000  -37.500010088.2803   18.2365
    7.5000  -45.0000  -37.5000 9657.0186   18.2299
   -7.5000  -37.5000  -37.500010123.6172   18.2638
    0.0000  -37.5000  -37.500010547.6523   18.2526
    7.5000  -37.5000  -37.500010093.3320   18.2436
   -7.5000  -30.0000  -37.500010902.0264   18.2881
    0.0000  -30.0000  -37.500011333.8994   18.2808
    7.5000  -30.0000  -37.500010883.8477   18.2694
   -7.5000  -22.5000  -37.500011662.0801   18.2804
    0.0000  -22.5000  -37.500012142.2373   18.2821
    7.5000  -22.5000  -37.500011685.1016   18.2705
   -7.5000  -15.0000  -37.500012392.9463   18.2507
    0.0000  -15.0000  -37.500012904.6152   18.2568
    7.5000  -15.0000  -37.500012422.4717   18.2468
   -7.5000   -7.5000  -37.500012893.5186   18.2253
    0.0000   -7.5000  -37.500013435.0684   18.2260
    7.5000   -7.5000  -37.500012901.5488   18.2186
   -7.5000    0.0000  -37.500013277.5234   18.2307
    0.0000    0.0000  -37.500013835.0752   18.2232
    7.5000    0.0000  -37.500013278.7246   18.2164
   -7.5000    7.5000  -37.500012538.1865   18.2638
    0.0000    7.5000  -37.500013059.0840   18.2526
    7.5000    7.5000  -37.500012554.5576   18.2436
   -7.5000   15.0000  -37.500011560.3154   18.2881
    0.0000   15.0000  -37.500012013.5889   18.2808
    7.5000   15.0000  -37.500011540.6221   18.2694
   -7.5000   22.5000  -37.500010582.8369   18.2779
    0.0000   22.5000  -37.500010993.3320   18.2796
    7.5000   22.5000  -37.500010542.4717   18.2680
   -7.5000   30.0000  -37.5000 9626.8809   18.0074
    0.0000   30.0000  -37.500010036.6074   18.0135
    7.5000   30.0000  -37.5000 9587.7920   18.0037
   -7.5000   37.5000  -37.5000 9097.9893   17.9838
    0.0000   37.5000  -37.5000 9501.4277   17.9844
    7.5000   37.5000  -37.5000 9055.1709   17.9771
   -7.5000   45.0000  -37.5000 8219.3320   17.6503
    0.0000   45.0000  -37.5000 8573.8838   17.6419
    7.5000   45.0000  -37.5000 8157.7090   17.6340
   -7.5000  -45.0000  -30.000010430.1660   18.9681
    0.0000  -45.0000  -30.000010850.7969   18.9613
    7.5000  -45.0000  -30.000010412.5312   18.9584
   -7.5000  -37.5000  -30.000010912.1445   18.9810
    0.0000  -37.5000  -30.000011343.1172   18.9753
    7.5000  -37.5000  -30.000010865.6914   18.9708
   -7.5000  -30.0000  -30.000011757.1045   18.9994
    0.0000  -30.0000  -30.000012200.9541   19.0015
    7.5000  -30.0000  -30.000011710.4316   18.9959
   -7.5000  -22.5000  -30.000012601.6279   18.9920
    0.0000  -22.5000  -30.000013077.2686   19.0019
    7.5000  -22.5000  -30.000012558.2871   18.9968
   -7.5000  -15.0000  -30.000013342.4512   18.9677
    0.0000  -15.0000  -30.000013868.2158   18.9775
    7.5000  -15.0000  -30.000013292.8164   18.9734
   -7.5000   -7.5000  -30.000013820.7852   18.9482
    0.0000   -7.5000  -30.000014365.9893   18.9493
    7.5000   -7.5000  -30.000013783.1113   18.9462
   -7.5000    0.0000  -30.000014192.0605   18.9540
    0.0000    0.0000  -30.000014748.3027   18.9475
    7.5000    0.0000  -30.000014180.3818   18.9444
   -7.5000    7.5000  -30.000013403.7754   18.9810
    0.0000    7.5000  -30.000013916.2334   18.9753
    7.5000    7.5000  -30.000013410.1152   18.9707
   -7.5000   15.0000  -30.000012355.3311   18.9994
    0.0000   15.0000  -30.000012791.6689   19.0015
    7.5000   15.0000  -30.000012336.2314   18.9959
   -7.5000   22.5000  -30.000011281.9268   18.9874
    0.0000   22.5000  -30.000011695.0176   18.9973
    7.5000   22.5000  -30.000011274.7969   18.9922
   -7.5000   30.0000  -30.000010279.2607   18.7167
    0.0000   30.0000  -30.000010668.6621   18.7264
    7.5000   30.0000  -30.000010237.8340   18.7223
   -7.5000   37.5000  -30.0000 9656.1240   18.6989
    0.0000   37.5000  -30.000010072.9434   18.6999
    7.5000   37.5000  -30.0000 9616.0898   18.6968
   -7.5000   45.0000  -30.0000 8675.5557   18.3656
    0.0000   45.0000  -30.0000 9037.3564   18.3589
    7.5000   45.0000  -30.0000 8616.9082   18.3556
   -7.5000  -45.0000  -22.500011177.7363   19.6019
    0.0000  -45.0000  -22.500011623.0195   19.5950
    7.5000  -45.0000  -22.500011113.6299   19.5894
   -7.5000  -37.5000  -22.500011694.2793   19.6051
    0.0000  -37.5000  -22.500012147.6426   19.6021
    7.5000  -37.5000  -22.500011601.0859   19.5979
   -7.5000  -30.0000  -22.500012606.8389   19.6151
    0.0000  -30.0000  -22.500013103.7715   19.6199
    7.5000  -30.0000  -22.500012504.5801   19.6173
   -7.5000  -22.5000  -22.500013517.0527   19.6097
    0.0000  -22.5000  -22.500014067.9473   19.6196
    7.5000  -22.5000  -22.500013403.4023   19.6164
   -7.5000  -15.0000  -22.500014272.4150   19.5938
    0.0000  -15.0000  -22.500014866.4053   19.6009
    7.5000  -15.0000  -22.500014147.1553   19.5957
   -7.5000   -7.5000  -22.500014803.8896   19.5816
    0.0000   -7.5000  -22.500015373.0127   19.5800
    7.5000   -7.5000  -22.500014683.4512   19.5739
   -7.5000    0.0000  -22.500015136.1279   19.5875
    0.0000    0.0000  -22.500015707.8721   19.5809
    7.5000    0.0000  -22.500015069.9854   19.5751
   -7.5000    7.5000  -22.500014262.2705   19.6051
    0.0000    7.5000  -22.500014777.1611   19.6021
    7.5000    7.5000  -22.500014250.1162   19.5979
   -7.5000   15.0000  -22.500013145.5850   19.6151
    0.0000   15.0000  -22.500013600.4619   19.6199
    7.5000   15.0000  -22.500013162.0342   19.6173
   -7.5000   22.5000  -22.500012003.2852   19.6036
    0.0000   22.5000  -22.500012411.1045   19.6136
    7.5000   22.5000  -22.500011995.2979   19.6103
   -7.5000   30.0000  -22.500010923.4043   19.3375
    0.0000   30.0000  -22.500011303.3662   19.3446
    7.5000   30.0000  -22.500010863.9961   19.3394
   -7.5000   37.5000  -22.500010235.1982   19.3270
    0.0000   37.5000  -22.500010627.6221   19.3254
    7.5000   37.5000  -22.500010171.3574   19.3193
   -7.5000   45.0000  -22.5000 9168.9570   18.9923
    0.0000   45.0000  -22.5000 9539.2344   18.9852
    7.5000   45.0000  -22.5000 9116.2881   18.9801
   -7.5000  -45.0000  -15.000011920.6523   20.0950
    0.0000  -45.0000  -15.000012404.2793   20.0865
    7.5000  -45.0000  -15.000011792.3135   20.0755
   -7.5000  -37.5000  -15.000012460.9697   20.0969
    0.0000  -37.5000  -15.000012982.9131   20.0905
    7.5000  -37.5000  -15.000012331.0703   20.0834
   -7.5000  -30.0000  -15.000013442.5479   20.1049
    0.0000  -30.0000  -15.000014012.0391   20.1036
    7.5000  -30.0000  -15.000013269.9844   20.0991
   -7.5000  -22.5000  -15.000014400.5020   20.1000
    0.0000  -22.5000  -15.000015049.9258   20.1028
    7.5000  -22.5000  -15.000014186.0947   20.0960
   -7.5000  -15.0000  -15.000015211.3770   20.0850
    0.0000  -15.0000  -15.000015893.6465   20.0865
    7.5000  -15.0000  -15.000014971.3701   20.0757
   -7.5000   -7.5000  -15.000015809.1670   20.0734
    0.0000   -7.5000  -15.000016460.1543   20.0689
    7.5000   -7.5000  -15.000015575.6514   20.0565
   -7.5000    0.0000  -15.000016137.8662   20.0803
    0.0000    0.0000  -15.000016734.5195   20.0720
    7.5000    0.0000  -15.000015942.4580   20.0609
   -7.5000    7.5000  -15.000015160.2529   20.0968
    0.0000    7.5000  -15.000015697.7168   20.0905
    7.5000    7.5000  -15.000015059.4365   20.0834
   -7.5000   15.0000  -15.000013963.0605   20.1049
    0.0000   15.0000  -15.000014452.2041   20.1036
    7.5000   15.0000  -15.000013909.9619   20.0991
   -7.5000   22.5000  -15.000012754.1074   20.0928
    0.0000   22.5000  -15.000013202.6074   20.0957
    7.5000   22.5000  -15.000012697.1436   20.0889
   -7.5000   30.0000  -15.000011612.8037   19.8250
    0.0000   30.0000  -15.000012022.1426   19.8266
    7.5000   30.0000  -15.000011499.0811   19.8159
   -7.5000   37.5000  -15.000010840.7275   19.8154
    0.0000   37.5000  -15.000011230.7266   19.8109
    7.5000   37.5000  -15.000010728.0186   19.7986
   -7.5000   45.0000  -15.0000 9672.7959   19.4790
    0.0000   45.0000  -15.000010048.6904   19.4693
    7.5000   45.0000  -15.0000 9579.5527   19.4591
   -7.5000  -45.0000   -7.500012683.1006   20.3770
    0.0000  -45.0000   -7.500013217.4062   20.3676
    7.5000  -45.0000   -7.500012470.7041   20.3531
   -7.5000  -37.5000   -7.500013329.4238   20.3888
    0.0000  -37.5000   -7.500013926.2012   20.3765
    7.5000  -37.5000   -7.500013116.9033   20.3643
   -7.5000  -30.0000   -7.500014387.1191   20.4057
    0.0000  -30.0000   -7.500015085.7754   20.3944
    7.5000  -30.0000   -7.500014132.6650   20.3827
   -7.5000  -22.5000   -7.500015351.8809   20.3992
    0.0000  -22.5000   -7.500016146.2705   20.3938
    7.5000  -22.5000   -7.500015037.6836   20.3790
   -7.5000  -15.0000   -7.500016223.1035   20.3749
    0.0000  -15.0000   -7.500016959.1484   20.3736
    7.5000  -15.0000   -7.500015844.5400   20.3560
   -7.5000   -7.5000   -7.500016873.5938   20.3547
    0.0000   -7.5000   -7.500017578.5723   20.3504
    7.5000   -7.5000   -7.500016510.0625   20.3336
   -7.5000    0.0000   -7.500017220.0664   20.3619
    0.0000    0.0000   -7.500017890.5781   20.3528
    7.5000    0.0000   -7.500016885.4395   20.3382
   -7.5000    7.5000   -7.500016148.8594   20.3887
    0.0000    7.5000   -7.500016773.3691   20.3764
    7.5000    7.5000   -7.500015915.8848   20.3643
   -7.5000   15.0000   -7.500014914.3643   20.4057
    0.0000   15.0000   -7.500015486.7051   20.3944
    7.5000   15.0000   -7.500014723.2061   20.3827
   -7.5000   22.5000   -7.500013621.3486   20.3898
    0.0000   22.5000   -7.500014128.5977   20.3844
    7.5000   22.5000   -7.500013449.3184   20.3696
   -7.5000   30.0000   -7.500012368.5771   20.1107
    0.0000   30.0000   -7.500012822.3369   20.1094
    7.5000   30.0000   -7.500012182.1621   20.0921
   -7.5000   37.5000   -7.500011536.7969   20.0924
    0.0000   37.5000   -7.500011945.8193   20.0882
    7.5000   37.5000   -7.500011351.8701   20.0716
   -7.5000   45.0000   -7.500010243.3008   19.7546
    0.0000   45.0000   -7.500010631.8418   19.7433
    7.5000   45.0000   -7.500010095.0664   19.7284
   -7.5000  -45.0000    0.000013320.2051   20.4429
    0.0000  -45.0000    0.000013867.9922   20.4336
    7.5000  -45.0000    0.000013040.2148   20.4200
   -7.5000  -37.5000    0.000014102.4629   20.4641
    0.0000  -37.5000    0.000014740.1885   20.4487
    7.5000  -37.5000    0.000013799.2334   20.4342
   -7.5000  -30.0000    0.000015322.1309   20.4906
    0.0000  -30.0000    0.000016227.0254   20.4753
    7.5000  -30.0000    0.000014956.3184   20.4587
   -7.5000  -22.5000    0.000016315.6660   20.4829
    0.0000  -22.5000    0.000017211.5352   20.4763
    7.5000  -22.5000    0.000015846.1719   20.4575
   -7.5000  -15.0000    0.000017185.2676   20.4501
    0.0000  -15.0000    0.000017943.0273   20.4509
    7.5000  -15.0000    0.000016673.3613   20.4322
   -7.5000   -7.5000    0.000017883.2344   20.4214
    0.0000   -7.5000    0.000018578.0781   20.4198
    7.5000   -7.5000    0.000017354.6621   20.4040
   -7.5000    0.0000    0.000018208.1055   20.4277
    0.0000    0.0000    0.000018925.8281   20.4186
    7.5000    0.0000    0.000017718.2246   20.4050
   -7.5000    7.5000    0.000017062.9355   20.4641
    0.0000    7.5000    0.000017748.2188   20.4487
    7.5000    7.5000    0.000016665.4609   20.4342
   -7.5000   15.0000    0.000015764.3408   20.4906
    0.0000   15.0000    0.000016372.9600   20.4753
    7.5000   15.0000    0.000015417.4756   20.4587
   -7.5000   22.5000    0.000014434.6299   20.4735
    0.0000   22.5000    0.000014955.1855   20.4669
    7.5000   22.5000    0.000014112.3955   20.4481
   -7.5000   30.0000    0.000013077.7930   20.1854
    0.0000   30.0000    0.000013560.1348   20.1862
    7.5000   30.0000    0.000012806.0205   20.1678
   -7.5000   37.5000    0.000012162.6221   20.1587
    0.0000   37.5000    0.000012608.5625   20.1571
    7.5000   37.5000    0.000011922.6826   20.1415
   -7.5000   45.0000    0.000010748.9668   19.8211
    0.0000   45.0000    0.000011196.6113   19.8101
    7.5000   45.0000    0.000010555.7656   19.7949
   -7.5000  -45.0000    7.500012823.9570   20.4159
    0.0000  -45.0000    7.500013372.3096   20.4071
    7.5000  -45.0000    7.500012601.0889   20.3997
   -7.5000  -37.5000    7.500013645.0664   20.4376
    0.0000  -37.5000    7.500014378.3154   20.4251
    7.5000  -37.5000    7.500013392.2031   20.4150
   -7.5000  -30.0000    7.500014979.9600   20.4648
    0.0000  -30.0000    7.500016012.3809   20.4566
    7.5000  -30.0000    7.500014600.3818   20.4438
   -7.5000  -22.5000    7.500015987.6270   20.4562
    0.0000  -22.5000    7.500016889.7715   20.4581
    7.5000  -22.5000    7.500015515.9873   20.4451
   -7.5000  -15.0000    7.500016804.3867   20.4229
    0.0000  -15.0000    7.500017504.6387   20.4297
    7.5000  -15.0000    7.500016259.1152   20.4187
   -7.5000   -7.5000    7.500017461.1328   20.3945
    0.0000   -7.5000    7.500018095.1836   20.3953
    7.5000   -7.5000    7.500016857.4805   20.3870
   -7.5000    0.0000    7.500017724.4746   20.4006
    0.0000    0.0000    7.500018419.4746   20.3921
    7.5000    0.0000    7.500017168.9824   20.3846
   -7.5000    7.5000    7.500016558.6973   20.4376
    0.0000    7.5000    7.500017232.7305   20.4251
    7.5000    7.5000    7.500016087.9883   20.4150
   -7.5000   15.0000    7.500015229.7500   20.4648
    0.0000   15.0000    7.500015869.7695   20.4566
    7.5000   15.0000    7.500014847.2100   20.4438
   -7.5000   22.5000    7.500013921.6914   20.4468
    0.0000   22.5000    7.500014495.3613   20.4487
    7.5000   22.5000    7.500013587.3779   20.4357
   -7.5000   30.0000    7.500012648.6914   20.1586
    0.0000   30.0000    7.500013168.6113   20.1653
    7.5000   30.0000    7.500012374.9902   20.1544
   -7.5000   37.5000    7.500011799.6201   20.1321
    0.0000   37.5000    7.500012262.4648   20.1327
    7.5000   37.5000    7.500011561.9209   20.1246
   -7.5000   45.0000    7.500010464.9785   19.7977
    0.0000   45.0000    7.500010903.1094   19.7882
    7.5000   45.0000    7.500010260.2979   19.7793
   -7.5000  -45.0000   15.000012175.5615   20.3687
    0.0000  -45.0000   15.000012724.1641   20.3614
    7.5000  -45.0000   15.000012047.7812   20.3583
   -7.5000  -37.5000   15.000012912.5527   20.3826
    0.0000  -37.5000   15.000013642.4512   20.3765
    7.5000  -37.5000   15.000012754.7441   20.3716
   -7.5000  -30.0000   15.000014180.1729   20.4024
    0.0000  -30.0000   15.000015144.5918   20.4046
    7.5000  -30.0000   15.000013856.4160   20.3986
   -7.5000  -22.5000   15.000015374.0215   20.3944
    0.0000  -22.5000   15.000016336.8203   20.4050
    7.5000  -22.5000   15.000014852.4033   20.3996
   -7.5000  -15.0000   15.000016379.7568   20.3683
    0.0000  -15.0000   15.000017177.1270   20.3789
    7.5000  -15.0000   15.000015677.1064   20.3744
   -7.5000   -7.5000   15.000016916.7363   20.3474
    0.0000   -7.5000   15.000017608.4453   20.3486
    7.5000   -7.5000   15.000016217.7197   20.3452
   -7.5000    0.0000   15.000016989.4199   20.3535
    0.0000    0.0000   15.000017679.1758   20.3466
    7.5000    0.0000   15.000016426.6738   20.3433
   -7.5000    7.5000   15.000015789.8301   20.3825
    0.0000    7.5000   15.000016425.8809   20.3764
    7.5000    7.5000   15.000015375.4189   20.3716
   -7.5000   15.0000   15.000014524.4648   20.4024
    0.0000   15.0000   15.000015078.1855   20.4046
    7.5000   15.0000   15.000014206.6484   20.3986
   -7.5000   22.5000   15.000013310.1992   20.3850
    0.0000   22.5000   15.000013814.6504   20.3956
    7.5000   22.5000   15.000013045.7246   20.3902
   -7.5000   30.0000   15.000012084.8604   20.1047
    0.0000   30.0000   15.000012554.3916   20.1151
    7.5000   30.0000   15.000011876.1592   20.1107
   -7.5000   37.5000   15.000011259.8584   20.0856
    0.0000   37.5000   15.000011683.3154   20.0866
    7.5000   37.5000   15.000011070.8311   20.0833
   -7.5000   45.0000   15.0000 9976.9551   19.7537
    0.0000   45.0000   15.000010398.8115   19.7465
    7.5000   45.0000   15.0000 9807.2988   19.7430
   -7.5000  -45.0000   22.500011539.2148   20.3882
    0.0000  -45.0000   22.500012029.9092   20.3809
    7.5000  -45.0000   22.500011378.9678   20.3755
   -7.5000  -37.5000   22.500012199.3691   20.3916
    0.0000  -37.5000   22.500012785.7148   20.3884
    7.5000  -37.5000   22.500012025.6406   20.3844
   -7.5000  -30.0000   22.500013252.2871   20.4020
    0.0000  -30.0000   22.500013933.8271   20.4069
    7.5000  -30.0000   22.500013023.3291   20.4046
   -7.5000  -22.5000   22.500014285.1982   20.3963
    0.0000  -22.5000   22.500014984.5840   20.4066
    7.5000  -22.5000   22.500013996.7168   20.4036
   -7.5000  -15.0000   22.500015214.8945   20.3796
    0.0000  -15.0000   22.500015936.8789   20.3871
    7.5000  -15.0000   22.500014867.4814   20.3820
   -7.5000   -7.5000   22.500015807.1738   20.3669
    0.0000   -7.5000   22.500016544.8359   20.3653
    7.5000   -7.5000   22.500015433.1953   20.3593
   -7.5000    0.0000   22.500015883.9424   20.3731
    0.0000    0.0000   22.500016625.2715   20.3662
    7.5000    0.0000   22.500015565.8779   20.3606
   -7.5000    7.5000   22.500014756.9854   20.3915
    0.0000    7.5000   22.500015427.1826   20.3884
    7.5000    7.5000   22.500014493.0127   20.3844
   -7.5000   15.0000   22.500013597.5967   20.4020
    0.0000   15.0000   22.500014207.3662   20.4069
    7.5000   15.0000   22.500013370.0361   20.4046
   -7.5000   22.5000   22.500012457.8105   20.3869
    0.0000   22.5000   22.500013018.1211   20.3971
    7.5000   22.5000   22.500012284.7197   20.3942
   -7.5000   30.0000   22.500011280.4932   20.1159
    0.0000   30.0000   22.500011778.3076   20.1232
    7.5000   30.0000   22.500011169.1299   20.1182
   -7.5000   37.5000   22.500010530.6953   20.1050
    0.0000   37.5000   22.500010986.6299   20.1033
    7.5000   37.5000   22.500010439.9014   20.0974
   -7.5000   45.0000   22.5000 9381.5820   19.7715
    0.0000   45.0000   22.5000 9782.3213   19.7641
    7.5000   45.0000   22.5000 9312.7432   19.7592
   -7.5000  -45.0000   30.000010707.8262   20.5806
    0.0000  -45.0000   30.000011122.5918   20.5718
    7.5000  -45.0000   30.000010637.1143   20.5606
   -7.5000  -37.5000   30.000011225.7627   20.5824
    0.0000  -37.5000   30.000011698.0547   20.5759
    7.5000  -37.5000   30.000011192.1865   20.5686
   -7.5000  -30.0000   30.000012104.2227   20.5906
    0.0000  -30.0000   30.000012613.9863   20.5893
    7.5000  -30.0000   30.000012057.4717   20.5846
   -7.5000  -22.5000   30.000012962.6553   20.5853
    0.0000  -22.5000   30.000013504.9688   20.5882
    7.5000  -22.5000   30.000012918.7871   20.5811
   -7.5000  -15.0000   30.000013762.0850   20.5698
    0.0000  -15.0000   30.000014359.8506   20.5714
    7.5000  -15.0000   30.000013700.4854   20.5602
   -7.5000   -7.5000   30.000014405.1875   20.5580
    0.0000   -7.5000   30.000014992.7676   20.5534
    7.5000   -7.5000   30.000014286.7764   20.5407
   -7.5000    0.0000   30.000014628.4922   20.5653
    0.0000    0.0000   30.000015221.1143   20.5569
    7.5000    0.0000   30.000014480.4941   20.5455
   -7.5000    7.5000   30.000013671.6670   20.5824
    0.0000    7.5000   30.000014221.6494   20.5759
    7.5000    7.5000   30.000013530.7793   20.5686
   -7.5000   15.0000   30.000012647.5957   20.5906
    0.0000   15.0000   30.000013173.4961   20.5893
    7.5000   15.0000   30.000012505.6572   20.5846
   -7.5000   22.5000   30.000011578.5195   20.5758
    0.0000   22.5000   30.000012060.7227   20.5787
    7.5000   22.5000   30.000011462.3281   20.5716
   -7.5000   30.0000   30.000010456.2402   20.3036
    0.0000   30.0000   30.000010884.3594   20.3052
    7.5000   30.0000   30.000010367.1953   20.2941
   -7.5000   37.5000   30.0000 9742.7393   20.2938
    0.0000   37.5000   30.000010155.3428   20.2892
    7.5000   37.5000   30.0000 9667.6133   20.2766
   -7.5000   45.0000   30.0000 8676.8818   19.9553
    0.0000   45.0000   30.0000 9041.5371   19.9453
    7.5000   45.0000   30.0000 8636.3848   19.9349
   -7.5000  -45.0000   37.500010168.5264   20.9428
    0.0000  -45.0000   37.500010577.9326   20.9322
    7.5000  -45.0000   37.500010173.9189   20.9171
   -7.5000  -37.5000   37.500010675.8838   20.9552
    0.0000  -37.5000   37.500011108.8359   20.9416
    7.5000  -37.5000   37.500010684.0176   20.9288
   -7.5000  -30.0000   37.500011521.5449   20.9726
    0.0000  -30.0000   37.500011979.7812   20.9600
    7.5000  -30.0000   37.500011504.1895   20.9477
   -7.5000  -22.5000   37.500012322.1240   20.9653
    0.0000  -22.5000   37.500012802.7764   20.9589
    7.5000  -22.5000   37.500012290.0645   20.9434
   -7.5000  -15.0000   37.500013088.1699   20.9397
    0.0000  -15.0000   37.500013614.3477   20.9375
    7.5000  -15.0000   37.500013029.6240   20.9191
   -7.5000   -7.5000   37.500013725.2559   20.9189
    0.0000   -7.5000   37.500014259.4189   20.9138
    7.5000   -7.5000   37.500013596.7480   20.8961
   -7.5000    0.0000   37.500014004.1309   20.9269
    0.0000    0.0000   37.500014497.7559   20.9167
    7.5000    0.0000   37.500013826.0527   20.9014
   -7.5000    7.5000   37.500013103.9551   20.9551
    0.0000    7.5000   37.500013604.2539   20.9416
    7.5000    7.5000   37.500012959.7148   20.9288
   -7.5000   15.0000   37.500012147.7197   20.9726
    0.0000   15.0000   37.500012614.8672   20.9600
    7.5000   15.0000   37.500012015.5469   20.9477
   -7.5000   22.5000   37.500011139.7178   20.9556
    0.0000   22.5000   37.500011581.8555   20.9493
    7.5000   22.5000   37.500011009.5869   20.9337
   -7.5000   30.0000   37.500010049.8906   20.6687
    0.0000   30.0000   37.500010470.0811   20.6666
    7.5000   30.0000   37.5000 9952.1641   20.6484
   -7.5000   37.5000   37.5000 9371.9443   20.6491
    0.0000   37.5000   37.5000 9752.1670   20.6440
    7.5000   37.5000   37.5000 9285.4873   20.6265
   -7.5000   45.0000   37.5000 8337.6826   20.2948
    0.0000   45.0000   37.5000 8675.4971   20.2824
    7.5000   45.0000   37.5000 8272.9492   20.2667
   -7.5000  -45.0000   45.0000 9265.5322   21.3397
    0.0000  -45.0000   45.0000 9640.7910   21.3301
    7.5000  -45.0000   45.0000 9290.7842   21.3159
   -7.5000  -37.5000   45.0000 9733.0771   21.3621
    0.0000  -37.5000   45.000010115.1943   21.3457
    7.5000  -37.5000   45.0000 9731.2148   21.3305
   -7.5000  -30.0000   45.000010494.8848   21.3899
    0.0000  -30.0000   45.000010892.3193   21.3735
    7.5000  -30.0000   45.000010474.9805   21.3558
   -7.5000  -22.5000   45.000011217.5908   21.3812
    0.0000  -22.5000   45.000011640.1816   21.3740
    7.5000  -22.5000   45.000011179.1357   21.3539
   -7.5000  -15.0000   45.000011919.2627   21.3460
    0.0000  -15.0000   45.000012371.4561   21.3470
    7.5000  -15.0000   45.000011870.5977   21.3270
   -7.5000   -7.5000   45.000012532.0703   21.3156
    0.0000   -7.5000   45.000013010.9062   21.3145
    7.5000   -7.5000   45.000012435.5547   21.2977
   -7.5000    0.0000   45.000012813.1611   21.3230
    0.0000    0.0000   45.000013285.4434   21.3138
    7.5000    0.0000   45.000012668.3447   21.2994
   -7.5000    7.5000   45.000012006.5010   21.3621
    0.0000    7.5000   45.000012462.4346   21.3457
    7.5000    7.5000   45.000011869.9033   21.3305
   -7.5000   15.0000   45.000011140.5830   21.3899
    0.0000   15.0000   45.000011555.6533   21.3735
    7.5000   15.0000   45.000011006.1367   21.3558
   -7.5000   22.5000   45.000010224.4922   21.3713
    0.0000   22.5000   45.000010640.5273   21.3641
    7.5000   22.5000   45.000010092.8115   21.3440
   -7.5000   30.0000   45.0000 9252.9570   21.0679
    0.0000   30.0000   45.0000 9634.3604   21.0689
    7.5000   30.0000   45.0000 9137.7754   21.0492
   -7.5000   37.5000   45.0000 8621.0615   21.0383
    0.0000   37.5000   45.0000 8961.2324   21.0372
    7.5000   37.5000   45.0000 8546.2256   21.0206
   -7.5000   45.0000   45.0000 7666.4692   20.6814
    0.0000   45.0000   45.0000 7971.3813   20.6701
    7.5000   45.0000   45.0000 7616.3735   20.6541

---------------------------------------------------------------------
imgreg_4dfp /opt/freesurfer/average/711-2C_as_mni_average_305 /opt/freesurfer/average/711-2B_as_mni_average_305_mask talsrcimg_g11 none talsrcimg_to_711-2C_as_mni_average_305_t4 4355
---------------------------------------------------------------------

freesurfer imgreg_4dfp.c
/opt/freesurfer/average/711-2C_as_mni_average_305.4dfp.img
       256       256       256         1
  1.000000  1.000000  1.000000
orientation T byte_order littleendian
Reading image: /opt/freesurfer/average/711-2C_as_mni_average_305.4dfp.img
dimensions:      256       256       256
mmppix:       1.0000   -1.0000   -1.0000
center:     128.0000 -129.0000 -129.0000
/opt/freesurfer/average/711-2B_as_mni_average_305_mask.4dfp.img
       256       256       256         1
  1.000000  1.000000  1.000000
orientation T byte_order littleendian
Reading mask: /opt/freesurfer/average/711-2B_as_mni_average_305_mask.4dfp.img (2306576 pixels)
talsrcimg_g11.4dfp.img
       256       256       256         1
  1.000000  1.000000  1.000000
orientation T byte_order littleendian
Reading image: talsrcimg_g11.4dfp.img
dimensions:      256       256       256
mmppix:       1.0000   -1.0000   -1.0000
center:     128.0000 -129.0000 -129.0000
rotation matrix determinant  1.000000
image alignment mode   4355 decimal     1103 hex
   -7.5000  -45.0000  -45.0000 2326.1831   21.6437
    0.0000  -45.0000  -45.0000 2326.5413   21.5538
    7.5000  -45.0000  -45.0000 2310.7197   21.6291
   -7.5000  -37.5000  -45.0000 2352.8352   20.6653
    0.0000  -37.5000  -45.0000 2362.1887   20.5045
    7.5000  -37.5000  -45.0000 2338.3474   20.6072
   -7.5000  -30.0000  -45.0000 2363.8730   20.0956
    0.0000  -30.0000  -45.0000 2374.1035   19.9474
    7.5000  -30.0000  -45.0000 2357.3582   20.0152
   -7.5000  -22.5000  -45.0000 2368.4526   19.9036
    0.0000  -22.5000  -45.0000 2376.0181   19.7011
    7.5000  -22.5000  -45.0000 2366.0381   19.7795
   -7.5000  -15.0000  -45.0000 2368.2395   19.9534
    0.0000  -15.0000  -45.0000 2381.2524   19.7809
    7.5000  -15.0000  -45.0000 2363.3782   19.7983
   -7.5000   -7.5000  -45.0000 2358.8186   20.2665
    0.0000   -7.5000  -45.0000 2369.1626   20.1196
    7.5000   -7.5000  -45.0000 2345.9797   20.0936
   -7.5000    0.0000  -45.0000 2335.2051   20.9736
    0.0000    0.0000  -45.0000 2349.2307   20.8081
    7.5000    0.0000  -45.0000 2320.5942   20.7763
   -7.5000    7.5000  -45.0000 2297.0591   21.9909
    0.0000    7.5000  -45.0000 2303.9866   21.8364
    7.5000    7.5000  -45.0000 2286.0679   21.8035
   -7.5000   15.0000  -45.0000 2235.8416   23.3824
    0.0000   15.0000  -45.0000 2244.9426   23.1624
    7.5000   15.0000  -45.0000 2223.9600   23.1985
   -7.5000   22.5000  -45.0000 2159.2898   25.2288
    0.0000   22.5000  -45.0000 2163.7947   24.9947
    7.5000   22.5000  -45.0000 2144.7197   25.0914
   -7.5000   30.0000  -45.0000 2061.9810   27.7641
    0.0000   30.0000  -45.0000 2067.6501   27.4872
    7.5000   30.0000  -45.0000 2047.4958   27.5615
   -7.5000   37.5000  -45.0000 1959.2760   30.9931
    0.0000   37.5000  -45.0000 1960.5072   30.5847
    7.5000   37.5000  -45.0000 1951.5803   30.7241
   -7.5000   45.0000  -45.0000 1833.2832   35.1353
    0.0000   45.0000  -45.0000 1833.1810   34.7133
    7.5000   45.0000  -45.0000 1827.2318   34.8938
   -7.5000  -45.0000  -37.5000 2420.4043   20.1207
    0.0000  -45.0000  -37.5000 2423.3389   19.9740
    7.5000  -45.0000  -37.5000 2398.3547   20.0384
   -7.5000  -37.5000  -37.5000 2453.9229   19.1909
    0.0000  -37.5000  -37.5000 2458.1104   19.0299
    7.5000  -37.5000  -37.5000 2432.5166   19.1351
   -7.5000  -30.0000  -37.5000 2467.4736   18.6183
    0.0000  -30.0000  -37.5000 2473.2422   18.4296
    7.5000  -30.0000  -37.5000 2449.7468   18.5419
   -7.5000  -22.5000  -37.5000 2468.9539   18.3271
    0.0000  -22.5000  -37.5000 2475.1851   18.1721
    7.5000  -22.5000  -37.5000 2460.5405   18.2721
   -7.5000  -15.0000  -37.5000 2469.7585   18.3978
    0.0000  -15.0000  -37.5000 2485.5332   18.1573
    7.5000  -15.0000  -37.5000 2470.3513   18.2859
   -7.5000   -7.5000  -37.5000 2454.4414   18.6121
    0.0000   -7.5000  -37.5000 2470.8428   18.4372
    7.5000   -7.5000  -37.5000 2452.8792   18.5420
   -7.5000    0.0000  -37.5000 2434.5178   19.2772
    0.0000    0.0000  -37.5000 2450.8638   19.0693
    7.5000    0.0000  -37.5000 2431.5762   19.1612
   -7.5000    7.5000  -37.5000 2396.5881   20.2535
    0.0000    7.5000  -37.5000 2412.6606   20.0656
    7.5000    7.5000  -37.5000 2393.9893   20.1062
   -7.5000   15.0000  -37.5000 2330.5881   21.5590
    0.0000   15.0000  -37.5000 2342.1809   21.4080
    7.5000   15.0000  -37.5000 2321.5293   21.4553
   -7.5000   22.5000  -37.5000 2252.5291   23.3033
    0.0000   22.5000  -37.5000 2260.5901   23.1690
    7.5000   22.5000  -37.5000 2236.9163   23.2496
   -7.5000   30.0000  -37.5000 2145.2673   25.6165
    0.0000   30.0000  -37.5000 2157.2095   25.4433
    7.5000   30.0000  -37.5000 2137.0891   25.5312
   -7.5000   37.5000  -37.5000 2036.5942   28.5135
    0.0000   37.5000  -37.5000 2043.8857   28.2721
    7.5000   37.5000  -37.5000 2029.8768   28.4230
   -7.5000   45.0000  -37.5000 1905.4775   32.2753
    0.0000   45.0000  -37.5000 1903.1462   31.9270
    7.5000   45.0000  -37.5000 1895.0653   32.0986
   -7.5000  -45.0000  -30.0000 2536.3774   19.3500
    0.0000  -45.0000  -30.0000 2544.6970   19.2026
    7.5000  -45.0000  -30.0000 2536.2615   19.2333
   -7.5000  -37.5000  -30.0000 2577.2229   18.3882
    0.0000  -37.5000  -30.0000 2584.6794   18.2283
    7.5000  -37.5000  -30.0000 2571.4978   18.3160
   -7.5000  -30.0000  -30.0000 2598.6226   17.8086
    0.0000  -30.0000  -30.0000 2610.2773   17.6299
    7.5000  -30.0000  -30.0000 2597.8318   17.7761
   -7.5000  -22.5000  -30.0000 2614.2166   17.5052
    0.0000  -22.5000  -30.0000 2620.3359   17.3288
    7.5000  -22.5000  -30.0000 2608.3044   17.4885
   -7.5000  -15.0000  -30.0000 2619.6987   17.5500
    0.0000  -15.0000  -30.0000 2632.3293   17.3206
    7.5000  -15.0000  -30.0000 2614.1533   17.4649
   -7.5000   -7.5000  -30.0000 2598.5413   17.7678
    0.0000   -7.5000  -30.0000 2619.6045   17.6117
    7.5000   -7.5000  -30.0000 2597.6257   17.7211
   -7.5000    0.0000  -30.0000 2572.5811   18.4106
    0.0000    0.0000  -30.0000 2593.8586   18.2142
    7.5000    0.0000  -30.0000 2574.9255   18.3420
   -7.5000    7.5000  -30.0000 2531.8752   19.3469
    0.0000    7.5000  -30.0000 2555.5989   19.1638
    7.5000    7.5000  -30.0000 2536.4626   19.2755
   -7.5000   15.0000  -30.0000 2466.2214   20.5976
    0.0000   15.0000  -30.0000 2487.0002   20.4858
    7.5000   15.0000  -30.0000 2464.5234   20.5892
   -7.5000   22.5000  -30.0000 2374.7456   22.3128
    0.0000   22.5000  -30.0000 2395.0271   22.1954
    7.5000   22.5000  -30.0000 2371.9302   22.2979
   -7.5000   30.0000  -30.0000 2265.9709   24.5357
    0.0000   30.0000  -30.0000 2281.6875   24.4220
    7.5000   30.0000  -30.0000 2259.5200   24.4796
   -7.5000   37.5000  -30.0000 2141.9570   27.3404
    0.0000   37.5000  -30.0000 2158.1711   27.2049
    7.5000   37.5000  -30.0000 2136.0344   27.2537
   -7.5000   45.0000  -30.0000 1995.4580   30.8651
    0.0000   45.0000  -30.0000 1992.9292   30.6596
    7.5000   45.0000  -30.0000 1990.2250   30.7977
   -7.5000  -45.0000  -22.5000 2624.4126   18.5933
    0.0000  -45.0000  -22.5000 2636.4158   18.4590
    7.5000  -45.0000  -22.5000 2631.6191   18.4405
   -7.5000  -37.5000  -22.5000 2671.2810   17.5939
    0.0000  -37.5000  -22.5000 2676.9163   17.4366
    7.5000  -37.5000  -22.5000 2674.3477   17.4806
   -7.5000  -30.0000  -22.5000 2703.5220   16.9129
    0.0000  -30.0000  -22.5000 2715.5447   16.7540
    7.5000  -30.0000  -22.5000 2704.0134   16.8490
   -7.5000  -22.5000  -22.5000 2726.1082   16.5872
    0.0000  -22.5000  -22.5000 2741.3362   16.4478
    7.5000  -22.5000  -22.5000 2723.4963   16.5433
   -7.5000  -15.0000  -22.5000 2729.7346   16.6295
    0.0000  -15.0000  -22.5000 2748.7361   16.4741
    7.5000  -15.0000  -22.5000 2730.0645   16.5844
   -7.5000   -7.5000  -22.5000 2719.8638   16.9074
    0.0000   -7.5000  -22.5000 2739.0662   16.7550
    7.5000   -7.5000  -22.5000 2719.9771   16.9026
   -7.5000    0.0000  -22.5000 2689.8416   17.5202
    0.0000    0.0000  -22.5000 2707.8728   17.3084
    7.5000    0.0000  -22.5000 2696.7234   17.4908
   -7.5000    7.5000  -22.5000 2640.5571   18.4238
    0.0000    7.5000  -22.5000 2661.3066   18.2176
    7.5000    7.5000  -22.5000 2651.8550   18.4268
   -7.5000   15.0000  -22.5000 2573.4568   19.6612
    0.0000   15.0000  -22.5000 2589.5339   19.5103
    7.5000   15.0000  -22.5000 2582.9712   19.6922
   -7.5000   22.5000  -22.5000 2476.7651   21.3677
    0.0000   22.5000  -22.5000 2493.3904   21.1832
    7.5000   22.5000  -22.5000 2482.0344   21.3412
   -7.5000   30.0000  -22.5000 2358.7227   23.4745
    0.0000   30.0000  -22.5000 2372.5239   23.3045
    7.5000   30.0000  -22.5000 2353.4426   23.3979
   -7.5000   37.5000  -22.5000 2221.6580   26.1829
    0.0000   37.5000  -22.5000 2237.2991   26.0400
    7.5000   37.5000  -22.5000 2216.1995   26.0241
   -7.5000   45.0000  -22.5000 2071.4373   29.5223
    0.0000   45.0000  -22.5000 2075.4812   29.4507
    7.5000   45.0000  -22.5000 2070.5122   29.4503
   -7.5000  -45.0000  -15.0000 2679.9719   17.8914
    0.0000  -45.0000  -15.0000 2691.1704   17.7526
    7.5000  -45.0000  -15.0000 2688.9783   17.7029
   -7.5000  -37.5000  -15.0000 2733.2073   16.8642
    0.0000  -37.5000  -15.0000 2746.9165   16.7652
    7.5000  -37.5000  -15.0000 2742.8711   16.7301
   -7.5000  -30.0000  -15.0000 2770.5420   16.1467
    0.0000  -30.0000  -15.0000 2782.7610   16.0033
    7.5000  -30.0000  -15.0000 2772.7974   16.0530
   -7.5000  -22.5000  -15.0000 2803.5479   15.7517
    0.0000  -22.5000  -15.0000 2816.5701   15.6173
    7.5000  -22.5000  -15.0000 2798.4194   15.7260
   -7.5000  -15.0000  -15.0000 2809.2148   15.7930
    0.0000  -15.0000  -15.0000 2827.8386   15.6664
    7.5000  -15.0000  -15.0000 2805.1277   15.7846
   -7.5000   -7.5000  -15.0000 2807.6213   16.1477
    0.0000   -7.5000  -15.0000 2823.3406   15.9716
    7.5000   -7.5000  -15.0000 2805.0388   16.1320
   -7.5000    0.0000  -15.0000 2777.6724   16.7497
    0.0000    0.0000  -15.0000 2792.8152   16.5557
    7.5000    0.0000  -15.0000 2781.2317   16.7352
   -7.5000    7.5000  -15.0000 2725.3711   17.6410
    0.0000    7.5000  -15.0000 2737.9971   17.4454
    7.5000    7.5000  -15.0000 2734.6875   17.6306
   -7.5000   15.0000  -15.0000 2642.8721   18.8821
    0.0000   15.0000  -15.0000 2653.2217   18.6907
    7.5000   15.0000  -15.0000 2650.9722   18.8741
   -7.5000   22.5000  -15.0000 2543.9741   20.5437
    0.0000   22.5000  -15.0000 2551.2512   20.3377
    7.5000   22.5000  -15.0000 2546.4827   20.5410
   -7.5000   30.0000  -15.0000 2428.3459   22.6562
    0.0000   30.0000  -15.0000 2432.0864   22.3828
    7.5000   30.0000  -15.0000 2415.3701   22.5693
   -7.5000   37.5000  -15.0000 2282.1602   25.2308
    0.0000   37.5000  -15.0000 2285.5408   24.9982
    7.5000   37.5000  -15.0000 2267.4678   25.0621
   -7.5000   45.0000  -15.0000 2127.3916   28.5553
    0.0000   45.0000  -15.0000 2126.1697   28.3486
    7.5000   45.0000  -15.0000 2113.2778   28.3523
   -7.5000  -45.0000   -7.5000 2713.0540   17.3346
    0.0000  -45.0000   -7.5000 2730.7756   17.2337
    7.5000  -45.0000   -7.5000 2717.1216   17.1578
   -7.5000  -37.5000   -7.5000 2785.7458   16.2905
    0.0000  -37.5000   -7.5000 2804.9998   16.2205
    7.5000  -37.5000   -7.5000 2788.9038   16.1661
   -7.5000  -30.0000   -7.5000 2834.1296   15.6049
    0.0000  -30.0000   -7.5000 2848.6401   15.5011
    7.5000  -30.0000   -7.5000 2831.0081   15.4944
   -7.5000  -22.5000   -7.5000 2870.9558   15.1398
    0.0000  -22.5000   -7.5000 2883.1265   14.9904
    7.5000  -22.5000   -7.5000 2856.6726   15.0748
   -7.5000  -15.0000   -7.5000 2883.0051   15.1273
    0.0000  -15.0000   -7.5000 2891.1904   14.9830
    7.5000  -15.0000   -7.5000 2862.3623   15.1197
   -7.5000   -7.5000   -7.5000 2873.0974   15.4604
    0.0000   -7.5000   -7.5000 2885.7397   15.2728
    7.5000   -7.5000   -7.5000 2866.5488   15.4442
   -7.5000    0.0000   -7.5000 2840.0342   16.0756
    0.0000    0.0000   -7.5000 2855.3420   15.8773
    7.5000    0.0000   -7.5000 2840.9553   16.0671
   -7.5000    7.5000   -7.5000 2786.6389   17.0005
    0.0000    7.5000   -7.5000 2801.0452   16.8038
    7.5000    7.5000   -7.5000 2791.0552   17.0110
   -7.5000   15.0000   -7.5000 2700.3040   18.2763
    0.0000   15.0000   -7.5000 2712.8206   18.0836
    7.5000   15.0000   -7.5000 2696.9634   18.3016
   -7.5000   22.5000   -7.5000 2595.7229   19.9232
    0.0000   22.5000   -7.5000 2605.0933   19.6998
    7.5000   22.5000   -7.5000 2588.5444   19.9200
   -7.5000   30.0000   -7.5000 2470.9526   21.8735
    0.0000   30.0000   -7.5000 2477.7729   21.6523
    7.5000   30.0000   -7.5000 2457.3103   21.8393
   -7.5000   37.5000   -7.5000 2321.1060   24.3589
    0.0000   37.5000   -7.5000 2326.8606   24.1555
    7.5000   37.5000   -7.5000 2310.3381   24.2554
   -7.5000   45.0000   -7.5000 2156.6760   27.4972
    0.0000   45.0000   -7.5000 2160.8972   27.3358
    7.5000   45.0000   -7.5000 2147.6211   27.4041
   -7.5000  -45.0000    0.0000 2726.7578   17.0200
    0.0000  -45.0000    0.0000 2743.9165   16.9279
    7.5000  -45.0000    0.0000 2726.5303   16.8814
   -7.5000  -37.5000    0.0000 2816.2693   15.9631
    0.0000  -37.5000    0.0000 2833.8713   15.9090
    7.5000  -37.5000    0.0000 2811.8547   15.8465
   -7.5000  -30.0000    0.0000 2877.5127   15.2807
    0.0000  -30.0000    0.0000 2897.2175   15.2276
    7.5000  -30.0000    0.0000 2871.7288   15.1716
   -7.5000  -22.5000    0.0000 2919.4829   14.7862
    0.0000  -22.5000    0.0000 2940.3870   14.6807
    7.5000  -22.5000    0.0000 2900.7407   14.7228
   -7.5000  -15.0000    0.0000 2929.7527   14.6739
    0.0000  -15.0000    0.0000 2945.8237   14.5136
    7.5000  -15.0000    0.0000 2897.3584   14.7268
   -7.5000   -7.5000    0.0000 2917.9170   15.0023
    0.0000   -7.5000    0.0000 2926.0637   14.8063
    7.5000   -7.5000    0.0000 2895.9788   15.0547
   -7.5000    0.0000    0.0000 2879.0205   15.6513
    0.0000    0.0000    0.0000 2896.3123   15.4340
    7.5000    0.0000    0.0000 2875.0083   15.6848
   -7.5000    7.5000    0.0000 2821.6353   16.5915
    0.0000    7.5000    0.0000 2837.9521   16.3975
    7.5000    7.5000    0.0000 2819.7483   16.6409
   -7.5000   15.0000    0.0000 2733.3972   17.9064
    0.0000   15.0000    0.0000 2739.9238   17.6581
    7.5000   15.0000    0.0000 2722.3779   17.9234
   -7.5000   22.5000    0.0000 2626.0503   19.4963
    0.0000   22.5000    0.0000 2632.6880   19.2215
    7.5000   22.5000    0.0000 2614.6150   19.5024
   -7.5000   30.0000    0.0000 2493.2358   21.3753
    0.0000   30.0000    0.0000 2503.4358   21.1228
    7.5000   30.0000    0.0000 2481.9575   21.4232
   -7.5000   37.5000    0.0000 2339.0654   23.7281
    0.0000   37.5000    0.0000 2348.5530   23.5022
    7.5000   37.5000    0.0000 2333.1597   23.7124
   -7.5000   45.0000    0.0000 2165.0657   26.6595
    0.0000   45.0000    0.0000 2182.9927   26.5262
    7.5000   45.0000    0.0000 2165.5090   26.6777
   -7.5000  -45.0000    7.5000 2721.1814   16.8238
    0.0000  -45.0000    7.5000 2734.6528   16.8054
    7.5000  -45.0000    7.5000 2725.9854   16.7757
   -7.5000  -37.5000    7.5000 2815.5000   15.7864
    0.0000  -37.5000    7.5000 2837.4514   15.8297
    7.5000  -37.5000    7.5000 2822.6333   15.7528
   -7.5000  -30.0000    7.5000 2902.0918   15.1452
    0.0000  -30.0000    7.5000 2929.1428   15.2306
    7.5000  -30.0000    7.5000 2895.7725   15.1005
   -7.5000  -22.5000    7.5000 2964.2871   14.6882
    0.0000  -22.5000    7.5000 3007.4001   14.8364
    7.5000  -22.5000    7.5000 2938.2756   14.6560
   -7.5000  -15.0000    7.5000 2965.3262   14.4873
    0.0000  -15.0000    7.5000 2991.0513   14.3841
    7.5000  -15.0000    7.5000 2927.7563   14.5941
   -7.5000   -7.5000    7.5000 2941.1272   14.8393
    0.0000   -7.5000    7.5000 2951.2727   14.6704
    7.5000   -7.5000    7.5000 2911.9121   14.9280
   -7.5000    0.0000    7.5000 2889.4670   15.4678
    0.0000    0.0000    7.5000 2910.9692   15.3054
    7.5000    0.0000    7.5000 2887.0449   15.4897
   -7.5000    7.5000    7.5000 2826.7092   16.3934
    0.0000    7.5000    7.5000 2848.5806   16.2119
    7.5000    7.5000    7.5000 2828.5759   16.3775
   -7.5000   15.0000    7.5000 2737.6956   17.6851
    0.0000   15.0000    7.5000 2754.9927   17.4929
    7.5000   15.0000    7.5000 2735.4014   17.6378
   -7.5000   22.5000    7.5000 2633.0767   19.2818
    0.0000   22.5000    7.5000 2644.0315   19.0765
    7.5000   22.5000    7.5000 2621.4338   19.2183
   -7.5000   30.0000    7.5000 2502.8689   21.2063
    0.0000   30.0000    7.5000 2513.5083   21.0012
    7.5000   30.0000    7.5000 2498.3794   21.1771
   -7.5000   37.5000    7.5000 2350.1660   23.6298
    0.0000   37.5000    7.5000 2355.0166   23.3906
    7.5000   37.5000    7.5000 2349.3083   23.5073
   -7.5000   45.0000    7.5000 2178.4207   26.5202
    0.0000   45.0000    7.5000 2193.3279   26.3526
    7.5000   45.0000    7.5000 2176.6067   26.4631
   -7.5000  -45.0000   15.0000 2689.3098   16.9395
    0.0000  -45.0000   15.0000 2705.3079   16.9443
    7.5000  -45.0000   15.0000 2710.5930   17.0333
   -7.5000  -37.5000   15.0000 2789.1475   15.9764
    0.0000  -37.5000   15.0000 2818.4287   16.0210
    7.5000  -37.5000   15.0000 2810.0022   15.9744
   -7.5000  -30.0000   15.0000 2895.8318   15.3508
    0.0000  -30.0000   15.0000 2935.2161   15.5196
    7.5000  -30.0000   15.0000 2889.7690   15.2638
   -7.5000  -22.5000   15.0000 2969.7134   14.9979
    0.0000  -22.5000   15.0000 3014.7493   15.0904
    7.5000  -22.5000   15.0000 2940.3804   14.9045
   -7.5000  -15.0000   15.0000 2992.4795   14.8995
    0.0000  -15.0000   15.0000 3018.3679   14.8764
    7.5000  -15.0000   15.0000 2941.8696   14.8571
   -7.5000   -7.5000   15.0000 2946.7400   15.0624
    0.0000   -7.5000   15.0000 2963.5190   14.9618
    7.5000   -7.5000   15.0000 2920.1313   15.0719
   -7.5000    0.0000   15.0000 2877.6106   15.5900
    0.0000    0.0000   15.0000 2899.3293   15.4384
    7.5000    0.0000   15.0000 2877.3010   15.5991
   -7.5000    7.5000   15.0000 2809.8501   16.5108
    0.0000    7.5000   15.0000 2827.2551   16.3047
    7.5000    7.5000   15.0000 2816.8003   16.4781
   -7.5000   15.0000   15.0000 2730.3420   17.7958
    0.0000   15.0000   15.0000 2738.8850   17.5894
    7.5000   15.0000   15.0000 2730.2048   17.7637
   -7.5000   22.5000   15.0000 2630.3833   19.4034
    0.0000   22.5000   15.0000 2635.0557   19.1851
    7.5000   22.5000   15.0000 2621.9077   19.3547
   -7.5000   30.0000   15.0000 2499.1650   21.3438
    0.0000   30.0000   15.0000 2504.6028   21.1351
    7.5000   30.0000   15.0000 2490.8845   21.2916
   -7.5000   37.5000   15.0000 2338.1707   23.6723
    0.0000   37.5000   15.0000 2346.8416   23.4731
    7.5000   37.5000   15.0000 2335.8728   23.5930
   -7.5000   45.0000   15.0000 2172.3147   26.5694
    0.0000   45.0000   15.0000 2188.8101   26.4577
    7.5000   45.0000   15.0000 2170.3228   26.4335
   -7.5000  -45.0000   22.5000 2675.0195   17.6993
    0.0000  -45.0000   22.5000 2688.4409   17.6460
    7.5000  -45.0000   22.5000 2682.0999   17.6854
   -7.5000  -37.5000   22.5000 2779.6599   16.7111
    0.0000  -37.5000   22.5000 2798.8064   16.7262
    7.5000  -37.5000   22.5000 2781.9109   16.6511
   -7.5000  -30.0000   22.5000 2866.5940   15.9853
    0.0000  -30.0000   22.5000 2895.3301   16.0087
    7.5000  -30.0000   22.5000 2863.9304   15.9212
   -7.5000  -22.5000   22.5000 2933.4373   15.5671
    0.0000  -22.5000   22.5000 2964.3638   15.4953
    7.5000  -22.5000   22.5000 2919.9436   15.5623
   -7.5000  -15.0000   22.5000 2955.4705   15.4469
    0.0000  -15.0000   22.5000 2979.7781   15.4182
    7.5000  -15.0000   22.5000 2930.8628   15.4825
   -7.5000   -7.5000   22.5000 2931.1121   15.7018
    0.0000   -7.5000   22.5000 2948.3650   15.6286
    7.5000   -7.5000   22.5000 2906.6167   15.6895
   -7.5000    0.0000   22.5000 2860.8909   16.2319
    0.0000    0.0000   22.5000 2873.8689   16.1105
    7.5000    0.0000   22.5000 2850.4929   16.1850
   -7.5000    7.5000   22.5000 2785.0613   17.0184
    0.0000    7.5000   22.5000 2797.6997   16.8647
    7.5000    7.5000   22.5000 2783.1123   16.9703
   -7.5000   15.0000   22.5000 2702.8599   18.1820
    0.0000   15.0000   22.5000 2712.7837   18.0087
    7.5000   15.0000   22.5000 2697.7266   18.1062
   -7.5000   22.5000   22.5000 2601.0581   19.6867
    0.0000   22.5000   22.5000 2609.9634   19.4826
    7.5000   22.5000   22.5000 2596.0408   19.6140
   -7.5000   30.0000   22.5000 2464.1892   21.5831
    0.0000   30.0000   22.5000 2472.2439   21.3773
    7.5000   30.0000   22.5000 2462.6597   21.5126
   -7.5000   37.5000   22.5000 2316.2681   23.9791
    0.0000   37.5000   22.5000 2325.7163   23.7732
    7.5000   37.5000   22.5000 2315.0872   23.8858
   -7.5000   45.0000   22.5000 2164.0022   27.0131
    0.0000   45.0000   22.5000 2176.7371   26.8517
    7.5000   45.0000   22.5000 2161.2104   26.9288
   -7.5000  -45.0000   30.0000 2641.9949   18.6488
    0.0000  -45.0000   30.0000 2653.7307   18.5225
    7.5000  -45.0000   30.0000 2653.9075   18.7025
   -7.5000  -37.5000   30.0000 2738.6746   17.4994
    0.0000  -37.5000   30.0000 2750.9126   17.3994
    7.5000  -37.5000   30.0000 2751.5381   17.5591
   -7.5000  -30.0000   30.0000 2816.4495   16.6833
    0.0000  -30.0000   30.0000 2832.6077   16.5437
    7.5000  -30.0000   30.0000 2821.4534   16.7277
   -7.5000  -22.5000   30.0000 2871.3455   16.2219
    0.0000  -22.5000   30.0000 2887.6199   16.0753
    7.5000  -22.5000   30.0000 2871.1675   16.2766
   -7.5000  -15.0000   30.0000 2888.3994   16.1046
    0.0000  -15.0000   30.0000 2907.1052   16.0198
    7.5000  -15.0000   30.0000 2884.0054   16.1955
   -7.5000   -7.5000   30.0000 2867.3328   16.3674
    0.0000   -7.5000   30.0000 2887.0481   16.2447
    7.5000   -7.5000   30.0000 2859.3677   16.3985
   -7.5000    0.0000   30.0000 2810.2678   16.9574
    0.0000    0.0000   30.0000 2825.8291   16.7972
    7.5000    0.0000   30.0000 2808.5706   16.9473
   -7.5000    7.5000   30.0000 2746.2720   17.8325
    0.0000    7.5000   30.0000 2758.8450   17.6394
    7.5000    7.5000   30.0000 2745.3813   17.7899
   -7.5000   15.0000   30.0000 2657.4692   18.9655
    0.0000   15.0000   30.0000 2669.5405   18.7676
    7.5000   15.0000   30.0000 2658.0466   18.8981
   -7.5000   22.5000   30.0000 2550.9902   20.3950
    0.0000   22.5000   30.0000 2559.3398   20.1568
    7.5000   22.5000   30.0000 2553.5825   20.2905
   -7.5000   30.0000   30.0000 2417.1980   22.2376
    0.0000   30.0000   30.0000 2423.9546   21.9928
    7.5000   30.0000   30.0000 2416.4724   22.0853
   -7.5000   37.5000   30.0000 2277.4199   24.6100
    0.0000   37.5000   30.0000 2291.5488   24.3952
    7.5000   37.5000   30.0000 2272.2607   24.4643
   -7.5000   45.0000   30.0000 2141.5522   27.6487
    0.0000   45.0000   30.0000 2150.1714   27.4258
    7.5000   45.0000   30.0000 2137.7532   27.4823
   -7.5000  -45.0000   37.5000 2593.2495   19.6641
    0.0000  -45.0000   37.5000 2603.3926   19.4763
    7.5000  -45.0000   37.5000 2610.7207   19.8545
   -7.5000  -37.5000   37.5000 2687.7351   18.4267
    0.0000  -37.5000   37.5000 2698.7168   18.2537
    7.5000  -37.5000   37.5000 2700.8572   18.5886
   -7.5000  -30.0000   37.5000 2760.6719   17.6301
    0.0000  -30.0000   37.5000 2774.1655   17.4261
    7.5000  -30.0000   37.5000 2762.9929   17.7332
   -7.5000  -22.5000   37.5000 2801.5298   17.1366
    0.0000  -22.5000   37.5000 2814.2556   16.9953
    7.5000  -22.5000   37.5000 2802.1313   17.2547
   -7.5000  -15.0000   37.5000 2814.3596   17.0393
    0.0000  -15.0000   37.5000 2828.5049   16.9245
    7.5000  -15.0000   37.5000 2814.3035   17.1504
   -7.5000   -7.5000   37.5000 2786.6169   17.2731
    0.0000   -7.5000   37.5000 2802.6802   17.1239
    7.5000   -7.5000   37.5000 2783.7341   17.3021
   -7.5000    0.0000   37.5000 2741.6995   17.8247
    0.0000    0.0000   37.5000 2750.9619   17.6460
    7.5000    0.0000   37.5000 2736.9148   17.8259
   -7.5000    7.5000   37.5000 2680.8994   18.7045
    0.0000    7.5000   37.5000 2696.0107   18.4822
    7.5000    7.5000   37.5000 2679.4241   18.6806
   -7.5000   15.0000   37.5000 2601.4978   19.8777
    0.0000   15.0000   37.5000 2609.6682   19.6603
    7.5000   15.0000   37.5000 2601.5142   19.8642
   -7.5000   22.5000   37.5000 2498.7900   21.4188
    0.0000   22.5000   37.5000 2504.3164   21.1707
    7.5000   22.5000   37.5000 2492.8655   21.3261
   -7.5000   30.0000   37.5000 2363.5566   23.2364
    0.0000   30.0000   37.5000 2375.4229   23.0006
    7.5000   30.0000   37.5000 2360.6301   23.1330
   -7.5000   37.5000   37.5000 2235.3831   25.5355
    0.0000   37.5000   37.5000 2243.3557   25.3559
    7.5000   37.5000   37.5000 2232.1628   25.4693
   -7.5000   45.0000   37.5000 2099.2070   28.6481
    0.0000   45.0000   37.5000 2107.6462   28.4713
    7.5000   45.0000   37.5000 2098.6360   28.4942
   -7.5000  -45.0000   45.0000 2534.1680   20.8535
    0.0000  -45.0000   45.0000 2544.9680   20.6635
    7.5000  -45.0000   45.0000 2544.9768   21.0987
   -7.5000  -37.5000   45.0000 2621.5137   19.6307
    0.0000  -37.5000   45.0000 2632.2051   19.4211
    7.5000  -37.5000   45.0000 2627.0300   19.8022
   -7.5000  -30.0000   45.0000 2682.0608   18.8226
    0.0000  -30.0000   45.0000 2697.7129   18.6257
    7.5000  -30.0000   45.0000 2685.0222   18.9398
   -7.5000  -22.5000   45.0000 2715.8276   18.3202
    0.0000  -22.5000   45.0000 2728.7524   18.2068
    7.5000  -22.5000   45.0000 2717.9189   18.4651
   -7.5000  -15.0000   45.0000 2724.6592   18.2324
    0.0000  -15.0000   45.0000 2735.9998   18.1018
    7.5000  -15.0000   45.0000 2727.9634   18.3434
   -7.5000   -7.5000   45.0000 2703.0632   18.4226
    0.0000   -7.5000   45.0000 2716.9253   18.3218
    7.5000   -7.5000   45.0000 2705.4036   18.5065
   -7.5000    0.0000   45.0000 2667.0266   18.9245
    0.0000    0.0000   45.0000 2678.4243   18.7601
    7.5000    0.0000   45.0000 2662.3018   18.9606
   -7.5000    7.5000   45.0000 2605.0508   19.7869
    0.0000    7.5000   45.0000 2615.6716   19.5704
    7.5000    7.5000   45.0000 2605.9998   19.7865
   -7.5000   15.0000   45.0000 2525.7388   20.9820
    0.0000   15.0000   45.0000 2535.5642   20.7456
    7.5000   15.0000   45.0000 2525.8284   20.9651
   -7.5000   22.5000   45.0000 2427.3425   22.5848
    0.0000   22.5000   45.0000 2442.7168   22.4280
    7.5000   22.5000   45.0000 2425.0081   22.5450
   -7.5000   30.0000   45.0000 2303.7451   24.4600
    0.0000   30.0000   45.0000 2319.5247   24.3415
    7.5000   30.0000   45.0000 2303.2979   24.3746
   -7.5000   37.5000   45.0000 2175.3369   26.8065
    0.0000   37.5000   45.0000 2182.0691   26.6439
    7.5000   37.5000   45.0000 2176.3655   26.7017
   -7.5000   45.0000   45.0000 2047.4233   30.0099
    0.0000   45.0000   45.0000 2055.9570   29.7481
    7.5000   45.0000   45.0000 2049.4746   29.8284

---------------------------------------------------------------------
imgreg_4dfp /opt/freesurfer/average/711-2C_as_mni_average_305 /opt/freesurfer/average/711-2B_as_mni_average_305_mask talsrcimg_g11 none talsrcimg_to_711-2C_as_mni_average_305_t4 1283
---------------------------------------------------------------------

freesurfer imgreg_4dfp.c
/opt/freesurfer/average/711-2C_as_mni_average_305.4dfp.img
       256       256       256         1
  1.000000  1.000000  1.000000
orientation T byte_order littleendian
Reading image: /opt/freesurfer/average/711-2C_as_mni_average_305.4dfp.img
dimensions:      256       256       256
mmppix:       1.0000   -1.0000   -1.0000
center:     128.0000 -129.0000 -129.0000
/opt/freesurfer/average/711-2B_as_mni_average_305_mask.4dfp.img
       256       256       256         1
  1.000000  1.000000  1.000000
orientation T byte_order littleendian
Reading mask: /opt/freesurfer/average/711-2B_as_mni_average_305_mask.4dfp.img (2306576 pixels)
talsrcimg_g11.4dfp.img
       256       256       256         1
  1.000000  1.000000  1.000000
orientation T byte_order littleendian
Reading image: talsrcimg_g11.4dfp.img
dimensions:      256       256       256
mmppix:       1.0000   -1.0000   -1.0000
center:     128.0000 -129.0000 -129.0000
rotation matrix determinant  1.000000
fimgreg.f
image alignment mode   1283 decimal      503 hex
parameters
    0.0000  -15.0000   15.0000    0.0000    0.0000    0.0000
eta,q 0.94635 14.95556
niter,ni,del,rscale     5    3   12.0000    1.2000
parameter  4  0.799011 ->  0.500000 qaram    1.1500
parameter  6  0.685833 ->  0.500000 qaram    1.1500
parameters
   -1.9457  -17.3116   13.0532   -3.4500    0.8787   -3.4500
eta,q 0.95485 14.86328
  0.0589  0.0541  0.0545  0.0476  0.0566  0.0458
  0.0536  0.0525  0.0502  0.0475  0.0524  0.0452
  0.0514  0.0511  0.0497  0.0481  0.0494  0.0455
  0.0531  0.0513  0.0509  0.0496  0.0475  0.0470
  0.0586  0.0556  0.0541  0.0514  0.0471  0.0494
  0.0672  0.0618  0.0589  0.0542  0.0489  0.0526
  0.0751  0.0667  0.0654  0.0577  0.0530  0.0558
niter,ni,del,rscale     6    3   12.0000    1.2000
parameters
   -2.3315  -17.3804   12.2367   -3.9474    2.0110   -4.1328
eta,q 0.95661 14.80756
  0.0627  0.0544  0.0533  0.0515  0.0549  0.0491
  0.0519  0.0491  0.0472  0.0459  0.0506  0.0459
  0.0458  0.0464  0.0444  0.0444  0.0468  0.0438
  0.0452  0.0449  0.0449  0.0445  0.0443  0.0435
  0.0489  0.0458  0.0473  0.0463  0.0434  0.0449
  0.0566  0.0496  0.0521  0.0490  0.0454  0.0478
  0.0662  0.0551  0.0586  0.0521  0.0499  0.0515
niter,ni,del,rscale     5    3   12.0000    1.2000
parameters
   -2.5936  -17.4733   12.1663   -3.9429    2.3684   -4.1983
eta,q 0.95692 14.80032
  0.0636  0.0547  0.0556  0.0522  0.0532  0.0501
  0.0522  0.0480  0.0485  0.0461  0.0488  0.0466
  0.0448  0.0445  0.0437  0.0437  0.0453  0.0441
  0.0434  0.0433  0.0433  0.0433  0.0433  0.0431
  0.0469  0.0447  0.0451  0.0447  0.0435  0.0440
  0.0559  0.0492  0.0490  0.0476  0.0470  0.0467
  0.0663  0.0549  0.0557  0.0508  0.0516  0.0505
niter,ni,del,rscale     4    3   12.0000    1.2000
parameters
   -2.7183  -17.4914   12.1597   -3.9063    2.5272   -4.1936
eta,q 0.95704 14.79615
  0.0646  0.0550  0.0557  0.0521  0.0528  0.0503
  0.0530  0.0480  0.0486  0.0461  0.0484  0.0466
  0.0450  0.0443  0.0435  0.0436  0.0449  0.0442
  0.0431  0.0430  0.0431  0.0431  0.0430  0.0430
  0.0463  0.0444  0.0447  0.0443  0.0438  0.0438
  0.0551  0.0489  0.0486  0.0474  0.0476  0.0465
  0.0656  0.0547  0.0554  0.0507  0.0522  0.0504
niter,ni,del,rscale     3    3   12.0000    1.2000
parameters
   -2.7798  -17.4993   12.1578   -3.8954    2.5970   -4.1868
eta,q 0.95707 14.79422
  0.0651  0.0551  0.0556  0.0520  0.0526  0.0503
  0.0534  0.0480  0.0485  0.0460  0.0481  0.0466
  0.0451  0.0442  0.0435  0.0435  0.0447  0.0442
  0.0430  0.0430  0.0430  0.0430  0.0430  0.0429
  0.0460  0.0443  0.0446  0.0443  0.0439  0.0438
  0.0547  0.0488  0.0485  0.0474  0.0479  0.0465
  0.0653  0.0546  0.0553  0.0507  0.0524  0.0504
niter,ni,del,rscale     2    3   12.0000    1.2000
parameters
   -2.8083  -17.5010   12.1570   -3.8909    2.6277   -4.1820
eta,q 0.95709 14.79327
  0.0653  0.0551  0.0556  0.0519  0.0525  0.0503
  0.0536  0.0480  0.0485  0.0459  0.0480  0.0466
  0.0452  0.0442  0.0434  0.0435  0.0447  0.0442
  0.0429  0.0429  0.0429  0.0429  0.0429  0.0429
  0.0458  0.0443  0.0446  0.0443  0.0440  0.0438
  0.0546  0.0488  0.0484  0.0473  0.0480  0.0465
  0.0651  0.0546  0.0553  0.0507  0.0525  0.0504
registration optimization eta report
parameter search radius
    6.0000    6.0000    6.0000    6.9000    6.0000    6.9000
100000*second partial in parameter space
       62.       33.       35.       18.       26.       15.
  0.0653  0.0551  0.0556  0.0519  0.0525  0.0503
  0.0536  0.0480  0.0485  0.0459  0.0480  0.0466
  0.0452  0.0442  0.0434  0.0435  0.0447  0.0442
  0.0429  0.0429  0.0429  0.0429  0.0429  0.0429
  0.0458  0.0443  0.0446  0.0443  0.0440  0.0438
  0.0546  0.0488  0.0484  0.0473  0.0480  0.0465
  0.0651  0.0546  0.0553  0.0507  0.0525  0.0504
   -2.8083  -17.5010   12.1570   -3.8909    2.6277   -4.1820
eta,q 0.95709 14.79327

---------------------------------------------------------------------
imgreg_4dfp /opt/freesurfer/average/711-2C_as_mni_average_305 /opt/freesurfer/average/711-2B_as_mni_average_305_mask talsrcimg_g11 none talsrcimg_to_711-2C_as_mni_average_305_t4 3335
---------------------------------------------------------------------

freesurfer imgreg_4dfp.c
/opt/freesurfer/average/711-2C_as_mni_average_305.4dfp.img
       256       256       256         1
  1.000000  1.000000  1.000000
orientation T byte_order littleendian
Reading image: /opt/freesurfer/average/711-2C_as_mni_average_305.4dfp.img
dimensions:      256       256       256
mmppix:       1.0000   -1.0000   -1.0000
center:     128.0000 -129.0000 -129.0000
/opt/freesurfer/average/711-2B_as_mni_average_305_mask.4dfp.img
       256       256       256         1
  1.000000  1.000000  1.000000
orientation T byte_order littleendian
Reading mask: /opt/freesurfer/average/711-2B_as_mni_average_305_mask.4dfp.img (2306576 pixels)
talsrcimg_g11.4dfp.img
       256       256       256         1
  1.000000  1.000000  1.000000
orientation T byte_order littleendian
Reading image: talsrcimg_g11.4dfp.img
dimensions:      256       256       256
mmppix:       1.0000   -1.0000   -1.0000
center:     128.0000 -129.0000 -129.0000
fimgreg.f
image alignment mode   3335 decimal      D07 hex
parameters
   -2.8083  -17.5010   12.1570   -0.3711   -0.5188   -0.3354
    7.5859   -4.0670   -7.2848    7.1012    4.5846   -6.7786
eta,q 0.95714 14.89192
niter,ni,del,rscale     5    3    5.0000    1.2000
parameter  4  0.951026 ->  0.500000 qaram    1.1500
parameter  5  2.709065 ->  0.500000 qaram    1.1500
parameter  6  0.932522 ->  0.500000 qaram    1.1500
parameter 12  0.535157 ->  0.500000 qaram    1.1500
parameters
   -2.9158  -17.0280   12.1890   -4.5111   -4.6588   -4.4754
    6.2417   -3.4526   -5.7691    3.5158    4.4781  -10.9186
eta,q 0.97236 14.85626
  0.0464  0.0463  0.0455  0.0381  0.0307  0.0294  0.0315  0.0346  0.0329  0.0293  0.0295  0.0282
  0.0444  0.0448  0.0442  0.0387  0.0325  0.0293  0.0301  0.0316  0.0313  0.0283  0.0288  0.0277
  0.0432  0.0436  0.0431  0.0402  0.0353  0.0304  0.0295  0.0299  0.0301  0.0283  0.0284  0.0277
  0.0429  0.0429  0.0427  0.0427  0.0390  0.0332  0.0295  0.0294  0.0294  0.0292  0.0282  0.0282
  0.0434  0.0428  0.0431  0.0468  0.0437  0.0389  0.0302  0.0296  0.0292  0.0310  0.0284  0.0290
  0.0449  0.0433  0.0440  0.0522  0.0483  0.0439  0.0317  0.0308  0.0298  0.0336  0.0288  0.0300
  0.0471  0.0445  0.0454  0.0581  0.0518  0.0492  0.0338  0.0329  0.0309  0.0369  0.0295  0.0312
niter,ni,del,rscale     7    3    5.0000    1.2000
parameter  3  1.369292 ->  0.500000 qaram    1.1500
parameter  5  0.540940 ->  0.500000 qaram    1.3225
parameters
   -2.3311  -17.6896   10.8090   -6.1503   -9.4198   -6.5895
    6.1842   -3.4554   -5.6435    4.5276    4.9949   -9.5650
eta,q 0.97644 14.65981
  0.0328  0.0290  0.0236  0.0268  0.0242  0.0270  0.0262  0.0276  0.0257  0.0274  0.0247  0.0259
  0.0303  0.0277  0.0239  0.0256  0.0232  0.0255  0.0248  0.0252  0.0246  0.0254  0.0241  0.0247
  0.0286  0.0272  0.0252  0.0246  0.0228  0.0241  0.0240  0.0239  0.0239  0.0243  0.0237  0.0239
  0.0276  0.0274  0.0272  0.0242  0.0244  0.0230  0.0237  0.0237  0.0237  0.0237  0.0236  0.0236
  0.0274  0.0284  0.0296  0.0247  0.0285  0.0252  0.0240  0.0242  0.0239  0.0236  0.0236  0.0236
  0.0280  0.0302  0.0323  0.0273  0.0343  0.0307  0.0249  0.0254  0.0245  0.0243  0.0239  0.0239
  0.0294  0.0327  0.0351  0.0326  0.0402  0.0362  0.0263  0.0273  0.0256  0.0258  0.0244  0.0247
niter,ni,del,rscale     7    3    5.0000    1.2000
parameter  2 -0.522744 -> -0.500000 qaram    1.1500
parameter  3  0.791623 ->  0.500000 qaram    1.3225
parameters
   -2.2342  -16.3096    9.2220   -3.6886  -10.5028   -8.2286
    5.8754   -3.1166   -5.7517    5.6377    5.2517  -12.3928
eta,q 0.97843 14.67823
  0.0267  0.0290  0.0215  0.0256  0.0262  0.0253  0.0245  0.0265  0.0238  0.0252  0.0227  0.0224
  0.0251  0.0266  0.0213  0.0239  0.0239  0.0238  0.0230  0.0236  0.0228  0.0234  0.0222  0.0217
  0.0240  0.0248  0.0218  0.0225  0.0219  0.0226  0.0222  0.0222  0.0221  0.0224  0.0219  0.0216
  0.0236  0.0235  0.0228  0.0214  0.0206  0.0209  0.0219  0.0219  0.0219  0.0219  0.0218  0.0218
  0.0238  0.0229  0.0242  0.0205  0.0212  0.0219  0.0222  0.0223  0.0221  0.0219  0.0219  0.0224
  0.0247  0.0228  0.0262  0.0206  0.0252  0.0274  0.0233  0.0234  0.0228  0.0224  0.0221  0.0233
  0.0263  0.0235  0.0286  0.0229  0.0313  0.0332  0.0250  0.0254  0.0240  0.0236  0.0226  0.0245
niter,ni,del,rscale     7    3    5.0000    1.2000
parameters
   -2.1907  -15.9850    8.1852   -3.7458  -10.5787   -9.5763
    6.1126   -2.9945   -5.7173    6.2155    5.7419  -12.8206
eta,q 0.97820 14.61493
  0.0248  0.0258  0.0226  0.0246  0.0274  0.0252  0.0247  0.0260  0.0238  0.0249  0.0227  0.0236
  0.0231  0.0237  0.0212  0.0232  0.0250  0.0236  0.0232  0.0233  0.0228  0.0229  0.0222  0.0223
  0.0220  0.0223  0.0210  0.0220  0.0228  0.0225  0.0222  0.0220  0.0221  0.0220  0.0219  0.0218
  0.0216  0.0216  0.0215  0.0210  0.0210  0.0210  0.0218  0.0218  0.0218  0.0218  0.0218  0.0218
  0.0218  0.0217  0.0225  0.0205  0.0206  0.0215  0.0220  0.0222  0.0220  0.0220  0.0218  0.0221
  0.0228  0.0225  0.0240  0.0220  0.0237  0.0257  0.0229  0.0234  0.0227  0.0227  0.0220  0.0228
  0.0246  0.0243  0.0258  0.0262  0.0295  0.0315  0.0245  0.0254  0.0238  0.0238  0.0225  0.0238
niter,ni,del,rscale     6    3    5.0000    1.2000
parameters
   -2.1684  -15.8456    7.6899   -3.4061  -10.4969  -10.3659
    6.1014   -3.0043   -5.8699    6.4622    5.8150  -13.0289
eta,q 0.97809 14.59644
  0.0248  0.0255  0.0236  0.0251  0.0279  0.0257  0.0247  0.0258  0.0238  0.0247  0.0227  0.0239
  0.0232  0.0236  0.0220  0.0238  0.0256  0.0240  0.0232  0.0233  0.0228  0.0228  0.0223  0.0225
  0.0222  0.0223  0.0215  0.0226  0.0234  0.0227  0.0223  0.0221  0.0221  0.0220  0.0220  0.0219
  0.0218  0.0218  0.0218  0.0216  0.0215  0.0215  0.0219  0.0219  0.0219  0.0219  0.0219  0.0219
  0.0221  0.0221  0.0224  0.0210  0.0210  0.0210  0.0222  0.0223  0.0221  0.0222  0.0220  0.0222
  0.0231  0.0231  0.0234  0.0221  0.0239  0.0243  0.0232  0.0235  0.0229  0.0229  0.0222  0.0229
  0.0248  0.0249  0.0247  0.0258  0.0295  0.0300  0.0248  0.0256  0.0240  0.0241  0.0227  0.0238
niter,ni,del,rscale     5    3    5.0000    1.2000
parameters
   -2.1703  -15.7743    7.4383   -3.3313  -10.4546  -10.7645
    6.1330   -3.0019   -5.9112    6.5996    5.8862  -13.1085
eta,q 0.97799 14.58238
  0.0249  0.0255  0.0240  0.0252  0.0281  0.0261  0.0249  0.0259  0.0240  0.0247  0.0228  0.0240
  0.0233  0.0236  0.0224  0.0239  0.0258  0.0243  0.0234  0.0234  0.0229  0.0229  0.0224  0.0226
  0.0223  0.0224  0.0218  0.0228  0.0237  0.0230  0.0224  0.0222  0.0223  0.0221  0.0221  0.0221
  0.0219  0.0219  0.0219  0.0218  0.0218  0.0218  0.0220  0.0220  0.0220  0.0220  0.0220  0.0220
  0.0222  0.0222  0.0224  0.0213  0.0213  0.0209  0.0223  0.0224  0.0222  0.0223  0.0221  0.0223
  0.0232  0.0233  0.0232  0.0226  0.0243  0.0236  0.0233  0.0236  0.0229  0.0230  0.0223  0.0229
  0.0250  0.0252  0.0244  0.0263  0.0298  0.0290  0.0249  0.0257  0.0241  0.0242  0.0228  0.0239
niter,ni,del,rscale     4    3    5.0000    1.2000
parameters
   -2.1709  -15.7340    7.3234   -3.2962  -10.4426  -10.9312
    6.1427   -3.0000   -5.9373    6.6781    5.9221  -13.1389
eta,q 0.97793 14.57687
  0.0250  0.0255  0.0243  0.0253  0.0282  0.0263  0.0249  0.0259  0.0240  0.0247  0.0229  0.0241
  0.0234  0.0236  0.0226  0.0240  0.0260  0.0244  0.0234  0.0234  0.0230  0.0229  0.0224  0.0227
  0.0224  0.0224  0.0220  0.0229  0.0238  0.0231  0.0224  0.0223  0.0223  0.0221  0.0221  0.0221
  0.0220  0.0220  0.0220  0.0220  0.0220  0.0220  0.0221  0.0221  0.0221  0.0221  0.0221  0.0221
  0.0223  0.0223  0.0224  0.0215  0.0215  0.0209  0.0223  0.0225  0.0223  0.0224  0.0221  0.0223
  0.0233  0.0234  0.0232  0.0228  0.0245  0.0233  0.0233  0.0236  0.0230  0.0231  0.0223  0.0230
  0.0251  0.0254  0.0243  0.0265  0.0300  0.0285  0.0249  0.0257  0.0241  0.0243  0.0229  0.0239
niter,ni,del,rscale     3    3    5.0000    1.2000
parameters
   -2.1708  -15.7123    7.2788   -3.2841  -10.4398  -10.9907
    6.1483   -3.0012   -5.9529    6.7198    5.9399  -13.1543
eta,q 0.97791 14.57511
  0.0250  0.0255  0.0244  0.0253  0.0283  0.0264  0.0249  0.0259  0.0241  0.0247  0.0229  0.0241
  0.0234  0.0236  0.0228  0.0240  0.0260  0.0245  0.0234  0.0234  0.0230  0.0229  0.0224  0.0227
  0.0224  0.0225  0.0221  0.0230  0.0239  0.0232  0.0225  0.0223  0.0223  0.0221  0.0222  0.0221
  0.0221  0.0221  0.0221  0.0221  0.0221  0.0221  0.0221  0.0221  0.0221  0.0221  0.0221  0.0221
  0.0224  0.0224  0.0224  0.0216  0.0216  0.0209  0.0224  0.0225  0.0223  0.0224  0.0221  0.0224
  0.0234  0.0235  0.0231  0.0229  0.0245  0.0231  0.0233  0.0236  0.0230  0.0232  0.0224  0.0230
  0.0251  0.0254  0.0243  0.0265  0.0300  0.0283  0.0250  0.0257  0.0241  0.0243  0.0229  0.0239
niter,ni,del,rscale     2    3    5.0000    1.2000
parameters
   -2.1708  -15.7019    7.2595   -3.2768  -10.4389  -11.0137
    6.1510   -3.0019   -5.9580    6.7383    5.9474  -13.1599
eta,q 0.97791 14.57453
  0.0251  0.0255  0.0245  0.0253  0.0283  0.0264  0.0249  0.0259  0.0241  0.0247  0.0229  0.0242
  0.0234  0.0236  0.0228  0.0241  0.0260  0.0246  0.0234  0.0234  0.0230  0.0229  0.0224  0.0227
  0.0225  0.0225  0.0222  0.0230  0.0239  0.0232  0.0225  0.0223  0.0223  0.0222  0.0222  0.0221
  0.0221  0.0221  0.0221  0.0221  0.0221  0.0221  0.0221  0.0221  0.0221  0.0221  0.0221  0.0221
  0.0224  0.0224  0.0224  0.0216  0.0216  0.0209  0.0224  0.0225  0.0223  0.0224  0.0222  0.0224
  0.0234  0.0236  0.0231  0.0229  0.0246  0.0231  0.0234  0.0236  0.0230  0.0232  0.0224  0.0230
  0.0251  0.0255  0.0242  0.0265  0.0300  0.0283  0.0250  0.0257  0.0241  0.0244  0.0229  0.0239
registration optimization eta report
parameter search radius
    2.4000    2.7600    3.1740    8.2800    9.5220    8.2800
    7.2000    7.2000    7.2000    7.2000    7.2000    8.2800
100000*second partial in parameter space
       52.       45.       23.        6.        8.        8.
        5.        7.        4.        5.        2.        3.
  0.0251  0.0255  0.0245  0.0253  0.0283  0.0264  0.0249  0.0259  0.0241  0.0247  0.0229  0.0242
  0.0234  0.0236  0.0228  0.0241  0.0260  0.0246  0.0234  0.0234  0.0230  0.0229  0.0224  0.0227
  0.0225  0.0225  0.0222  0.0230  0.0239  0.0232  0.0225  0.0223  0.0223  0.0222  0.0222  0.0221
  0.0221  0.0221  0.0221  0.0221  0.0221  0.0221  0.0221  0.0221  0.0221  0.0221  0.0221  0.0221
  0.0224  0.0224  0.0224  0.0216  0.0216  0.0209  0.0224  0.0225  0.0223  0.0224  0.0222  0.0224
  0.0234  0.0236  0.0231  0.0229  0.0246  0.0231  0.0234  0.0236  0.0230  0.0232  0.0224  0.0230
  0.0251  0.0255  0.0242  0.0265  0.0300  0.0283  0.0250  0.0257  0.0241  0.0244  0.0229  0.0239
   -2.1708  -15.7019    7.2595   -3.2768  -10.4389  -11.0137
    6.1510   -3.0019   -5.9580    6.7383    5.9474  -13.1599
eta,q 0.97791 14.57453

---------------------------------------------------------------------
imgreg_4dfp /opt/freesurfer/average/711-2C_as_mni_average_305 /opt/freesurfer/average/711-2B_as_mni_average_305_mask talsrcimg_g11 none talsrcimg_to_711-2C_as_mni_average_305_t4 2311
---------------------------------------------------------------------

freesurfer imgreg_4dfp.c
/opt/freesurfer/average/711-2C_as_mni_average_305.4dfp.img
       256       256       256         1
  1.000000  1.000000  1.000000
orientation T byte_order littleendian
Reading image: /opt/freesurfer/average/711-2C_as_mni_average_305.4dfp.img
dimensions:      256       256       256
mmppix:       1.0000   -1.0000   -1.0000
center:     128.0000 -129.0000 -129.0000
/opt/freesurfer/average/711-2B_as_mni_average_305_mask.4dfp.img
       256       256       256         1
  1.000000  1.000000  1.000000
orientation T byte_order littleendian
Reading mask: /opt/freesurfer/average/711-2B_as_mni_average_305_mask.4dfp.img (2306576 pixels)
talsrcimg_g11.4dfp.img
       256       256       256         1
  1.000000  1.000000  1.000000
orientation T byte_order littleendian
Reading image: talsrcimg_g11.4dfp.img
dimensions:      256       256       256
mmppix:       1.0000   -1.0000   -1.0000
center:     128.0000 -129.0000 -129.0000
fimgreg.f
image alignment mode   2311 decimal      907 hex
parameters
   -2.1708  -15.7019    7.2595   -3.2768  -10.4389  -11.0137
    6.1510   -3.0019   -5.9580    6.7383    5.9474  -13.1599
eta,q 0.97791 14.57453
niter,ni,del,rscale     5    3    5.0000    0.8000
parameters
   -2.1424  -15.6779    6.9698   -1.1000   -9.1535  -10.3186
    5.8857   -2.9954   -5.8417    7.7091    5.5746  -12.9217
eta,q 0.97920 14.75487
  0.0235  0.0233  0.0224  0.0238  0.0244  0.0234  0.0225  0.0236  0.0222  0.0231  0.0215  0.0218
  0.0227  0.0226  0.0222  0.0232  0.0234  0.0226  0.0215  0.0220  0.0214  0.0218  0.0211  0.0212
  0.0223  0.0222  0.0221  0.0226  0.0224  0.0220  0.0210  0.0211  0.0210  0.0211  0.0208  0.0208
  0.0221  0.0221  0.0221  0.0221  0.0216  0.0212  0.0208  0.0208  0.0208  0.0208  0.0208  0.0208
  0.0222  0.0222  0.0222  0.0217  0.0212  0.0205  0.0211  0.0211  0.0209  0.0208  0.0209  0.0209
  0.0226  0.0226  0.0224  0.0216  0.0215  0.0209  0.0218  0.0221  0.0214  0.0211  0.0212  0.0211
  0.0234  0.0232  0.0227  0.0223  0.0228  0.0231  0.0229  0.0235  0.0220  0.0217  0.0217  0.0215
niter,ni,del,rscale     4    3    5.0000    0.7000
parameters
   -2.2892  -15.9073    6.8027   -1.5398   -8.6581   -9.8883
    6.0197   -3.0260   -5.8691    7.6174    5.5982  -12.5984
eta,q 0.97956 14.77980
  0.0219  0.0215  0.0213  0.0220  0.0231  0.0228  0.0219  0.0226  0.0214  0.0217  0.0211  0.0214
  0.0212  0.0210  0.0209  0.0215  0.0222  0.0222  0.0211  0.0213  0.0208  0.0209  0.0208  0.0208
  0.0209  0.0208  0.0207  0.0210  0.0214  0.0215  0.0206  0.0206  0.0205  0.0205  0.0205  0.0205
  0.0208  0.0208  0.0208  0.0207  0.0208  0.0207  0.0204  0.0204  0.0204  0.0204  0.0204  0.0204
  0.0210  0.0210  0.0209  0.0209  0.0206  0.0202  0.0206  0.0207  0.0206  0.0206  0.0205  0.0205
  0.0216  0.0215  0.0212  0.0216  0.0212  0.0209  0.0210  0.0214  0.0209  0.0211  0.0207  0.0207
  0.0225  0.0223  0.0215  0.0232  0.0225  0.0227  0.0218  0.0226  0.0214  0.0218  0.0211  0.0211
niter,ni,del,rscale     3    3    5.0000    0.6000
parameters
   -2.2659  -16.0099    6.9031   -1.5378   -8.4880   -9.4615
    5.9975   -3.0517   -5.8892    7.4961    5.5709  -12.4552
eta,q 0.97979 14.79931
  0.0215  0.0212  0.0211  0.0216  0.0222  0.0223  0.0213  0.0219  0.0209  0.0212  0.0208  0.0209
  0.0209  0.0207  0.0207  0.0211  0.0214  0.0218  0.0207  0.0209  0.0205  0.0206  0.0205  0.0205
  0.0206  0.0205  0.0205  0.0207  0.0208  0.0211  0.0203  0.0204  0.0203  0.0203  0.0203  0.0203
  0.0204  0.0204  0.0204  0.0204  0.0204  0.0204  0.0202  0.0202  0.0202  0.0202  0.0202  0.0202
  0.0205  0.0206  0.0205  0.0204  0.0204  0.0201  0.0203  0.0204  0.0203  0.0204  0.0203  0.0203
  0.0209  0.0209  0.0207  0.0209  0.0210  0.0206  0.0207  0.0210  0.0205  0.0207  0.0205  0.0205
  0.0214  0.0215  0.0209  0.0218  0.0221  0.0221  0.0213  0.0219  0.0209  0.0213  0.0208  0.0207
niter,ni,del,rscale     2    3    5.0000    0.5000
parameters
   -2.2706  -16.0861    7.0674   -1.4632   -8.3704   -9.0443
    5.9753   -3.0732   -5.9009    7.4229    5.5183  -12.3191
eta,q 0.97997 14.81903
  0.0209  0.0207  0.0208  0.0211  0.0215  0.0219  0.0208  0.0213  0.0205  0.0208  0.0205  0.0205
  0.0205  0.0204  0.0205  0.0207  0.0209  0.0214  0.0204  0.0206  0.0202  0.0203  0.0202  0.0202
  0.0203  0.0203  0.0203  0.0204  0.0205  0.0208  0.0201  0.0202  0.0201  0.0201  0.0201  0.0201
  0.0202  0.0202  0.0202  0.0202  0.0202  0.0202  0.0200  0.0200  0.0200  0.0200  0.0200  0.0200
  0.0203  0.0203  0.0202  0.0202  0.0202  0.0200  0.0201  0.0202  0.0201  0.0201  0.0201  0.0201
  0.0205  0.0206  0.0203  0.0205  0.0206  0.0204  0.0204  0.0206  0.0203  0.0204  0.0202  0.0202
  0.0210  0.0209  0.0205  0.0212  0.0214  0.0215  0.0208  0.0213  0.0205  0.0208  0.0205  0.0204
niter,ni,del,rscale     1    3    5.0000    0.4000
parameters
   -2.2906  -16.1423    7.2625   -1.4037   -8.2894   -8.6168
    5.9590   -3.1011   -5.9072    7.3535    5.4769  -12.1893
eta,q 0.98012 14.83644
  0.0205  0.0204  0.0205  0.0206  0.0209  0.0214  0.0204  0.0207  0.0202  0.0204  0.0202  0.0202
  0.0202  0.0202  0.0203  0.0204  0.0205  0.0209  0.0201  0.0203  0.0200  0.0201  0.0200  0.0200
  0.0201  0.0201  0.0201  0.0201  0.0202  0.0204  0.0199  0.0200  0.0199  0.0199  0.0199  0.0199
  0.0200  0.0200  0.0200  0.0200  0.0200  0.0200  0.0199  0.0199  0.0199  0.0199  0.0199  0.0199
  0.0201  0.0201  0.0200  0.0200  0.0200  0.0199  0.0199  0.0200  0.0199  0.0200  0.0199  0.0199
  0.0203  0.0202  0.0201  0.0202  0.0203  0.0201  0.0201  0.0203  0.0200  0.0201  0.0200  0.0200
  0.0205  0.0205  0.0202  0.0207  0.0208  0.0209  0.0204  0.0208  0.0202  0.0204  0.0202  0.0201
registration optimization eta report
parameter search radius
    0.8000    0.8000    0.8000    2.4000    2.4000    2.4000
    2.4000    2.4000    2.4000    2.4000    2.4000    2.4000
100000*second partial in parameter space
       76.       66.       51.       11.       15.       20.
        9.       15.        6.        9.        5.        5.
  0.0205  0.0204  0.0205  0.0206  0.0209  0.0214  0.0204  0.0207  0.0202  0.0204  0.0202  0.0202
  0.0202  0.0202  0.0203  0.0204  0.0205  0.0209  0.0201  0.0203  0.0200  0.0201  0.0200  0.0200
  0.0201  0.0201  0.0201  0.0201  0.0202  0.0204  0.0199  0.0200  0.0199  0.0199  0.0199  0.0199
  0.0200  0.0200  0.0200  0.0200  0.0200  0.0200  0.0199  0.0199  0.0199  0.0199  0.0199  0.0199
  0.0201  0.0201  0.0200  0.0200  0.0200  0.0199  0.0199  0.0200  0.0199  0.0200  0.0199  0.0199
  0.0203  0.0202  0.0201  0.0202  0.0203  0.0201  0.0201  0.0203  0.0200  0.0201  0.0200  0.0200
  0.0205  0.0205  0.0202  0.0207  0.0208  0.0209  0.0204  0.0208  0.0202  0.0204  0.0202  0.0201
   -2.2906  -16.1423    7.2625   -1.4037   -8.2894   -8.6168
    5.9590   -3.1011   -5.9072    7.3535    5.4769  -12.1893
eta,q 0.98012 14.83644

---------------------------------------------------------------------
imgreg_4dfp /opt/freesurfer/average/711-2C_as_mni_average_305 /opt/freesurfer/average/711-2B_as_mni_average_305_mask talsrcimg_g11 none talsrcimg_to_711-2C_as_mni_average_305_t4 2311
---------------------------------------------------------------------

freesurfer imgreg_4dfp.c
/opt/freesurfer/average/711-2C_as_mni_average_305.4dfp.img
       256       256       256         1
  1.000000  1.000000  1.000000
orientation T byte_order littleendian
Reading image: /opt/freesurfer/average/711-2C_as_mni_average_305.4dfp.img
dimensions:      256       256       256
mmppix:       1.0000   -1.0000   -1.0000
center:     128.0000 -129.0000 -129.0000
/opt/freesurfer/average/711-2B_as_mni_average_305_mask.4dfp.img
       256       256       256         1
  1.000000  1.000000  1.000000
orientation T byte_order littleendian
Reading mask: /opt/freesurfer/average/711-2B_as_mni_average_305_mask.4dfp.img (2306576 pixels)
talsrcimg_g11.4dfp.img
       256       256       256         1
  1.000000  1.000000  1.000000
orientation T byte_order littleendian
Reading image: talsrcimg_g11.4dfp.img
dimensions:      256       256       256
mmppix:       1.0000   -1.0000   -1.0000
center:     128.0000 -129.0000 -129.0000
fimgreg.f
image alignment mode   2311 decimal      907 hex
parameters
   -2.2906  -16.1423    7.2625   -1.4037   -8.2894   -8.6168
    5.9590   -3.1011   -5.9072    7.3535    5.4769  -12.1893
eta,q 0.98012 14.83644
niter,ni,del,rscale     5    3    5.0000    0.8000
parameters
   -2.3147  -16.2166    7.5906   -2.1898   -8.6459   -8.9148
    6.0713   -3.1047   -5.9385    6.8823    5.5852  -12.2787
eta,q 0.97988 14.79971
  0.0218  0.0214  0.0219  0.0214  0.0223  0.0227  0.0219  0.0228  0.0213  0.0215  0.0210  0.0211
  0.0207  0.0205  0.0208  0.0207  0.0213  0.0219  0.0210  0.0212  0.0207  0.0206  0.0205  0.0205
  0.0201  0.0200  0.0202  0.0202  0.0204  0.0210  0.0204  0.0204  0.0203  0.0202  0.0202  0.0202
  0.0199  0.0199  0.0199  0.0199  0.0200  0.0200  0.0202  0.0202  0.0202  0.0202  0.0201  0.0201
  0.0201  0.0201  0.0199  0.0201  0.0202  0.0200  0.0203  0.0205  0.0203  0.0205  0.0202  0.0203
  0.0208  0.0207  0.0202  0.0214  0.0215  0.0216  0.0209  0.0213  0.0207  0.0211  0.0204  0.0206
  0.0220  0.0217  0.0206  0.0237  0.0236  0.0246  0.0218  0.0227  0.0213  0.0221  0.0209  0.0211
niter,ni,del,rscale     4    3    5.0000    0.7000
parameters
   -2.2525  -16.1531    7.4448   -2.0158   -8.6450   -8.9898
    6.0336   -3.1182   -5.8899    7.0273    5.6031  -12.3693
eta,q 0.97990 14.80014
  0.0215  0.0214  0.0208  0.0216  0.0222  0.0223  0.0214  0.0222  0.0211  0.0216  0.0208  0.0208
  0.0208  0.0207  0.0203  0.0210  0.0213  0.0217  0.0207  0.0210  0.0205  0.0207  0.0204  0.0204
  0.0203  0.0203  0.0201  0.0205  0.0205  0.0209  0.0203  0.0203  0.0202  0.0202  0.0202  0.0201
  0.0201  0.0201  0.0201  0.0201  0.0201  0.0201  0.0201  0.0201  0.0201  0.0201  0.0201  0.0201
  0.0202  0.0202  0.0203  0.0200  0.0201  0.0200  0.0203  0.0204  0.0202  0.0202  0.0202  0.0202
  0.0206  0.0206  0.0206  0.0205  0.0209  0.0211  0.0207  0.0210  0.0205  0.0207  0.0204  0.0205
  0.0213  0.0212  0.0210  0.0217  0.0225  0.0233  0.0215  0.0222  0.0210  0.0213  0.0208  0.0208
niter,ni,del,rscale     3    3    5.0000    0.6000
parameters
   -2.2605  -16.1326    7.3732   -1.7743   -8.5308   -8.8842
    5.9884   -3.1252   -5.8854    7.1740    5.5723  -12.3276
eta,q 0.98001 14.81433
  0.0211  0.0210  0.0207  0.0213  0.0218  0.0220  0.0210  0.0217  0.0207  0.0212  0.0205  0.0206
  0.0205  0.0205  0.0203  0.0208  0.0210  0.0214  0.0204  0.0207  0.0203  0.0205  0.0202  0.0202
  0.0202  0.0202  0.0201  0.0204  0.0204  0.0207  0.0201  0.0202  0.0201  0.0201  0.0201  0.0200
  0.0201  0.0201  0.0201  0.0201  0.0201  0.0200  0.0200  0.0200  0.0200  0.0200  0.0200  0.0200
  0.0202  0.0202  0.0202  0.0200  0.0201  0.0199  0.0201  0.0202  0.0201  0.0201  0.0201  0.0201
  0.0205  0.0205  0.0204  0.0203  0.0206  0.0207  0.0205  0.0208  0.0203  0.0204  0.0202  0.0203
  0.0211  0.0210  0.0207  0.0212  0.0218  0.0224  0.0211  0.0217  0.0207  0.0209  0.0206  0.0205
niter,ni,del,rscale     2    3    5.0000    0.5000
parameters
   -2.2794  -16.1477    7.3920   -1.6012   -8.4120   -8.6443
    5.9665   -3.1268   -5.8969    7.2475    5.5243  -12.2288
eta,q 0.98012 14.83002
  0.0207  0.0206  0.0205  0.0209  0.0212  0.0217  0.0206  0.0212  0.0204  0.0207  0.0203  0.0204
  0.0203  0.0203  0.0202  0.0205  0.0207  0.0211  0.0202  0.0204  0.0201  0.0202  0.0201  0.0201
  0.0201  0.0201  0.0200  0.0202  0.0202  0.0205  0.0200  0.0200  0.0199  0.0200  0.0199  0.0199
  0.0200  0.0200  0.0200  0.0200  0.0200  0.0200  0.0199  0.0199  0.0199  0.0199  0.0199  0.0199
  0.0201  0.0201  0.0201  0.0200  0.0200  0.0198  0.0200  0.0200  0.0199  0.0200  0.0199  0.0199
  0.0203  0.0203  0.0202  0.0202  0.0204  0.0204  0.0202  0.0205  0.0201  0.0202  0.0201  0.0201
  0.0207  0.0206  0.0204  0.0209  0.0212  0.0216  0.0206  0.0211  0.0204  0.0206  0.0203  0.0203
niter,ni,del,rscale     1    3    5.0000    0.4000
parameters
   -2.2965  -16.1767    7.5002   -1.4971   -8.3183   -8.3284
    5.9437   -3.1364   -5.9019    7.2427    5.4627  -12.1185
eta,q 0.98022 14.84449
  0.0203  0.0203  0.0203  0.0205  0.0207  0.0213  0.0203  0.0207  0.0201  0.0203  0.0201  0.0201
  0.0201  0.0200  0.0201  0.0202  0.0203  0.0208  0.0200  0.0202  0.0199  0.0200  0.0199  0.0199
  0.0199  0.0199  0.0199  0.0200  0.0200  0.0203  0.0198  0.0199  0.0198  0.0198  0.0198  0.0198
  0.0199  0.0199  0.0199  0.0199  0.0199  0.0199  0.0198  0.0198  0.0198  0.0198  0.0198  0.0198
  0.0199  0.0199  0.0199  0.0199  0.0199  0.0198  0.0198  0.0199  0.0198  0.0198  0.0198  0.0198
  0.0201  0.0201  0.0200  0.0201  0.0202  0.0201  0.0200  0.0202  0.0199  0.0200  0.0199  0.0199
  0.0204  0.0203  0.0201  0.0205  0.0207  0.0209  0.0203  0.0207  0.0201  0.0203  0.0201  0.0200
registration optimization eta report
parameter search radius
    0.8000    0.8000    0.8000    2.4000    2.4000    2.4000
    2.4000    2.4000    2.4000    2.4000    2.4000    2.4000
100000*second partial in parameter space
       76.       65.       51.       11.       15.       21.
        9.       15.        6.        9.        5.        5.
  0.0203  0.0203  0.0203  0.0205  0.0207  0.0213  0.0203  0.0207  0.0201  0.0203  0.0201  0.0201
  0.0201  0.0200  0.0201  0.0202  0.0203  0.0208  0.0200  0.0202  0.0199  0.0200  0.0199  0.0199
  0.0199  0.0199  0.0199  0.0200  0.0200  0.0203  0.0198  0.0199  0.0198  0.0198  0.0198  0.0198
  0.0199  0.0199  0.0199  0.0199  0.0199  0.0199  0.0198  0.0198  0.0198  0.0198  0.0198  0.0198
  0.0199  0.0199  0.0199  0.0199  0.0199  0.0198  0.0198  0.0199  0.0198  0.0198  0.0198  0.0198
  0.0201  0.0201  0.0200  0.0201  0.0202  0.0201  0.0200  0.0202  0.0199  0.0200  0.0199  0.0199
  0.0204  0.0203  0.0201  0.0205  0.0207  0.0209  0.0203  0.0207  0.0201  0.0203  0.0201  0.0200
   -2.2965  -16.1767    7.5002   -1.4971   -8.3183   -8.3284
    5.9437   -3.1364   -5.9019    7.2427    5.4627  -12.1185
eta,q 0.98022 14.84449

---------------------------------------------------------------------
compute_vox2vox talsrcimg talsrcimg_to_711-2C_as_mni_average_305_t4 /opt/freesurfer/average/711-2C_as_mni_average_305
---------------------------------------------------------------------

freesurfer compute_vox2vox.c
Reading: talsrcimg.4dfp.ifh
Reading: talsrcimg_to_711-2C_as_mni_average_305_t4
Reading: /opt/freesurfer/average/711-2C_as_mni_average_305.4dfp.ifh
Writing: talsrcimg_to_711-2C_as_mni_average_305_t4_vox2vox.txt

start time Thu Mar 12 14:00:59 CET 2026
end		time Thu Mar 12 14:02:26 CET 2026

mpr2mni305 success

avi2talxfm orig_nu.mgz /opt/freesurfer/average/mni305.cor.mgz talsrcimg_to_711-2C_as_mni_average_305_t4_vox2vox.txt transforms/talairach.auto.xfm
avi2talxfm done
mv -f /out/sourcedata/freesurfer/sub-v1s19x0051317_ses-1/mri/talsrcimg_to_711-2C_as_mni_average_305_t4_vox2vox.txt /out/sourcedata/freesurfer/sub-v1s19x0051317_ses-1/mri/transforms/talsrcimg_to_711-2C_as_mni_average_305_t4_vox2vox.txt
lta_convert --src orig_nu.mgz --trg /opt/freesurfer/average/mni305.cor.mgz --inxfm transforms/talairach.auto.xfm --outlta transforms/talairach.auto.xfm.lta --subject fsaverage
7.3.2

--src: orig_nu.mgz src image (geometry).
--trg: /opt/freesurfer/average/mni305.cor.mgz trg image (geometry).
--inmni: transforms/talairach.auto.xfm input MNI/XFM transform.
--outlta: transforms/talairach.auto.xfm.lta output LTA.
--s: fsaverage subject name
 LTA read, type : 1
 1.00941   0.03929  -0.06025  -1.74972;
-0.05103   1.07759   0.14574  -15.14666;
 0.06901  -0.08260   1.07534   8.98932;
 0.00000   0.00000   0.00000   1.00000;
setting subject to fsaverage
Writing  LTA to file transforms/talairach.auto.xfm.lta...
lta_convert successful.
 
 
Started at Thu Mar 12 14:00:59 CET 2026
Ended   at Thu Mar 12 14:02:27 CET 2026
talairach_avi done
