status file for recon-all
Thu Mar 12 14:12:31 CET 2026
#@# Tessellate lh Thu Mar 12 14:12:31 CET 2026
#@# Smooth1 lh Thu Mar 12 14:12:35 CET 2026
#@# Inflation1 lh Thu Mar 12 14:12:38 CET 2026
#@# QSphere lh Thu Mar 12 14:12:52 CET 2026
#@# Fix Topology lh Thu Mar 12 14:14:20 CET 2026
#@# Smooth2 lh Thu Mar 12 14:21:08 CET 2026
#@# Inflation2 lh Thu Mar 12 14:21:11 CET 2026
#@# Curv .H and .K lh Thu Mar 12 14:21:34 CET 2026
#@# Sphere lh Thu Mar 12 14:22:23 CET 2026
#@# Surf Reg lh Thu Mar 12 14:24:45 CET 2026
#@# Jacobian white lh Thu Mar 12 14:28:59 CET 2026
#@# AvgCurv lh Thu Mar 12 14:29:00 CET 2026
#@# Cortical Parc lh Thu Mar 12 14:29:01 CET 2026
#@# white curv lh Thu Mar 12 14:36:07 CET 2026
#@# white area lh Thu Mar 12 14:36:09 CET 2026
#@# pial curv lh Thu Mar 12 14:36:10 CET 2026
#@# pial area lh Thu Mar 12 14:36:12 CET 2026
#@# thickness lh Thu Mar 12 14:36:12 CET 2026
#@# area and vertex vol lh Thu Mar 12 14:36:42 CET 2026
#@# Curvature Stats lh Thu Mar 12 14:36:44 CET 2026
#@# Cortical Parc 2 lh Thu Mar 12 14:36:47 CET 2026
#@# Cortical Parc 3 lh Thu Mar 12 14:37:01 CET 2026
#@# WM/GM Contrast lh Thu Mar 12 14:37:12 CET 2026
recon-all -s sub-v1s19x0051291_ses-1 finished without error at Thu Mar 12 14:37:15 CET 2026



#New# invocation of recon-all 



status file for recon-all
Thu Mar 12 15:07:56 CET 2026
#@# white curv lh Thu Mar 12 15:07:56 CET 2026
#@# white area lh Thu Mar 12 15:07:56 CET 2026
#@# pial curv lh Thu Mar 12 15:07:56 CET 2026
#@# pial area lh Thu Mar 12 15:07:56 CET 2026
#@# thickness lh Thu Mar 12 15:07:56 CET 2026
#@# area and vertex vol lh Thu Mar 12 15:07:56 CET 2026
#@# Parcellation Stats lh Thu Mar 12 15:07:56 CET 2026
#@# Parcellation Stats 2 lh Thu Mar 12 15:08:17 CET 2026
#@# Parcellation Stats 3 lh Thu Mar 12 15:08:28 CET 2026
#@# BA_exvivo Labels lh Thu Mar 12 15:08:37 CET 2026
recon-all -s sub-v1s19x0051291_ses-1 finished without error at Thu Mar 12 15:11:29 CET 2026
