status file for recon-all
Thu Mar 12 14:37:19 CET 2026
#@# Tessellate rh Thu Mar 12 14:37:19 CET 2026
#@# Smooth1 rh Thu Mar 12 14:37:23 CET 2026
#@# Inflation1 rh Thu Mar 12 14:37:25 CET 2026
#@# QSphere rh Thu Mar 12 14:37:39 CET 2026
#@# Fix Topology rh Thu Mar 12 14:39:15 CET 2026
#@# Smooth2 rh Thu Mar 12 14:45:03 CET 2026
#@# Inflation2 rh Thu Mar 12 14:45:06 CET 2026
#@# Curv .H and .K rh Thu Mar 12 14:45:22 CET 2026
#@# Sphere rh Thu Mar 12 14:46:10 CET 2026
#@# Surf Reg rh Thu Mar 12 14:49:20 CET 2026
#@# Jacobian white rh Thu Mar 12 14:53:28 CET 2026
#@# AvgCurv rh Thu Mar 12 14:53:29 CET 2026
#@# Cortical Parc rh Thu Mar 12 14:53:30 CET 2026
#@# white curv rh Thu Mar 12 15:01:35 CET 2026
#@# white area rh Thu Mar 12 15:01:37 CET 2026
#@# pial curv rh Thu Mar 12 15:01:38 CET 2026
#@# pial area rh Thu Mar 12 15:01:40 CET 2026
#@# thickness rh Thu Mar 12 15:01:41 CET 2026
#@# area and vertex vol rh Thu Mar 12 15:02:12 CET 2026
#@# Curvature Stats rh Thu Mar 12 15:02:14 CET 2026
#@# Cortical Parc 2 rh Thu Mar 12 15:02:16 CET 2026
#@# Cortical Parc 3 rh Thu Mar 12 15:02:30 CET 2026
#@# WM/GM Contrast rh Thu Mar 12 15:02:41 CET 2026
recon-all -s sub-v1s19x0051291_ses-1 finished without error at Thu Mar 12 15:02:44 CET 2026



#New# invocation of recon-all 



status file for recon-all
Thu Mar 12 15:11:32 CET 2026
#@# white curv rh Thu Mar 12 15:11:32 CET 2026
#@# white area rh Thu Mar 12 15:11:32 CET 2026
#@# pial curv rh Thu Mar 12 15:11:32 CET 2026
#@# pial area rh Thu Mar 12 15:11:32 CET 2026
#@# thickness rh Thu Mar 12 15:11:32 CET 2026
#@# area and vertex vol rh Thu Mar 12 15:11:32 CET 2026
#@# Parcellation Stats rh Thu Mar 12 15:11:32 CET 2026
#@# Parcellation Stats 2 rh Thu Mar 12 15:11:53 CET 2026
#@# Parcellation Stats 3 rh Thu Mar 12 15:12:03 CET 2026
#@# BA_exvivo Labels rh Thu Mar 12 15:12:13 CET 2026
recon-all -s sub-v1s19x0051291_ses-1 finished without error at Thu Mar 12 15:15:06 CET 2026
