/out/sourcedata/freesurfer/sub-v1s19x0051301_ses-1/mri
/opt/freesurfer/bin/talairach_avi
--i orig_nu.mgz --xfm transforms/talairach.auto.xfm
talairach_avi 7.3.2
Linux dna054 5.14.0-427.37.1.el9_4.x86_64 #1 SMP PREEMPT_DYNAMIC Fri Sep 13 12:41:50 EDT 2024 x86_64 x86_64 x86_64 GNU/Linux
Thu Mar 12 12:47:32 CET 2026
mri_convert orig_nu.mgz talsrcimg.img 
reading from orig_nu.mgz...
TR=0.00, TE=0.00, TI=0.00, flip angle=0.00
i_ras = (-1, 0, 0)
j_ras = (0, 0, -1)
k_ras = (0, 1, 0)
writing to talsrcimg.img...
Analyze Output Matrix
-1.00000   0.00000   0.00000   133.88864;
 0.00000   0.00000   1.00000  -127.39999;
 0.00000  -1.00000   0.00000   133.59918;
 0.00000   0.00000   0.00000   1.00000;
--------------------
INFO: set hdr.hist.orient to -1
mpr2mni305 talsrcimg
Thu Mar 12 12:47:32 CET 2026
/opt/freesurfer/bin/mpr2mni305 talsrcimg
mpr2mni305 7.3.2
target=711-2C_as_mni_average_305

---------------------------------------------------------------------
analyzeto4dfp talsrcimg -O0 -y
---------------------------------------------------------------------

freesurfer ifh2hdr.c
Thu Mar 12 12:47:32 2026
Writing: talsrcimg.4dfp.hdr
freesurfer analyzeto4dfp.c
Reading: talsrcimg.hdr
header size 348 bytes
hdr.dime.datatype	offset=70	value=2
hdr.dime.bitpix		offset=72	value=8
hdr.hist.orient		offset=252	value=-1
dimensionality     4
dimensions       256       256       256         1
Reading: talsrcimg.img
Writing: talsrcimg.4dfp.img
Writing: talsrcimg.4dfp.ifh
ifh2hdr talsrcimg -r0to239
ori=2

---------------------------------------------------------------------
gauss_4dfp talsrcimg 1.1
---------------------------------------------------------------------

freesurfer gauss_4dfp.c
Reading: talsrcimg.4dfp.img
Writing: talsrcimg_g11.4dfp.img
image dimensions 256 256 256 padded to 288 288 288
processing volume 1freesurfer ifh2hdr.c
Thu Mar 12 12:47:34 2026
Writing: talsrcimg_g11.4dfp.hdr

Writing: talsrcimg_g11.4dfp.ifh
including: talsrcimg.4dfp.img.rec in talsrcimg_g11.4dfp.img.rec

---------------------------------------------------------------------
imgreg_4dfp /opt/freesurfer/average/711-2C_as_mni_average_305 none talsrcimg_g11 none talsrcimg_to_711-2C_as_mni_average_305_t4 4355
---------------------------------------------------------------------

freesurfer imgreg_4dfp.c
/opt/freesurfer/average/711-2C_as_mni_average_305.4dfp.img
       256       256       256         1
  1.000000  1.000000  1.000000
orientation T byte_order littleendian
Reading image: /opt/freesurfer/average/711-2C_as_mni_average_305.4dfp.img
dimensions:      256       256       256
mmppix:       1.0000   -1.0000   -1.0000
center:     128.0000 -129.0000 -129.0000
talsrcimg_g11.4dfp.img
       256       256       256         1
  1.000000  1.000000  1.000000
orientation T byte_order littleendian
Reading image: talsrcimg_g11.4dfp.img
dimensions:      256       256       256
mmppix:       1.0000   -1.0000   -1.0000
center:     128.0000 -129.0000 -129.0000
t4_read: open error in t4_sub.f l:  41 t4_file(1:l)talsrcimg_to_711-2C_as_mni_average_305_t4 
t4_read: transform initialized to I4
rotation matrix determinant  1.000000
image alignment mode   4355 decimal     1103 hex
   -7.5000  -45.0000  -45.0000 7840.4663   17.0705
    0.0000  -45.0000  -45.0000 8202.3643   17.0425
    7.5000  -45.0000  -45.0000 7823.7305   17.0373
   -7.5000  -37.5000  -45.0000 8426.4307   16.9815
    0.0000  -37.5000  -45.0000 8815.4492   16.9588
    7.5000  -37.5000  -45.0000 8400.0410   16.9561
   -7.5000  -30.0000  -45.0000 9272.9482   16.9666
    0.0000  -30.0000  -45.0000 9697.9893   16.9442
    7.5000  -30.0000  -45.0000 9242.6748   16.9388
   -7.5000  -22.5000  -45.000010056.7217   16.9454
    0.0000  -22.5000  -45.000010502.8574   16.9191
    7.5000  -22.5000  -45.000010000.1172   16.9094
   -7.5000  -15.0000  -45.000010772.2471   16.9191
    0.0000  -15.0000  -45.000011271.6553   16.8891
    7.5000  -15.0000  -45.000010704.2549   16.8773
   -7.5000   -7.5000  -45.000011460.4443   16.9177
    0.0000   -7.5000  -45.000011990.8594   16.8878
    7.5000   -7.5000  -45.000011399.6445   16.8785
   -7.5000    0.0000  -45.000012077.3428   16.9385
    0.0000    0.0000  -45.000012643.7158   16.9126
    7.5000    0.0000  -45.000012039.3818   16.9077
   -7.5000    7.5000  -45.000011847.3721   16.9610
    0.0000    7.5000  -45.000012403.8916   16.9389
    7.5000    7.5000  -45.000011812.6035   16.9360
   -7.5000   15.0000  -45.000011502.3467   16.9666
    0.0000   15.0000  -45.000012027.4443   16.9442
    7.5000   15.0000  -45.000011440.7412   16.9388
   -7.5000   22.5000  -45.000010789.2959   16.9431
    0.0000   22.5000  -45.000011290.7441   16.9167
    7.5000   22.5000  -45.000010727.3203   16.9071
   -7.5000   30.0000  -45.0000 9944.6191   16.6936
    0.0000   30.0000  -45.000010409.9492   16.6640
    7.5000   30.0000  -45.0000 9872.8916   16.6523
   -7.5000   37.5000  -45.0000 9456.0479   16.6922
    0.0000   37.5000  -45.0000 9920.9053   16.6628
    7.5000   37.5000  -45.0000 9403.1934   16.6536
   -7.5000   45.0000  -45.0000 8658.1650   16.2884
    0.0000   45.0000  -45.0000 9065.6416   16.2635
    7.5000   45.0000  -45.0000 8635.0146   16.2588
   -7.5000  -45.0000  -37.5000 8349.1182   16.7653
    0.0000  -45.0000  -37.5000 8745.2217   16.7365
    7.5000  -45.0000  -37.5000 8324.2197   16.7226
   -7.5000  -37.5000  -37.5000 8979.3193   16.6847
    0.0000  -37.5000  -37.5000 9397.3359   16.6617
    7.5000  -37.5000  -37.5000 8917.3467   16.6489
   -7.5000  -30.0000  -37.5000 9884.9463   16.6672
    0.0000  -30.0000  -37.500010320.2783   16.6450
    7.5000  -30.0000  -37.5000 9771.5547   16.6294
   -7.5000  -22.5000  -37.500010721.5791   16.6357
    0.0000  -22.5000  -37.500011170.7637   16.6100
    7.5000  -22.5000  -37.500010565.2285   16.5921
   -7.5000  -15.0000  -37.500011441.3408   16.6028
    0.0000  -15.0000  -37.500011951.4844   16.5731
    7.5000  -15.0000  -37.500011293.2764   16.5547
   -7.5000   -7.5000  -37.500012112.9678   16.6063
    0.0000   -7.5000  -37.500012669.5869   16.5756
    7.5000   -7.5000  -37.500012003.0928   16.5593
   -7.5000    0.0000  -37.500012722.1201   16.6370
    0.0000    0.0000  -37.500013314.4951   16.6103
    7.5000    0.0000  -37.500012645.5410   16.5970
   -7.5000    7.5000  -37.500012474.5557   16.6650
    0.0000    7.5000  -37.500013069.6426   16.6427
    7.5000    7.5000  -37.500012402.2695   16.6297
   -7.5000   15.0000  -37.500012114.1152   16.6672
    0.0000   15.0000  -37.500012671.9629   16.6450
    7.5000   15.0000  -37.500011983.8408   16.6294
   -7.5000   22.5000  -37.500011321.7393   16.6334
    0.0000   22.5000  -37.500011858.8330   16.6077
    7.5000   22.5000  -37.500011194.0098   16.5898
   -7.5000   30.0000  -37.500010411.1123   16.3816
    0.0000   30.0000  -37.500010911.6904   16.3522
    7.5000   30.0000  -37.500010313.5352   16.3341
   -7.5000   37.5000  -37.5000 9883.8691   16.3850
    0.0000   37.5000  -37.500010386.9111   16.3547
    7.5000   37.5000  -37.5000 9807.1807   16.3387
   -7.5000   45.0000  -37.5000 9006.6230   15.9984
    0.0000   45.0000  -37.5000 9462.8564   15.9728
    7.5000   45.0000  -37.5000 8976.0420   15.9600
   -7.5000  -45.0000  -30.0000 9113.3691   17.4863
    0.0000  -45.0000  -30.0000 9509.1768   17.4519
    7.5000  -45.0000  -30.0000 9034.9844   17.4255
   -7.5000  -37.5000  -30.0000 9780.4502   17.4044
    0.0000  -37.5000  -30.000010202.3965   17.3733
    7.5000  -37.5000  -30.0000 9664.9209   17.3456
   -7.5000  -30.0000  -30.000010741.4180   17.3784
    0.0000  -30.0000  -30.000011189.7578   17.3481
    7.5000  -30.0000  -30.000010582.5303   17.3177
   -7.5000  -22.5000  -30.000011621.6260   17.3348
    0.0000  -22.5000  -30.000012092.0166   17.3039
    7.5000  -22.5000  -30.000011417.5312   17.2743
   -7.5000  -15.0000  -30.000012426.0332   17.2970
    0.0000  -15.0000  -30.000012947.6074   17.2647
    7.5000  -15.0000  -30.000012219.8555   17.2376
   -7.5000   -7.5000  -30.000013163.2705   17.3088
    0.0000   -7.5000  -30.000013720.9229   17.2754
    7.5000   -7.5000  -30.000012946.6523   17.2496
   -7.5000    0.0000  -30.000013791.1768   17.3525
    0.0000    0.0000  -30.000014387.8887   17.3204
    7.5000    0.0000  -30.000013573.6729   17.2947
   -7.5000    7.5000  -30.000013493.6123   17.3841
    0.0000    7.5000  -30.000014089.7500   17.3538
    7.5000    7.5000  -30.000013264.0605   17.3260
   -7.5000   15.0000  -30.000013058.6553   17.3783
    0.0000   15.0000  -30.000013638.7363   17.3481
    7.5000   15.0000  -30.000012806.3623   17.3177
   -7.5000   22.5000  -30.000012143.6016   17.3306
    0.0000   22.5000  -30.000012708.1797   17.2998
    7.5000   22.5000  -30.000011932.3066   17.2702
   -7.5000   30.0000  -30.000011143.1084   17.0681
    0.0000   30.0000  -30.000011683.1377   17.0362
    7.5000   30.0000  -30.000010970.7666   17.0095
   -7.5000   37.5000  -30.000010580.1875   17.0798
    0.0000   37.5000  -30.000011121.0615   17.0468
    7.5000   37.5000  -30.000010457.3428   17.0213
   -7.5000   45.0000  -30.0000 9617.1758   16.6987
    0.0000   45.0000  -30.000010110.4639   16.6678
    7.5000   45.0000  -30.0000 9545.7930   16.6432
   -7.5000  -45.0000  -22.5000 9872.9639   18.0903
    0.0000  -45.0000  -22.500010268.4883   18.0494
    7.5000  -45.0000  -22.5000 9706.6133   18.0192
   -7.5000  -37.5000  -22.500010566.4688   18.0013
    0.0000  -37.5000  -22.500010984.7949   17.9605
    7.5000  -37.5000  -22.500010378.7510   17.9281
   -7.5000  -30.0000  -22.500011589.0273   17.9711
    0.0000  -30.0000  -22.500012043.0205   17.9302
    7.5000  -30.0000  -22.500011364.9561   17.8952
   -7.5000  -22.5000  -22.500012542.2461   17.9289
    0.0000  -22.5000  -22.500013008.4434   17.8900
    7.5000  -22.5000  -22.500012270.2910   17.8572
   -7.5000  -15.0000  -22.500013457.2090   17.8950
    0.0000  -15.0000  -22.500013960.4844   17.8582
    7.5000  -15.0000  -22.500013146.3965   17.8290
   -7.5000   -7.5000  -22.500014255.5576   17.9094
    0.0000   -7.5000  -22.500014775.9482   17.8722
    7.5000   -7.5000  -22.500013897.9570   17.8439
   -7.5000    0.0000  -22.500014906.9111   17.9526
    0.0000    0.0000  -22.500015478.4424   17.9143
    7.5000    0.0000  -22.500014549.4365   17.8848
   -7.5000    7.5000  -22.500014514.6367   17.9804
    0.0000    7.5000  -22.500015097.8018   17.9404
    7.5000    7.5000  -22.500014173.5918   17.9079
   -7.5000   15.0000  -22.500013954.8330   17.9711
    0.0000   15.0000  -22.500014551.7646   17.9302
    7.5000   15.0000  -22.500013628.6592   17.8952
   -7.5000   22.5000  -22.500012974.4414   17.9234
    0.0000   22.5000  -22.500013555.9814   17.8845
    7.5000   22.5000  -22.500012695.5322   17.8517
   -7.5000   30.0000  -22.500011899.2031   17.6609
    0.0000   30.0000  -22.500012460.2197   17.6246
    7.5000   30.0000  -22.500011676.5684   17.5958
   -7.5000   37.5000  -22.500011303.6836   17.6751
    0.0000   37.5000  -22.500011844.4541   17.6384
    7.5000   37.5000  -22.500011121.7012   17.6105
   -7.5000   45.0000  -22.500010223.2031   17.2892
    0.0000   45.0000  -22.500010732.7627   17.2523
    7.5000   45.0000  -22.500010120.2217   17.2240
   -7.5000  -45.0000  -15.000010581.8008   18.5024
    0.0000  -45.0000  -15.000010981.8262   18.4590
    7.5000  -45.0000  -15.000010379.5977   18.4369
   -7.5000  -37.5000  -15.000011315.1211   18.4059
    0.0000  -37.5000  -15.000011741.2715   18.3613
    7.5000  -37.5000  -15.000011079.6094   18.3379
   -7.5000  -30.0000  -15.000012405.4873   18.3801
    0.0000  -30.0000  -15.000012867.4072   18.3344
    7.5000  -30.0000  -15.000012140.5127   18.3079
   -7.5000  -22.5000  -15.000013430.3301   18.3498
    0.0000  -22.5000  -15.000013905.2559   18.3059
    7.5000  -22.5000  -15.000013121.2764   18.2796
   -7.5000  -15.0000  -15.000014414.7705   18.3228
    0.0000  -15.0000  -15.000014900.4141   18.2819
    7.5000  -15.0000  -15.000014027.5391   18.2582
   -7.5000   -7.5000  -15.000015231.8447   18.3309
    0.0000   -7.5000  -15.000015745.0146   18.2911
    7.5000   -7.5000  -15.000014794.5684   18.2693
   -7.5000    0.0000  -15.000015944.6230   18.3623
    0.0000    0.0000  -15.000016496.5098   18.3214
    7.5000    0.0000  -15.000015476.7490   18.3000
   -7.5000    7.5000  -15.000015533.2910   18.3845
    0.0000    7.5000  -15.000016085.0332   18.3407
    7.5000    7.5000  -15.000015058.6045   18.3170
   -7.5000   15.0000  -15.000014905.8379   18.3801
    0.0000   15.0000  -15.000015457.7949   18.3344
    7.5000   15.0000  -15.000014475.4062   18.3079
   -7.5000   22.5000  -15.000013868.7646   18.3433
    0.0000   22.5000  -15.000014403.0020   18.2994
    7.5000   22.5000  -15.000013496.8730   18.2732
   -7.5000   30.0000  -15.000012678.7412   18.0856
    0.0000   30.0000  -15.000013228.9404   18.0453
    7.5000   30.0000  -15.000012406.1465   18.0219
   -7.5000   37.5000  -15.000011998.2998   18.0936
    0.0000   37.5000  -15.000012552.1689   18.0544
    7.5000   37.5000  -15.000011770.3672   18.0329
   -7.5000   45.0000  -15.000010832.8525   17.6944
    0.0000   45.0000  -15.000011352.8682   17.6551
    7.5000   45.0000  -15.000010670.2080   17.6344
   -7.5000  -45.0000   -7.500011301.5791   18.6937
    0.0000  -45.0000   -7.500011742.7344   18.6549
    7.5000  -45.0000   -7.500011116.1904   18.6451
   -7.5000  -37.5000   -7.500012071.9697   18.5957
    0.0000  -37.5000   -7.500012519.7705   18.5585
    7.5000  -37.5000   -7.500011835.6396   18.5495
   -7.5000  -30.0000   -7.500013231.4404   18.5784
    0.0000  -30.0000   -7.500013717.9102   18.5402
    7.5000  -30.0000   -7.500012974.3955   18.5275
   -7.5000  -22.5000   -7.500014364.8271   18.5576
    0.0000  -22.5000   -7.500014846.3926   18.5179
    7.5000  -22.5000   -7.500014023.4639   18.5023
   -7.5000  -15.0000   -7.500015388.5938   18.5319
    0.0000  -15.0000   -7.500015872.8174   18.4926
    7.5000  -15.0000   -7.500014970.7363   18.4769
   -7.5000   -7.5000   -7.500016188.3301   18.5309
    0.0000   -7.5000   -7.500016681.9512   18.4932
    7.5000   -7.5000   -7.500015753.8223   18.4805
   -7.5000    0.0000   -7.500016933.3340   18.5521
    0.0000    0.0000   -7.500017481.4785   18.5157
    7.5000    0.0000   -7.500016475.0195   18.5063
   -7.5000    7.5000   -7.500016515.6484   18.5738
    0.0000    7.5000   -7.500017056.0488   18.5374
    7.5000    7.5000   -7.500016037.5146   18.5280
   -7.5000   15.0000   -7.500015836.4961   18.5784
    0.0000   15.0000   -7.500016338.6436   18.5402
    7.5000   15.0000   -7.500015358.5693   18.5275
   -7.5000   22.5000   -7.500014736.8896   18.5490
    0.0000   22.5000   -7.500015238.7441   18.5094
    7.5000   22.5000   -7.500014305.6279   18.4937
   -7.5000   30.0000   -7.500013481.9004   18.2916
    0.0000   30.0000   -7.500014011.2949   18.2527
    7.5000   30.0000   -7.500013136.6533   18.2373
   -7.5000   37.5000   -7.500012720.3047   18.2906
    0.0000   37.5000   -7.500013275.9756   18.2533
    7.5000   37.5000   -7.500012457.8213   18.2408
   -7.5000   45.0000   -7.500011462.8613   17.8807
    0.0000   45.0000   -7.500011993.8613   17.8456
    7.5000   45.0000   -7.500011283.1426   17.8366
   -7.5000  -45.0000    0.000011923.8115   18.7284
    0.0000  -45.0000    0.000012417.2666   18.6958
    7.5000  -45.0000    0.000011779.2637   18.6898
   -7.5000  -37.5000    0.000012724.4590   18.6334
    0.0000  -37.5000    0.000013218.1133   18.6063
    7.5000  -37.5000    0.000012540.6104   18.6027
   -7.5000  -30.0000    0.000013967.5693   18.6192
    0.0000  -30.0000    0.000014479.4668   18.5922
    7.5000  -30.0000    0.000013768.6982   18.5853
   -7.5000  -22.5000    0.000015233.4990   18.5967
    0.0000  -22.5000    0.000015762.1270   18.5654
    7.5000  -22.5000    0.000014928.2129   18.5540
   -7.5000  -15.0000    0.000016348.0498   18.5673
    0.0000  -15.0000    0.000016871.6738   18.5322
    7.5000  -15.0000    0.000015927.8389   18.5188
   -7.5000   -7.5000    0.000017169.2383   18.5641
    0.0000   -7.5000    0.000017674.0996   18.5295
    7.5000   -7.5000    0.000016751.9980   18.5191
   -7.5000    0.0000    0.000017903.1484   18.5858
    0.0000    0.0000    0.000018458.6797   18.5555
    7.5000    0.0000    0.000017491.0254   18.5499
   -7.5000    7.5000    0.000017419.0332   18.6114
    0.0000    7.5000    0.000017988.9395   18.5849
    7.5000    7.5000    0.000017020.6055   18.5810
   -7.5000   15.0000    0.000016620.3672   18.6192
    0.0000   15.0000    0.000017168.7988   18.5922
    7.5000   15.0000    0.000016215.5566   18.5853
   -7.5000   22.5000    0.000015467.0674   18.5882
    0.0000   22.5000    0.000015994.1260   18.5569
    7.5000   22.5000    0.000015057.0361   18.5455
   -7.5000   30.0000    0.000014198.0674   18.3270
    0.0000   30.0000    0.000014728.9463   18.2924
    7.5000   30.0000    0.000013831.5889   18.2791
   -7.5000   37.5000    0.000013427.8643   18.3239
    0.0000   37.5000    0.000013987.5127   18.2897
    7.5000   37.5000    0.000013121.6572   18.2794
   -7.5000   45.0000    0.000012104.4414   17.9146
    0.0000   45.0000    0.000012638.4395   17.8854
    7.5000   45.0000    0.000011862.4854   17.8800
   -7.5000  -45.0000    7.500011646.5322   18.7515
    0.0000  -45.0000    7.500012155.1885   18.7190
    7.5000  -45.0000    7.500011529.2793   18.7034
   -7.5000  -37.5000    7.500012399.3008   18.6612
    0.0000  -37.5000    7.500012918.4531   18.6353
    7.5000  -37.5000    7.500012279.9102   18.6208
   -7.5000  -30.0000    7.500013641.8184   18.6416
    0.0000  -30.0000    7.500014212.2285   18.6165
    7.5000  -30.0000    7.500013518.5625   18.5990
   -7.5000  -22.5000    7.500015000.0469   18.6064
    0.0000  -22.5000    7.500015622.9775   18.5774
    7.5000  -22.5000    7.500014704.6875   18.5573
   -7.5000  -15.0000    7.500016131.9863   18.5698
    0.0000  -15.0000    7.500016710.0020   18.5363
    7.5000  -15.0000    7.500015759.1836   18.5157
   -7.5000   -7.5000    7.500016890.4648   18.5737
    0.0000   -7.5000    7.500017422.8379   18.5392
    7.5000   -7.5000    7.500016582.1602   18.5209
   -7.5000    0.0000    7.500017599.6465   18.6080
    0.0000    0.0000    7.500018182.6699   18.5779
    7.5000    0.0000    7.500017317.8027   18.5629
   -7.5000    7.5000    7.500017093.0430   18.6392
    0.0000    7.5000    7.500017687.8613   18.6140
    7.5000    7.5000    7.500016824.8828   18.5994
   -7.5000   15.0000    7.500016298.9824   18.6416
    0.0000   15.0000    7.500016841.5352   18.6165
    7.5000   15.0000    7.500015937.0957   18.5989
   -7.5000   22.5000    7.500015143.8076   18.5978
    0.0000   22.5000    7.500015661.5752   18.5689
    7.5000   22.5000    7.500014726.9678   18.5488
   -7.5000   30.0000    7.500013945.4941   18.3295
    0.0000   30.0000    7.500014435.0830   18.2964
    7.5000   30.0000    7.500013538.2363   18.2761
   -7.5000   37.5000    7.500013227.1260   18.3333
    0.0000   37.5000    7.500013731.3496   18.2993
    7.5000   37.5000    7.500012846.5928   18.2812
   -7.5000   45.0000    7.500011911.6172   17.9360
    0.0000   45.0000    7.500012383.3193   17.9070
    7.5000   45.0000    7.500011616.0244   17.8925
   -7.5000  -45.0000   15.000011157.7324   18.7774
    0.0000  -45.0000   15.000011684.8955   18.7404
    7.5000  -45.0000   15.000011085.5137   18.7121
   -7.5000  -37.5000   15.000011861.4854   18.6895
    0.0000  -37.5000   15.000012420.4170   18.6561
    7.5000  -37.5000   15.000011788.2266   18.6264
   -7.5000  -30.0000   15.000013004.8994   18.6615
    0.0000  -30.0000   15.000013639.7754   18.6290
    7.5000  -30.0000   15.000012954.3682   18.5963
   -7.5000  -22.5000   15.000014188.3105   18.6147
    0.0000  -22.5000   15.000014904.3730   18.5816
    7.5000  -22.5000   15.000014034.0244   18.5498
   -7.5000  -15.0000   15.000015286.0195   18.5741
    0.0000  -15.0000   15.000015954.5625   18.5394
    7.5000  -15.0000   15.000015030.5469   18.5103
   -7.5000   -7.5000   15.000016259.5176   18.5868
    0.0000   -7.5000   15.000016820.2188   18.5509
    7.5000   -7.5000   15.000015935.1406   18.5232
   -7.5000    0.0000   15.000017119.8945   18.6337
    0.0000    0.0000   15.000017609.6113   18.5992
    7.5000    0.0000   15.000016703.2695   18.5717
   -7.5000    7.5000   15.000016677.9277   18.6677
    0.0000    7.5000   15.000017111.8691   18.6351
    7.5000    7.5000   15.000016204.8574   18.6053
   -7.5000   15.0000   15.000015820.8008   18.6615
    0.0000   15.0000   15.000016232.7197   18.6290
    7.5000   15.0000   15.000015323.9834   18.5963
   -7.5000   22.5000   15.000014595.9697   18.6061
    0.0000   22.5000   15.000015032.7578   18.5730
    7.5000   22.5000   15.000014141.2158   18.5413
   -7.5000   30.0000   15.000013404.6494   18.3337
    0.0000   30.0000   15.000013855.0430   18.2995
    7.5000   30.0000   15.000013019.9316   18.2707
   -7.5000   37.5000   15.000012721.3252   18.3463
    0.0000   37.5000   15.000013197.4766   18.3108
    7.5000   37.5000   15.000012390.1182   18.2835
   -7.5000   45.0000   15.000011428.3145   17.9607
    0.0000   45.0000   15.000011880.9346   17.9275
    7.5000   45.0000   15.000011179.7900   17.9010
   -7.5000  -45.0000   22.500010623.0303   18.7797
    0.0000  -45.0000   22.500011145.9951   18.7373
    7.5000  -45.0000   22.500010525.7588   18.7059
   -7.5000  -37.5000   22.500011290.8438   18.6873
    0.0000  -37.5000   22.500011830.2881   18.6449
    7.5000  -37.5000   22.500011171.1221   18.6113
   -7.5000  -30.0000   22.500012366.7266   18.6560
    0.0000  -30.0000   22.500012960.7031   18.6136
    7.5000  -30.0000   22.500012240.7480   18.5772
   -7.5000  -22.5000   22.500013453.7490   18.6122
    0.0000  -22.5000   22.500014077.9668   18.5718
    7.5000  -22.5000   22.500013223.9863   18.5377
   -7.5000  -15.0000   22.500014514.6299   18.5770
    0.0000  -15.0000   22.500015118.5869   18.5387
    7.5000  -15.0000   22.500014188.2793   18.5084
   -7.5000   -7.5000   22.500015580.1494   18.5919
    0.0000   -7.5000   22.500016161.2070   18.5533
    7.5000   -7.5000   22.500015109.0742   18.5240
   -7.5000    0.0000   22.500016478.3281   18.6367
    0.0000    0.0000   22.500017083.6562   18.5970
    7.5000    0.0000   22.500015952.9238   18.5664
   -7.5000    7.5000   22.500015965.8516   18.6656
    0.0000    7.5000   22.500016498.5195   18.6241
    7.5000    7.5000   22.500015447.5566   18.5904
   -7.5000   15.0000   22.500015010.5049   18.6560
    0.0000   15.0000   22.500015488.4336   18.6136
    7.5000   15.0000   22.500014532.4082   18.5772
   -7.5000   22.5000   22.500013801.9873   18.6036
    0.0000   22.5000   22.500014265.6494   18.5632
    7.5000   22.5000   22.500013405.2031   18.5292
   -7.5000   30.0000   22.500012656.7109   18.3366
    0.0000   30.0000   22.500013115.2832   18.2988
    7.5000   30.0000   22.500012347.9297   18.2689
   -7.5000   37.5000   22.500012011.7568   18.3513
    0.0000   37.5000   22.500012482.7930   18.3132
    7.5000   37.5000   22.500011770.4307   18.2842
   -7.5000   45.0000   22.500010826.4277   17.9637
    0.0000   45.0000   22.500011247.7227   17.9254
    7.5000   45.0000   22.500010626.9727   17.8959
   -7.5000  -45.0000   30.000010001.0928   18.9011
    0.0000  -45.0000   30.000010428.8516   18.8564
    7.5000  -45.0000   30.0000 9828.4131   18.8337
   -7.5000  -37.5000   30.000010648.1309   18.8020
    0.0000  -37.5000   30.000011097.1357   18.7563
    7.5000  -37.5000   30.000010434.7861   18.7321
   -7.5000  -30.0000   30.000011703.1699   18.7756
    0.0000  -30.0000   30.000012188.3174   18.7286
    7.5000  -30.0000   30.000011461.7549   18.7012
   -7.5000  -22.5000   30.000012688.6562   18.7441
    0.0000  -22.5000   30.000013186.1426   18.6989
    7.5000  -22.5000   30.000012437.5811   18.6719
   -7.5000  -15.0000   30.000013588.8584   18.7160
    0.0000  -15.0000   30.000014118.9229   18.6739
    7.5000  -15.0000   30.000013347.9746   18.6495
   -7.5000   -7.5000   30.000014424.2402   18.7243
    0.0000   -7.5000   30.000015022.8438   18.6834
    7.5000   -7.5000   30.000014182.1846   18.6609
   -7.5000    0.0000   30.000015189.8125   18.7568
    0.0000    0.0000   30.000015842.2607   18.7148
    7.5000    0.0000   30.000014943.5898   18.6927
   -7.5000    7.5000   30.000014761.5000   18.7800
    0.0000    7.5000   30.000015373.3838   18.7351
    7.5000    7.5000   30.000014506.9736   18.7106
   -7.5000   15.0000   30.000013926.6680   18.7755
    0.0000   15.0000   30.000014459.3076   18.7286
    7.5000   15.0000   30.000013641.3027   18.7012
   -7.5000   22.5000   30.000012906.6738   18.7355
    0.0000   22.5000   30.000013361.6025   18.6903
    7.5000   22.5000   30.000012598.8896   18.6633
   -7.5000   30.0000   30.000011870.6084   18.4738
    0.0000   30.0000   30.000012295.5742   18.4322
    7.5000   30.0000   30.000011603.7109   18.4081
   -7.5000   37.5000   30.000011205.5811   18.4820
    0.0000   37.5000   30.000011641.0352   18.4416
    7.5000   37.5000   30.000011002.5117   18.4194
   -7.5000   45.0000   30.000010111.6543   18.0794
    0.0000   45.0000   30.000010509.0625   18.0389
    7.5000   45.0000   30.0000 9940.3564   18.0176
   -7.5000  -45.0000   37.5000 9599.5752   19.0358
    0.0000  -45.0000   37.500010018.0986   18.9957
    7.5000  -45.0000   37.5000 9489.2041   18.9856
   -7.5000  -37.5000   37.500010216.8633   18.9350
    0.0000  -37.5000   37.500010660.6553   18.8966
    7.5000  -37.5000   37.500010108.4580   18.8873
   -7.5000  -30.0000   37.500011192.8428   18.9176
    0.0000  -30.0000   37.500011673.7051   18.8782
    7.5000  -30.0000   37.500011091.1211   18.8650
   -7.5000  -22.5000   37.500012076.3516   18.8961
    0.0000  -22.5000   37.500012594.7266   18.8551
    7.5000  -22.5000   37.500011990.5908   18.8388
   -7.5000  -15.0000   37.500012895.8486   18.8692
    0.0000  -15.0000   37.500013465.8838   18.8285
    7.5000  -15.0000   37.500012843.0781   18.8123
   -7.5000   -7.5000   37.500013675.7080   18.8678
    0.0000   -7.5000   37.500014303.9502   18.8287
    7.5000   -7.5000   37.500013629.5547   18.8156
   -7.5000    0.0000   37.500014375.0508   18.8895
    0.0000    0.0000   37.500015045.5488   18.8519
    7.5000    0.0000   37.500014323.7676   18.8422
   -7.5000    7.5000   37.500013998.2002   18.9124
    0.0000    7.5000   37.500014623.1797   18.8748
    7.5000    7.5000   37.500013925.9961   18.8651
   -7.5000   15.0000   37.500013270.3145   18.9176
    0.0000   15.0000   37.500013826.8438   18.8782
    7.5000   15.0000   37.500013153.6260   18.8650
   -7.5000   22.5000   37.500012359.0986   18.8874
    0.0000   22.5000   37.500012852.6855   18.8464
    7.5000   22.5000   37.500012210.1797   18.8302
   -7.5000   30.0000   37.500011415.0352   18.6250
    0.0000   30.0000   37.500011868.6934   18.5849
    7.5000   30.0000   37.500011263.7598   18.5689
   -7.5000   37.5000   37.500010792.6650   18.6236
    0.0000   37.5000   37.500011231.1152   18.5850
    7.5000   37.5000   37.500010662.9453   18.5721
   -7.5000   45.0000   37.5000 9725.2236   18.2073
    0.0000   45.0000   37.500010115.4834   18.1711
    7.5000   45.0000   37.5000 9602.9346   18.1618
   -7.5000  -45.0000   45.0000 8774.3926   19.2879
    0.0000  -45.0000   45.0000 9197.8770   19.2539
    7.5000  -45.0000   45.0000 8772.1514   19.2471
   -7.5000  -37.5000   45.0000 9317.5576   19.1930
    0.0000  -37.5000   45.0000 9775.4561   19.1649
    7.5000  -37.5000   45.0000 9338.2422   19.1607
   -7.5000  -30.0000   45.000010196.7920   19.1803
    0.0000  -30.0000   45.000010680.1318   19.1523
    7.5000  -30.0000   45.000010213.6016   19.1446
   -7.5000  -22.5000   45.000010993.9766   19.1561
    0.0000  -22.5000   45.000011494.7520   19.1231
    7.5000  -22.5000   45.000011016.7383   19.1107
   -7.5000  -15.0000   45.000011723.4287   19.1244
    0.0000  -15.0000   45.000012262.9697   19.0873
    7.5000  -15.0000   45.000011765.9541   19.0726
   -7.5000   -7.5000   45.000012425.4619   19.1210
    0.0000   -7.5000   45.000013006.3438   19.0844
    7.5000   -7.5000   45.000012485.6797   19.0731
   -7.5000    0.0000   45.000013090.2080   19.1443
    0.0000    0.0000   45.000013714.9170   19.1126
    7.5000    0.0000   45.000013142.8311   19.1064
   -7.5000    7.5000   45.000012788.5283   19.1719
    0.0000    7.5000   45.000013377.9980   19.1445
    7.5000    7.5000   45.000012804.4795   19.1400
   -7.5000   15.0000   45.000012147.1787   19.1803
    0.0000   15.0000   45.000012676.3643   19.1522
    7.5000   15.0000   45.000012103.6816   19.1446
   -7.5000   22.5000   45.000011325.8926   19.1472
    0.0000   22.5000   45.000011801.4346   19.1143
    7.5000   22.5000   45.000011246.3516   19.1018
   -7.5000   30.0000   45.000010459.5312   18.8752
    0.0000   30.0000   45.000010910.4580   18.8386
    7.5000   30.0000   45.000010375.4336   18.8242
   -7.5000   37.5000   45.0000 9905.0234   18.8719
    0.0000   37.5000   45.000010341.0479   18.8358
    7.5000   37.5000   45.0000 9833.5508   18.8246
   -7.5000   45.0000   45.0000 8943.3477   18.4613
    0.0000   45.0000   45.0000 9313.6514   18.4307
    7.5000   45.0000   45.0000 8880.0332   18.4248

---------------------------------------------------------------------
imgreg_4dfp /opt/freesurfer/average/711-2C_as_mni_average_305 /opt/freesurfer/average/711-2B_as_mni_average_305_mask talsrcimg_g11 none talsrcimg_to_711-2C_as_mni_average_305_t4 4355
---------------------------------------------------------------------

freesurfer imgreg_4dfp.c
/opt/freesurfer/average/711-2C_as_mni_average_305.4dfp.img
       256       256       256         1
  1.000000  1.000000  1.000000
orientation T byte_order littleendian
Reading image: /opt/freesurfer/average/711-2C_as_mni_average_305.4dfp.img
dimensions:      256       256       256
mmppix:       1.0000   -1.0000   -1.0000
center:     128.0000 -129.0000 -129.0000
/opt/freesurfer/average/711-2B_as_mni_average_305_mask.4dfp.img
       256       256       256         1
  1.000000  1.000000  1.000000
orientation T byte_order littleendian
Reading mask: /opt/freesurfer/average/711-2B_as_mni_average_305_mask.4dfp.img (2306576 pixels)
talsrcimg_g11.4dfp.img
       256       256       256         1
  1.000000  1.000000  1.000000
orientation T byte_order littleendian
Reading image: talsrcimg_g11.4dfp.img
dimensions:      256       256       256
mmppix:       1.0000   -1.0000   -1.0000
center:     128.0000 -129.0000 -129.0000
rotation matrix determinant  1.000000
image alignment mode   4355 decimal     1103 hex
   -7.5000  -45.0000  -45.0000 2072.5801   22.2702
    0.0000  -45.0000  -45.0000 2081.0439   22.1363
    7.5000  -45.0000  -45.0000 2070.5125   22.2564
   -7.5000  -37.5000  -45.0000 2168.6497   20.6039
    0.0000  -37.5000  -45.0000 2175.9624   20.4926
    7.5000  -37.5000  -45.0000 2163.2151   20.5707
   -7.5000  -30.0000  -45.0000 2228.6721   19.3509
    0.0000  -30.0000  -45.0000 2234.2542   19.2493
    7.5000  -30.0000  -45.0000 2223.2388   19.3212
   -7.5000  -22.5000  -45.0000 2267.6101   18.3662
    0.0000  -22.5000  -45.0000 2271.5820   18.2631
    7.5000  -22.5000  -45.0000 2262.4961   18.3369
   -7.5000  -15.0000  -45.0000 2289.5496   17.7189
    0.0000  -15.0000  -45.0000 2293.5945   17.6093
    7.5000  -15.0000  -45.0000 2286.5164   17.6818
   -7.5000   -7.5000  -45.0000 2302.7114   17.4453
    0.0000   -7.5000  -45.0000 2309.5818   17.3307
    7.5000   -7.5000  -45.0000 2305.4321   17.4448
   -7.5000    0.0000  -45.0000 2304.1091   17.5141
    0.0000    0.0000  -45.0000 2312.5410   17.4098
    7.5000    0.0000  -45.0000 2304.2949   17.5456
   -7.5000    7.5000  -45.0000 2295.2852   17.8600
    0.0000    7.5000  -45.0000 2301.8975   17.7284
    7.5000    7.5000  -45.0000 2287.9885   17.9239
   -7.5000   15.0000  -45.0000 2265.9883   18.5304
    0.0000   15.0000  -45.0000 2272.9758   18.4097
    7.5000   15.0000  -45.0000 2259.6477   18.6362
   -7.5000   22.5000  -45.0000 2222.4670   19.6003
    0.0000   22.5000  -45.0000 2230.5156   19.4790
    7.5000   22.5000  -45.0000 2220.3643   19.7266
   -7.5000   30.0000  -45.0000 2163.4189   21.0627
    0.0000   30.0000  -45.0000 2171.0144   20.9546
    7.5000   30.0000  -45.0000 2157.5237   21.2798
   -7.5000   37.5000  -45.0000 2079.1123   23.0098
    0.0000   37.5000  -45.0000 2090.0193   22.8406
    7.5000   37.5000  -45.0000 2074.8723   23.2512
   -7.5000   45.0000  -45.0000 1981.7006   25.5602
    0.0000   45.0000  -45.0000 1984.2747   25.3497
    7.5000   45.0000  -45.0000 1975.2113   25.8080
   -7.5000  -45.0000  -37.5000 2160.8049   20.5296
    0.0000  -45.0000  -37.5000 2175.1836   20.4518
    7.5000  -45.0000  -37.5000 2161.0125   20.4493
   -7.5000  -37.5000  -37.5000 2267.3418   18.9599
    0.0000  -37.5000  -37.5000 2273.7815   18.9007
    7.5000  -37.5000  -37.5000 2256.8484   18.9333
   -7.5000  -30.0000  -37.5000 2327.7488   17.7970
    0.0000  -30.0000  -37.5000 2335.1362   17.7267
    7.5000  -30.0000  -37.5000 2316.5537   17.7419
   -7.5000  -22.5000  -37.5000 2370.6074   16.9023
    0.0000  -22.5000  -37.5000 2374.6003   16.8151
    7.5000  -22.5000  -37.5000 2353.0715   16.8118
   -7.5000  -15.0000  -37.5000 2388.5259   16.2867
    0.0000  -15.0000  -37.5000 2395.1853   16.1968
    7.5000  -15.0000  -37.5000 2376.5198   16.2157
   -7.5000   -7.5000  -37.5000 2394.4807   16.0251
    0.0000   -7.5000  -37.5000 2404.6384   15.9427
    7.5000   -7.5000  -37.5000 2392.5234   16.0043
   -7.5000    0.0000  -37.5000 2392.9609   16.0224
    0.0000    0.0000  -37.5000 2407.2512   15.9764
    7.5000    0.0000  -37.5000 2394.8430   16.0587
   -7.5000    7.5000  -37.5000 2391.1929   16.3518
    0.0000    7.5000  -37.5000 2405.5205   16.3022
    7.5000    7.5000  -37.5000 2395.1079   16.4210
   -7.5000   15.0000  -37.5000 2367.8816   17.0101
    0.0000   15.0000  -37.5000 2381.4573   16.9668
    7.5000   15.0000  -37.5000 2368.8450   17.1016
   -7.5000   22.5000  -37.5000 2323.1809   18.0564
    0.0000   22.5000  -37.5000 2337.0781   17.9383
    7.5000   22.5000  -37.5000 2324.9421   18.1320
   -7.5000   30.0000  -37.5000 2260.7847   19.4116
    0.0000   30.0000  -37.5000 2268.2168   19.3160
    7.5000   30.0000  -37.5000 2255.1199   19.5581
   -7.5000   37.5000  -37.5000 2171.2336   21.2324
    0.0000   37.5000  -37.5000 2180.9258   21.0980
    7.5000   37.5000  -37.5000 2164.2222   21.4000
   -7.5000   45.0000  -37.5000 2066.7222   23.6461
    0.0000   45.0000  -37.5000 2070.5583   23.4757
    7.5000   45.0000  -37.5000 2060.2197   23.8690
   -7.5000  -45.0000  -30.0000 2285.8850   19.7377
    0.0000  -45.0000  -30.0000 2297.6050   19.6492
    7.5000  -45.0000  -30.0000 2285.2214   19.6186
   -7.5000  -37.5000  -30.0000 2393.9333   18.1471
    0.0000  -37.5000  -30.0000 2402.7449   18.0930
    7.5000  -37.5000  -30.0000 2380.6792   18.0453
   -7.5000  -30.0000  -30.0000 2459.2688   16.9634
    0.0000  -30.0000  -30.0000 2463.1484   16.8984
    7.5000  -30.0000  -30.0000 2446.2410   16.8944
   -7.5000  -22.5000  -30.0000 2503.4546   16.1136
    0.0000  -22.5000  -30.0000 2511.2532   16.0486
    7.5000  -22.5000  -30.0000 2491.5178   16.0453
   -7.5000  -15.0000  -30.0000 2531.6895   15.5441
    0.0000  -15.0000  -30.0000 2542.6404   15.4741
    7.5000  -15.0000  -30.0000 2523.9805   15.4892
   -7.5000   -7.5000  -30.0000 2547.2766   15.2523
    0.0000   -7.5000  -30.0000 2557.4788   15.1851
    7.5000   -7.5000  -30.0000 2546.0276   15.2600
   -7.5000    0.0000  -30.0000 2547.2776   15.2925
    0.0000    0.0000  -30.0000 2566.4678   15.2326
    7.5000    0.0000  -30.0000 2550.2222   15.2968
   -7.5000    7.5000  -30.0000 2547.2004   15.6448
    0.0000    7.5000  -30.0000 2564.0715   15.5635
    7.5000    7.5000  -30.0000 2538.7026   15.6441
   -7.5000   15.0000  -30.0000 2522.8096   16.3193
    0.0000   15.0000  -30.0000 2537.5000   16.2641
    7.5000   15.0000  -30.0000 2513.6731   16.3322
   -7.5000   22.5000  -30.0000 2469.2131   17.2906
    0.0000   22.5000  -30.0000 2485.3220   17.2685
    7.5000   22.5000  -30.0000 2460.3706   17.3606
   -7.5000   30.0000  -30.0000 2393.9614   18.6218
    0.0000   30.0000  -30.0000 2404.1802   18.6117
    7.5000   30.0000  -30.0000 2377.8486   18.7350
   -7.5000   37.5000  -30.0000 2303.2109   20.4330
    0.0000   37.5000  -30.0000 2312.7793   20.3716
    7.5000   37.5000  -30.0000 2284.1946   20.5088
   -7.5000   45.0000  -30.0000 2183.8101   22.6870
    0.0000   45.0000  -30.0000 2193.0901   22.6199
    7.5000   45.0000  -30.0000 2171.3977   22.8458
   -7.5000  -45.0000  -22.5000 2385.1331   18.8866
    0.0000  -45.0000  -22.5000 2394.7720   18.7471
    7.5000  -45.0000  -22.5000 2369.8755   18.7046
   -7.5000  -37.5000  -22.5000 2490.6423   17.3129
    0.0000  -37.5000  -22.5000 2495.5061   17.2396
    7.5000  -37.5000  -22.5000 2471.5994   17.1962
   -7.5000  -30.0000  -22.5000 2559.0364   16.1480
    0.0000  -30.0000  -22.5000 2567.2268   16.0701
    7.5000  -30.0000  -22.5000 2544.0330   16.0272
   -7.5000  -22.5000  -22.5000 2613.1602   15.3132
    0.0000  -22.5000  -22.5000 2620.9561   15.2096
    7.5000  -22.5000  -22.5000 2604.2419   15.2268
   -7.5000  -15.0000  -22.5000 2660.1611   14.7583
    0.0000  -15.0000  -22.5000 2666.7683   14.6635
    7.5000  -15.0000  -22.5000 2648.7312   14.7181
   -7.5000   -7.5000  -22.5000 2687.0288   14.4801
    0.0000   -7.5000  -22.5000 2693.6111   14.3886
    7.5000   -7.5000  -22.5000 2673.9058   14.4486
   -7.5000    0.0000  -22.5000 2690.2136   14.5324
    0.0000    0.0000  -22.5000 2703.2458   14.4509
    7.5000    0.0000  -22.5000 2675.3381   14.4980
   -7.5000    7.5000  -22.5000 2680.9114   14.8797
    0.0000    7.5000  -22.5000 2695.5493   14.8142
    7.5000    7.5000  -22.5000 2660.7683   14.8795
   -7.5000   15.0000  -22.5000 2645.4612   15.5725
    0.0000   15.0000  -22.5000 2665.2471   15.5092
    7.5000   15.0000  -22.5000 2629.8179   15.5928
   -7.5000   22.5000  -22.5000 2587.7852   16.5182
    0.0000   22.5000  -22.5000 2604.9290   16.5054
    7.5000   22.5000  -22.5000 2570.2703   16.5701
   -7.5000   30.0000  -22.5000 2503.5798   17.7962
    0.0000   30.0000  -22.5000 2520.0864   17.7903
    7.5000   30.0000  -22.5000 2485.0642   17.9001
   -7.5000   37.5000  -22.5000 2404.5461   19.5191
    0.0000   37.5000  -22.5000 2416.8376   19.4969
    7.5000   37.5000  -22.5000 2384.6597   19.6207
   -7.5000   45.0000  -22.5000 2274.2373   21.7083
    0.0000   45.0000  -22.5000 2283.1443   21.6806
    7.5000   45.0000  -22.5000 2257.8428   21.8377
   -7.5000  -45.0000  -15.0000 2439.1382   18.1060
    0.0000  -45.0000  -15.0000 2449.4175   17.9310
    7.5000  -45.0000  -15.0000 2424.8572   18.0095
   -7.5000  -37.5000  -15.0000 2546.0867   16.5753
    0.0000  -37.5000  -15.0000 2553.1589   16.4155
    7.5000  -37.5000  -15.0000 2530.9514   16.4652
   -7.5000  -30.0000  -15.0000 2625.4753   15.4023
    0.0000  -30.0000  -15.0000 2634.7715   15.2782
    7.5000  -30.0000  -15.0000 2611.4504   15.2965
   -7.5000  -22.5000  -15.0000 2689.4646   14.5920
    0.0000  -22.5000  -15.0000 2696.3359   14.4629
    7.5000  -22.5000  -15.0000 2680.7498   14.4848
   -7.5000  -15.0000  -15.0000 2747.6294   14.0324
    0.0000  -15.0000  -15.0000 2752.0857   13.9128
    7.5000  -15.0000  -15.0000 2731.7051   13.9618
   -7.5000   -7.5000  -15.0000 2778.5466   13.7305
    0.0000   -7.5000  -15.0000 2786.1475   13.6369
    7.5000   -7.5000  -15.0000 2762.2261   13.7127
   -7.5000    0.0000  -15.0000 2785.2471   13.7875
    0.0000    0.0000  -15.0000 2797.1511   13.7050
    7.5000    0.0000  -15.0000 2768.0349   13.7914
   -7.5000    7.5000  -15.0000 2775.7346   14.1525
    0.0000    7.5000  -15.0000 2788.0952   14.0611
    7.5000    7.5000  -15.0000 2752.0347   14.1851
   -7.5000   15.0000  -15.0000 2733.3313   14.8586
    0.0000   15.0000  -15.0000 2748.0422   14.7796
    7.5000   15.0000  -15.0000 2714.1292   14.9048
   -7.5000   22.5000  -15.0000 2669.8699   15.8110
    0.0000   22.5000  -15.0000 2678.8647   15.7453
    7.5000   22.5000  -15.0000 2652.5957   15.8410
   -7.5000   30.0000  -15.0000 2576.0947   17.0639
    0.0000   30.0000  -15.0000 2589.2163   17.0110
    7.5000   30.0000  -15.0000 2561.4148   17.1380
   -7.5000   37.5000  -15.0000 2468.9897   18.6771
    0.0000   37.5000  -15.0000 2482.3042   18.6563
    7.5000   37.5000  -15.0000 2450.3494   18.8063
   -7.5000   45.0000  -15.0000 2334.7944   20.7508
    0.0000   45.0000  -15.0000 2343.2981   20.7320
    7.5000   45.0000  -15.0000 2315.7302   20.8934
   -7.5000  -45.0000   -7.5000 2469.5222   17.3950
    0.0000  -45.0000   -7.5000 2482.7664   17.2215
    7.5000  -45.0000   -7.5000 2464.2708   17.4172
   -7.5000  -37.5000   -7.5000 2580.2166   15.8567
    0.0000  -37.5000   -7.5000 2594.2292   15.6873
    7.5000  -37.5000   -7.5000 2574.7598   15.8740
   -7.5000  -30.0000   -7.5000 2668.7300   14.7090
    0.0000  -30.0000   -7.5000 2682.7375   14.5585
    7.5000  -30.0000   -7.5000 2664.2087   14.7012
   -7.5000  -22.5000   -7.5000 2749.9497   13.8973
    0.0000  -22.5000   -7.5000 2758.3420   13.7326
    7.5000  -22.5000   -7.5000 2740.6211   13.8609
   -7.5000  -15.0000   -7.5000 2815.6008   13.3698
    0.0000  -15.0000   -7.5000 2821.0608   13.2210
    7.5000  -15.0000   -7.5000 2801.3320   13.3362
   -7.5000   -7.5000   -7.5000 2846.2234   13.0349
    0.0000   -7.5000   -7.5000 2855.9131   12.9490
    7.5000   -7.5000   -7.5000 2833.0774   13.0854
   -7.5000    0.0000   -7.5000 2855.9170   13.0951
    0.0000    0.0000   -7.5000 2866.1104   13.0014
    7.5000    0.0000   -7.5000 2842.9814   13.1590
   -7.5000    7.5000   -7.5000 2846.2412   13.4861
    0.0000    7.5000   -7.5000 2858.0596   13.3850
    7.5000    7.5000   -7.5000 2825.4089   13.5635
   -7.5000   15.0000   -7.5000 2803.7292   14.1934
    0.0000   15.0000   -7.5000 2808.0554   14.0905
    7.5000   15.0000   -7.5000 2783.9482   14.2421
   -7.5000   22.5000   -7.5000 2730.9158   15.1350
    0.0000   22.5000   -7.5000 2734.1931   15.0370
    7.5000   22.5000   -7.5000 2712.3123   15.1725
   -7.5000   30.0000   -7.5000 2626.1860   16.3693
    0.0000   30.0000   -7.5000 2634.1074   16.2936
    7.5000   30.0000   -7.5000 2606.4656   16.4501
   -7.5000   37.5000   -7.5000 2509.1582   17.9580
    0.0000   37.5000   -7.5000 2520.0852   17.9008
    7.5000   37.5000   -7.5000 2494.1755   18.0727
   -7.5000   45.0000   -7.5000 2368.0552   19.9189
    0.0000   45.0000   -7.5000 2378.2705   19.8708
    7.5000   45.0000   -7.5000 2355.7498   20.0613
   -7.5000  -45.0000    0.0000 2480.3472   16.8416
    0.0000  -45.0000    0.0000 2496.0752   16.7313
    7.5000  -45.0000    0.0000 2486.9390   17.0704
   -7.5000  -37.5000    0.0000 2599.4153   15.3099
    0.0000  -37.5000    0.0000 2614.7378   15.1914
    7.5000  -37.5000    0.0000 2600.9441   15.5210
   -7.5000  -30.0000    0.0000 2699.8293   14.1711
    0.0000  -30.0000    0.0000 2714.0308   14.0296
    7.5000  -30.0000    0.0000 2700.9253   14.3470
   -7.5000  -22.5000    0.0000 2794.2048   13.3716
    0.0000  -22.5000    0.0000 2800.7766   13.2170
    7.5000  -22.5000    0.0000 2788.4944   13.5014
   -7.5000  -15.0000    0.0000 2869.4604   12.8668
    0.0000  -15.0000    0.0000 2877.7549   12.7025
    7.5000  -15.0000    0.0000 2855.5220   12.9640
   -7.5000   -7.5000    0.0000 2912.4854   12.5170
    0.0000   -7.5000    0.0000 2922.7612   12.3759
    7.5000   -7.5000    0.0000 2896.7727   12.6969
   -7.5000    0.0000    0.0000 2921.1560   12.5764
    0.0000    0.0000    0.0000 2927.1921   12.4399
    7.5000    0.0000    0.0000 2907.7891   12.7396
   -7.5000    7.5000    0.0000 2898.6423   12.9688
    0.0000    7.5000    0.0000 2908.7717   12.8588
    7.5000    7.5000    0.0000 2885.8828   13.1225
   -7.5000   15.0000    0.0000 2843.2356   13.6770
    0.0000   15.0000    0.0000 2853.5378   13.5795
    7.5000   15.0000    0.0000 2834.8789   13.8284
   -7.5000   22.5000    0.0000 2758.0901   14.6516
    0.0000   22.5000    0.0000 2768.8872   14.5712
    7.5000   22.5000    0.0000 2752.8167   14.8071
   -7.5000   30.0000    0.0000 2650.1221   15.8711
    0.0000   30.0000    0.0000 2665.9563   15.7948
    7.5000   30.0000    0.0000 2642.8506   16.0535
   -7.5000   37.5000    0.0000 2531.1685   17.3934
    0.0000   37.5000    0.0000 2549.8237   17.3507
    7.5000   37.5000    0.0000 2522.9385   17.5937
   -7.5000   45.0000    0.0000 2389.2996   19.2858
    0.0000   45.0000    0.0000 2401.8750   19.2672
    7.5000   45.0000    0.0000 2378.6243   19.4878
   -7.5000  -45.0000    7.5000 2484.2236   16.5933
    0.0000  -45.0000    7.5000 2506.6167   16.4876
    7.5000  -45.0000    7.5000 2499.1804   16.9374
   -7.5000  -37.5000    7.5000 2602.2651   15.0396
    0.0000  -37.5000    7.5000 2622.6313   14.9166
    7.5000  -37.5000    7.5000 2610.1892   15.3423
   -7.5000  -30.0000    7.5000 2709.9873   13.8878
    0.0000  -30.0000    7.5000 2729.9768   13.7524
    7.5000  -30.0000    7.5000 2719.5730   14.1530
   -7.5000  -22.5000    7.5000 2818.1982   13.0588
    0.0000  -22.5000    7.5000 2828.8853   12.9397
    7.5000  -22.5000    7.5000 2817.7112   13.2847
   -7.5000  -15.0000    7.5000 2905.3279   12.5783
    0.0000  -15.0000    7.5000 2921.4546   12.4266
    7.5000  -15.0000    7.5000 2893.3757   12.7376
   -7.5000   -7.5000    7.5000 2966.6775   12.2234
    0.0000   -7.5000    7.5000 2980.6533   12.0479
    7.5000   -7.5000    7.5000 2935.5376   12.4662
   -7.5000    0.0000    7.5000 2973.7656   12.2817
    0.0000    0.0000    7.5000 2981.0920   12.1297
    7.5000    0.0000    7.5000 2945.7322   12.5516
   -7.5000    7.5000    7.5000 2932.5737   12.7500
    0.0000    7.5000    7.5000 2944.9038   12.6224
    7.5000    7.5000    7.5000 2921.8611   12.9322
   -7.5000   15.0000    7.5000 2872.3228   13.4715
    0.0000   15.0000    7.5000 2882.9751   13.3558
    7.5000   15.0000    7.5000 2862.3906   13.6169
   -7.5000   22.5000    7.5000 2783.2705   14.4291
    0.0000   22.5000    7.5000 2795.0496   14.2991
    7.5000   22.5000    7.5000 2771.7100   14.5593
   -7.5000   30.0000    7.5000 2667.9287   15.6400
    0.0000   30.0000    7.5000 2681.6438   15.5163
    7.5000   30.0000    7.5000 2657.3533   15.7697
   -7.5000   37.5000    7.5000 2541.9053   17.1695
    0.0000   37.5000    7.5000 2558.7620   17.0868
    7.5000   37.5000    7.5000 2531.5327   17.3305
   -7.5000   45.0000    7.5000 2400.3132   19.0795
    0.0000   45.0000    7.5000 2412.6555   19.0016
    7.5000   45.0000    7.5000 2393.3430   19.2831
   -7.5000  -45.0000   15.0000 2479.2920   16.5398
    0.0000  -45.0000   15.0000 2501.2639   16.5160
    7.5000  -45.0000   15.0000 2490.3164   16.9465
   -7.5000  -37.5000   15.0000 2591.1228   15.0180
    0.0000  -37.5000   15.0000 2615.2178   14.9486
    7.5000  -37.5000   15.0000 2602.5579   15.3438
   -7.5000  -30.0000   15.0000 2696.4980   13.8387
    0.0000  -30.0000   15.0000 2724.4424   13.7589
    7.5000  -30.0000   15.0000 2716.6223   14.1520
   -7.5000  -22.5000   15.0000 2806.4612   12.9742
    0.0000  -22.5000   15.0000 2828.8582   12.8901
    7.5000  -22.5000   15.0000 2812.7527   13.2242
   -7.5000  -15.0000   15.0000 2899.9417   12.4726
    0.0000  -15.0000   15.0000 2922.3181   12.3448
    7.5000  -15.0000   15.0000 2885.9536   12.6571
   -7.5000   -7.5000   15.0000 2975.9856   12.2706
    0.0000   -7.5000   15.0000 2991.4656   12.1076
    7.5000   -7.5000   15.0000 2932.8477   12.4476
   -7.5000    0.0000   15.0000 2992.7349   12.4217
    0.0000    0.0000   15.0000 2998.3430   12.2268
    7.5000    0.0000   15.0000 2944.6387   12.5824
   -7.5000    7.5000   15.0000 2951.9075   12.8673
    0.0000    7.5000   15.0000 2957.4875   12.6718
    7.5000    7.5000   15.0000 2916.7222   12.9462
   -7.5000   15.0000   15.0000 2872.3506   13.5294
    0.0000   15.0000   15.0000 2880.2292   13.3389
    7.5000   15.0000   15.0000 2851.2415   13.5591
   -7.5000   22.5000   15.0000 2776.3325   14.4191
    0.0000   22.5000   15.0000 2786.6870   14.2442
    7.5000   22.5000   15.0000 2761.8411   14.4372
   -7.5000   30.0000   15.0000 2665.0996   15.5739
    0.0000   30.0000   15.0000 2675.4326   15.4659
    7.5000   30.0000   15.0000 2650.1270   15.6554
   -7.5000   37.5000   15.0000 2541.8411   17.1518
    0.0000   37.5000   15.0000 2555.7339   17.0817
    7.5000   37.5000   15.0000 2528.0801   17.2420
   -7.5000   45.0000   15.0000 2396.7300   19.1077
    0.0000   45.0000   15.0000 2409.2229   19.0609
    7.5000   45.0000   15.0000 2385.2869   19.2257
   -7.5000  -45.0000   22.5000 2469.2334   16.7737
    0.0000  -45.0000   22.5000 2496.2930   16.7767
    7.5000  -45.0000   22.5000 2484.5027   17.1868
   -7.5000  -37.5000   22.5000 2581.9358   15.2610
    0.0000  -37.5000   22.5000 2610.2485   15.2058
    7.5000  -37.5000   22.5000 2604.0767   15.5625
   -7.5000  -30.0000   22.5000 2692.1748   14.1396
    0.0000  -30.0000   22.5000 2719.5879   14.0629
    7.5000  -30.0000   22.5000 2713.2388   14.3668
   -7.5000  -22.5000   22.5000 2803.5332   13.3219
    0.0000  -22.5000   22.5000 2824.4763   13.2352
    7.5000  -22.5000   22.5000 2804.1304   13.4648
   -7.5000  -15.0000   22.5000 2897.7043   12.8249
    0.0000  -15.0000   22.5000 2918.4502   12.6882
    7.5000  -15.0000   22.5000 2875.8394   12.9437
   -7.5000   -7.5000   22.5000 2961.6599   12.6927
    0.0000   -7.5000   22.5000 2974.6819   12.5599
    7.5000   -7.5000   22.5000 2918.0303   12.7783
   -7.5000    0.0000   22.5000 2968.5508   12.8913
    0.0000    0.0000   22.5000 2985.3936   12.7880
    7.5000    0.0000   22.5000 2929.4763   12.9249
   -7.5000    7.5000   22.5000 2927.7166   13.2586
    0.0000    7.5000   22.5000 2939.1047   13.1562
    7.5000    7.5000   22.5000 2894.3613   13.2692
   -7.5000   15.0000   22.5000 2850.1687   13.8011
    0.0000   15.0000   22.5000 2863.0027   13.6940
    7.5000   15.0000   22.5000 2825.6353   13.8136
   -7.5000   22.5000   22.5000 2759.2527   14.5992
    0.0000   22.5000   22.5000 2767.7378   14.4923
    7.5000   22.5000   22.5000 2738.7246   14.6216
   -7.5000   30.0000   22.5000 2649.0576   15.7134
    0.0000   30.0000   22.5000 2657.4016   15.6152
    7.5000   30.0000   22.5000 2630.8455   15.7655
   -7.5000   37.5000   22.5000 2522.6035   17.2256
    0.0000   37.5000   22.5000 2534.5759   17.1546
    7.5000   37.5000   22.5000 2509.2810   17.3333
   -7.5000   45.0000   22.5000 2374.1145   19.1917
    0.0000   45.0000   22.5000 2382.4231   19.1301
    7.5000   45.0000   22.5000 2362.3596   19.3134
   -7.5000  -45.0000   30.0000 2468.3906   17.3264
    0.0000  -45.0000   30.0000 2484.8730   17.2636
    7.5000  -45.0000   30.0000 2467.8169   17.5764
   -7.5000  -37.5000   30.0000 2587.3042   15.8763
    0.0000  -37.5000   30.0000 2602.4983   15.7666
    7.5000  -37.5000   30.0000 2585.9775   16.0112
   -7.5000  -30.0000   30.0000 2694.2473   14.7748
    0.0000  -30.0000   30.0000 2712.4106   14.6792
    7.5000  -30.0000   30.0000 2695.4626   14.8910
   -7.5000  -22.5000   30.0000 2793.9526   13.9191
    0.0000  -22.5000   30.0000 2806.6084   13.8049
    7.5000  -22.5000   30.0000 2788.4712   14.0411
   -7.5000  -15.0000   30.0000 2868.5752   13.3623
    0.0000  -15.0000   30.0000 2883.2747   13.2255
    7.5000  -15.0000   30.0000 2853.7278   13.4942
   -7.5000   -7.5000   30.0000 2912.2798   13.1951
    0.0000   -7.5000   30.0000 2922.5706   13.1071
    7.5000   -7.5000   30.0000 2890.5317   13.3181
   -7.5000    0.0000   30.0000 2910.3679   13.3387
    0.0000    0.0000   30.0000 2927.7593   13.2468
    7.5000    0.0000   30.0000 2888.8989   13.4344
   -7.5000    7.5000   30.0000 2874.0090   13.7096
    0.0000    7.5000   30.0000 2885.1477   13.6180
    7.5000    7.5000   30.0000 2850.5051   13.7542
   -7.5000   15.0000   30.0000 2801.6863   14.2946
    0.0000   15.0000   30.0000 2813.3352   14.1939
    7.5000   15.0000   30.0000 2781.9426   14.3048
   -7.5000   22.5000   30.0000 2719.8250   15.1201
    0.0000   22.5000   30.0000 2726.8486   15.0250
    7.5000   22.5000   30.0000 2696.3306   15.1011
   -7.5000   30.0000   30.0000 2613.6248   16.1882
    0.0000   30.0000   30.0000 2619.2593   16.0755
    7.5000   30.0000   30.0000 2593.7957   16.1749
   -7.5000   37.5000   30.0000 2479.9282   17.6134
    0.0000   37.5000   30.0000 2492.4727   17.5088
    7.5000   37.5000   30.0000 2470.1235   17.6414
   -7.5000   45.0000   30.0000 2335.9229   19.5097
    0.0000   45.0000   30.0000 2347.8203   19.4517
    7.5000   45.0000   30.0000 2325.8110   19.5917
   -7.5000  -45.0000   37.5000 2450.2148   18.1803
    0.0000  -45.0000   37.5000 2461.8406   18.0749
    7.5000  -45.0000   37.5000 2439.6194   18.3460
   -7.5000  -37.5000   37.5000 2569.0774   16.6614
    0.0000  -37.5000   37.5000 2584.8848   16.5731
    7.5000  -37.5000   37.5000 2560.7178   16.8271
   -7.5000  -30.0000   37.5000 2671.0391   15.4915
    0.0000  -30.0000   37.5000 2687.7314   15.4033
    7.5000  -30.0000   37.5000 2666.8154   15.6568
   -7.5000  -22.5000   37.5000 2763.4082   14.6151
    0.0000  -22.5000   37.5000 2774.7749   14.4915
    7.5000  -22.5000   37.5000 2754.1907   14.7756
   -7.5000  -15.0000   37.5000 2822.7834   14.0317
    0.0000  -15.0000   37.5000 2834.1489   13.9342
    7.5000  -15.0000   37.5000 2812.5544   14.1996
   -7.5000   -7.5000   37.5000 2851.7263   13.8453
    0.0000   -7.5000   37.5000 2859.1025   13.7580
    7.5000   -7.5000   37.5000 2836.4417   14.0071
   -7.5000    0.0000   37.5000 2838.2092   13.9277
    0.0000    0.0000   37.5000 2852.6184   13.8520
    7.5000    0.0000   37.5000 2820.3987   14.0716
   -7.5000    7.5000   37.5000 2798.9539   14.3021
    0.0000    7.5000   37.5000 2813.5291   14.2030
    7.5000    7.5000   37.5000 2782.5454   14.3930
   -7.5000   15.0000   37.5000 2733.7629   14.9118
    0.0000   15.0000   37.5000 2746.6021   14.7908
    7.5000   15.0000   37.5000 2721.6455   14.9788
   -7.5000   22.5000   37.5000 2656.8613   15.7651
    0.0000   22.5000   37.5000 2665.7781   15.6426
    7.5000   22.5000   37.5000 2640.8711   15.7792
   -7.5000   30.0000   37.5000 2557.0483   16.8707
    0.0000   30.0000   37.5000 2565.3838   16.7499
    7.5000   30.0000   37.5000 2540.2444   16.8687
   -7.5000   37.5000   37.5000 2431.4998   18.3059
    0.0000   37.5000   37.5000 2445.1716   18.1942
    7.5000   37.5000   37.5000 2417.1672   18.3403
   -7.5000   45.0000   37.5000 2294.0923   20.1708
    0.0000   45.0000   37.5000 2304.9150   20.0675
    7.5000   45.0000   37.5000 2277.5425   20.2719
   -7.5000  -45.0000   45.0000 2411.1052   19.0954
    0.0000  -45.0000   45.0000 2424.7324   19.0047
    7.5000  -45.0000   45.0000 2397.7817   19.2902
   -7.5000  -37.5000   45.0000 2523.7524   17.5236
    0.0000  -37.5000   45.0000 2543.8650   17.4222
    7.5000  -37.5000   45.0000 2518.3057   17.7443
   -7.5000  -30.0000   45.0000 2622.9119   16.3204
    0.0000  -30.0000   45.0000 2642.0564   16.2413
    7.5000  -30.0000   45.0000 2617.2310   16.5324
   -7.5000  -22.5000   45.0000 2704.0142   15.4551
    0.0000  -22.5000   45.0000 2717.9834   15.3372
    7.5000  -22.5000   45.0000 2694.9001   15.6399
   -7.5000  -15.0000   45.0000 2750.2910   14.8790
    0.0000  -15.0000   45.0000 2760.4224   14.7973
    7.5000  -15.0000   45.0000 2743.0903   15.0383
   -7.5000   -7.5000   45.0000 2767.2461   14.6708
    0.0000   -7.5000   45.0000 2775.8301   14.5997
    7.5000   -7.5000   45.0000 2760.6235   14.8232
   -7.5000    0.0000   45.0000 2752.1790   14.7046
    0.0000    0.0000   45.0000 2768.9465   14.6518
    7.5000    0.0000   45.0000 2745.4993   14.8620
   -7.5000    7.5000   45.0000 2716.4111   15.0767
    0.0000    7.5000   45.0000 2729.4104   15.0203
    7.5000    7.5000   45.0000 2705.7373   15.2150
   -7.5000   15.0000   45.0000 2657.0920   15.7281
    0.0000   15.0000   45.0000 2668.2900   15.6182
    7.5000   15.0000   45.0000 2644.1016   15.7989
   -7.5000   22.5000   45.0000 2584.6616   16.5753
    0.0000   22.5000   45.0000 2588.8125   16.4513
    7.5000   22.5000   45.0000 2566.7446   16.6085
   -7.5000   30.0000   45.0000 2488.2310   17.6896
    0.0000   30.0000   45.0000 2494.7117   17.5978
    7.5000   30.0000   45.0000 2467.2434   17.7352
   -7.5000   37.5000   45.0000 2369.8870   19.1928
    0.0000   37.5000   45.0000 2380.9563   19.0980
    7.5000   37.5000   45.0000 2352.1345   19.2426
   -7.5000   45.0000   45.0000 2237.1785   21.1323
    0.0000   45.0000   45.0000 2245.8159   21.0377
    7.5000   45.0000   45.0000 2225.6494   21.2204

---------------------------------------------------------------------
imgreg_4dfp /opt/freesurfer/average/711-2C_as_mni_average_305 /opt/freesurfer/average/711-2B_as_mni_average_305_mask talsrcimg_g11 none talsrcimg_to_711-2C_as_mni_average_305_t4 1283
---------------------------------------------------------------------

freesurfer imgreg_4dfp.c
/opt/freesurfer/average/711-2C_as_mni_average_305.4dfp.img
       256       256       256         1
  1.000000  1.000000  1.000000
orientation T byte_order littleendian
Reading image: /opt/freesurfer/average/711-2C_as_mni_average_305.4dfp.img
dimensions:      256       256       256
mmppix:       1.0000   -1.0000   -1.0000
center:     128.0000 -129.0000 -129.0000
/opt/freesurfer/average/711-2B_as_mni_average_305_mask.4dfp.img
       256       256       256         1
  1.000000  1.000000  1.000000
orientation T byte_order littleendian
Reading mask: /opt/freesurfer/average/711-2B_as_mni_average_305_mask.4dfp.img (2306576 pixels)
talsrcimg_g11.4dfp.img
       256       256       256         1
  1.000000  1.000000  1.000000
orientation T byte_order littleendian
Reading image: talsrcimg_g11.4dfp.img
dimensions:      256       256       256
mmppix:       1.0000   -1.0000   -1.0000
center:     128.0000 -129.0000 -129.0000
rotation matrix determinant  1.000000
fimgreg.f
image alignment mode   1283 decimal      503 hex
parameters
    0.0000    0.0000   15.0000    0.0000    0.0000    0.0000
eta,q 0.94193 12.28477
niter,ni,del,rscale     5    3   12.0000    1.2000
parameter  1  0.539430 ->  0.500000 qaram    1.1500
parameter  2  0.627554 ->  0.500000 qaram    1.1500
parameter  4 -0.679727 -> -0.500000 qaram    1.1500
parameter  6  0.970168 ->  0.500000 qaram    1.1500
parameters
   -3.4500   -3.4500   15.7842    3.4500    0.8075   -3.4500
eta,q 0.94765 12.01814
  0.0619  0.0584  0.0621  0.0650  0.0623  0.0523
  0.0597  0.0566  0.0583  0.0618  0.0581  0.0522
  0.0606  0.0571  0.0558  0.0593  0.0555  0.0531
  0.0615  0.0593  0.0563  0.0570  0.0549  0.0552
  0.0649  0.0626  0.0591  0.0553  0.0557  0.0584
  0.0710  0.0661  0.0590  0.0549  0.0564  0.0621
  0.0747  0.0707  0.0579  0.0559  0.0588  0.0655
niter,ni,del,rscale     7    3   12.0000    1.2000
parameters
   -2.9990   -4.4015   16.6349    4.3039    0.7357   -6.0675
eta,q 0.94675 12.07737
  0.0726  0.0623  0.0581  0.0633  0.0581  0.0546
  0.0616  0.0557  0.0546  0.0579  0.0543  0.0535
  0.0520  0.0526  0.0525  0.0544  0.0533  0.0532
  0.0524  0.0526  0.0522  0.0534  0.0536  0.0536
  0.0536  0.0556  0.0551  0.0541  0.0536  0.0552
  0.0577  0.0615  0.0549  0.0561  0.0548  0.0577
  0.0672  0.0683  0.0542  0.0587  0.0580  0.0613
niter,ni,del,rscale     6    3   12.0000    1.2000
parameters
   -3.1431   -4.6779   16.9627    4.6013    1.3824   -6.4764
eta,q 0.94629 12.09060
  0.0687  0.0642  0.0562  0.0611  0.0596  0.0570
  0.0575  0.0569  0.0540  0.0557  0.0555  0.0548
  0.0517  0.0537  0.0523  0.0536  0.0536  0.0538
  0.0532  0.0532  0.0532  0.0536  0.0537  0.0537
  0.0540  0.0543  0.0547  0.0544  0.0535  0.0539
  0.0587  0.0591  0.0530  0.0563  0.0542  0.0554
  0.0694  0.0656  0.0552  0.0587  0.0571  0.0579
niter,ni,del,rscale     5    3   12.0000    1.2000
parameters
   -3.3733   -4.6827   16.4862    4.4003    1.4684   -6.0701
eta,q 0.94709 12.04988
  0.0681  0.0657  0.0558  0.0595  0.0583  0.0574
  0.0567  0.0580  0.0536  0.0545  0.0542  0.0548
  0.0520  0.0542  0.0523  0.0527  0.0530  0.0533
  0.0537  0.0536  0.0536  0.0530  0.0530  0.0530
  0.0543  0.0544  0.0547  0.0541  0.0527  0.0529
  0.0588  0.0588  0.0534  0.0562  0.0543  0.0540
  0.0694  0.0652  0.0566  0.0591  0.0578  0.0565
niter,ni,del,rscale     4    3   12.0000    1.2000
parameters
   -3.3714   -4.6900   16.6411    4.4520    1.3898   -6.1392
eta,q 0.94691 12.06426
  0.0694  0.0654  0.0564  0.0602  0.0579  0.0569
  0.0577  0.0575  0.0536  0.0549  0.0540  0.0545
  0.0518  0.0537  0.0521  0.0529  0.0530  0.0534
  0.0529  0.0529  0.0529  0.0531  0.0531  0.0531
  0.0535  0.0538  0.0547  0.0540  0.0530  0.0532
  0.0581  0.0583  0.0535  0.0560  0.0546  0.0546
  0.0685  0.0648  0.0551  0.0588  0.0580  0.0572
niter,ni,del,rscale     3    3   12.0000    1.2000
parameters
   -3.3610   -4.6869   16.6438    4.4532    1.4011   -6.1504
eta,q 0.94690 12.06422
  0.0694  0.0655  0.0562  0.0601  0.0582  0.0570
  0.0578  0.0576  0.0537  0.0548  0.0542  0.0546
  0.0518  0.0538  0.0522  0.0529  0.0530  0.0534
  0.0531  0.0531  0.0531  0.0531  0.0531  0.0531
  0.0537  0.0540  0.0547  0.0541  0.0529  0.0532
  0.0580  0.0584  0.0534  0.0561  0.0545  0.0545
  0.0685  0.0649  0.0555  0.0589  0.0579  0.0571
registration optimization eta report
parameter search radius
    6.9000    6.9000    6.0000    6.9000    6.0000    6.9000
100000*second partial in parameter space
       36.       26.        8.       14.       15.        9.
  0.0694  0.0655  0.0562  0.0601  0.0582  0.0570
  0.0578  0.0576  0.0537  0.0548  0.0542  0.0546
  0.0518  0.0538  0.0522  0.0529  0.0530  0.0534
  0.0531  0.0531  0.0531  0.0531  0.0531  0.0531
  0.0537  0.0540  0.0547  0.0541  0.0529  0.0532
  0.0580  0.0584  0.0534  0.0561  0.0545  0.0545
  0.0685  0.0649  0.0555  0.0589  0.0579  0.0571
   -3.3610   -4.6869   16.6438    4.4532    1.4011   -6.1504
eta,q 0.94690 12.06422

---------------------------------------------------------------------
imgreg_4dfp /opt/freesurfer/average/711-2C_as_mni_average_305 /opt/freesurfer/average/711-2B_as_mni_average_305_mask talsrcimg_g11 none talsrcimg_to_711-2C_as_mni_average_305_t4 3335
---------------------------------------------------------------------

freesurfer imgreg_4dfp.c
/opt/freesurfer/average/711-2C_as_mni_average_305.4dfp.img
       256       256       256         1
  1.000000  1.000000  1.000000
orientation T byte_order littleendian
Reading image: /opt/freesurfer/average/711-2C_as_mni_average_305.4dfp.img
dimensions:      256       256       256
mmppix:       1.0000   -1.0000   -1.0000
center:     128.0000 -129.0000 -129.0000
/opt/freesurfer/average/711-2B_as_mni_average_305_mask.4dfp.img
       256       256       256         1
  1.000000  1.000000  1.000000
orientation T byte_order littleendian
Reading mask: /opt/freesurfer/average/711-2B_as_mni_average_305_mask.4dfp.img (2306576 pixels)
talsrcimg_g11.4dfp.img
       256       256       256         1
  1.000000  1.000000  1.000000
orientation T byte_order littleendian
Reading image: talsrcimg_g11.4dfp.img
dimensions:      256       256       256
mmppix:       1.0000   -1.0000   -1.0000
center:     128.0000 -129.0000 -129.0000
fimgreg.f
image alignment mode   3335 decimal      D07 hex
parameters
   -3.3610   -4.6869   16.6438   -0.6053   -0.8554   -0.3317
   10.4927   -3.2555  -10.7106   -7.4586    2.4451    7.7621
eta,q 0.95338 12.19634
niter,ni,del,rscale     5    3    5.0000    1.2000
parameter  4  2.059061 ->  0.500000 qaram    1.1500
parameter  5  1.670666 ->  0.500000 qaram    1.1500
parameter  6  0.866659 ->  0.500000 qaram    1.1500
parameter 12  1.105623 ->  0.500000 qaram    1.1500
parameters
   -3.2849   -4.4731   16.8871   -4.7453   -4.9954   -4.4717
    7.7364   -2.3803   -9.4418   -8.1982    0.6396    3.6221
eta,q 0.96772 11.96228
  0.0495  0.0492  0.0485  0.0371  0.0339  0.0324  0.0342  0.0409  0.0357  0.0354  0.0336  0.0320
  0.0480  0.0479  0.0476  0.0382  0.0352  0.0333  0.0334  0.0370  0.0345  0.0341  0.0332  0.0322
  0.0471  0.0470  0.0470  0.0415  0.0369  0.0343  0.0332  0.0343  0.0336  0.0333  0.0330  0.0325
  0.0466  0.0466  0.0466  0.0465  0.0389  0.0357  0.0336  0.0332  0.0331  0.0331  0.0330  0.0330
  0.0468  0.0468  0.0466  0.0520  0.0416  0.0390  0.0345  0.0334  0.0331  0.0335  0.0333  0.0336
  0.0476  0.0474  0.0470  0.0577  0.0449  0.0448  0.0359  0.0350  0.0336  0.0347  0.0339  0.0345
  0.0493  0.0484  0.0480  0.0623  0.0483  0.0491  0.0378  0.0378  0.0344  0.0367  0.0347  0.0356
niter,ni,del,rscale     7    3    5.0000    1.2000
parameter  2  0.867862 ->  0.500000 qaram    1.1500
parameter  3  5.690743 ->  0.500000 qaram    1.1500
parameter  5  0.776385 ->  0.500000 qaram    1.3225
parameters
   -3.2382   -5.8531   15.5071   -8.1490   -9.7564   -6.6473
    8.5230   -2.7516   -9.6948   -9.2426    0.3463    1.0321
eta,q 0.97651 11.77162
  0.0364  0.0311  0.0240  0.0280  0.0244  0.0265  0.0269  0.0280  0.0257  0.0260  0.0247  0.0242
  0.0342  0.0311  0.0259  0.0268  0.0238  0.0248  0.0254  0.0253  0.0245  0.0245  0.0240  0.0237
  0.0328  0.0315  0.0283  0.0260  0.0244  0.0238  0.0243  0.0239  0.0238  0.0237  0.0237  0.0235
  0.0323  0.0323  0.0311  0.0265  0.0261  0.0238  0.0237  0.0237  0.0236  0.0236  0.0236  0.0236
  0.0326  0.0335  0.0341  0.0298  0.0284  0.0254  0.0238  0.0245  0.0239  0.0243  0.0238  0.0241
  0.0340  0.0350  0.0370  0.0351  0.0311  0.0284  0.0245  0.0262  0.0247  0.0258  0.0242  0.0250
  0.0361  0.0368  0.0396  0.0414  0.0344  0.0336  0.0259  0.0288  0.0260  0.0279  0.0248  0.0263
niter,ni,del,rscale     7    3    5.0000    1.2000
parameter  3  1.290364 ->  0.500000 qaram    1.3225
parameters
   -2.8406   -5.8774   13.9201   -7.7511  -10.0322   -7.0385
    8.5095   -2.1672   -9.6514   -8.6235    0.9628    0.5358
eta,q 0.97914 11.78989
  0.0280  0.0269  0.0200  0.0262  0.0260  0.0255  0.0239  0.0278  0.0232  0.0249  0.0225  0.0223
  0.0259  0.0249  0.0206  0.0242  0.0234  0.0238  0.0224  0.0240  0.0220  0.0228  0.0216  0.0215
  0.0243  0.0237  0.0217  0.0224  0.0215  0.0221  0.0213  0.0216  0.0212  0.0215  0.0211  0.0210
  0.0235  0.0234  0.0234  0.0209  0.0207  0.0207  0.0209  0.0209  0.0209  0.0209  0.0209  0.0209
  0.0234  0.0238  0.0254  0.0205  0.0216  0.0203  0.0212  0.0214  0.0211  0.0211  0.0210  0.0211
  0.0242  0.0251  0.0280  0.0226  0.0239  0.0227  0.0223  0.0230  0.0219  0.0221  0.0213  0.0217
  0.0258  0.0269  0.0310  0.0263  0.0266  0.0288  0.0240  0.0256  0.0232  0.0237  0.0220  0.0227
niter,ni,del,rscale     7    3    5.0000    1.2000
parameter  3  0.611581 ->  0.500000 qaram    1.5209
parameters
   -2.8476   -5.6896   12.0951   -7.4323   -9.4535   -7.6500
    8.5837   -1.7537   -9.7462   -8.0801    2.7975   -0.5551
eta,q 0.98028 11.80429
  0.0246  0.0253  0.0202  0.0254  0.0260  0.0246  0.0230  0.0270  0.0222  0.0243  0.0219  0.0211
  0.0226  0.0230  0.0197  0.0232  0.0232  0.0227  0.0214  0.0232  0.0209  0.0219  0.0209  0.0202
  0.0214  0.0215  0.0200  0.0213  0.0209  0.0211  0.0204  0.0207  0.0201  0.0205  0.0203  0.0198
  0.0209  0.0209  0.0209  0.0197  0.0196  0.0195  0.0199  0.0199  0.0199  0.0199  0.0199  0.0198
  0.0212  0.0212  0.0224  0.0195  0.0201  0.0192  0.0202  0.0204  0.0202  0.0202  0.0198  0.0201
  0.0225  0.0223  0.0246  0.0218  0.0222  0.0224  0.0212  0.0223  0.0210  0.0213  0.0200  0.0209
  0.0248  0.0242  0.0273  0.0256  0.0248  0.0287  0.0230  0.0255  0.0223  0.0231  0.0206  0.0220
niter,ni,del,rscale     7    3    5.0000    1.2000
parameters
   -2.7802   -5.5088   11.8054   -7.4359   -9.2426   -7.7569
    8.7843   -1.9245  -10.1357   -7.6237    3.1226   -0.9249
eta,q 0.98035 11.80794
  0.0239  0.0243  0.0234  0.0251  0.0258  0.0249  0.0229  0.0259  0.0218  0.0242  0.0213  0.0214
  0.0217  0.0219  0.0210  0.0230  0.0230  0.0230  0.0213  0.0223  0.0206  0.0217  0.0204  0.0204
  0.0203  0.0203  0.0198  0.0211  0.0207  0.0212  0.0202  0.0202  0.0199  0.0202  0.0199  0.0198
  0.0197  0.0197  0.0197  0.0196  0.0196  0.0196  0.0197  0.0197  0.0197  0.0197  0.0197  0.0197
  0.0200  0.0200  0.0205  0.0197  0.0204  0.0190  0.0199  0.0205  0.0201  0.0200  0.0197  0.0199
  0.0213  0.0212  0.0221  0.0222  0.0226  0.0215  0.0210  0.0228  0.0209  0.0212  0.0202  0.0206
  0.0236  0.0232  0.0245  0.0261  0.0253  0.0272  0.0227  0.0265  0.0223  0.0230  0.0211  0.0217
niter,ni,del,rscale     6    3    5.0000    1.2000
parameters
   -2.7936   -5.4357   11.7354   -7.4482   -9.1965   -7.7943
    8.8766   -1.9986  -10.2418   -7.4633    3.2349   -1.0388
eta,q 0.98033 11.80815
  0.0236  0.0239  0.0239  0.0251  0.0256  0.0250  0.0228  0.0260  0.0220  0.0238  0.0212  0.0215
  0.0215  0.0216  0.0213  0.0230  0.0229  0.0230  0.0212  0.0225  0.0207  0.0214  0.0204  0.0204
  0.0202  0.0202  0.0199  0.0211  0.0207  0.0213  0.0201  0.0203  0.0199  0.0201  0.0199  0.0198
  0.0197  0.0197  0.0197  0.0196  0.0197  0.0196  0.0197  0.0197  0.0197  0.0197  0.0197  0.0197
  0.0201  0.0201  0.0203  0.0197  0.0205  0.0189  0.0200  0.0204  0.0200  0.0201  0.0198  0.0199
  0.0215  0.0214  0.0218  0.0223  0.0228  0.0214  0.0210  0.0227  0.0208  0.0214  0.0203  0.0206
  0.0238  0.0235  0.0240  0.0261  0.0256  0.0270  0.0228  0.0263  0.0221  0.0233  0.0212  0.0216
niter,ni,del,rscale     5    3    5.0000    1.2000
parameters
   -2.8030   -5.4091   11.7117   -7.4466   -9.1860   -7.8086
    8.8962   -2.0294  -10.2779   -7.4065    3.2669   -1.0795
eta,q 0.98033 11.80819
  0.0237  0.0238  0.0240  0.0251  0.0256  0.0250  0.0228  0.0261  0.0220  0.0237  0.0212  0.0216
  0.0215  0.0216  0.0214  0.0230  0.0229  0.0231  0.0212  0.0225  0.0207  0.0214  0.0204  0.0205
  0.0202  0.0201  0.0200  0.0212  0.0207  0.0213  0.0201  0.0203  0.0199  0.0200  0.0199  0.0199
  0.0197  0.0197  0.0197  0.0197  0.0197  0.0197  0.0197  0.0197  0.0197  0.0197  0.0197  0.0197
  0.0201  0.0202  0.0203  0.0197  0.0206  0.0189  0.0200  0.0204  0.0200  0.0202  0.0198  0.0199
  0.0215  0.0215  0.0217  0.0223  0.0228  0.0214  0.0211  0.0226  0.0208  0.0215  0.0203  0.0205
  0.0238  0.0236  0.0239  0.0261  0.0256  0.0270  0.0228  0.0262  0.0221  0.0234  0.0213  0.0215
registration optimization eta report
parameter search radius
    2.4000    2.7600    3.6501    8.2800    9.5220    8.2800
    7.2000    7.2000    7.2000    7.2000    7.2000    8.2800
100000*second partial in parameter space
       71.       53.       32.        9.        6.        9.
        6.       13.        5.        7.        3.        3.
  0.0237  0.0238  0.0240  0.0251  0.0256  0.0250  0.0228  0.0261  0.0220  0.0237  0.0212  0.0216
  0.0215  0.0216  0.0214  0.0230  0.0229  0.0231  0.0212  0.0225  0.0207  0.0214  0.0204  0.0205
  0.0202  0.0201  0.0200  0.0212  0.0207  0.0213  0.0201  0.0203  0.0199  0.0200  0.0199  0.0199
  0.0197  0.0197  0.0197  0.0197  0.0197  0.0197  0.0197  0.0197  0.0197  0.0197  0.0197  0.0197
  0.0201  0.0202  0.0203  0.0197  0.0206  0.0189  0.0200  0.0204  0.0200  0.0202  0.0198  0.0199
  0.0215  0.0215  0.0217  0.0223  0.0228  0.0214  0.0211  0.0226  0.0208  0.0215  0.0203  0.0205
  0.0238  0.0236  0.0239  0.0261  0.0256  0.0270  0.0228  0.0262  0.0221  0.0234  0.0213  0.0215
   -2.8030   -5.4091   11.7117   -7.4466   -9.1860   -7.8086
    8.8962   -2.0294  -10.2779   -7.4065    3.2669   -1.0795
eta,q 0.98033 11.80819

---------------------------------------------------------------------
imgreg_4dfp /opt/freesurfer/average/711-2C_as_mni_average_305 /opt/freesurfer/average/711-2B_as_mni_average_305_mask talsrcimg_g11 none talsrcimg_to_711-2C_as_mni_average_305_t4 2311
---------------------------------------------------------------------

freesurfer imgreg_4dfp.c
/opt/freesurfer/average/711-2C_as_mni_average_305.4dfp.img
       256       256       256         1
  1.000000  1.000000  1.000000
orientation T byte_order littleendian
Reading image: /opt/freesurfer/average/711-2C_as_mni_average_305.4dfp.img
dimensions:      256       256       256
mmppix:       1.0000   -1.0000   -1.0000
center:     128.0000 -129.0000 -129.0000
/opt/freesurfer/average/711-2B_as_mni_average_305_mask.4dfp.img
       256       256       256         1
  1.000000  1.000000  1.000000
orientation T byte_order littleendian
Reading mask: /opt/freesurfer/average/711-2B_as_mni_average_305_mask.4dfp.img (2306576 pixels)
talsrcimg_g11.4dfp.img
       256       256       256         1
  1.000000  1.000000  1.000000
orientation T byte_order littleendian
Reading image: talsrcimg_g11.4dfp.img
dimensions:      256       256       256
mmppix:       1.0000   -1.0000   -1.0000
center:     128.0000 -129.0000 -129.0000
fimgreg.f
image alignment mode   2311 decimal      907 hex
parameters
   -2.8030   -5.4091   11.7117   -7.4466   -9.1860   -7.8086
    8.8962   -2.0294  -10.2779   -7.4065    3.2669   -1.0795
eta,q 0.98033 11.80819
niter,ni,del,rscale     5    3    5.0000    0.8000
parameters
   -2.7685   -5.4271   11.5556   -6.6766   -9.2272   -6.4581
    8.8327   -1.9884  -10.0499   -7.1346    3.0236   -1.1169
eta,q 0.98113 11.85475
  0.0216  0.0211  0.0203  0.0225  0.0214  0.0223  0.0204  0.0228  0.0202  0.0212  0.0198  0.0196
  0.0206  0.0203  0.0199  0.0214  0.0204  0.0213  0.0196  0.0207  0.0195  0.0200  0.0193  0.0192
  0.0199  0.0198  0.0197  0.0204  0.0197  0.0204  0.0191  0.0193  0.0191  0.0192  0.0189  0.0189
  0.0197  0.0197  0.0197  0.0197  0.0195  0.0195  0.0189  0.0189  0.0189  0.0189  0.0189  0.0189
  0.0198  0.0199  0.0198  0.0194  0.0197  0.0188  0.0190  0.0193  0.0190  0.0191  0.0190  0.0190
  0.0204  0.0203  0.0201  0.0200  0.0204  0.0191  0.0196  0.0206  0.0193  0.0197  0.0194  0.0192
  0.0215  0.0211  0.0206  0.0215  0.0215  0.0206  0.0205  0.0227  0.0199  0.0207  0.0200  0.0197
niter,ni,del,rscale     4    3    5.0000    0.7000
parameters
   -2.8625   -5.4582   11.8543   -6.6654   -9.3158   -6.2456
    8.8584   -2.0600  -10.0346   -7.2341    2.7660   -0.9731
eta,q 0.98125 11.86183
  0.0203  0.0200  0.0202  0.0210  0.0204  0.0212  0.0200  0.0216  0.0197  0.0203  0.0194  0.0194
  0.0195  0.0193  0.0195  0.0201  0.0196  0.0204  0.0193  0.0200  0.0192  0.0194  0.0190  0.0190
  0.0190  0.0190  0.0191  0.0193  0.0190  0.0195  0.0189  0.0190  0.0189  0.0189  0.0188  0.0188
  0.0189  0.0189  0.0189  0.0188  0.0188  0.0188  0.0188  0.0188  0.0188  0.0187  0.0188  0.0188
  0.0191  0.0190  0.0188  0.0189  0.0190  0.0187  0.0189  0.0191  0.0189  0.0190  0.0189  0.0188
  0.0197  0.0194  0.0190  0.0198  0.0196  0.0195  0.0193  0.0202  0.0192  0.0195  0.0192  0.0190
  0.0208  0.0201  0.0194  0.0213  0.0206  0.0213  0.0200  0.0218  0.0196  0.0204  0.0196  0.0193
niter,ni,del,rscale     3    3    5.0000    0.6000
parameters
   -2.9017   -5.4902   11.9378   -6.5450   -9.3563   -5.9946
    8.8313   -2.0746   -9.9660   -7.2841    2.6069   -0.9008
eta,q 0.98134 11.86796
  0.0199  0.0196  0.0195  0.0205  0.0199  0.0207  0.0196  0.0210  0.0194  0.0198  0.0192  0.0191
  0.0193  0.0191  0.0191  0.0198  0.0193  0.0200  0.0191  0.0197  0.0190  0.0192  0.0189  0.0189
  0.0189  0.0188  0.0189  0.0191  0.0189  0.0193  0.0188  0.0189  0.0188  0.0188  0.0187  0.0187
  0.0188  0.0187  0.0187  0.0187  0.0187  0.0187  0.0187  0.0187  0.0187  0.0187  0.0187  0.0187
  0.0189  0.0189  0.0188  0.0188  0.0189  0.0187  0.0188  0.0189  0.0187  0.0188  0.0187  0.0187
  0.0193  0.0192  0.0190  0.0194  0.0193  0.0193  0.0191  0.0197  0.0189  0.0192  0.0190  0.0189
  0.0201  0.0197  0.0193  0.0205  0.0200  0.0206  0.0196  0.0209  0.0193  0.0199  0.0193  0.0191
niter,ni,del,rscale     2    3    5.0000    0.5000
parameters
   -2.9319   -5.5157   12.0196   -6.4487   -9.3849   -5.7725
    8.7986   -2.0991   -9.9110   -7.3054    2.4920   -0.8628
eta,q 0.98139 11.87286
  0.0195  0.0192  0.0192  0.0200  0.0195  0.0202  0.0192  0.0203  0.0191  0.0195  0.0190  0.0189
  0.0190  0.0189  0.0189  0.0194  0.0191  0.0196  0.0189  0.0193  0.0188  0.0190  0.0188  0.0188
  0.0188  0.0187  0.0187  0.0189  0.0188  0.0190  0.0187  0.0188  0.0187  0.0187  0.0187  0.0187
  0.0187  0.0187  0.0187  0.0187  0.0186  0.0187  0.0186  0.0186  0.0186  0.0186  0.0186  0.0186
  0.0188  0.0187  0.0187  0.0187  0.0187  0.0187  0.0187  0.0188  0.0187  0.0187  0.0187  0.0186
  0.0191  0.0190  0.0188  0.0191  0.0191  0.0191  0.0189  0.0194  0.0188  0.0190  0.0188  0.0187
  0.0196  0.0193  0.0191  0.0200  0.0196  0.0200  0.0193  0.0203  0.0191  0.0195  0.0191  0.0189
niter,ni,del,rscale     1    3    5.0000    0.4000
parameters
   -2.9597   -5.5310   12.0906   -6.3693   -9.4094   -5.6031
    8.7825   -2.1274   -9.8812   -7.3259    2.4036   -0.8315
eta,q 0.98142 11.87650
  0.0191  0.0190  0.0190  0.0195  0.0192  0.0197  0.0190  0.0197  0.0189  0.0191  0.0189  0.0188
  0.0188  0.0188  0.0188  0.0191  0.0189  0.0193  0.0188  0.0190  0.0187  0.0188  0.0187  0.0187
  0.0187  0.0186  0.0187  0.0188  0.0187  0.0188  0.0186  0.0187  0.0186  0.0186  0.0186  0.0186
  0.0186  0.0186  0.0186  0.0186  0.0186  0.0186  0.0186  0.0186  0.0186  0.0186  0.0186  0.0186
  0.0187  0.0187  0.0186  0.0186  0.0187  0.0186  0.0186  0.0187  0.0186  0.0187  0.0186  0.0186
  0.0189  0.0188  0.0187  0.0189  0.0189  0.0190  0.0188  0.0191  0.0187  0.0188  0.0187  0.0187
  0.0192  0.0190  0.0189  0.0195  0.0192  0.0196  0.0190  0.0197  0.0189  0.0191  0.0189  0.0188
registration optimization eta report
parameter search radius
    0.8000    0.8000    0.8000    2.4000    2.4000    2.4000
    2.4000    2.4000    2.4000    2.4000    2.4000    2.4000
100000*second partial in parameter space
       89.       61.       51.       15.       10.       18.
        7.       19.        5.       10.        5.        4.
  0.0191  0.0190  0.0190  0.0195  0.0192  0.0197  0.0190  0.0197  0.0189  0.0191  0.0189  0.0188
  0.0188  0.0188  0.0188  0.0191  0.0189  0.0193  0.0188  0.0190  0.0187  0.0188  0.0187  0.0187
  0.0187  0.0186  0.0187  0.0188  0.0187  0.0188  0.0186  0.0187  0.0186  0.0186  0.0186  0.0186
  0.0186  0.0186  0.0186  0.0186  0.0186  0.0186  0.0186  0.0186  0.0186  0.0186  0.0186  0.0186
  0.0187  0.0187  0.0186  0.0186  0.0187  0.0186  0.0186  0.0187  0.0186  0.0187  0.0186  0.0186
  0.0189  0.0188  0.0187  0.0189  0.0189  0.0190  0.0188  0.0191  0.0187  0.0188  0.0187  0.0187
  0.0192  0.0190  0.0189  0.0195  0.0192  0.0196  0.0190  0.0197  0.0189  0.0191  0.0189  0.0188
   -2.9597   -5.5310   12.0906   -6.3693   -9.4094   -5.6031
    8.7825   -2.1274   -9.8812   -7.3259    2.4036   -0.8315
eta,q 0.98142 11.87650

---------------------------------------------------------------------
imgreg_4dfp /opt/freesurfer/average/711-2C_as_mni_average_305 /opt/freesurfer/average/711-2B_as_mni_average_305_mask talsrcimg_g11 none talsrcimg_to_711-2C_as_mni_average_305_t4 2311
---------------------------------------------------------------------

freesurfer imgreg_4dfp.c
/opt/freesurfer/average/711-2C_as_mni_average_305.4dfp.img
       256       256       256         1
  1.000000  1.000000  1.000000
orientation T byte_order littleendian
Reading image: /opt/freesurfer/average/711-2C_as_mni_average_305.4dfp.img
dimensions:      256       256       256
mmppix:       1.0000   -1.0000   -1.0000
center:     128.0000 -129.0000 -129.0000
/opt/freesurfer/average/711-2B_as_mni_average_305_mask.4dfp.img
       256       256       256         1
  1.000000  1.000000  1.000000
orientation T byte_order littleendian
Reading mask: /opt/freesurfer/average/711-2B_as_mni_average_305_mask.4dfp.img (2306576 pixels)
talsrcimg_g11.4dfp.img
       256       256       256         1
  1.000000  1.000000  1.000000
orientation T byte_order littleendian
Reading image: talsrcimg_g11.4dfp.img
dimensions:      256       256       256
mmppix:       1.0000   -1.0000   -1.0000
center:     128.0000 -129.0000 -129.0000
fimgreg.f
image alignment mode   2311 decimal      907 hex
parameters
   -2.9597   -5.5310   12.0906   -6.3693   -9.4094   -5.6031
    8.7825   -2.1274   -9.8812   -7.3259    2.4036   -0.8315
eta,q 0.98142 11.87650
niter,ni,del,rscale     5    3    5.0000    0.8000
parameters
   -3.0086   -5.5383   12.1635   -6.8055   -9.4740   -6.1235
    8.8413   -2.1137   -9.9554   -7.4702    2.4652   -0.7558
eta,q 0.98124 11.86217
  0.0207  0.0201  0.0200  0.0210  0.0206  0.0212  0.0203  0.0225  0.0199  0.0206  0.0198  0.0195
  0.0195  0.0193  0.0193  0.0199  0.0196  0.0203  0.0195  0.0204  0.0193  0.0195  0.0192  0.0191
  0.0188  0.0188  0.0188  0.0190  0.0189  0.0193  0.0190  0.0191  0.0189  0.0189  0.0189  0.0189
  0.0186  0.0186  0.0186  0.0186  0.0186  0.0186  0.0188  0.0188  0.0188  0.0188  0.0188  0.0188
  0.0189  0.0188  0.0187  0.0190  0.0189  0.0190  0.0189  0.0192  0.0189  0.0191  0.0189  0.0188
  0.0197  0.0193  0.0191  0.0204  0.0196  0.0205  0.0194  0.0204  0.0193  0.0198  0.0192  0.0191
  0.0210  0.0201  0.0198  0.0226  0.0208  0.0237  0.0203  0.0224  0.0199  0.0208  0.0197  0.0195
niter,ni,del,rscale     4    3    5.0000    0.7000
parameters
   -2.9266   -5.5310   12.0066   -6.6616   -9.4128   -6.1164
    8.7957   -2.0384   -9.9262   -7.4227    2.5372   -0.8221
eta,q 0.98129 11.86368
  0.0205  0.0199  0.0195  0.0210  0.0204  0.0210  0.0199  0.0218  0.0196  0.0203  0.0195  0.0193
  0.0196  0.0193  0.0190  0.0201  0.0196  0.0202  0.0192  0.0201  0.0191  0.0194  0.0191  0.0190
  0.0190  0.0189  0.0188  0.0193  0.0190  0.0194  0.0188  0.0190  0.0188  0.0189  0.0188  0.0188
  0.0188  0.0187  0.0188  0.0187  0.0187  0.0187  0.0187  0.0187  0.0187  0.0187  0.0187  0.0187
  0.0189  0.0189  0.0189  0.0188  0.0189  0.0187  0.0188  0.0190  0.0188  0.0189  0.0188  0.0188
  0.0193  0.0193  0.0193  0.0195  0.0194  0.0196  0.0193  0.0200  0.0191  0.0194  0.0190  0.0190
  0.0202  0.0199  0.0198  0.0210  0.0203  0.0216  0.0200  0.0215  0.0196  0.0202  0.0195  0.0193
niter,ni,del,rscale     3    3    5.0000    0.6000
parameters
   -2.9147   -5.5237   11.9963   -6.5420   -9.3897   -5.9509
    8.7952   -2.0468   -9.9182   -7.3584    2.5108   -0.8469
eta,q 0.98135 11.86858
  0.0199  0.0196  0.0194  0.0205  0.0199  0.0206  0.0195  0.0209  0.0193  0.0199  0.0193  0.0191
  0.0193  0.0191  0.0190  0.0197  0.0193  0.0199  0.0191  0.0196  0.0190  0.0192  0.0189  0.0188
  0.0189  0.0188  0.0188  0.0191  0.0189  0.0192  0.0188  0.0189  0.0187  0.0188  0.0187  0.0187
  0.0187  0.0187  0.0187  0.0187  0.0187  0.0187  0.0186  0.0187  0.0187  0.0187  0.0187  0.0187
  0.0188  0.0188  0.0188  0.0187  0.0188  0.0187  0.0187  0.0189  0.0187  0.0188  0.0187  0.0187
  0.0192  0.0191  0.0190  0.0193  0.0192  0.0193  0.0190  0.0197  0.0190  0.0192  0.0189  0.0189
  0.0199  0.0196  0.0194  0.0205  0.0199  0.0207  0.0196  0.0209  0.0193  0.0198  0.0193  0.0191
niter,ni,del,rscale     2    3    5.0000    0.5000
parameters
   -2.9330   -5.5280   12.0377   -6.4490   -9.3947   -5.7577
    8.7877   -2.0802   -9.8930   -7.3332    2.4429   -0.8451
eta,q 0.98139 11.87304
  0.0195  0.0192  0.0192  0.0200  0.0195  0.0202  0.0192  0.0202  0.0191  0.0195  0.0190  0.0189
  0.0190  0.0189  0.0189  0.0194  0.0191  0.0196  0.0189  0.0193  0.0188  0.0190  0.0188  0.0188
  0.0187  0.0187  0.0187  0.0189  0.0188  0.0190  0.0187  0.0188  0.0187  0.0187  0.0186  0.0186
  0.0186  0.0187  0.0187  0.0187  0.0186  0.0186  0.0186  0.0186  0.0186  0.0186  0.0186  0.0186
  0.0188  0.0187  0.0187  0.0187  0.0187  0.0187  0.0187  0.0188  0.0187  0.0187  0.0187  0.0186
  0.0191  0.0189  0.0189  0.0191  0.0190  0.0191  0.0189  0.0194  0.0188  0.0190  0.0188  0.0188
  0.0196  0.0193  0.0191  0.0200  0.0196  0.0200  0.0192  0.0203  0.0191  0.0194  0.0191  0.0189
niter,ni,del,rscale     1    3    5.0000    0.4000
parameters
   -2.9572   -5.5350   12.0962   -6.3740   -9.4101   -5.5987
    8.7742   -2.1145   -9.8570   -7.3397    2.3804   -0.8254
eta,q 0.98142 11.87636
  0.0191  0.0190  0.0190  0.0195  0.0192  0.0197  0.0190  0.0197  0.0189  0.0191  0.0189  0.0188
  0.0188  0.0188  0.0188  0.0191  0.0189  0.0193  0.0188  0.0190  0.0187  0.0188  0.0187  0.0187
  0.0187  0.0186  0.0187  0.0188  0.0187  0.0188  0.0186  0.0187  0.0186  0.0186  0.0186  0.0186
  0.0186  0.0186  0.0186  0.0186  0.0186  0.0186  0.0186  0.0186  0.0186  0.0186  0.0186  0.0186
  0.0187  0.0187  0.0186  0.0186  0.0187  0.0186  0.0186  0.0187  0.0186  0.0186  0.0186  0.0186
  0.0189  0.0188  0.0187  0.0189  0.0189  0.0190  0.0188  0.0191  0.0187  0.0188  0.0187  0.0187
  0.0192  0.0190  0.0189  0.0195  0.0192  0.0196  0.0190  0.0197  0.0189  0.0191  0.0189  0.0188
registration optimization eta report
parameter search radius
    0.8000    0.8000    0.8000    2.4000    2.4000    2.4000
    2.4000    2.4000    2.4000    2.4000    2.4000    2.4000
100000*second partial in parameter space
       89.       61.       51.       15.       10.       18.
        7.       19.        5.       10.        5.        4.
  0.0191  0.0190  0.0190  0.0195  0.0192  0.0197  0.0190  0.0197  0.0189  0.0191  0.0189  0.0188
  0.0188  0.0188  0.0188  0.0191  0.0189  0.0193  0.0188  0.0190  0.0187  0.0188  0.0187  0.0187
  0.0187  0.0186  0.0187  0.0188  0.0187  0.0188  0.0186  0.0187  0.0186  0.0186  0.0186  0.0186
  0.0186  0.0186  0.0186  0.0186  0.0186  0.0186  0.0186  0.0186  0.0186  0.0186  0.0186  0.0186
  0.0187  0.0187  0.0186  0.0186  0.0187  0.0186  0.0186  0.0187  0.0186  0.0186  0.0186  0.0186
  0.0189  0.0188  0.0187  0.0189  0.0189  0.0190  0.0188  0.0191  0.0187  0.0188  0.0187  0.0187
  0.0192  0.0190  0.0189  0.0195  0.0192  0.0196  0.0190  0.0197  0.0189  0.0191  0.0189  0.0188
   -2.9572   -5.5350   12.0962   -6.3740   -9.4101   -5.5987
    8.7742   -2.1145   -9.8570   -7.3397    2.3804   -0.8254
eta,q 0.98142 11.87636

---------------------------------------------------------------------
compute_vox2vox talsrcimg talsrcimg_to_711-2C_as_mni_average_305_t4 /opt/freesurfer/average/711-2C_as_mni_average_305
---------------------------------------------------------------------

freesurfer compute_vox2vox.c
Reading: talsrcimg.4dfp.ifh
Reading: talsrcimg_to_711-2C_as_mni_average_305_t4
Reading: /opt/freesurfer/average/711-2C_as_mni_average_305.4dfp.ifh
Writing: talsrcimg_to_711-2C_as_mni_average_305_t4_vox2vox.txt

start time Thu Mar 12 12:47:32 CET 2026
end		time Thu Mar 12 12:48:58 CET 2026

mpr2mni305 success

avi2talxfm orig_nu.mgz /opt/freesurfer/average/mni305.cor.mgz talsrcimg_to_711-2C_as_mni_average_305_t4_vox2vox.txt transforms/talairach.auto.xfm
avi2talxfm done
mv -f /out/sourcedata/freesurfer/sub-v1s19x0051301_ses-1/mri/talsrcimg_to_711-2C_as_mni_average_305_t4_vox2vox.txt /out/sourcedata/freesurfer/sub-v1s19x0051301_ses-1/mri/transforms/talsrcimg_to_711-2C_as_mni_average_305_t4_vox2vox.txt
lta_convert --src orig_nu.mgz --trg /opt/freesurfer/average/mni305.cor.mgz --inxfm transforms/talairach.auto.xfm --outlta transforms/talairach.auto.xfm.lta --subject fsaverage
7.3.2

--src: orig_nu.mgz src image (geometry).
--trg: /opt/freesurfer/average/mni305.cor.mgz trg image (geometry).
--inmni: transforms/talairach.auto.xfm input MNI/XFM transform.
--outlta: transforms/talairach.auto.xfm.lta output LTA.
--s: fsaverage subject name
 LTA read, type : 1
 1.05692   0.01573  -0.10223  -2.33673;
-0.02566   1.05968   0.01214  -14.39290;
 0.11292   0.08757   1.09374  -0.30630;
 0.00000   0.00000   0.00000   1.00000;
setting subject to fsaverage
Writing  LTA to file transforms/talairach.auto.xfm.lta...
lta_convert successful.
 
 
Started at Thu Mar 12 12:47:32 CET 2026
Ended   at Thu Mar 12 12:48:58 CET 2026
talairach_avi done
