0a1b5dfd-bac2-42fe-83d1-a4cb50972a86 oesteban@dna078:/tmp/59535535/oesteban/bootstrap-fmriprep/59535535_245/project/derivatives/v1s19 timestamp=1773313916.54332827s
2b329c00-ca62-4e91-bd07-98108554735e oesteban@dna050:/tmp/59535702/oesteban/bootstrap-fmriprep/59535702_247/project/derivatives/v1s19 timestamp=1773314678.354975104s
2b56db19-cea0-48f5-b2f7-467c66f87c9b oesteban@Mac:~/workspace/abide_preproc/derivatives/v1s19 timestamp=1772959736s
393c9e74-32be-4d03-8985-565fb4f49cc9 oesteban@dna035:/tmp/59541357/oesteban/bootstrap-fmriprep/59541357_265/project/derivatives/v1s19 timestamp=1773319861.943513406s
4d7429b1-43d5-461c-81d5-200e484ba1d1 oesteban@dna069:/tmp/59535719/oesteban/bootstrap-fmriprep/59535719_249/project/derivatives/v1s19 timestamp=1773315002.022703424s
5a7a2086-4b25-4843-9317-80ee6370e14c oesteban@dna073:/tmp/59537132/oesteban/bootstrap-fmriprep/59537132_261/project/derivatives/v1s19 timestamp=1773317800.716961685s
5c116d3a-6b25-4a25-836d-e5956a29a43f oesteban@dna056:/tmp/59535534/oesteban/bootstrap-fmriprep/59535534_244/project/derivatives/v1s19 timestamp=1773313803.467868509s
700fbb5c-a423-4275-ab4f-4f29bc66a8d8 oesteban@dna067:/tmp/59535872/oesteban/bootstrap-fmriprep/59535872_254/project/derivatives/v1s19 timestamp=1773315809.754558765s
7484bef0-e9f2-42b2-aafe-0eaed53fc943 oesteban@dna086:/tmp/59537004/oesteban/bootstrap-fmriprep/59537004_259/project/derivatives/v1s19 timestamp=1773317017.307737163s
772ca6f1-9063-4a19-9c7a-53aaa3f3ee6e oesteban@dna068:/tmp/59536990/oesteban/bootstrap-fmriprep/59536990_258/project/derivatives/v1s19 timestamp=1773316799.705492865s
7c409308-e7fb-46c9-81ea-0a3a2f14a60c git@0cf3a9a26dcd:/data/repos/abide-fmriprep/v1s19.git timestamp=1773036710.766124423s
7e929685-f100-4ae6-9fe1-a6e9c037360f oesteban@dna072:/tmp/59535774/oesteban/bootstrap-fmriprep/59535774_252/project/derivatives/v1s19 timestamp=1773315553.048547739s
8a909777-dc9b-4444-be0f-e2e9db4d103e oesteban@dna006:/tmp/59535880/oesteban/bootstrap-fmriprep/59535880_255/project/derivatives/v1s19 timestamp=1773315923.45894917s
8b1f8c34-2c0f-4e3d-bd20-593ab0061f2e oesteban@dna038:/tmp/59535536/oesteban/bootstrap-fmriprep/59535536_246/project/derivatives/v1s19 timestamp=1773313951.671042308s
99008e83-bdec-4452-802f-a0a4a61748e6 oesteban@dna010:/tmp/59536983/oesteban/bootstrap-fmriprep/59536983_256/project/derivatives/v1s19 timestamp=1773316744.212776867s
9cb2d837-6ee2-4bf0-a433-b2e01b7a4039 oesteban@dna078:/tmp/59418883/oesteban/bootstrap-fmriprep/59418883_303/project/derivatives/v1s19 timestamp=1773036708.618747195s
a1d6707e-14a0-4d76-b09b-b66505054d9d oesteban@dna034:/tmp/59537030/oesteban/bootstrap-fmriprep/59537030_260/project/derivatives/v1s19 timestamp=1773317661.15098242s
a2cedec0-9979-46da-a364-11a7060a2c58 oesteban@dna054:/tmp/59535780/oesteban/bootstrap-fmriprep/59535780_253/project/derivatives/v1s19 timestamp=1773315632.759975334s
abac6478-08a1-45d4-9480-f50e49a709bc oesteban@dna082:/tmp/59535751/oesteban/bootstrap-fmriprep/59535751_250/project/derivatives/v1s19 timestamp=1773315294.078948766s
b11da409-ff09-41a7-9a07-48291bb3509a oesteban@dna084:/tmp/59539100/oesteban/bootstrap-fmriprep/59539100_262/project/derivatives/v1s19 timestamp=1773318788.317071612s
b8ab56c6-a07f-46bc-9865-0423e7441d77 oesteban@dna059:/tmp/59535754/oesteban/bootstrap-fmriprep/59535754_251/project/derivatives/v1s19 timestamp=1773315332.368639859s
d5770e38-ae96-496a-83df-bc06c4719010 oesteban@curnagl:/scratch/oesteban/abide_fmriprep/derivatives/v1s19 timestamp=1772982573.663285217s
e342ed2d-2889-4143-844b-dfcba8807460 oesteban@dna075:/tmp/59535715/oesteban/bootstrap-fmriprep/59535715_248/project/derivatives/v1s19 timestamp=1773314935.471823353s
f3735dba-bbd7-4d4d-9160-38c6e367187d oesteban@dna087:/tmp/59536984/oesteban/bootstrap-fmriprep/59536984_257/project/derivatives/v1s19 timestamp=1773316752.6663314s
