/out/sourcedata/freesurfer/sub-v1s19x0051316_ses-1/mri
/opt/freesurfer/bin/talairach_avi
--i orig_nu.mgz --xfm transforms/talairach.auto.xfm
talairach_avi 7.3.2
Linux dna055 5.14.0-427.37.1.el9_4.x86_64 #1 SMP PREEMPT_DYNAMIC Fri Sep 13 12:41:50 EDT 2024 x86_64 x86_64 x86_64 GNU/Linux
Thu Mar 12 14:01:24 CET 2026
mri_convert orig_nu.mgz talsrcimg.img 
reading from orig_nu.mgz...
TR=0.00, TE=0.00, TI=0.00, flip angle=0.00
i_ras = (-1, 0, 0)
j_ras = (0, 0, -1)
k_ras = (0, 1, 0)
writing to talsrcimg.img...
Analyze Output Matrix
-1.00000   0.00000   0.00000   130.81052;
 0.00000   0.00000   1.00000  -123.16270;
 0.00000  -1.00000   0.00000   133.02664;
 0.00000   0.00000   0.00000   1.00000;
--------------------
INFO: set hdr.hist.orient to -1
mpr2mni305 talsrcimg
Thu Mar 12 14:01:24 CET 2026
/opt/freesurfer/bin/mpr2mni305 talsrcimg
mpr2mni305 7.3.2
target=711-2C_as_mni_average_305

---------------------------------------------------------------------
analyzeto4dfp talsrcimg -O0 -y
---------------------------------------------------------------------

freesurfer ifh2hdr.c
Thu Mar 12 14:01:25 2026
Writing: talsrcimg.4dfp.hdr
freesurfer analyzeto4dfp.c
Reading: talsrcimg.hdr
header size 348 bytes
hdr.dime.datatype	offset=70	value=2
hdr.dime.bitpix		offset=72	value=8
hdr.hist.orient		offset=252	value=-1
dimensionality     4
dimensions       256       256       256         1
Reading: talsrcimg.img
Writing: talsrcimg.4dfp.img
Writing: talsrcimg.4dfp.ifh
ifh2hdr talsrcimg -r0to238
ori=2

---------------------------------------------------------------------
gauss_4dfp talsrcimg 1.1
---------------------------------------------------------------------

freesurfer gauss_4dfp.c
Reading: talsrcimg.4dfp.img
Writing: talsrcimg_g11.4dfp.img
image dimensions 256 256 256 padded to 288 288 288
processing volume 1freesurfer ifh2hdr.c
Thu Mar 12 14:01:26 2026
Writing: talsrcimg_g11.4dfp.hdr

Writing: talsrcimg_g11.4dfp.ifh
including: talsrcimg.4dfp.img.rec in talsrcimg_g11.4dfp.img.rec

---------------------------------------------------------------------
imgreg_4dfp /opt/freesurfer/average/711-2C_as_mni_average_305 none talsrcimg_g11 none talsrcimg_to_711-2C_as_mni_average_305_t4 4355
---------------------------------------------------------------------

freesurfer imgreg_4dfp.c
/opt/freesurfer/average/711-2C_as_mni_average_305.4dfp.img
       256       256       256         1
  1.000000  1.000000  1.000000
orientation T byte_order littleendian
Reading image: /opt/freesurfer/average/711-2C_as_mni_average_305.4dfp.img
dimensions:      256       256       256
mmppix:       1.0000   -1.0000   -1.0000
center:     128.0000 -129.0000 -129.0000
talsrcimg_g11.4dfp.img
       256       256       256         1
  1.000000  1.000000  1.000000
orientation T byte_order littleendian
Reading image: talsrcimg_g11.4dfp.img
dimensions:      256       256       256
mmppix:       1.0000   -1.0000   -1.0000
center:     128.0000 -129.0000 -129.0000
t4_read: open error in t4_sub.f l:  41 t4_file(1:l)talsrcimg_to_711-2C_as_mni_average_305_t4 
t4_read: transform initialized to I4
rotation matrix determinant  1.000000
image alignment mode   4355 decimal     1103 hex
   -7.5000  -45.0000  -45.0000 9310.1162   17.0554
    0.0000  -45.0000  -45.0000 9721.4326   17.0889
    7.5000  -45.0000  -45.0000 9331.1006   17.0785
   -7.5000  -37.5000  -45.0000 9700.4463   17.0676
    0.0000  -37.5000  -45.000010166.3242   17.1084
    7.5000  -37.5000  -45.0000 9746.1787   17.0971
   -7.5000  -30.0000  -45.000010399.1475   17.0715
    0.0000  -30.0000  -45.000010901.9883   17.1172
    7.5000  -30.0000  -45.000010464.0752   17.1002
   -7.5000  -22.5000  -45.000011126.6211   17.0592
    0.0000  -22.5000  -45.000011669.8242   17.1004
    7.5000  -22.5000  -45.000011195.9102   17.0787
   -7.5000  -15.0000  -45.000011812.0156   17.0466
    0.0000  -15.0000  -45.000012411.9697   17.0804
    7.5000  -15.0000  -45.000011898.8477   17.0578
   -7.5000   -7.5000  -45.000012393.3193   17.0450
    0.0000   -7.5000  -45.000012998.9131   17.0759
    7.5000   -7.5000  -45.000012461.2871   17.0589
   -7.5000    0.0000  -45.000012659.3418   17.0538
    0.0000    0.0000  -45.000013293.0938   17.0871
    7.5000    0.0000  -45.000012719.0762   17.0766
   -7.5000    7.5000  -45.000011818.0840   17.0676
    0.0000    7.5000  -45.000012435.6406   17.1084
    7.5000    7.5000  -45.000011887.7363   17.0971
   -7.5000   15.0000  -45.000010873.5830   17.0715
    0.0000   15.0000  -45.000011458.8584   17.1172
    7.5000   15.0000  -45.000010977.0098   17.1002
   -7.5000   22.5000  -45.0000 9966.7949   17.0568
    0.0000   22.5000  -45.000010494.3604   17.0981
    7.5000   22.5000  -45.000010076.0986   17.0763
   -7.5000   30.0000  -45.0000 9050.0840   16.8197
    0.0000   30.0000  -45.0000 9529.9941   16.8531
    7.5000   30.0000  -45.0000 9149.4834   16.8308
   -7.5000   37.5000  -45.0000 8493.2666   16.8858
    0.0000   37.5000  -45.0000 8936.9756   16.9186
    7.5000   37.5000  -45.0000 8573.9551   16.8993
   -7.5000   45.0000  -45.0000 7691.1577   16.6960
    0.0000   45.0000  -45.0000 8096.7896   16.7302
    7.5000   45.0000  -45.0000 7756.0034   16.7135
   -7.5000  -45.0000  -37.5000 9912.5771   17.0777
    0.0000  -45.0000  -37.500010337.2861   17.1012
    7.5000  -45.0000  -37.5000 9892.9189   17.0798
   -7.5000  -37.5000  -37.500010315.2246   17.0857
    0.0000  -37.5000  -37.500010768.2744   17.1186
    7.5000  -37.5000  -37.500010329.9531   17.0979
   -7.5000  -30.0000  -37.500011079.2402   17.0844
    0.0000  -30.0000  -37.500011559.1787   17.1258
    7.5000  -30.0000  -37.500011118.2959   17.1035
   -7.5000  -22.5000  -37.500011844.5107   17.0712
    0.0000  -22.5000  -37.500012365.2900   17.1096
    7.5000  -22.5000  -37.500011882.8301   17.0842
   -7.5000  -15.0000  -37.500012552.9990   17.0623
    0.0000  -15.0000  -37.500013126.3164   17.0916
    7.5000  -15.0000  -37.500012566.1279   17.0640
   -7.5000   -7.5000  -37.500013113.8789   17.0659
    0.0000   -7.5000  -37.500013710.2598   17.0887
    7.5000   -7.5000  -37.500013101.1152   17.0633
   -7.5000    0.0000  -37.500013357.0820   17.0761
    0.0000    0.0000  -37.500013986.8984   17.0994
    7.5000    0.0000  -37.500013363.2471   17.0779
   -7.5000    7.5000  -37.500012439.3545   17.0857
    0.0000    7.5000  -37.500013056.6592   17.1186
    7.5000    7.5000  -37.500012479.8281   17.0979
   -7.5000   15.0000  -37.500011427.6445   17.0844
    0.0000   15.0000  -37.500012010.9180   17.1258
    7.5000   15.0000  -37.500011505.0098   17.1035
   -7.5000   22.5000  -37.500010456.4365   17.0689
    0.0000   22.5000  -37.500010976.2871   17.1073
    7.5000   22.5000  -37.500010536.7363   17.0819
   -7.5000   30.0000  -37.5000 9482.4736   16.8352
    0.0000   30.0000  -37.5000 9954.0928   16.8641
    7.5000   30.0000  -37.5000 9552.8809   16.8369
   -7.5000   37.5000  -37.5000 8879.3740   16.9077
    0.0000   37.5000  -37.5000 9310.3359   16.9322
    7.5000   37.5000  -37.5000 8931.5225   16.9040
   -7.5000   45.0000  -37.5000 8022.3423   16.7207
    0.0000   45.0000  -37.5000 8407.5928   16.7440
    7.5000   45.0000  -37.5000 8068.8145   16.7171
   -7.5000  -45.0000  -30.000010652.6143   17.7886
    0.0000  -45.0000  -30.000011106.4551   17.8108
    7.5000  -45.0000  -30.000010629.9932   17.7841
   -7.5000  -37.5000  -30.000011105.8320   17.7943
    0.0000  -37.5000  -30.000011559.8691   17.8251
    7.5000  -37.5000  -30.000011097.6641   17.7988
   -7.5000  -30.0000  -30.000011975.8057   17.7934
    0.0000  -30.0000  -30.000012439.2344   17.8336
    7.5000  -30.0000  -30.000011966.1973   17.8074
   -7.5000  -22.5000  -30.000012771.9375   17.7821
    0.0000  -22.5000  -30.000013288.2998   17.8213
    7.5000  -22.5000  -30.000012727.8867   17.7947
   -7.5000  -15.0000  -30.000013485.9854   17.7744
    0.0000  -15.0000  -30.000014047.0830   17.8058
    7.5000  -15.0000  -30.000013419.0771   17.7782
   -7.5000   -7.5000  -30.000014019.0889   17.7782
    0.0000   -7.5000  -30.000014619.2305   17.8022
    7.5000   -7.5000  -30.000013962.0547   17.7744
   -7.5000    0.0000  -30.000014233.9189   17.7870
    0.0000    0.0000  -30.000014866.5801   17.8090
    7.5000    0.0000  -30.000014235.1367   17.7822
   -7.5000    7.5000  -30.000013248.1982   17.7943
    0.0000    7.5000  -30.000013857.2266   17.8251
    7.5000    7.5000  -30.000013282.8799   17.7988
   -7.5000   15.0000  -30.000012172.4121   17.7934
    0.0000   15.0000  -30.000012739.5244   17.8336
    7.5000   15.0000  -30.000012225.3828   17.8074
   -7.5000   22.5000  -30.000011122.5801   17.7778
    0.0000   22.5000  -30.000011658.8291   17.8170
    7.5000   22.5000  -30.000011196.4893   17.7904
   -7.5000   30.0000  -30.000010061.4189   17.5395
    0.0000   30.0000  -30.000010567.5332   17.5706
    7.5000   30.0000  -30.000010133.3008   17.5433
   -7.5000   37.5000  -30.0000 9386.6064   17.6162
    0.0000   37.5000  -30.0000 9841.9766   17.6415
    7.5000   37.5000  -30.0000 9430.9170   17.6106
   -7.5000   45.0000  -30.0000 8453.9297   17.4337
    0.0000   45.0000  -30.0000 8847.0801   17.4544
    7.5000   45.0000  -30.0000 8473.7812   17.4220
   -7.5000  -45.0000  -22.500011391.9316   18.3504
    0.0000  -45.0000  -22.500011873.6191   18.3833
    7.5000  -45.0000  -22.500011372.9268   18.3641
   -7.5000  -37.5000  -22.500011911.4648   18.3591
    0.0000  -37.5000  -22.500012399.7705   18.3967
    7.5000  -37.5000  -22.500011884.0127   18.3759
   -7.5000  -30.0000  -22.500012855.1338   18.3652
    0.0000  -30.0000  -22.500013357.5059   18.4090
    7.5000  -30.0000  -22.500012793.7393   18.3852
   -7.5000  -22.5000  -22.500013668.8115   18.3572
    0.0000  -22.5000  -22.500014200.9912   18.4008
    7.5000  -22.5000  -22.500013555.5625   18.3767
   -7.5000  -15.0000  -22.500014386.0195   18.3463
    0.0000  -15.0000  -22.500014929.4531   18.3858
    7.5000  -15.0000  -22.500014260.2949   18.3635
   -7.5000   -7.5000  -22.500014900.5752   18.3441
    0.0000   -7.5000  -22.500015511.3887   18.3787
    7.5000   -7.5000  -22.500014833.7832   18.3583
   -7.5000    0.0000  -22.500015152.5352   18.3488
    0.0000    0.0000  -22.500015784.4658   18.3815
    7.5000    0.0000  -22.500015126.9600   18.3621
   -7.5000    7.5000  -22.500014077.8906   18.3591
    0.0000    7.5000  -22.500014695.1309   18.3967
    7.5000    7.5000  -22.500014098.7080   18.3759
   -7.5000   15.0000  -22.500012927.4199   18.3652
    0.0000   15.0000  -22.500013488.7441   18.4090
    7.5000   15.0000  -22.500012970.4180   18.3852
   -7.5000   22.5000  -22.500011810.7256   18.3516
    0.0000   22.5000  -22.500012345.7920   18.3951
    7.5000   22.5000  -22.500011869.2500   18.3711
   -7.5000   30.0000  -22.500010637.5352   18.1067
    0.0000   30.0000  -22.500011159.4648   18.1457
    7.5000   30.0000  -22.500010710.1113   18.1237
   -7.5000   37.5000  -22.5000 9902.6455   18.1792
    0.0000   37.5000  -22.500010374.2441   18.2150
    7.5000   37.5000  -22.5000 9949.7051   18.1920
   -7.5000   45.0000  -22.5000 8896.1533   17.9986
    0.0000   45.0000  -22.5000 9307.6943   18.0293
    7.5000   45.0000  -22.5000 8907.3203   18.0035
   -7.5000  -45.0000  -15.000012168.6543   18.7509
    0.0000  -45.0000  -15.000012649.2871   18.7956
    7.5000  -45.0000  -15.000012135.8379   18.7883
   -7.5000  -37.5000  -15.000012725.7139   18.7639
    0.0000  -37.5000  -15.000013258.4805   18.8109
    7.5000  -37.5000  -15.000012691.9404   18.7998
   -7.5000  -30.0000  -15.000013701.7959   18.7764
    0.0000  -30.0000  -15.000014287.3496   18.8253
    7.5000  -30.0000  -15.000013598.7656   18.8074
   -7.5000  -22.5000  -15.000014525.8242   18.7704
    0.0000  -22.5000  -15.000015085.9443   18.8178
    7.5000  -22.5000  -15.000014346.4482   18.7982
   -7.5000  -15.0000  -15.000015251.7676   18.7560
    0.0000  -15.0000  -15.000015819.3457   18.8013
    7.5000  -15.0000  -15.000015087.6533   18.7850
   -7.5000   -7.5000  -15.000015811.4160   18.7473
    0.0000   -7.5000  -15.000016415.3691   18.7917
    7.5000   -7.5000  -15.000015715.1533   18.7809
   -7.5000    0.0000  -15.000016078.2041   18.7492
    0.0000    0.0000  -15.000016703.6230   18.7937
    7.5000    0.0000  -15.000016004.4551   18.7863
   -7.5000    7.5000  -15.000014931.2305   18.7639
    0.0000    7.5000  -15.000015546.7949   18.8109
    7.5000    7.5000  -15.000014892.2979   18.7998
   -7.5000   15.0000  -15.000013692.2471   18.7764
    0.0000   15.0000  -15.000014282.7451   18.8253
    7.5000   15.0000  -15.000013706.8555   18.8074
   -7.5000   22.5000  -15.000012470.5508   18.7638
    0.0000   22.5000  -15.000013035.5264   18.8111
    7.5000   22.5000  -15.000012538.4336   18.7915
   -7.5000   30.0000  -15.000011223.1533   18.5136
    0.0000   30.0000  -15.000011756.6182   18.5584
    7.5000   30.0000  -15.000011290.5322   18.5422
   -7.5000   37.5000  -15.000010420.0889   18.5799
    0.0000   37.5000  -15.000010906.8574   18.6257
    7.5000   37.5000  -15.000010460.8584   18.6130
   -7.5000   45.0000  -15.0000 9341.9023   18.3996
    0.0000   45.0000  -15.0000 9763.6406   18.4428
    7.5000   45.0000  -15.0000 9356.6553   18.4278
   -7.5000  -45.0000   -7.500012988.2607   18.9826
    0.0000  -45.0000   -7.500013512.7686   19.0291
    7.5000  -45.0000   -7.500012931.0107   19.0250
   -7.5000  -37.5000   -7.500013652.5850   18.9980
    0.0000  -37.5000   -7.500014283.6748   19.0484
    7.5000  -37.5000   -7.500013579.0977   19.0410
   -7.5000  -30.0000   -7.500014679.9023   19.0092
    0.0000  -30.0000   -7.500015339.5156   19.0614
    7.5000  -30.0000   -7.500014462.0117   19.0458
   -7.5000  -22.5000   -7.500015485.5605   19.0000
    0.0000  -22.5000   -7.500016011.6416   19.0483
    7.5000  -22.5000   -7.500015152.2891   19.0287
   -7.5000  -15.0000   -7.500016224.0244   18.9840
    0.0000  -15.0000   -7.500016716.6348   19.0282
    7.5000  -15.0000   -7.500015932.5234   19.0106
   -7.5000   -7.5000   -7.500016819.2832   18.9761
    0.0000   -7.5000   -7.500017392.8262   19.0200
    7.5000   -7.5000   -7.500016624.9902   19.0097
   -7.5000    0.0000   -7.500017081.1816   18.9809
    0.0000    0.0000   -7.500017701.7227   19.0272
    7.5000    0.0000   -7.500016919.9199   19.0229
   -7.5000    7.5000   -7.500015844.9189   18.9980
    0.0000    7.5000   -7.500016476.3535   19.0484
    7.5000    7.5000   -7.500015749.0010   19.0410
   -7.5000   15.0000   -7.500014580.2861   19.0092
    0.0000   15.0000   -7.500015186.3428   19.0614
    7.5000   15.0000   -7.500014536.4502   19.0458
   -7.5000   22.5000   -7.500013253.3242   18.9912
    0.0000   22.5000   -7.500013842.0342   19.0395
    7.5000   22.5000   -7.500013283.9932   19.0199
   -7.5000   30.0000   -7.500011878.6758   18.7381
    0.0000   30.0000   -7.500012401.9971   18.7818
    7.5000   30.0000   -7.500011912.0801   18.7644
   -7.5000   37.5000   -7.500011011.7715   18.8053
    0.0000   37.5000   -7.500011497.7031   18.8510
    7.5000   37.5000   -7.500011031.8047   18.8388
   -7.5000   45.0000   -7.5000 9879.7217   18.6262
    0.0000   45.0000   -7.500010304.6260   18.6728
    7.5000   45.0000   -7.5000 9878.7686   18.6609
   -7.5000  -45.0000    0.000013735.1035   19.0705
    0.0000  -45.0000    0.000014311.3389   19.1082
    7.5000  -45.0000    0.000013655.5342   19.0965
   -7.5000  -37.5000    0.000014592.7158   19.0844
    0.0000  -37.5000    0.000015330.3545   19.1303
    7.5000  -37.5000    0.000014420.6914   19.1175
   -7.5000  -30.0000    0.000015677.8740   19.0889
    0.0000  -30.0000    0.000016308.7012   19.1402
    7.5000  -30.0000    0.000015273.1514   19.1212
   -7.5000  -22.5000    0.000016403.2637   19.0749
    0.0000  -22.5000    0.000016788.9531   19.1213
    7.5000  -22.5000    0.000015888.1152   19.0969
   -7.5000  -15.0000    0.000017153.9414   19.0606
    0.0000  -15.0000    0.000017510.3984   19.0986
    7.5000  -15.0000    0.000016679.0488   19.0733
   -7.5000   -7.5000    0.000017796.0645   19.0587
    0.0000   -7.5000    0.000018279.5234   19.0936
    7.5000   -7.5000    0.000017415.1309   19.0745
   -7.5000    0.0000    0.000018057.5195   19.0687
    0.0000    0.0000    0.000018639.0898   19.1062
    7.5000    0.0000    0.000017716.3926   19.0943
   -7.5000    7.5000    0.000016751.0117   19.0844
    0.0000    7.5000    0.000017374.2773   19.1303
    7.5000    7.5000    0.000016517.8125   19.1175
   -7.5000   15.0000    0.000015475.9570   19.0889
    0.0000   15.0000    0.000016077.9336   19.1402
    7.5000   15.0000    0.000015309.3750   19.1212
   -7.5000   22.5000    0.000014095.7861   19.0661
    0.0000   22.5000    0.000014681.6592   19.1125
    7.5000   22.5000    0.000013988.0205   19.0881
   -7.5000   30.0000    0.000012599.5928   18.8142
    0.0000   30.0000    0.000013118.5518   18.8518
    7.5000   30.0000    0.000012527.4531   18.8268
   -7.5000   37.5000    0.000011631.7578   18.8880
    0.0000   37.5000    0.000012123.2305   18.9249
    7.5000   37.5000    0.000011576.1494   18.9033
   -7.5000   45.0000    0.000010404.0400   18.7123
    0.0000   45.0000    0.000010844.8994   18.7508
    7.5000   45.0000    0.000010351.4238   18.7321
   -7.5000  -45.0000    7.500013284.2080   19.1104
    0.0000  -45.0000    7.500014023.1787   19.1367
    7.5000  -45.0000    7.500013139.7119   19.1128
   -7.5000  -37.5000    7.500014149.6113   19.1194
    0.0000  -37.5000    7.500015046.3506   19.1562
    7.5000  -37.5000    7.500013919.4980   19.1330
   -7.5000  -30.0000    7.500015262.4619   19.1179
    0.0000  -30.0000    7.500015926.2217   19.1642
    7.5000  -30.0000    7.500014838.8711   19.1392
   -7.5000  -22.5000    7.500016045.6182   19.1031
    0.0000  -22.5000    7.500016384.7344   19.1461
    7.5000  -22.5000    7.500015478.4590   19.1177
   -7.5000  -15.0000    7.500016809.1348   19.0932
    0.0000  -15.0000    7.500017089.3164   19.1259
    7.5000  -15.0000    7.500016193.7783   19.0951
   -7.5000   -7.5000    7.500017427.2480   19.0971
    0.0000   -7.5000    7.500017841.5234   19.1227
    7.5000   -7.5000    7.500016851.0996   19.0943
   -7.5000    0.0000    7.500017660.8574   19.1086
    0.0000    0.0000    7.500018213.1562   19.1347
    7.5000    0.0000    7.500017136.7910   19.1107
   -7.5000    7.5000    7.500016353.3584   19.1194
    0.0000    7.5000    7.500016982.6172   19.1562
    7.5000    7.5000    7.500015953.7002   19.1330
   -7.5000   15.0000    7.500015070.7656   19.1179
    0.0000   15.0000    7.500015721.4199   19.1642
    7.5000   15.0000    7.500014766.9316   19.1392
   -7.5000   22.5000    7.500013708.6484   19.0943
    0.0000   22.5000    7.500014318.4004   19.1373
    7.5000   22.5000    7.500013493.2988   19.1089
   -7.5000   30.0000    7.500012227.3652   18.8464
    0.0000   30.0000    7.500012770.4609   18.8788
    7.5000   30.0000    7.500012089.4414   18.8483
   -7.5000   37.5000    7.500011256.0391   18.9276
    0.0000   37.5000    7.500011754.7803   18.9550
    7.5000   37.5000    7.500011158.4375   18.9234
   -7.5000   45.0000    7.500010063.0459   18.7550
    0.0000   45.0000    7.500010489.9229   18.7811
    7.5000   45.0000    7.5000 9981.2715   18.7510
   -7.5000  -45.0000   15.000012605.3975   19.1021
    0.0000  -45.0000   15.000013340.4912   19.1260
    7.5000  -45.0000   15.000012494.5576   19.0972
   -7.5000  -37.5000   15.000013318.2100   19.1082
    0.0000  -37.5000   15.000014224.1074   19.1412
    7.5000  -37.5000   15.000013190.9912   19.1130
   -7.5000  -30.0000   15.000014450.6475   19.1072
    0.0000  -30.0000   15.000015327.4814   19.1504
    7.5000  -30.0000   15.000014196.3525   19.1222
   -7.5000  -22.5000   15.000015438.2314   19.0951
    0.0000  -22.5000   15.000016191.5039   19.1372
    7.5000  -22.5000   15.000015013.2168   19.1086
   -7.5000  -15.0000   15.000016265.7070   19.0868
    0.0000  -15.0000   15.000016943.9219   19.1206
    7.5000  -15.0000   15.000015717.9189   19.0909
   -7.5000   -7.5000   15.000016756.7168   19.0909
    0.0000   -7.5000   15.000017442.7988   19.1166
    7.5000   -7.5000   15.000016208.1016   19.0868
   -7.5000    0.0000   15.000016903.4434   19.1003
    0.0000    0.0000   15.000017572.0742   19.1240
    7.5000    0.0000   15.000016393.4180   19.0952
   -7.5000    7.5000   15.000015645.7461   19.1082
    0.0000    7.5000   15.000016257.4248   19.1412
    7.5000    7.5000   15.000015232.7451   19.1130
   -7.5000   15.0000   15.000014410.2422   19.1072
    0.0000   15.0000   15.000014988.6572   19.1504
    7.5000   15.0000   15.000014102.0430   19.1222
   -7.5000   22.5000   15.000013088.8760   19.0863
    0.0000   22.5000   15.000013629.9453   19.1284
    7.5000   22.5000   15.000012878.7061   19.0998
   -7.5000   30.0000   15.000011657.0781   18.8402
    0.0000   30.0000   15.000012171.7959   18.8735
    7.5000   30.0000   15.000011551.0381   18.8442
   -7.5000   37.5000   15.000010752.4854   18.9225
    0.0000   37.5000   15.000011244.5840   18.9497
    7.5000   37.5000   15.000010677.5781   18.9165
   -7.5000   45.0000   15.0000 9581.3867   18.7513
    0.0000   45.0000   15.000010026.4668   18.7736
    7.5000   45.0000   15.0000 9530.4609   18.7388
   -7.5000  -45.0000   22.500011871.3857   19.1199
    0.0000  -45.0000   22.500012588.3408   19.1542
    7.5000  -45.0000   22.500011728.5137   19.1340
   -7.5000  -37.5000   22.500012510.2773   19.1290
    0.0000  -37.5000   22.500013284.1240   19.1683
    7.5000  -37.5000   22.500012347.0254   19.1465
   -7.5000  -30.0000   22.500013567.8242   19.1354
    0.0000  -30.0000   22.500014322.5918   19.1812
    7.5000  -30.0000   22.500013334.0391   19.1563
   -7.5000  -22.5000   22.500014477.7783   19.1271
    0.0000  -22.5000   22.500015203.5498   19.1726
    7.5000  -22.5000   22.500014204.3848   19.1474
   -7.5000  -15.0000   22.500015216.5918   19.1157
    0.0000  -15.0000   22.500015917.6406   19.1569
    7.5000  -15.0000   22.500014916.9541   19.1335
   -7.5000   -7.5000   22.500015667.6816   19.1133
    0.0000   -7.5000   22.500016352.4688   19.1494
    7.5000   -7.5000   22.500015361.4404   19.1280
   -7.5000    0.0000   22.500015830.4688   19.1182
    0.0000    0.0000   22.500016493.7148   19.1523
    7.5000    0.0000   22.500015490.5361   19.1320
   -7.5000    7.5000   22.500014687.3193   19.1290
    0.0000    7.5000   22.500015296.4434   19.1683
    7.5000    7.5000   22.500014376.8193   19.1465
   -7.5000   15.0000   22.500013523.2627   19.1354
    0.0000   15.0000   22.500014126.3770   19.1812
    7.5000   15.0000   22.500013321.9434   19.1563
   -7.5000   22.5000   22.500012274.9629   19.1183
    0.0000   22.5000   22.500012826.9766   19.1638
    7.5000   22.5000   22.500012146.9082   19.1386
   -7.5000   30.0000   22.500010982.5762   18.8687
    0.0000   30.0000   22.500011490.4805   18.9094
    7.5000   30.0000   22.500010913.7021   18.8863
   -7.5000   37.5000   22.500010155.7324   18.9445
    0.0000   37.5000   22.500010630.6104   18.9818
    7.5000   37.5000   22.500010109.0029   18.9577
   -7.5000   45.0000   22.5000 9049.1797   18.7709
    0.0000   45.0000   22.5000 9461.5264   18.8029
    7.5000   45.0000   22.5000 8998.6045   18.7759
   -7.5000  -45.0000   30.000010958.4111   19.2661
    0.0000  -45.0000   30.000011443.8633   19.3122
    7.5000  -45.0000   30.000010904.6455   19.3045
   -7.5000  -37.5000   30.000011468.6963   19.2793
    0.0000  -37.5000   30.000011969.7051   19.3279
    7.5000  -37.5000   30.000011420.6064   19.3162
   -7.5000  -30.0000   30.000012387.3398   19.2925
    0.0000  -30.0000   30.000012902.7148   19.3431
    7.5000  -30.0000   30.000012306.1006   19.3245
   -7.5000  -22.5000   30.000013188.2109   19.2871
    0.0000  -22.5000   30.000013762.9668   19.3360
    7.5000  -22.5000   30.000013127.2441   19.3154
   -7.5000  -15.0000   30.000013863.9287   19.2725
    0.0000  -15.0000   30.000014454.6357   19.3193
    7.5000  -15.0000   30.000013790.7031   19.3021
   -7.5000   -7.5000   30.000014344.2217   19.2631
    0.0000   -7.5000   30.000014921.8721   19.3089
    7.5000   -7.5000   30.000014218.1377   19.2974
   -7.5000    0.0000   30.000014553.8682   19.2644
    0.0000    0.0000   30.000015126.4834   19.3103
    7.5000    0.0000   30.000014372.3223   19.3025
   -7.5000    7.5000   30.000013513.6924   19.2793
    0.0000    7.5000   30.000014073.6826   19.3279
    7.5000    7.5000   30.000013366.3174   19.3162
   -7.5000   15.0000   30.000012419.1123   19.2925
    0.0000   15.0000   30.000012983.0947   19.3431
    7.5000   15.0000   30.000012362.5918   19.3245
   -7.5000   22.5000   30.000011265.3193   19.2782
    0.0000   22.5000   30.000011800.0674   19.3271
    7.5000   22.5000   30.000011265.4756   19.3065
   -7.5000   30.0000   30.000010123.6758   19.0234
    0.0000   30.0000   30.000010623.2148   19.0696
    7.5000   30.0000   30.000010167.6602   19.0526
   -7.5000   37.5000   30.0000 9382.4824   19.0915
    0.0000   37.5000   30.0000 9834.8506   19.1387
    7.5000   37.5000   30.0000 9420.8203   19.1252
   -7.5000   45.0000   30.0000 8348.3926   18.9106
    0.0000   45.0000   30.0000 8736.1357   18.9551
    7.5000   45.0000   30.0000 8353.6338   18.9392
   -7.5000  -45.0000   37.500010386.2031   19.6638
    0.0000  -45.0000   37.500010882.5322   19.7123
    7.5000  -45.0000   37.500010469.2471   19.7076
   -7.5000  -37.5000   37.500010841.2197   19.6804
    0.0000  -37.5000   37.500011330.2031   19.7334
    7.5000  -37.5000   37.500010924.7568   19.7250
   -7.5000  -30.0000   37.500011695.8916   19.6933
    0.0000  -30.0000   37.500012192.3496   19.7482
    7.5000  -30.0000   37.500011758.1699   19.7309
   -7.5000  -22.5000   37.500012487.9453   19.6848
    0.0000  -22.5000   37.500013037.7168   19.7354
    7.5000  -22.5000   37.500012546.1260   19.7136
   -7.5000  -15.0000   37.500013153.7354   19.6680
    0.0000  -15.0000   37.500013722.2158   19.7140
    7.5000  -15.0000   37.500013175.5186   19.6945
   -7.5000   -7.5000   37.500013646.0879   19.6585
    0.0000   -7.5000   37.500014202.3574   19.7042
    7.5000   -7.5000   37.500013615.7734   19.6927
   -7.5000    0.0000   37.500013858.6592   19.6623
    0.0000    0.0000   37.500014443.4160   19.7107
    7.5000    0.0000   37.500013798.9023   19.7059
   -7.5000    7.5000   37.500012891.2334   19.6804
    0.0000    7.5000   37.500013457.7939   19.7334
    7.5000    7.5000   37.500012870.7686   19.7250
   -7.5000   15.0000   37.500011857.3018   19.6933
    0.0000   15.0000   37.500012412.3760   19.7482
    7.5000   15.0000   37.500011899.5381   19.7309
   -7.5000   22.5000   37.500010753.5996   19.6757
    0.0000   22.5000   37.500011282.9062   19.7263
    7.5000   22.5000   37.500010823.9375   19.7045
   -7.5000   30.0000   37.5000 9669.7900   19.4139
    0.0000   30.0000   37.500010147.7412   19.4593
    7.5000   30.0000   37.5000 9744.0605   19.4399
   -7.5000   37.5000   37.5000 8959.7002   19.4833
    0.0000   37.5000   37.5000 9416.6641   19.5310
    7.5000   37.5000   37.5000 9037.7002   19.5173
   -7.5000   45.0000   37.5000 7939.1802   19.2998
    0.0000   45.0000   37.5000 8324.0420   19.3484
    7.5000   45.0000   37.5000 8006.3809   19.3351
   -7.5000  -45.0000   45.0000 9476.1885   20.1324
    0.0000  -45.0000   45.0000 9930.7676   20.1711
    7.5000  -45.0000   45.0000 9587.0410   20.1570
   -7.5000  -37.5000   45.0000 9880.1162   20.1479
    0.0000  -37.5000   45.000010340.9434   20.1962
    7.5000  -37.5000   45.000010001.9375   20.1810
   -7.5000  -30.0000   45.000010647.8682   20.1551
    0.0000  -30.0000   45.000011111.9150   20.2097
    7.5000  -30.0000   45.000010743.2236   20.1874
   -7.5000  -22.5000   45.000011397.5312   20.1432
    0.0000  -22.5000   45.000011862.4951   20.1921
    7.5000  -22.5000   45.000011447.3066   20.1632
   -7.5000  -15.0000   45.000012013.9170   20.1287
    0.0000  -15.0000   45.000012489.1680   20.1679
    7.5000  -15.0000   45.000012015.5186   20.1377
   -7.5000   -7.5000   45.000012438.9102   20.1238
    0.0000   -7.5000   45.000012943.5244   20.1592
    7.5000   -7.5000   45.000012437.0762   20.1363
   -7.5000    0.0000   45.000012630.3740   20.1312
    0.0000    0.0000   45.000013166.8994   20.1697
    7.5000    0.0000   45.000012608.5352   20.1555
   -7.5000    7.5000   45.000011770.8164   20.1479
    0.0000    7.5000   45.000012285.0703   20.1962
    7.5000    7.5000   45.000011769.9375   20.1810
   -7.5000   15.0000   45.000010863.9512   20.1551
    0.0000   15.0000   45.000011371.7979   20.2097
    7.5000   15.0000   45.000010889.0586   20.1874
   -7.5000   22.5000   45.0000 9868.0908   20.1339
    0.0000   22.5000   45.000010351.4014   20.1828
    7.5000   22.5000   45.0000 9936.8350   20.1539
   -7.5000   30.0000   45.0000 8846.9814   19.8668
    0.0000   30.0000   45.0000 9296.0498   19.9056
    7.5000   30.0000   45.0000 8927.5498   19.8757
   -7.5000   37.5000   45.0000 8183.0078   19.9447
    0.0000   37.5000   45.0000 8621.6650   19.9823
    7.5000   37.5000   45.0000 8270.1338   19.9564
   -7.5000   45.0000   45.0000 7249.1743   19.7734
    0.0000   45.0000   45.0000 7621.2812   19.8130
    7.5000   45.0000   45.0000 7317.6606   19.7905

---------------------------------------------------------------------
imgreg_4dfp /opt/freesurfer/average/711-2C_as_mni_average_305 /opt/freesurfer/average/711-2B_as_mni_average_305_mask talsrcimg_g11 none talsrcimg_to_711-2C_as_mni_average_305_t4 4355
---------------------------------------------------------------------

freesurfer imgreg_4dfp.c
/opt/freesurfer/average/711-2C_as_mni_average_305.4dfp.img
       256       256       256         1
  1.000000  1.000000  1.000000
orientation T byte_order littleendian
Reading image: /opt/freesurfer/average/711-2C_as_mni_average_305.4dfp.img
dimensions:      256       256       256
mmppix:       1.0000   -1.0000   -1.0000
center:     128.0000 -129.0000 -129.0000
/opt/freesurfer/average/711-2B_as_mni_average_305_mask.4dfp.img
       256       256       256         1
  1.000000  1.000000  1.000000
orientation T byte_order littleendian
Reading mask: /opt/freesurfer/average/711-2B_as_mni_average_305_mask.4dfp.img (2306576 pixels)
talsrcimg_g11.4dfp.img
       256       256       256         1
  1.000000  1.000000  1.000000
orientation T byte_order littleendian
Reading image: talsrcimg_g11.4dfp.img
dimensions:      256       256       256
mmppix:       1.0000   -1.0000   -1.0000
center:     128.0000 -129.0000 -129.0000
rotation matrix determinant  1.000000
image alignment mode   4355 decimal     1103 hex
   -7.5000  -45.0000  -45.0000 2342.8369   20.0188
    0.0000  -45.0000  -45.0000 2351.4724   19.8694
    7.5000  -45.0000  -45.0000 2354.0823   19.7926
   -7.5000  -37.5000  -45.0000 2371.2778   19.1877
    0.0000  -37.5000  -45.0000 2381.9924   19.0241
    7.5000  -37.5000  -45.0000 2382.1687   18.9228
   -7.5000  -30.0000  -45.0000 2379.1360   18.6615
    0.0000  -30.0000  -45.0000 2387.4939   18.5187
    7.5000  -30.0000  -45.0000 2393.9277   18.4493
   -7.5000  -22.5000  -45.0000 2381.3870   18.4380
    0.0000  -22.5000  -45.0000 2396.5159   18.2702
    7.5000  -22.5000  -45.0000 2395.5786   18.1902
   -7.5000  -15.0000  -45.0000 2373.6011   18.4529
    0.0000  -15.0000  -45.0000 2391.2981   18.2937
    7.5000  -15.0000  -45.0000 2390.8052   18.2070
   -7.5000   -7.5000  -45.0000 2363.8159   18.7822
    0.0000   -7.5000  -45.0000 2376.9878   18.5875
    7.5000   -7.5000  -45.0000 2376.4426   18.5339
   -7.5000    0.0000  -45.0000 2336.7771   19.5029
    0.0000    0.0000  -45.0000 2350.7161   19.2852
    7.5000    0.0000  -45.0000 2354.9075   19.2661
   -7.5000    7.5000  -45.0000 2295.9280   20.6175
    0.0000    7.5000  -45.0000 2309.5447   20.3547
    7.5000    7.5000  -45.0000 2312.6467   20.3671
   -7.5000   15.0000  -45.0000 2235.0288   22.0528
    0.0000   15.0000  -45.0000 2245.4470   21.7445
    7.5000   15.0000  -45.0000 2246.3296   21.7912
   -7.5000   22.5000  -45.0000 2156.6196   23.8756
    0.0000   22.5000  -45.0000 2159.8652   23.4945
    7.5000   22.5000  -45.0000 2160.6912   23.5383
   -7.5000   30.0000  -45.0000 2060.8650   26.3370
    0.0000   30.0000  -45.0000 2062.7727   25.7955
    7.5000   30.0000  -45.0000 2060.8577   25.8442
   -7.5000   37.5000  -45.0000 1948.0105   29.4451
    0.0000   37.5000  -45.0000 1947.4220   28.9056
    7.5000   37.5000  -45.0000 1944.1362   28.9871
   -7.5000   45.0000  -45.0000 1825.3795   33.6072
    0.0000   45.0000  -45.0000 1828.2609   33.0369
    7.5000   45.0000  -45.0000 1823.6660   33.2216
   -7.5000  -45.0000  -37.5000 2438.2734   18.7418
    0.0000  -45.0000  -37.5000 2450.4302   18.4876
    7.5000  -45.0000  -37.5000 2444.2380   18.4754
   -7.5000  -37.5000  -37.5000 2465.1157   17.8914
    0.0000  -37.5000  -37.5000 2477.9456   17.6761
    7.5000  -37.5000  -37.5000 2478.8538   17.6306
   -7.5000  -30.0000  -37.5000 2477.6394   17.3454
    0.0000  -30.0000  -37.5000 2487.3831   17.1717
    7.5000  -30.0000  -37.5000 2490.1072   17.1427
   -7.5000  -22.5000  -37.5000 2486.3354   17.1270
    0.0000  -22.5000  -37.5000 2498.1272   16.9152
    7.5000  -22.5000  -37.5000 2499.5586   16.8739
   -7.5000  -15.0000  -37.5000 2473.6262   17.1340
    0.0000  -15.0000  -37.5000 2495.9534   16.9271
    7.5000  -15.0000  -37.5000 2495.4263   16.8763
   -7.5000   -7.5000  -37.5000 2467.9368   17.4586
    0.0000   -7.5000  -37.5000 2479.8396   17.2076
    7.5000   -7.5000  -37.5000 2481.1543   17.2005
   -7.5000    0.0000  -37.5000 2442.2500   18.1529
    0.0000    0.0000  -37.5000 2456.1899   17.9034
    7.5000    0.0000  -37.5000 2456.9670   17.8711
   -7.5000    7.5000  -37.5000 2401.7366   19.1981
    0.0000    7.5000  -37.5000 2417.6929   18.9667
    7.5000    7.5000  -37.5000 2414.6704   18.9539
   -7.5000   15.0000  -37.5000 2332.3286   20.5399
    0.0000   15.0000  -37.5000 2349.1079   20.3183
    7.5000   15.0000  -37.5000 2344.4092   20.3157
   -7.5000   22.5000  -37.5000 2246.7537   22.2758
    0.0000   22.5000  -37.5000 2253.0774   21.9980
    7.5000   22.5000  -37.5000 2248.5774   22.0778
   -7.5000   30.0000  -37.5000 2144.5916   24.5743
    0.0000   30.0000  -37.5000 2147.9829   24.1637
    7.5000   30.0000  -37.5000 2137.1057   24.2489
   -7.5000   37.5000  -37.5000 2019.9740   27.4852
    0.0000   37.5000  -37.5000 2020.2334   27.0088
    7.5000   37.5000  -37.5000 2012.9750   27.0990
   -7.5000   45.0000  -37.5000 1888.6064   31.2484
    0.0000   45.0000  -37.5000 1893.6233   30.7546
    7.5000   45.0000  -37.5000 1884.4303   30.8205
   -7.5000  -45.0000  -30.0000 2560.8953   18.1376
    0.0000  -45.0000  -30.0000 2575.7290   17.8468
    7.5000  -45.0000  -30.0000 2571.3027   17.8388
   -7.5000  -37.5000  -30.0000 2597.6572   17.2892
    0.0000  -37.5000  -30.0000 2609.7751   16.9953
    7.5000  -37.5000  -30.0000 2612.2595   17.0153
   -7.5000  -30.0000  -30.0000 2617.2573   16.7189
    0.0000  -30.0000  -30.0000 2624.0471   16.4696
    7.5000  -30.0000  -30.0000 2631.5083   16.5132
   -7.5000  -22.5000  -30.0000 2631.6089   16.4700
    0.0000  -22.5000  -30.0000 2635.7285   16.2146
    7.5000  -22.5000  -30.0000 2639.7915   16.2497
   -7.5000  -15.0000  -30.0000 2619.2544   16.4711
    0.0000  -15.0000  -30.0000 2631.9336   16.2225
    7.5000  -15.0000  -30.0000 2633.6079   16.2065
   -7.5000   -7.5000  -30.0000 2608.7341   16.8014
    0.0000   -7.5000  -30.0000 2624.3926   16.5703
    7.5000   -7.5000  -30.0000 2621.5542   16.5698
   -7.5000    0.0000  -30.0000 2581.8599   17.5174
    0.0000    0.0000  -30.0000 2597.1758   17.2554
    7.5000    0.0000  -30.0000 2597.2969   17.2597
   -7.5000    7.5000  -30.0000 2537.7830   18.5041
    0.0000    7.5000  -30.0000 2557.1213   18.3167
    7.5000    7.5000  -30.0000 2551.4202   18.3075
   -7.5000   15.0000  -30.0000 2464.6467   19.8514
    0.0000   15.0000  -30.0000 2487.3269   19.6459
    7.5000   15.0000  -30.0000 2477.6497   19.6665
   -7.5000   22.5000  -30.0000 2365.7749   21.5604
    0.0000   22.5000  -30.0000 2378.3965   21.3403
    7.5000   22.5000  -30.0000 2370.5459   21.3968
   -7.5000   30.0000  -30.0000 2254.7957   23.7992
    0.0000   30.0000  -30.0000 2261.5391   23.4930
    7.5000   30.0000  -30.0000 2250.7234   23.5713
   -7.5000   37.5000  -30.0000 2124.8142   26.6682
    0.0000   37.5000  -30.0000 2119.0059   26.1830
    7.5000   37.5000  -30.0000 2119.3191   26.3280
   -7.5000   45.0000  -30.0000 1989.8069   30.3252
    0.0000   45.0000  -30.0000 1981.3549   29.6898
    7.5000   45.0000  -30.0000 1978.4323   29.9033
   -7.5000  -45.0000  -22.5000 2653.2788   17.3871
    0.0000  -45.0000  -22.5000 2666.1807   17.1257
    7.5000  -45.0000  -22.5000 2669.4028   17.0903
   -7.5000  -37.5000  -22.5000 2701.6165   16.5518
    0.0000  -37.5000  -22.5000 2710.2783   16.2591
    7.5000  -37.5000  -22.5000 2714.1951   16.2844
   -7.5000  -30.0000  -22.5000 2728.4409   15.9675
    0.0000  -30.0000  -22.5000 2733.1995   15.7234
    7.5000  -30.0000  -22.5000 2739.2988   15.7673
   -7.5000  -22.5000  -22.5000 2737.6982   15.6473
    0.0000  -22.5000  -22.5000 2747.5583   15.4392
    7.5000  -22.5000  -22.5000 2745.4097   15.4605
   -7.5000  -15.0000  -22.5000 2728.3325   15.6418
    0.0000  -15.0000  -22.5000 2742.6978   15.4183
    7.5000  -15.0000  -22.5000 2738.1331   15.4380
   -7.5000   -7.5000  -22.5000 2715.6201   16.0352
    0.0000   -7.5000  -22.5000 2733.7786   15.7518
    7.5000   -7.5000  -22.5000 2731.8579   15.8176
   -7.5000    0.0000  -22.5000 2687.5432   16.7219
    0.0000    0.0000  -22.5000 2705.5337   16.4511
    7.5000    0.0000  -22.5000 2705.2273   16.5047
   -7.5000    7.5000  -22.5000 2638.6089   17.7184
    0.0000    7.5000  -22.5000 2663.7910   17.4992
    7.5000    7.5000  -22.5000 2659.2136   17.5494
   -7.5000   15.0000  -22.5000 2567.2471   19.0488
    0.0000   15.0000  -22.5000 2588.2505   18.8489
    7.5000   15.0000  -22.5000 2581.9487   18.9182
   -7.5000   22.5000  -22.5000 2464.7361   20.7247
    0.0000   22.5000  -22.5000 2480.6821   20.5455
    7.5000   22.5000  -22.5000 2468.6560   20.5841
   -7.5000   30.0000  -22.5000 2332.5894   22.8284
    0.0000   30.0000  -22.5000 2346.8074   22.6156
    7.5000   30.0000  -22.5000 2330.3726   22.6594
   -7.5000   37.5000  -22.5000 2196.0159   25.5216
    0.0000   37.5000  -22.5000 2196.5754   25.2516
    7.5000   37.5000  -22.5000 2190.3513   25.3017
   -7.5000   45.0000  -22.5000 2053.7368   29.0444
    0.0000   45.0000  -22.5000 2050.3228   28.5926
    7.5000   45.0000  -22.5000 2043.6992   28.7371
   -7.5000  -45.0000  -15.0000 2716.4880   16.6707
    0.0000  -45.0000  -15.0000 2723.3406   16.3854
    7.5000  -45.0000  -15.0000 2735.5662   16.3646
   -7.5000  -37.5000  -15.0000 2768.9536   15.8435
    0.0000  -37.5000  -15.0000 2777.3264   15.5745
    7.5000  -37.5000  -15.0000 2787.5325   15.5740
   -7.5000  -30.0000  -15.0000 2795.7261   15.2349
    0.0000  -30.0000  -15.0000 2803.4712   15.0180
    7.5000  -30.0000  -15.0000 2810.2317   15.0358
   -7.5000  -22.5000  -15.0000 2804.9597   14.8557
    0.0000  -22.5000  -15.0000 2816.0703   14.6543
    7.5000  -22.5000  -15.0000 2816.6333   14.6992
   -7.5000  -15.0000  -15.0000 2803.5342   14.8733
    0.0000  -15.0000  -15.0000 2812.7136   14.6148
    7.5000  -15.0000  -15.0000 2814.8315   14.7145
   -7.5000   -7.5000  -15.0000 2795.5405   15.2752
    0.0000   -7.5000  -15.0000 2806.9531   14.9795
    7.5000   -7.5000  -15.0000 2816.2222   15.1294
   -7.5000    0.0000  -15.0000 2762.2649   15.9689
    0.0000    0.0000  -15.0000 2775.5559   15.6900
    7.5000    0.0000  -15.0000 2784.2363   15.7848
   -7.5000    7.5000  -15.0000 2703.6885   16.9739
    0.0000    7.5000  -15.0000 2723.8984   16.7351
    7.5000    7.5000  -15.0000 2726.6628   16.8201
   -7.5000   15.0000  -15.0000 2622.5525   18.3140
    0.0000   15.0000  -15.0000 2642.6304   18.0996
    7.5000   15.0000  -15.0000 2636.7610   18.1750
   -7.5000   22.5000  -15.0000 2514.4631   19.9738
    0.0000   22.5000  -15.0000 2533.1665   19.7590
    7.5000   22.5000  -15.0000 2525.2559   19.8070
   -7.5000   30.0000  -15.0000 2377.4041   21.9581
    0.0000   30.0000  -15.0000 2390.0388   21.7503
    7.5000   30.0000  -15.0000 2380.9875   21.8049
   -7.5000   37.5000  -15.0000 2228.3452   24.5251
    0.0000   37.5000  -15.0000 2235.7073   24.2792
    7.5000   37.5000  -15.0000 2227.1921   24.3561
   -7.5000   45.0000  -15.0000 2084.6096   28.0029
    0.0000   45.0000  -15.0000 2085.4441   27.5647
    7.5000   45.0000  -15.0000 2081.5129   27.7004
   -7.5000  -45.0000   -7.5000 2754.1123   16.0791
    0.0000  -45.0000   -7.5000 2768.9309   15.8182
    7.5000  -45.0000   -7.5000 2781.5276   15.8309
   -7.5000  -37.5000   -7.5000 2812.0808   15.2880
    0.0000  -37.5000   -7.5000 2832.1221   15.0338
    7.5000  -37.5000   -7.5000 2845.3875   15.0417
   -7.5000  -30.0000   -7.5000 2842.5417   14.6542
    0.0000  -30.0000   -7.5000 2857.6667   14.4415
    7.5000  -30.0000   -7.5000 2864.8958   14.4241
   -7.5000  -22.5000   -7.5000 2858.3020   14.2140
    0.0000  -22.5000   -7.5000 2861.3225   13.9416
    7.5000  -22.5000   -7.5000 2868.8462   14.0338
   -7.5000  -15.0000   -7.5000 2861.1499   14.2200
    0.0000  -15.0000   -7.5000 2862.5310   13.9006
    7.5000  -15.0000   -7.5000 2872.2432   14.0357
   -7.5000   -7.5000   -7.5000 2847.9705   14.6507
    0.0000   -7.5000   -7.5000 2860.4014   14.3535
    7.5000   -7.5000   -7.5000 2874.4731   14.4937
   -7.5000    0.0000   -7.5000 2804.2615   15.3968
    0.0000    0.0000   -7.5000 2821.9844   15.1098
    7.5000    0.0000   -7.5000 2834.7705   15.2457
   -7.5000    7.5000   -7.5000 2742.9973   16.4122
    0.0000    7.5000   -7.5000 2759.6765   16.1653
    7.5000    7.5000   -7.5000 2769.5212   16.3152
   -7.5000   15.0000   -7.5000 2657.6331   17.7480
    0.0000   15.0000   -7.5000 2671.1313   17.5068
    7.5000   15.0000   -7.5000 2675.3032   17.6342
   -7.5000   22.5000   -7.5000 2545.5203   19.3489
    0.0000   22.5000   -7.5000 2562.1475   19.1126
    7.5000   22.5000   -7.5000 2565.0535   19.2119
   -7.5000   30.0000   -7.5000 2403.4312   21.2983
    0.0000   30.0000   -7.5000 2410.7039   21.0773
    7.5000   30.0000   -7.5000 2413.8062   21.1503
   -7.5000   37.5000   -7.5000 2252.3088   23.8236
    0.0000   37.5000   -7.5000 2256.3503   23.5212
    7.5000   37.5000   -7.5000 2258.2451   23.6557
   -7.5000   45.0000   -7.5000 2112.4641   27.1955
    0.0000   45.0000   -7.5000 2108.2483   26.7348
    7.5000   45.0000   -7.5000 2107.4270   26.9175
   -7.5000  -45.0000    0.0000 2781.1711   15.8435
    0.0000  -45.0000    0.0000 2801.7539   15.5787
    7.5000  -45.0000    0.0000 2812.9656   15.6218
   -7.5000  -37.5000    0.0000 2851.0427   15.0402
    0.0000  -37.5000    0.0000 2871.5806   14.8138
    7.5000  -37.5000    0.0000 2883.7498   14.8093
   -7.5000  -30.0000    0.0000 2886.8271   14.3933
    0.0000  -30.0000    0.0000 2904.4778   14.1562
    7.5000  -30.0000    0.0000 2906.5222   14.1550
   -7.5000  -22.5000    0.0000 2895.6035   13.8476
    0.0000  -22.5000    0.0000 2889.4937   13.4781
    7.5000  -22.5000    0.0000 2898.3892   13.6332
   -7.5000  -15.0000    0.0000 2900.4177   13.8493
    0.0000  -15.0000    0.0000 2896.6167   13.4526
    7.5000  -15.0000    0.0000 2906.9023   13.6728
   -7.5000   -7.5000    0.0000 2883.9553   14.3245
    0.0000   -7.5000    0.0000 2893.7866   13.9730
    7.5000   -7.5000    0.0000 2906.5811   14.1832
   -7.5000    0.0000    0.0000 2838.1765   15.1195
    0.0000    0.0000    0.0000 2852.7002   14.7881
    7.5000    0.0000    0.0000 2864.5098   14.9913
   -7.5000    7.5000    0.0000 2770.6538   16.1910
    0.0000    7.5000    0.0000 2785.4634   15.8677
    7.5000    7.5000    0.0000 2793.5354   16.0830
   -7.5000   15.0000    0.0000 2683.2087   17.5268
    0.0000   15.0000    0.0000 2695.4939   17.2086
    7.5000   15.0000    0.0000 2698.1687   17.3990
   -7.5000   22.5000    0.0000 2569.1223   19.1417
    0.0000   22.5000    0.0000 2585.4895   18.8227
    7.5000   22.5000    0.0000 2581.0044   18.9587
   -7.5000   30.0000    0.0000 2423.8215   21.0819
    0.0000   30.0000    0.0000 2430.7051   20.7653
    7.5000   30.0000    0.0000 2430.5266   20.8643
   -7.5000   37.5000    0.0000 2267.9666   23.5298
    0.0000   37.5000    0.0000 2273.7742   23.1603
    7.5000   37.5000    0.0000 2268.7759   23.2747
   -7.5000   45.0000    0.0000 2122.1921   26.7055
    0.0000   45.0000    0.0000 2123.4868   26.2221
    7.5000   45.0000    0.0000 2117.0579   26.3845
   -7.5000  -45.0000    7.5000 2784.5837   15.7257
    0.0000  -45.0000    7.5000 2824.2219   15.6147
    7.5000  -45.0000    7.5000 2822.9827   15.5015
   -7.5000  -37.5000    7.5000 2870.1606   14.9562
    0.0000  -37.5000    7.5000 2907.4131   14.9106
    7.5000  -37.5000    7.5000 2894.6917   14.6981
   -7.5000  -30.0000    7.5000 2915.9873   14.3252
    0.0000  -30.0000    7.5000 2943.4858   14.2201
    7.5000  -30.0000    7.5000 2920.3899   14.0796
   -7.5000  -22.5000    7.5000 2925.9424   13.7878
    0.0000  -22.5000    7.5000 2922.4438   13.4885
    7.5000  -22.5000    7.5000 2920.3376   13.6689
   -7.5000  -15.0000    7.5000 2927.5278   13.8036
    0.0000  -15.0000    7.5000 2928.2251   13.4797
    7.5000  -15.0000    7.5000 2925.3545   13.6829
   -7.5000   -7.5000    7.5000 2906.7830   14.3003
    0.0000   -7.5000    7.5000 2919.6816   14.0094
    7.5000   -7.5000    7.5000 2915.8606   14.1314
   -7.5000    0.0000    7.5000 2854.0115   15.0709
    0.0000    0.0000    7.5000 2872.8577   14.8180
    7.5000    0.0000    7.5000 2871.3147   14.9029
   -7.5000    7.5000    7.5000 2778.0349   16.1392
    0.0000    7.5000    7.5000 2804.1436   15.9244
    7.5000    7.5000    7.5000 2796.9385   15.9670
   -7.5000   15.0000    7.5000 2685.2510   17.4660
    0.0000   15.0000    7.5000 2710.8716   17.2869
    7.5000   15.0000    7.5000 2696.0142   17.2989
   -7.5000   22.5000    7.5000 2571.3425   19.1007
    0.0000   22.5000    7.5000 2594.4358   18.9282
    7.5000   22.5000    7.5000 2579.4456   18.8699
   -7.5000   30.0000    7.5000 2425.4421   21.0795
    0.0000   30.0000    7.5000 2438.4419   20.8529
    7.5000   30.0000    7.5000 2430.8171   20.7706
   -7.5000   37.5000    7.5000 2270.3379   23.4862
    0.0000   37.5000    7.5000 2275.4727   23.1441
    7.5000   37.5000    7.5000 2267.5122   23.1642
   -7.5000   45.0000    7.5000 2134.4038   26.7343
    0.0000   45.0000    7.5000 2129.4443   26.2037
    7.5000   45.0000    7.5000 2120.8999   26.2957
   -7.5000  -45.0000   15.0000 2784.6714   15.8474
    0.0000  -45.0000   15.0000 2818.1733   15.7404
    7.5000  -45.0000   15.0000 2827.1768   15.6680
   -7.5000  -37.5000   15.0000 2868.5044   15.0074
    0.0000  -37.5000   15.0000 2905.8511   15.0385
    7.5000  -37.5000   15.0000 2892.5996   14.8353
   -7.5000  -30.0000   15.0000 2914.2429   14.4774
    0.0000  -30.0000   15.0000 2956.6631   14.5330
    7.5000  -30.0000   15.0000 2921.1875   14.3368
   -7.5000  -22.5000   15.0000 2935.4800   14.1491
    0.0000  -22.5000   15.0000 2967.6921   14.1479
    7.5000  -22.5000   15.0000 2926.4160   14.0650
   -7.5000  -15.0000   15.0000 2932.7610   14.2178
    0.0000  -15.0000   15.0000 2958.0688   14.1380
    7.5000  -15.0000   15.0000 2928.3792   14.1066
   -7.5000   -7.5000   15.0000 2898.2117   14.6212
    0.0000   -7.5000   15.0000 2922.1206   14.4442
    7.5000   -7.5000   15.0000 2902.7483   14.4387
   -7.5000    0.0000   15.0000 2841.6643   15.3251
    0.0000    0.0000   15.0000 2858.0256   15.0653
    7.5000    0.0000   15.0000 2854.2073   15.0908
   -7.5000    7.5000   15.0000 2767.3630   16.3193
    0.0000    7.5000   15.0000 2783.3833   16.0457
    7.5000    7.5000   15.0000 2781.2793   16.1002
   -7.5000   15.0000   15.0000 2675.3384   17.6294
    0.0000   15.0000   15.0000 2689.8735   17.3760
    7.5000   15.0000   15.0000 2685.4856   17.4329
   -7.5000   22.5000   15.0000 2555.6790   19.2773
    0.0000   22.5000   15.0000 2570.0991   19.0443
    7.5000   22.5000   15.0000 2568.0620   19.0805
   -7.5000   30.0000   15.0000 2406.0291   21.2897
    0.0000   30.0000   15.0000 2419.5771   21.0243
    7.5000   30.0000   15.0000 2417.7222   21.0520
   -7.5000   37.5000   15.0000 2259.6025   23.8091
    0.0000   37.5000   15.0000 2273.0413   23.4880
    7.5000   37.5000   15.0000 2263.6455   23.4975
   -7.5000   45.0000   15.0000 2124.1958   26.9669
    0.0000   45.0000   15.0000 2127.0337   26.5714
    7.5000   45.0000   15.0000 2114.2600   26.6140
   -7.5000  -45.0000   22.5000 2780.9460   16.3158
    0.0000  -45.0000   22.5000 2820.7930   16.3183
    7.5000  -45.0000   22.5000 2811.3640   16.2035
   -7.5000  -37.5000   22.5000 2856.7432   15.5070
    0.0000  -37.5000   22.5000 2892.4729   15.4757
    7.5000  -37.5000   22.5000 2877.5840   15.3952
   -7.5000  -30.0000   22.5000 2907.4751   15.0146
    0.0000  -30.0000   22.5000 2938.4697   14.9601
    7.5000  -30.0000   22.5000 2911.0137   14.9155
   -7.5000  -22.5000   22.5000 2923.6956   14.7486
    0.0000  -22.5000   22.5000 2945.7744   14.7120
    7.5000  -22.5000   22.5000 2922.8093   14.7140
   -7.5000  -15.0000   22.5000 2907.9993   14.8264
    0.0000  -15.0000   22.5000 2928.6357   14.7032
    7.5000  -15.0000   22.5000 2913.2710   14.7529
   -7.5000   -7.5000   22.5000 2869.9033   15.2027
    0.0000   -7.5000   22.5000 2884.1074   15.0276
    7.5000   -7.5000   22.5000 2877.3513   15.0683
   -7.5000    0.0000   22.5000 2811.6343   15.8471
    0.0000    0.0000   22.5000 2824.8340   15.6462
    7.5000    0.0000   22.5000 2820.7761   15.6747
   -7.5000    7.5000   22.5000 2738.1624   16.7882
    0.0000    7.5000   22.5000 2748.0803   16.5488
    7.5000    7.5000   22.5000 2743.6824   16.6010
   -7.5000   15.0000   22.5000 2639.4404   18.0430
    0.0000   15.0000   22.5000 2654.9192   17.8119
    7.5000   15.0000   22.5000 2651.6821   17.8520
   -7.5000   22.5000   22.5000 2518.5566   19.6990
    0.0000   22.5000   22.5000 2527.7004   19.4291
    7.5000   22.5000   22.5000 2529.3279   19.4357
   -7.5000   30.0000   22.5000 2379.8088   21.7183
    0.0000   30.0000   22.5000 2388.4292   21.4046
    7.5000   30.0000   22.5000 2389.9763   21.4152
   -7.5000   37.5000   22.5000 2245.6692   24.2288
    0.0000   37.5000   22.5000 2252.7756   23.9056
    7.5000   37.5000   22.5000 2247.3691   23.9374
   -7.5000   45.0000   22.5000 2105.6240   27.5159
    0.0000   45.0000   22.5000 2110.4463   27.0370
    7.5000   45.0000   22.5000 2099.0789   27.1628
   -7.5000  -45.0000   30.0000 2755.3433   17.0248
    0.0000  -45.0000   30.0000 2781.4033   16.9057
    7.5000  -45.0000   30.0000 2782.2788   17.0201
   -7.5000  -37.5000   30.0000 2821.0378   16.1700
    0.0000  -37.5000   30.0000 2847.4624   15.9853
    7.5000  -37.5000   30.0000 2846.1885   16.1462
   -7.5000  -30.0000   30.0000 2866.4705   15.6669
    0.0000  -30.0000   30.0000 2888.1226   15.5035
    7.5000  -30.0000   30.0000 2880.6553   15.6285
   -7.5000  -22.5000   30.0000 2875.5103   15.4612
    0.0000  -22.5000   30.0000 2896.6479   15.3494
    7.5000  -22.5000   30.0000 2884.9629   15.4327
   -7.5000  -15.0000   30.0000 2858.7397   15.5497
    0.0000  -15.0000   30.0000 2876.4287   15.3813
    7.5000  -15.0000   30.0000 2866.7927   15.4752
   -7.5000   -7.5000   30.0000 2822.4739   15.9188
    0.0000   -7.5000   30.0000 2832.9878   15.7057
    7.5000   -7.5000   30.0000 2827.9868   15.8153
   -7.5000    0.0000   30.0000 2765.8950   16.5674
    0.0000    0.0000   30.0000 2775.7085   16.3496
    7.5000    0.0000   30.0000 2773.2563   16.4669
   -7.5000    7.5000   30.0000 2687.0974   17.5335
    0.0000    7.5000   30.0000 2699.9773   17.3108
    7.5000    7.5000   30.0000 2696.7444   17.3837
   -7.5000   15.0000   30.0000 2585.8875   18.7490
    0.0000   15.0000   30.0000 2598.9861   18.5119
    7.5000   15.0000   30.0000 2598.9238   18.5727
   -7.5000   22.5000   30.0000 2468.7449   20.3293
    0.0000   22.5000   30.0000 2475.9514   20.0825
    7.5000   22.5000   30.0000 2474.3354   20.1105
   -7.5000   30.0000   30.0000 2342.5422   22.2968
    0.0000   30.0000   30.0000 2351.1597   22.0613
    7.5000   30.0000   30.0000 2349.6650   22.0940
   -7.5000   37.5000   30.0000 2212.7534   24.9302
    0.0000   37.5000   30.0000 2218.0659   24.5509
    7.5000   37.5000   30.0000 2213.1501   24.5804
   -7.5000   45.0000   30.0000 2071.1985   28.3225
    0.0000   45.0000   30.0000 2074.7964   27.7515
    7.5000   45.0000   30.0000 2064.3230   27.8924
   -7.5000  -45.0000   37.5000 2705.6116   17.8687
    0.0000  -45.0000   37.5000 2733.3853   17.7402
    7.5000  -45.0000   37.5000 2735.9910   17.9653
   -7.5000  -37.5000   37.5000 2769.7493   17.0114
    0.0000  -37.5000   37.5000 2790.9590   16.8312
    7.5000  -37.5000   37.5000 2793.4539   17.0975
   -7.5000  -30.0000   37.5000 2808.1760   16.4798
    0.0000  -30.0000   37.5000 2826.8989   16.3123
    7.5000  -30.0000   37.5000 2824.5383   16.5429
   -7.5000  -22.5000   37.5000 2813.1208   16.2974
    0.0000  -22.5000   37.5000 2832.8325   16.1648
    7.5000  -22.5000   37.5000 2827.0581   16.3481
   -7.5000  -15.0000   37.5000 2790.7419   16.4198
    0.0000  -15.0000   37.5000 2810.9412   16.2667
    7.5000  -15.0000   37.5000 2802.7349   16.3850
   -7.5000   -7.5000   37.5000 2759.0010   16.8091
    0.0000   -7.5000   37.5000 2770.2598   16.5993
    7.5000   -7.5000   37.5000 2762.8657   16.7365
   -7.5000    0.0000   37.5000 2701.2800   17.4688
    0.0000    0.0000   37.5000 2714.5474   17.2462
    7.5000    0.0000   37.5000 2710.7043   17.3974
   -7.5000    7.5000   37.5000 2623.7300   18.4184
    0.0000    7.5000   37.5000 2637.3210   18.2153
    7.5000    7.5000   37.5000 2634.2634   18.3260
   -7.5000   15.0000   37.5000 2527.9404   19.6361
    0.0000   15.0000   37.5000 2537.8772   19.4659
    7.5000   15.0000   37.5000 2533.9026   19.5612
   -7.5000   22.5000   37.5000 2414.3794   21.2434
    0.0000   22.5000   37.5000 2421.6516   21.0383
    7.5000   22.5000   37.5000 2413.9536   21.0896
   -7.5000   30.0000   37.5000 2292.2659   23.2425
    0.0000   30.0000   37.5000 2295.2910   22.9755
    7.5000   30.0000   37.5000 2291.9070   23.0195
   -7.5000   37.5000   37.5000 2164.2842   25.8722
    0.0000   37.5000   37.5000 2171.4241   25.5154
    7.5000   37.5000   37.5000 2162.2026   25.5712
   -7.5000   45.0000   37.5000 2027.0044   29.3237
    0.0000   45.0000   37.5000 2026.0868   28.7769
    7.5000   45.0000   37.5000 2014.2450   28.9301
   -7.5000  -45.0000   45.0000 2639.2942   18.9702
    0.0000  -45.0000   45.0000 2660.3945   18.7784
    7.5000  -45.0000   45.0000 2671.1667   19.1264
   -7.5000  -37.5000   45.0000 2697.0481   18.1220
    0.0000  -37.5000   45.0000 2713.6287   17.9113
    7.5000  -37.5000   45.0000 2722.2974   18.2626
   -7.5000  -30.0000   45.0000 2728.1416   17.5605
    0.0000  -30.0000   45.0000 2746.3037   17.3858
    7.5000  -30.0000   45.0000 2751.4958   17.6648
   -7.5000  -22.5000   45.0000 2740.4370   17.3219
    0.0000  -22.5000   45.0000 2754.5474   17.1917
    7.5000  -22.5000   45.0000 2753.2708   17.4280
   -7.5000  -15.0000   45.0000 2721.0913   17.4088
    0.0000  -15.0000   45.0000 2734.9934   17.2654
    7.5000  -15.0000   45.0000 2729.6794   17.4476
   -7.5000   -7.5000   45.0000 2687.5144   17.8315
    0.0000   -7.5000   45.0000 2698.9167   17.6326
    7.5000   -7.5000   45.0000 2694.3132   17.8190
   -7.5000    0.0000   45.0000 2628.2271   18.5412
    0.0000    0.0000   45.0000 2642.3132   18.3424
    7.5000    0.0000   45.0000 2634.9487   18.5148
   -7.5000    7.5000   45.0000 2554.9485   19.5081
    0.0000    7.5000   45.0000 2565.2046   19.3090
    7.5000    7.5000   45.0000 2561.0615   19.4526
   -7.5000   15.0000   45.0000 2458.9451   20.7636
    0.0000   15.0000   45.0000 2472.6560   20.5939
    7.5000   15.0000   45.0000 2463.9211   20.7084
   -7.5000   22.5000   45.0000 2344.2070   22.3689
    0.0000   22.5000   45.0000 2350.7371   22.1925
    7.5000   22.5000   45.0000 2352.1597   22.2824
   -7.5000   30.0000   45.0000 2227.1404   24.3929
    0.0000   30.0000   45.0000 2231.6265   24.2008
    7.5000   30.0000   45.0000 2225.1956   24.2666
   -7.5000   37.5000   45.0000 2108.0271   27.0803
    0.0000   37.5000   45.0000 2115.1123   26.7802
    7.5000   37.5000   45.0000 2096.1213   26.8300
   -7.5000   45.0000   45.0000 1973.6670   30.6624
    0.0000   45.0000   45.0000 1973.3230   30.1634
    7.5000   45.0000   45.0000 1956.8641   30.2930

---------------------------------------------------------------------
imgreg_4dfp /opt/freesurfer/average/711-2C_as_mni_average_305 /opt/freesurfer/average/711-2B_as_mni_average_305_mask talsrcimg_g11 none talsrcimg_to_711-2C_as_mni_average_305_t4 1283
---------------------------------------------------------------------

freesurfer imgreg_4dfp.c
/opt/freesurfer/average/711-2C_as_mni_average_305.4dfp.img
       256       256       256         1
  1.000000  1.000000  1.000000
orientation T byte_order littleendian
Reading image: /opt/freesurfer/average/711-2C_as_mni_average_305.4dfp.img
dimensions:      256       256       256
mmppix:       1.0000   -1.0000   -1.0000
center:     128.0000 -129.0000 -129.0000
/opt/freesurfer/average/711-2B_as_mni_average_305_mask.4dfp.img
       256       256       256         1
  1.000000  1.000000  1.000000
orientation T byte_order littleendian
Reading mask: /opt/freesurfer/average/711-2B_as_mni_average_305_mask.4dfp.img (2306576 pixels)
talsrcimg_g11.4dfp.img
       256       256       256         1
  1.000000  1.000000  1.000000
orientation T byte_order littleendian
Reading image: talsrcimg_g11.4dfp.img
dimensions:      256       256       256
mmppix:       1.0000   -1.0000   -1.0000
center:     128.0000 -129.0000 -129.0000
rotation matrix determinant  1.000000
fimgreg.f
image alignment mode   1283 decimal      503 hex
parameters
    0.0000  -22.5000   15.0000    0.0000    0.0000    0.0000
eta,q 0.93108 14.12372
niter,ni,del,rscale     5    3   12.0000    1.2000
parameter  4 -2.696717 -> -0.500000 qaram    1.1500
parameter  6  5.541701 ->  0.500000 qaram    1.1500
parameters
   -0.5153  -24.1731   15.9764    3.4500    0.8274   -3.4500
eta,q 0.94095 14.13747
  0.0771  0.0684  0.0794  0.0701  0.0703  0.0565
  0.0709  0.0662  0.0727  0.0679  0.0671  0.0584
  0.0668  0.0646  0.0670  0.0664  0.0652  0.0609
  0.0658  0.0653  0.0647  0.0657  0.0637  0.0635
  0.0694  0.0673  0.0676  0.0649  0.0635  0.0668
  0.0764  0.0716  0.0703  0.0632  0.0647  0.0699
  0.0788  0.0747  0.0711  0.0625  0.0679  0.0723
niter,ni,del,rscale     6    3   12.0000    1.2000
parameter  6  1.546514 ->  0.500000 qaram    1.3225
parameters
   -0.7018  -25.3426   16.2365    4.7284    0.8657   -7.4175
eta,q 0.94530 14.16246
  0.0725  0.0640  0.0711  0.0636  0.0665  0.0533
  0.0663  0.0618  0.0647  0.0621  0.0622  0.0543
  0.0607  0.0594  0.0597  0.0607  0.0592  0.0559
  0.0591  0.0590  0.0589  0.0590  0.0584  0.0584
  0.0623  0.0613  0.0605  0.0580  0.0593  0.0613
  0.0689  0.0660  0.0640  0.0590  0.0618  0.0648
  0.0727  0.0696  0.0684  0.0621  0.0664  0.0684
niter,ni,del,rscale     6    3   12.0000    1.2000
parameter  6  0.667876 ->  0.500000 qaram    1.5209
parameters
   -1.0948  -26.4552   15.8925    5.4745    1.4773  -11.9801
eta,q 0.94771 14.18427
  0.0685  0.0597  0.0647  0.0620  0.0640  0.0528
  0.0608  0.0566  0.0589  0.0582  0.0588  0.0522
  0.0549  0.0548  0.0549  0.0550  0.0556  0.0527
  0.0547  0.0543  0.0544  0.0543  0.0542  0.0541
  0.0589  0.0561  0.0567  0.0543  0.0543  0.0568
  0.0644  0.0611  0.0612  0.0557  0.0562  0.0603
  0.0707  0.0661  0.0666  0.0594  0.0609  0.0644
niter,ni,del,rscale     6    3   12.0000    1.2000
parameters
   -1.5577  -26.8942   15.5766    5.5287    2.1908  -11.5446
eta,q 0.94795 14.14349
  0.0663  0.0613  0.0624  0.0617  0.0626  0.0619
  0.0583  0.0562  0.0568  0.0552  0.0577  0.0558
  0.0535  0.0533  0.0530  0.0525  0.0542  0.0527
  0.0523  0.0523  0.0524  0.0523  0.0523  0.0520
  0.0549  0.0535  0.0543  0.0540  0.0519  0.0529
  0.0627  0.0583  0.0585  0.0564  0.0540  0.0555
  0.0707  0.0646  0.0644  0.0600  0.0593  0.0594
niter,ni,del,rscale     5    3   12.0000    1.2000
parameters
   -1.8363  -26.7920   15.4466    5.4924    2.4254  -11.4734
eta,q 0.94814 14.12297
  0.0682  0.0628  0.0632  0.0613  0.0613  0.0608
  0.0588  0.0568  0.0568  0.0543  0.0567  0.0552
  0.0532  0.0535  0.0525  0.0519  0.0535  0.0525
  0.0521  0.0520  0.0520  0.0519  0.0519  0.0519
  0.0547  0.0526  0.0540  0.0536  0.0519  0.0528
  0.0620  0.0562  0.0580  0.0560  0.0548  0.0557
  0.0705  0.0624  0.0635  0.0598  0.0608  0.0600
niter,ni,del,rscale     4    3   12.0000    1.2000
parameters
   -1.9396  -26.7208   15.4052    5.4607    2.5233  -11.4345
eta,q 0.94825 14.11503
  0.0693  0.0626  0.0636  0.0612  0.0609  0.0606
  0.0595  0.0565  0.0571  0.0541  0.0565  0.0551
  0.0533  0.0532  0.0525  0.0517  0.0533  0.0525
  0.0519  0.0518  0.0518  0.0518  0.0518  0.0518
  0.0541  0.0525  0.0538  0.0535  0.0519  0.0527
  0.0612  0.0562  0.0578  0.0559  0.0550  0.0556
  0.0698  0.0623  0.0632  0.0596  0.0613  0.0600
niter,ni,del,rscale     3    3   12.0000    1.2000
parameters
   -1.9755  -26.6901   15.3903    5.4463    2.5599  -11.4180
eta,q 0.94829 14.11230
  0.0697  0.0625  0.0637  0.0612  0.0607  0.0606
  0.0599  0.0563  0.0572  0.0541  0.0564  0.0551
  0.0534  0.0531  0.0525  0.0516  0.0532  0.0525
  0.0518  0.0517  0.0517  0.0517  0.0517  0.0517
  0.0539  0.0525  0.0538  0.0534  0.0520  0.0527
  0.0609  0.0563  0.0577  0.0558  0.0551  0.0556
  0.0695  0.0624  0.0631  0.0596  0.0616  0.0601
registration optimization eta report
parameter search radius
    6.0000    6.0000    6.0000    6.9000    6.0000    9.1253
100000*second partial in parameter space
       50.       30.       32.       18.       27.       10.
  0.0697  0.0625  0.0637  0.0612  0.0607  0.0606
  0.0599  0.0563  0.0572  0.0541  0.0564  0.0551
  0.0534  0.0531  0.0525  0.0516  0.0532  0.0525
  0.0518  0.0517  0.0517  0.0517  0.0517  0.0517
  0.0539  0.0525  0.0538  0.0534  0.0520  0.0527
  0.0609  0.0563  0.0577  0.0558  0.0551  0.0556
  0.0695  0.0624  0.0631  0.0596  0.0616  0.0601
   -1.9755  -26.6901   15.3903    5.4463    2.5599  -11.4180
eta,q 0.94829 14.11230

---------------------------------------------------------------------
imgreg_4dfp /opt/freesurfer/average/711-2C_as_mni_average_305 /opt/freesurfer/average/711-2B_as_mni_average_305_mask talsrcimg_g11 none talsrcimg_to_711-2C_as_mni_average_305_t4 3335
---------------------------------------------------------------------

freesurfer imgreg_4dfp.c
/opt/freesurfer/average/711-2C_as_mni_average_305.4dfp.img
       256       256       256         1
  1.000000  1.000000  1.000000
orientation T byte_order littleendian
Reading image: /opt/freesurfer/average/711-2C_as_mni_average_305.4dfp.img
dimensions:      256       256       256
mmppix:       1.0000   -1.0000   -1.0000
center:     128.0000 -129.0000 -129.0000
/opt/freesurfer/average/711-2B_as_mni_average_305_mask.4dfp.img
       256       256       256         1
  1.000000  1.000000  1.000000
orientation T byte_order littleendian
Reading mask: /opt/freesurfer/average/711-2B_as_mni_average_305_mask.4dfp.img (2306576 pixels)
talsrcimg_g11.4dfp.img
       256       256       256         1
  1.000000  1.000000  1.000000
orientation T byte_order littleendian
Reading image: talsrcimg_g11.4dfp.img
dimensions:      256       256       256
mmppix:       1.0000   -1.0000   -1.0000
center:     128.0000 -129.0000 -129.0000
fimgreg.f
image alignment mode   3335 decimal      D07 hex
parameters
   -1.9755  -26.6901   15.3903   -2.0769   -2.3377   -0.5508
   19.2916   -6.2371  -19.7768   -8.4232    4.4664    9.4817
eta,q 0.94755 14.19708
niter,ni,del,rscale     5    3    5.0000    1.2000
parameter  4  1.000006 ->  0.500000 qaram    1.1500
parameter  5-19.367210 ->  0.500000 qaram    1.1500
parameter  6  0.528643 ->  0.500000 qaram    1.1500
parameter  7  0.780784 ->  0.500000 qaram    1.1500
parameter 11  0.758536 ->  0.500000 qaram    1.1500
parameter 12-13.778599 ->  0.500000 qaram    1.1500
parameters
   -2.0143  -27.1002   15.8112   -6.2169   -6.4777   -4.6908
   15.1516   -6.0964  -19.0910   -9.4353    0.3264    5.3417
eta,q 0.96208 14.19513
  0.0567  0.0534  0.0552  0.0475  0.0374  0.0407  0.0399  0.0441  0.0423  0.0423  0.0393  0.0369
  0.0544  0.0528  0.0539  0.0480  0.0403  0.0409  0.0397  0.0415  0.0410  0.0406  0.0393  0.0377
  0.0529  0.0524  0.0529  0.0493  0.0439  0.0409  0.0401  0.0402  0.0401  0.0398  0.0395  0.0386
  0.0524  0.0524  0.0524  0.0523  0.0482  0.0412  0.0410  0.0398  0.0398  0.0398  0.0397  0.0393
  0.0530  0.0528  0.0524  0.0576  0.0526  0.0438  0.0423  0.0401  0.0399  0.0404  0.0401  0.0401
  0.0546  0.0534  0.0529  0.0636  0.0556  0.0487  0.0440  0.0413  0.0405  0.0419  0.0407  0.0408
  0.0569  0.0543  0.0538  0.0688  0.0585  0.0545  0.0461  0.0437  0.0415  0.0442  0.0414  0.0416
niter,ni,del,rscale     7    3    5.0000    1.2000
parameter  2  0.835672 ->  0.500000 qaram    1.1500
parameter  3  4.864056 ->  0.500000 qaram    1.1500
parameter  5  0.978745 ->  0.500000 qaram    1.3225
parameters
   -2.1086  -28.4802   14.4312   -8.4139  -11.2387   -6.6822
   16.1440   -6.0231  -18.6518  -12.8810    1.6164    2.3262
eta,q 0.97276 14.11693
  0.0407  0.0365  0.0306  0.0350  0.0277  0.0305  0.0328  0.0319  0.0310  0.0286  0.0290  0.0280
  0.0391  0.0364  0.0322  0.0338  0.0282  0.0293  0.0309  0.0298  0.0296  0.0277  0.0283  0.0274
  0.0382  0.0369  0.0342  0.0330  0.0299  0.0286  0.0294  0.0286  0.0287  0.0276  0.0278  0.0272
  0.0379  0.0379  0.0364  0.0327  0.0329  0.0286  0.0285  0.0283  0.0283  0.0283  0.0275  0.0275
  0.0383  0.0395  0.0388  0.0334  0.0375  0.0294  0.0284  0.0287  0.0285  0.0299  0.0275  0.0282
  0.0394  0.0415  0.0412  0.0373  0.0436  0.0313  0.0294  0.0299  0.0292  0.0322  0.0278  0.0293
  0.0412  0.0438  0.0436  0.0437  0.0497  0.0358  0.0314  0.0316  0.0304  0.0349  0.0283  0.0309
niter,ni,del,rscale     7    3    5.0000    1.2000
parameter  3  1.086328 ->  0.500000 qaram    1.3225
parameters
   -1.8725  -28.1014   12.8442   -7.2684  -14.7987   -5.0127
   16.1261   -5.3931  -19.0917  -11.9362    2.3874    1.9645
eta,q 0.97604 14.09654
  0.0306  0.0321  0.0247  0.0296  0.0268  0.0286  0.0278  0.0297  0.0260  0.0284  0.0252  0.0255
  0.0289  0.0297  0.0251  0.0279  0.0253  0.0269  0.0260  0.0260  0.0248  0.0261  0.0244  0.0247
  0.0278  0.0281  0.0259  0.0264  0.0244  0.0256  0.0247  0.0243  0.0241  0.0246  0.0241  0.0241
  0.0272  0.0272  0.0271  0.0253  0.0249  0.0245  0.0240  0.0240  0.0240  0.0240  0.0240  0.0240
  0.0273  0.0272  0.0288  0.0246  0.0277  0.0236  0.0242  0.0244  0.0244  0.0242  0.0240  0.0241
  0.0281  0.0282  0.0310  0.0251  0.0331  0.0237  0.0257  0.0254  0.0253  0.0250  0.0242  0.0248
  0.0295  0.0301  0.0336  0.0286  0.0401  0.0270  0.0282  0.0275  0.0266  0.0265  0.0248  0.0258
niter,ni,del,rscale     7    3    5.0000    1.2000
parameter  3  0.508956 ->  0.500000 qaram    1.5209
parameters
   -1.7559  -27.5614   11.0192   -6.7353  -15.4677   -6.5808
   16.4366   -5.1864  -19.7423  -10.8503    3.8243    1.7005
eta,q 0.97648 14.02288
  0.0271  0.0288  0.0236  0.0283  0.0279  0.0263  0.0276  0.0289  0.0254  0.0276  0.0250  0.0248
  0.0255  0.0266  0.0231  0.0264  0.0258  0.0251  0.0258  0.0255  0.0243  0.0254  0.0242  0.0241
  0.0244  0.0249  0.0232  0.0247  0.0240  0.0240  0.0244  0.0239  0.0237  0.0241  0.0238  0.0237
  0.0240  0.0239  0.0238  0.0231  0.0229  0.0230  0.0236  0.0236  0.0236  0.0236  0.0236  0.0235
  0.0241  0.0238  0.0249  0.0222  0.0231  0.0228  0.0238  0.0240  0.0240  0.0238  0.0235  0.0237
  0.0250  0.0246  0.0266  0.0238  0.0257  0.0265  0.0250  0.0253  0.0249  0.0244  0.0237  0.0242
  0.0266  0.0262  0.0292  0.0286  0.0311  0.0352  0.0274  0.0280  0.0261  0.0255  0.0243  0.0250
niter,ni,del,rscale     7    3    5.0000    1.2000
parameters
   -1.6650  -27.0950   10.9237   -6.5308  -15.6792   -7.0900
   16.6365   -5.3345  -20.4218  -10.0949    4.2857    1.4198
eta,q 0.97649 14.00345
  0.0266  0.0277  0.0262  0.0282  0.0284  0.0268  0.0275  0.0281  0.0253  0.0270  0.0247  0.0249
  0.0250  0.0257  0.0246  0.0264  0.0263  0.0255  0.0257  0.0252  0.0242  0.0250  0.0241  0.0241
  0.0240  0.0243  0.0237  0.0248  0.0246  0.0244  0.0243  0.0238  0.0236  0.0239  0.0237  0.0237
  0.0235  0.0235  0.0234  0.0234  0.0233  0.0234  0.0236  0.0235  0.0235  0.0235  0.0235  0.0235
  0.0237  0.0235  0.0238  0.0227  0.0233  0.0224  0.0237  0.0240  0.0240  0.0238  0.0235  0.0237
  0.0246  0.0242  0.0248  0.0245  0.0254  0.0242  0.0250  0.0255  0.0248  0.0245  0.0238  0.0242
  0.0263  0.0256  0.0265  0.0293  0.0303  0.0306  0.0275  0.0284  0.0260  0.0255  0.0246  0.0251
niter,ni,del,rscale     6    3    5.0000    1.2000
parameters
   -1.6473  -26.9188   10.7577   -6.5134  -15.7567   -7.2578
   16.8232   -5.3864  -20.7395   -9.6961    4.5714    1.3107
eta,q 0.97645 13.99528
  0.0265  0.0269  0.0261  0.0282  0.0285  0.0270  0.0275  0.0282  0.0255  0.0266  0.0248  0.0250
  0.0249  0.0252  0.0246  0.0265  0.0264  0.0256  0.0257  0.0253  0.0244  0.0247  0.0241  0.0242
  0.0239  0.0241  0.0238  0.0249  0.0247  0.0245  0.0243  0.0239  0.0237  0.0238  0.0238  0.0237
  0.0235  0.0235  0.0235  0.0235  0.0235  0.0235  0.0236  0.0235  0.0235  0.0235  0.0236  0.0236
  0.0238  0.0237  0.0239  0.0229  0.0233  0.0225  0.0237  0.0240  0.0239  0.0239  0.0236  0.0237
  0.0248  0.0246  0.0249  0.0250  0.0253  0.0238  0.0250  0.0254  0.0247  0.0246  0.0239  0.0242
  0.0265  0.0263  0.0266  0.0298  0.0300  0.0295  0.0275  0.0284  0.0258  0.0257  0.0247  0.0251
niter,ni,del,rscale     5    3    5.0000    1.2000
parameters
   -1.6403  -26.8063   10.6667   -6.5427  -15.8231   -7.3767
   16.9327   -5.4274  -20.9331   -9.4647    4.7669    1.2611
eta,q 0.97638 13.98767
  0.0266  0.0268  0.0263  0.0282  0.0285  0.0270  0.0275  0.0283  0.0256  0.0264  0.0248  0.0250
  0.0250  0.0251  0.0247  0.0265  0.0265  0.0257  0.0257  0.0254  0.0244  0.0247  0.0242  0.0243
  0.0239  0.0240  0.0238  0.0249  0.0248  0.0245  0.0243  0.0240  0.0238  0.0238  0.0238  0.0238
  0.0236  0.0236  0.0235  0.0235  0.0236  0.0236  0.0236  0.0236  0.0236  0.0236  0.0236  0.0236
  0.0238  0.0238  0.0239  0.0230  0.0234  0.0226  0.0238  0.0240  0.0239  0.0240  0.0236  0.0238
  0.0248  0.0247  0.0249  0.0251  0.0253  0.0238  0.0251  0.0254  0.0247  0.0247  0.0240  0.0243
  0.0266  0.0264  0.0266  0.0299  0.0300  0.0294  0.0276  0.0284  0.0258  0.0258  0.0248  0.0251
niter,ni,del,rscale     4    3    5.0000    1.2000
parameters
   -1.6362  -26.7324   10.6072   -6.5649  -15.8730   -7.4597
   17.0036   -5.4570  -21.0469   -9.3164    4.8814    1.2280
eta,q 0.97634 13.98199
  0.0266  0.0267  0.0264  0.0283  0.0285  0.0271  0.0275  0.0283  0.0257  0.0263  0.0249  0.0251
  0.0250  0.0251  0.0248  0.0266  0.0265  0.0257  0.0257  0.0254  0.0245  0.0247  0.0242  0.0243
  0.0240  0.0241  0.0239  0.0250  0.0248  0.0246  0.0243  0.0240  0.0238  0.0238  0.0238  0.0239
  0.0236  0.0236  0.0236  0.0236  0.0236  0.0236  0.0237  0.0237  0.0237  0.0237  0.0237  0.0237
  0.0239  0.0239  0.0239  0.0231  0.0235  0.0226  0.0239  0.0240  0.0240  0.0240  0.0237  0.0238
  0.0249  0.0248  0.0249  0.0252  0.0253  0.0238  0.0252  0.0255  0.0247  0.0248  0.0240  0.0243
  0.0267  0.0265  0.0266  0.0299  0.0299  0.0293  0.0277  0.0284  0.0258  0.0259  0.0249  0.0251
niter,ni,del,rscale     3    3    5.0000    1.2000
parameters
   -1.6350  -26.6825   10.5683   -6.5768  -15.9090   -7.5103
   17.0464   -5.4765  -21.1197   -9.2172    4.9483    1.2043
eta,q 0.97631 13.97826
  0.0266  0.0267  0.0264  0.0283  0.0285  0.0271  0.0275  0.0283  0.0257  0.0263  0.0249  0.0251
  0.0250  0.0251  0.0249  0.0266  0.0266  0.0258  0.0257  0.0254  0.0246  0.0247  0.0242  0.0244
  0.0240  0.0241  0.0240  0.0250  0.0249  0.0246  0.0244  0.0241  0.0239  0.0238  0.0239  0.0239
  0.0237  0.0237  0.0237  0.0237  0.0237  0.0237  0.0237  0.0237  0.0237  0.0237  0.0237  0.0237
  0.0239  0.0239  0.0240  0.0231  0.0235  0.0227  0.0239  0.0241  0.0240  0.0241  0.0237  0.0239
  0.0249  0.0249  0.0249  0.0252  0.0254  0.0238  0.0253  0.0255  0.0247  0.0248  0.0241  0.0243
  0.0267  0.0266  0.0266  0.0300  0.0299  0.0292  0.0278  0.0284  0.0258  0.0259  0.0250  0.0252
niter,ni,del,rscale     2    3    5.0000    1.2000
parameters
   -1.6330  -26.6501   10.5432   -6.5852  -15.9310   -7.5430
   17.0710   -5.4841  -21.1659   -9.1486    5.0010    1.1869
eta,q 0.97628 13.97591
  0.0267  0.0267  0.0265  0.0284  0.0285  0.0271  0.0275  0.0284  0.0258  0.0263  0.0249  0.0251
  0.0251  0.0251  0.0249  0.0267  0.0266  0.0258  0.0257  0.0255  0.0246  0.0247  0.0243  0.0244
  0.0241  0.0241  0.0240  0.0251  0.0249  0.0247  0.0244  0.0241  0.0239  0.0238  0.0239  0.0239
  0.0237  0.0237  0.0237  0.0237  0.0237  0.0237  0.0237  0.0237  0.0237  0.0237  0.0237  0.0237
  0.0240  0.0240  0.0240  0.0232  0.0235  0.0227  0.0239  0.0241  0.0240  0.0241  0.0237  0.0239
  0.0250  0.0250  0.0250  0.0253  0.0254  0.0238  0.0253  0.0255  0.0247  0.0248  0.0241  0.0244
  0.0268  0.0266  0.0266  0.0300  0.0299  0.0292  0.0278  0.0284  0.0258  0.0259  0.0250  0.0252
niter,ni,del,rscale     1    3    5.0000    1.2000
parameters
   -1.6308  -26.6266   10.5271   -6.5905  -15.9454   -7.5677
   17.0890   -5.4906  -21.1923   -9.1066    5.0236    1.1746
eta,q 0.97628 13.97412
  0.0267  0.0267  0.0265  0.0284  0.0286  0.0271  0.0275  0.0284  0.0258  0.0263  0.0249  0.0251
  0.0251  0.0251  0.0249  0.0267  0.0266  0.0258  0.0257  0.0255  0.0246  0.0247  0.0243  0.0244
  0.0241  0.0241  0.0240  0.0251  0.0249  0.0247  0.0244  0.0241  0.0239  0.0239  0.0239  0.0239
  0.0237  0.0237  0.0237  0.0237  0.0237  0.0237  0.0237  0.0237  0.0237  0.0237  0.0237  0.0237
  0.0240  0.0240  0.0240  0.0232  0.0235  0.0227  0.0239  0.0241  0.0240  0.0241  0.0238  0.0239
  0.0250  0.0250  0.0250  0.0253  0.0254  0.0238  0.0253  0.0255  0.0247  0.0249  0.0241  0.0244
  0.0268  0.0267  0.0266  0.0300  0.0299  0.0292  0.0278  0.0284  0.0258  0.0260  0.0250  0.0252
registration optimization eta report
parameter search radius
    2.4000    2.7600    3.6501    8.2800    9.5220    8.2800
    8.2800    7.2000    7.2000    7.2000    8.2800    8.2800
100000*second partial in parameter space
       52.       39.       21.        8.        6.        7.
        6.        9.        4.        5.        2.        2.
  0.0267  0.0267  0.0265  0.0284  0.0286  0.0271  0.0275  0.0284  0.0258  0.0263  0.0249  0.0251
  0.0251  0.0251  0.0249  0.0267  0.0266  0.0258  0.0257  0.0255  0.0246  0.0247  0.0243  0.0244
  0.0241  0.0241  0.0240  0.0251  0.0249  0.0247  0.0244  0.0241  0.0239  0.0239  0.0239  0.0239
  0.0237  0.0237  0.0237  0.0237  0.0237  0.0237  0.0237  0.0237  0.0237  0.0237  0.0237  0.0237
  0.0240  0.0240  0.0240  0.0232  0.0235  0.0227  0.0239  0.0241  0.0240  0.0241  0.0238  0.0239
  0.0250  0.0250  0.0250  0.0253  0.0254  0.0238  0.0253  0.0255  0.0247  0.0249  0.0241  0.0244
  0.0268  0.0267  0.0266  0.0300  0.0299  0.0292  0.0278  0.0284  0.0258  0.0260  0.0250  0.0252
   -1.6308  -26.6266   10.5271   -6.5905  -15.9454   -7.5677
   17.0890   -5.4906  -21.1923   -9.1066    5.0236    1.1746
eta,q 0.97628 13.97412

---------------------------------------------------------------------
imgreg_4dfp /opt/freesurfer/average/711-2C_as_mni_average_305 /opt/freesurfer/average/711-2B_as_mni_average_305_mask talsrcimg_g11 none talsrcimg_to_711-2C_as_mni_average_305_t4 2311
---------------------------------------------------------------------

freesurfer imgreg_4dfp.c
/opt/freesurfer/average/711-2C_as_mni_average_305.4dfp.img
       256       256       256         1
  1.000000  1.000000  1.000000
orientation T byte_order littleendian
Reading image: /opt/freesurfer/average/711-2C_as_mni_average_305.4dfp.img
dimensions:      256       256       256
mmppix:       1.0000   -1.0000   -1.0000
center:     128.0000 -129.0000 -129.0000
/opt/freesurfer/average/711-2B_as_mni_average_305_mask.4dfp.img
       256       256       256         1
  1.000000  1.000000  1.000000
orientation T byte_order littleendian
Reading mask: /opt/freesurfer/average/711-2B_as_mni_average_305_mask.4dfp.img (2306576 pixels)
talsrcimg_g11.4dfp.img
       256       256       256         1
  1.000000  1.000000  1.000000
orientation T byte_order littleendian
Reading image: talsrcimg_g11.4dfp.img
dimensions:      256       256       256
mmppix:       1.0000   -1.0000   -1.0000
center:     128.0000 -129.0000 -129.0000
fimgreg.f
image alignment mode   2311 decimal      907 hex
parameters
   -1.6308  -26.6266   10.5271   -6.5905  -15.9454   -7.5677
   17.0890   -5.4906  -21.1923   -9.1066    5.0236    1.1746
eta,q 0.97628 13.97412
niter,ni,del,rscale     5    3    5.0000    0.8000
parameter  6 -0.509537 -> -0.500000 qaram    1.1500
parameters
   -1.5894  -26.5652   10.5512   -4.9575  -14.9239   -4.8077
   16.8233   -5.5967  -20.6187   -8.7877    4.3110    0.4234
eta,q 0.97775 14.11611
  0.0251  0.0248  0.0243  0.0263  0.0251  0.0249  0.0240  0.0266  0.0239  0.0242  0.0232  0.0228
  0.0244  0.0242  0.0240  0.0253  0.0243  0.0243  0.0231  0.0242  0.0231  0.0231  0.0226  0.0225
  0.0239  0.0239  0.0238  0.0245  0.0237  0.0237  0.0225  0.0227  0.0225  0.0225  0.0223  0.0223
  0.0237  0.0237  0.0237  0.0237  0.0232  0.0231  0.0223  0.0223  0.0223  0.0223  0.0223  0.0223
  0.0238  0.0238  0.0238  0.0232  0.0231  0.0225  0.0225  0.0229  0.0223  0.0224  0.0225  0.0224
  0.0242  0.0241  0.0239  0.0233  0.0233  0.0223  0.0233  0.0245  0.0227  0.0229  0.0231  0.0227
  0.0250  0.0247  0.0243  0.0245  0.0241  0.0232  0.0246  0.0269  0.0232  0.0237  0.0239  0.0233
niter,ni,del,rscale     5    3    5.0000    0.8000
parameters
   -1.7438  -26.9625   10.9989   -5.5157  -14.5317   -5.6650
   17.0540   -5.3436  -20.5614   -9.4966    4.0488    1.0897
eta,q 0.97763 14.12153
  0.0239  0.0228  0.0238  0.0244  0.0239  0.0244  0.0243  0.0258  0.0236  0.0234  0.0230  0.0232
  0.0230  0.0224  0.0230  0.0234  0.0232  0.0236  0.0234  0.0240  0.0230  0.0227  0.0227  0.0228
  0.0224  0.0222  0.0225  0.0226  0.0226  0.0229  0.0228  0.0229  0.0226  0.0224  0.0225  0.0226
  0.0223  0.0222  0.0222  0.0221  0.0222  0.0222  0.0225  0.0225  0.0224  0.0224  0.0224  0.0224
  0.0226  0.0226  0.0221  0.0224  0.0221  0.0222  0.0226  0.0227  0.0226  0.0228  0.0225  0.0224
  0.0235  0.0232  0.0223  0.0239  0.0226  0.0242  0.0231  0.0236  0.0229  0.0233  0.0227  0.0226
  0.0248  0.0241  0.0226  0.0265  0.0237  0.0283  0.0241  0.0252  0.0235  0.0242  0.0232  0.0229
niter,ni,del,rscale     4    3    5.0000    0.7000
parameters
   -1.7251  -27.1104   10.7947   -5.3055  -14.3275   -5.7052
   17.0611   -5.3116  -20.4509   -9.6032    4.0213    1.2973
eta,q 0.97771 14.13145
  0.0237  0.0231  0.0228  0.0244  0.0237  0.0242  0.0237  0.0249  0.0233  0.0234  0.0229  0.0228
  0.0230  0.0227  0.0225  0.0236  0.0231  0.0236  0.0230  0.0234  0.0227  0.0227  0.0226  0.0226
  0.0226  0.0224  0.0224  0.0229  0.0226  0.0229  0.0225  0.0226  0.0224  0.0224  0.0224  0.0224
  0.0224  0.0224  0.0224  0.0224  0.0223  0.0223  0.0223  0.0223  0.0223  0.0223  0.0223  0.0223
  0.0225  0.0225  0.0225  0.0223  0.0223  0.0219  0.0224  0.0226  0.0224  0.0225  0.0224  0.0223
  0.0229  0.0229  0.0227  0.0229  0.0227  0.0227  0.0229  0.0234  0.0227  0.0228  0.0226  0.0225
  0.0237  0.0235  0.0231  0.0245  0.0236  0.0252  0.0237  0.0248  0.0231  0.0234  0.0229  0.0228
niter,ni,del,rscale     3    3    5.0000    0.6000
parameters
   -1.7349  -27.1610   10.8169   -5.1324  -14.2164   -5.3672
   17.0068   -5.3430  -20.3734   -9.6591    3.8858    1.3197
eta,q 0.97786 14.14688
  0.0233  0.0229  0.0228  0.0239  0.0233  0.0239  0.0232  0.0242  0.0229  0.0230  0.0226  0.0225
  0.0228  0.0226  0.0225  0.0233  0.0228  0.0234  0.0226  0.0231  0.0225  0.0225  0.0224  0.0223
  0.0224  0.0224  0.0223  0.0227  0.0225  0.0228  0.0223  0.0224  0.0222  0.0222  0.0222  0.0222
  0.0223  0.0223  0.0223  0.0223  0.0223  0.0223  0.0221  0.0221  0.0221  0.0221  0.0221  0.0221
  0.0224  0.0224  0.0223  0.0223  0.0223  0.0219  0.0222  0.0224  0.0222  0.0222  0.0222  0.0222
  0.0228  0.0226  0.0225  0.0227  0.0226  0.0223  0.0226  0.0231  0.0224  0.0225  0.0224  0.0223
  0.0234  0.0230  0.0227  0.0239  0.0233  0.0240  0.0233  0.0243  0.0228  0.0230  0.0227  0.0225
niter,ni,del,rscale     2    3    5.0000    0.5000
parameters
   -1.7574  -27.2258   10.9049   -5.0015  -14.1197   -4.9505
   16.9552   -5.3689  -20.2557   -9.7644    3.7064    1.2815
eta,q 0.97802 14.16202
  0.0229  0.0226  0.0225  0.0234  0.0228  0.0235  0.0227  0.0236  0.0225  0.0226  0.0223  0.0223
  0.0225  0.0223  0.0223  0.0228  0.0225  0.0230  0.0223  0.0227  0.0222  0.0222  0.0221  0.0221
  0.0222  0.0222  0.0222  0.0224  0.0223  0.0226  0.0221  0.0222  0.0220  0.0220  0.0220  0.0220
  0.0221  0.0221  0.0221  0.0221  0.0221  0.0221  0.0220  0.0220  0.0220  0.0220  0.0220  0.0220
  0.0222  0.0222  0.0222  0.0221  0.0221  0.0218  0.0221  0.0222  0.0220  0.0221  0.0220  0.0220
  0.0225  0.0224  0.0222  0.0225  0.0224  0.0221  0.0223  0.0227  0.0222  0.0223  0.0222  0.0221
  0.0229  0.0227  0.0224  0.0233  0.0228  0.0233  0.0228  0.0236  0.0224  0.0226  0.0225  0.0223
niter,ni,del,rscale     1    3    5.0000    0.4000
parameters
   -1.7834  -27.2979   11.0268   -4.9093  -14.0427   -4.5138
   16.8989   -5.3817  -20.1030   -9.9132    3.5172    1.2030
eta,q 0.97816 14.17437
  0.0224  0.0222  0.0223  0.0228  0.0224  0.0230  0.0223  0.0230  0.0222  0.0222  0.0221  0.0220
  0.0222  0.0221  0.0221  0.0224  0.0222  0.0227  0.0221  0.0223  0.0220  0.0220  0.0219  0.0219
  0.0220  0.0220  0.0220  0.0221  0.0220  0.0223  0.0219  0.0220  0.0219  0.0219  0.0219  0.0219
  0.0220  0.0220  0.0220  0.0220  0.0220  0.0220  0.0218  0.0218  0.0218  0.0218  0.0218  0.0218
  0.0220  0.0220  0.0220  0.0220  0.0220  0.0218  0.0219  0.0220  0.0219  0.0219  0.0219  0.0219
  0.0222  0.0222  0.0220  0.0222  0.0221  0.0220  0.0221  0.0224  0.0220  0.0221  0.0220  0.0219
  0.0225  0.0224  0.0221  0.0228  0.0224  0.0227  0.0224  0.0230  0.0221  0.0223  0.0222  0.0221
registration optimization eta report
parameter search radius
    0.8000    0.8000    0.8000    2.4000    2.4000    2.7600
    2.4000    2.4000    2.4000    2.4000    2.4000    2.4000
100000*second partial in parameter space
       79.       51.       37.       14.        8.       12.
        9.       20.        6.        7.        5.        4.
  0.0224  0.0222  0.0223  0.0228  0.0224  0.0230  0.0223  0.0230  0.0222  0.0222  0.0221  0.0220
  0.0222  0.0221  0.0221  0.0224  0.0222  0.0227  0.0221  0.0223  0.0220  0.0220  0.0219  0.0219
  0.0220  0.0220  0.0220  0.0221  0.0220  0.0223  0.0219  0.0220  0.0219  0.0219  0.0219  0.0219
  0.0220  0.0220  0.0220  0.0220  0.0220  0.0220  0.0218  0.0218  0.0218  0.0218  0.0218  0.0218
  0.0220  0.0220  0.0220  0.0220  0.0220  0.0218  0.0219  0.0220  0.0219  0.0219  0.0219  0.0219
  0.0222  0.0222  0.0220  0.0222  0.0221  0.0220  0.0221  0.0224  0.0220  0.0221  0.0220  0.0219
  0.0225  0.0224  0.0221  0.0228  0.0224  0.0227  0.0224  0.0230  0.0221  0.0223  0.0222  0.0221
   -1.7834  -27.2979   11.0268   -4.9093  -14.0427   -4.5138
   16.8989   -5.3817  -20.1030   -9.9132    3.5172    1.2030
eta,q 0.97816 14.17437

---------------------------------------------------------------------
imgreg_4dfp /opt/freesurfer/average/711-2C_as_mni_average_305 /opt/freesurfer/average/711-2B_as_mni_average_305_mask talsrcimg_g11 none talsrcimg_to_711-2C_as_mni_average_305_t4 2311
---------------------------------------------------------------------

freesurfer imgreg_4dfp.c
/opt/freesurfer/average/711-2C_as_mni_average_305.4dfp.img
       256       256       256         1
  1.000000  1.000000  1.000000
orientation T byte_order littleendian
Reading image: /opt/freesurfer/average/711-2C_as_mni_average_305.4dfp.img
dimensions:      256       256       256
mmppix:       1.0000   -1.0000   -1.0000
center:     128.0000 -129.0000 -129.0000
/opt/freesurfer/average/711-2B_as_mni_average_305_mask.4dfp.img
       256       256       256         1
  1.000000  1.000000  1.000000
orientation T byte_order littleendian
Reading mask: /opt/freesurfer/average/711-2B_as_mni_average_305_mask.4dfp.img (2306576 pixels)
talsrcimg_g11.4dfp.img
       256       256       256         1
  1.000000  1.000000  1.000000
orientation T byte_order littleendian
Reading image: talsrcimg_g11.4dfp.img
dimensions:      256       256       256
mmppix:       1.0000   -1.0000   -1.0000
center:     128.0000 -129.0000 -129.0000
fimgreg.f
image alignment mode   2311 decimal      907 hex
parameters
   -1.7834  -27.2979   11.0268   -4.9093  -14.0427   -4.5138
   16.8989   -5.3817  -20.1030   -9.9132    3.5172    1.2030
eta,q 0.97816 14.17437
niter,ni,del,rscale     5    3    5.0000    0.8000
parameters
   -1.8498  -27.3896   11.2262   -5.5443  -14.3642   -5.0655
   16.9946   -5.3575  -20.1723  -10.2037    3.5105    1.3584
eta,q 0.97785 14.15128
  0.0238  0.0230  0.0232  0.0240  0.0234  0.0239  0.0239  0.0255  0.0233  0.0235  0.0229  0.0229
  0.0227  0.0223  0.0225  0.0231  0.0227  0.0233  0.0230  0.0236  0.0226  0.0227  0.0225  0.0225
  0.0220  0.0219  0.0220  0.0223  0.0222  0.0226  0.0224  0.0225  0.0223  0.0222  0.0223  0.0223
  0.0218  0.0218  0.0218  0.0218  0.0219  0.0220  0.0222  0.0222  0.0222  0.0222  0.0222  0.0222
  0.0221  0.0220  0.0219  0.0222  0.0221  0.0219  0.0223  0.0225  0.0223  0.0224  0.0222  0.0222
  0.0229  0.0225  0.0222  0.0237  0.0228  0.0234  0.0228  0.0236  0.0227  0.0230  0.0225  0.0224
  0.0242  0.0233  0.0226  0.0265  0.0242  0.0264  0.0239  0.0254  0.0233  0.0238  0.0230  0.0228
niter,ni,del,rscale     4    3    5.0000    0.7000
parameters
   -1.7946  -27.3154   10.9992   -5.3434  -14.3080   -5.0961
   16.9408   -5.3250  -20.1401  -10.0228    3.6035    1.3278
eta,q 0.97792 14.15054
  0.0236  0.0232  0.0226  0.0242  0.0234  0.0237  0.0234  0.0249  0.0230  0.0234  0.0228  0.0226
  0.0228  0.0226  0.0223  0.0234  0.0228  0.0232  0.0227  0.0233  0.0225  0.0226  0.0224  0.0223
  0.0224  0.0223  0.0221  0.0226  0.0223  0.0226  0.0223  0.0224  0.0222  0.0222  0.0222  0.0222
  0.0221  0.0221  0.0221  0.0221  0.0221  0.0221  0.0221  0.0221  0.0221  0.0221  0.0221  0.0221
  0.0222  0.0222  0.0223  0.0220  0.0221  0.0218  0.0222  0.0224  0.0222  0.0222  0.0221  0.0221
  0.0227  0.0225  0.0226  0.0227  0.0226  0.0225  0.0227  0.0233  0.0225  0.0225  0.0223  0.0223
  0.0234  0.0230  0.0230  0.0243  0.0235  0.0246  0.0236  0.0248  0.0230  0.0231  0.0228  0.0226
niter,ni,del,rscale     3    3    5.0000    0.6000
parameters
   -1.7740  -27.2814   10.9851   -5.1675  -14.2115   -4.8680
   16.8943   -5.3293  -20.1227   -9.9361    3.5719    1.2319
eta,q 0.97803 14.15937
  0.0232  0.0228  0.0226  0.0237  0.0231  0.0235  0.0230  0.0242  0.0227  0.0229  0.0225  0.0224
  0.0226  0.0224  0.0223  0.0230  0.0226  0.0230  0.0225  0.0229  0.0223  0.0224  0.0222  0.0222
  0.0222  0.0222  0.0221  0.0225  0.0222  0.0225  0.0221  0.0222  0.0220  0.0221  0.0220  0.0220
  0.0221  0.0221  0.0221  0.0221  0.0220  0.0220  0.0220  0.0220  0.0220  0.0220  0.0220  0.0220
  0.0222  0.0221  0.0221  0.0220  0.0221  0.0218  0.0221  0.0222  0.0220  0.0221  0.0220  0.0220
  0.0225  0.0224  0.0223  0.0225  0.0224  0.0222  0.0224  0.0230  0.0223  0.0223  0.0222  0.0222
  0.0231  0.0228  0.0226  0.0237  0.0231  0.0236  0.0231  0.0242  0.0227  0.0228  0.0226  0.0224
niter,ni,del,rscale     2    3    5.0000    0.5000
parameters
   -1.7783  -27.3047   11.0461   -5.0375  -14.1189   -4.5455
   16.8660   -5.3401  -20.0537   -9.9641    3.4688    1.1674
eta,q 0.97814 14.17001
  0.0227  0.0224  0.0224  0.0232  0.0227  0.0231  0.0226  0.0235  0.0224  0.0225  0.0223  0.0221
  0.0223  0.0222  0.0222  0.0227  0.0223  0.0227  0.0222  0.0226  0.0221  0.0221  0.0220  0.0220
  0.0221  0.0220  0.0220  0.0222  0.0221  0.0223  0.0220  0.0220  0.0219  0.0219  0.0219  0.0219
  0.0220  0.0220  0.0220  0.0220  0.0219  0.0219  0.0219  0.0219  0.0219  0.0219  0.0219  0.0219
  0.0220  0.0220  0.0220  0.0220  0.0220  0.0218  0.0219  0.0221  0.0219  0.0219  0.0219  0.0219
  0.0223  0.0222  0.0221  0.0223  0.0222  0.0220  0.0222  0.0226  0.0221  0.0222  0.0221  0.0220
  0.0228  0.0225  0.0223  0.0232  0.0227  0.0230  0.0227  0.0236  0.0223  0.0225  0.0223  0.0222
niter,ni,del,rscale     1    3    5.0000    0.4000
parameters
   -1.8010  -27.3535   11.1455   -4.9488  -14.0581   -4.2085
   16.8342   -5.3570  -19.9684  -10.0580    3.3456    1.1393
eta,q 0.97823 14.17969
  0.0223  0.0221  0.0222  0.0227  0.0223  0.0228  0.0222  0.0229  0.0221  0.0222  0.0220  0.0220
  0.0221  0.0220  0.0220  0.0223  0.0221  0.0224  0.0220  0.0223  0.0219  0.0219  0.0219  0.0219
  0.0219  0.0219  0.0219  0.0220  0.0219  0.0221  0.0218  0.0219  0.0218  0.0218  0.0218  0.0218
  0.0219  0.0219  0.0219  0.0219  0.0218  0.0218  0.0218  0.0218  0.0218  0.0218  0.0218  0.0218
  0.0219  0.0219  0.0219  0.0219  0.0219  0.0217  0.0218  0.0219  0.0218  0.0218  0.0218  0.0218
  0.0221  0.0220  0.0219  0.0221  0.0220  0.0219  0.0220  0.0223  0.0219  0.0220  0.0219  0.0219
  0.0224  0.0222  0.0220  0.0227  0.0223  0.0225  0.0223  0.0229  0.0221  0.0222  0.0221  0.0220
registration optimization eta report
parameter search radius
    0.8000    0.8000    0.8000    2.4000    2.4000    2.4000
    2.4000    2.4000    2.4000    2.4000    2.4000    2.4000
100000*second partial in parameter space
       80.       52.       40.       14.        8.       14.
        9.       20.        6.        8.        5.        4.
  0.0223  0.0221  0.0222  0.0227  0.0223  0.0228  0.0222  0.0229  0.0221  0.0222  0.0220  0.0220
  0.0221  0.0220  0.0220  0.0223  0.0221  0.0224  0.0220  0.0223  0.0219  0.0219  0.0219  0.0219
  0.0219  0.0219  0.0219  0.0220  0.0219  0.0221  0.0218  0.0219  0.0218  0.0218  0.0218  0.0218
  0.0219  0.0219  0.0219  0.0219  0.0218  0.0218  0.0218  0.0218  0.0218  0.0218  0.0218  0.0218
  0.0219  0.0219  0.0219  0.0219  0.0219  0.0217  0.0218  0.0219  0.0218  0.0218  0.0218  0.0218
  0.0221  0.0220  0.0219  0.0221  0.0220  0.0219  0.0220  0.0223  0.0219  0.0220  0.0219  0.0219
  0.0224  0.0222  0.0220  0.0227  0.0223  0.0225  0.0223  0.0229  0.0221  0.0222  0.0221  0.0220
   -1.8010  -27.3535   11.1455   -4.9488  -14.0581   -4.2085
   16.8342   -5.3570  -19.9684  -10.0580    3.3456    1.1393
eta,q 0.97823 14.17969

---------------------------------------------------------------------
compute_vox2vox talsrcimg talsrcimg_to_711-2C_as_mni_average_305_t4 /opt/freesurfer/average/711-2C_as_mni_average_305
---------------------------------------------------------------------

freesurfer compute_vox2vox.c
Reading: talsrcimg.4dfp.ifh
Reading: talsrcimg_to_711-2C_as_mni_average_305_t4
Reading: /opt/freesurfer/average/711-2C_as_mni_average_305.4dfp.ifh
Writing: talsrcimg_to_711-2C_as_mni_average_305_t4_vox2vox.txt

start time Thu Mar 12 14:01:24 CET 2026
end		time Thu Mar 12 14:02:55 CET 2026

mpr2mni305 success

avi2talxfm orig_nu.mgz /opt/freesurfer/average/mni305.cor.mgz talsrcimg_to_711-2C_as_mni_average_305_t4_vox2vox.txt transforms/talairach.auto.xfm
avi2talxfm done
mv -f /out/sourcedata/freesurfer/sub-v1s19x0051316_ses-1/mri/talsrcimg_to_711-2C_as_mni_average_305_t4_vox2vox.txt /out/sourcedata/freesurfer/sub-v1s19x0051316_ses-1/mri/transforms/talsrcimg_to_711-2C_as_mni_average_305_t4_vox2vox.txt
lta_convert --src orig_nu.mgz --trg /opt/freesurfer/average/mni305.cor.mgz --inxfm transforms/talairach.auto.xfm --outlta transforms/talairach.auto.xfm.lta --subject fsaverage
7.3.2

--src: orig_nu.mgz src image (geometry).
--trg: /opt/freesurfer/average/mni305.cor.mgz trg image (geometry).
--inmni: transforms/talairach.auto.xfm input MNI/XFM transform.
--outlta: transforms/talairach.auto.xfm.lta output LTA.
--s: fsaverage subject name
 LTA read, type : 1
 1.00918   0.03563  -0.19815  -5.20132;
-0.03798   1.04114  -0.00636  -17.78847;
 0.23004   0.13013   1.11679   23.96935;
 0.00000   0.00000   0.00000   1.00000;
setting subject to fsaverage
Writing  LTA to file transforms/talairach.auto.xfm.lta...
lta_convert successful.
 
 
Started at Thu Mar 12 14:01:24 CET 2026
Ended   at Thu Mar 12 14:02:55 CET 2026
talairach_avi done
