Log file for defect2seg
Thu Mar 12 14:29:21 CET 2026

setenv SUBJECTS_DIR /out/sourcedata/freesurfer
cd /out/sourcedata/freesurfer/sub-v1s19x0051293_ses-1/scripts
/opt/freesurfer/bin/defect2seg --s sub-v1s19x0051293_ses-1 --rh-only --cortex

freesurfer-linux-ubuntu22_x86_64-7.3.2-20220804-6354275
defect2seg 7.3.2
Linux dna038 5.14.0-427.37.1.el9_4.x86_64 #1 SMP PREEMPT_DYNAMIC Fri Sep 13 12:41:50 EDT 2024 x86_64 x86_64 x86_64 GNU/Linux
pid 892013
mri_label2label --label-cortex /out/sourcedata/freesurfer/sub-v1s19x0051293_ses-1/surf/rh.orig.nofix /out/sourcedata/freesurfer/sub-v1s19x0051293_ses-1/mri/aseg.presurf.mgz 0 /out/sourcedata/freesurfer/sub-v1s19x0051293_ses-1/label/rh.nofix.cortex.label

 Generating cortex label... RemoveHipAmgy=0
 NucAccIsMedialWall=0
 mris->useRealRAS=0
25 non-cortical segments detected
only using segment with 6286 vertices
erasing segment 0 (vno[0] = 25168)
erasing segment 1 (vno[0] = 29472)
erasing segment 2 (vno[0] = 29510)
erasing segment 4 (vno[0] = 57901)
erasing segment 5 (vno[0] = 76895)
erasing segment 6 (vno[0] = 77952)
erasing segment 7 (vno[0] = 79009)
erasing segment 8 (vno[0] = 79943)
erasing segment 9 (vno[0] = 80077)
erasing segment 10 (vno[0] = 81194)
erasing segment 11 (vno[0] = 83764)
erasing segment 12 (vno[0] = 84794)
erasing segment 13 (vno[0] = 87598)
erasing segment 14 (vno[0] = 88635)
erasing segment 15 (vno[0] = 88645)
erasing segment 16 (vno[0] = 88655)
erasing segment 17 (vno[0] = 90572)
erasing segment 18 (vno[0] = 91478)
erasing segment 19 (vno[0] = 92407)
erasing segment 20 (vno[0] = 92418)
erasing segment 21 (vno[0] = 93256)
erasing segment 22 (vno[0] = 95015)
erasing segment 23 (vno[0] = 97753)
erasing segment 24 (vno[0] = 99508)
mri_label2vol --defects /out/sourcedata/freesurfer/sub-v1s19x0051293_ses-1/surf/rh.orig.nofix /out/sourcedata/freesurfer/sub-v1s19x0051293_ses-1/surf/rh.defect_labels /out/sourcedata/freesurfer/sub-v1s19x0051293_ses-1/mri/orig.mgz 2000 0 /out/sourcedata/freesurfer/sub-v1s19x0051293_ses-1/mri/rh.surface.defects.mgz /out/sourcedata/freesurfer/sub-v1s19x0051293_ses-1/label/rh.nofix.cortex.label
mri_label2vol supposed to be reproducible but seed not set
Contraining to label /out/sourcedata/freesurfer/sub-v1s19x0051293_ses-1/label/rh.nofix.cortex.label
Changing input type 0 to MRI_INT
Converting defects to volume: offset=2000, merge=0
Writing to /out/sourcedata/freesurfer/sub-v1s19x0051293_ses-1/mri/rh.surface.defects.mgz
mris_defects_pointset -s /out/sourcedata/freesurfer/sub-v1s19x0051293_ses-1/surf/rh.orig.nofix -d /out/sourcedata/freesurfer/sub-v1s19x0051293_ses-1/surf/rh.defect_labels -o /out/sourcedata/freesurfer/sub-v1s19x0051293_ses-1/surf/rh.defects.pointset --label /out/sourcedata/freesurfer/sub-v1s19x0051293_ses-1/label/rh.nofix.cortex.label
Reading in surface /out/sourcedata/freesurfer/sub-v1s19x0051293_ses-1/surf/rh.orig.nofix
Reading in defect segmentation /out/sourcedata/freesurfer/sub-v1s19x0051293_ses-1/surf/rh.defect_labels
Reading in label /out/sourcedata/freesurfer/sub-v1s19x0051293_ses-1/label/rh.nofix.cortex.label
#VMPC# mris_defects_pointset 1956628
mris_defects_pointset done
 
Started at Thu Mar 12 14:29:21 CET 2026 
Ended   at Thu Mar 12 14:29:34 CET 2026
Defect2seg-Run-Time-Sec 13
Defect2seg-Run-Time-Min 0.26
Defect2seg-Run-Time-Hours 0.00
 
defect2seg Done
