status file for recon-all
Thu Mar 12 12:16:27 CET 2026
#@# MotionCor Thu Mar 12 12:16:28 CET 2026
#@# Talairach Thu Mar 12 12:16:36 CET 2026
#@# Talairach Failure Detection Thu Mar 12 12:21:03 CET 2026
#@# Nu Intensity Correction Thu Mar 12 12:21:03 CET 2026
#@# Intensity Normalization Thu Mar 12 12:24:18 CET 2026
recon-all -s sub-v1s19x0051293_ses-1 finished without error at Thu Mar 12 12:25:45 CET 2026



#New# invocation of recon-all 



status file for recon-all
Thu Mar 12 12:32:56 CET 2026
#@# EM Registration Thu Mar 12 12:32:56 CET 2026
recon-all -s sub-v1s19x0051293_ses-1 finished without error at Thu Mar 12 12:35:16 CET 2026



#New# invocation of recon-all 



status file for recon-all
Thu Mar 12 12:35:19 CET 2026
#@# CA Normalize Thu Mar 12 12:35:19 CET 2026
#@# CA Reg Thu Mar 12 12:36:38 CET 2026
#@# SubCort Seg Thu Mar 12 13:29:18 CET 2026
#@# CC Seg Thu Mar 12 13:57:24 CET 2026
#@# Merge ASeg Thu Mar 12 13:57:58 CET 2026
#@# Intensity Normalization2 Thu Mar 12 13:57:58 CET 2026
#@# Mask BFS Thu Mar 12 14:00:07 CET 2026
#@# WM Segmentation Thu Mar 12 14:00:08 CET 2026
#@# Fill Thu Mar 12 14:01:57 CET 2026
recon-all -s sub-v1s19x0051293_ses-1 finished without error at Thu Mar 12 14:02:57 CET 2026



#New# invocation of recon-all 



status file for recon-all
Thu Mar 12 14:49:42 CET 2026
#@# white curv lh Thu Mar 12 14:49:42 CET 2026
#@# white area lh Thu Mar 12 14:49:42 CET 2026
#@# pial curv lh Thu Mar 12 14:49:42 CET 2026
#@# pial area lh Thu Mar 12 14:49:42 CET 2026
#@# thickness lh Thu Mar 12 14:49:42 CET 2026
#@# area and vertex vol lh Thu Mar 12 14:49:42 CET 2026
#@# white curv rh Thu Mar 12 14:49:42 CET 2026
#@# white area rh Thu Mar 12 14:49:42 CET 2026
#@# pial curv rh Thu Mar 12 14:49:43 CET 2026
#@# pial area rh Thu Mar 12 14:49:43 CET 2026
#@# thickness rh Thu Mar 12 14:49:43 CET 2026
#@# area and vertex vol rh Thu Mar 12 14:49:43 CET 2026
#@# Cortical ribbon mask Thu Mar 12 14:49:43 CET 2026
recon-all -s sub-v1s19x0051293_ses-1 finished without error at Thu Mar 12 14:53:55 CET 2026



#New# invocation of recon-all 



status file for recon-all
Thu Mar 12 15:00:16 CET 2026
#@# white curv lh Thu Mar 12 15:00:17 CET 2026
#@# white area lh Thu Mar 12 15:00:17 CET 2026
#@# pial curv lh Thu Mar 12 15:00:17 CET 2026
#@# pial area lh Thu Mar 12 15:00:17 CET 2026
#@# thickness lh Thu Mar 12 15:00:17 CET 2026
#@# area and vertex vol lh Thu Mar 12 15:00:17 CET 2026
#@# white curv rh Thu Mar 12 15:00:17 CET 2026
#@# white area rh Thu Mar 12 15:00:17 CET 2026
#@# pial curv rh Thu Mar 12 15:00:17 CET 2026
#@# pial area rh Thu Mar 12 15:00:17 CET 2026
#@# thickness rh Thu Mar 12 15:00:17 CET 2026
#@# area and vertex vol rh Thu Mar 12 15:00:17 CET 2026
#@# Curvature Stats lh Thu Mar 12 15:00:17 CET 2026
#@# Curvature Stats rh Thu Mar 12 15:00:19 CET 2026
#@# Relabel Hypointensities Thu Mar 12 15:00:21 CET 2026
#@# APas-to-ASeg Thu Mar 12 15:00:36 CET 2026
#@# AParc-to-ASeg aparc Thu Mar 12 15:00:44 CET 2026
#@# AParc-to-ASeg aparc.a2009s Thu Mar 12 15:01:17 CET 2026
#@# AParc-to-ASeg aparc.DKTatlas Thu Mar 12 15:01:49 CET 2026
#@# WMParc Thu Mar 12 15:02:20 CET 2026
#@# ASeg Stats Thu Mar 12 15:06:29 CET 2026
recon-all -s sub-v1s19x0051293_ses-1 finished without error at Thu Mar 12 15:07:09 CET 2026
