status file for recon-all
Thu Mar 12 14:26:40 CET 2026
#@# Tessellate rh Thu Mar 12 14:26:40 CET 2026
#@# Smooth1 rh Thu Mar 12 14:26:43 CET 2026
#@# Inflation1 rh Thu Mar 12 14:26:46 CET 2026
#@# QSphere rh Thu Mar 12 14:27:03 CET 2026
#@# Fix Topology rh Thu Mar 12 14:28:17 CET 2026
#@# Smooth2 rh Thu Mar 12 14:33:45 CET 2026
#@# Inflation2 rh Thu Mar 12 14:33:48 CET 2026
#@# Curv .H and .K rh Thu Mar 12 14:34:07 CET 2026
#@# Sphere rh Thu Mar 12 14:34:49 CET 2026
#@# Surf Reg rh Thu Mar 12 14:38:16 CET 2026
#@# Jacobian white rh Thu Mar 12 14:41:58 CET 2026
#@# AvgCurv rh Thu Mar 12 14:41:59 CET 2026
#@# Cortical Parc rh Thu Mar 12 14:42:00 CET 2026
#@# white curv rh Thu Mar 12 14:48:37 CET 2026
#@# white area rh Thu Mar 12 14:48:39 CET 2026
#@# pial curv rh Thu Mar 12 14:48:39 CET 2026
#@# pial area rh Thu Mar 12 14:48:41 CET 2026
#@# thickness rh Thu Mar 12 14:48:42 CET 2026
#@# area and vertex vol rh Thu Mar 12 14:49:09 CET 2026
#@# Curvature Stats rh Thu Mar 12 14:49:10 CET 2026
#@# Cortical Parc 2 rh Thu Mar 12 14:49:12 CET 2026
#@# Cortical Parc 3 rh Thu Mar 12 14:49:24 CET 2026
#@# WM/GM Contrast rh Thu Mar 12 14:49:33 CET 2026
recon-all -s sub-v1s19x0051293_ses-1 finished without error at Thu Mar 12 14:49:36 CET 2026



#New# invocation of recon-all 



status file for recon-all
Thu Mar 12 14:57:10 CET 2026
#@# white curv rh Thu Mar 12 14:57:10 CET 2026
#@# white area rh Thu Mar 12 14:57:10 CET 2026
#@# pial curv rh Thu Mar 12 14:57:10 CET 2026
#@# pial area rh Thu Mar 12 14:57:10 CET 2026
#@# thickness rh Thu Mar 12 14:57:10 CET 2026
#@# area and vertex vol rh Thu Mar 12 14:57:10 CET 2026
#@# Parcellation Stats rh Thu Mar 12 14:57:11 CET 2026
#@# Parcellation Stats 2 rh Thu Mar 12 14:57:27 CET 2026
#@# Parcellation Stats 3 rh Thu Mar 12 14:57:36 CET 2026
#@# BA_exvivo Labels rh Thu Mar 12 14:57:44 CET 2026
recon-all -s sub-v1s19x0051293_ses-1 finished without error at Thu Mar 12 15:00:12 CET 2026
