status file for recon-all
Thu Mar 12 14:03:02 CET 2026
#@# Tessellate lh Thu Mar 12 14:03:02 CET 2026
#@# Smooth1 lh Thu Mar 12 14:03:06 CET 2026
#@# Inflation1 lh Thu Mar 12 14:03:08 CET 2026
#@# QSphere lh Thu Mar 12 14:03:21 CET 2026
#@# Fix Topology lh Thu Mar 12 14:04:34 CET 2026
#@# Smooth2 lh Thu Mar 12 14:10:05 CET 2026
#@# Inflation2 lh Thu Mar 12 14:10:08 CET 2026
#@# Curv .H and .K lh Thu Mar 12 14:10:21 CET 2026
#@# Sphere lh Thu Mar 12 14:11:05 CET 2026
#@# Surf Reg lh Thu Mar 12 14:15:04 CET 2026
#@# Jacobian white lh Thu Mar 12 14:18:51 CET 2026
#@# AvgCurv lh Thu Mar 12 14:18:52 CET 2026
#@# Cortical Parc lh Thu Mar 12 14:18:52 CET 2026
#@# white curv lh Thu Mar 12 14:25:35 CET 2026
#@# white area lh Thu Mar 12 14:25:36 CET 2026
#@# pial curv lh Thu Mar 12 14:25:37 CET 2026
#@# pial area lh Thu Mar 12 14:25:39 CET 2026
#@# thickness lh Thu Mar 12 14:25:40 CET 2026
#@# area and vertex vol lh Thu Mar 12 14:26:06 CET 2026
#@# Curvature Stats lh Thu Mar 12 14:26:08 CET 2026
#@# Cortical Parc 2 lh Thu Mar 12 14:26:10 CET 2026
#@# Cortical Parc 3 lh Thu Mar 12 14:26:24 CET 2026
#@# WM/GM Contrast lh Thu Mar 12 14:26:33 CET 2026
recon-all -s sub-v1s19x0051293_ses-1 finished without error at Thu Mar 12 14:26:36 CET 2026



#New# invocation of recon-all 



status file for recon-all
Thu Mar 12 14:54:00 CET 2026
#@# white curv lh Thu Mar 12 14:54:00 CET 2026
#@# white area lh Thu Mar 12 14:54:00 CET 2026
#@# pial curv lh Thu Mar 12 14:54:00 CET 2026
#@# pial area lh Thu Mar 12 14:54:00 CET 2026
#@# thickness lh Thu Mar 12 14:54:00 CET 2026
#@# area and vertex vol lh Thu Mar 12 14:54:00 CET 2026
#@# Parcellation Stats lh Thu Mar 12 14:54:01 CET 2026
#@# Parcellation Stats 2 lh Thu Mar 12 14:54:17 CET 2026
#@# Parcellation Stats 3 lh Thu Mar 12 14:54:26 CET 2026
#@# BA_exvivo Labels lh Thu Mar 12 14:54:35 CET 2026
recon-all -s sub-v1s19x0051293_ses-1 finished without error at Thu Mar 12 14:57:07 CET 2026
