status file for recon-all
Thu Mar 12 15:55:11 CET 2026
#@# Tessellate rh Thu Mar 12 15:55:11 CET 2026
#@# Smooth1 rh Thu Mar 12 15:55:14 CET 2026
#@# Inflation1 rh Thu Mar 12 15:55:17 CET 2026
#@# QSphere rh Thu Mar 12 15:55:28 CET 2026
#@# Fix Topology rh Thu Mar 12 15:56:31 CET 2026
#@# Smooth2 rh Thu Mar 12 16:01:52 CET 2026
#@# Inflation2 rh Thu Mar 12 16:01:55 CET 2026
#@# Curv .H and .K rh Thu Mar 12 16:02:06 CET 2026
#@# Sphere rh Thu Mar 12 16:02:52 CET 2026
#@# Surf Reg rh Thu Mar 12 16:05:57 CET 2026
#@# Jacobian white rh Thu Mar 12 16:09:06 CET 2026
#@# AvgCurv rh Thu Mar 12 16:09:07 CET 2026
#@# Cortical Parc rh Thu Mar 12 16:09:07 CET 2026
#@# white curv rh Thu Mar 12 16:15:02 CET 2026
#@# white area rh Thu Mar 12 16:15:04 CET 2026
#@# pial curv rh Thu Mar 12 16:15:05 CET 2026
#@# pial area rh Thu Mar 12 16:15:06 CET 2026
#@# thickness rh Thu Mar 12 16:15:07 CET 2026
#@# area and vertex vol rh Thu Mar 12 16:15:37 CET 2026
#@# Curvature Stats rh Thu Mar 12 16:15:38 CET 2026
#@# Cortical Parc 2 rh Thu Mar 12 16:15:40 CET 2026
#@# Cortical Parc 3 rh Thu Mar 12 16:15:53 CET 2026
#@# WM/GM Contrast rh Thu Mar 12 16:16:02 CET 2026
recon-all -s sub-v1s19x0051317_ses-1 finished without error at Thu Mar 12 16:16:05 CET 2026



#New# invocation of recon-all 



status file for recon-all
Thu Mar 12 16:25:15 CET 2026
#@# white curv rh Thu Mar 12 16:25:15 CET 2026
#@# white area rh Thu Mar 12 16:25:15 CET 2026
#@# pial curv rh Thu Mar 12 16:25:15 CET 2026
#@# pial area rh Thu Mar 12 16:25:15 CET 2026
#@# thickness rh Thu Mar 12 16:25:15 CET 2026
#@# area and vertex vol rh Thu Mar 12 16:25:15 CET 2026
#@# Parcellation Stats rh Thu Mar 12 16:25:15 CET 2026
#@# Parcellation Stats 2 rh Thu Mar 12 16:25:33 CET 2026
#@# Parcellation Stats 3 rh Thu Mar 12 16:25:42 CET 2026
#@# BA_exvivo Labels rh Thu Mar 12 16:25:51 CET 2026
recon-all -s sub-v1s19x0051317_ses-1 finished without error at Thu Mar 12 16:28:17 CET 2026
