status file for recon-all
Thu Mar 12 15:35:21 CET 2026
#@# Tessellate lh Thu Mar 12 15:35:21 CET 2026
#@# Smooth1 lh Thu Mar 12 15:35:25 CET 2026
#@# Inflation1 lh Thu Mar 12 15:35:27 CET 2026
#@# QSphere lh Thu Mar 12 15:35:37 CET 2026
#@# Fix Topology lh Thu Mar 12 15:36:35 CET 2026
#@# Smooth2 lh Thu Mar 12 15:42:13 CET 2026
#@# Inflation2 lh Thu Mar 12 15:42:16 CET 2026
#@# Curv .H and .K lh Thu Mar 12 15:42:27 CET 2026
#@# Sphere lh Thu Mar 12 15:43:13 CET 2026
#@# Surf Reg lh Thu Mar 12 15:45:10 CET 2026
#@# Jacobian white lh Thu Mar 12 15:48:10 CET 2026
#@# AvgCurv lh Thu Mar 12 15:48:11 CET 2026
#@# Cortical Parc lh Thu Mar 12 15:48:11 CET 2026
#@# white curv lh Thu Mar 12 15:54:05 CET 2026
#@# white area lh Thu Mar 12 15:54:06 CET 2026
#@# pial curv lh Thu Mar 12 15:54:07 CET 2026
#@# pial area lh Thu Mar 12 15:54:09 CET 2026
#@# thickness lh Thu Mar 12 15:54:09 CET 2026
#@# area and vertex vol lh Thu Mar 12 15:54:39 CET 2026
#@# Curvature Stats lh Thu Mar 12 15:54:40 CET 2026
#@# Cortical Parc 2 lh Thu Mar 12 15:54:42 CET 2026
#@# Cortical Parc 3 lh Thu Mar 12 15:54:55 CET 2026
#@# WM/GM Contrast lh Thu Mar 12 15:55:04 CET 2026
recon-all -s sub-v1s19x0051317_ses-1 finished without error at Thu Mar 12 15:55:07 CET 2026



#New# invocation of recon-all 



status file for recon-all
Thu Mar 12 16:22:08 CET 2026
#@# white curv lh Thu Mar 12 16:22:08 CET 2026
#@# white area lh Thu Mar 12 16:22:08 CET 2026
#@# pial curv lh Thu Mar 12 16:22:08 CET 2026
#@# pial area lh Thu Mar 12 16:22:08 CET 2026
#@# thickness lh Thu Mar 12 16:22:08 CET 2026
#@# area and vertex vol lh Thu Mar 12 16:22:08 CET 2026
#@# Parcellation Stats lh Thu Mar 12 16:22:08 CET 2026
#@# Parcellation Stats 2 lh Thu Mar 12 16:22:26 CET 2026
#@# Parcellation Stats 3 lh Thu Mar 12 16:22:35 CET 2026
#@# BA_exvivo Labels lh Thu Mar 12 16:22:44 CET 2026
recon-all -s sub-v1s19x0051317_ses-1 finished without error at Thu Mar 12 16:25:12 CET 2026
