status file for recon-all
Thu Mar 12 14:10:18 CET 2026
#@# Tessellate rh Thu Mar 12 14:10:18 CET 2026
#@# Smooth1 rh Thu Mar 12 14:10:21 CET 2026
#@# Inflation1 rh Thu Mar 12 14:10:23 CET 2026
#@# QSphere rh Thu Mar 12 14:10:34 CET 2026
#@# Fix Topology rh Thu Mar 12 14:11:13 CET 2026
#@# Smooth2 rh Thu Mar 12 14:15:17 CET 2026
#@# Inflation2 rh Thu Mar 12 14:15:19 CET 2026
#@# Curv .H and .K rh Thu Mar 12 14:15:30 CET 2026
#@# Sphere rh Thu Mar 12 14:16:04 CET 2026
#@# Surf Reg rh Thu Mar 12 14:17:24 CET 2026
#@# Jacobian white rh Thu Mar 12 14:20:22 CET 2026
#@# AvgCurv rh Thu Mar 12 14:20:22 CET 2026
#@# Cortical Parc rh Thu Mar 12 14:20:23 CET 2026
#@# white curv rh Thu Mar 12 14:25:15 CET 2026
#@# white area rh Thu Mar 12 14:25:16 CET 2026
#@# pial curv rh Thu Mar 12 14:25:17 CET 2026
#@# pial area rh Thu Mar 12 14:25:18 CET 2026
#@# thickness rh Thu Mar 12 14:25:18 CET 2026
#@# area and vertex vol rh Thu Mar 12 14:25:38 CET 2026
#@# Curvature Stats rh Thu Mar 12 14:25:39 CET 2026
#@# Cortical Parc 2 rh Thu Mar 12 14:25:41 CET 2026
#@# Cortical Parc 3 rh Thu Mar 12 14:25:50 CET 2026
#@# WM/GM Contrast rh Thu Mar 12 14:25:58 CET 2026
recon-all -s sub-v1s19x0051295_ses-1 finished without error at Thu Mar 12 14:26:00 CET 2026



#New# invocation of recon-all 



status file for recon-all
Thu Mar 12 14:31:51 CET 2026
#@# white curv rh Thu Mar 12 14:31:51 CET 2026
#@# white area rh Thu Mar 12 14:31:51 CET 2026
#@# pial curv rh Thu Mar 12 14:31:51 CET 2026
#@# pial area rh Thu Mar 12 14:31:51 CET 2026
#@# thickness rh Thu Mar 12 14:31:51 CET 2026
#@# area and vertex vol rh Thu Mar 12 14:31:51 CET 2026
#@# Parcellation Stats rh Thu Mar 12 14:31:51 CET 2026
#@# Parcellation Stats 2 rh Thu Mar 12 14:32:04 CET 2026
#@# Parcellation Stats 3 rh Thu Mar 12 14:32:11 CET 2026
#@# BA_exvivo Labels rh Thu Mar 12 14:32:18 CET 2026
recon-all -s sub-v1s19x0051295_ses-1 finished without error at Thu Mar 12 14:34:14 CET 2026
