status file for recon-all
Thu Mar 12 13:52:24 CET 2026
#@# Tessellate lh Thu Mar 12 13:52:25 CET 2026
#@# Smooth1 lh Thu Mar 12 13:52:27 CET 2026
#@# Inflation1 lh Thu Mar 12 13:52:29 CET 2026
#@# QSphere lh Thu Mar 12 13:52:40 CET 2026
#@# Fix Topology lh Thu Mar 12 13:53:34 CET 2026
#@# Smooth2 lh Thu Mar 12 13:58:33 CET 2026
#@# Inflation2 lh Thu Mar 12 13:58:35 CET 2026
#@# Curv .H and .K lh Thu Mar 12 13:58:45 CET 2026
#@# Sphere lh Thu Mar 12 13:59:21 CET 2026
#@# Surf Reg lh Thu Mar 12 14:01:24 CET 2026
#@# Jacobian white lh Thu Mar 12 14:03:52 CET 2026
#@# AvgCurv lh Thu Mar 12 14:03:53 CET 2026
#@# Cortical Parc lh Thu Mar 12 14:03:53 CET 2026
#@# white curv lh Thu Mar 12 14:09:27 CET 2026
#@# white area lh Thu Mar 12 14:09:28 CET 2026
#@# pial curv lh Thu Mar 12 14:09:29 CET 2026
#@# pial area lh Thu Mar 12 14:09:30 CET 2026
#@# thickness lh Thu Mar 12 14:09:31 CET 2026
#@# area and vertex vol lh Thu Mar 12 14:09:53 CET 2026
#@# Curvature Stats lh Thu Mar 12 14:09:54 CET 2026
#@# Cortical Parc 2 lh Thu Mar 12 14:09:56 CET 2026
#@# Cortical Parc 3 lh Thu Mar 12 14:10:06 CET 2026
#@# WM/GM Contrast lh Thu Mar 12 14:10:13 CET 2026
recon-all -s sub-v1s19x0051295_ses-1 finished without error at Thu Mar 12 14:10:16 CET 2026



#New# invocation of recon-all 



status file for recon-all
Thu Mar 12 14:29:20 CET 2026
#@# white curv lh Thu Mar 12 14:29:20 CET 2026
#@# white area lh Thu Mar 12 14:29:20 CET 2026
#@# pial curv lh Thu Mar 12 14:29:20 CET 2026
#@# pial area lh Thu Mar 12 14:29:20 CET 2026
#@# thickness lh Thu Mar 12 14:29:20 CET 2026
#@# area and vertex vol lh Thu Mar 12 14:29:20 CET 2026
#@# Parcellation Stats lh Thu Mar 12 14:29:20 CET 2026
#@# Parcellation Stats 2 lh Thu Mar 12 14:29:34 CET 2026
#@# Parcellation Stats 3 lh Thu Mar 12 14:29:41 CET 2026
#@# BA_exvivo Labels lh Thu Mar 12 14:29:48 CET 2026
recon-all -s sub-v1s19x0051295_ses-1 finished without error at Thu Mar 12 14:31:48 CET 2026
