/out/sourcedata/freesurfer/sub-v1s19x0051311_ses-1/mri
/opt/freesurfer/bin/talairach_avi
--i orig_nu.mgz --xfm transforms/talairach.auto.xfm
talairach_avi 7.3.2
Linux dna084 5.14.0-427.37.1.el9_4.x86_64 #1 SMP PREEMPT_DYNAMIC Fri Sep 13 12:41:50 EDT 2024 x86_64 x86_64 x86_64 GNU/Linux
Thu Mar 12 13:39:14 CET 2026
mri_convert orig_nu.mgz talsrcimg.img 
reading from orig_nu.mgz...
TR=0.00, TE=0.00, TI=0.00, flip angle=0.00
i_ras = (-1, 0, 0)
j_ras = (0, 0, -1)
k_ras = (0, 1, 0)
writing to talsrcimg.img...
Analyze Output Matrix
-1.00000   0.00000   0.00000   133.86139;
 0.00000   0.00000   1.00000  -132.24258;
 0.00000  -1.00000   0.00000   140.88092;
 0.00000   0.00000   0.00000   1.00000;
--------------------
INFO: set hdr.hist.orient to -1
mpr2mni305 talsrcimg
Thu Mar 12 13:39:15 CET 2026
/opt/freesurfer/bin/mpr2mni305 talsrcimg
mpr2mni305 7.3.2
target=711-2C_as_mni_average_305

---------------------------------------------------------------------
analyzeto4dfp talsrcimg -O0 -y
---------------------------------------------------------------------

freesurfer ifh2hdr.c
Thu Mar 12 13:39:15 2026
Writing: talsrcimg.4dfp.hdr
freesurfer analyzeto4dfp.c
Reading: talsrcimg.hdr
header size 348 bytes
hdr.dime.datatype	offset=70	value=2
hdr.dime.bitpix		offset=72	value=8
hdr.hist.orient		offset=252	value=-1
dimensionality     4
dimensions       256       256       256         1
Reading: talsrcimg.img
Writing: talsrcimg.4dfp.img
Writing: talsrcimg.4dfp.ifh
ifh2hdr talsrcimg -r0to213
ori=2

---------------------------------------------------------------------
gauss_4dfp talsrcimg 1.1
---------------------------------------------------------------------

freesurfer gauss_4dfp.c
Reading: talsrcimg.4dfp.img
Writing: talsrcimg_g11.4dfp.img
image dimensions 256 256 256 padded to 288 288 288
processing volume 1freesurfer ifh2hdr.c
Thu Mar 12 13:39:16 2026
Writing: talsrcimg_g11.4dfp.hdr

Writing: talsrcimg_g11.4dfp.ifh
including: talsrcimg.4dfp.img.rec in talsrcimg_g11.4dfp.img.rec

---------------------------------------------------------------------
imgreg_4dfp /opt/freesurfer/average/711-2C_as_mni_average_305 none talsrcimg_g11 none talsrcimg_to_711-2C_as_mni_average_305_t4 4355
---------------------------------------------------------------------

freesurfer imgreg_4dfp.c
/opt/freesurfer/average/711-2C_as_mni_average_305.4dfp.img
       256       256       256         1
  1.000000  1.000000  1.000000
orientation T byte_order littleendian
Reading image: /opt/freesurfer/average/711-2C_as_mni_average_305.4dfp.img
dimensions:      256       256       256
mmppix:       1.0000   -1.0000   -1.0000
center:     128.0000 -129.0000 -129.0000
talsrcimg_g11.4dfp.img
       256       256       256         1
  1.000000  1.000000  1.000000
orientation T byte_order littleendian
Reading image: talsrcimg_g11.4dfp.img
dimensions:      256       256       256
mmppix:       1.0000   -1.0000   -1.0000
center:     128.0000 -129.0000 -129.0000
t4_read: open error in t4_sub.f l:  41 t4_file(1:l)talsrcimg_to_711-2C_as_mni_average_305_t4 
t4_read: transform initialized to I4
rotation matrix determinant  1.000000
image alignment mode   4355 decimal     1103 hex
   -7.5000  -45.0000  -45.0000 7949.0293   21.8189
    0.0000  -45.0000  -45.0000 8229.8545   21.8526
    7.5000  -45.0000  -45.0000 7854.2944   21.9118
   -7.5000  -37.5000  -45.0000 8482.6309   21.7962
    0.0000  -37.5000  -45.0000 8809.8994   21.8398
    7.5000  -37.5000  -45.0000 8400.1172   21.8876
   -7.5000  -30.0000  -45.0000 9288.3740   21.7871
    0.0000  -30.0000  -45.0000 9633.6562   21.8374
    7.5000  -30.0000  -45.0000 9180.4434   21.8799
   -7.5000  -22.5000  -45.000010018.6758   21.7712
    0.0000  -22.5000  -45.000010373.2246   21.8186
    7.5000  -22.5000  -45.0000 9861.0918   21.8667
   -7.5000  -15.0000  -45.000010685.2881   21.7575
    0.0000  -15.0000  -45.000011056.5498   21.7961
    7.5000  -15.0000  -45.000010471.7197   21.8531
   -7.5000   -7.5000  -45.000011328.4170   21.7556
    0.0000   -7.5000  -45.000011718.7881   21.7869
    7.5000   -7.5000  -45.000011112.1250   21.8489
   -7.5000    0.0000  -45.000011896.7627   21.7673
    0.0000    0.0000  -45.000012321.5820   21.8006
    7.5000    0.0000  -45.000011673.2988   21.8585
   -7.5000    7.5000  -45.000011515.1562   21.7852
    0.0000    7.5000  -45.000011927.7666   21.8285
    7.5000    7.5000  -45.000011296.8369   21.8758
   -7.5000   15.0000  -45.000010961.1504   21.7871
    0.0000   15.0000  -45.000011340.0967   21.8373
    7.5000   15.0000  -45.000010720.7461   21.8797
   -7.5000   22.5000  -45.000010272.1123   21.7682
    0.0000   22.5000  -45.000010606.6152   21.8157
    7.5000   22.5000  -45.000010000.9355   21.8637
   -7.5000   30.0000  -45.0000 9437.2197   21.4676
    0.0000   30.0000  -45.0000 9751.1914   21.5056
    7.5000   30.0000  -45.0000 9172.1396   21.5619
   -7.5000   37.5000  -45.0000 8956.6025   21.4657
    0.0000   37.5000  -45.0000 9242.6416   21.4966
    7.5000   37.5000  -45.0000 8656.2607   21.5577
   -7.5000   45.0000  -45.0000 8189.8203   20.9358
    0.0000   45.0000  -45.0000 8451.6543   20.9678
    7.5000   45.0000  -45.0000 7914.2227   21.0237
   -7.5000  -45.0000  -37.5000 8479.5186   21.8478
    0.0000  -45.0000  -37.5000 8787.6934   21.8617
    7.5000  -45.0000  -37.5000 8341.9180   21.9014
   -7.5000  -37.5000  -37.5000 9029.3535   21.8110
    0.0000  -37.5000  -37.5000 9346.6943   21.8327
    7.5000  -37.5000  -37.5000 8886.3789   21.8661
   -7.5000  -30.0000  -37.5000 9866.3965   21.7886
    0.0000  -30.0000  -37.500010198.4697   21.8163
    7.5000  -30.0000  -37.5000 9696.8721   21.8452
   -7.5000  -22.5000  -37.500010642.5996   21.7748
    0.0000  -22.5000  -37.500010986.9512   21.8020
    7.5000  -22.5000  -37.500010412.9561   21.8318
   -7.5000  -15.0000  -37.500011353.0977   21.7744
    0.0000  -15.0000  -37.500011726.5830   21.7953
    7.5000  -15.0000  -37.500011081.9688   21.8288
   -7.5000   -7.5000  -37.500012000.1201   21.7844
    0.0000   -7.5000  -37.500012387.8955   21.7979
    7.5000   -7.5000  -37.500011744.1982   21.8361
   -7.5000    0.0000  -37.500012556.7354   21.7962
    0.0000    0.0000  -37.500012975.1914   21.8098
    7.5000    0.0000  -37.500012300.6436   21.8483
   -7.5000    7.5000  -37.500012156.6543   21.8000
    0.0000    7.5000  -37.500012555.4600   21.8214
    7.5000    7.5000  -37.500011863.8271   21.8542
   -7.5000   15.0000  -37.500011607.6953   21.7885
    0.0000   15.0000  -37.500011972.0410   21.8162
    7.5000   15.0000  -37.500011265.9668   21.8451
   -7.5000   22.5000  -37.500010868.9033   21.7718
    0.0000   22.5000  -37.500011200.7412   21.7990
    7.5000   22.5000  -37.500010507.0977   21.8288
   -7.5000   30.0000  -37.5000 9943.3633   21.4842
    0.0000   30.0000  -37.500010242.5635   21.5048
    7.5000   30.0000  -37.5000 9598.2246   21.5379
   -7.5000   37.5000  -37.5000 9386.9766   21.4941
    0.0000   37.5000  -37.5000 9708.0127   21.5075
    7.5000   37.5000  -37.5000 9044.1963   21.5451
   -7.5000   45.0000  -37.5000 8533.0283   20.9636
    0.0000   45.0000  -37.5000 8837.7471   20.9767
    7.5000   45.0000  -37.5000 8232.7129   21.0138
   -7.5000  -45.0000  -30.0000 9152.5986   22.8064
    0.0000  -45.0000  -30.0000 9471.5566   22.8129
    7.5000  -45.0000  -30.0000 8997.2217   22.8482
   -7.5000  -37.5000  -30.0000 9737.8604   22.7496
    0.0000  -37.5000  -30.000010049.2588   22.7634
    7.5000  -37.5000  -30.0000 9535.6426   22.7991
   -7.5000  -30.0000  -30.000010624.4678   22.7045
    0.0000  -30.0000  -30.000010958.2324   22.7257
    7.5000  -30.0000  -30.000010372.3691   22.7606
   -7.5000  -22.5000  -30.000011443.7803   22.6878
    0.0000  -22.5000  -30.000011789.5264   22.7097
    7.5000  -22.5000  -30.000011150.5840   22.7409
   -7.5000  -15.0000  -30.000012171.3730   22.7042
    0.0000  -15.0000  -30.000012565.1738   22.7195
    7.5000  -15.0000  -30.000011861.5400   22.7473
   -7.5000   -7.5000  -30.000012848.1465   22.7357
    0.0000   -7.5000  -30.000013274.9170   22.7432
    7.5000   -7.5000  -30.000012580.8223   22.7733
   -7.5000    0.0000  -30.000013449.6055   22.7531
    0.0000    0.0000  -30.000013888.1025   22.7594
    7.5000    0.0000  -30.000013149.1426   22.7934
   -7.5000    7.5000  -30.000012994.3701   22.7383
    0.0000    7.5000  -30.000013398.9707   22.7517
    7.5000    7.5000  -30.000012629.1699   22.7869
   -7.5000   15.0000  -30.000012376.3555   22.7044
    0.0000   15.0000  -30.000012765.7969   22.7256
    7.5000   15.0000  -30.000011977.2051   22.7604
   -7.5000   22.5000  -30.000011563.8359   22.6824
    0.0000   22.5000  -30.000011943.1523   22.7042
    7.5000   22.5000  -30.000011199.0146   22.7354
   -7.5000   30.0000  -30.000010558.4043   22.4038
    0.0000   30.0000  -30.000010923.7715   22.4188
    7.5000   30.0000  -30.000010230.1641   22.4463
   -7.5000   37.5000  -30.0000 9951.1924   22.4348
    0.0000   37.5000  -30.000010309.4277   22.4423
    7.5000   37.5000  -30.0000 9632.0801   22.4720
   -7.5000   45.0000  -30.0000 9038.4287   21.9004
    0.0000   45.0000  -30.0000 9377.2881   21.9064
    7.5000   45.0000  -30.0000 8736.0127   21.9393
   -7.5000  -45.0000  -22.5000 9826.8857   23.5967
    0.0000  -45.0000  -22.500010138.4814   23.6185
    7.5000  -45.0000  -22.5000 9625.2461   23.6687
   -7.5000  -37.5000  -22.500010440.0674   23.5368
    0.0000  -37.5000  -22.500010758.7529   23.5690
    7.5000  -37.5000  -22.500010198.7070   23.6233
   -7.5000  -30.0000  -22.500011371.6230   23.4845
    0.0000  -30.0000  -22.500011707.6162   23.5263
    7.5000  -30.0000  -22.500011079.4365   23.5837
   -7.5000  -22.5000  -22.500012215.2451   23.4618
    0.0000  -22.5000  -22.500012587.3398   23.5007
    7.5000  -22.5000  -22.500011896.8965   23.5537
   -7.5000  -15.0000  -22.500012973.0264   23.4790
    0.0000  -15.0000  -22.500013395.3486   23.5071
    7.5000  -15.0000  -22.500012652.4756   23.5528
   -7.5000   -7.5000  -22.500013753.2490   23.5187
    0.0000   -7.5000  -22.500014167.0381   23.5390
    7.5000   -7.5000  -22.500013409.8633   23.5841
   -7.5000    0.0000  -22.500014391.2646   23.5421
    0.0000    0.0000  -22.500014815.8770   23.5636
    7.5000    0.0000  -22.500014013.6514   23.6124
   -7.5000    7.5000  -22.500013801.0020   23.5252
    0.0000    7.5000  -22.500014209.7109   23.5571
    7.5000    7.5000  -22.500013407.9678   23.6109
   -7.5000   15.0000  -22.500013093.6689   23.4844
    0.0000   15.0000  -22.500013491.3311   23.5262
    7.5000   15.0000  -22.500012689.6660   23.5835
   -7.5000   22.5000  -22.500012236.0098   23.4545
    0.0000   22.5000  -22.500012649.1914   23.4935
    7.5000   22.5000  -22.500011884.2324   23.5464
   -7.5000   30.0000  -22.500011172.9893   23.1718
    0.0000   30.0000  -22.500011575.1689   23.1996
    7.5000   30.0000  -22.500010877.7227   23.2447
   -7.5000   37.5000  -22.500010512.4229   23.2111
    0.0000   37.5000  -22.500010903.0742   23.2311
    7.5000   37.5000  -22.500010237.6670   23.2756
   -7.5000   45.0000  -22.5000 9559.5957   22.6773
    0.0000   45.0000  -22.5000 9909.4043   22.6979
    7.5000   45.0000  -22.5000 9283.2275   22.7452
   -7.5000  -45.0000  -15.000010504.6553   24.1331
    0.0000  -45.0000  -15.000010816.2373   24.1786
    7.5000  -45.0000  -15.000010244.9951   24.2488
   -7.5000  -37.5000  -15.000011141.3730   24.0876
    0.0000  -37.5000  -15.000011480.3535   24.1472
    7.5000  -37.5000  -15.000010865.4785   24.2191
   -7.5000  -30.0000  -15.000012109.0459   24.0498
    0.0000  -30.0000  -15.000012479.1699   24.1204
    7.5000  -30.0000  -15.000011792.9053   24.1961
   -7.5000  -22.5000  -15.000013013.2617   24.0243
    0.0000  -22.5000  -15.000013411.2539   24.0886
    7.5000  -22.5000  -15.000012657.4922   24.1638
   -7.5000  -15.0000  -15.000013788.2969   24.0267
    0.0000  -15.0000  -15.000014197.6738   24.0756
    7.5000  -15.0000  -15.000013413.2783   24.1465
   -7.5000   -7.5000  -15.000014635.5244   24.0536
    0.0000   -7.5000  -15.000015024.1445   24.0946
    7.5000   -7.5000  -15.000014167.9336   24.1632
   -7.5000    0.0000  -15.000015322.3359   24.0774
    0.0000    0.0000  -15.000015730.6660   24.1224
    7.5000    0.0000  -15.000014793.5410   24.1911
   -7.5000    7.5000  -15.000014658.8125   24.0758
    0.0000    7.5000  -15.000015046.3066   24.1351
    7.5000    7.5000  -15.000014184.1572   24.2064
   -7.5000   15.0000  -15.000013865.5996   24.0497
    0.0000   15.0000  -15.000014273.9609   24.1203
    7.5000   15.0000  -15.000013436.2920   24.1960
   -7.5000   22.5000  -15.000012899.5361   24.0158
    0.0000   22.5000  -15.000013351.7812   24.0801
    7.5000   22.5000  -15.000012558.2363   24.1553
   -7.5000   30.0000  -15.000011804.7393   23.7157
    0.0000   30.0000  -15.000012240.1445   23.7640
    7.5000   30.0000  -15.000011521.0518   23.8340
   -7.5000   37.5000  -15.000011088.1318   23.7423
    0.0000   37.5000  -15.000011493.6182   23.7828
    7.5000   37.5000  -15.000010801.3672   23.8505
   -7.5000   45.0000  -15.000010059.8789   23.2070
    0.0000   45.0000  -15.000010434.9951   23.2503
    7.5000   45.0000  -15.0000 9813.6885   23.3168
   -7.5000  -45.0000   -7.500011176.4873   24.3777
    0.0000  -45.0000   -7.500011519.0049   24.4301
    7.5000  -45.0000   -7.500010892.6055   24.5087
   -7.5000  -37.5000   -7.500011848.0898   24.3485
    0.0000  -37.5000   -7.500012224.3535   24.4148
    7.5000  -37.5000   -7.500011563.1973   24.4856
   -7.5000  -30.0000   -7.500012918.0352   24.3310
    0.0000  -30.0000   -7.500013321.2998   24.4072
    7.5000  -30.0000   -7.500012565.4736   24.4768
   -7.5000  -22.5000   -7.500013927.4912   24.3085
    0.0000  -22.5000   -7.500014318.8066   24.3792
    7.5000  -22.5000   -7.500013469.0410   24.4544
   -7.5000  -15.0000   -7.500014767.8516   24.2957
    0.0000  -15.0000   -7.500015137.8242   24.3523
    7.5000  -15.0000   -7.500014224.6299   24.4327
   -7.5000   -7.5000   -7.500015648.2070   24.3022
    0.0000   -7.5000   -7.500016025.2275   24.3504
    7.5000   -7.5000   -7.500015014.3584   24.4322
   -7.5000    0.0000   -7.500016341.3311   24.3207
    0.0000    0.0000   -7.500016756.6523   24.3727
    7.5000    0.0000   -7.500015698.1133   24.4497
   -7.5000    7.5000   -7.500015629.4814   24.3365
    0.0000    7.5000   -7.500016027.4365   24.4023
    7.5000    7.5000   -7.500015046.6533   24.4726
   -7.5000   15.0000   -7.500014734.4160   24.3309
    0.0000   15.0000   -7.500015144.5928   24.4071
    7.5000   15.0000   -7.500014223.9219   24.4767
   -7.5000   22.5000   -7.500013685.0557   24.2973
    0.0000   22.5000   -7.500014111.0781   24.3680
    7.5000   22.5000   -7.500013258.6094   24.4431
   -7.5000   30.0000   -7.500012554.5400   23.9806
    0.0000   30.0000   -7.500012987.9297   24.0365
    7.5000   30.0000   -7.500012189.2861   24.1159
   -7.5000   37.5000   -7.500011782.8926   23.9871
    0.0000   37.5000   -7.500012211.1680   24.0346
    7.5000   37.5000   -7.500011483.8350   24.1154
   -7.5000   45.0000   -7.500010642.7080   23.4455
    0.0000   45.0000   -7.500011029.0371   23.4955
    7.5000   45.0000   -7.500010353.5840   23.5700
   -7.5000  -45.0000    0.000011760.7441   24.4159
    0.0000  -45.0000    0.000012121.6475   24.4535
    7.5000  -45.0000    0.000011423.7666   24.5198
   -7.5000  -37.5000    0.000012510.5332   24.3904
    0.0000  -37.5000    0.000012908.5547   24.4392
    7.5000  -37.5000    0.000012169.1025   24.4928
   -7.5000  -30.0000    0.000013768.1680   24.3803
    0.0000  -30.0000    0.000014170.9697   24.4365
    7.5000  -30.0000    0.000013248.8613   24.4840
   -7.5000  -22.5000    0.000014999.2100   24.3624
    0.0000  -22.5000    0.000015289.4492   24.4156
    7.5000  -22.5000    0.000014136.4629   24.4693
   -7.5000  -15.0000    0.000015804.5400   24.3472
    0.0000  -15.0000    0.000016039.8896   24.3903
    7.5000  -15.0000    0.000014900.1572   24.4541
   -7.5000   -7.5000    0.000016542.8613   24.3450
    0.0000   -7.5000    0.000016838.6699   24.3801
    7.5000   -7.5000    0.000015725.2617   24.4494
   -7.5000    0.0000    0.000017177.3262   24.3581
    0.0000    0.0000    0.000017555.6250   24.3954
    7.5000    0.0000    0.000016434.7715   24.4601
   -7.5000    7.5000    0.000016437.0391   24.3781
    0.0000    7.5000    0.000016825.3730   24.4265
    7.5000    7.5000    0.000015722.1504   24.4795
   -7.5000   15.0000    0.000015493.0010   24.3802
    0.0000   15.0000    0.000015855.9346   24.4364
    7.5000   15.0000    0.000014834.2637   24.4839
   -7.5000   22.5000    0.000014388.3955   24.3512
    0.0000   22.5000    0.000014736.3848   24.4043
    7.5000   22.5000    0.000013787.5791   24.4581
   -7.5000   30.0000    0.000013200.8154   24.0321
    0.0000   30.0000    0.000013571.3496   24.0746
    7.5000   30.0000    0.000012677.6738   24.1377
   -7.5000   37.5000    0.000012395.8359   24.0300
    0.0000   37.5000    0.000012763.8428   24.0646
    7.5000   37.5000    0.000011926.3789   24.1330
   -7.5000   45.0000    0.000011175.1387   23.4828
    0.0000   45.0000    0.000011518.6094   23.5187
    7.5000   45.0000    0.000010746.4707   23.5814
   -7.5000  -45.0000    7.500011444.9336   24.4482
    0.0000  -45.0000    7.500011781.8047   24.4638
    7.5000  -45.0000    7.500011103.8027   24.5082
   -7.5000  -37.5000    7.500012209.5654   24.4071
    0.0000  -37.5000    7.500012585.7197   24.4314
    7.5000  -37.5000    7.500011811.1426   24.4687
   -7.5000  -30.0000    7.500013638.8779   24.3821
    0.0000  -30.0000    7.500013963.7021   24.4130
    7.5000  -30.0000    7.500012872.9150   24.4454
   -7.5000  -22.5000    7.500014818.3809   24.3666
    0.0000  -22.5000    7.500015002.5586   24.3971
    7.5000  -22.5000    7.500013721.4922   24.4304
   -7.5000  -15.0000    7.500015314.8936   24.3662
    0.0000  -15.0000    7.500015548.2979   24.3895
    7.5000  -15.0000    7.500014435.5664   24.4270
   -7.5000   -7.5000    7.500015959.2793   24.3773
    0.0000   -7.5000    7.500016295.4473   24.3925
    7.5000   -7.5000    7.500015274.5762   24.4352
   -7.5000    0.0000    7.500016697.4199   24.3905
    0.0000    0.0000    7.500017055.0137   24.4058
    7.5000    0.0000    7.500015951.3936   24.4488
   -7.5000    7.5000    7.500016019.0439   24.3948
    0.0000    7.5000    7.500016369.3926   24.4187
    7.5000    7.5000    7.500015262.6621   24.4554
   -7.5000   15.0000    7.500015079.1572   24.3820
    0.0000   15.0000    7.500015376.8281   24.4129
    7.5000   15.0000    7.500014357.8525   24.4452
   -7.5000   22.5000    7.500014039.3887   24.3554
    0.0000   22.5000    7.500014318.0146   24.3858
    7.5000   22.5000    7.500013346.1104   24.4191
   -7.5000   30.0000    7.500012889.7607   24.0508
    0.0000   30.0000    7.500013160.6182   24.0739
    7.5000   30.0000    7.500012249.2988   24.1109
   -7.5000   37.5000    7.500012123.6299   24.0619
    0.0000   37.5000    7.500012399.3691   24.0768
    7.5000   37.5000    7.500011539.7598   24.1190
   -7.5000   45.0000    7.500010878.4932   23.5141
    0.0000   45.0000    7.500011136.8789   23.5287
    7.5000   45.0000    7.500010366.1602   23.5704
   -7.5000  -45.0000   15.000010926.5820   24.4903
    0.0000  -45.0000   15.000011260.9062   24.4973
    7.5000  -45.0000   15.000010574.1592   24.5352
   -7.5000  -37.5000   15.000011648.1230   24.4294
    0.0000  -37.5000   15.000012044.0527   24.4441
    7.5000  -37.5000   15.000011298.3037   24.4825
   -7.5000  -30.0000   15.000013053.8916   24.3809
    0.0000  -30.0000   15.000013427.3838   24.4037
    7.5000  -30.0000   15.000012365.4424   24.4411
   -7.5000  -22.5000   15.000014135.4287   24.3630
    0.0000  -22.5000   15.000014475.1777   24.3865
    7.5000  -22.5000   15.000013265.4570   24.4199
   -7.5000  -15.0000   15.000014587.9404   24.3806
    0.0000  -15.0000   15.000014978.4648   24.3970
    7.5000  -15.0000   15.000013972.7568   24.4268
   -7.5000   -7.5000   15.000015299.3018   24.4144
    0.0000   -7.5000   15.000015704.2842   24.4224
    7.5000   -7.5000   15.000014725.4404   24.4548
   -7.5000    0.0000   15.000016170.8389   24.4331
    0.0000    0.0000   15.000016478.5098   24.4398
    7.5000    0.0000   15.000015386.8730   24.4763
   -7.5000    7.5000   15.000015557.4775   24.4171
    0.0000    7.5000   15.000015818.4297   24.4316
    7.5000    7.5000   15.000014712.2227   24.4694
   -7.5000   15.0000   15.000014621.8447   24.3808
    0.0000   15.0000   15.000014852.4658   24.4036
    7.5000   15.0000   15.000013785.3457   24.4410
   -7.5000   22.5000   15.000013587.6162   24.3518
    0.0000   22.5000   15.000013846.2686   24.3752
    7.5000   22.5000   15.000012801.2314   24.4087
   -7.5000   30.0000   15.000012424.5605   24.0651
    0.0000   30.0000   15.000012704.8750   24.0812
    7.5000   30.0000   15.000011732.8418   24.1107
   -7.5000   37.5000   15.000011679.1904   24.0984
    0.0000   37.5000   15.000011989.6338   24.1064
    7.5000   37.5000   15.000011075.4639   24.1383
   -7.5000   45.0000   15.000010464.4014   23.5555
    0.0000   45.0000   15.000010761.6719   23.5619
    7.5000   45.0000   15.0000 9942.8838   23.5973
   -7.5000  -45.0000   22.500010314.8057   24.4952
    0.0000  -45.0000   22.500010667.5068   24.5179
    7.5000  -45.0000   22.500010047.5361   24.5700
   -7.5000  -37.5000   22.500010975.0869   24.4331
    0.0000  -37.5000   22.500011382.8838   24.4665
    7.5000  -37.5000   22.500010726.3271   24.5229
   -7.5000  -30.0000   22.500012198.9844   24.3788
    0.0000  -30.0000   22.500012613.1104   24.4222
    7.5000  -30.0000   22.500011733.5879   24.4817
   -7.5000  -22.5000   22.500013302.1973   24.3552
    0.0000  -22.5000   22.500013743.5605   24.3957
    7.5000  -22.5000   22.500012686.8623   24.4506
   -7.5000  -15.0000   22.500014122.1875   24.3731
    0.0000  -15.0000   22.500014573.8955   24.4022
    7.5000  -15.0000   22.500013449.5586   24.4497
   -7.5000   -7.5000   22.500014943.1494   24.4143
    0.0000   -7.5000   22.500015350.7988   24.4354
    7.5000   -7.5000   22.500014137.1318   24.4822
   -7.5000    0.0000   22.500015689.8896   24.4386
    0.0000    0.0000   22.500016011.4316   24.4610
    7.5000    0.0000   22.500014717.1650   24.5116
   -7.5000    7.5000   22.500014973.7842   24.4211
    0.0000    7.5000   22.500015259.6201   24.4542
    7.5000    7.5000   22.500014052.0703   24.5100
   -7.5000   15.0000   22.500013986.7607   24.3787
    0.0000   15.0000   22.500014269.6309   24.4221
    7.5000   15.0000   22.500013152.8008   24.4816
   -7.5000   22.5000   22.500012945.5576   24.3440
    0.0000   22.5000   22.500013232.7656   24.3844
    7.5000   22.5000   22.500012215.8623   24.4394
   -7.5000   30.0000   22.500011805.5205   24.0576
    0.0000   30.0000   22.500012089.7305   24.0864
    7.5000   30.0000   22.500011198.7197   24.1333
   -7.5000   37.5000   22.500011046.8975   24.0984
    0.0000   37.5000   22.500011346.7891   24.1192
    7.5000   37.5000   22.500010555.1084   24.1654
   -7.5000   45.0000   22.5000 9903.7783   23.5612
    0.0000   45.0000   22.500010176.0498   23.5827
    7.5000   45.0000   22.5000 9480.4326   23.6318
   -7.5000  -45.0000   30.0000 9624.4990   24.5085
    0.0000  -45.0000   30.0000 9968.6943   24.5550
    7.5000  -45.0000   30.0000 9403.8613   24.6268
   -7.5000  -37.5000   30.000010260.0449   24.4622
    0.0000  -37.5000   30.000010637.0957   24.5231
    7.5000  -37.5000   30.000010027.3984   24.5965
   -7.5000  -30.0000   30.000011350.6055   24.4238
    0.0000  -30.0000   30.000011730.0244   24.4958
    7.5000  -30.0000   30.000010993.5234   24.5732
   -7.5000  -22.5000   30.000012389.5234   24.3979
    0.0000  -22.5000   30.000012735.1250   24.4636
    7.5000  -22.5000   30.000011907.1865   24.5405
   -7.5000  -15.0000   30.000013271.3008   24.4004
    0.0000  -15.0000   30.000013594.2598   24.4504
    7.5000  -15.0000   30.000012694.2119   24.5229
   -7.5000   -7.5000   30.000014097.2744   24.4277
    0.0000   -7.5000   30.000014435.1152   24.4696
    7.5000   -7.5000   30.000013386.4795   24.5399
   -7.5000    0.0000   30.000014675.0146   24.4518
    0.0000    0.0000   30.000015040.0117   24.4979
    7.5000    0.0000   30.000013930.5225   24.5681
   -7.5000    7.5000   30.000013930.7451   24.4502
    0.0000    7.5000   30.000014289.6943   24.5108
    7.5000    7.5000   30.000013272.8652   24.5836
   -7.5000   15.0000   30.000013024.2031   24.4237
    0.0000   15.0000   30.000013357.4941   24.4957
    7.5000   15.0000   30.000012417.0898   24.5731
   -7.5000   22.5000   30.000012063.7471   24.3867
    0.0000   22.5000   30.000012373.2021   24.4523
    7.5000   22.5000   30.000011513.5820   24.5292
   -7.5000   30.0000   30.000011001.0088   24.0846
    0.0000   30.0000   30.000011298.1553   24.1340
    7.5000   30.0000   30.000010526.8008   24.2055
   -7.5000   37.5000   30.000010314.3291   24.1116
    0.0000   37.5000   30.000010615.1445   24.1530
    7.5000   37.5000   30.0000 9926.3096   24.2223
   -7.5000   45.0000   30.0000 9273.3379   23.5741
    0.0000   45.0000   30.0000 9555.7734   23.6184
    7.5000   45.0000   30.0000 8942.2051   23.6864
   -7.5000  -45.0000   37.5000 9307.4131   24.6240
    0.0000  -45.0000   37.5000 9620.4111   24.6777
    7.5000  -45.0000   37.5000 9081.6152   24.7579
   -7.5000  -37.5000   37.5000 9948.2539   24.5943
    0.0000  -37.5000   37.500010275.9023   24.6619
    7.5000  -37.5000   37.5000 9711.8398   24.7342
   -7.5000  -30.0000   37.500010914.2119   24.5764
    0.0000  -30.0000   37.500011268.2188   24.6542
    7.5000  -30.0000   37.500010626.2441   24.7252
   -7.5000  -22.5000   37.500011765.5293   24.5536
    0.0000  -22.5000   37.500012126.4062   24.6259
    7.5000  -22.5000   37.500011462.2266   24.7026
   -7.5000  -15.0000   37.500012491.2451   24.5406
    0.0000  -15.0000   37.500012862.1172   24.5986
    7.5000  -15.0000   37.500012163.2490   24.6808
   -7.5000   -7.5000   37.500013208.6934   24.5472
    0.0000   -7.5000   37.500013634.0068   24.5966
    7.5000   -7.5000   37.500012815.4814   24.6803
   -7.5000    0.0000   37.500013792.6504   24.5660
    0.0000    0.0000   37.500014260.6875   24.6192
    7.5000    0.0000   37.500013406.6406   24.6978
   -7.5000    7.5000   37.500013207.6084   24.5820
    0.0000    7.5000   37.500013659.8574   24.6493
    7.5000    7.5000   37.500012853.1211   24.7209
   -7.5000   15.0000   37.500012433.8564   24.5763
    0.0000   15.0000   37.500012860.6768   24.6541
    7.5000   15.0000   37.500012083.6084   24.7250
   -7.5000   22.5000   37.500011573.9238   24.5423
    0.0000   22.5000   37.500011959.2959   24.6145
    7.5000   22.5000   37.500011230.3643   24.6912
   -7.5000   30.0000   37.500010562.1621   24.2230
    0.0000   30.0000   37.500010903.6289   24.2802
    7.5000   30.0000   37.500010220.9395   24.3614
   -7.5000   37.5000   37.5000 9937.8018   24.2296
    0.0000   37.5000   37.500010239.1533   24.2783
    7.5000   37.5000   37.5000 9607.7119   24.3609
   -7.5000   45.0000   37.5000 8940.9717   23.6838
    0.0000   45.0000   37.5000 9218.5010   23.7350
    7.5000   45.0000   37.5000 8651.6260   23.8110
   -7.5000  -45.0000   45.0000 8468.1660   24.6894
    0.0000  -45.0000   45.0000 8738.3008   24.7279
    7.5000  -45.0000   45.0000 8247.1553   24.7974
   -7.5000  -37.5000   45.0000 9009.4287   24.6631
    0.0000  -37.5000   45.0000 9314.9736   24.7131
    7.5000  -37.5000   45.0000 8783.5957   24.7693
   -7.5000  -30.0000   45.0000 9815.3672   24.6531
    0.0000  -30.0000   45.000010170.2578   24.7107
    7.5000  -30.0000   45.0000 9580.5576   24.7606
   -7.5000  -22.5000   45.000010557.7412   24.6352
    0.0000  -22.5000   45.000010945.0547   24.6896
    7.5000  -22.5000   45.000010345.7256   24.7460
   -7.5000  -15.0000   45.000011191.3564   24.6196
    0.0000  -15.0000   45.000011600.0801   24.6637
    7.5000  -15.0000   45.000010996.2178   24.7305
   -7.5000   -7.5000   45.000011821.2969   24.6170
    0.0000   -7.5000   45.000012248.9004   24.6528
    7.5000   -7.5000   45.000011586.9531   24.7254
   -7.5000    0.0000   45.000012359.0928   24.6300
    0.0000    0.0000   45.000012821.5586   24.6681
    7.5000    0.0000   45.000012117.2959   24.7360
   -7.5000    7.5000   45.000011900.1416   24.6504
    0.0000    7.5000   45.000012343.5332   24.7000
    7.5000    7.5000   45.000011647.8330   24.7556
   -7.5000   15.0000   45.000011268.5166   24.6530
    0.0000   15.0000   45.000011663.8662   24.7106
    7.5000   15.0000   45.000010994.3027   24.7605
   -7.5000   22.5000   45.000010523.7900   24.6238
    0.0000   22.5000   45.000010886.3477   24.6781
    7.5000   22.5000   45.000010227.9551   24.7345
   -7.5000   30.0000   45.0000 9609.3584   24.2989
    0.0000   30.0000   45.0000 9930.5420   24.3424
    7.5000   30.0000   45.0000 9331.2402   24.4084
   -7.5000   37.5000   45.0000 9058.2822   24.2963
    0.0000   37.5000   45.0000 9348.5996   24.3316
    7.5000   37.5000   45.0000 8798.1787   24.4033
   -7.5000   45.0000   45.0000 8146.9761   23.7550
    0.0000   45.0000   45.0000 8411.8037   23.7917
    7.5000   45.0000   45.0000 7932.8936   23.8573

---------------------------------------------------------------------
imgreg_4dfp /opt/freesurfer/average/711-2C_as_mni_average_305 /opt/freesurfer/average/711-2B_as_mni_average_305_mask talsrcimg_g11 none talsrcimg_to_711-2C_as_mni_average_305_t4 4355
---------------------------------------------------------------------

freesurfer imgreg_4dfp.c
/opt/freesurfer/average/711-2C_as_mni_average_305.4dfp.img
       256       256       256         1
  1.000000  1.000000  1.000000
orientation T byte_order littleendian
Reading image: /opt/freesurfer/average/711-2C_as_mni_average_305.4dfp.img
dimensions:      256       256       256
mmppix:       1.0000   -1.0000   -1.0000
center:     128.0000 -129.0000 -129.0000
/opt/freesurfer/average/711-2B_as_mni_average_305_mask.4dfp.img
       256       256       256         1
  1.000000  1.000000  1.000000
orientation T byte_order littleendian
Reading mask: /opt/freesurfer/average/711-2B_as_mni_average_305_mask.4dfp.img (2306576 pixels)
talsrcimg_g11.4dfp.img
       256       256       256         1
  1.000000  1.000000  1.000000
orientation T byte_order littleendian
Reading image: talsrcimg_g11.4dfp.img
dimensions:      256       256       256
mmppix:       1.0000   -1.0000   -1.0000
center:     128.0000 -129.0000 -129.0000
rotation matrix determinant  1.000000
image alignment mode   4355 decimal     1103 hex
   -7.5000  -45.0000  -45.0000 2069.9661   26.5367
    0.0000  -45.0000  -45.0000 2072.2446   26.4612
    7.5000  -45.0000  -45.0000 2063.9077   26.6283
   -7.5000  -37.5000  -45.0000 2140.5142   24.5797
    0.0000  -37.5000  -45.0000 2148.2485   24.5200
    7.5000  -37.5000  -45.0000 2131.9104   24.6138
   -7.5000  -30.0000  -45.0000 2193.7341   23.1144
    0.0000  -30.0000  -45.0000 2195.7766   23.1219
    7.5000  -30.0000  -45.0000 2176.2024   23.2572
   -7.5000  -22.5000  -45.0000 2224.7021   22.3195
    0.0000  -22.5000  -45.0000 2221.1418   22.3072
    7.5000  -22.5000  -45.0000 2202.4819   22.5578
   -7.5000  -15.0000  -45.0000 2226.9546   21.9730
    0.0000  -15.0000  -45.0000 2227.7837   21.9828
    7.5000  -15.0000  -45.0000 2210.8772   22.3063
   -7.5000   -7.5000  -45.0000 2223.7842   22.0539
    0.0000   -7.5000  -45.0000 2229.1731   22.1349
    7.5000   -7.5000  -45.0000 2211.3730   22.4232
   -7.5000    0.0000  -45.0000 2214.0327   22.5771
    0.0000    0.0000  -45.0000 2218.7439   22.5951
    7.5000    0.0000  -45.0000 2194.8799   22.9040
   -7.5000    7.5000  -45.0000 2179.2664   23.4318
    0.0000    7.5000  -45.0000 2184.2263   23.4515
    7.5000    7.5000  -45.0000 2156.3120   23.7097
   -7.5000   15.0000  -45.0000 2121.0488   24.6639
    0.0000   15.0000  -45.0000 2126.6428   24.6788
    7.5000   15.0000  -45.0000 2100.5352   24.9203
   -7.5000   22.5000  -45.0000 2054.9163   26.3970
    0.0000   22.5000  -45.0000 2052.7166   26.3968
    7.5000   22.5000  -45.0000 2026.6942   26.7870
   -7.5000   30.0000  -45.0000 1963.4689   28.7715
    0.0000   30.0000  -45.0000 1960.7972   28.9394
    7.5000   30.0000  -45.0000 1938.2297   29.4620
   -7.5000   37.5000  -45.0000 1868.3018   32.0093
    0.0000   37.5000  -45.0000 1867.8271   32.1757
    7.5000   37.5000  -45.0000 1840.5092   32.8487
   -7.5000   45.0000  -45.0000 1754.7849   36.2536
    0.0000   45.0000  -45.0000 1750.8521   36.3727
    7.5000   45.0000  -45.0000 1731.6737   37.1516
   -7.5000  -45.0000  -37.5000 2165.4377   24.6479
    0.0000  -45.0000  -37.5000 2168.1111   24.4928
    7.5000  -45.0000  -37.5000 2149.9697   24.5826
   -7.5000  -37.5000  -37.5000 2233.2441   22.7278
    0.0000  -37.5000  -37.5000 2241.6562   22.6457
    7.5000  -37.5000  -37.5000 2227.0193   22.7272
   -7.5000  -30.0000  -37.5000 2287.2517   21.3656
    0.0000  -30.0000  -37.5000 2285.5857   21.3001
    7.5000  -30.0000  -37.5000 2272.6050   21.4453
   -7.5000  -22.5000  -37.5000 2321.4165   20.5433
    0.0000  -22.5000  -37.5000 2318.7588   20.5732
    7.5000  -22.5000  -37.5000 2304.2930   20.7963
   -7.5000  -15.0000  -37.5000 2337.0654   20.3239
    0.0000  -15.0000  -37.5000 2341.5898   20.3370
    7.5000  -15.0000  -37.5000 2319.7522   20.6033
   -7.5000   -7.5000  -37.5000 2329.3853   20.3608
    0.0000   -7.5000  -37.5000 2334.9817   20.3684
    7.5000   -7.5000  -37.5000 2314.8333   20.6071
   -7.5000    0.0000  -37.5000 2312.9253   20.6802
    0.0000    0.0000  -37.5000 2318.2864   20.6534
    7.5000    0.0000  -37.5000 2291.7727   20.9471
   -7.5000    7.5000  -37.5000 2283.0129   21.4121
    0.0000    7.5000  -37.5000 2287.8313   21.3870
    7.5000    7.5000  -37.5000 2257.5654   21.6353
   -7.5000   15.0000  -37.5000 2234.1013   22.5508
    0.0000   15.0000  -37.5000 2238.8516   22.5846
    7.5000   15.0000  -37.5000 2208.0354   22.7984
   -7.5000   22.5000  -37.5000 2162.4753   24.1580
    0.0000   22.5000  -37.5000 2160.7976   24.2010
    7.5000   22.5000  -37.5000 2126.8574   24.4773
   -7.5000   30.0000  -37.5000 2062.7444   26.3637
    0.0000   30.0000  -37.5000 2056.0149   26.4192
    7.5000   30.0000  -37.5000 2022.7478   26.7806
   -7.5000   37.5000  -37.5000 1957.9802   29.3212
    0.0000   37.5000  -37.5000 1957.7701   29.3249
    7.5000   37.5000  -37.5000 1918.8020   29.8033
   -7.5000   45.0000  -37.5000 1833.1787   33.1764
    0.0000   45.0000  -37.5000 1827.6241   33.1988
    7.5000   45.0000  -37.5000 1802.0422   33.8397
   -7.5000  -45.0000  -30.0000 2291.7454   23.7153
    0.0000  -45.0000  -30.0000 2296.2405   23.5489
    7.5000  -45.0000  -30.0000 2273.3896   23.5795
   -7.5000  -37.5000  -30.0000 2372.8818   21.8508
    0.0000  -37.5000  -30.0000 2373.1411   21.7116
    7.5000  -37.5000  -30.0000 2350.4021   21.8043
   -7.5000  -30.0000  -30.0000 2429.7102   20.4594
    0.0000  -30.0000  -30.0000 2425.4780   20.4350
    7.5000  -30.0000  -30.0000 2401.6240   20.5790
   -7.5000  -22.5000  -30.0000 2461.8635   19.6211
    0.0000  -22.5000  -30.0000 2460.8391   19.6420
    7.5000  -22.5000  -30.0000 2437.0920   19.8514
   -7.5000  -15.0000  -30.0000 2477.9993   19.3310
    0.0000  -15.0000  -30.0000 2481.2100   19.3037
    7.5000  -15.0000  -30.0000 2455.7485   19.5252
   -7.5000   -7.5000  -30.0000 2472.9202   19.3762
    0.0000   -7.5000  -30.0000 2478.0701   19.3591
    7.5000   -7.5000  -30.0000 2458.0913   19.6349
   -7.5000    0.0000  -30.0000 2456.7021   19.7335
    0.0000    0.0000  -30.0000 2465.8945   19.7006
    7.5000    0.0000  -30.0000 2445.3208   20.0448
   -7.5000    7.5000  -30.0000 2433.9575   20.4347
    0.0000    7.5000  -30.0000 2440.2671   20.3997
    7.5000    7.5000  -30.0000 2412.3940   20.6888
   -7.5000   15.0000  -30.0000 2382.0837   21.4935
    0.0000   15.0000  -30.0000 2385.8066   21.4512
    7.5000   15.0000  -30.0000 2351.4353   21.7262
   -7.5000   22.5000  -30.0000 2304.3645   22.9957
    0.0000   22.5000  -30.0000 2302.7581   22.9913
    7.5000   22.5000  -30.0000 2264.5847   23.2599
   -7.5000   30.0000  -30.0000 2198.0962   25.0476
    0.0000   30.0000  -30.0000 2193.3286   25.1191
    7.5000   30.0000  -30.0000 2156.6562   25.3970
   -7.5000   37.5000  -30.0000 2082.9075   27.8475
    0.0000   37.5000  -30.0000 2082.9514   27.9221
    7.5000   37.5000  -30.0000 2043.2864   28.2885
   -7.5000   45.0000  -30.0000 1948.9535   31.5092
    0.0000   45.0000  -30.0000 1949.4265   31.6731
    7.5000   45.0000  -30.0000 1915.3597   32.1465
   -7.5000  -45.0000  -22.5000 2383.3435   22.7805
    0.0000  -45.0000  -22.5000 2383.0771   22.5645
    7.5000  -45.0000  -22.5000 2361.8958   22.6066
   -7.5000  -37.5000  -22.5000 2474.4241   20.8999
    0.0000  -37.5000  -22.5000 2475.4592   20.7584
    7.5000  -37.5000  -22.5000 2450.7720   20.8222
   -7.5000  -30.0000  -22.5000 2537.3193   19.4934
    0.0000  -30.0000  -22.5000 2538.9995   19.4353
    7.5000  -30.0000  -22.5000 2513.4871   19.5683
   -7.5000  -22.5000  -22.5000 2573.5002   18.6331
    0.0000  -22.5000  -22.5000 2576.9858   18.6150
    7.5000  -22.5000  -22.5000 2555.4902   18.8726
   -7.5000  -15.0000  -22.5000 2593.9258   18.2423
    0.0000  -15.0000  -22.5000 2598.7493   18.2517
    7.5000  -15.0000  -22.5000 2578.8567   18.4917
   -7.5000   -7.5000  -22.5000 2600.9004   18.3436
    0.0000   -7.5000  -22.5000 2609.1592   18.3308
    7.5000   -7.5000  -22.5000 2587.5659   18.6270
   -7.5000    0.0000  -22.5000 2587.2102   18.7408
    0.0000    0.0000  -22.5000 2595.9612   18.7106
    7.5000    0.0000  -22.5000 2568.1394   19.0078
   -7.5000    7.5000  -22.5000 2558.9084   19.3918
    0.0000    7.5000  -22.5000 2561.6541   19.3801
    7.5000    7.5000  -22.5000 2530.7830   19.6797
   -7.5000   15.0000  -22.5000 2502.8762   20.3853
    0.0000   15.0000  -22.5000 2501.4797   20.3619
    7.5000   15.0000  -22.5000 2466.6992   20.6655
   -7.5000   22.5000  -22.5000 2422.1455   21.7510
    0.0000   22.5000  -22.5000 2416.8020   21.7742
    7.5000   22.5000  -22.5000 2383.2354   22.0541
   -7.5000   30.0000  -22.5000 2305.1643   23.6448
    0.0000   30.0000  -22.5000 2303.6887   23.6950
    7.5000   30.0000  -22.5000 2267.4719   24.0126
   -7.5000   37.5000  -22.5000 2174.8489   26.2385
    0.0000   37.5000  -22.5000 2175.1724   26.3494
    7.5000   37.5000  -22.5000 2141.2527   26.7107
   -7.5000   45.0000  -22.5000 2037.6183   29.6808
    0.0000   45.0000  -22.5000 2039.3036   29.8052
    7.5000   45.0000  -22.5000 2002.4249   30.2014
   -7.5000  -45.0000  -15.0000 2442.5112   21.9120
    0.0000  -45.0000  -15.0000 2437.4949   21.7604
    7.5000  -45.0000  -15.0000 2415.1101   21.8509
   -7.5000  -37.5000  -15.0000 2541.9580   20.0952
    0.0000  -37.5000  -15.0000 2541.9661   19.9650
    7.5000  -37.5000  -15.0000 2517.4578   20.0666
   -7.5000  -30.0000  -15.0000 2612.9536   18.7179
    0.0000  -30.0000  -15.0000 2615.9138   18.6474
    7.5000  -30.0000  -15.0000 2598.2012   18.7747
   -7.5000  -22.5000  -15.0000 2660.1433   17.7923
    0.0000  -22.5000  -15.0000 2667.2461   17.7938
    7.5000  -22.5000  -15.0000 2646.8201   17.9708
   -7.5000  -15.0000  -15.0000 2680.8928   17.2977
    0.0000  -15.0000  -15.0000 2691.3225   17.3473
    7.5000  -15.0000  -15.0000 2672.9722   17.5737
   -7.5000   -7.5000  -15.0000 2696.9917   17.3596
    0.0000   -7.5000  -15.0000 2702.1562   17.3601
    7.5000   -7.5000  -15.0000 2674.1067   17.6301
   -7.5000    0.0000  -15.0000 2686.6118   17.7735
    0.0000    0.0000  -15.0000 2688.6743   17.7799
    7.5000    0.0000  -15.0000 2656.6106   18.0733
   -7.5000    7.5000  -15.0000 2651.2927   18.4144
    0.0000    7.5000  -15.0000 2651.2952   18.4128
    7.5000    7.5000  -15.0000 2624.4294   18.7424
   -7.5000   15.0000  -15.0000 2589.5869   19.3222
    0.0000   15.0000  -15.0000 2590.7866   19.3274
    7.5000   15.0000  -15.0000 2563.6653   19.6794
   -7.5000   22.5000  -15.0000 2502.9988   20.6446
    0.0000   22.5000  -15.0000 2502.7468   20.6572
    7.5000   22.5000  -15.0000 2472.3809   21.0493
   -7.5000   30.0000  -15.0000 2381.7947   22.4524
    0.0000   30.0000  -15.0000 2380.1016   22.5064
    7.5000   30.0000  -15.0000 2351.5627   22.9460
   -7.5000   37.5000  -15.0000 2242.5159   24.8658
    0.0000   37.5000  -15.0000 2239.9258   24.9378
    7.5000   37.5000  -15.0000 2210.7930   25.4052
   -7.5000   45.0000  -15.0000 2096.2434   28.0534
    0.0000   45.0000  -15.0000 2098.0667   28.1042
    7.5000   45.0000  -15.0000 2069.2800   28.5581
   -7.5000  -45.0000   -7.5000 2476.2075   21.1310
    0.0000  -45.0000   -7.5000 2473.4944   20.9970
    7.5000  -45.0000   -7.5000 2451.0981   21.1738
   -7.5000  -37.5000   -7.5000 2582.8762   19.3457
    0.0000  -37.5000   -7.5000 2584.6260   19.2572
    7.5000  -37.5000   -7.5000 2568.5286   19.4013
   -7.5000  -30.0000   -7.5000 2670.8052   18.0956
    0.0000  -30.0000   -7.5000 2679.8220   17.9835
    7.5000  -30.0000   -7.5000 2661.7551   18.1109
   -7.5000  -22.5000   -7.5000 2728.4058   17.1287
    0.0000  -22.5000   -7.5000 2736.7859   17.0658
    7.5000  -22.5000   -7.5000 2718.7646   17.1916
   -7.5000  -15.0000   -7.5000 2749.8633   16.5531
    0.0000  -15.0000   -7.5000 2759.2266   16.5532
    7.5000  -15.0000   -7.5000 2741.3767   16.7822
   -7.5000   -7.5000   -7.5000 2775.9270   16.5026
    0.0000   -7.5000   -7.5000 2784.0498   16.4978
    7.5000   -7.5000   -7.5000 2756.7339   16.8075
   -7.5000    0.0000   -7.5000 2764.6787   16.8820
    0.0000    0.0000   -7.5000 2772.0818   16.8896
    7.5000    0.0000   -7.5000 2742.8970   17.1955
   -7.5000    7.5000   -7.5000 2728.7087   17.5250
    0.0000    7.5000   -7.5000 2732.8352   17.5138
    7.5000    7.5000   -7.5000 2708.3130   17.8835
   -7.5000   15.0000   -7.5000 2659.9048   18.4315
    0.0000   15.0000   -7.5000 2662.3501   18.4187
    7.5000   15.0000   -7.5000 2638.7239   18.8364
   -7.5000   22.5000   -7.5000 2565.1819   19.7024
    0.0000   22.5000   -7.5000 2566.3420   19.7196
    7.5000   22.5000   -7.5000 2539.8923   20.1575
   -7.5000   30.0000   -7.5000 2447.0063   21.4529
    0.0000   30.0000   -7.5000 2449.4648   21.5110
    7.5000   30.0000   -7.5000 2418.5625   21.9807
   -7.5000   37.5000   -7.5000 2298.0315   23.7574
    0.0000   37.5000   -7.5000 2299.3521   23.7707
    7.5000   37.5000   -7.5000 2276.4451   24.3081
   -7.5000   45.0000   -7.5000 2144.4922   26.7614
    0.0000   45.0000   -7.5000 2145.4978   26.7684
    7.5000   45.0000   -7.5000 2115.8000   27.2689
   -7.5000  -45.0000    0.0000 2489.9250   20.6857
    0.0000  -45.0000    0.0000 2491.0208   20.5336
    7.5000  -45.0000    0.0000 2467.3406   20.7196
   -7.5000  -37.5000    0.0000 2604.7581   18.9428
    0.0000  -37.5000    0.0000 2611.1377   18.8321
    7.5000  -37.5000    0.0000 2590.1931   18.9922
   -7.5000  -30.0000    0.0000 2701.1914   17.6864
    0.0000  -30.0000    0.0000 2711.3027   17.5576
    7.5000  -30.0000    0.0000 2689.0781   17.7094
   -7.5000  -22.5000    0.0000 2779.8369   16.7422
    0.0000  -22.5000    0.0000 2786.3552   16.6082
    7.5000  -22.5000    0.0000 2751.9888   16.7415
   -7.5000  -15.0000    0.0000 2812.6121   16.0244
    0.0000  -15.0000    0.0000 2820.5767   15.9167
    7.5000  -15.0000    0.0000 2785.7190   16.1872
   -7.5000   -7.5000    0.0000 2840.0242   15.8603
    0.0000   -7.5000    0.0000 2842.4045   15.8128
    7.5000   -7.5000    0.0000 2807.9790   16.1652
   -7.5000    0.0000    0.0000 2824.7014   16.1769
    0.0000    0.0000    0.0000 2829.2361   16.1397
    7.5000    0.0000    0.0000 2791.6509   16.5856
   -7.5000    7.5000    0.0000 2785.3264   16.8361
    0.0000    7.5000    0.0000 2785.2573   16.8061
    7.5000    7.5000    0.0000 2750.9771   17.2528
   -7.5000   15.0000    0.0000 2710.2258   17.8112
    0.0000   15.0000    0.0000 2707.1575   17.8078
    7.5000   15.0000    0.0000 2682.3340   18.1849
   -7.5000   22.5000    0.0000 2611.6541   19.0991
    0.0000   22.5000    0.0000 2608.9270   19.1129
    7.5000   22.5000    0.0000 2580.5134   19.5469
   -7.5000   30.0000    0.0000 2492.0115   20.8175
    0.0000   30.0000    0.0000 2494.5300   20.8552
    7.5000   30.0000    0.0000 2454.8027   21.3305
   -7.5000   37.5000    0.0000 2340.5513   23.0245
    0.0000   37.5000    0.0000 2342.6960   23.0770
    7.5000   37.5000    0.0000 2309.0286   23.5636
   -7.5000   45.0000    0.0000 2177.2576   25.8066
    0.0000   45.0000    0.0000 2178.5862   25.9244
    7.5000   45.0000    0.0000 2143.7065   26.4030
   -7.5000  -45.0000    7.5000 2487.8857   20.5074
    0.0000  -45.0000    7.5000 2494.4768   20.3305
    7.5000  -45.0000    7.5000 2473.4705   20.7043
   -7.5000  -37.5000    7.5000 2606.8596   18.7924
    0.0000  -37.5000    7.5000 2617.7302   18.6408
    7.5000  -37.5000    7.5000 2594.5020   18.9831
   -7.5000  -30.0000    7.5000 2713.1777   17.5743
    0.0000  -30.0000    7.5000 2722.4060   17.4254
    7.5000  -30.0000    7.5000 2698.2725   17.6531
   -7.5000  -22.5000    7.5000 2809.9932   16.6063
    0.0000  -22.5000    7.5000 2814.3518   16.3901
    7.5000  -22.5000    7.5000 2767.3091   16.5413
   -7.5000  -15.0000    7.5000 2864.3862   15.6192
    0.0000  -15.0000    7.5000 2864.7222   15.4637
    7.5000  -15.0000    7.5000 2810.7800   15.8372
   -7.5000   -7.5000    7.5000 2877.3577   15.2548
    0.0000   -7.5000    7.5000 2879.1069   15.2503
    7.5000   -7.5000    7.5000 2840.4578   15.8243
   -7.5000    0.0000    7.5000 2867.8242   15.7365
    0.0000    0.0000    7.5000 2862.8254   15.7198
    7.5000    0.0000    7.5000 2827.0068   16.2777
   -7.5000    7.5000    7.5000 2821.0542   16.5411
    0.0000    7.5000    7.5000 2821.4534   16.5069
    7.5000    7.5000    7.5000 2780.7407   16.9782
   -7.5000   15.0000    7.5000 2740.1509   17.5208
    0.0000   15.0000    7.5000 2735.4878   17.5093
    7.5000   15.0000    7.5000 2708.0176   17.9322
   -7.5000   22.5000    7.5000 2640.2542   18.8282
    0.0000   22.5000    7.5000 2634.2283   18.8295
    7.5000   22.5000    7.5000 2600.9072   19.2623
   -7.5000   30.0000    7.5000 2522.4861   20.5518
    0.0000   30.0000    7.5000 2515.8218   20.5541
    7.5000   30.0000    7.5000 2473.7085   20.9837
   -7.5000   37.5000    7.5000 2372.1887   22.7214
    0.0000   37.5000    7.5000 2363.1165   22.7567
    7.5000   37.5000    7.5000 2331.0950   23.2339
   -7.5000   45.0000    7.5000 2200.8887   25.4609
    0.0000   45.0000    7.5000 2195.2073   25.5014
    7.5000   45.0000    7.5000 2159.6680   26.0216
   -7.5000  -45.0000   15.0000 2455.5566   20.5602
    0.0000  -45.0000   15.0000 2466.3628   20.5316
    7.5000  -45.0000   15.0000 2448.8037   20.9042
   -7.5000  -37.5000   15.0000 2579.3220   18.8536
    0.0000  -37.5000   15.0000 2591.2332   18.8197
    7.5000  -37.5000   15.0000 2575.2661   19.1871
   -7.5000  -30.0000   15.0000 2688.5950   17.6343
    0.0000  -30.0000   15.0000 2699.1545   17.6054
    7.5000  -30.0000   15.0000 2680.6499   17.8662
   -7.5000  -22.5000   15.0000 2789.4688   16.6524
    0.0000  -22.5000   15.0000 2800.6553   16.5393
    7.5000  -22.5000   15.0000 2762.2205   16.7574
   -7.5000  -15.0000   15.0000 2848.8325   15.5381
    0.0000  -15.0000   15.0000 2848.0981   15.5051
    7.5000  -15.0000   15.0000 2811.0891   16.0116
   -7.5000   -7.5000   15.0000 2889.8982   15.2114
    0.0000   -7.5000   15.0000 2885.0686   15.3067
    7.5000   -7.5000   15.0000 2846.4719   15.9210
   -7.5000    0.0000   15.0000 2893.8931   15.7619
    0.0000    0.0000   15.0000 2876.2908   15.8161
    7.5000    0.0000   15.0000 2830.6187   16.3017
   -7.5000    7.5000   15.0000 2832.1560   16.6024
    0.0000    7.5000   15.0000 2822.5354   16.5905
    7.5000    7.5000   15.0000 2784.6116   16.9729
   -7.5000   15.0000   15.0000 2732.0247   17.5681
    0.0000   15.0000   15.0000 2730.6545   17.5506
    7.5000   15.0000   15.0000 2700.0681   17.9229
   -7.5000   22.5000   15.0000 2632.8667   18.8347
    0.0000   22.5000   15.0000 2632.4795   18.8646
    7.5000   22.5000   15.0000 2596.9531   19.1923
   -7.5000   30.0000   15.0000 2517.0181   20.5897
    0.0000   30.0000   15.0000 2512.7830   20.6433
    7.5000   30.0000   15.0000 2471.8110   20.9030
   -7.5000   37.5000   15.0000 2366.2749   22.8333
    0.0000   37.5000   15.0000 2365.9570   22.9521
    7.5000   37.5000   15.0000 2332.8767   23.2266
   -7.5000   45.0000   15.0000 2192.7869   25.6534
    0.0000   45.0000   15.0000 2194.2859   25.7372
    7.5000   45.0000   15.0000 2161.3311   26.0899
   -7.5000  -45.0000   22.5000 2414.2720   21.0731
    0.0000  -45.0000   22.5000 2427.7834   21.1668
    7.5000  -45.0000   22.5000 2416.3323   21.6576
   -7.5000  -37.5000   22.5000 2530.9609   19.2552
    0.0000  -37.5000   22.5000 2549.8110   19.3803
    7.5000  -37.5000   22.5000 2542.3108   19.8533
   -7.5000  -30.0000   22.5000 2636.4375   18.0075
    0.0000  -30.0000   22.5000 2661.9751   18.0677
    7.5000  -30.0000   22.5000 2650.1316   18.4500
   -7.5000  -22.5000   22.5000 2741.0569   17.0900
    0.0000  -22.5000   22.5000 2766.1526   17.0664
    7.5000  -22.5000   22.5000 2739.7986   17.4329
   -7.5000  -15.0000   22.5000 2829.4846   16.2846
    0.0000  -15.0000   22.5000 2834.7139   16.3485
    7.5000  -15.0000   22.5000 2798.5303   16.7379
   -7.5000   -7.5000   22.5000 2880.4841   16.0827
    0.0000   -7.5000   22.5000 2874.5239   16.1385
    7.5000   -7.5000   22.5000 2820.2339   16.4183
   -7.5000    0.0000   22.5000 2873.4482   16.3240
    0.0000    0.0000   22.5000 2862.0835   16.3665
    7.5000    0.0000   22.5000 2804.7263   16.6216
   -7.5000    7.5000   22.5000 2811.8406   16.9540
    0.0000    7.5000   22.5000 2804.5603   17.0040
    7.5000    7.5000   22.5000 2761.9250   17.2425
   -7.5000   15.0000   22.5000 2708.2385   17.9385
    0.0000   15.0000   22.5000 2705.8738   17.9999
    7.5000   15.0000   22.5000 2671.5830   18.2805
   -7.5000   22.5000   22.5000 2606.6497   19.2254
    0.0000   22.5000   22.5000 2603.3708   19.2807
    7.5000   22.5000   22.5000 2571.9504   19.5917
   -7.5000   30.0000   22.5000 2489.2075   20.9210
    0.0000   30.0000   22.5000 2485.7573   20.9568
    7.5000   30.0000   22.5000 2451.1072   21.3013
   -7.5000   37.5000   22.5000 2336.2075   23.1445
    0.0000   37.5000   22.5000 2337.7280   23.1984
    7.5000   37.5000   22.5000 2313.1980   23.5246
   -7.5000   45.0000   22.5000 2170.3872   25.8974
    0.0000   45.0000   22.5000 2172.5273   25.9440
    7.5000   45.0000   22.5000 2145.7158   26.2904
   -7.5000  -45.0000   30.0000 2370.6187   22.0111
    0.0000  -45.0000   30.0000 2384.4531   22.1446
    7.5000  -45.0000   30.0000 2381.8037   22.6765
   -7.5000  -37.5000   30.0000 2487.1318   20.2559
    0.0000  -37.5000   30.0000 2509.8027   20.3746
    7.5000  -37.5000   30.0000 2502.3242   20.8182
   -7.5000  -30.0000   30.0000 2595.6565   18.9734
    0.0000  -30.0000   30.0000 2618.2107   19.0350
    7.5000  -30.0000   30.0000 2611.4956   19.4348
   -7.5000  -22.5000   30.0000 2701.8374   18.0629
    0.0000  -22.5000   30.0000 2715.9578   18.0375
    7.5000  -22.5000   30.0000 2692.9641   18.4427
   -7.5000  -15.0000   30.0000 2777.5327   17.3672
    0.0000  -15.0000   30.0000 2773.8904   17.3667
    7.5000  -15.0000   30.0000 2743.6367   17.7384
   -7.5000   -7.5000   30.0000 2817.3743   17.1723
    0.0000   -7.5000   30.0000 2814.0859   17.1789
    7.5000   -7.5000   30.0000 2767.7871   17.4496
   -7.5000    0.0000   30.0000 2801.7556   17.3023
    0.0000    0.0000   30.0000 2798.6663   17.3407
    7.5000    0.0000   30.0000 2755.5259   17.5892
   -7.5000    7.5000   30.0000 2751.1152   17.7499
    0.0000    7.5000   30.0000 2745.9053   17.8202
    7.5000    7.5000   30.0000 2710.5229   18.0472
   -7.5000   15.0000   30.0000 2663.2273   18.5788
    0.0000   15.0000   30.0000 2660.2322   18.6668
    7.5000   15.0000   30.0000 2623.5044   18.9551
   -7.5000   22.5000   30.0000 2560.0959   19.8052
    0.0000   22.5000   30.0000 2556.4119   19.8497
    7.5000   22.5000   30.0000 2526.6956   20.1842
   -7.5000   30.0000   30.0000 2436.9771   21.4452
    0.0000   30.0000   30.0000 2435.3652   21.4702
    7.5000   30.0000   30.0000 2406.6873   21.8205
   -7.5000   37.5000   30.0000 2288.9609   23.5897
    0.0000   37.5000   30.0000 2290.7383   23.6569
    7.5000   37.5000   30.0000 2266.5396   24.0132
   -7.5000   45.0000   30.0000 2147.6726   26.3557
    0.0000   45.0000   30.0000 2145.2805   26.4407
    7.5000   45.0000   30.0000 2110.3933   26.8546
   -7.5000  -45.0000   37.5000 2332.8774   23.6093
    0.0000  -45.0000   37.5000 2342.6909   23.6719
    7.5000  -45.0000   37.5000 2332.0718   24.1303
   -7.5000  -37.5000   37.5000 2449.7278   21.7716
    0.0000  -37.5000   37.5000 2462.5742   21.7519
    7.5000  -37.5000   37.5000 2454.4712   22.2265
   -7.5000  -30.0000   37.5000 2544.9185   20.2561
    0.0000  -30.0000   37.5000 2562.1772   20.2324
    7.5000  -30.0000   37.5000 2554.3933   20.7266
   -7.5000  -22.5000   37.5000 2637.0408   19.1234
    0.0000  -22.5000   37.5000 2648.4219   19.1321
    7.5000  -22.5000   37.5000 2628.4287   19.6021
   -7.5000  -15.0000   37.5000 2699.2080   18.3745
    0.0000  -15.0000   37.5000 2698.2434   18.4037
    7.5000  -15.0000   37.5000 2674.9158   18.8077
   -7.5000   -7.5000   37.5000 2731.3765   18.1611
    0.0000   -7.5000   37.5000 2730.0398   18.1743
    7.5000   -7.5000   37.5000 2693.8335   18.5074
   -7.5000    0.0000   37.5000 2710.7043   18.3177
    0.0000    0.0000   37.5000 2716.4353   18.3587
    7.5000    0.0000   37.5000 2680.4092   18.6611
   -7.5000    7.5000   37.5000 2667.7742   18.7954
    0.0000    7.5000   37.5000 2670.4612   18.8764
    7.5000    7.5000   37.5000 2641.2185   19.1841
   -7.5000   15.0000   37.5000 2593.3577   19.6232
    0.0000   15.0000   37.5000 2595.3098   19.7579
    7.5000   15.0000   37.5000 2563.9678   20.0932
   -7.5000   22.5000   37.5000 2500.8438   20.8064
    0.0000   22.5000   37.5000 2500.3633   20.9295
    7.5000   22.5000   37.5000 2472.6387   21.2589
   -7.5000   30.0000   37.5000 2379.8103   22.3281
    0.0000   30.0000   37.5000 2378.8618   22.4602
    7.5000   30.0000   37.5000 2350.0029   22.8459
   -7.5000   37.5000   37.5000 2243.3906   24.4310
    0.0000   37.5000   37.5000 2242.1394   24.5366
    7.5000   37.5000   37.5000 2215.8889   24.9244
   -7.5000   45.0000   37.5000 2105.4106   27.1171
    0.0000   45.0000   37.5000 2106.7988   27.2054
    7.5000   45.0000   37.5000 2080.6516   27.6236
   -7.5000  -45.0000   45.0000 2277.7537   25.4580
    0.0000  -45.0000   45.0000 2283.4473   25.4265
    7.5000  -45.0000   45.0000 2271.4800   25.9695
   -7.5000  -37.5000   45.0000 2380.2195   23.3433
    0.0000  -37.5000   45.0000 2394.8589   23.3383
    7.5000  -37.5000   45.0000 2386.6523   23.8357
   -7.5000  -30.0000   45.0000 2473.6016   21.6717
    0.0000  -30.0000   45.0000 2489.8374   21.7067
    7.5000  -30.0000   45.0000 2476.4602   22.2191
   -7.5000  -22.5000   45.0000 2557.7537   20.4551
    0.0000  -22.5000   45.0000 2566.7354   20.5452
    7.5000  -22.5000   45.0000 2544.0806   21.0020
   -7.5000  -15.0000   45.0000 2608.6294   19.6626
    0.0000  -15.0000   45.0000 2611.5994   19.7333
    7.5000  -15.0000   45.0000 2590.1516   20.1742
   -7.5000   -7.5000   45.0000 2630.6990   19.4236
    0.0000   -7.5000   45.0000 2634.0950   19.4218
    7.5000   -7.5000   45.0000 2606.3167   19.8454
   -7.5000    0.0000   45.0000 2609.9836   19.6137
    0.0000    0.0000   45.0000 2619.2681   19.6392
    7.5000    0.0000   45.0000 2592.7183   19.9823
   -7.5000    7.5000   45.0000 2573.7605   20.0838
    0.0000    7.5000   45.0000 2578.1755   20.2010
    7.5000    7.5000   45.0000 2554.2957   20.5311
   -7.5000   15.0000   45.0000 2512.2888   20.8829
    0.0000   15.0000   45.0000 2512.4170   21.0030
    7.5000   15.0000   45.0000 2486.5312   21.3874
   -7.5000   22.5000   45.0000 2429.2891   22.0723
    0.0000   22.5000   45.0000 2429.7903   22.2023
    7.5000   22.5000   45.0000 2398.8359   22.5458
   -7.5000   30.0000   45.0000 2308.9324   23.6571
    0.0000   30.0000   45.0000 2313.7358   23.7720
    7.5000   30.0000   45.0000 2288.9480   24.1039
   -7.5000   37.5000   45.0000 2180.5037   25.6966
    0.0000   37.5000   45.0000 2184.6797   25.7916
    7.5000   37.5000   45.0000 2160.5735   26.2045
   -7.5000   45.0000   45.0000 2052.0574   28.3945
    0.0000   45.0000   45.0000 2052.1157   28.5088
    7.5000   45.0000   45.0000 2027.3169   28.8786

---------------------------------------------------------------------
imgreg_4dfp /opt/freesurfer/average/711-2C_as_mni_average_305 /opt/freesurfer/average/711-2B_as_mni_average_305_mask talsrcimg_g11 none talsrcimg_to_711-2C_as_mni_average_305_t4 1283
---------------------------------------------------------------------

freesurfer imgreg_4dfp.c
/opt/freesurfer/average/711-2C_as_mni_average_305.4dfp.img
       256       256       256         1
  1.000000  1.000000  1.000000
orientation T byte_order littleendian
Reading image: /opt/freesurfer/average/711-2C_as_mni_average_305.4dfp.img
dimensions:      256       256       256
mmppix:       1.0000   -1.0000   -1.0000
center:     128.0000 -129.0000 -129.0000
/opt/freesurfer/average/711-2B_as_mni_average_305_mask.4dfp.img
       256       256       256         1
  1.000000  1.000000  1.000000
orientation T byte_order littleendian
Reading mask: /opt/freesurfer/average/711-2B_as_mni_average_305_mask.4dfp.img (2306576 pixels)
talsrcimg_g11.4dfp.img
       256       256       256         1
  1.000000  1.000000  1.000000
orientation T byte_order littleendian
Reading image: talsrcimg_g11.4dfp.img
dimensions:      256       256       256
mmppix:       1.0000   -1.0000   -1.0000
center:     128.0000 -129.0000 -129.0000
rotation matrix determinant  1.000000
fimgreg.f
image alignment mode   1283 decimal      503 hex
parameters
   -7.5000    0.0000   15.0000    0.0000    0.0000    0.0000
eta,q 0.90628 15.76232
niter,ni,del,rscale     5    3   12.0000    1.2000
parameter  2  0.750950 ->  0.500000 qaram    1.1500
parameter  4  0.639755 ->  0.500000 qaram    1.1500
parameters
   -5.4950   -3.4500   16.2074   -3.4500    0.0569   -2.9325
eta,q 0.91745 15.30990
  0.1094  0.0904  0.0965  0.0836  0.0922  0.0837
  0.1020  0.0871  0.0915  0.0836  0.0883  0.0828
  0.0946  0.0876  0.0874  0.0837  0.0852  0.0826
  0.0918  0.0919  0.0863  0.0850  0.0836  0.0835
  0.0919  0.0970  0.0849  0.0875  0.0842  0.0860
  0.0920  0.1008  0.0868  0.0913  0.0876  0.0895
  0.0954  0.1042  0.0906  0.0958  0.0924  0.0939
niter,ni,del,rscale     6    3   12.0000    1.2000
parameter  4  0.602037 ->  0.500000 qaram    1.3225
parameters
   -4.8836   -2.5640   15.9608   -7.4175   -0.0713   -4.8129
eta,q 0.92130 15.26000
  0.0960  0.0943  0.0864  0.0800  0.0869  0.0812
  0.0906  0.0886  0.0842  0.0789  0.0839  0.0796
  0.0868  0.0845  0.0826  0.0795  0.0806  0.0787
  0.0825  0.0816  0.0809  0.0810  0.0789  0.0789
  0.0811  0.0805  0.0818  0.0827  0.0804  0.0809
  0.0857  0.0841  0.0849  0.0859  0.0837  0.0844
  0.0935  0.0900  0.0876  0.0900  0.0881  0.0882
niter,ni,del,rscale     6    3   12.0000    1.2000
parameters
   -4.2920   -1.0322   15.3817   -8.0467   -0.0477   -5.4740
eta,q 0.92288 15.40815
  0.0932  0.0942  0.0831  0.0855  0.0859  0.0806
  0.0872  0.0873  0.0816  0.0805  0.0825  0.0786
  0.0827  0.0809  0.0789  0.0778  0.0790  0.0774
  0.0787  0.0780  0.0771  0.0773  0.0773  0.0773
  0.0780  0.0767  0.0790  0.0793  0.0782  0.0780
  0.0829  0.0782  0.0832  0.0829  0.0817  0.0797
  0.0899  0.0851  0.0863  0.0880  0.0865  0.0826
niter,ni,del,rscale     5    3   12.0000    1.2000
parameters
   -4.5537   -0.8061   15.0909   -8.3535    0.1677   -5.5688
eta,q 0.92253 15.39216
  0.0883  0.0918  0.0831  0.0867  0.0861  0.0815
  0.0826  0.0840  0.0819  0.0821  0.0828  0.0794
  0.0796  0.0792  0.0797  0.0788  0.0795  0.0780
  0.0771  0.0774  0.0772  0.0775  0.0775  0.0775
  0.0784  0.0774  0.0778  0.0793  0.0780  0.0781
  0.0844  0.0829  0.0818  0.0832  0.0812  0.0795
  0.0908  0.0903  0.0858  0.0882  0.0858  0.0818
niter,ni,del,rscale     4    3   12.0000    1.2000
parameters
   -4.7258   -0.7095   14.9718   -8.4585    0.2596   -5.5893
eta,q 0.92232 15.38472
  0.0887  0.0920  0.0832  0.0873  0.0858  0.0818
  0.0826  0.0839  0.0821  0.0829  0.0826  0.0796
  0.0798  0.0793  0.0802  0.0792  0.0794  0.0783
  0.0775  0.0776  0.0776  0.0777  0.0777  0.0777
  0.0782  0.0781  0.0774  0.0792  0.0783  0.0783
  0.0840  0.0839  0.0812  0.0832  0.0816  0.0797
  0.0904  0.0912  0.0855  0.0879  0.0860  0.0819
niter,ni,del,rscale     3    3   12.0000    1.2000
parameters
   -4.7978   -0.6716   14.9367   -8.4968    0.2897   -5.5864
eta,q 0.92222 15.38301
  0.0892  0.0920  0.0832  0.0874  0.0856  0.0818
  0.0828  0.0839  0.0822  0.0831  0.0825  0.0797
  0.0799  0.0794  0.0805  0.0794  0.0794  0.0784
  0.0777  0.0778  0.0777  0.0778  0.0778  0.0778
  0.0780  0.0785  0.0773  0.0792  0.0784  0.0783
  0.0837  0.0844  0.0809  0.0832  0.0818  0.0797
  0.0901  0.0915  0.0853  0.0878  0.0862  0.0819
niter,ni,del,rscale     2    3   12.0000    1.2000
parameters
   -4.8213   -0.6572   14.9294   -8.5139    0.3005   -5.5837
eta,q 0.92219 15.38286
  0.0895  0.0919  0.0832  0.0875  0.0856  0.0819
  0.0829  0.0838  0.0822  0.0832  0.0824  0.0798
  0.0799  0.0794  0.0805  0.0795  0.0793  0.0784
  0.0778  0.0778  0.0778  0.0778  0.0778  0.0778
  0.0780  0.0786  0.0773  0.0792  0.0785  0.0784
  0.0836  0.0845  0.0809  0.0832  0.0818  0.0797
  0.0900  0.0916  0.0852  0.0877  0.0862  0.0819
registration optimization eta report
parameter search radius
    6.0000    6.9000    6.0000    7.9350    6.0000    6.0000
100000*second partial in parameter space
       34.       30.       17.       15.       22.       11.
  0.0895  0.0919  0.0832  0.0875  0.0856  0.0819
  0.0829  0.0838  0.0822  0.0832  0.0824  0.0798
  0.0799  0.0794  0.0805  0.0795  0.0793  0.0784
  0.0778  0.0778  0.0778  0.0778  0.0778  0.0778
  0.0780  0.0786  0.0773  0.0792  0.0785  0.0784
  0.0836  0.0845  0.0809  0.0832  0.0818  0.0797
  0.0900  0.0916  0.0852  0.0877  0.0862  0.0819
   -4.8213   -0.6572   14.9294   -8.5139    0.3005   -5.5837
eta,q 0.92219 15.38286

---------------------------------------------------------------------
imgreg_4dfp /opt/freesurfer/average/711-2C_as_mni_average_305 /opt/freesurfer/average/711-2B_as_mni_average_305_mask talsrcimg_g11 none talsrcimg_to_711-2C_as_mni_average_305_t4 3335
---------------------------------------------------------------------

freesurfer imgreg_4dfp.c
/opt/freesurfer/average/711-2C_as_mni_average_305.4dfp.img
       256       256       256         1
  1.000000  1.000000  1.000000
orientation T byte_order littleendian
Reading image: /opt/freesurfer/average/711-2C_as_mni_average_305.4dfp.img
dimensions:      256       256       256
mmppix:       1.0000   -1.0000   -1.0000
center:     128.0000 -129.0000 -129.0000
/opt/freesurfer/average/711-2B_as_mni_average_305_mask.4dfp.img
       256       256       256         1
  1.000000  1.000000  1.000000
orientation T byte_order littleendian
Reading mask: /opt/freesurfer/average/711-2B_as_mni_average_305_mask.4dfp.img (2306576 pixels)
talsrcimg_g11.4dfp.img
       256       256       256         1
  1.000000  1.000000  1.000000
orientation T byte_order littleendian
Reading image: talsrcimg_g11.4dfp.img
dimensions:      256       256       256
mmppix:       1.0000   -1.0000   -1.0000
center:     128.0000 -129.0000 -129.0000
fimgreg.f
image alignment mode   3335 decimal      D07 hex
parameters
   -4.8213   -0.6572   14.9294   -0.4759   -1.5788   -1.1034
    9.7000    0.9243   -9.7298   14.7852    0.5245  -14.8048
eta,q 0.92122 15.46916
niter,ni,del,rscale     5    3    5.0000    1.2000
parameter  4  1.045107 ->  0.500000 qaram    1.1500
parameter  5  1.361344 ->  0.500000 qaram    1.1500
parameter  6  2.758334 ->  0.500000 qaram    1.1500
parameter 11  0.556804 ->  0.500000 qaram    1.1500
parameter 12 -2.831027 -> -0.500000 qaram    1.1500
parameters
   -3.8673   -0.7310   15.3020   -4.6159   -5.7188   -5.2434
    8.1161    1.3385   -8.0998   17.9757   -3.6155  -10.6648
eta,q 0.93700 15.21669
  0.0829  0.0802  0.0806  0.0746  0.0711  0.0636  0.0676  0.0715  0.0681  0.0716  0.0658  0.0703
  0.0812  0.0792  0.0797  0.0754  0.0723  0.0662  0.0672  0.0690  0.0676  0.0700  0.0656  0.0687
  0.0798  0.0785  0.0788  0.0765  0.0737  0.0696  0.0669  0.0675  0.0672  0.0683  0.0657  0.0671
  0.0788  0.0783  0.0783  0.0783  0.0756  0.0727  0.0669  0.0669  0.0669  0.0668  0.0660  0.0656
  0.0783  0.0786  0.0784  0.0814  0.0785  0.0775  0.0673  0.0671  0.0668  0.0661  0.0667  0.0640
  0.0785  0.0793  0.0790  0.0856  0.0819  0.0819  0.0679  0.0684  0.0670  0.0663  0.0677  0.0627
  0.0794  0.0804  0.0796  0.0895  0.0857  0.0867  0.0688  0.0705  0.0674  0.0674  0.0691  0.0622
niter,ni,del,rscale     7    3    5.0000    1.2000
parameter  2  0.906107 ->  0.500000 qaram    1.1500
parameter  5  2.691545 ->  0.500000 qaram    1.3225
parameter  6  0.519750 ->  0.500000 qaram    1.3225
parameter 12 -1.012290 -> -0.500000 qaram    1.3225
parameters
   -4.0657   -2.1110   16.0023   -7.8200  -10.4798  -10.0044
    7.1808    2.9712  -10.6761   16.3455   -6.1549   -5.9038
eta,q 0.94603 14.95628
  0.0648  0.0615  0.0648  0.0616  0.0533  0.0566  0.0564  0.0581  0.0557  0.0569  0.0552  0.0585
  0.0637  0.0616  0.0636  0.0612  0.0556  0.0558  0.0558  0.0568  0.0552  0.0558  0.0551  0.0570
  0.0631  0.0620  0.0625  0.0611  0.0582  0.0553  0.0555  0.0560  0.0552  0.0552  0.0550  0.0559
  0.0630  0.0630  0.0617  0.0614  0.0611  0.0563  0.0555  0.0555  0.0554  0.0551  0.0551  0.0550
  0.0634  0.0644  0.0614  0.0622  0.0643  0.0609  0.0558  0.0554  0.0557  0.0559  0.0552  0.0543
  0.0642  0.0662  0.0617  0.0640  0.0679  0.0659  0.0563  0.0556  0.0563  0.0577  0.0555  0.0539
  0.0656  0.0684  0.0627  0.0685  0.0723  0.0720  0.0570  0.0565  0.0569  0.0601  0.0559  0.0538
niter,ni,del,rscale     7    3    5.0000    1.2000
parameter  2  1.249780 ->  0.500000 qaram    1.3225
parameter  3  2.960186 ->  0.500000 qaram    1.1500
parameter  5  1.779031 ->  0.500000 qaram    1.5209
parameter 10  1.621016 ->  0.500000 qaram    1.1500
parameter 12  2.624192 ->  0.500000 qaram    1.5209
parameters
   -4.0882   -3.6980   14.6223   -7.5846  -15.9550  -14.0782
    9.2726    2.0684   -9.5492   12.2055   -2.3840  -11.3790
eta,q 0.95908 14.68455
  0.0557  0.0515  0.0479  0.0510  0.0439  0.0454  0.0486  0.0468  0.0473  0.0422  0.0444  0.0399
  0.0547  0.0518  0.0490  0.0502  0.0447  0.0454  0.0473  0.0458  0.0463  0.0428  0.0439  0.0407
  0.0541  0.0527  0.0504  0.0496  0.0467  0.0454  0.0462  0.0452  0.0455  0.0439  0.0434  0.0417
  0.0540  0.0540  0.0520  0.0494  0.0493  0.0452  0.0454  0.0452  0.0452  0.0451  0.0431  0.0429
  0.0542  0.0557  0.0538  0.0494  0.0523  0.0464  0.0452  0.0456  0.0452  0.0466  0.0429  0.0443
  0.0548  0.0577  0.0557  0.0498  0.0560  0.0514  0.0455  0.0465  0.0456  0.0485  0.0430  0.0459
  0.0557  0.0599  0.0577  0.0510  0.0592  0.0575  0.0464  0.0477  0.0463  0.0506  0.0432  0.0474
niter,ni,del,rscale     7    3    5.0000    1.2000
parameter  2  0.968332 ->  0.500000 qaram    1.5209
parameter  3  2.954914 ->  0.500000 qaram    1.3225
parameters
   -4.1899   -5.5231   13.0353   -4.0000  -21.0910  -15.0454
    9.2367    2.2254  -10.2538   10.0926   -2.8724  -15.1060
eta,q 0.96945 14.70957
  0.0433  0.0373  0.0302  0.0362  0.0335  0.0356  0.0335  0.0343  0.0330  0.0331  0.0317  0.0313
  0.0419  0.0372  0.0323  0.0348  0.0316  0.0335  0.0322  0.0327  0.0317  0.0316  0.0311  0.0307
  0.0411  0.0384  0.0347  0.0337  0.0307  0.0318  0.0314  0.0315  0.0311  0.0308  0.0308  0.0306
  0.0409  0.0409  0.0374  0.0329  0.0324  0.0309  0.0310  0.0310  0.0310  0.0310  0.0307  0.0307
  0.0413  0.0444  0.0405  0.0324  0.0371  0.0307  0.0313  0.0313  0.0315  0.0323  0.0309  0.0313
  0.0422  0.0486  0.0440  0.0324  0.0439  0.0340  0.0321  0.0323  0.0324  0.0345  0.0313  0.0326
  0.0437  0.0530  0.0476  0.0332  0.0505  0.0403  0.0337  0.0342  0.0338  0.0375  0.0319  0.0347
niter,ni,del,rscale     7    3    5.0000    1.2000
parameter  3  1.581969 ->  0.500000 qaram    1.5209
parameters
   -4.0042   -5.4506   11.2102   -1.7746  -21.7031  -15.7714
    9.2968    2.5710  -10.3653   12.9056   -3.1007  -16.2145
eta,q 0.97307 14.77592
  0.0336  0.0374  0.0263  0.0315  0.0342  0.0328  0.0301  0.0317  0.0298  0.0338  0.0282  0.0286
  0.0320  0.0340  0.0273  0.0301  0.0311  0.0306  0.0287  0.0293  0.0284  0.0307  0.0275  0.0274
  0.0310  0.0316  0.0287  0.0288  0.0285  0.0288  0.0278  0.0278  0.0276  0.0286  0.0271  0.0270
  0.0306  0.0305  0.0305  0.0276  0.0268  0.0269  0.0274  0.0274  0.0273  0.0273  0.0269  0.0270
  0.0307  0.0311  0.0329  0.0266  0.0274  0.0264  0.0276  0.0275  0.0277  0.0269  0.0271  0.0272
  0.0315  0.0334  0.0356  0.0267  0.0311  0.0303  0.0285  0.0286  0.0286  0.0273  0.0275  0.0281
  0.0328  0.0371  0.0387  0.0294  0.0377  0.0378  0.0301  0.0310  0.0298  0.0285  0.0284  0.0295
niter,ni,del,rscale     7    3    5.0000    1.2000
parameter  3  0.824149 ->  0.500000 qaram    1.7490
parameters
   -4.1059   -5.1939    9.1114   -1.8659  -21.7983  -17.1747
    9.5296    2.7251  -10.4918   15.1475   -2.5550  -15.6446
eta,q 0.97472 14.71500
  0.0297  0.0345  0.0248  0.0290  0.0322  0.0304  0.0283  0.0300  0.0277  0.0306  0.0266  0.0281
  0.0281  0.0307  0.0244  0.0274  0.0291  0.0284  0.0269  0.0274  0.0264  0.0280  0.0259  0.0263
  0.0272  0.0281  0.0252  0.0259  0.0265  0.0265  0.0259  0.0260  0.0256  0.0263  0.0255  0.0255
  0.0269  0.0269  0.0269  0.0245  0.0246  0.0246  0.0255  0.0255  0.0255  0.0255  0.0253  0.0253
  0.0273  0.0273  0.0291  0.0241  0.0246  0.0254  0.0257  0.0257  0.0258  0.0253  0.0253  0.0255
  0.0284  0.0293  0.0320  0.0264  0.0277  0.0312  0.0266  0.0270  0.0266  0.0257  0.0256  0.0262
  0.0302  0.0328  0.0355  0.0306  0.0341  0.0372  0.0281  0.0298  0.0277  0.0269  0.0263  0.0274
niter,ni,del,rscale     7    3    5.0000    1.2000
parameters
   -4.0796   -4.7017    7.8814   -1.8434  -22.2771  -18.8112
    9.6093    2.7452  -10.5943   16.9585   -2.2847  -15.6150
eta,q 0.97474 14.60484
  0.0284  0.0332  0.0274  0.0289  0.0311  0.0295  0.0279  0.0294  0.0274  0.0292  0.0264  0.0277
  0.0267  0.0294  0.0249  0.0273  0.0283  0.0278  0.0266  0.0271  0.0262  0.0272  0.0257  0.0262
  0.0256  0.0267  0.0243  0.0258  0.0260  0.0261  0.0257  0.0259  0.0255  0.0259  0.0254  0.0255
  0.0253  0.0253  0.0251  0.0243  0.0243  0.0245  0.0254  0.0254  0.0254  0.0254  0.0253  0.0253
  0.0256  0.0253  0.0268  0.0239  0.0245  0.0250  0.0256  0.0255  0.0256  0.0253  0.0253  0.0255
  0.0266  0.0269  0.0294  0.0261  0.0278  0.0309  0.0264  0.0268  0.0263  0.0257  0.0256  0.0263
  0.0283  0.0300  0.0327  0.0302  0.0342  0.0373  0.0279  0.0296  0.0275  0.0268  0.0263  0.0276
niter,ni,del,rscale     6    3    5.0000    1.2000
parameters
   -4.0488   -4.1215    6.9047   -1.8111  -23.1137  -20.3753
    9.5580    2.8455  -10.4534   18.8258   -2.4577  -15.7287
eta,q 0.97463 14.47040
  0.0283  0.0330  0.0277  0.0290  0.0305  0.0293  0.0278  0.0292  0.0276  0.0290  0.0263  0.0276
  0.0266  0.0294  0.0253  0.0274  0.0280  0.0276  0.0266  0.0271  0.0265  0.0272  0.0258  0.0263
  0.0256  0.0267  0.0245  0.0260  0.0259  0.0262  0.0258  0.0260  0.0257  0.0261  0.0255  0.0255
  0.0253  0.0253  0.0250  0.0246  0.0246  0.0248  0.0255  0.0255  0.0255  0.0255  0.0254  0.0254
  0.0256  0.0252  0.0264  0.0242  0.0249  0.0249  0.0257  0.0256  0.0257  0.0254  0.0254  0.0257
  0.0265  0.0266  0.0286  0.0263  0.0282  0.0301  0.0265  0.0268  0.0264  0.0257  0.0258  0.0264
  0.0281  0.0295  0.0315  0.0302  0.0345  0.0365  0.0280  0.0293  0.0275  0.0268  0.0265  0.0276
niter,ni,del,rscale     5    3    5.0000    1.2000
parameters
   -4.0288   -3.5174    6.0498   -1.7079  -24.0070  -21.7237
    9.4322    2.9729  -10.3616   20.3092   -2.3540  -16.3562
eta,q 0.97455 14.34818
  0.0281  0.0330  0.0278  0.0291  0.0304  0.0293  0.0277  0.0292  0.0278  0.0289  0.0265  0.0275
  0.0266  0.0295  0.0256  0.0276  0.0280  0.0276  0.0266  0.0271  0.0265  0.0272  0.0259  0.0262
  0.0257  0.0268  0.0248  0.0262  0.0261  0.0262  0.0259  0.0260  0.0258  0.0261  0.0256  0.0255
  0.0254  0.0254  0.0251  0.0248  0.0248  0.0250  0.0256  0.0256  0.0255  0.0255  0.0255  0.0255
  0.0256  0.0252  0.0263  0.0244  0.0251  0.0247  0.0258  0.0257  0.0258  0.0255  0.0255  0.0258
  0.0265  0.0266  0.0283  0.0265  0.0283  0.0289  0.0266  0.0267  0.0265  0.0259  0.0258  0.0267
  0.0281  0.0294  0.0310  0.0301  0.0344  0.0359  0.0280  0.0291  0.0276  0.0271  0.0266  0.0278
niter,ni,del,rscale     4    3    5.0000    1.2000
parameters
   -3.9982   -3.0487    5.4834   -1.5224  -24.7151  -22.6551
    9.3164    3.0413  -10.4499   21.2962   -2.0537  -16.9434
eta,q 0.97439 14.26974
  0.0282  0.0326  0.0283  0.0293  0.0307  0.0297  0.0278  0.0292  0.0277  0.0287  0.0268  0.0276
  0.0266  0.0292  0.0262  0.0278  0.0283  0.0279  0.0267  0.0272  0.0265  0.0271  0.0262  0.0263
  0.0257  0.0267  0.0253  0.0265  0.0264  0.0265  0.0260  0.0261  0.0259  0.0261  0.0258  0.0257
  0.0254  0.0254  0.0253  0.0252  0.0251  0.0253  0.0257  0.0257  0.0257  0.0257  0.0256  0.0256
  0.0257  0.0255  0.0262  0.0247  0.0253  0.0246  0.0259  0.0258  0.0259  0.0258  0.0256  0.0260
  0.0265  0.0270  0.0278  0.0267  0.0282  0.0276  0.0267  0.0269  0.0266  0.0263  0.0260  0.0268
  0.0280  0.0299  0.0304  0.0301  0.0341  0.0351  0.0281  0.0293  0.0278  0.0275  0.0267  0.0279
niter,ni,del,rscale     3    3    5.0000    1.2000
parameters
   -3.9702   -2.7335    5.1370   -1.3629  -25.2124  -23.2726
    9.2742    3.0430  -10.5472   21.9423   -1.8049  -17.3324
eta,q 0.97420 14.22207
  0.0283  0.0322  0.0288  0.0296  0.0310  0.0301  0.0280  0.0294  0.0279  0.0286  0.0270  0.0278
  0.0268  0.0289  0.0268  0.0281  0.0286  0.0282  0.0269  0.0274  0.0267  0.0271  0.0264  0.0266
  0.0259  0.0266  0.0257  0.0268  0.0268  0.0268  0.0262  0.0262  0.0260  0.0261  0.0260  0.0259
  0.0256  0.0256  0.0256  0.0255  0.0255  0.0256  0.0258  0.0258  0.0258  0.0258  0.0258  0.0258
  0.0259  0.0259  0.0262  0.0251  0.0254  0.0247  0.0260  0.0260  0.0261  0.0260  0.0258  0.0262
  0.0267  0.0275  0.0277  0.0270  0.0281  0.0269  0.0268  0.0272  0.0268  0.0265  0.0262  0.0269
  0.0282  0.0303  0.0300  0.0303  0.0338  0.0345  0.0282  0.0296  0.0279  0.0279  0.0270  0.0279
niter,ni,del,rscale     2    3    5.0000    1.2000
parameters
   -3.9644   -2.5260    4.9180   -1.2553  -25.5517  -23.6717
    9.2779    3.0162  -10.6173   22.3492   -1.6165  -17.5585
eta,q 0.97403 14.19154
  0.0285  0.0319  0.0291  0.0297  0.0312  0.0303  0.0281  0.0295  0.0280  0.0286  0.0271  0.0280
  0.0270  0.0288  0.0272  0.0283  0.0289  0.0284  0.0271  0.0275  0.0268  0.0271  0.0265  0.0268
  0.0261  0.0267  0.0261  0.0270  0.0270  0.0270  0.0263  0.0264  0.0262  0.0262  0.0262  0.0261
  0.0258  0.0258  0.0258  0.0258  0.0257  0.0258  0.0260  0.0260  0.0260  0.0260  0.0260  0.0260
  0.0261  0.0262  0.0263  0.0254  0.0256  0.0248  0.0262  0.0262  0.0262  0.0262  0.0260  0.0263
  0.0269  0.0279  0.0277  0.0274  0.0280  0.0266  0.0269  0.0274  0.0269  0.0268  0.0263  0.0270
  0.0285  0.0307  0.0299  0.0305  0.0336  0.0340  0.0283  0.0298  0.0280  0.0281  0.0272  0.0280
niter,ni,del,rscale     1    3    5.0000    1.2000
parameters
   -3.9675   -2.3912    4.7784   -1.1909  -25.7759  -23.9211
    9.2906    2.9798  -10.6626   22.6237   -1.5002  -17.6954
eta,q 0.97391 14.17245
  0.0286  0.0317  0.0293  0.0299  0.0314  0.0305  0.0283  0.0296  0.0281  0.0286  0.0273  0.0281
  0.0272  0.0287  0.0274  0.0285  0.0291  0.0286  0.0272  0.0277  0.0269  0.0271  0.0266  0.0269
  0.0263  0.0267  0.0263  0.0272  0.0273  0.0272  0.0264  0.0265  0.0263  0.0263  0.0263  0.0262
  0.0260  0.0260  0.0260  0.0260  0.0259  0.0260  0.0261  0.0261  0.0261  0.0261  0.0261  0.0261
  0.0262  0.0264  0.0264  0.0256  0.0257  0.0249  0.0263  0.0263  0.0263  0.0263  0.0261  0.0264
  0.0271  0.0281  0.0277  0.0276  0.0280  0.0265  0.0270  0.0275  0.0270  0.0269  0.0265  0.0271
  0.0287  0.0310  0.0298  0.0307  0.0335  0.0337  0.0284  0.0299  0.0281  0.0282  0.0273  0.0280
registration optimization eta report
parameter search radius
    2.4000    3.6501    4.1976    8.2800   10.9503    9.5220
    7.2000    7.2000    7.2000    8.2800    8.2800   10.9503
100000*second partial in parameter space
       47.       40.       21.        6.        6.        7.
        4.        7.        4.        3.        2.        2.
  0.0286  0.0317  0.0293  0.0299  0.0314  0.0305  0.0283  0.0296  0.0281  0.0286  0.0273  0.0281
  0.0272  0.0287  0.0274  0.0285  0.0291  0.0286  0.0272  0.0277  0.0269  0.0271  0.0266  0.0269
  0.0263  0.0267  0.0263  0.0272  0.0273  0.0272  0.0264  0.0265  0.0263  0.0263  0.0263  0.0262
  0.0260  0.0260  0.0260  0.0260  0.0259  0.0260  0.0261  0.0261  0.0261  0.0261  0.0261  0.0261
  0.0262  0.0264  0.0264  0.0256  0.0257  0.0249  0.0263  0.0263  0.0263  0.0263  0.0261  0.0264
  0.0271  0.0281  0.0277  0.0276  0.0280  0.0265  0.0270  0.0275  0.0270  0.0269  0.0265  0.0271
  0.0287  0.0310  0.0298  0.0307  0.0335  0.0337  0.0284  0.0299  0.0281  0.0282  0.0273  0.0280
   -3.9675   -2.3912    4.7784   -1.1909  -25.7759  -23.9211
    9.2906    2.9798  -10.6626   22.6237   -1.5002  -17.6954
eta,q 0.97391 14.17245

---------------------------------------------------------------------
imgreg_4dfp /opt/freesurfer/average/711-2C_as_mni_average_305 /opt/freesurfer/average/711-2B_as_mni_average_305_mask talsrcimg_g11 none talsrcimg_to_711-2C_as_mni_average_305_t4 2311
---------------------------------------------------------------------

freesurfer imgreg_4dfp.c
/opt/freesurfer/average/711-2C_as_mni_average_305.4dfp.img
       256       256       256         1
  1.000000  1.000000  1.000000
orientation T byte_order littleendian
Reading image: /opt/freesurfer/average/711-2C_as_mni_average_305.4dfp.img
dimensions:      256       256       256
mmppix:       1.0000   -1.0000   -1.0000
center:     128.0000 -129.0000 -129.0000
/opt/freesurfer/average/711-2B_as_mni_average_305_mask.4dfp.img
       256       256       256         1
  1.000000  1.000000  1.000000
orientation T byte_order littleendian
Reading mask: /opt/freesurfer/average/711-2B_as_mni_average_305_mask.4dfp.img (2306576 pixels)
talsrcimg_g11.4dfp.img
       256       256       256         1
  1.000000  1.000000  1.000000
orientation T byte_order littleendian
Reading image: talsrcimg_g11.4dfp.img
dimensions:      256       256       256
mmppix:       1.0000   -1.0000   -1.0000
center:     128.0000 -129.0000 -129.0000
fimgreg.f
image alignment mode   2311 decimal      907 hex
parameters
   -3.9675   -2.3912    4.7784   -1.1909  -25.7759  -23.9211
    9.2906    2.9798  -10.6626   22.6237   -1.5002  -17.6954
eta,q 0.97391 14.17245
niter,ni,del,rscale     5    3    5.0000    0.8000
parameter  6 -0.750612 -> -0.500000 qaram    1.1500
parameters
   -3.9578   -2.2992    4.7455    0.1155  -23.9816  -21.1611
    8.7989    2.6736  -10.6440   22.7824   -1.9728  -18.0062
eta,q 0.97544 14.41959
  0.0273  0.0273  0.0266  0.0282  0.0275  0.0274  0.0259  0.0275  0.0260  0.0259  0.0253  0.0251
  0.0266  0.0266  0.0263  0.0275  0.0268  0.0267  0.0251  0.0258  0.0252  0.0253  0.0249  0.0248
  0.0262  0.0262  0.0261  0.0268  0.0262  0.0260  0.0247  0.0248  0.0247  0.0248  0.0246  0.0246
  0.0261  0.0261  0.0261  0.0261  0.0257  0.0254  0.0246  0.0246  0.0246  0.0246  0.0246  0.0246
  0.0262  0.0262  0.0262  0.0257  0.0254  0.0249  0.0249  0.0251  0.0248  0.0246  0.0247  0.0247
  0.0266  0.0265  0.0263  0.0259  0.0255  0.0246  0.0255  0.0263  0.0252  0.0250  0.0251  0.0249
  0.0273  0.0270  0.0266  0.0270  0.0261  0.0251  0.0266  0.0283  0.0259  0.0259  0.0257  0.0253
niter,ni,del,rscale     5    3    5.0000    0.8000
parameters
   -4.0171   -2.7585    5.3585   -0.4819  -23.5795  -21.3241
    9.1337    2.9204  -10.6025   22.2032   -2.1995  -17.6071
eta,q 0.97561 14.44603
  0.0263  0.0251  0.0262  0.0263  0.0261  0.0268  0.0260  0.0273  0.0257  0.0252  0.0250  0.0251
  0.0253  0.0246  0.0254  0.0255  0.0254  0.0260  0.0252  0.0258  0.0250  0.0247  0.0247  0.0247
  0.0247  0.0244  0.0248  0.0247  0.0248  0.0252  0.0247  0.0248  0.0245  0.0245  0.0244  0.0245
  0.0246  0.0246  0.0244  0.0243  0.0244  0.0243  0.0244  0.0244  0.0244  0.0244  0.0244  0.0244
  0.0248  0.0250  0.0243  0.0247  0.0243  0.0241  0.0245  0.0246  0.0245  0.0245  0.0245  0.0244
  0.0255  0.0257  0.0244  0.0261  0.0248  0.0252  0.0249  0.0253  0.0250  0.0250  0.0248  0.0246
  0.0266  0.0267  0.0246  0.0281  0.0258  0.0283  0.0257  0.0268  0.0257  0.0259  0.0252  0.0249
niter,ni,del,rscale     4    3    5.0000    0.7000
parameters
   -4.0092   -2.9157    5.3033   -0.4600  -23.2336  -20.9547
    9.0982    2.9209  -10.5575   21.9843   -2.3783  -17.5855
eta,q 0.97580 14.47425
  0.0257  0.0252  0.0249  0.0262  0.0257  0.0264  0.0253  0.0264  0.0253  0.0250  0.0248  0.0247
  0.0250  0.0247  0.0246  0.0255  0.0252  0.0257  0.0247  0.0252  0.0247  0.0246  0.0244  0.0244
  0.0245  0.0244  0.0244  0.0248  0.0247  0.0250  0.0243  0.0244  0.0243  0.0243  0.0242  0.0243
  0.0244  0.0244  0.0244  0.0244  0.0244  0.0243  0.0242  0.0242  0.0242  0.0242  0.0242  0.0242
  0.0245  0.0246  0.0245  0.0244  0.0243  0.0240  0.0243  0.0244  0.0243  0.0243  0.0243  0.0243
  0.0249  0.0250  0.0247  0.0251  0.0247  0.0247  0.0247  0.0251  0.0247  0.0246  0.0245  0.0244
  0.0257  0.0257  0.0250  0.0266  0.0255  0.0265  0.0254  0.0264  0.0252  0.0253  0.0249  0.0247
niter,ni,del,rscale     3    3    5.0000    0.6000
parameters
   -4.0003   -3.0023    5.4217   -0.3877  -23.0422  -20.4805
    9.0473    2.9183  -10.5212   21.8177   -2.5739  -17.5619
eta,q 0.97599 14.50550
  0.0252  0.0249  0.0248  0.0257  0.0252  0.0260  0.0249  0.0258  0.0248  0.0247  0.0245  0.0244
  0.0246  0.0245  0.0245  0.0251  0.0248  0.0254  0.0244  0.0248  0.0244  0.0243  0.0242  0.0242
  0.0243  0.0242  0.0243  0.0245  0.0244  0.0248  0.0241  0.0242  0.0241  0.0241  0.0240  0.0241
  0.0242  0.0242  0.0242  0.0242  0.0242  0.0242  0.0240  0.0240  0.0240  0.0240  0.0240  0.0240
  0.0243  0.0243  0.0242  0.0242  0.0242  0.0239  0.0241  0.0242  0.0241  0.0241  0.0241  0.0241
  0.0246  0.0246  0.0244  0.0248  0.0245  0.0244  0.0244  0.0248  0.0244  0.0243  0.0243  0.0242
  0.0252  0.0251  0.0246  0.0258  0.0251  0.0257  0.0249  0.0258  0.0248  0.0249  0.0245  0.0244
niter,ni,del,rscale     2    3    5.0000    0.5000
parameters
   -3.9951   -3.0714    5.6010   -0.3146  -22.8880  -20.0044
    9.0055    2.9214  -10.4775   21.6170   -2.7485  -17.5073
eta,q 0.97616 14.53539
  0.0247  0.0245  0.0245  0.0252  0.0247  0.0255  0.0245  0.0251  0.0244  0.0243  0.0242  0.0242
  0.0243  0.0242  0.0243  0.0247  0.0244  0.0250  0.0241  0.0244  0.0241  0.0241  0.0240  0.0240
  0.0241  0.0240  0.0241  0.0242  0.0241  0.0245  0.0239  0.0240  0.0239  0.0239  0.0239  0.0239
  0.0240  0.0240  0.0240  0.0240  0.0240  0.0240  0.0238  0.0238  0.0238  0.0238  0.0238  0.0238
  0.0241  0.0241  0.0240  0.0240  0.0240  0.0238  0.0239  0.0240  0.0239  0.0239  0.0239  0.0239
  0.0243  0.0243  0.0241  0.0244  0.0242  0.0242  0.0241  0.0244  0.0241  0.0241  0.0240  0.0240
  0.0247  0.0247  0.0242  0.0252  0.0247  0.0251  0.0245  0.0251  0.0244  0.0245  0.0243  0.0241
niter,ni,del,rscale     1    3    5.0000    0.4000
parameters
   -3.9964   -3.1449    5.8004   -0.2447  -22.7562  -19.5548
    8.9759    2.9192  -10.4348   21.3801   -2.9126  -17.4747
eta,q 0.97628 14.56397
  0.0243  0.0241  0.0243  0.0246  0.0243  0.0250  0.0241  0.0246  0.0241  0.0240  0.0239  0.0239
  0.0240  0.0240  0.0241  0.0243  0.0241  0.0246  0.0239  0.0241  0.0239  0.0238  0.0238  0.0238
  0.0239  0.0239  0.0239  0.0240  0.0239  0.0242  0.0238  0.0238  0.0238  0.0237  0.0237  0.0237
  0.0238  0.0238  0.0238  0.0238  0.0238  0.0238  0.0237  0.0237  0.0237  0.0237  0.0237  0.0237
  0.0239  0.0239  0.0238  0.0239  0.0238  0.0237  0.0238  0.0238  0.0238  0.0238  0.0238  0.0237
  0.0240  0.0240  0.0239  0.0241  0.0240  0.0240  0.0239  0.0241  0.0239  0.0239  0.0239  0.0238
  0.0243  0.0243  0.0240  0.0246  0.0243  0.0246  0.0242  0.0246  0.0241  0.0242  0.0240  0.0239
registration optimization eta report
parameter search radius
    0.8000    0.8000    0.8000    2.4000    2.4000    2.7600
    2.4000    2.4000    2.4000    2.4000    2.4000    2.4000
100000*second partial in parameter space
       73.       58.       43.       14.        8.       13.
        7.       15.        7.        7.        4.        3.
  0.0243  0.0241  0.0243  0.0246  0.0243  0.0250  0.0241  0.0246  0.0241  0.0240  0.0239  0.0239
  0.0240  0.0240  0.0241  0.0243  0.0241  0.0246  0.0239  0.0241  0.0239  0.0238  0.0238  0.0238
  0.0239  0.0239  0.0239  0.0240  0.0239  0.0242  0.0238  0.0238  0.0238  0.0237  0.0237  0.0237
  0.0238  0.0238  0.0238  0.0238  0.0238  0.0238  0.0237  0.0237  0.0237  0.0237  0.0237  0.0237
  0.0239  0.0239  0.0238  0.0239  0.0238  0.0237  0.0238  0.0238  0.0238  0.0238  0.0238  0.0237
  0.0240  0.0240  0.0239  0.0241  0.0240  0.0240  0.0239  0.0241  0.0239  0.0239  0.0239  0.0238
  0.0243  0.0243  0.0240  0.0246  0.0243  0.0246  0.0242  0.0246  0.0241  0.0242  0.0240  0.0239
   -3.9964   -3.1449    5.8004   -0.2447  -22.7562  -19.5548
    8.9759    2.9192  -10.4348   21.3801   -2.9126  -17.4747
eta,q 0.97628 14.56397

---------------------------------------------------------------------
imgreg_4dfp /opt/freesurfer/average/711-2C_as_mni_average_305 /opt/freesurfer/average/711-2B_as_mni_average_305_mask talsrcimg_g11 none talsrcimg_to_711-2C_as_mni_average_305_t4 2311
---------------------------------------------------------------------

freesurfer imgreg_4dfp.c
/opt/freesurfer/average/711-2C_as_mni_average_305.4dfp.img
       256       256       256         1
  1.000000  1.000000  1.000000
orientation T byte_order littleendian
Reading image: /opt/freesurfer/average/711-2C_as_mni_average_305.4dfp.img
dimensions:      256       256       256
mmppix:       1.0000   -1.0000   -1.0000
center:     128.0000 -129.0000 -129.0000
/opt/freesurfer/average/711-2B_as_mni_average_305_mask.4dfp.img
       256       256       256         1
  1.000000  1.000000  1.000000
orientation T byte_order littleendian
Reading mask: /opt/freesurfer/average/711-2B_as_mni_average_305_mask.4dfp.img (2306576 pixels)
talsrcimg_g11.4dfp.img
       256       256       256         1
  1.000000  1.000000  1.000000
orientation T byte_order littleendian
Reading image: talsrcimg_g11.4dfp.img
dimensions:      256       256       256
mmppix:       1.0000   -1.0000   -1.0000
center:     128.0000 -129.0000 -129.0000
fimgreg.f
image alignment mode   2311 decimal      907 hex
parameters
   -3.9964   -3.1449    5.8004   -0.2447  -22.7562  -19.5548
    8.9759    2.9192  -10.4348   21.3801   -2.9126  -17.4747
eta,q 0.97628 14.56397
niter,ni,del,rscale     5    3    5.0000    0.8000
parameters
   -4.0174   -3.2268    6.0702   -0.8005  -22.9878  -19.8395
    9.1138    3.0386  -10.3877   21.0858   -2.9463  -17.1219
eta,q 0.97609 14.53871
  0.0256  0.0251  0.0253  0.0257  0.0253  0.0260  0.0254  0.0268  0.0252  0.0250  0.0247  0.0246
  0.0246  0.0243  0.0245  0.0249  0.0246  0.0253  0.0246  0.0252  0.0245  0.0244  0.0242  0.0242
  0.0239  0.0238  0.0240  0.0241  0.0241  0.0245  0.0241  0.0243  0.0240  0.0240  0.0240  0.0240
  0.0237  0.0237  0.0237  0.0237  0.0238  0.0238  0.0239  0.0239  0.0239  0.0239  0.0239  0.0239
  0.0239  0.0239  0.0237  0.0240  0.0239  0.0238  0.0240  0.0241  0.0240  0.0240  0.0240  0.0240
  0.0246  0.0245  0.0240  0.0254  0.0246  0.0249  0.0245  0.0250  0.0245  0.0245  0.0243  0.0242
  0.0257  0.0254  0.0244  0.0275  0.0260  0.0277  0.0253  0.0266  0.0252  0.0255  0.0247  0.0244
niter,ni,del,rscale     4    3    5.0000    0.7000
parameters
   -3.9879   -3.2350    5.8688   -0.6685  -22.8397  -19.8192
    9.0194    3.0537  -10.3757   21.1155   -2.9997  -17.2406
eta,q 0.97617 14.54261
  0.0252  0.0250  0.0244  0.0258  0.0252  0.0257  0.0249  0.0261  0.0249  0.0248  0.0245  0.0243
  0.0245  0.0244  0.0241  0.0251  0.0246  0.0251  0.0243  0.0248  0.0243  0.0243  0.0241  0.0240
  0.0241  0.0240  0.0239  0.0244  0.0241  0.0244  0.0240  0.0241  0.0239  0.0240  0.0239  0.0239
  0.0239  0.0239  0.0239  0.0239  0.0239  0.0238  0.0238  0.0238  0.0238  0.0238  0.0238  0.0238
  0.0240  0.0240  0.0241  0.0239  0.0239  0.0238  0.0240  0.0241  0.0240  0.0239  0.0239  0.0239
  0.0244  0.0244  0.0244  0.0245  0.0243  0.0245  0.0244  0.0248  0.0243  0.0242  0.0241  0.0241
  0.0251  0.0250  0.0248  0.0260  0.0252  0.0263  0.0251  0.0261  0.0249  0.0249  0.0245  0.0244
niter,ni,del,rscale     3    3    5.0000    0.6000
parameters
   -3.9712   -3.2360    5.8796   -0.5259  -22.7521  -19.5894
    8.9537    3.0568  -10.3669   21.1073   -3.0536  -17.3016
eta,q 0.97626 14.55807
  0.0248  0.0246  0.0244  0.0254  0.0248  0.0254  0.0246  0.0255  0.0245  0.0245  0.0242  0.0241
  0.0243  0.0242  0.0241  0.0248  0.0244  0.0249  0.0241  0.0245  0.0241  0.0241  0.0239  0.0239
  0.0240  0.0239  0.0239  0.0242  0.0240  0.0243  0.0238  0.0239  0.0238  0.0239  0.0238  0.0238
  0.0238  0.0238  0.0238  0.0238  0.0238  0.0238  0.0237  0.0237  0.0237  0.0237  0.0237  0.0237
  0.0239  0.0239  0.0239  0.0238  0.0238  0.0237  0.0238  0.0239  0.0238  0.0238  0.0238  0.0238
  0.0242  0.0242  0.0241  0.0243  0.0242  0.0242  0.0242  0.0245  0.0241  0.0241  0.0240  0.0239
  0.0248  0.0246  0.0244  0.0254  0.0249  0.0254  0.0247  0.0255  0.0245  0.0246  0.0243  0.0241
niter,ni,del,rscale     2    3    5.0000    0.5000
parameters
   -3.9637   -3.2539    5.9858   -0.4101  -22.6714  -19.2908
    8.9167    3.0442  -10.3577   21.0185   -3.1202  -17.3169
eta,q 0.97635 14.57749
  0.0245  0.0243  0.0243  0.0249  0.0245  0.0250  0.0243  0.0250  0.0242  0.0242  0.0240  0.0240
  0.0241  0.0240  0.0240  0.0244  0.0241  0.0246  0.0239  0.0242  0.0239  0.0239  0.0238  0.0238
  0.0238  0.0238  0.0238  0.0240  0.0239  0.0241  0.0237  0.0238  0.0237  0.0237  0.0237  0.0237
  0.0237  0.0237  0.0237  0.0237  0.0237  0.0237  0.0236  0.0236  0.0236  0.0236  0.0236  0.0237
  0.0238  0.0238  0.0238  0.0237  0.0238  0.0237  0.0237  0.0238  0.0237  0.0237  0.0237  0.0237
  0.0240  0.0240  0.0239  0.0241  0.0240  0.0240  0.0239  0.0242  0.0239  0.0239  0.0238  0.0238
  0.0244  0.0243  0.0241  0.0249  0.0245  0.0248  0.0243  0.0250  0.0242  0.0243  0.0240  0.0239
niter,ni,del,rscale     1    3    5.0000    0.4000
parameters
   -3.9667   -3.2965    6.1342   -0.3062  -22.5907  -18.9864
    8.9023    3.0278  -10.3411   20.8686   -3.2242  -17.3092
eta,q 0.97642 14.59832
  0.0241  0.0240  0.0241  0.0245  0.0241  0.0247  0.0240  0.0244  0.0240  0.0239  0.0238  0.0238
  0.0239  0.0238  0.0239  0.0241  0.0239  0.0243  0.0238  0.0239  0.0237  0.0237  0.0237  0.0237
  0.0237  0.0237  0.0237  0.0238  0.0237  0.0239  0.0236  0.0237  0.0236  0.0236  0.0236  0.0236
  0.0237  0.0237  0.0236  0.0236  0.0236  0.0236  0.0236  0.0236  0.0236  0.0236  0.0236  0.0236
  0.0237  0.0237  0.0237  0.0237  0.0237  0.0236  0.0236  0.0237  0.0236  0.0236  0.0236  0.0236
  0.0239  0.0238  0.0237  0.0239  0.0238  0.0238  0.0238  0.0240  0.0238  0.0238  0.0237  0.0237
  0.0241  0.0241  0.0238  0.0244  0.0241  0.0244  0.0240  0.0245  0.0240  0.0240  0.0239  0.0238
registration optimization eta report
parameter search radius
    0.8000    0.8000    0.8000    2.4000    2.4000    2.4000
    2.4000    2.4000    2.4000    2.4000    2.4000    2.4000
100000*second partial in parameter space
       74.       59.       46.       14.        8.       15.
        7.       15.        7.        7.        4.        3.
  0.0241  0.0240  0.0241  0.0245  0.0241  0.0247  0.0240  0.0244  0.0240  0.0239  0.0238  0.0238
  0.0239  0.0238  0.0239  0.0241  0.0239  0.0243  0.0238  0.0239  0.0237  0.0237  0.0237  0.0237
  0.0237  0.0237  0.0237  0.0238  0.0237  0.0239  0.0236  0.0237  0.0236  0.0236  0.0236  0.0236
  0.0237  0.0237  0.0236  0.0236  0.0236  0.0236  0.0236  0.0236  0.0236  0.0236  0.0236  0.0236
  0.0237  0.0237  0.0237  0.0237  0.0237  0.0236  0.0236  0.0237  0.0236  0.0236  0.0236  0.0236
  0.0239  0.0238  0.0237  0.0239  0.0238  0.0238  0.0238  0.0240  0.0238  0.0238  0.0237  0.0237
  0.0241  0.0241  0.0238  0.0244  0.0241  0.0244  0.0240  0.0245  0.0240  0.0240  0.0239  0.0238
   -3.9667   -3.2965    6.1342   -0.3062  -22.5907  -18.9864
    8.9023    3.0278  -10.3411   20.8686   -3.2242  -17.3092
eta,q 0.97642 14.59832

---------------------------------------------------------------------
compute_vox2vox talsrcimg talsrcimg_to_711-2C_as_mni_average_305_t4 /opt/freesurfer/average/711-2C_as_mni_average_305
---------------------------------------------------------------------

freesurfer compute_vox2vox.c
Reading: talsrcimg.4dfp.ifh
Reading: talsrcimg_to_711-2C_as_mni_average_305_t4
Reading: /opt/freesurfer/average/711-2C_as_mni_average_305.4dfp.ifh
Writing: talsrcimg_to_711-2C_as_mni_average_305_t4_vox2vox.txt

start time Thu Mar 12 13:39:15 CET 2026
end		time Thu Mar 12 13:39:29 CET 2026

mpr2mni305 success

avi2talxfm orig_nu.mgz /opt/freesurfer/average/mni305.cor.mgz talsrcimg_to_711-2C_as_mni_average_305_t4_vox2vox.txt transforms/talairach.auto.xfm
avi2talxfm done
mv -f /out/sourcedata/freesurfer/sub-v1s19x0051311_ses-1/mri/talsrcimg_to_711-2C_as_mni_average_305_t4_vox2vox.txt /out/sourcedata/freesurfer/sub-v1s19x0051311_ses-1/mri/transforms/talsrcimg_to_711-2C_as_mni_average_305_t4_vox2vox.txt
lta_convert --src orig_nu.mgz --trg /opt/freesurfer/average/mni305.cor.mgz --inxfm transforms/talairach.auto.xfm --outlta transforms/talairach.auto.xfm.lta --subject fsaverage
7.3.2

--src: orig_nu.mgz src image (geometry).
--trg: /opt/freesurfer/average/mni305.cor.mgz trg image (geometry).
--inmni: transforms/talairach.auto.xfm input MNI/XFM transform.
--outlta: transforms/talairach.auto.xfm.lta output LTA.
--s: fsaverage subject name
 LTA read, type : 1
 0.99085  -0.00726  -0.11557   0.11937;
 0.06403   1.16666   0.25351  -5.44046;
 0.11511  -0.31549   1.20805  -9.87665;
 0.00000   0.00000   0.00000   1.00000;
setting subject to fsaverage
Writing  LTA to file transforms/talairach.auto.xfm.lta...
lta_convert successful.
 
 
Started at Thu Mar 12 13:39:14 CET 2026
Ended   at Thu Mar 12 13:39:30 CET 2026
talairach_avi done
