status file for recon-all
Thu Mar 12 13:54:48 CET 2026
#@# Tessellate lh Thu Mar 12 13:54:49 CET 2026
#@# Smooth1 lh Thu Mar 12 13:54:51 CET 2026
#@# Inflation1 lh Thu Mar 12 13:54:53 CET 2026
#@# QSphere lh Thu Mar 12 13:55:03 CET 2026
#@# Fix Topology lh Thu Mar 12 13:55:53 CET 2026
#@# Smooth2 lh Thu Mar 12 14:00:42 CET 2026
#@# Inflation2 lh Thu Mar 12 14:00:45 CET 2026
#@# Curv .H and .K lh Thu Mar 12 14:00:55 CET 2026
#@# Sphere lh Thu Mar 12 14:01:38 CET 2026
#@# Surf Reg lh Thu Mar 12 14:03:17 CET 2026
#@# Jacobian white lh Thu Mar 12 14:06:30 CET 2026
#@# AvgCurv lh Thu Mar 12 14:06:31 CET 2026
#@# Cortical Parc lh Thu Mar 12 14:06:31 CET 2026
#@# white curv lh Thu Mar 12 14:12:43 CET 2026
#@# white area lh Thu Mar 12 14:12:45 CET 2026
#@# pial curv lh Thu Mar 12 14:12:45 CET 2026
#@# pial area lh Thu Mar 12 14:12:47 CET 2026
#@# thickness lh Thu Mar 12 14:12:47 CET 2026
#@# area and vertex vol lh Thu Mar 12 14:13:10 CET 2026
#@# Curvature Stats lh Thu Mar 12 14:13:12 CET 2026
#@# Cortical Parc 2 lh Thu Mar 12 14:13:14 CET 2026
#@# Cortical Parc 3 lh Thu Mar 12 14:13:25 CET 2026
#@# WM/GM Contrast lh Thu Mar 12 14:13:33 CET 2026
recon-all -s sub-v1s19x0051298_ses-1 finished without error at Thu Mar 12 14:13:35 CET 2026



#New# invocation of recon-all 



status file for recon-all
Thu Mar 12 14:39:09 CET 2026
#@# white curv lh Thu Mar 12 14:39:09 CET 2026
#@# white area lh Thu Mar 12 14:39:09 CET 2026
#@# pial curv lh Thu Mar 12 14:39:09 CET 2026
#@# pial area lh Thu Mar 12 14:39:09 CET 2026
#@# thickness lh Thu Mar 12 14:39:09 CET 2026
#@# area and vertex vol lh Thu Mar 12 14:39:09 CET 2026
#@# Parcellation Stats lh Thu Mar 12 14:39:09 CET 2026
#@# Parcellation Stats 2 lh Thu Mar 12 14:39:28 CET 2026
#@# Parcellation Stats 3 lh Thu Mar 12 14:39:38 CET 2026
#@# BA_exvivo Labels lh Thu Mar 12 14:39:47 CET 2026
recon-all -s sub-v1s19x0051298_ses-1 finished without error at Thu Mar 12 14:41:57 CET 2026
