status file for recon-all
Thu Mar 12 12:38:11 CET 2026
#@# MotionCor Thu Mar 12 12:38:13 CET 2026
#@# Talairach Thu Mar 12 12:38:19 CET 2026
#@# Talairach Failure Detection Thu Mar 12 12:41:10 CET 2026
#@# Nu Intensity Correction Thu Mar 12 12:41:10 CET 2026
#@# Intensity Normalization Thu Mar 12 12:43:55 CET 2026
recon-all -s sub-v1s19x0051298_ses-1 finished without error at Thu Mar 12 12:45:00 CET 2026



#New# invocation of recon-all 



status file for recon-all
Thu Mar 12 12:50:56 CET 2026
#@# EM Registration Thu Mar 12 12:50:56 CET 2026
recon-all -s sub-v1s19x0051298_ses-1 finished without error at Thu Mar 12 12:52:12 CET 2026



#New# invocation of recon-all 



status file for recon-all
Thu Mar 12 12:52:15 CET 2026
#@# CA Normalize Thu Mar 12 12:52:15 CET 2026
#@# CA Reg Thu Mar 12 12:53:08 CET 2026
#@# SubCort Seg Thu Mar 12 13:28:00 CET 2026
#@# CC Seg Thu Mar 12 13:50:37 CET 2026
#@# Merge ASeg Thu Mar 12 13:51:02 CET 2026
#@# Intensity Normalization2 Thu Mar 12 13:51:02 CET 2026
#@# Mask BFS Thu Mar 12 13:52:33 CET 2026
#@# WM Segmentation Thu Mar 12 13:52:34 CET 2026
#@# Fill Thu Mar 12 13:54:08 CET 2026
recon-all -s sub-v1s19x0051298_ses-1 finished without error at Thu Mar 12 13:54:44 CET 2026



#New# invocation of recon-all 



status file for recon-all
Thu Mar 12 14:33:51 CET 2026
#@# white curv lh Thu Mar 12 14:33:51 CET 2026
#@# white area lh Thu Mar 12 14:33:51 CET 2026
#@# pial curv lh Thu Mar 12 14:33:51 CET 2026
#@# pial area lh Thu Mar 12 14:33:51 CET 2026
#@# thickness lh Thu Mar 12 14:33:51 CET 2026
#@# area and vertex vol lh Thu Mar 12 14:33:51 CET 2026
#@# white curv rh Thu Mar 12 14:33:51 CET 2026
#@# white area rh Thu Mar 12 14:33:51 CET 2026
#@# pial curv rh Thu Mar 12 14:33:51 CET 2026
#@# pial area rh Thu Mar 12 14:33:51 CET 2026
#@# thickness rh Thu Mar 12 14:33:51 CET 2026
#@# area and vertex vol rh Thu Mar 12 14:33:51 CET 2026
#@# Cortical ribbon mask Thu Mar 12 14:33:51 CET 2026
recon-all -s sub-v1s19x0051298_ses-1 finished without error at Thu Mar 12 14:39:06 CET 2026



#New# invocation of recon-all 



status file for recon-all
Thu Mar 12 14:44:48 CET 2026
#@# white curv lh Thu Mar 12 14:44:48 CET 2026
#@# white area lh Thu Mar 12 14:44:48 CET 2026
#@# pial curv lh Thu Mar 12 14:44:48 CET 2026
#@# pial area lh Thu Mar 12 14:44:48 CET 2026
#@# thickness lh Thu Mar 12 14:44:48 CET 2026
#@# area and vertex vol lh Thu Mar 12 14:44:48 CET 2026
#@# white curv rh Thu Mar 12 14:44:48 CET 2026
#@# white area rh Thu Mar 12 14:44:48 CET 2026
#@# pial curv rh Thu Mar 12 14:44:48 CET 2026
#@# pial area rh Thu Mar 12 14:44:48 CET 2026
#@# thickness rh Thu Mar 12 14:44:48 CET 2026
#@# area and vertex vol rh Thu Mar 12 14:44:48 CET 2026
#@# Curvature Stats lh Thu Mar 12 14:44:48 CET 2026
#@# Curvature Stats rh Thu Mar 12 14:44:50 CET 2026
#@# Relabel Hypointensities Thu Mar 12 14:44:52 CET 2026
#@# APas-to-ASeg Thu Mar 12 14:45:04 CET 2026
#@# AParc-to-ASeg aparc Thu Mar 12 14:45:11 CET 2026
#@# AParc-to-ASeg aparc.a2009s Thu Mar 12 14:45:42 CET 2026
#@# AParc-to-ASeg aparc.DKTatlas Thu Mar 12 14:46:19 CET 2026
#@# WMParc Thu Mar 12 14:46:52 CET 2026
#@# ASeg Stats Thu Mar 12 14:48:36 CET 2026
recon-all -s sub-v1s19x0051298_ses-1 finished without error at Thu Mar 12 14:48:54 CET 2026
