status file for recon-all
Thu Mar 12 14:13:37 CET 2026
#@# Tessellate rh Thu Mar 12 14:13:37 CET 2026
#@# Smooth1 rh Thu Mar 12 14:13:39 CET 2026
#@# Inflation1 rh Thu Mar 12 14:13:41 CET 2026
#@# QSphere rh Thu Mar 12 14:13:51 CET 2026
#@# Fix Topology rh Thu Mar 12 14:14:42 CET 2026
#@# Smooth2 rh Thu Mar 12 14:19:40 CET 2026
#@# Inflation2 rh Thu Mar 12 14:19:42 CET 2026
#@# Curv .H and .K rh Thu Mar 12 14:19:52 CET 2026
#@# Sphere rh Thu Mar 12 14:20:36 CET 2026
#@# Surf Reg rh Thu Mar 12 14:23:05 CET 2026
#@# Jacobian white rh Thu Mar 12 14:26:35 CET 2026
#@# AvgCurv rh Thu Mar 12 14:26:36 CET 2026
#@# Cortical Parc rh Thu Mar 12 14:26:37 CET 2026
#@# white curv rh Thu Mar 12 14:32:54 CET 2026
#@# white area rh Thu Mar 12 14:32:56 CET 2026
#@# pial curv rh Thu Mar 12 14:32:56 CET 2026
#@# pial area rh Thu Mar 12 14:32:58 CET 2026
#@# thickness rh Thu Mar 12 14:32:58 CET 2026
#@# area and vertex vol rh Thu Mar 12 14:33:21 CET 2026
#@# Curvature Stats rh Thu Mar 12 14:33:22 CET 2026
#@# Cortical Parc 2 rh Thu Mar 12 14:33:24 CET 2026
#@# Cortical Parc 3 rh Thu Mar 12 14:33:36 CET 2026
#@# WM/GM Contrast rh Thu Mar 12 14:33:44 CET 2026
recon-all -s sub-v1s19x0051298_ses-1 finished without error at Thu Mar 12 14:33:47 CET 2026



#New# invocation of recon-all 



status file for recon-all
Thu Mar 12 14:41:59 CET 2026
#@# white curv rh Thu Mar 12 14:41:59 CET 2026
#@# white area rh Thu Mar 12 14:41:59 CET 2026
#@# pial curv rh Thu Mar 12 14:41:59 CET 2026
#@# pial area rh Thu Mar 12 14:41:59 CET 2026
#@# thickness rh Thu Mar 12 14:41:59 CET 2026
#@# area and vertex vol rh Thu Mar 12 14:41:59 CET 2026
#@# Parcellation Stats rh Thu Mar 12 14:41:59 CET 2026
#@# Parcellation Stats 2 rh Thu Mar 12 14:42:18 CET 2026
#@# Parcellation Stats 3 rh Thu Mar 12 14:42:27 CET 2026
#@# BA_exvivo Labels rh Thu Mar 12 14:42:37 CET 2026
recon-all -s sub-v1s19x0051298_ses-1 finished without error at Thu Mar 12 14:44:42 CET 2026
