status file for recon-all
Thu Mar 12 12:15:21 CET 2026
#@# MotionCor Thu Mar 12 12:15:22 CET 2026
#@# Talairach Thu Mar 12 12:15:28 CET 2026
#@# Talairach Failure Detection Thu Mar 12 12:18:19 CET 2026
#@# Nu Intensity Correction Thu Mar 12 12:18:19 CET 2026
#@# Intensity Normalization Thu Mar 12 12:21:03 CET 2026
recon-all -s sub-v1s19x0051292_ses-1 finished without error at Thu Mar 12 12:22:01 CET 2026



#New# invocation of recon-all 



status file for recon-all
Thu Mar 12 12:27:53 CET 2026
#@# EM Registration Thu Mar 12 12:27:54 CET 2026
recon-all -s sub-v1s19x0051292_ses-1 finished without error at Thu Mar 12 12:29:07 CET 2026



#New# invocation of recon-all 



status file for recon-all
Thu Mar 12 12:29:10 CET 2026
#@# CA Normalize Thu Mar 12 12:29:10 CET 2026
#@# CA Reg Thu Mar 12 12:30:05 CET 2026
#@# SubCort Seg Thu Mar 12 13:10:02 CET 2026
#@# CC Seg Thu Mar 12 13:27:58 CET 2026
#@# Merge ASeg Thu Mar 12 13:28:21 CET 2026
#@# Intensity Normalization2 Thu Mar 12 13:28:21 CET 2026
#@# Mask BFS Thu Mar 12 13:29:42 CET 2026
#@# WM Segmentation Thu Mar 12 13:29:43 CET 2026
#@# Fill Thu Mar 12 13:31:03 CET 2026
recon-all -s sub-v1s19x0051292_ses-1 finished without error at Thu Mar 12 13:31:42 CET 2026



#New# invocation of recon-all 



status file for recon-all
Thu Mar 12 14:02:24 CET 2026
#@# white curv lh Thu Mar 12 14:02:24 CET 2026
#@# white area lh Thu Mar 12 14:02:24 CET 2026
#@# pial curv lh Thu Mar 12 14:02:24 CET 2026
#@# pial area lh Thu Mar 12 14:02:24 CET 2026
#@# thickness lh Thu Mar 12 14:02:24 CET 2026
#@# area and vertex vol lh Thu Mar 12 14:02:24 CET 2026
#@# white curv rh Thu Mar 12 14:02:24 CET 2026
#@# white area rh Thu Mar 12 14:02:24 CET 2026
#@# pial curv rh Thu Mar 12 14:02:24 CET 2026
#@# pial area rh Thu Mar 12 14:02:24 CET 2026
#@# thickness rh Thu Mar 12 14:02:24 CET 2026
#@# area and vertex vol rh Thu Mar 12 14:02:24 CET 2026
#@# Cortical ribbon mask Thu Mar 12 14:02:24 CET 2026
recon-all -s sub-v1s19x0051292_ses-1 finished without error at Thu Mar 12 14:05:31 CET 2026



#New# invocation of recon-all 



status file for recon-all
Thu Mar 12 14:09:42 CET 2026
#@# white curv lh Thu Mar 12 14:09:42 CET 2026
#@# white area lh Thu Mar 12 14:09:42 CET 2026
#@# pial curv lh Thu Mar 12 14:09:42 CET 2026
#@# pial area lh Thu Mar 12 14:09:42 CET 2026
#@# thickness lh Thu Mar 12 14:09:42 CET 2026
#@# area and vertex vol lh Thu Mar 12 14:09:42 CET 2026
#@# white curv rh Thu Mar 12 14:09:42 CET 2026
#@# white area rh Thu Mar 12 14:09:42 CET 2026
#@# pial curv rh Thu Mar 12 14:09:42 CET 2026
#@# pial area rh Thu Mar 12 14:09:42 CET 2026
#@# thickness rh Thu Mar 12 14:09:42 CET 2026
#@# area and vertex vol rh Thu Mar 12 14:09:42 CET 2026
#@# Curvature Stats lh Thu Mar 12 14:09:42 CET 2026
#@# Curvature Stats rh Thu Mar 12 14:09:44 CET 2026
#@# Relabel Hypointensities Thu Mar 12 14:09:45 CET 2026
#@# APas-to-ASeg Thu Mar 12 14:09:54 CET 2026
#@# AParc-to-ASeg aparc Thu Mar 12 14:10:00 CET 2026
#@# AParc-to-ASeg aparc.a2009s Thu Mar 12 14:10:18 CET 2026
#@# AParc-to-ASeg aparc.DKTatlas Thu Mar 12 14:10:39 CET 2026
#@# WMParc Thu Mar 12 14:10:58 CET 2026
#@# ASeg Stats Thu Mar 12 14:13:04 CET 2026
recon-all -s sub-v1s19x0051292_ses-1 finished without error at Thu Mar 12 14:13:27 CET 2026
