status file for recon-all
Thu Mar 12 13:47:04 CET 2026
#@# Tessellate rh Thu Mar 12 13:47:04 CET 2026
#@# Smooth1 rh Thu Mar 12 13:47:06 CET 2026
#@# Inflation1 rh Thu Mar 12 13:47:08 CET 2026
#@# QSphere rh Thu Mar 12 13:47:16 CET 2026
#@# Fix Topology rh Thu Mar 12 13:48:00 CET 2026
#@# Smooth2 rh Thu Mar 12 13:51:09 CET 2026
#@# Inflation2 rh Thu Mar 12 13:51:11 CET 2026
#@# Curv .H and .K rh Thu Mar 12 13:51:23 CET 2026
#@# Sphere rh Thu Mar 12 13:51:53 CET 2026
#@# Surf Reg rh Thu Mar 12 13:53:59 CET 2026
#@# Jacobian white rh Thu Mar 12 13:57:22 CET 2026
#@# AvgCurv rh Thu Mar 12 13:57:23 CET 2026
#@# Cortical Parc rh Thu Mar 12 13:57:23 CET 2026
#@# white curv rh Thu Mar 12 14:01:43 CET 2026
#@# white area rh Thu Mar 12 14:01:44 CET 2026
#@# pial curv rh Thu Mar 12 14:01:45 CET 2026
#@# pial area rh Thu Mar 12 14:01:46 CET 2026
#@# thickness rh Thu Mar 12 14:01:46 CET 2026
#@# area and vertex vol rh Thu Mar 12 14:02:01 CET 2026
#@# Curvature Stats rh Thu Mar 12 14:02:02 CET 2026
#@# Cortical Parc 2 rh Thu Mar 12 14:02:03 CET 2026
#@# Cortical Parc 3 rh Thu Mar 12 14:02:13 CET 2026
#@# WM/GM Contrast rh Thu Mar 12 14:02:19 CET 2026
recon-all -s sub-v1s19x0051292_ses-1 finished without error at Thu Mar 12 14:02:21 CET 2026



#New# invocation of recon-all 



status file for recon-all
Thu Mar 12 14:07:36 CET 2026
#@# white curv rh Thu Mar 12 14:07:36 CET 2026
#@# white area rh Thu Mar 12 14:07:36 CET 2026
#@# pial curv rh Thu Mar 12 14:07:36 CET 2026
#@# pial area rh Thu Mar 12 14:07:36 CET 2026
#@# thickness rh Thu Mar 12 14:07:36 CET 2026
#@# area and vertex vol rh Thu Mar 12 14:07:36 CET 2026
#@# Parcellation Stats rh Thu Mar 12 14:07:36 CET 2026
#@# Parcellation Stats 2 rh Thu Mar 12 14:07:46 CET 2026
#@# Parcellation Stats 3 rh Thu Mar 12 14:07:52 CET 2026
#@# BA_exvivo Labels rh Thu Mar 12 14:07:59 CET 2026
recon-all -s sub-v1s19x0051292_ses-1 finished without error at Thu Mar 12 14:09:37 CET 2026
