status file for recon-all
Thu Mar 12 13:31:47 CET 2026
#@# Tessellate lh Thu Mar 12 13:31:47 CET 2026
#@# Smooth1 lh Thu Mar 12 13:31:50 CET 2026
#@# Inflation1 lh Thu Mar 12 13:31:51 CET 2026
#@# QSphere lh Thu Mar 12 13:32:00 CET 2026
#@# Fix Topology lh Thu Mar 12 13:32:41 CET 2026
#@# Smooth2 lh Thu Mar 12 13:36:04 CET 2026
#@# Inflation2 lh Thu Mar 12 13:36:05 CET 2026
#@# Curv .H and .K lh Thu Mar 12 13:36:16 CET 2026
#@# Sphere lh Thu Mar 12 13:36:45 CET 2026
#@# Surf Reg lh Thu Mar 12 13:38:59 CET 2026
#@# Jacobian white lh Thu Mar 12 13:42:00 CET 2026
#@# AvgCurv lh Thu Mar 12 13:42:01 CET 2026
#@# Cortical Parc lh Thu Mar 12 13:42:01 CET 2026
#@# white curv lh Thu Mar 12 13:46:25 CET 2026
#@# white area lh Thu Mar 12 13:46:26 CET 2026
#@# pial curv lh Thu Mar 12 13:46:27 CET 2026
#@# pial area lh Thu Mar 12 13:46:28 CET 2026
#@# thickness lh Thu Mar 12 13:46:28 CET 2026
#@# area and vertex vol lh Thu Mar 12 13:46:43 CET 2026
#@# Curvature Stats lh Thu Mar 12 13:46:44 CET 2026
#@# Cortical Parc 2 lh Thu Mar 12 13:46:45 CET 2026
#@# Cortical Parc 3 lh Thu Mar 12 13:46:54 CET 2026
#@# WM/GM Contrast lh Thu Mar 12 13:47:00 CET 2026
recon-all -s sub-v1s19x0051292_ses-1 finished without error at Thu Mar 12 13:47:02 CET 2026



#New# invocation of recon-all 



status file for recon-all
Thu Mar 12 14:05:36 CET 2026
#@# white curv lh Thu Mar 12 14:05:36 CET 2026
#@# white area lh Thu Mar 12 14:05:36 CET 2026
#@# pial curv lh Thu Mar 12 14:05:36 CET 2026
#@# pial area lh Thu Mar 12 14:05:36 CET 2026
#@# thickness lh Thu Mar 12 14:05:36 CET 2026
#@# area and vertex vol lh Thu Mar 12 14:05:36 CET 2026
#@# Parcellation Stats lh Thu Mar 12 14:05:36 CET 2026
#@# Parcellation Stats 2 lh Thu Mar 12 14:05:46 CET 2026
#@# Parcellation Stats 3 lh Thu Mar 12 14:05:51 CET 2026
#@# BA_exvivo Labels lh Thu Mar 12 14:05:56 CET 2026
recon-all -s sub-v1s19x0051292_ses-1 finished without error at Thu Mar 12 14:07:33 CET 2026
