/out/sourcedata/freesurfer/sub-v1s19x0051312_ses-1/mri
/opt/freesurfer/bin/talairach_avi
--i orig_nu.mgz --xfm transforms/talairach.auto.xfm
talairach_avi 7.3.2
Linux dna063 5.14.0-427.37.1.el9_4.x86_64 #1 SMP PREEMPT_DYNAMIC Fri Sep 13 12:41:50 EDT 2024 x86_64 x86_64 x86_64 GNU/Linux
Thu Mar 12 13:39:59 CET 2026
mri_convert orig_nu.mgz talsrcimg.img 
reading from orig_nu.mgz...
TR=0.00, TE=0.00, TI=0.00, flip angle=0.00
i_ras = (-1, 0, -7.45058e-09)
j_ras = (0, 0, -1)
k_ras = (0, 1, 0)
writing to talsrcimg.img...
Analyze Output Matrix
-1.00000   0.00000   0.00000   132.70148;
 0.00000   0.00000   1.00000  -120.74137;
-0.00000  -1.00000   0.00000   113.00189;
 0.00000   0.00000   0.00000   1.00000;
--------------------
INFO: set hdr.hist.orient to -1
mpr2mni305 talsrcimg
Thu Mar 12 13:39:59 CET 2026
/opt/freesurfer/bin/mpr2mni305 talsrcimg
mpr2mni305 7.3.2
target=711-2C_as_mni_average_305

---------------------------------------------------------------------
analyzeto4dfp talsrcimg -O0 -y
---------------------------------------------------------------------

freesurfer ifh2hdr.c
Thu Mar 12 13:39:59 2026
Writing: talsrcimg.4dfp.hdr
freesurfer analyzeto4dfp.c
Reading: talsrcimg.hdr
header size 348 bytes
hdr.dime.datatype	offset=70	value=2
hdr.dime.bitpix		offset=72	value=8
hdr.hist.orient		offset=252	value=-1
dimensionality     4
dimensions       256       256       256         1
Reading: talsrcimg.img
Writing: talsrcimg.4dfp.img
Writing: talsrcimg.4dfp.ifh
ifh2hdr talsrcimg -r0to233
ori=2

---------------------------------------------------------------------
gauss_4dfp talsrcimg 1.1
---------------------------------------------------------------------

freesurfer gauss_4dfp.c
Reading: talsrcimg.4dfp.img
Writing: talsrcimg_g11.4dfp.img
image dimensions 256 256 256 padded to 288 288 288
processing volume 1freesurfer ifh2hdr.c
Thu Mar 12 13:40:01 2026
Writing: talsrcimg_g11.4dfp.hdr

Writing: talsrcimg_g11.4dfp.ifh
including: talsrcimg.4dfp.img.rec in talsrcimg_g11.4dfp.img.rec

---------------------------------------------------------------------
imgreg_4dfp /opt/freesurfer/average/711-2C_as_mni_average_305 none talsrcimg_g11 none talsrcimg_to_711-2C_as_mni_average_305_t4 4355
---------------------------------------------------------------------

freesurfer imgreg_4dfp.c
/opt/freesurfer/average/711-2C_as_mni_average_305.4dfp.img
       256       256       256         1
  1.000000  1.000000  1.000000
orientation T byte_order littleendian
Reading image: /opt/freesurfer/average/711-2C_as_mni_average_305.4dfp.img
dimensions:      256       256       256
mmppix:       1.0000   -1.0000   -1.0000
center:     128.0000 -129.0000 -129.0000
talsrcimg_g11.4dfp.img
       256       256       256         1
  1.000000  1.000000  1.000000
orientation T byte_order littleendian
Reading image: talsrcimg_g11.4dfp.img
dimensions:      256       256       256
mmppix:       1.0000   -1.0000   -1.0000
center:     128.0000 -129.0000 -129.0000
t4_read: open error in t4_sub.f l:  41 t4_file(1:l)talsrcimg_to_711-2C_as_mni_average_305_t4 
t4_read: transform initialized to I4
rotation matrix determinant  1.000000
image alignment mode   4355 decimal     1103 hex
   -7.5000  -45.0000  -45.0000 7994.9985   16.3001
    0.0000  -45.0000  -45.0000 8383.9570   16.3137
    7.5000  -45.0000  -45.0000 8051.7163   16.3558
   -7.5000  -37.5000  -45.0000 8505.3301   16.2119
    0.0000  -37.5000  -45.0000 8921.6494   16.2308
    7.5000  -37.5000  -45.0000 8550.0381   16.2661
   -7.5000  -30.0000  -45.0000 9312.2480   16.1594
    0.0000  -30.0000  -45.0000 9786.0586   16.1785
    7.5000  -30.0000  -45.0000 9367.8076   16.2110
   -7.5000  -22.5000  -45.000010151.0117   16.1341
    0.0000  -22.5000  -45.000010671.3535   16.1469
    7.5000  -22.5000  -45.000010222.9648   16.1830
   -7.5000  -15.0000  -45.000010967.0225   16.1272
    0.0000  -15.0000  -45.000011492.0664   16.1338
    7.5000  -15.0000  -45.000011014.8320   16.1762
   -7.5000   -7.5000  -45.000011671.3574   16.1292
    0.0000   -7.5000  -45.000012247.5498   16.1370
    7.5000   -7.5000  -45.000011709.7725   16.1821
   -7.5000    0.0000  -45.000012244.5361   16.1373
    0.0000    0.0000  -45.000012841.0879   16.1512
    7.5000    0.0000  -45.000012294.1582   16.1925
   -7.5000    7.5000  -45.000011752.8066   16.1435
    0.0000    7.5000  -45.000012333.9180   16.1625
    7.5000    7.5000  -45.000011810.3506   16.1974
   -7.5000   15.0000  -45.000011182.1143   16.1413
    0.0000   15.0000  -45.000011723.4258   16.1604
    7.5000   15.0000  -45.000011208.8916   16.1928
   -7.5000   22.5000  -45.000010494.0439   16.1309
    0.0000   22.5000  -45.000010968.6152   16.1438
    7.5000   22.5000  -45.000010457.7549   16.1798
   -7.5000   30.0000  -45.0000 9679.4521   15.9123
    0.0000   30.0000  -45.000010120.5498   15.9188
    7.5000   30.0000  -45.0000 9646.1377   15.9606
   -7.5000   37.5000  -45.0000 9220.1846   15.9148
    0.0000   37.5000  -45.0000 9670.4131   15.9224
    7.5000   37.5000  -45.0000 9198.7832   15.9670
   -7.5000   45.0000  -45.0000 8494.4229   15.5485
    0.0000   45.0000  -45.0000 8940.6055   15.5618
    7.5000   45.0000  -45.0000 8479.3721   15.6016
   -7.5000  -45.0000  -37.5000 8470.6787   16.2420
    0.0000  -45.0000  -37.5000 8880.8252   16.2576
    7.5000  -45.0000  -37.5000 8509.5117   16.2985
   -7.5000  -37.5000  -37.5000 9005.2246   16.1510
    0.0000  -37.5000  -37.5000 9446.8828   16.1730
    7.5000  -37.5000  -37.5000 9028.7734   16.2077
   -7.5000  -30.0000  -37.5000 9862.1445   16.0973
    0.0000  -30.0000  -37.500010349.3262   16.1200
    7.5000  -30.0000  -37.5000 9877.4307   16.1524
   -7.5000  -22.5000  -37.500010726.2451   16.0746
    0.0000  -22.5000  -37.500011258.0234   16.0905
    7.5000  -22.5000  -37.500010746.0459   16.1256
   -7.5000  -15.0000  -37.500011592.4590   16.0701
    0.0000  -15.0000  -37.500012122.2666   16.0787
    7.5000  -15.0000  -37.500011575.6973   16.1194
   -7.5000   -7.5000  -37.500012337.3291   16.0729
    0.0000   -7.5000  -37.500012918.3848   16.0819
    7.5000   -7.5000  -37.500012332.6680   16.1257
   -7.5000    0.0000  -37.500012902.8574   16.0802
    0.0000    0.0000  -37.500013508.4482   16.0959
    7.5000    0.0000  -37.500012926.2158   16.1361
   -7.5000    7.5000  -37.500012410.5518   16.0831
    0.0000    7.5000  -37.500012991.8799   16.1051
    7.5000    7.5000  -37.500012408.4238   16.1395
   -7.5000   15.0000  -37.500011810.3838   16.0793
    0.0000   15.0000  -37.500012356.2949   16.1020
    7.5000   15.0000  -37.500011764.7598   16.1343
   -7.5000   22.5000  -37.500011093.7510   16.0714
    0.0000   22.5000  -37.500011567.0381   16.0873
    7.5000   22.5000  -37.500010986.0273   16.1224
   -7.5000   30.0000  -37.500010195.3955   15.8560
    0.0000   30.0000  -37.500010650.1318   15.8644
    7.5000   30.0000  -37.500010111.3975   15.9046
   -7.5000   37.5000  -37.5000 9693.2305   15.8592
    0.0000   37.5000  -37.500010164.7979   15.8681
    7.5000   37.5000  -37.5000 9642.4541   15.9113
   -7.5000   45.0000  -37.5000 8900.7900   15.4934
    0.0000   45.0000  -37.5000 9370.7051   15.5083
    7.5000   45.0000  -37.5000 8871.3984   15.5469
   -7.5000  -45.0000  -30.0000 9105.6152   16.9000
    0.0000  -45.0000  -30.0000 9523.7100   16.9218
    7.5000  -45.0000  -30.0000 9103.5674   16.9604
   -7.5000  -37.5000  -30.0000 9667.7041   16.8071
    0.0000  -37.5000  -30.000010110.0645   16.8350
    7.5000  -37.5000  -30.0000 9641.0537   16.8666
   -7.5000  -30.0000  -30.000010579.1797   16.7515
    0.0000  -30.0000  -30.000011091.3096   16.7795
    7.5000  -30.0000  -30.000010550.6973   16.8087
   -7.5000  -22.5000  -30.000011513.2451   16.7255
    0.0000  -22.5000  -30.000012056.4746   16.7465
    7.5000  -22.5000  -30.000011465.3291   16.7794
   -7.5000  -15.0000  -30.000012433.9717   16.7183
    0.0000  -15.0000  -30.000012985.8145   16.7319
    7.5000  -15.0000  -30.000012363.3193   16.7710
   -7.5000   -7.5000  -30.000013230.2070   16.7220
    0.0000   -7.5000  -30.000013821.7842   16.7364
    7.5000   -7.5000  -30.000013180.1377   16.7784
   -7.5000    0.0000  -30.000013854.5605   16.7318
    0.0000    0.0000  -30.000014450.2617   16.7536
    7.5000    0.0000  -30.000013764.6982   16.7915
   -7.5000    7.5000  -30.000013313.6201   16.7365
    0.0000    7.5000  -30.000013884.9756   16.7645
    7.5000    7.5000  -30.000013196.9863   16.7956
   -7.5000   15.0000  -30.000012642.0547   16.7328
    0.0000   15.0000  -30.000013172.9756   16.7608
    7.5000   15.0000  -30.000012510.0908   16.7899
   -7.5000   22.5000  -30.000011856.5566   16.7204
    0.0000   22.5000  -30.000012343.6611   16.7414
    7.5000   22.5000  -30.000011725.7646   16.7743
   -7.5000   30.0000  -30.000010900.6367   16.4971
    0.0000   30.0000  -30.000011360.8232   16.5105
    7.5000   30.0000  -30.000010792.8301   16.5491
   -7.5000   37.5000  -30.000010337.7734   16.5012
    0.0000   37.5000  -30.000010825.9219   16.5154
    7.5000   37.5000  -30.000010285.3271   16.5569
   -7.5000   45.0000  -30.0000 9475.9902   16.1331
    0.0000   45.0000  -30.0000 9957.9092   16.1539
    7.5000   45.0000  -30.0000 9439.6455   16.1902
   -7.5000  -45.0000  -22.5000 9747.9756   17.4719
    0.0000  -45.0000  -22.500010177.1318   17.4978
    7.5000  -45.0000  -22.5000 9682.4336   17.5349
   -7.5000  -37.5000  -22.500010341.3320   17.3806
    0.0000  -37.5000  -22.500010796.5869   17.4111
    7.5000  -37.5000  -22.500010258.8330   17.4401
   -7.5000  -30.0000  -22.500011327.9961   17.3247
    0.0000  -30.0000  -22.500011863.9482   17.3541
    7.5000  -30.0000  -22.500011248.9346   17.3804
   -7.5000  -22.5000  -22.500012359.3799   17.2932
    0.0000  -22.5000  -22.500012906.7217   17.3164
    7.5000  -22.5000  -22.500012251.2871   17.3474
   -7.5000  -15.0000  -22.500013299.8633   17.2815
    0.0000  -15.0000  -22.500013905.1855   17.2985
    7.5000  -15.0000  -22.500013223.9229   17.3366
   -7.5000   -7.5000  -22.500014147.4307   17.2851
    0.0000   -7.5000  -22.500014787.5430   17.3037
    7.5000   -7.5000  -22.500014094.2432   17.3448
   -7.5000    0.0000  -22.500014805.4785   17.2980
    0.0000    0.0000  -22.500015445.0498   17.3238
    7.5000    0.0000  -22.500014656.0635   17.3602
   -7.5000    7.5000  -22.500014228.8047   17.3076
    0.0000    7.5000  -22.500014825.9453   17.3381
    7.5000    7.5000  -22.500014035.5352   17.3667
   -7.5000   15.0000  -22.500013482.3271   17.3053
    0.0000   15.0000  -22.500014030.1816   17.3348
    7.5000   15.0000  -22.500013299.3906   17.3609
   -7.5000   22.5000  -22.500012622.3574   17.2868
    0.0000   22.5000  -22.500013140.9863   17.3100
    7.5000   22.5000  -22.500012466.0283   17.3410
   -7.5000   30.0000  -22.500011624.2744   17.0554
    0.0000   30.0000  -22.500012099.8623   17.0723
    7.5000   30.0000  -22.500011490.4082   17.1098
   -7.5000   37.5000  -22.500011057.9453   17.0596
    0.0000   37.5000  -22.500011515.9346   17.0779
    7.5000   37.5000  -22.500010932.7578   17.1185
   -7.5000   45.0000  -22.500010112.4355   16.6917
    0.0000   45.0000  -22.500010564.9658   16.7166
    7.5000   45.0000  -22.500010023.4365   16.7515
   -7.5000  -45.0000  -15.000010379.2744   17.8931
    0.0000  -45.0000  -15.000010823.8008   17.9178
    7.5000  -45.0000  -15.000010258.8213   17.9576
   -7.5000  -37.5000  -15.000011020.0635   17.8035
    0.0000  -37.5000  -15.000011496.5283   17.8319
    7.5000  -37.5000  -15.000010879.0488   17.8624
   -7.5000  -30.0000  -15.000012098.7617   17.7491
    0.0000  -30.0000  -15.000012636.3672   17.7760
    7.5000  -30.0000  -15.000011932.1377   17.8024
   -7.5000  -22.5000  -15.000013197.8662   17.7152
    0.0000  -22.5000  -15.000013786.6787   17.7361
    7.5000  -22.5000  -15.000013038.0986   17.7676
   -7.5000  -15.0000  -15.000014195.6396   17.7005
    0.0000  -15.0000  -15.000014882.0156   17.7160
    7.5000  -15.0000  -15.000014107.2031   17.7555
   -7.5000   -7.5000  -15.000015142.1123   17.7021
    0.0000   -7.5000  -15.000015855.4297   17.7198
    7.5000   -7.5000  -15.000015033.1387   17.7631
   -7.5000    0.0000  -15.000015852.8262   17.7152
    0.0000    0.0000  -15.000016557.1387   17.7399
    7.5000    0.0000  -15.000015581.4668   17.7788
   -7.5000    7.5000  -15.000015232.1699   17.7288
    0.0000    7.5000  -15.000015848.3145   17.7571
    7.5000    7.5000  -15.000014897.8701   17.7872
   -7.5000   15.0000  -15.000014376.4502   17.7292
    0.0000   15.0000  -15.000014942.6602   17.7561
    7.5000   15.0000  -15.000014098.2764   17.7825
   -7.5000   22.5000  -15.000013422.7617   17.7078
    0.0000   22.5000  -15.000013946.9922   17.7288
    7.5000   22.5000  -15.000013182.8096   17.7603
   -7.5000   30.0000  -15.000012357.8457   17.4714
    0.0000   30.0000  -15.000012838.7686   17.4867
    7.5000   30.0000  -15.000012151.1230   17.5257
   -7.5000   37.5000  -15.000011780.7451   17.4736
    0.0000   37.5000  -15.000012254.5996   17.4910
    7.5000   37.5000  -15.000011600.4160   17.5338
   -7.5000   45.0000  -15.000010808.1270   17.1045
    0.0000   45.0000  -15.000011252.0576   17.1285
    7.5000   45.0000  -15.000010635.8242   17.1661
   -7.5000  -45.0000   -7.500011028.8555   18.1124
    0.0000  -45.0000   -7.500011466.3662   18.1316
    7.5000  -45.0000   -7.500010845.3457   18.1754
   -7.5000  -37.5000   -7.500011743.6650   18.0203
    0.0000  -37.5000   -7.500012201.7510   18.0438
    7.5000  -37.5000   -7.500011517.5205   18.0784
   -7.5000  -30.0000   -7.500012919.8779   17.9651
    0.0000  -30.0000   -7.500013433.0293   17.9876
    7.5000  -30.0000   -7.500012656.9727   18.0182
   -7.5000  -22.5000   -7.500014124.9893   17.9332
    0.0000  -22.5000   -7.500014705.8379   17.9491
    7.5000  -22.5000   -7.500013854.9531   17.9847
   -7.5000  -15.0000   -7.500015256.4189   17.9204
    0.0000  -15.0000   -7.500015970.0762   17.9306
    7.5000  -15.0000   -7.500015041.9482   17.9744
   -7.5000   -7.5000   -7.500016367.9199   17.9212
    0.0000   -7.5000   -7.500017079.9707   17.9337
    7.5000   -7.5000   -7.500016015.4365   17.9811
   -7.5000    0.0000   -7.500017099.0488   17.9324
    0.0000    0.0000   -7.500017745.4316   17.9517
    7.5000    0.0000   -7.500016558.7598   17.9946
   -7.5000    7.5000   -7.500016327.0820   17.9447
    0.0000    7.5000   -7.500016913.3789   17.9682
    7.5000    7.5000   -7.500015829.9492   18.0023
   -7.5000   15.0000   -7.500015377.6074   17.9450
    0.0000   15.0000   -7.500015913.5674   17.9675
    7.5000   15.0000   -7.500014975.5781   17.9980
   -7.5000   22.5000   -7.500014344.2705   17.9238
    0.0000   22.5000   -7.500014830.5156   17.9398
    7.5000   22.5000   -7.500014008.7979   17.9753
   -7.5000   30.0000   -7.500013202.0908   17.6880
    0.0000   30.0000   -7.500013669.3857   17.6981
    7.5000   30.0000   -7.500012922.3574   17.7413
   -7.5000   37.5000   -7.500012568.8096   17.6894
    0.0000   37.5000   -7.500013051.0381   17.7017
    7.5000   37.5000   -7.500012337.4443   17.7485
   -7.5000   45.0000   -7.500011526.1328   17.3174
    0.0000   45.0000   -7.500011993.2998   17.3361
    7.5000   45.0000   -7.500011326.7002   17.3777
   -7.5000  -45.0000    0.000011585.1240   18.1579
    0.0000  -45.0000    0.000011987.8555   18.1729
    7.5000  -45.0000    0.000011323.4785   18.2196
   -7.5000  -37.5000    0.000012372.7275   18.0599
    0.0000  -37.5000    0.000012796.5381   18.0807
    7.5000  -37.5000    0.000012049.3018   18.1199
   -7.5000  -30.0000    0.000013667.5283   18.0016
    0.0000  -30.0000    0.000014137.4502   18.0225
    7.5000  -30.0000    0.000013292.0010   18.0587
   -7.5000  -22.5000    0.000015050.5596   17.9737
    0.0000  -22.5000    0.000015618.7334   17.9876
    7.5000  -22.5000    0.000014624.5107   18.0276
   -7.5000  -15.0000    0.000016438.1035   17.9662
    0.0000  -15.0000    0.000017156.6914   17.9733
    7.5000  -15.0000    0.000015946.5947   18.0203
   -7.5000   -7.5000    0.000017663.7441   17.9685
    0.0000   -7.5000    0.000018327.0117   17.9769
    7.5000   -7.5000    0.000016957.5547   18.0270
   -7.5000    0.0000    0.000018237.8906   17.9774
    0.0000    0.0000    0.000018743.7344   17.9926
    7.5000    0.0000    0.000017428.9414   18.0385
   -7.5000    7.5000    0.000017287.1680   17.9841
    0.0000    7.5000    0.000017750.8223   18.0049
    7.5000    7.5000    0.000016641.2480   18.0437
   -7.5000   15.0000    0.000016315.1533   17.9815
    0.0000   15.0000    0.000016771.9531   18.0025
    7.5000   15.0000    0.000015769.5508   18.0384
   -7.5000   22.5000    0.000015215.3271   17.9642
    0.0000   22.5000    0.000015649.1270   17.9782
    7.5000   22.5000    0.000014762.6953   18.0182
   -7.5000   30.0000    0.000014007.2148   17.7337
    0.0000   30.0000    0.000014455.5752   17.7407
    7.5000   30.0000    0.000013645.3418   17.7870
   -7.5000   37.5000    0.000013308.7373   17.7365
    0.0000   37.5000    0.000013805.3398   17.7448
    7.5000   37.5000    0.000013043.7539   17.7943
   -7.5000   45.0000    0.000012183.4834   17.3621
    0.0000   45.0000    0.000012671.1875   17.3767
    7.5000   45.0000    0.000011968.4961   17.4210
   -7.5000  -45.0000    7.500011207.7070   18.1560
    0.0000  -45.0000    7.500011530.9551   18.1732
    7.5000  -45.0000    7.500010887.2773   18.2188
   -7.5000  -37.5000    7.500011949.5371   18.0543
    0.0000  -37.5000    7.500012303.5234   18.0787
    7.5000  -37.5000    7.500011605.8496   18.1175
   -7.5000  -30.0000    7.500013238.0859   17.9945
    0.0000  -30.0000    7.500013645.9316   18.0197
    7.5000  -30.0000    7.500012837.3887   18.0558
   -7.5000  -22.5000    7.500014785.0781   17.9691
    0.0000  -22.5000    7.500015307.7959   17.9866
    7.5000  -22.5000    7.500014224.1504   18.0258
   -7.5000  -15.0000    7.500016322.3369   17.9641
    0.0000  -15.0000    7.500017041.9160   17.9734
    7.5000  -15.0000    7.500015602.4600   18.0189
   -7.5000   -7.5000    7.500017353.8359   17.9671
    0.0000   -7.5000    7.500017998.8145   17.9771
    7.5000   -7.5000    7.500016596.4102   18.0258
   -7.5000    0.0000    7.500017649.8262   17.9753
    0.0000    0.0000    7.500018072.4961   17.9927
    7.5000    0.0000    7.500016961.5586   18.0375
   -7.5000    7.5000    7.500016738.4766   17.9785
    0.0000    7.5000    7.500017110.6211   18.0030
    7.5000    7.5000    7.500016135.6113   18.0414
   -7.5000   15.0000    7.500015916.0117   17.9744
    0.0000   15.0000    7.500016300.9482   17.9996
    7.5000   15.0000    7.500015295.1045   18.0355
   -7.5000   22.5000    7.500014902.6445   17.9597
    0.0000   22.5000    7.500015255.0342   17.9773
    7.5000   22.5000    7.500014280.7637   18.0164
   -7.5000   30.0000    7.500013744.4248   17.7316
    0.0000   30.0000    7.500014111.2412   17.7408
    7.5000   30.0000    7.500013180.1094   17.7857
   -7.5000   37.5000    7.500013049.9883   17.7351
    0.0000   37.5000    7.500013465.1299   17.7449
    7.5000   37.5000    7.500012586.7041   17.7931
   -7.5000   45.0000    7.500011933.3633   17.3600
    0.0000   45.0000    7.500012373.5215   17.3766
    7.5000   45.0000    7.500011571.4463   17.4198
   -7.5000  -45.0000   15.000010648.0117   18.1574
    0.0000  -45.0000   15.000010980.4336   18.1807
    7.5000  -45.0000   15.000010404.2607   18.2218
   -7.5000  -37.5000   15.000011321.9258   18.0575
    0.0000  -37.5000   15.000011683.3779   18.0874
    7.5000  -37.5000   15.000011100.2803   18.1209
   -7.5000  -30.0000   15.000012567.7510   17.9980
    0.0000  -30.0000   15.000012998.6328   18.0279
    7.5000  -30.0000   15.000012281.8623   18.0589
   -7.5000  -22.5000   15.000014147.1514   17.9702
    0.0000  -22.5000   15.000014740.0869   17.9926
    7.5000  -22.5000   15.000013613.0078   18.0276
   -7.5000  -15.0000   15.000015767.5859   17.9625
    0.0000  -15.0000   15.000016533.8242   17.9769
    7.5000  -15.0000   15.000014938.2432   18.0187
   -7.5000   -7.5000   15.000016896.2285   17.9662
    0.0000   -7.5000   15.000017494.2070   17.9815
    7.5000   -7.5000   15.000015892.6387   18.0264
   -7.5000    0.0000   15.000017200.2266   17.9765
    0.0000    0.0000   15.000017545.1738   17.9998
    7.5000    0.0000   15.000016230.6328   18.0403
   -7.5000    7.5000   15.000016254.1475   17.9817
    0.0000    7.5000   15.000016558.8789   18.0115
    7.5000    7.5000   15.000015378.0908   18.0447
   -7.5000   15.0000   15.000015359.4111   17.9779
    0.0000   15.0000   15.000015687.0850   18.0078
    7.5000   15.0000   15.000014534.3496   18.0387
   -7.5000   22.5000   15.000014310.4590   17.9608
    0.0000   22.5000   15.000014639.2061   17.9832
    7.5000   22.5000   15.000013574.0410   18.0182
   -7.5000   30.0000   15.000013188.4648   17.7300
    0.0000   30.0000   15.000013534.8330   17.7443
    7.5000   30.0000   15.000012556.2129   17.7855
   -7.5000   37.5000   15.000012553.4023   17.7342
    0.0000   37.5000   15.000012935.9961   17.7493
    7.5000   37.5000   15.000012014.3857   17.7937
   -7.5000   45.0000   15.000011481.4902   17.3614
    0.0000   45.0000   15.000011889.1045   17.3837
    7.5000   45.0000   15.000011053.1211   17.4225
   -7.5000  -45.0000   22.500010040.9023   18.2038
    0.0000  -45.0000   22.500010380.4629   18.2309
    7.5000  -45.0000   22.5000 9833.5830   18.2696
   -7.5000  -37.5000   22.500010763.9482   18.1084
    0.0000  -37.5000   22.500011089.9277   18.1403
    7.5000  -37.5000   22.500010464.3164   18.1706
   -7.5000  -30.0000   22.500011993.6279   18.0502
    0.0000  -30.0000   22.500012355.1816   18.0811
    7.5000  -30.0000   22.500011563.6172   18.1084
   -7.5000  -22.5000   22.500013416.9814   18.0175
    0.0000  -22.5000   22.500013914.1348   18.0418
    7.5000  -22.5000   22.500012792.0566   18.0741
   -7.5000  -15.0000   22.500014836.4521   18.0052
    0.0000  -15.0000   22.500015467.7598   18.0231
    7.5000  -15.0000   22.500013984.3320   18.0627
   -7.5000   -7.5000   22.500015916.4463   18.0087
    0.0000   -7.5000   22.500016413.8594   18.0283
    7.5000   -7.5000   22.500014886.3965   18.0711
   -7.5000    0.0000   22.500016342.7891   18.0220
    0.0000    0.0000   22.500016672.2715   18.0490
    7.5000    0.0000   22.500015266.4502   18.0870
   -7.5000    7.5000   22.500015455.6406   18.0321
    0.0000    7.5000   22.500015799.5908   18.0640
    7.5000    7.5000   22.500014508.9521   18.0938
   -7.5000   15.0000   22.500014506.5537   18.0300
    0.0000   15.0000   22.500014872.4824   18.0608
    7.5000   15.0000   22.500013720.3477   18.0880
   -7.5000   22.5000   22.500013454.0371   18.0081
    0.0000   22.5000   22.500013834.1650   18.0324
    7.5000   22.5000   22.500012815.8281   18.0646
   -7.5000   30.0000   22.500012393.5498   17.7722
    0.0000   30.0000   22.500012762.5664   17.7899
    7.5000   30.0000   22.500011849.6445   17.8289
   -7.5000   37.5000   22.500011817.3027   17.7762
    0.0000   37.5000   22.500012203.1299   17.7955
    7.5000   37.5000   22.500011354.7461   17.8378
   -7.5000   45.0000   22.500010784.3223   17.4055
    0.0000   45.0000   22.500011166.6914   17.4316
    7.5000   45.0000   22.500010446.0117   17.4681
   -7.5000  -45.0000   30.0000 9486.4346   18.3028
    0.0000  -45.0000   30.0000 9755.5947   18.3288
    7.5000  -45.0000   30.0000 9144.5820   18.3699
   -7.5000  -37.5000   30.000010155.8955   18.2103
    0.0000  -37.5000   30.000010407.5000   18.2400
    7.5000  -37.5000   30.0000 9734.6777   18.2716
   -7.5000  -30.0000   30.000011236.3672   18.1540
    0.0000  -30.0000   30.000011506.1445   18.1821
    7.5000  -30.0000   30.000010728.9287   18.2096
   -7.5000  -22.5000   30.000012380.1426   18.1191
    0.0000  -22.5000   30.000012743.0625   18.1410
    7.5000  -22.5000   30.000011857.5586   18.1737
   -7.5000  -15.0000   30.000013433.7822   18.1041
    0.0000  -15.0000   30.000013908.3418   18.1204
    7.5000  -15.0000   30.000012914.7637   18.1611
   -7.5000   -7.5000   30.000014295.5361   18.1058
    0.0000   -7.5000   30.000014764.9814   18.1244
    7.5000   -7.5000   30.000013759.7451   18.1690
   -7.5000    0.0000   30.000014766.5410   18.1192
    0.0000    0.0000   30.000015216.2480   18.1451
    7.5000    0.0000   30.000014215.9941   18.1853
   -7.5000    7.5000   30.000014132.7861   18.1331
    0.0000    7.5000   30.000014577.7266   18.1628
    7.5000    7.5000   30.000013575.9062   18.1940
   -7.5000   15.0000   30.000013385.7148   18.1335
    0.0000   15.0000   30.000013805.1055   18.1617
    7.5000   15.0000   30.000012835.8662   18.1890
   -7.5000   22.5000   30.000012490.3496   18.1096
    0.0000   22.5000   30.000012859.4033   18.1316
    7.5000   22.5000   30.000011979.1904   18.1642
   -7.5000   30.0000   30.000011536.5518   17.8698
    0.0000   30.0000   30.000011893.0732   17.8859
    7.5000   30.0000   30.000011073.1660   17.9261
   -7.5000   37.5000   30.000010986.8965   17.8721
    0.0000   37.5000   30.000011369.3311   17.8904
    7.5000   37.5000   30.000010606.5732   17.9345
   -7.5000   45.0000   30.0000 9983.6738   17.4995
    0.0000   45.0000   30.000010359.2314   17.5247
    7.5000   45.0000   30.0000 9715.3506   17.5636
   -7.5000  -45.0000   37.5000 9071.1826   18.5420
    0.0000  -45.0000   37.5000 9353.6904   18.5625
    7.5000  -45.0000   37.5000 8779.6436   18.6082
   -7.5000  -37.5000   37.5000 9638.4863   18.4454
    0.0000  -37.5000   37.5000 9954.5850   18.4704
    7.5000  -37.5000   37.5000 9346.8311   18.5067
   -7.5000  -30.0000   37.500010617.9580   18.3872
    0.0000  -30.0000   37.500010993.4961   18.4111
    7.5000  -30.0000   37.500010315.9707   18.4432
   -7.5000  -22.5000   37.500011645.4463   18.3535
    0.0000  -22.5000   37.500012078.7520   18.3706
    7.5000  -22.5000   37.500011349.7725   18.4078
   -7.5000  -15.0000   37.500012577.6572   18.3403
    0.0000  -15.0000   37.500013069.1084   18.3515
    7.5000  -15.0000   37.500012290.5879   18.3970
   -7.5000   -7.5000   37.500013377.8252   18.3417
    0.0000   -7.5000   37.500013889.4424   18.3553
    7.5000   -7.5000   37.500013100.0967   18.4046
   -7.5000    0.0000   37.500013913.7529   18.3538
    0.0000    0.0000   37.500014400.0488   18.3745
    7.5000    0.0000   37.500013574.9639   18.4192
   -7.5000    7.5000   37.500013380.2021   18.3663
    0.0000    7.5000   37.500013845.5371   18.3914
    7.5000    7.5000   37.500013022.3096   18.4272
   -7.5000   15.0000   37.500012725.6113   18.3662
    0.0000   15.0000   37.500013148.3486   18.3901
    7.5000   15.0000   37.500012357.3262   18.4221
   -7.5000   22.5000   37.500011928.2637   18.3439
    0.0000   22.5000   37.500012305.4912   18.3611
    7.5000   22.5000   37.500011549.3867   18.3981
   -7.5000   30.0000   37.500011029.0537   18.1030
    0.0000   30.0000   37.500011400.2686   18.1140
    7.5000   30.0000   37.500010696.2949   18.1589
   -7.5000   37.5000   37.500010500.8818   18.1049
    0.0000   37.5000   37.500010885.1748   18.1183
    7.5000   37.5000   37.500010240.7656   18.1670
   -7.5000   45.0000   37.5000 9531.7139   17.7262
    0.0000   45.0000   37.5000 9896.9033   17.7463
    7.5000   45.0000   37.5000 9343.6719   17.7897
   -7.5000  -45.0000   45.0000 8172.3667   18.8653
    0.0000  -45.0000   45.0000 8497.2197   18.8820
    7.5000  -45.0000   45.0000 8023.8540   18.9333
   -7.5000  -37.5000   45.0000 8702.3271   18.7579
    0.0000  -37.5000   45.0000 9068.4365   18.7810
    7.5000  -37.5000   45.0000 8564.6934   18.8243
   -7.5000  -30.0000   45.0000 9581.6084   18.6944
    0.0000  -30.0000   45.000010018.6816   18.7178
    7.5000  -30.0000   45.0000 9467.1191   18.7579
   -7.5000  -22.5000   45.000010503.0615   18.6648
    0.0000  -22.5000   45.000010958.6475   18.6808
    7.5000  -22.5000   45.000010383.7168   18.7250
   -7.5000  -15.0000   45.000011331.3809   18.6576
    0.0000  -15.0000   45.000011789.8594   18.6661
    7.5000  -15.0000   45.000011198.4375   18.7176
   -7.5000   -7.5000   45.000012072.1533   18.6602
    0.0000   -7.5000   45.000012558.5781   18.6699
    7.5000   -7.5000   45.000011934.4053   18.7247
   -7.5000    0.0000   45.000012636.1221   18.6692
    0.0000    0.0000   45.000013114.2734   18.6862
    7.5000    0.0000   45.000012421.7520   18.7365
   -7.5000    7.5000   45.000012171.5059   18.6756
    0.0000    7.5000   45.000012608.7842   18.6988
    7.5000    7.5000   45.000011921.4961   18.7416
   -7.5000   15.0000   45.000011592.2939   18.6726
    0.0000   15.0000   45.000011976.4414   18.6960
    7.5000   15.0000   45.000011314.6357   18.7359
   -7.5000   22.5000   45.000010873.1592   18.6549
    0.0000   22.5000   45.000011230.6973   18.6710
    7.5000   22.5000   45.000010608.9785   18.7150
   -7.5000   30.0000   45.000010049.4707   18.4145
    0.0000   30.0000   45.000010399.8662   18.4229
    7.5000   30.0000   45.0000 9837.4062   18.4737
   -7.5000   37.5000   45.0000 9588.0830   18.4177
    0.0000   37.5000   45.0000 9943.6211   18.4273
    7.5000   37.5000   45.0000 9412.5029   18.4814
   -7.5000   45.0000   45.0000 8708.9033   18.0387
    0.0000   45.0000   45.0000 9037.7354   18.0550
    7.5000   45.0000   45.0000 8586.6719   18.1036

---------------------------------------------------------------------
imgreg_4dfp /opt/freesurfer/average/711-2C_as_mni_average_305 /opt/freesurfer/average/711-2B_as_mni_average_305_mask talsrcimg_g11 none talsrcimg_to_711-2C_as_mni_average_305_t4 4355
---------------------------------------------------------------------

freesurfer imgreg_4dfp.c
/opt/freesurfer/average/711-2C_as_mni_average_305.4dfp.img
       256       256       256         1
  1.000000  1.000000  1.000000
orientation T byte_order littleendian
Reading image: /opt/freesurfer/average/711-2C_as_mni_average_305.4dfp.img
dimensions:      256       256       256
mmppix:       1.0000   -1.0000   -1.0000
center:     128.0000 -129.0000 -129.0000
/opt/freesurfer/average/711-2B_as_mni_average_305_mask.4dfp.img
       256       256       256         1
  1.000000  1.000000  1.000000
orientation T byte_order littleendian
Reading mask: /opt/freesurfer/average/711-2B_as_mni_average_305_mask.4dfp.img (2306576 pixels)
talsrcimg_g11.4dfp.img
       256       256       256         1
  1.000000  1.000000  1.000000
orientation T byte_order littleendian
Reading image: talsrcimg_g11.4dfp.img
dimensions:      256       256       256
mmppix:       1.0000   -1.0000   -1.0000
center:     128.0000 -129.0000 -129.0000
rotation matrix determinant  1.000000
image alignment mode   4355 decimal     1103 hex
   -7.5000  -45.0000  -45.0000 2232.1680   21.4443
    0.0000  -45.0000  -45.0000 2235.0698   21.4058
    7.5000  -45.0000  -45.0000 2221.0867   21.4542
   -7.5000  -37.5000  -45.0000 2289.3367   20.1438
    0.0000  -37.5000  -45.0000 2290.1040   20.0981
    7.5000  -37.5000  -45.0000 2274.8950   20.1690
   -7.5000  -30.0000  -45.0000 2318.3506   19.2711
    0.0000  -30.0000  -45.0000 2325.1816   19.2530
    7.5000  -30.0000  -45.0000 2308.8813   19.3456
   -7.5000  -22.5000  -45.0000 2346.8486   18.8589
    0.0000  -22.5000  -45.0000 2355.2327   18.8415
    7.5000  -22.5000  -45.0000 2341.0601   18.9328
   -7.5000  -15.0000  -45.0000 2357.8020   18.6556
    0.0000  -15.0000  -45.0000 2364.4141   18.5604
    7.5000  -15.0000  -45.0000 2356.4487   18.6746
   -7.5000   -7.5000  -45.0000 2358.6938   18.5331
    0.0000   -7.5000  -45.0000 2368.4297   18.4343
    7.5000   -7.5000  -45.0000 2356.6028   18.5191
   -7.5000    0.0000  -45.0000 2355.9414   18.6803
    0.0000    0.0000  -45.0000 2364.8621   18.5714
    7.5000    0.0000  -45.0000 2344.0217   18.6742
   -7.5000    7.5000  -45.0000 2336.5259   19.0246
    0.0000    7.5000  -45.0000 2345.7390   18.9285
    7.5000    7.5000  -45.0000 2326.2605   18.9842
   -7.5000   15.0000  -45.0000 2308.1157   19.6317
    0.0000   15.0000  -45.0000 2318.1882   19.5114
    7.5000   15.0000  -45.0000 2288.3157   19.5681
   -7.5000   22.5000  -45.0000 2262.5024   20.4808
    0.0000   22.5000  -45.0000 2264.2578   20.3398
    7.5000   22.5000  -45.0000 2238.8289   20.4023
   -7.5000   30.0000  -45.0000 2194.2542   21.7334
    0.0000   30.0000  -45.0000 2190.5513   21.4789
    7.5000   30.0000  -45.0000 2173.3250   21.5847
   -7.5000   37.5000  -45.0000 2107.1758   23.4455
    0.0000   37.5000  -45.0000 2108.5959   23.1129
    7.5000   37.5000  -45.0000 2097.1365   23.2992
   -7.5000   45.0000  -45.0000 2015.2456   25.7241
    0.0000   45.0000  -45.0000 2015.5183   25.4016
    7.5000   45.0000  -45.0000 2003.0151   25.6278
   -7.5000  -45.0000  -37.5000 2310.2617   20.0886
    0.0000  -45.0000  -37.5000 2314.2246   20.1148
    7.5000  -45.0000  -37.5000 2302.4807   20.0209
   -7.5000  -37.5000  -37.5000 2372.7332   18.7865
    0.0000  -37.5000  -37.5000 2372.7141   18.8257
    7.5000  -37.5000  -37.5000 2357.9006   18.7889
   -7.5000  -30.0000  -37.5000 2414.2942   17.9287
    0.0000  -30.0000  -37.5000 2409.5161   17.9582
    7.5000  -30.0000  -37.5000 2393.1545   18.0000
   -7.5000  -22.5000  -37.5000 2431.0537   17.4543
    0.0000  -22.5000  -37.5000 2435.5754   17.4446
    7.5000  -22.5000  -37.5000 2417.2925   17.4940
   -7.5000  -15.0000  -37.5000 2440.2947   17.1759
    0.0000  -15.0000  -37.5000 2447.5886   17.1253
    7.5000  -15.0000  -37.5000 2433.0747   17.2073
   -7.5000   -7.5000  -37.5000 2448.6057   17.0087
    0.0000   -7.5000  -37.5000 2454.6021   16.9271
    7.5000   -7.5000  -37.5000 2440.1741   17.0410
   -7.5000    0.0000  -37.5000 2446.8362   17.1558
    0.0000    0.0000  -37.5000 2457.0522   17.0718
    7.5000    0.0000  -37.5000 2438.5701   17.1906
   -7.5000    7.5000  -37.5000 2431.7595   17.4661
    0.0000    7.5000  -37.5000 2440.8755   17.3912
    7.5000    7.5000  -37.5000 2423.9468   17.4701
   -7.5000   15.0000  -37.5000 2400.6514   18.0466
    0.0000   15.0000  -37.5000 2411.7190   17.9333
    7.5000   15.0000  -37.5000 2386.1201   17.9938
   -7.5000   22.5000  -37.5000 2358.3135   18.8557
    0.0000   22.5000  -37.5000 2359.3176   18.6970
    7.5000   22.5000  -37.5000 2334.1577   18.7575
   -7.5000   30.0000  -37.5000 2287.9888   20.0127
    0.0000   30.0000  -37.5000 2288.1646   19.8143
    7.5000   30.0000  -37.5000 2265.3157   19.8932
   -7.5000   37.5000  -37.5000 2203.4529   21.6068
    0.0000   37.5000  -37.5000 2205.2258   21.3905
    7.5000   37.5000  -37.5000 2187.9968   21.4997
   -7.5000   45.0000  -37.5000 2103.4463   23.7070
    0.0000   45.0000  -37.5000 2103.1687   23.4794
    7.5000   45.0000  -37.5000 2090.6707   23.6177
   -7.5000  -45.0000  -30.0000 2425.1721   19.6345
    0.0000  -45.0000  -30.0000 2429.6064   19.6019
    7.5000  -45.0000  -30.0000 2418.2153   19.4688
   -7.5000  -37.5000  -30.0000 2492.9739   18.2670
    0.0000  -37.5000  -30.0000 2491.7170   18.2847
    7.5000  -37.5000  -30.0000 2476.3647   18.1877
   -7.5000  -30.0000  -30.0000 2536.3447   17.3282
    0.0000  -30.0000  -30.0000 2533.5369   17.3312
    7.5000  -30.0000  -30.0000 2516.8511   17.3206
   -7.5000  -22.5000  -30.0000 2558.2849   16.7521
    0.0000  -22.5000  -30.0000 2563.4136   16.7625
    7.5000  -22.5000  -30.0000 2545.2424   16.8041
   -7.5000  -15.0000  -30.0000 2576.9431   16.4546
    0.0000  -15.0000  -30.0000 2584.3040   16.4349
    7.5000  -15.0000  -30.0000 2568.4822   16.4996
   -7.5000   -7.5000  -30.0000 2583.8071   16.2978
    0.0000   -7.5000  -30.0000 2589.9856   16.2513
    7.5000   -7.5000  -30.0000 2572.5640   16.3571
   -7.5000    0.0000  -30.0000 2590.1050   16.4356
    0.0000    0.0000  -30.0000 2595.5403   16.3035
    7.5000    0.0000  -30.0000 2574.0366   16.4520
   -7.5000    7.5000  -30.0000 2573.6934   16.7368
    0.0000    7.5000  -30.0000 2584.1294   16.6225
    7.5000    7.5000  -30.0000 2553.0571   16.7077
   -7.5000   15.0000  -30.0000 2544.1616   17.3040
    0.0000   15.0000  -30.0000 2546.9424   17.1610
    7.5000   15.0000  -30.0000 2512.3894   17.1870
   -7.5000   22.5000  -30.0000 2500.2083   18.0805
    0.0000   22.5000  -30.0000 2497.7136   17.8928
    7.5000   22.5000  -30.0000 2467.1895   17.9206
   -7.5000   30.0000  -30.0000 2427.0693   19.1174
    0.0000   30.0000  -30.0000 2425.8896   18.9588
    7.5000   30.0000  -30.0000 2396.7087   19.0513
   -7.5000   37.5000  -30.0000 2329.0254   20.6081
    0.0000   37.5000  -30.0000 2340.1255   20.4725
    7.5000   37.5000  -30.0000 2314.5684   20.5837
   -7.5000   45.0000  -30.0000 2223.7224   22.6073
    0.0000   45.0000  -30.0000 2233.2615   22.5285
    7.5000   45.0000  -30.0000 2209.8291   22.6119
   -7.5000  -45.0000  -22.5000 2512.6882   19.0384
    0.0000  -45.0000  -22.5000 2516.4441   18.9687
    7.5000  -45.0000  -22.5000 2499.3430   18.8500
   -7.5000  -37.5000  -22.5000 2585.3630   17.7011
    0.0000  -37.5000  -22.5000 2585.0564   17.6309
    7.5000  -37.5000  -22.5000 2569.4766   17.5566
   -7.5000  -30.0000  -22.5000 2635.8423   16.7121
    0.0000  -30.0000  -22.5000 2637.6240   16.6911
    7.5000  -30.0000  -22.5000 2622.3733   16.6546
   -7.5000  -22.5000  -22.5000 2668.7292   16.0473
    0.0000  -22.5000  -22.5000 2670.9485   16.0325
    7.5000  -22.5000  -22.5000 2653.8823   16.0729
   -7.5000  -15.0000  -22.5000 2692.4392   15.6635
    0.0000  -15.0000  -22.5000 2692.4644   15.6701
    7.5000  -15.0000  -22.5000 2674.9785   15.7414
   -7.5000   -7.5000  -22.5000 2699.9504   15.5260
    0.0000   -7.5000  -22.5000 2700.3948   15.5068
    7.5000   -7.5000  -22.5000 2685.2971   15.6228
   -7.5000    0.0000  -22.5000 2706.0417   15.6758
    0.0000    0.0000  -22.5000 2701.6384   15.5680
    7.5000    0.0000  -22.5000 2683.2544   15.6873
   -7.5000    7.5000  -22.5000 2686.7461   15.9585
    0.0000    7.5000  -22.5000 2691.6929   15.8163
    7.5000    7.5000  -22.5000 2661.7268   15.9139
   -7.5000   15.0000  -22.5000 2659.1870   16.4833
    0.0000   15.0000  -22.5000 2652.8833   16.2935
    7.5000   15.0000  -22.5000 2628.6648   16.3687
   -7.5000   22.5000  -22.5000 2612.2246   17.1852
    0.0000   22.5000  -22.5000 2608.2251   16.9942
    7.5000   22.5000  -22.5000 2580.6060   17.1139
   -7.5000   30.0000  -22.5000 2538.3540   18.2089
    0.0000   30.0000  -22.5000 2538.3147   18.0325
    7.5000   30.0000  -22.5000 2512.6575   18.1823
   -7.5000   37.5000  -22.5000 2448.0740   19.6412
    0.0000   37.5000  -22.5000 2450.2764   19.4776
    7.5000   37.5000  -22.5000 2425.6841   19.6402
   -7.5000   45.0000  -22.5000 2327.3201   21.5256
    0.0000   45.0000  -22.5000 2335.2053   21.4073
    7.5000   45.0000  -22.5000 2310.4041   21.5844
   -7.5000  -45.0000  -15.0000 2556.6001   18.5251
    0.0000  -45.0000  -15.0000 2565.9648   18.3588
    7.5000  -45.0000  -15.0000 2552.1189   18.2922
   -7.5000  -37.5000  -15.0000 2639.8291   17.1901
    0.0000  -37.5000  -15.0000 2642.1887   17.0493
    7.5000  -37.5000  -15.0000 2629.4502   16.9960
   -7.5000  -30.0000  -15.0000 2701.4270   16.1434
    0.0000  -30.0000  -15.0000 2701.9731   16.0741
    7.5000  -30.0000  -15.0000 2690.9280   16.0243
   -7.5000  -22.5000  -15.0000 2744.6567   15.4356
    0.0000  -22.5000  -15.0000 2746.0383   15.3818
    7.5000  -22.5000  -15.0000 2732.1101   15.4061
   -7.5000  -15.0000  -15.0000 2764.2944   14.9696
    0.0000  -15.0000  -15.0000 2767.7617   14.9787
    7.5000  -15.0000  -15.0000 2755.3530   15.0892
   -7.5000   -7.5000  -15.0000 2776.9148   14.8037
    0.0000   -7.5000  -15.0000 2777.9341   14.7680
    7.5000   -7.5000  -15.0000 2762.0652   14.9499
   -7.5000    0.0000  -15.0000 2784.1064   14.9496
    0.0000    0.0000  -15.0000 2779.4470   14.8514
    7.5000    0.0000  -15.0000 2757.9353   15.0010
   -7.5000    7.5000  -15.0000 2771.3135   15.2357
    0.0000    7.5000  -15.0000 2765.6396   15.0559
    7.5000    7.5000  -15.0000 2741.2283   15.1923
   -7.5000   15.0000  -15.0000 2738.7913   15.6783
    0.0000   15.0000  -15.0000 2730.8870   15.4912
    7.5000   15.0000  -15.0000 2713.6436   15.6221
   -7.5000   22.5000  -15.0000 2689.1143   16.3644
    0.0000   22.5000  -15.0000 2682.4250   16.1597
    7.5000   22.5000  -15.0000 2664.2375   16.3584
   -7.5000   30.0000  -15.0000 2616.0166   17.3759
    0.0000   30.0000  -15.0000 2613.2234   17.1622
    7.5000   30.0000  -15.0000 2592.0747   17.3688
   -7.5000   37.5000  -15.0000 2526.1694   18.7658
    0.0000   37.5000  -15.0000 2527.5750   18.5852
    7.5000   37.5000  -15.0000 2500.7415   18.7988
   -7.5000   45.0000  -15.0000 2410.8811   20.5877
    0.0000   45.0000  -15.0000 2411.6287   20.4585
    7.5000   45.0000  -15.0000 2379.9058   20.6496
   -7.5000  -45.0000   -7.5000 2576.0642   18.0825
    0.0000  -45.0000   -7.5000 2588.9880   17.8757
    7.5000  -45.0000   -7.5000 2584.7915   17.8031
   -7.5000  -37.5000   -7.5000 2670.7637   16.7133
    0.0000  -37.5000   -7.5000 2673.5374   16.5357
    7.5000  -37.5000   -7.5000 2669.0974   16.5123
   -7.5000  -30.0000   -7.5000 2743.1821   15.6491
    0.0000  -30.0000   -7.5000 2743.1033   15.5195
    7.5000  -30.0000   -7.5000 2736.7314   15.5110
   -7.5000  -22.5000   -7.5000 2793.2322   14.9200
    0.0000  -22.5000   -7.5000 2795.2046   14.8295
    7.5000  -22.5000   -7.5000 2784.6191   14.8750
   -7.5000  -15.0000   -7.5000 2818.4888   14.4331
    0.0000  -15.0000   -7.5000 2826.1560   14.4053
    7.5000  -15.0000   -7.5000 2814.4077   14.5424
   -7.5000   -7.5000   -7.5000 2833.7642   14.2076
    0.0000   -7.5000   -7.5000 2831.8665   14.1569
    7.5000   -7.5000   -7.5000 2819.4302   14.3868
   -7.5000    0.0000   -7.5000 2839.7124   14.2911
    0.0000    0.0000   -7.5000 2829.0510   14.1678
    7.5000    0.0000   -7.5000 2811.6711   14.3742
   -7.5000    7.5000   -7.5000 2822.1575   14.5457
    0.0000    7.5000   -7.5000 2814.4629   14.3555
    7.5000    7.5000   -7.5000 2804.0447   14.5383
   -7.5000   15.0000   -7.5000 2792.9990   14.9375
    0.0000   15.0000   -7.5000 2786.1445   14.7350
    7.5000   15.0000   -7.5000 2782.2529   14.9628
   -7.5000   22.5000   -7.5000 2748.9417   15.6335
    0.0000   22.5000   -7.5000 2740.6589   15.4108
    7.5000   22.5000   -7.5000 2733.0911   15.7015
   -7.5000   30.0000   -7.5000 2671.7327   16.6692
    0.0000   30.0000   -7.5000 2667.3496   16.4624
    7.5000   30.0000   -7.5000 2653.2861   16.7671
   -7.5000   37.5000   -7.5000 2578.5044   18.0369
    0.0000   37.5000   -7.5000 2577.1799   17.8637
    7.5000   37.5000   -7.5000 2557.5115   18.1599
   -7.5000   45.0000   -7.5000 2458.8347   19.7948
    0.0000   45.0000   -7.5000 2457.8718   19.6685
    7.5000   45.0000   -7.5000 2438.4668   19.9280
   -7.5000  -45.0000    0.0000 2568.8342   17.8264
    0.0000  -45.0000    0.0000 2580.5166   17.5653
    7.5000  -45.0000    0.0000 2588.6099   17.6015
   -7.5000  -37.5000    0.0000 2672.1672   16.4238
    0.0000  -37.5000    0.0000 2676.6777   16.2385
    7.5000  -37.5000    0.0000 2684.6758   16.2825
   -7.5000  -30.0000    0.0000 2751.8296   15.3533
    0.0000  -30.0000    0.0000 2759.1902   15.2101
    7.5000  -30.0000    0.0000 2763.5803   15.2721
   -7.5000  -22.5000    0.0000 2815.3855   14.6338
    0.0000  -22.5000    0.0000 2821.7266   14.5122
    7.5000  -22.5000    0.0000 2821.3049   14.6141
   -7.5000  -15.0000    0.0000 2849.8125   14.1530
    0.0000  -15.0000    0.0000 2862.5684   14.1192
    7.5000  -15.0000    0.0000 2852.3647   14.2441
   -7.5000   -7.5000    0.0000 2869.8188   13.9015
    0.0000   -7.5000    0.0000 2866.8665   13.8166
    7.5000   -7.5000    0.0000 2859.3296   14.0616
   -7.5000    0.0000    0.0000 2864.0754   13.8055
    0.0000    0.0000    0.0000 2846.7502   13.6464
    7.5000    0.0000    0.0000 2841.9771   13.9588
   -7.5000    7.5000    0.0000 2840.8210   14.0027
    0.0000    7.5000    0.0000 2827.9275   13.7785
    7.5000    7.5000    0.0000 2838.1790   14.1181
   -7.5000   15.0000    0.0000 2820.6582   14.4279
    0.0000   15.0000    0.0000 2811.4292   14.1943
    7.5000   15.0000    0.0000 2818.3347   14.5939
   -7.5000   22.5000    0.0000 2779.6633   15.1569
    0.0000   22.5000    0.0000 2769.3240   14.9590
    7.5000   22.5000    0.0000 2773.8784   15.3554
   -7.5000   30.0000    0.0000 2702.2388   16.2070
    0.0000   30.0000    0.0000 2693.6853   16.0377
    7.5000   30.0000    0.0000 2696.6335   16.4318
   -7.5000   37.5000    0.0000 2603.3013   17.5350
    0.0000   37.5000    0.0000 2603.4958   17.3902
    7.5000   37.5000    0.0000 2601.2646   17.7927
   -7.5000   45.0000    0.0000 2482.3066   19.2441
    0.0000   45.0000    0.0000 2482.6096   19.1470
    7.5000   45.0000    0.0000 2476.8206   19.5118
   -7.5000  -45.0000    7.5000 2548.1184   17.7712
    0.0000  -45.0000    7.5000 2559.1997   17.4730
    7.5000  -45.0000    7.5000 2570.4187   17.6231
   -7.5000  -37.5000    7.5000 2648.8413   16.3329
    0.0000  -37.5000    7.5000 2659.9075   16.1250
    7.5000  -37.5000    7.5000 2677.4541   16.2501
   -7.5000  -30.0000    7.5000 2735.3464   15.2939
    0.0000  -30.0000    7.5000 2745.2673   15.1265
    7.5000  -30.0000    7.5000 2763.2200   15.2344
   -7.5000  -22.5000    7.5000 2814.2000   14.6258
    0.0000  -22.5000    7.5000 2819.1780   14.5059
    7.5000  -22.5000    7.5000 2835.7351   14.5786
   -7.5000  -15.0000    7.5000 2867.2478   14.2240
    0.0000  -15.0000    7.5000 2886.0654   14.1867
    7.5000  -15.0000    7.5000 2881.0569   14.2044
   -7.5000   -7.5000    7.5000 2897.0374   13.8742
    0.0000   -7.5000    7.5000 2897.2468   13.8076
    7.5000   -7.5000    7.5000 2886.9919   13.9691
   -7.5000    0.0000    7.5000 2868.2878   13.4935
    0.0000    0.0000    7.5000 2847.3108   13.3786
    7.5000    0.0000    7.5000 2856.7271   13.8219
   -7.5000    7.5000    7.5000 2845.9949   13.6503
    0.0000    7.5000    7.5000 2823.8655   13.4895
    7.5000    7.5000    7.5000 2845.3303   13.9766
   -7.5000   15.0000    7.5000 2833.4541   14.2312
    0.0000   15.0000    7.5000 2821.0618   14.0405
    7.5000   15.0000    7.5000 2827.4932   14.4350
   -7.5000   22.5000    7.5000 2799.7703   15.0537
    0.0000   22.5000    7.5000 2782.9363   14.8433
    7.5000   22.5000    7.5000 2784.7449   15.1732
   -7.5000   30.0000    7.5000 2727.5383   16.1555
    0.0000   30.0000    7.5000 2710.9587   15.9167
    7.5000   30.0000    7.5000 2708.8267   16.2265
   -7.5000   37.5000    7.5000 2626.7810   17.4837
    0.0000   37.5000    7.5000 2619.5811   17.2784
    7.5000   37.5000    7.5000 2613.1396   17.5727
   -7.5000   45.0000    7.5000 2506.7002   19.1505
    0.0000   45.0000    7.5000 2506.9661   19.0208
    7.5000   45.0000    7.5000 2493.3103   19.2834
   -7.5000  -45.0000   15.0000 2502.6946   17.9568
    0.0000  -45.0000   15.0000 2525.5435   17.7452
    7.5000  -45.0000   15.0000 2540.8857   17.9462
   -7.5000  -37.5000   15.0000 2599.5911   16.4667
    0.0000  -37.5000   15.0000 2622.0132   16.3661
    7.5000  -37.5000   15.0000 2652.0952   16.5550
   -7.5000  -30.0000   15.0000 2698.6155   15.4857
    0.0000  -30.0000   15.0000 2717.7817   15.4096
    7.5000  -30.0000   15.0000 2750.2852   15.5445
   -7.5000  -22.5000   15.0000 2796.7939   14.9109
    0.0000  -22.5000   15.0000 2818.8621   14.8676
    7.5000  -22.5000   15.0000 2835.3191   14.8389
   -7.5000  -15.0000   15.0000 2875.1931   14.6246
    0.0000  -15.0000   15.0000 2904.6008   14.6239
    7.5000  -15.0000   15.0000 2882.9688   14.3882
   -7.5000   -7.5000   15.0000 2909.9661   14.2453
    0.0000   -7.5000   15.0000 2918.8604   14.1977
    7.5000   -7.5000   15.0000 2889.1538   14.1020
   -7.5000    0.0000   15.0000 2870.5496   13.7539
    0.0000    0.0000   15.0000 2858.6558   13.6158
    7.5000    0.0000   15.0000 2856.5200   13.8857
   -7.5000    7.5000   15.0000 2844.7634   13.7856
    0.0000    7.5000   15.0000 2837.1682   13.6620
    7.5000    7.5000   15.0000 2839.1853   14.0287
   -7.5000   15.0000   15.0000 2825.8506   14.3035
    0.0000   15.0000   15.0000 2822.8533   14.1979
    7.5000   15.0000   15.0000 2814.6824   14.4712
   -7.5000   22.5000   15.0000 2794.3076   15.1561
    0.0000   22.5000   15.0000 2783.9417   15.0119
    7.5000   22.5000   15.0000 2771.3682   15.2246
   -7.5000   30.0000   15.0000 2727.5322   16.2709
    0.0000   30.0000   15.0000 2715.9407   16.0982
    7.5000   30.0000   15.0000 2698.4788   16.2783
   -7.5000   37.5000   15.0000 2631.3557   17.6382
    0.0000   37.5000   15.0000 2626.1824   17.4993
    7.5000   37.5000   15.0000 2601.7881   17.6541
   -7.5000   45.0000   15.0000 2517.0342   19.3492
    0.0000   45.0000   15.0000 2515.2664   19.2311
    7.5000   45.0000   15.0000 2484.1602   19.3597
   -7.5000  -45.0000   22.5000 2455.7554   18.5562
    0.0000  -45.0000   22.5000 2492.2183   18.4034
    7.5000  -45.0000   22.5000 2525.7378   18.6485
   -7.5000  -37.5000   22.5000 2572.7539   17.1923
    0.0000  -37.5000   22.5000 2603.9053   17.0764
    7.5000  -37.5000   22.5000 2638.1172   17.2165
   -7.5000  -30.0000   22.5000 2695.4617   16.2844
    0.0000  -30.0000   22.5000 2715.3376   16.1684
    7.5000  -30.0000   22.5000 2729.9084   16.1655
   -7.5000  -22.5000   22.5000 2805.7114   15.6661
    0.0000  -22.5000   22.5000 2818.7200   15.6145
    7.5000  -22.5000   22.5000 2807.7817   15.4095
   -7.5000  -15.0000   22.5000 2880.7305   15.2294
    0.0000  -15.0000   22.5000 2896.0198   15.2503
    7.5000  -15.0000   22.5000 2857.3811   14.9139
   -7.5000   -7.5000   22.5000 2903.0757   14.7909
    0.0000   -7.5000   22.5000 2913.2776   14.7298
    7.5000   -7.5000   22.5000 2870.7776   14.5651
   -7.5000    0.0000   22.5000 2878.6021   14.4235
    0.0000    0.0000   22.5000 2873.8362   14.2294
    7.5000    0.0000   22.5000 2846.3992   14.3028
   -7.5000    7.5000   22.5000 2854.2087   14.4659
    0.0000    7.5000   22.5000 2850.5344   14.3139
    7.5000    7.5000   22.5000 2826.5251   14.4343
   -7.5000   15.0000   22.5000 2814.2642   14.8872
    0.0000   15.0000   22.5000 2811.3794   14.7736
    7.5000   15.0000   22.5000 2797.4763   14.8995
   -7.5000   22.5000   22.5000 2765.0552   15.6067
    0.0000   22.5000   22.5000 2759.6821   15.4652
    7.5000   22.5000   22.5000 2750.7581   15.6241
   -7.5000   30.0000   22.5000 2697.7642   16.5910
    0.0000   30.0000   22.5000 2688.2202   16.4343
    7.5000   30.0000   22.5000 2676.0500   16.6073
   -7.5000   37.5000   22.5000 2607.3625   17.8954
    0.0000   37.5000   22.5000 2602.8901   17.7462
    7.5000   37.5000   22.5000 2587.0093   17.9612
   -7.5000   45.0000   22.5000 2488.6262   19.6064
    0.0000   45.0000   22.5000 2486.8843   19.4762
    7.5000   45.0000   22.5000 2469.5305   19.6852
   -7.5000  -45.0000   30.0000 2446.0449   19.7870
    0.0000  -45.0000   30.0000 2468.1724   19.5746
    7.5000  -45.0000   30.0000 2487.9644   19.6792
   -7.5000  -37.5000   30.0000 2567.2136   18.3411
    0.0000  -37.5000   30.0000 2579.1257   18.1166
    7.5000  -37.5000   30.0000 2595.8447   18.1589
   -7.5000  -30.0000   30.0000 2680.1440   17.2710
    0.0000  -30.0000   30.0000 2687.0308   17.0861
    7.5000  -30.0000   30.0000 2687.4807   17.0081
   -7.5000  -22.5000   30.0000 2768.0437   16.4002
    0.0000  -22.5000   30.0000 2779.0332   16.3046
    7.5000  -22.5000   30.0000 2768.3137   16.1610
   -7.5000  -15.0000   30.0000 2831.3887   15.7347
    0.0000  -15.0000   30.0000 2844.8752   15.6821
    7.5000  -15.0000   30.0000 2821.4956   15.5916
   -7.5000   -7.5000   30.0000 2851.3831   15.2239
    0.0000   -7.5000   30.0000 2862.6138   15.1376
    7.5000   -7.5000   30.0000 2838.3103   15.2023
   -7.5000    0.0000   30.0000 2842.3450   14.9847
    0.0000    0.0000   30.0000 2849.5410   14.8330
    7.5000    0.0000   30.0000 2828.0837   14.9600
   -7.5000    7.5000   30.0000 2826.5984   15.1603
    0.0000    7.5000   30.0000 2830.1179   14.9978
    7.5000    7.5000   30.0000 2806.1296   15.1130
   -7.5000   15.0000   30.0000 2784.8613   15.6380
    0.0000   15.0000   30.0000 2788.8721   15.4869
    7.5000   15.0000   30.0000 2771.6226   15.5804
   -7.5000   22.5000   30.0000 2727.5354   16.3591
    0.0000   22.5000   30.0000 2726.5859   16.1935
    7.5000   22.5000   30.0000 2719.9297   16.2916
   -7.5000   30.0000   30.0000 2654.5835   17.2956
    0.0000   30.0000   30.0000 2649.3164   17.1212
    7.5000   30.0000   30.0000 2639.3794   17.2441
   -7.5000   37.5000   30.0000 2558.3242   18.5200
    0.0000   37.5000   30.0000 2561.4360   18.3289
    7.5000   37.5000   30.0000 2549.9587   18.4942
   -7.5000   45.0000   30.0000 2435.4900   20.1219
    0.0000   45.0000   30.0000 2436.9937   19.9692
    7.5000   45.0000   30.0000 2427.6655   20.1526
   -7.5000  -45.0000   37.5000 2417.2231   21.0748
    0.0000  -45.0000   37.5000 2433.1716   20.9147
    7.5000  -45.0000   37.5000 2441.3220   21.0011
   -7.5000  -37.5000   37.5000 2525.2905   19.4185
    0.0000  -37.5000   37.5000 2542.2312   19.2676
    7.5000  -37.5000   37.5000 2547.0017   19.3436
   -7.5000  -30.0000   37.5000 2627.3394   18.1370
    0.0000  -30.0000   37.5000 2647.1394   18.0531
    7.5000  -30.0000   37.5000 2639.9910   18.0708
   -7.5000  -22.5000   37.5000 2710.5427   17.1642
    0.0000  -22.5000   37.5000 2727.9312   17.0817
    7.5000  -22.5000   37.5000 2718.5051   17.1278
   -7.5000  -15.0000   37.5000 2767.0134   16.4122
    0.0000  -15.0000   37.5000 2781.4023   16.3621
    7.5000  -15.0000   37.5000 2763.5259   16.4440
   -7.5000   -7.5000   37.5000 2789.8333   15.8983
    0.0000   -7.5000   37.5000 2804.1086   15.8289
    7.5000   -7.5000   37.5000 2782.0881   16.0165
   -7.5000    0.0000   37.5000 2788.5808   15.7675
    0.0000    0.0000   37.5000 2795.9094   15.6138
    7.5000    0.0000   37.5000 2777.2559   15.8092
   -7.5000    7.5000   37.5000 2770.2705   15.9811
    0.0000    7.5000   37.5000 2779.2861   15.7995
    7.5000    7.5000   37.5000 2755.6384   15.9417
   -7.5000   15.0000   37.5000 2735.4395   16.4526
    0.0000   15.0000   37.5000 2741.7961   16.2920
    7.5000   15.0000   37.5000 2727.4944   16.4265
   -7.5000   22.5000   37.5000 2682.5012   17.1941
    0.0000   22.5000   37.5000 2682.8538   17.0298
    7.5000   22.5000   37.5000 2670.8511   17.1601
   -7.5000   30.0000   37.5000 2604.2773   18.1609
    0.0000   30.0000   37.5000 2607.5615   18.0270
    7.5000   30.0000   37.5000 2595.2498   18.1216
   -7.5000   37.5000   37.5000 2503.2542   19.4128
    0.0000   37.5000   37.5000 2509.9167   19.2676
    7.5000   37.5000   37.5000 2503.9155   19.3836
   -7.5000   45.0000   37.5000 2375.5464   20.9442
    0.0000   45.0000   37.5000 2380.7979   20.8390
    7.5000   45.0000   37.5000 2374.7266   20.9896
   -7.5000  -45.0000   45.0000 2363.1926   22.3277
    0.0000  -45.0000   45.0000 2387.3386   22.3128
    7.5000  -45.0000   45.0000 2387.0513   22.5427
   -7.5000  -37.5000   45.0000 2467.0627   20.5074
    0.0000  -37.5000   45.0000 2492.9143   20.5455
    7.5000  -37.5000   45.0000 2491.0142   20.7785
   -7.5000  -30.0000   45.0000 2559.9814   19.1293
    0.0000  -30.0000   45.0000 2583.6387   19.1549
    7.5000  -30.0000   45.0000 2586.9224   19.3669
   -7.5000  -22.5000   45.0000 2634.6299   18.0995
    0.0000  -22.5000   45.0000 2654.5562   18.0615
    7.5000  -22.5000   45.0000 2655.9272   18.3369
   -7.5000  -15.0000   45.0000 2689.7332   17.3264
    0.0000  -15.0000   45.0000 2702.1001   17.2927
    7.5000  -15.0000   45.0000 2695.2451   17.5506
   -7.5000   -7.5000   45.0000 2714.2261   16.8474
    0.0000   -7.5000   45.0000 2727.7532   16.8067
    7.5000   -7.5000   45.0000 2712.0950   17.0774
   -7.5000    0.0000   45.0000 2719.3372   16.7936
    0.0000    0.0000   45.0000 2726.8196   16.6841
    7.5000    0.0000   45.0000 2712.3154   16.8949
   -7.5000    7.5000   45.0000 2697.1536   17.0082
    0.0000    7.5000   45.0000 2707.3770   16.8487
    7.5000    7.5000   45.0000 2690.9167   16.9929
   -7.5000   15.0000   45.0000 2668.6104   17.4418
    0.0000   15.0000   45.0000 2674.4626   17.2516
    7.5000   15.0000   45.0000 2666.9465   17.4037
   -7.5000   22.5000   45.0000 2619.6689   18.1499
    0.0000   22.5000   45.0000 2623.9248   17.9566
    7.5000   22.5000   45.0000 2615.4629   18.1418
   -7.5000   30.0000   45.0000 2538.4436   19.1346
    0.0000   30.0000   45.0000 2543.8074   18.9875
    7.5000   30.0000   45.0000 2539.3289   19.1550
   -7.5000   37.5000   45.0000 2438.3923   20.5268
    0.0000   37.5000   45.0000 2445.7329   20.4021
    7.5000   37.5000   45.0000 2441.8840   20.4964
   -7.5000   45.0000   45.0000 2308.0620   22.1438
    0.0000   45.0000   45.0000 2315.1104   22.0156
    7.5000   45.0000   45.0000 2317.4932   22.1413

---------------------------------------------------------------------
imgreg_4dfp /opt/freesurfer/average/711-2C_as_mni_average_305 /opt/freesurfer/average/711-2B_as_mni_average_305_mask talsrcimg_g11 none talsrcimg_to_711-2C_as_mni_average_305_t4 1283
---------------------------------------------------------------------

freesurfer imgreg_4dfp.c
/opt/freesurfer/average/711-2C_as_mni_average_305.4dfp.img
       256       256       256         1
  1.000000  1.000000  1.000000
orientation T byte_order littleendian
Reading image: /opt/freesurfer/average/711-2C_as_mni_average_305.4dfp.img
dimensions:      256       256       256
mmppix:       1.0000   -1.0000   -1.0000
center:     128.0000 -129.0000 -129.0000
/opt/freesurfer/average/711-2B_as_mni_average_305_mask.4dfp.img
       256       256       256         1
  1.000000  1.000000  1.000000
orientation T byte_order littleendian
Reading mask: /opt/freesurfer/average/711-2B_as_mni_average_305_mask.4dfp.img (2306576 pixels)
talsrcimg_g11.4dfp.img
       256       256       256         1
  1.000000  1.000000  1.000000
orientation T byte_order littleendian
Reading image: talsrcimg_g11.4dfp.img
dimensions:      256       256       256
mmppix:       1.0000   -1.0000   -1.0000
center:     128.0000 -129.0000 -129.0000
rotation matrix determinant  1.000000
fimgreg.f
image alignment mode   1283 decimal      503 hex
parameters
    0.0000   -7.5000   15.0000    0.0000    0.0000    0.0000
eta,q 0.92025 14.34531
niter,ni,del,rscale     5    3   12.0000    1.2000
parameter  1111.777306 ->  0.500000 qaram    1.1500
parameter  5 -0.685912 -> -0.500000 qaram    1.1500
parameter  6  0.576964 ->  0.500000 qaram    1.1500
parameters
   -3.4500   -9.0875   17.8018   -2.4325    3.4500   -3.4500
eta,q 0.93352 14.70746
  0.0811  0.0821  0.0905  0.0721  0.0825  0.0678
  0.0754  0.0769  0.0879  0.0712  0.0778  0.0666
  0.0781  0.0744  0.0823  0.0708  0.0739  0.0667
  0.0864  0.0750  0.0744  0.0714  0.0708  0.0683
  0.0924  0.0801  0.0710  0.0728  0.0691  0.0711
  0.0910  0.0873  0.0736  0.0758  0.0682  0.0748
  0.0904  0.0932  0.0777  0.0794  0.0693  0.0789
niter,ni,del,rscale     7    3   12.0000    1.2000
parameters
   -3.8431   -8.7038   17.2267   -4.5183    4.6012   -3.7975
eta,q 0.93557 14.57577
  0.0878  0.0798  0.0770  0.0669  0.0772  0.0706
  0.0786  0.0722  0.0717  0.0648  0.0719  0.0678
  0.0686  0.0676  0.0660  0.0648  0.0676  0.0655
  0.0665  0.0657  0.0657  0.0652  0.0648  0.0644
  0.0770  0.0673  0.0697  0.0669  0.0647  0.0653
  0.0839  0.0715  0.0751  0.0701  0.0672  0.0682
  0.0882  0.0757  0.0812  0.0735  0.0716  0.0727
niter,ni,del,rscale     6    3   12.0000    1.2000
parameters
   -4.1703   -7.8443   16.7418   -5.5095    5.3461   -4.1635
eta,q 0.93708 14.49262
  0.0853  0.0816  0.0740  0.0674  0.0751  0.0692
  0.0761  0.0725  0.0699  0.0638  0.0694  0.0664
  0.0666  0.0665  0.0651  0.0627  0.0653  0.0642
  0.0644  0.0639  0.0637  0.0636  0.0630  0.0628
  0.0736  0.0645  0.0667  0.0649  0.0637  0.0636
  0.0805  0.0684  0.0718  0.0669  0.0665  0.0668
  0.0856  0.0731  0.0781  0.0703  0.0709  0.0715
niter,ni,del,rscale     5    3   12.0000    1.2000
parameters
   -4.6293   -7.3710   16.4215   -6.1976    6.2138   -4.8302
eta,q 0.93798 14.46490
  0.0828  0.0790  0.0726  0.0674  0.0746  0.0675
  0.0735  0.0703  0.0686  0.0633  0.0689  0.0646
  0.0652  0.0647  0.0642  0.0617  0.0644  0.0628
  0.0629  0.0624  0.0624  0.0624  0.0620  0.0619
  0.0713  0.0640  0.0650  0.0642  0.0626  0.0626
  0.0794  0.0686  0.0697  0.0661  0.0652  0.0660
  0.0846  0.0736  0.0753  0.0689  0.0698  0.0710
niter,ni,del,rscale     4    3   12.0000    1.2000
parameters
   -5.1280   -7.0767   16.1223   -6.6735    7.1340   -5.5286
eta,q 0.93885 14.45816
  0.0810  0.0778  0.0711  0.0679  0.0745  0.0666
  0.0718  0.0692  0.0673  0.0628  0.0685  0.0632
  0.0638  0.0637  0.0632  0.0610  0.0635  0.0615
  0.0620  0.0614  0.0614  0.0614  0.0612  0.0611
  0.0691  0.0634  0.0638  0.0636  0.0616  0.0620
  0.0777  0.0684  0.0682  0.0658  0.0643  0.0651
  0.0837  0.0741  0.0735  0.0682  0.0692  0.0697
niter,ni,del,rscale     3    3   12.0000    1.2000
parameters
   -5.6155   -6.8457   15.9191   -6.9956    7.9057   -6.0738
eta,q 0.93976 14.46494
  0.0799  0.0774  0.0699  0.0684  0.0743  0.0664
  0.0704  0.0686  0.0662  0.0625  0.0680  0.0626
  0.0626  0.0629  0.0623  0.0602  0.0626  0.0605
  0.0611  0.0606  0.0606  0.0605  0.0603  0.0603
  0.0674  0.0627  0.0625  0.0628  0.0609  0.0615
  0.0763  0.0681  0.0665  0.0655  0.0644  0.0642
  0.0829  0.0742  0.0717  0.0681  0.0693  0.0685
niter,ni,del,rscale     2    3   12.0000    1.2000
parameters
   -6.0025   -6.6357   15.8092   -7.2439    8.4586   -6.4517
eta,q 0.94031 14.47468
  0.0799  0.0772  0.0691  0.0684  0.0741  0.0662
  0.0700  0.0682  0.0656  0.0625  0.0673  0.0625
  0.0621  0.0622  0.0617  0.0597  0.0617  0.0601
  0.0602  0.0598  0.0599  0.0598  0.0597  0.0598
  0.0660  0.0622  0.0616  0.0620  0.0608  0.0610
  0.0749  0.0679  0.0653  0.0649  0.0649  0.0636
  0.0822  0.0740  0.0705  0.0682  0.0699  0.0675
niter,ni,del,rscale     1    3   12.0000    1.2000
parameters
   -6.2784   -6.4559   15.7652   -7.4665    8.8339   -6.7585
eta,q 0.94058 14.48365
  0.0801  0.0771  0.0688  0.0681  0.0737  0.0659
  0.0698  0.0679  0.0654  0.0626  0.0666  0.0625
  0.0619  0.0616  0.0614  0.0596  0.0610  0.0599
  0.0597  0.0594  0.0595  0.0595  0.0594  0.0595
  0.0648  0.0621  0.0612  0.0614  0.0611  0.0606
  0.0738  0.0679  0.0646  0.0645  0.0655  0.0632
  0.0816  0.0740  0.0698  0.0682  0.0703  0.0671
registration optimization eta report
parameter search radius
    6.9000    6.0000    6.0000    6.0000    6.9000    6.9000
100000*second partial in parameter space
       43.       43.       26.       24.       26.       15.
  0.0801  0.0771  0.0688  0.0681  0.0737  0.0659
  0.0698  0.0679  0.0654  0.0626  0.0666  0.0625
  0.0619  0.0616  0.0614  0.0596  0.0610  0.0599
  0.0597  0.0594  0.0595  0.0595  0.0594  0.0595
  0.0648  0.0621  0.0612  0.0614  0.0611  0.0606
  0.0738  0.0679  0.0646  0.0645  0.0655  0.0632
  0.0816  0.0740  0.0698  0.0682  0.0703  0.0671
   -6.2784   -6.4559   15.7652   -7.4665    8.8339   -6.7585
eta,q 0.94058 14.48365

---------------------------------------------------------------------
imgreg_4dfp /opt/freesurfer/average/711-2C_as_mni_average_305 /opt/freesurfer/average/711-2B_as_mni_average_305_mask talsrcimg_g11 none talsrcimg_to_711-2C_as_mni_average_305_t4 3335
---------------------------------------------------------------------

freesurfer imgreg_4dfp.c
/opt/freesurfer/average/711-2C_as_mni_average_305.4dfp.img
       256       256       256         1
  1.000000  1.000000  1.000000
orientation T byte_order littleendian
Reading image: /opt/freesurfer/average/711-2C_as_mni_average_305.4dfp.img
dimensions:      256       256       256
mmppix:       1.0000   -1.0000   -1.0000
center:     128.0000 -129.0000 -129.0000
/opt/freesurfer/average/711-2B_as_mni_average_305_mask.4dfp.img
       256       256       256         1
  1.000000  1.000000  1.000000
orientation T byte_order littleendian
Reading mask: /opt/freesurfer/average/711-2B_as_mni_average_305_mask.4dfp.img (2306576 pixels)
talsrcimg_g11.4dfp.img
       256       256       256         1
  1.000000  1.000000  1.000000
orientation T byte_order littleendian
Reading image: talsrcimg_g11.4dfp.img
dimensions:      256       256       256
mmppix:       1.0000   -1.0000   -1.0000
center:     128.0000 -129.0000 -129.0000
fimgreg.f
image alignment mode   3335 decimal      D07 hex
parameters
   -6.2784   -6.4559   15.7652   -1.8729   -1.7717   -2.0241
   13.6504  -13.5917  -11.6289   14.6963   15.3570  -12.8404
eta,q 0.94017 14.54564
niter,ni,del,rscale     5    3    5.0000    1.2000
parameter  2 -0.509448 -> -0.500000 qaram    1.1500
parameter  4  1.644919 ->  0.500000 qaram    1.1500
parameter  5  1.230061 ->  0.500000 qaram    1.1500
parameter  6  0.729735 ->  0.500000 qaram    1.1500
parameter 10  0.591003 ->  0.500000 qaram    1.1500
parameter 11 -0.703135 -> -0.500000 qaram    1.1500
parameters
   -7.1351   -5.0759   16.1985   -6.0129   -5.9117   -6.1641
   13.5306  -13.4996   -8.6107   10.5563   19.4970  -12.2252
eta,q 0.96040 14.69212
  0.0611  0.0638  0.0608  0.0460  0.0411  0.0406  0.0453  0.0486  0.0460  0.0404  0.0421  0.0408
  0.0595  0.0618  0.0598  0.0482  0.0427  0.0413  0.0434  0.0438  0.0441  0.0400  0.0411  0.0401
  0.0591  0.0603  0.0590  0.0520  0.0453  0.0420  0.0421  0.0415  0.0426  0.0402  0.0404  0.0398
  0.0598  0.0591  0.0584  0.0583  0.0490  0.0433  0.0415  0.0415  0.0416  0.0411  0.0400  0.0396
  0.0614  0.0585  0.0583  0.0668  0.0543  0.0475  0.0419  0.0429  0.0411  0.0426  0.0397  0.0397
  0.0635  0.0585  0.0587  0.0755  0.0609  0.0537  0.0434  0.0447  0.0412  0.0451  0.0396  0.0399
  0.0659  0.0592  0.0597  0.0828  0.0681  0.0597  0.0458  0.0470  0.0420  0.0484  0.0396  0.0404
niter,ni,del,rscale     7    3    5.0000    1.2000
parameter  1 -0.543463 -> -0.500000 qaram    1.1500
parameter  3  5.085286 ->  0.500000 qaram    1.1500
parameters
   -5.7551   -6.1884   14.8185  -10.1122   -9.0933   -9.1504
   11.4382  -16.8860   -9.2743    9.6300   21.1694   -9.4921
eta,q 0.97009 14.53112
  0.0467  0.0391  0.0307  0.0331  0.0330  0.0325  0.0328  0.0320  0.0320  0.0333  0.0321  0.0320
  0.0438  0.0380  0.0325  0.0322  0.0319  0.0317  0.0319  0.0303  0.0309  0.0314  0.0310  0.0312
  0.0414  0.0378  0.0349  0.0320  0.0314  0.0317  0.0315  0.0304  0.0303  0.0304  0.0304  0.0306
  0.0396  0.0384  0.0378  0.0331  0.0320  0.0314  0.0317  0.0315  0.0302  0.0302  0.0301  0.0301
  0.0386  0.0398  0.0408  0.0374  0.0339  0.0327  0.0325  0.0333  0.0306  0.0309  0.0302  0.0299
  0.0385  0.0419  0.0437  0.0449  0.0373  0.0367  0.0340  0.0355  0.0314  0.0325  0.0304  0.0300
  0.0394  0.0447  0.0464  0.0540  0.0431  0.0432  0.0362  0.0381  0.0328  0.0352  0.0309  0.0304
niter,ni,del,rscale     7    3    5.0000    1.2000
parameter  3  2.342046 ->  0.500000 qaram    1.3225
parameters
   -6.0443   -5.3673   13.2315  -11.1660   -8.4120  -11.1449
   11.3687  -16.5729   -9.6021   10.4920   21.4873   -9.7277
eta,q 0.97427 14.53425
  0.0336  0.0352  0.0238  0.0301  0.0308  0.0287  0.0291  0.0325  0.0279  0.0304  0.0272  0.0269
  0.0314  0.0328  0.0253  0.0283  0.0288  0.0269  0.0273  0.0280  0.0267  0.0281  0.0263  0.0263
  0.0302  0.0310  0.0273  0.0268  0.0272  0.0258  0.0262  0.0260  0.0260  0.0266  0.0259  0.0259
  0.0299  0.0299  0.0296  0.0258  0.0261  0.0259  0.0257  0.0258  0.0258  0.0258  0.0257  0.0257
  0.0307  0.0296  0.0321  0.0261  0.0259  0.0266  0.0261  0.0266  0.0262  0.0259  0.0259  0.0259
  0.0326  0.0301  0.0350  0.0291  0.0272  0.0301  0.0273  0.0283  0.0270  0.0269  0.0263  0.0263
  0.0356  0.0313  0.0384  0.0354  0.0301  0.0379  0.0293  0.0306  0.0283  0.0289  0.0269  0.0271
niter,ni,del,rscale     7    3    5.0000    1.2000
parameter  3  1.022933 ->  0.500000 qaram    1.5209
parameters
   -5.9604   -5.0830   11.4065  -10.6227   -7.8770  -12.2524
   11.8220  -16.2146   -9.7357   11.8992   23.4052  -11.7487
eta,q 0.97701 14.61145
  0.0307  0.0300  0.0228  0.0287  0.0281  0.0276  0.0275  0.0310  0.0258  0.0286  0.0248  0.0236
  0.0280  0.0279  0.0230  0.0267  0.0260  0.0257  0.0254  0.0256  0.0244  0.0261  0.0239  0.0231
  0.0264  0.0264  0.0240  0.0248  0.0243  0.0240  0.0239  0.0234  0.0235  0.0243  0.0234  0.0230
  0.0257  0.0257  0.0257  0.0232  0.0230  0.0229  0.0233  0.0232  0.0233  0.0233  0.0231  0.0231
  0.0262  0.0259  0.0281  0.0225  0.0230  0.0230  0.0235  0.0242  0.0237  0.0232  0.0231  0.0234
  0.0276  0.0268  0.0311  0.0240  0.0244  0.0266  0.0247  0.0260  0.0246  0.0241  0.0233  0.0240
  0.0301  0.0286  0.0344  0.0290  0.0276  0.0342  0.0266  0.0284  0.0259  0.0261  0.0237  0.0249
niter,ni,del,rscale     7    3    5.0000    1.2000
parameters
   -5.9132   -4.9081    9.6166  -10.3747   -8.0574  -13.2887
   12.4114  -16.0176   -9.8128   13.4342   25.4985  -13.6998
eta,q 0.97806 14.62023
  0.0281  0.0273  0.0230  0.0278  0.0268  0.0271  0.0268  0.0298  0.0251  0.0279  0.0240  0.0227
  0.0253  0.0251  0.0221  0.0256  0.0247  0.0251  0.0247  0.0245  0.0236  0.0253  0.0232  0.0221
  0.0236  0.0237  0.0221  0.0236  0.0229  0.0234  0.0231  0.0225  0.0227  0.0234  0.0226  0.0219
  0.0230  0.0230  0.0230  0.0220  0.0219  0.0219  0.0224  0.0224  0.0224  0.0224  0.0222  0.0221
  0.0235  0.0232  0.0247  0.0214  0.0223  0.0216  0.0226  0.0234  0.0228  0.0223  0.0221  0.0225
  0.0251  0.0244  0.0273  0.0233  0.0243  0.0257  0.0237  0.0252  0.0237  0.0231  0.0222  0.0232
  0.0278  0.0264  0.0307  0.0288  0.0280  0.0346  0.0257  0.0279  0.0251  0.0250  0.0229  0.0241
niter,ni,del,rscale     6    3    5.0000    1.2000
parameters
   -5.7568   -4.7572    9.1585  -10.2392   -8.4883  -13.7506
   12.6904  -16.1025   -9.8886   14.3744   25.6589  -14.4632
eta,q 0.97812 14.61082
  0.0275  0.0262  0.0251  0.0276  0.0264  0.0278  0.0262  0.0287  0.0247  0.0270  0.0235  0.0231
  0.0246  0.0240  0.0229  0.0254  0.0244  0.0256  0.0241  0.0239  0.0232  0.0245  0.0227  0.0223
  0.0228  0.0226  0.0219  0.0234  0.0226  0.0235  0.0227  0.0220  0.0223  0.0228  0.0222  0.0219
  0.0219  0.0219  0.0219  0.0218  0.0217  0.0218  0.0220  0.0220  0.0220  0.0220  0.0219  0.0219
  0.0223  0.0222  0.0228  0.0213  0.0223  0.0211  0.0223  0.0231  0.0224  0.0221  0.0219  0.0222
  0.0238  0.0234  0.0245  0.0234  0.0244  0.0243  0.0236  0.0251  0.0233  0.0231  0.0224  0.0228
  0.0265  0.0254  0.0270  0.0290  0.0283  0.0324  0.0257  0.0280  0.0248  0.0253  0.0236  0.0236
niter,ni,del,rscale     5    3    5.0000    1.2000
parameters
   -5.7150   -4.5650    8.9320  -10.1718   -8.7780  -13.9891
   12.8363  -15.9882   -9.8923   14.9395   25.7766  -14.8113
eta,q 0.97808 14.60327
  0.0271  0.0261  0.0256  0.0277  0.0265  0.0281  0.0260  0.0293  0.0247  0.0266  0.0235  0.0233
  0.0243  0.0240  0.0232  0.0255  0.0245  0.0258  0.0239  0.0241  0.0232  0.0242  0.0228  0.0225
  0.0226  0.0226  0.0220  0.0235  0.0227  0.0236  0.0225  0.0221  0.0223  0.0227  0.0222  0.0220
  0.0219  0.0219  0.0218  0.0218  0.0218  0.0218  0.0219  0.0219  0.0220  0.0220  0.0219  0.0219
  0.0223  0.0221  0.0225  0.0213  0.0223  0.0209  0.0223  0.0230  0.0223  0.0222  0.0220  0.0222
  0.0240  0.0232  0.0241  0.0236  0.0242  0.0238  0.0236  0.0249  0.0233  0.0233  0.0225  0.0227
  0.0269  0.0252  0.0264  0.0293  0.0280  0.0317  0.0258  0.0278  0.0247  0.0256  0.0237  0.0235
niter,ni,del,rscale     4    3    5.0000    1.2000
parameters
   -5.6740   -4.4267    8.7986  -10.1069   -8.9753  -14.1470
   12.9134  -15.9115   -9.9206   15.3146   25.8492  -15.0317
eta,q 0.97805 14.59847
  0.0271  0.0260  0.0258  0.0278  0.0266  0.0282  0.0259  0.0293  0.0247  0.0263  0.0236  0.0234
  0.0244  0.0240  0.0234  0.0256  0.0246  0.0259  0.0239  0.0241  0.0232  0.0241  0.0228  0.0225
  0.0226  0.0225  0.0221  0.0235  0.0229  0.0237  0.0225  0.0221  0.0223  0.0226  0.0223  0.0221
  0.0219  0.0219  0.0219  0.0219  0.0218  0.0219  0.0220  0.0220  0.0220  0.0220  0.0220  0.0220
  0.0224  0.0222  0.0225  0.0213  0.0223  0.0209  0.0223  0.0230  0.0224  0.0222  0.0220  0.0222
  0.0240  0.0233  0.0240  0.0237  0.0242  0.0237  0.0237  0.0250  0.0233  0.0234  0.0225  0.0227
  0.0270  0.0254  0.0262  0.0295  0.0279  0.0315  0.0259  0.0279  0.0247  0.0258  0.0238  0.0235
niter,ni,del,rscale     3    3    5.0000    1.2000
parameters
   -5.6447   -4.3294    8.7088  -10.0711   -9.1132  -14.2581
   12.9708  -15.8630   -9.9461   15.5794   25.9037  -15.1687
eta,q 0.97802 14.59490
  0.0271  0.0259  0.0260  0.0278  0.0266  0.0282  0.0259  0.0292  0.0247  0.0262  0.0236  0.0235
  0.0244  0.0239  0.0235  0.0256  0.0247  0.0259  0.0239  0.0241  0.0233  0.0240  0.0228  0.0226
  0.0226  0.0225  0.0222  0.0236  0.0230  0.0238  0.0225  0.0221  0.0223  0.0226  0.0223  0.0221
  0.0219  0.0219  0.0219  0.0219  0.0219  0.0219  0.0220  0.0220  0.0220  0.0220  0.0220  0.0220
  0.0224  0.0222  0.0226  0.0214  0.0223  0.0210  0.0224  0.0231  0.0224  0.0223  0.0220  0.0222
  0.0241  0.0234  0.0240  0.0238  0.0242  0.0237  0.0237  0.0251  0.0233  0.0235  0.0225  0.0227
  0.0271  0.0255  0.0262  0.0296  0.0278  0.0313  0.0259  0.0280  0.0247  0.0259  0.0238  0.0235
niter,ni,del,rscale     2    3    5.0000    1.2000
parameters
   -5.6257   -4.2554    8.6441  -10.0498   -9.2160  -14.3442
   13.0140  -15.8339   -9.9720   15.7708   25.9562  -15.2607
eta,q 0.97798 14.59201
  0.0271  0.0259  0.0261  0.0279  0.0267  0.0283  0.0259  0.0292  0.0248  0.0262  0.0237  0.0235
  0.0244  0.0239  0.0236  0.0257  0.0248  0.0260  0.0239  0.0241  0.0233  0.0240  0.0229  0.0226
  0.0227  0.0225  0.0223  0.0236  0.0230  0.0239  0.0226  0.0221  0.0223  0.0226  0.0223  0.0221
  0.0220  0.0220  0.0220  0.0220  0.0220  0.0220  0.0220  0.0220  0.0220  0.0220  0.0220  0.0220
  0.0225  0.0223  0.0226  0.0214  0.0223  0.0210  0.0224  0.0231  0.0224  0.0223  0.0220  0.0222
  0.0242  0.0235  0.0240  0.0239  0.0241  0.0237  0.0238  0.0251  0.0234  0.0236  0.0226  0.0228
  0.0272  0.0256  0.0261  0.0297  0.0277  0.0312  0.0260  0.0280  0.0248  0.0260  0.0239  0.0235
niter,ni,del,rscale     1    3    5.0000    1.2000
parameters
   -5.6133   -4.2015    8.5953  -10.0357   -9.2945  -14.4077
   13.0483  -15.8148   -9.9938   15.9162   25.9852  -15.3244
eta,q 0.97796 14.58963
  0.0271  0.0258  0.0261  0.0279  0.0267  0.0283  0.0259  0.0292  0.0248  0.0261  0.0237  0.0236
  0.0244  0.0239  0.0236  0.0257  0.0248  0.0260  0.0240  0.0241  0.0233  0.0240  0.0229  0.0227
  0.0227  0.0226  0.0223  0.0237  0.0231  0.0239  0.0226  0.0221  0.0223  0.0226  0.0224  0.0222
  0.0220  0.0220  0.0220  0.0220  0.0220  0.0220  0.0220  0.0221  0.0221  0.0220  0.0220  0.0220
  0.0225  0.0223  0.0226  0.0215  0.0223  0.0210  0.0224  0.0231  0.0224  0.0224  0.0221  0.0223
  0.0242  0.0236  0.0240  0.0239  0.0241  0.0237  0.0238  0.0251  0.0234  0.0236  0.0226  0.0228
  0.0272  0.0256  0.0261  0.0297  0.0277  0.0312  0.0260  0.0281  0.0248  0.0260  0.0239  0.0236
registration optimization eta report
parameter search radius
    2.7600    2.7600    3.6501    8.2800    8.2800    8.2800
    7.2000    7.2000    7.2000    8.2800    8.2800    7.2000
100000*second partial in parameter space
       68.       48.       31.       10.        7.       12.
        7.       13.        5.        6.        3.        3.
  0.0271  0.0258  0.0261  0.0279  0.0267  0.0283  0.0259  0.0292  0.0248  0.0261  0.0237  0.0236
  0.0244  0.0239  0.0236  0.0257  0.0248  0.0260  0.0240  0.0241  0.0233  0.0240  0.0229  0.0227
  0.0227  0.0226  0.0223  0.0237  0.0231  0.0239  0.0226  0.0221  0.0223  0.0226  0.0224  0.0222
  0.0220  0.0220  0.0220  0.0220  0.0220  0.0220  0.0220  0.0221  0.0221  0.0220  0.0220  0.0220
  0.0225  0.0223  0.0226  0.0215  0.0223  0.0210  0.0224  0.0231  0.0224  0.0224  0.0221  0.0223
  0.0242  0.0236  0.0240  0.0239  0.0241  0.0237  0.0238  0.0251  0.0234  0.0236  0.0226  0.0228
  0.0272  0.0256  0.0261  0.0297  0.0277  0.0312  0.0260  0.0281  0.0248  0.0260  0.0239  0.0236
   -5.6133   -4.2015    8.5953  -10.0357   -9.2945  -14.4077
   13.0483  -15.8148   -9.9938   15.9162   25.9852  -15.3244
eta,q 0.97796 14.58963

---------------------------------------------------------------------
imgreg_4dfp /opt/freesurfer/average/711-2C_as_mni_average_305 /opt/freesurfer/average/711-2B_as_mni_average_305_mask talsrcimg_g11 none talsrcimg_to_711-2C_as_mni_average_305_t4 2311
---------------------------------------------------------------------

freesurfer imgreg_4dfp.c
/opt/freesurfer/average/711-2C_as_mni_average_305.4dfp.img
       256       256       256         1
  1.000000  1.000000  1.000000
orientation T byte_order littleendian
Reading image: /opt/freesurfer/average/711-2C_as_mni_average_305.4dfp.img
dimensions:      256       256       256
mmppix:       1.0000   -1.0000   -1.0000
center:     128.0000 -129.0000 -129.0000
/opt/freesurfer/average/711-2B_as_mni_average_305_mask.4dfp.img
       256       256       256         1
  1.000000  1.000000  1.000000
orientation T byte_order littleendian
Reading mask: /opt/freesurfer/average/711-2B_as_mni_average_305_mask.4dfp.img (2306576 pixels)
talsrcimg_g11.4dfp.img
       256       256       256         1
  1.000000  1.000000  1.000000
orientation T byte_order littleendian
Reading image: talsrcimg_g11.4dfp.img
dimensions:      256       256       256
mmppix:       1.0000   -1.0000   -1.0000
center:     128.0000 -129.0000 -129.0000
fimgreg.f
image alignment mode   2311 decimal      907 hex
parameters
   -5.6133   -4.2015    8.5953  -10.0357   -9.2945  -14.4077
   13.0483  -15.8148   -9.9938   15.9162   25.9852  -15.3244
eta,q 0.97796 14.58964
niter,ni,del,rscale     5    3    5.0000    0.8000
parameters
   -5.5549   -4.1194    8.4058   -8.5440   -9.2519  -13.1882
   12.9746  -15.7929   -9.7628   16.3052   25.5727  -15.6903
eta,q 0.97904 14.64966
  0.0239  0.0235  0.0226  0.0252  0.0236  0.0248  0.0232  0.0256  0.0227  0.0231  0.0218  0.0218
  0.0229  0.0227  0.0222  0.0240  0.0226  0.0236  0.0220  0.0226  0.0218  0.0221  0.0214  0.0213
  0.0223  0.0222  0.0220  0.0229  0.0219  0.0225  0.0213  0.0212  0.0212  0.0213  0.0211  0.0210
  0.0220  0.0220  0.0220  0.0220  0.0215  0.0215  0.0210  0.0210  0.0210  0.0210  0.0210  0.0210
  0.0222  0.0221  0.0222  0.0215  0.0217  0.0209  0.0213  0.0217  0.0211  0.0210  0.0211  0.0211
  0.0227  0.0225  0.0225  0.0217  0.0225  0.0211  0.0221  0.0231  0.0216  0.0216  0.0215  0.0215
  0.0237  0.0232  0.0230  0.0231  0.0237  0.0231  0.0234  0.0250  0.0224  0.0226  0.0223  0.0221
niter,ni,del,rscale     4    3    5.0000    0.7000
parameters
   -5.6347   -4.2380    8.7985   -8.7274   -9.1383  -12.6915
   12.9731  -15.9447   -9.6436   16.0926   25.5302  -15.6772
eta,q 0.97929 14.66630
  0.0225  0.0219  0.0223  0.0231  0.0227  0.0237  0.0224  0.0240  0.0220  0.0220  0.0215  0.0215
  0.0216  0.0213  0.0216  0.0221  0.0218  0.0227  0.0215  0.0218  0.0213  0.0213  0.0211  0.0210
  0.0211  0.0210  0.0212  0.0214  0.0212  0.0217  0.0210  0.0208  0.0209  0.0209  0.0208  0.0208
  0.0210  0.0210  0.0209  0.0209  0.0209  0.0209  0.0207  0.0207  0.0207  0.0207  0.0207  0.0207
  0.0212  0.0211  0.0209  0.0210  0.0211  0.0206  0.0209  0.0213  0.0208  0.0209  0.0208  0.0208
  0.0219  0.0216  0.0210  0.0220  0.0216  0.0212  0.0215  0.0225  0.0212  0.0214  0.0210  0.0210
  0.0230  0.0223  0.0213  0.0240  0.0226  0.0232  0.0225  0.0240  0.0218  0.0224  0.0216  0.0214
niter,ni,del,rscale     3    3    5.0000    0.6000
parameters
   -5.6883   -4.3093    8.9705   -8.6773   -9.1074  -12.3119
   12.9262  -16.1068   -9.5715   15.9043   25.5088  -15.6521
eta,q 0.97946 14.67331
  0.0219  0.0214  0.0215  0.0225  0.0220  0.0230  0.0218  0.0230  0.0215  0.0215  0.0211  0.0211
  0.0212  0.0210  0.0211  0.0217  0.0213  0.0221  0.0211  0.0214  0.0210  0.0210  0.0208  0.0208
  0.0208  0.0208  0.0208  0.0211  0.0209  0.0213  0.0207  0.0206  0.0206  0.0207  0.0206  0.0206
  0.0207  0.0207  0.0207  0.0207  0.0207  0.0207  0.0206  0.0206  0.0205  0.0205  0.0205  0.0205
  0.0209  0.0208  0.0207  0.0207  0.0208  0.0205  0.0207  0.0210  0.0206  0.0207  0.0206  0.0206
  0.0213  0.0211  0.0209  0.0213  0.0213  0.0210  0.0212  0.0219  0.0209  0.0211  0.0208  0.0208
  0.0221  0.0217  0.0211  0.0227  0.0220  0.0226  0.0219  0.0232  0.0214  0.0218  0.0212  0.0211
niter,ni,del,rscale     2    3    5.0000    0.5000
parameters
   -5.7384   -4.3690    9.1106   -8.6142   -9.0890  -11.9840
   12.8888  -16.2484   -9.5093   15.7456   25.4818  -15.6348
eta,q 0.97958 14.67782
  0.0214  0.0211  0.0211  0.0219  0.0215  0.0223  0.0213  0.0222  0.0211  0.0212  0.0209  0.0208
  0.0209  0.0208  0.0208  0.0213  0.0210  0.0216  0.0208  0.0210  0.0207  0.0207  0.0206  0.0206
  0.0206  0.0206  0.0206  0.0208  0.0207  0.0210  0.0205  0.0205  0.0205  0.0205  0.0205  0.0205
  0.0205  0.0205  0.0205  0.0205  0.0205  0.0205  0.0204  0.0204  0.0204  0.0204  0.0204  0.0204
  0.0207  0.0206  0.0205  0.0206  0.0206  0.0204  0.0205  0.0208  0.0205  0.0205  0.0205  0.0205
  0.0210  0.0208  0.0207  0.0210  0.0209  0.0208  0.0209  0.0214  0.0207  0.0208  0.0206  0.0206
  0.0216  0.0212  0.0209  0.0219  0.0215  0.0219  0.0214  0.0223  0.0210  0.0214  0.0209  0.0208
niter,ni,del,rscale     1    3    5.0000    0.4000
parameters
   -5.7863   -4.4154    9.2364   -8.5567   -9.0956  -11.6799
   12.8622  -16.3695   -9.4521   15.6072   25.4277  -15.6373
eta,q 0.97967 14.67984
  0.0209  0.0208  0.0208  0.0213  0.0210  0.0216  0.0209  0.0215  0.0208  0.0208  0.0206  0.0206
  0.0206  0.0206  0.0206  0.0209  0.0207  0.0211  0.0206  0.0207  0.0205  0.0205  0.0205  0.0204
  0.0205  0.0204  0.0205  0.0206  0.0205  0.0207  0.0204  0.0204  0.0204  0.0204  0.0204  0.0204
  0.0204  0.0204  0.0204  0.0204  0.0204  0.0204  0.0203  0.0203  0.0203  0.0203  0.0203  0.0203
  0.0205  0.0205  0.0204  0.0204  0.0205  0.0203  0.0204  0.0206  0.0204  0.0204  0.0204  0.0204
  0.0207  0.0206  0.0205  0.0207  0.0207  0.0206  0.0206  0.0210  0.0205  0.0206  0.0205  0.0204
  0.0211  0.0209  0.0206  0.0213  0.0210  0.0213  0.0210  0.0216  0.0207  0.0210  0.0207  0.0206
registration optimization eta report
parameter search radius
    0.8000    0.8000    0.8000    2.4000    2.4000    2.4000
    2.4000    2.4000    2.4000    2.4000    2.4000    2.4000
100000*second partial in parameter space
       95.       62.       48.       16.       11.       19.
       11.       21.        7.       10.        5.        5.
  0.0209  0.0208  0.0208  0.0213  0.0210  0.0216  0.0209  0.0215  0.0208  0.0208  0.0206  0.0206
  0.0206  0.0206  0.0206  0.0209  0.0207  0.0211  0.0206  0.0207  0.0205  0.0205  0.0205  0.0204
  0.0205  0.0204  0.0205  0.0206  0.0205  0.0207  0.0204  0.0204  0.0204  0.0204  0.0204  0.0204
  0.0204  0.0204  0.0204  0.0204  0.0204  0.0204  0.0203  0.0203  0.0203  0.0203  0.0203  0.0203
  0.0205  0.0205  0.0204  0.0204  0.0205  0.0203  0.0204  0.0206  0.0204  0.0204  0.0204  0.0204
  0.0207  0.0206  0.0205  0.0207  0.0207  0.0206  0.0206  0.0210  0.0205  0.0206  0.0205  0.0204
  0.0211  0.0209  0.0206  0.0213  0.0210  0.0213  0.0210  0.0216  0.0207  0.0210  0.0207  0.0206
   -5.7863   -4.4154    9.2364   -8.5567   -9.0956  -11.6799
   12.8622  -16.3695   -9.4521   15.6072   25.4277  -15.6373
eta,q 0.97967 14.67984

---------------------------------------------------------------------
imgreg_4dfp /opt/freesurfer/average/711-2C_as_mni_average_305 /opt/freesurfer/average/711-2B_as_mni_average_305_mask talsrcimg_g11 none talsrcimg_to_711-2C_as_mni_average_305_t4 2311
---------------------------------------------------------------------

freesurfer imgreg_4dfp.c
/opt/freesurfer/average/711-2C_as_mni_average_305.4dfp.img
       256       256       256         1
  1.000000  1.000000  1.000000
orientation T byte_order littleendian
Reading image: /opt/freesurfer/average/711-2C_as_mni_average_305.4dfp.img
dimensions:      256       256       256
mmppix:       1.0000   -1.0000   -1.0000
center:     128.0000 -129.0000 -129.0000
/opt/freesurfer/average/711-2B_as_mni_average_305_mask.4dfp.img
       256       256       256         1
  1.000000  1.000000  1.000000
orientation T byte_order littleendian
Reading mask: /opt/freesurfer/average/711-2B_as_mni_average_305_mask.4dfp.img (2306576 pixels)
talsrcimg_g11.4dfp.img
       256       256       256         1
  1.000000  1.000000  1.000000
orientation T byte_order littleendian
Reading image: talsrcimg_g11.4dfp.img
dimensions:      256       256       256
mmppix:       1.0000   -1.0000   -1.0000
center:     128.0000 -129.0000 -129.0000
fimgreg.f
image alignment mode   2311 decimal      907 hex
parameters
   -5.7863   -4.4154    9.2364   -8.5567   -9.0956  -11.6799
   12.8622  -16.3695   -9.4521   15.6072   25.4277  -15.6373
eta,q 0.97967 14.67984
niter,ni,del,rscale     5    3    5.0000    0.8000
parameters
   -5.8710   -4.4726    9.3999   -9.1671   -9.0320  -12.1814
   12.8800  -16.2615   -9.4824   15.4452   25.3549  -15.3792
eta,q 0.97938 14.67424
  0.0225  0.0218  0.0219  0.0228  0.0226  0.0235  0.0227  0.0251  0.0221  0.0223  0.0215  0.0216
  0.0213  0.0210  0.0211  0.0217  0.0216  0.0223  0.0216  0.0221  0.0213  0.0214  0.0210  0.0211
  0.0206  0.0205  0.0205  0.0208  0.0208  0.0212  0.0209  0.0208  0.0208  0.0208  0.0207  0.0207
  0.0203  0.0203  0.0203  0.0203  0.0204  0.0204  0.0206  0.0206  0.0206  0.0206  0.0206  0.0206
  0.0207  0.0205  0.0204  0.0207  0.0206  0.0206  0.0208  0.0212  0.0208  0.0208  0.0207  0.0207
  0.0216  0.0211  0.0208  0.0223  0.0214  0.0226  0.0215  0.0224  0.0213  0.0215  0.0210  0.0210
  0.0231  0.0220  0.0213  0.0253  0.0226  0.0265  0.0227  0.0242  0.0221  0.0227  0.0216  0.0214
niter,ni,del,rscale     4    3    5.0000    0.7000
parameters
   -5.7882   -4.4464    9.1658   -8.9556   -8.9541  -12.2570
   12.8208  -16.1982   -9.4968   15.5139   25.4079  -15.4189
eta,q 0.97944 14.67442
  0.0224  0.0218  0.0212  0.0230  0.0223  0.0232  0.0222  0.0241  0.0218  0.0221  0.0213  0.0213
  0.0215  0.0212  0.0208  0.0220  0.0214  0.0221  0.0213  0.0218  0.0211  0.0213  0.0209  0.0209
  0.0209  0.0208  0.0206  0.0212  0.0208  0.0212  0.0207  0.0207  0.0207  0.0208  0.0207  0.0206
  0.0206  0.0206  0.0206  0.0206  0.0205  0.0205  0.0206  0.0206  0.0206  0.0206  0.0206  0.0206
  0.0207  0.0207  0.0208  0.0205  0.0207  0.0204  0.0208  0.0211  0.0207  0.0207  0.0206  0.0207
  0.0212  0.0211  0.0212  0.0212  0.0213  0.0215  0.0213  0.0221  0.0211  0.0212  0.0209  0.0209
  0.0221  0.0217  0.0217  0.0229  0.0222  0.0242  0.0223  0.0235  0.0218  0.0220  0.0213  0.0213
niter,ni,del,rscale     3    3    5.0000    0.6000
parameters
   -5.7605   -4.4473    9.1457   -8.7802   -8.9610  -12.0948
   12.8163  -16.2309   -9.4849   15.5390   25.4246  -15.4856
eta,q 0.97954 14.67737
  0.0219  0.0214  0.0212  0.0224  0.0218  0.0227  0.0218  0.0231  0.0214  0.0216  0.0211  0.0210
  0.0212  0.0209  0.0208  0.0216  0.0212  0.0218  0.0211  0.0214  0.0209  0.0210  0.0208  0.0207
  0.0207  0.0207  0.0206  0.0210  0.0207  0.0211  0.0206  0.0206  0.0206  0.0206  0.0206  0.0205
  0.0206  0.0206  0.0206  0.0206  0.0205  0.0205  0.0205  0.0205  0.0205  0.0205  0.0205  0.0205
  0.0207  0.0206  0.0206  0.0205  0.0207  0.0204  0.0206  0.0209  0.0206  0.0206  0.0205  0.0205
  0.0211  0.0209  0.0209  0.0211  0.0211  0.0210  0.0211  0.0217  0.0209  0.0209  0.0207  0.0207
  0.0218  0.0214  0.0212  0.0224  0.0219  0.0228  0.0218  0.0229  0.0214  0.0216  0.0211  0.0210
niter,ni,del,rscale     2    3    5.0000    0.5000
parameters
   -5.7749   -4.4612    9.2052   -8.6648   -8.9917  -11.8575
   12.8190  -16.3091   -9.4578   15.5149   25.4136  -15.5381
eta,q 0.97962 14.67980
  0.0213  0.0211  0.0210  0.0218  0.0214  0.0222  0.0213  0.0222  0.0210  0.0212  0.0208  0.0208
  0.0209  0.0207  0.0207  0.0212  0.0209  0.0215  0.0208  0.0210  0.0207  0.0208  0.0206  0.0205
  0.0206  0.0205  0.0205  0.0207  0.0206  0.0209  0.0205  0.0205  0.0205  0.0205  0.0204  0.0204
  0.0205  0.0205  0.0205  0.0205  0.0205  0.0205  0.0204  0.0204  0.0204  0.0204  0.0204  0.0204
  0.0206  0.0205  0.0205  0.0205  0.0206  0.0203  0.0205  0.0207  0.0205  0.0205  0.0204  0.0204
  0.0209  0.0207  0.0206  0.0209  0.0209  0.0208  0.0208  0.0213  0.0207  0.0208  0.0206  0.0206
  0.0214  0.0211  0.0209  0.0218  0.0214  0.0220  0.0213  0.0222  0.0210  0.0212  0.0209  0.0208
niter,ni,del,rscale     1    3    5.0000    0.4000
parameters
   -5.8059   -4.4748    9.2881   -8.5899   -9.0282  -11.6049
   12.8130  -16.4009   -9.4256   15.4602   25.4075  -15.5751
eta,q 0.97969 14.68094
  0.0209  0.0208  0.0208  0.0213  0.0210  0.0216  0.0209  0.0215  0.0207  0.0208  0.0206  0.0206
  0.0206  0.0205  0.0206  0.0209  0.0207  0.0211  0.0206  0.0207  0.0205  0.0206  0.0205  0.0204
  0.0204  0.0204  0.0204  0.0206  0.0204  0.0207  0.0204  0.0204  0.0204  0.0204  0.0204  0.0203
  0.0204  0.0204  0.0204  0.0204  0.0204  0.0204  0.0203  0.0203  0.0203  0.0203  0.0203  0.0203
  0.0205  0.0204  0.0204  0.0204  0.0204  0.0203  0.0204  0.0205  0.0204  0.0204  0.0203  0.0203
  0.0207  0.0206  0.0205  0.0207  0.0207  0.0206  0.0206  0.0210  0.0205  0.0206  0.0204  0.0204
  0.0210  0.0208  0.0206  0.0213  0.0210  0.0213  0.0209  0.0216  0.0207  0.0209  0.0206  0.0206
registration optimization eta report
parameter search radius
    0.8000    0.8000    0.8000    2.4000    2.4000    2.4000
    2.4000    2.4000    2.4000    2.4000    2.4000    2.4000
100000*second partial in parameter space
       94.       62.       49.       16.       11.       19.
       10.       21.        7.       10.        5.        5.
  0.0209  0.0208  0.0208  0.0213  0.0210  0.0216  0.0209  0.0215  0.0207  0.0208  0.0206  0.0206
  0.0206  0.0205  0.0206  0.0209  0.0207  0.0211  0.0206  0.0207  0.0205  0.0206  0.0205  0.0204
  0.0204  0.0204  0.0204  0.0206  0.0204  0.0207  0.0204  0.0204  0.0204  0.0204  0.0204  0.0203
  0.0204  0.0204  0.0204  0.0204  0.0204  0.0204  0.0203  0.0203  0.0203  0.0203  0.0203  0.0203
  0.0205  0.0204  0.0204  0.0204  0.0204  0.0203  0.0204  0.0205  0.0204  0.0204  0.0203  0.0203
  0.0207  0.0206  0.0205  0.0207  0.0207  0.0206  0.0206  0.0210  0.0205  0.0206  0.0204  0.0204
  0.0210  0.0208  0.0206  0.0213  0.0210  0.0213  0.0209  0.0216  0.0207  0.0209  0.0206  0.0206
   -5.8059   -4.4748    9.2881   -8.5899   -9.0282  -11.6049
   12.8130  -16.4009   -9.4256   15.4602   25.4075  -15.5751
eta,q 0.97969 14.68094

---------------------------------------------------------------------
compute_vox2vox talsrcimg talsrcimg_to_711-2C_as_mni_average_305_t4 /opt/freesurfer/average/711-2C_as_mni_average_305
---------------------------------------------------------------------

freesurfer compute_vox2vox.c
Reading: talsrcimg.4dfp.ifh
Reading: talsrcimg_to_711-2C_as_mni_average_305_t4
Reading: /opt/freesurfer/average/711-2C_as_mni_average_305.4dfp.ifh
Writing: talsrcimg_to_711-2C_as_mni_average_305_t4_vox2vox.txt

start time Thu Mar 12 13:39:59 CET 2026
end		time Thu Mar 12 13:41:28 CET 2026

mpr2mni305 success

avi2talxfm orig_nu.mgz /opt/freesurfer/average/mni305.cor.mgz talsrcimg_to_711-2C_as_mni_average_305_t4_vox2vox.txt transforms/talairach.auto.xfm
avi2talxfm done
mv -f /out/sourcedata/freesurfer/sub-v1s19x0051312_ses-1/mri/talsrcimg_to_711-2C_as_mni_average_305_t4_vox2vox.txt /out/sourcedata/freesurfer/sub-v1s19x0051312_ses-1/mri/transforms/talsrcimg_to_711-2C_as_mni_average_305_t4_vox2vox.txt
lta_convert --src orig_nu.mgz --trg /opt/freesurfer/average/mni305.cor.mgz --inxfm transforms/talairach.auto.xfm --outlta transforms/talairach.auto.xfm.lta --subject fsaverage
7.3.2

--src: orig_nu.mgz src image (geometry).
--trg: /opt/freesurfer/average/mni305.cor.mgz trg image (geometry).
--inmni: transforms/talairach.auto.xfm input MNI/XFM transform.
--outlta: transforms/talairach.auto.xfm.lta output LTA.
--s: fsaverage subject name
 LTA read, type : 1
 1.02466   0.20910  -0.10852  -3.52526;
-0.26779   1.04375   0.21642  -14.40352;
 0.15168  -0.15572   1.05122   24.41727;
 0.00000   0.00000   0.00000   1.00000;
setting subject to fsaverage
Writing  LTA to file transforms/talairach.auto.xfm.lta...
lta_convert successful.
 
 
Started at Thu Mar 12 13:39:59 CET 2026
Ended   at Thu Mar 12 13:41:28 CET 2026
talairach_avi done
