status file for recon-all
Thu Mar 12 15:49:57 CET 2026
#@# Tessellate rh Thu Mar 12 15:49:57 CET 2026
#@# Smooth1 rh Thu Mar 12 15:50:00 CET 2026
#@# Inflation1 rh Thu Mar 12 15:50:02 CET 2026
#@# QSphere rh Thu Mar 12 15:50:10 CET 2026
#@# Fix Topology rh Thu Mar 12 15:50:56 CET 2026
#@# Smooth2 rh Thu Mar 12 15:56:05 CET 2026
#@# Inflation2 rh Thu Mar 12 15:56:07 CET 2026
#@# Curv .H and .K rh Thu Mar 12 15:56:15 CET 2026
#@# Sphere rh Thu Mar 12 15:56:52 CET 2026
#@# Surf Reg rh Thu Mar 12 15:59:29 CET 2026
#@# Jacobian white rh Thu Mar 12 16:02:18 CET 2026
#@# AvgCurv rh Thu Mar 12 16:02:18 CET 2026
#@# Cortical Parc rh Thu Mar 12 16:02:19 CET 2026
#@# white curv rh Thu Mar 12 16:07:02 CET 2026
#@# white area rh Thu Mar 12 16:07:03 CET 2026
#@# pial curv rh Thu Mar 12 16:07:04 CET 2026
#@# pial area rh Thu Mar 12 16:07:05 CET 2026
#@# thickness rh Thu Mar 12 16:07:06 CET 2026
#@# area and vertex vol rh Thu Mar 12 16:07:29 CET 2026
#@# Curvature Stats rh Thu Mar 12 16:07:30 CET 2026
#@# Cortical Parc 2 rh Thu Mar 12 16:07:32 CET 2026
#@# Cortical Parc 3 rh Thu Mar 12 16:07:42 CET 2026
#@# WM/GM Contrast rh Thu Mar 12 16:07:50 CET 2026
recon-all -s sub-v1s19x0051314_ses-1 finished without error at Thu Mar 12 16:07:53 CET 2026



#New# invocation of recon-all 



status file for recon-all
Thu Mar 12 16:13:40 CET 2026
#@# white curv rh Thu Mar 12 16:13:40 CET 2026
#@# white area rh Thu Mar 12 16:13:40 CET 2026
#@# pial curv rh Thu Mar 12 16:13:40 CET 2026
#@# pial area rh Thu Mar 12 16:13:40 CET 2026
#@# thickness rh Thu Mar 12 16:13:40 CET 2026
#@# area and vertex vol rh Thu Mar 12 16:13:40 CET 2026
#@# Parcellation Stats rh Thu Mar 12 16:13:40 CET 2026
#@# Parcellation Stats 2 rh Thu Mar 12 16:13:52 CET 2026
#@# Parcellation Stats 3 rh Thu Mar 12 16:13:59 CET 2026
#@# BA_exvivo Labels rh Thu Mar 12 16:14:05 CET 2026
recon-all -s sub-v1s19x0051314_ses-1 finished without error at Thu Mar 12 16:16:05 CET 2026
