status file for recon-all
Thu Mar 12 13:54:56 CET 2026
#@# MotionCor Thu Mar 12 13:54:58 CET 2026
#@# Talairach Thu Mar 12 13:55:05 CET 2026
#@# Talairach Failure Detection Thu Mar 12 13:59:29 CET 2026
#@# Nu Intensity Correction Thu Mar 12 13:59:29 CET 2026
#@# Intensity Normalization Thu Mar 12 14:02:43 CET 2026
recon-all -s sub-v1s19x0051314_ses-1 finished without error at Thu Mar 12 14:04:07 CET 2026



#New# invocation of recon-all 



status file for recon-all
Thu Mar 12 14:10:58 CET 2026
#@# EM Registration Thu Mar 12 14:10:58 CET 2026
recon-all -s sub-v1s19x0051314_ses-1 finished without error at Thu Mar 12 14:12:25 CET 2026



#New# invocation of recon-all 



status file for recon-all
Thu Mar 12 14:12:29 CET 2026
#@# CA Normalize Thu Mar 12 14:12:29 CET 2026
#@# CA Reg Thu Mar 12 14:13:51 CET 2026
#@# SubCort Seg Thu Mar 12 14:58:57 CET 2026
#@# CC Seg Thu Mar 12 15:26:54 CET 2026
#@# Merge ASeg Thu Mar 12 15:28:01 CET 2026
#@# Intensity Normalization2 Thu Mar 12 15:28:01 CET 2026
#@# Mask BFS Thu Mar 12 15:30:13 CET 2026
#@# WM Segmentation Thu Mar 12 15:30:13 CET 2026
#@# Fill Thu Mar 12 15:32:00 CET 2026
recon-all -s sub-v1s19x0051314_ses-1 finished without error at Thu Mar 12 15:33:01 CET 2026



#New# invocation of recon-all 



status file for recon-all
Thu Mar 12 16:07:59 CET 2026
#@# white curv lh Thu Mar 12 16:07:59 CET 2026
#@# white area lh Thu Mar 12 16:07:59 CET 2026
#@# pial curv lh Thu Mar 12 16:07:59 CET 2026
#@# pial area lh Thu Mar 12 16:07:59 CET 2026
#@# thickness lh Thu Mar 12 16:07:59 CET 2026
#@# area and vertex vol lh Thu Mar 12 16:07:59 CET 2026
#@# white curv rh Thu Mar 12 16:07:59 CET 2026
#@# white area rh Thu Mar 12 16:07:59 CET 2026
#@# pial curv rh Thu Mar 12 16:07:59 CET 2026
#@# pial area rh Thu Mar 12 16:07:59 CET 2026
#@# thickness rh Thu Mar 12 16:07:59 CET 2026
#@# area and vertex vol rh Thu Mar 12 16:07:59 CET 2026
#@# Cortical ribbon mask Thu Mar 12 16:07:59 CET 2026
recon-all -s sub-v1s19x0051314_ses-1 finished without error at Thu Mar 12 16:11:10 CET 2026



#New# invocation of recon-all 



status file for recon-all
Thu Mar 12 16:16:10 CET 2026
#@# white curv lh Thu Mar 12 16:16:10 CET 2026
#@# white area lh Thu Mar 12 16:16:10 CET 2026
#@# pial curv lh Thu Mar 12 16:16:10 CET 2026
#@# pial area lh Thu Mar 12 16:16:10 CET 2026
#@# thickness lh Thu Mar 12 16:16:10 CET 2026
#@# area and vertex vol lh Thu Mar 12 16:16:10 CET 2026
#@# white curv rh Thu Mar 12 16:16:10 CET 2026
#@# white area rh Thu Mar 12 16:16:10 CET 2026
#@# pial curv rh Thu Mar 12 16:16:10 CET 2026
#@# pial area rh Thu Mar 12 16:16:10 CET 2026
#@# thickness rh Thu Mar 12 16:16:10 CET 2026
#@# area and vertex vol rh Thu Mar 12 16:16:10 CET 2026
#@# Curvature Stats lh Thu Mar 12 16:16:10 CET 2026
#@# Curvature Stats rh Thu Mar 12 16:16:12 CET 2026
#@# Relabel Hypointensities Thu Mar 12 16:16:14 CET 2026
#@# APas-to-ASeg Thu Mar 12 16:16:27 CET 2026
#@# AParc-to-ASeg aparc Thu Mar 12 16:16:34 CET 2026
#@# AParc-to-ASeg aparc.a2009s Thu Mar 12 16:16:54 CET 2026
#@# AParc-to-ASeg aparc.DKTatlas Thu Mar 12 16:17:15 CET 2026
#@# WMParc Thu Mar 12 16:17:35 CET 2026
#@# ASeg Stats Thu Mar 12 16:21:02 CET 2026
recon-all -s sub-v1s19x0051314_ses-1 finished without error at Thu Mar 12 16:21:32 CET 2026
