/out/sourcedata/freesurfer/sub-v1s19x0051305_ses-1/mri
/opt/freesurfer/bin/talairach_avi
--i orig_nu.mgz --xfm transforms/talairach.auto.xfm
talairach_avi 7.3.2
Linux dna087 5.14.0-427.37.1.el9_4.x86_64 #1 SMP PREEMPT_DYNAMIC Fri Sep 13 12:41:50 EDT 2024 x86_64 x86_64 x86_64 GNU/Linux
Thu Mar 12 13:05:26 CET 2026
mri_convert orig_nu.mgz talsrcimg.img 
reading from orig_nu.mgz...
TR=0.00, TE=0.00, TI=0.00, flip angle=0.00
i_ras = (-1, 3.14321e-09, 7.45058e-09)
j_ras = (0, 9.31323e-10, -1)
k_ras = (-2.67755e-09, 1, 9.31323e-10)
writing to talsrcimg.img...
Analyze Output Matrix
-1.00000   0.00000  -0.00000   122.74750;
 0.00000   0.00000   1.00000  -114.05685;
 0.00000  -1.00000   0.00000   103.29489;
 0.00000   0.00000   0.00000   1.00000;
--------------------
INFO: set hdr.hist.orient to -1
mpr2mni305 talsrcimg
Thu Mar 12 13:05:27 CET 2026
/opt/freesurfer/bin/mpr2mni305 talsrcimg
mpr2mni305 7.3.2
target=711-2C_as_mni_average_305

---------------------------------------------------------------------
analyzeto4dfp talsrcimg -O0 -y
---------------------------------------------------------------------

freesurfer ifh2hdr.c
Thu Mar 12 13:05:27 2026
Writing: talsrcimg.4dfp.hdr
freesurfer analyzeto4dfp.c
Reading: talsrcimg.hdr
header size 348 bytes
hdr.dime.datatype	offset=70	value=2
hdr.dime.bitpix		offset=72	value=8
hdr.hist.orient		offset=252	value=-1
dimensionality     4
dimensions       256       256       256         1
Reading: talsrcimg.img
Writing: talsrcimg.4dfp.img
Writing: talsrcimg.4dfp.ifh
ifh2hdr talsrcimg -r0to244
ori=2

---------------------------------------------------------------------
gauss_4dfp talsrcimg 1.1
---------------------------------------------------------------------

freesurfer gauss_4dfp.c
Reading: talsrcimg.4dfp.img
Writing: talsrcimg_g11.4dfp.img
image dimensions 256 256 256 padded to 288 288 288
processing volume 1freesurfer ifh2hdr.c
Thu Mar 12 13:05:28 2026
Writing: talsrcimg_g11.4dfp.hdr

Writing: talsrcimg_g11.4dfp.ifh
including: talsrcimg.4dfp.img.rec in talsrcimg_g11.4dfp.img.rec

---------------------------------------------------------------------
imgreg_4dfp /opt/freesurfer/average/711-2C_as_mni_average_305 none talsrcimg_g11 none talsrcimg_to_711-2C_as_mni_average_305_t4 4355
---------------------------------------------------------------------

freesurfer imgreg_4dfp.c
/opt/freesurfer/average/711-2C_as_mni_average_305.4dfp.img
       256       256       256         1
  1.000000  1.000000  1.000000
orientation T byte_order littleendian
Reading image: /opt/freesurfer/average/711-2C_as_mni_average_305.4dfp.img
dimensions:      256       256       256
mmppix:       1.0000   -1.0000   -1.0000
center:     128.0000 -129.0000 -129.0000
talsrcimg_g11.4dfp.img
       256       256       256         1
  1.000000  1.000000  1.000000
orientation T byte_order littleendian
Reading image: talsrcimg_g11.4dfp.img
dimensions:      256       256       256
mmppix:       1.0000   -1.0000   -1.0000
center:     128.0000 -129.0000 -129.0000
t4_read: open error in t4_sub.f l:  41 t4_file(1:l)talsrcimg_to_711-2C_as_mni_average_305_t4 
t4_read: transform initialized to I4
rotation matrix determinant  1.000000
image alignment mode   4355 decimal     1103 hex
   -7.5000  -45.0000  -45.0000 4975.1665   14.4580
    0.0000  -45.0000  -45.0000 5264.7817   14.4691
    7.5000  -45.0000  -45.0000 5082.4517   14.4634
   -7.5000  -37.5000  -45.0000 5512.2915   14.1004
    0.0000  -37.5000  -45.0000 5822.8687   14.1148
    7.5000  -37.5000  -45.0000 5650.8423   14.1181
   -7.5000  -30.0000  -45.0000 6305.7866   13.8629
    0.0000  -30.0000  -45.0000 6640.0342   13.8798
    7.5000  -30.0000  -45.0000 6448.0215   13.8855
   -7.5000  -22.5000  -45.0000 7117.3965   13.7273
    0.0000  -22.5000  -45.0000 7490.3887   13.7437
    7.5000  -22.5000  -45.0000 7268.2061   13.7431
   -7.5000  -15.0000  -45.0000 7920.3882   13.7109
    0.0000  -15.0000  -45.0000 8329.2832   13.7255
    7.5000  -15.0000  -45.0000 8073.5522   13.7182
   -7.5000   -7.5000  -45.0000 8734.2158   13.6986
    0.0000   -7.5000  -45.0000 9185.0391   13.7115
    7.5000   -7.5000  -45.0000 8904.7227   13.7028
   -7.5000    0.0000  -45.0000 9530.6240   13.6912
    0.0000    0.0000  -45.000010029.7422   13.7036
    7.5000    0.0000  -45.0000 9702.5566   13.6998
   -7.5000    7.5000  -45.0000 9560.9004   13.6926
    0.0000    7.5000  -45.000010063.7490   13.7068
    7.5000    7.5000  -45.0000 9725.0293   13.7104
   -7.5000   15.0000  -45.0000 9415.9980   13.7001
    0.0000   15.0000  -45.0000 9922.6494   13.7166
    7.5000   15.0000  -45.0000 9572.8584   13.7221
   -7.5000   22.5000  -45.0000 9272.4971   13.7053
    0.0000   22.5000  -45.0000 9749.2197   13.7216
    7.5000   22.5000  -45.0000 9406.2510   13.7210
   -7.5000   30.0000  -45.0000 9082.1172   13.5242
    0.0000   30.0000  -45.0000 9530.2441   13.5385
    7.5000   30.0000  -45.0000 9207.2373   13.5313
   -7.5000   37.5000  -45.0000 9163.3252   13.5159
    0.0000   37.5000  -45.0000 9616.4971   13.5285
    7.5000   37.5000  -45.0000 9307.7812   13.5201
   -7.5000   45.0000  -45.0000 8874.7129   13.1658
    0.0000   45.0000  -45.0000 9309.3896   13.1777
    7.5000   45.0000  -45.0000 8987.1758   13.1740
   -7.5000  -45.0000  -37.5000 5378.2603   14.2980
    0.0000  -45.0000  -37.5000 5666.9639   14.3149
    7.5000  -45.0000  -37.5000 5490.2383   14.3098
   -7.5000  -37.5000  -37.5000 5948.1191   13.9493
    0.0000  -37.5000  -37.5000 6241.5278   13.9689
    7.5000  -37.5000  -37.5000 6069.3022   13.9721
   -7.5000  -30.0000  -37.5000 6777.8130   13.7187
    0.0000  -30.0000  -37.5000 7119.4136   13.7402
    7.5000  -30.0000  -37.5000 6919.3037   13.7462
   -7.5000  -22.5000  -37.5000 7647.5161   13.5864
    0.0000  -22.5000  -37.5000 8040.9165   13.6074
    7.5000  -22.5000  -37.5000 7804.5840   13.6073
   -7.5000  -15.0000  -37.5000 8503.3066   13.5687
    0.0000  -15.0000  -37.5000 8958.6992   13.5877
    7.5000  -15.0000  -37.5000 8687.9531   13.5810
   -7.5000   -7.5000  -37.5000 9402.4668   13.5534
    0.0000   -7.5000  -37.5000 9899.0342   13.5709
    7.5000   -7.5000  -37.5000 9599.9375   13.5630
   -7.5000    0.0000  -37.500010296.9863   13.5448
    0.0000    0.0000  -37.500010822.9473   13.5620
    7.5000    0.0000  -37.500010480.2217   13.5587
   -7.5000    7.5000  -37.500010292.9463   13.5480
    0.0000    7.5000  -37.500010814.6729   13.5670
    7.5000    7.5000  -37.500010457.3477   13.5707
   -7.5000   15.0000  -37.500010115.8193   13.5580
    0.0000   15.0000  -37.500010622.8770   13.5791
    7.5000   15.0000  -37.500010268.4229   13.5849
   -7.5000   22.5000  -37.5000 9925.1611   13.5642
    0.0000   22.5000  -37.500010420.2578   13.5851
    7.5000   22.5000  -37.500010049.9590   13.5851
   -7.5000   30.0000  -37.5000 9694.9775   13.3838
    0.0000   30.0000  -37.500010160.2256   13.4026
    7.5000   30.0000  -37.5000 9821.1182   13.3959
   -7.5000   37.5000  -37.5000 9792.1523   13.3726
    0.0000   37.5000  -37.500010255.7314   13.3899
    7.5000   37.5000  -37.5000 9917.6475   13.3820
   -7.5000   45.0000  -37.5000 9488.4346   13.0250
    0.0000   45.0000  -37.5000 9918.9785   13.0415
    7.5000   45.0000  -37.5000 9580.3301   13.0383
   -7.5000  -45.0000  -30.0000 5851.9614   14.7749
    0.0000  -45.0000  -30.0000 6146.4556   14.7894
    7.5000  -45.0000  -30.0000 5966.9590   14.7895
   -7.5000  -37.5000  -30.0000 6457.6304   14.4155
    0.0000  -37.5000  -30.0000 6781.1709   14.4328
    7.5000  -37.5000  -30.0000 6585.5591   14.4387
   -7.5000  -30.0000  -30.0000 7351.3735   14.1758
    0.0000  -30.0000  -30.0000 7735.3477   14.1953
    7.5000  -30.0000  -30.0000 7517.9819   14.2022
   -7.5000  -22.5000  -30.0000 8303.9775   14.0393
    0.0000  -22.5000  -30.0000 8753.2344   14.0582
    7.5000  -22.5000  -30.0000 8489.2646   14.0596
   -7.5000  -15.0000  -30.0000 9272.2402   14.0221
    0.0000  -15.0000  -30.0000 9771.0176   14.0392
    7.5000  -15.0000  -30.0000 9465.8291   14.0358
   -7.5000   -7.5000  -30.000010262.4297   14.0089
    0.0000   -7.5000  -30.000010807.2559   14.0243
    7.5000   -7.5000  -30.000010448.6719   14.0215
   -7.5000    0.0000  -30.000011204.2520   14.0015
    0.0000    0.0000  -30.000011790.1172   14.0164
    7.5000    0.0000  -30.000011384.8105   14.0181
   -7.5000    7.5000  -30.000011200.0342   14.0029
    0.0000    7.5000  -30.000011765.2939   14.0198
    7.5000    7.5000  -30.000011360.0820   14.0260
   -7.5000   15.0000  -30.000011010.1562   14.0104
    0.0000   15.0000  -30.000011533.3906   14.0296
    7.5000   15.0000  -30.000011141.7393   14.0363
   -7.5000   22.5000  -30.000010775.0918   14.0147
    0.0000   22.5000  -30.000011301.3604   14.0336
    7.5000   22.5000  -30.000010890.6143   14.0350
   -7.5000   30.0000  -30.000010507.5459   13.8323
    0.0000   30.0000  -30.000011007.5322   13.8492
    7.5000   30.0000  -30.000010623.3223   13.8458
   -7.5000   37.5000  -30.000010611.4971   13.8233
    0.0000   37.5000  -30.000011107.6846   13.8385
    7.5000   37.5000  -30.000010724.2539   13.8358
   -7.5000   45.0000  -30.000010258.3115   13.4740
    0.0000   45.0000  -30.000010717.5869   13.4884
    7.5000   45.0000  -30.000010336.4629   13.4900
   -7.5000  -45.0000  -22.5000 6317.0859   15.2923
    0.0000  -45.0000  -22.5000 6644.5513   15.2970
    7.5000  -45.0000  -22.5000 6447.1729   15.3021
   -7.5000  -37.5000  -22.5000 6974.2778   14.9141
    0.0000  -37.5000  -22.5000 7337.0469   14.9230
    7.5000  -37.5000  -22.5000 7116.8804   14.9323
   -7.5000  -30.0000  -22.5000 7955.7329   14.6594
    0.0000  -30.0000  -22.5000 8384.1738   14.6719
    7.5000  -30.0000  -22.5000 8129.9106   14.6803
   -7.5000  -22.5000  -22.5000 9018.1572   14.5180
    0.0000  -22.5000  -22.5000 9517.2334   14.5304
    7.5000  -22.5000  -22.5000 9214.5498   14.5330
   -7.5000  -15.0000  -22.500010107.0732   14.5056
    0.0000  -15.0000  -22.500010641.5908   14.5157
    7.5000  -15.0000  -22.500010289.6162   14.5149
   -7.5000   -7.5000  -22.500011165.2803   14.4987
    0.0000   -7.5000  -22.500011741.8447   14.5062
    7.5000   -7.5000  -22.500011321.3076   14.5077
   -7.5000    0.0000  -22.500012155.6465   14.4925
    0.0000    0.0000  -22.500012772.8564   14.4990
    7.5000    0.0000  -22.500012317.4805   14.5054
   -7.5000    7.5000  -22.500012143.5156   14.4877
    0.0000    7.5000  -22.500012733.6865   14.4966
    7.5000    7.5000  -22.500012279.1602   14.5062
   -7.5000   15.0000  -22.500011957.9287   14.4885
    0.0000   15.0000  -22.500012511.8955   14.5009
    7.5000   15.0000  -22.500012044.7705   14.5090
   -7.5000   22.5000  -22.500011691.6602   14.4916
    0.0000   22.5000  -22.500012238.9619   14.5040
    7.5000   22.5000  -22.500011782.4658   14.5066
   -7.5000   30.0000  -22.500011355.8779   14.3115
    0.0000   30.0000  -22.500011887.9678   14.3215
    7.5000   30.0000  -22.500011463.4600   14.3206
   -7.5000   37.5000  -22.500011427.1523   14.3088
    0.0000   37.5000  -22.500011952.5078   14.3163
    7.5000   37.5000  -22.500011518.4805   14.3177
   -7.5000   45.0000  -22.500011019.9893   13.9570
    0.0000   45.0000  -22.500011514.4473   13.9632
    7.5000   45.0000  -22.500011083.1025   13.9694
   -7.5000  -45.0000  -15.0000 6799.5508   15.7028
    0.0000  -45.0000  -15.0000 7151.4902   15.7009
    7.5000  -45.0000  -15.0000 6935.7593   15.7055
   -7.5000  -37.5000  -15.0000 7538.2939   15.3102
    0.0000  -37.5000  -15.0000 7926.0444   15.3135
    7.5000  -37.5000  -15.0000 7671.7153   15.3236
   -7.5000  -30.0000  -15.0000 8619.7100   15.0452
    0.0000  -30.0000  -15.0000 9087.0498   15.0529
    7.5000  -30.0000  -15.0000 8791.7520   15.0618
   -7.5000  -22.5000  -15.0000 9780.4697   14.8996
    0.0000  -22.5000  -15.000010321.6348   14.9071
    7.5000  -22.5000  -15.0000 9962.3359   14.9091
   -7.5000  -15.0000  -15.000010944.2705   14.8897
    0.0000  -15.0000  -15.000011510.5674   14.8946
    7.5000  -15.0000  -15.000011120.5117   14.8923
   -7.5000   -7.5000  -15.000012061.3379   14.8858
    0.0000   -7.5000  -15.000012679.8955   14.8879
    7.5000   -7.5000  -15.000012207.7480   14.8881
   -7.5000    0.0000  -15.000013102.9590   14.8798
    0.0000    0.0000  -15.000013767.1963   14.8808
    7.5000    0.0000  -15.000013253.1416   14.8868
   -7.5000    7.5000  -15.000013070.3301   14.8717
    0.0000    7.5000  -15.000013701.5518   14.8755
    7.5000    7.5000  -15.000013206.8389   14.8856
   -7.5000   15.0000  -15.000012877.8125   14.8696
    0.0000   15.0000  -15.000013488.2314   14.8771
    7.5000   15.0000  -15.000012972.9600   14.8856
   -7.5000   22.5000  -15.000012572.3945   14.8720
    0.0000   22.5000  -15.000013194.1230   14.8794
    7.5000   22.5000  -15.000012700.8428   14.8814
   -7.5000   30.0000  -15.000012199.2979   14.6925
    0.0000   30.0000  -15.000012791.4834   14.6973
    7.5000   30.0000  -15.000012296.2266   14.6951
   -7.5000   37.5000  -15.000012245.8633   14.6930
    0.0000   37.5000  -15.000012823.1533   14.6950
    7.5000   37.5000  -15.000012308.2422   14.6952
   -7.5000   45.0000  -15.000011777.9248   14.3386
    0.0000   45.0000  -15.000012322.1084   14.3396
    7.5000   45.0000  -15.000011823.6797   14.3454
   -7.5000  -45.0000   -7.5000 7323.5776   15.9009
    0.0000  -45.0000   -7.5000 7696.4600   15.9029
    7.5000  -45.0000   -7.5000 7461.3657   15.9023
   -7.5000  -37.5000   -7.5000 8139.2222   15.5064
    0.0000  -37.5000   -7.5000 8564.0898   15.5135
    7.5000  -37.5000   -7.5000 8279.3037   15.5211
   -7.5000  -30.0000   -7.5000 9331.3047   15.2424
    0.0000  -30.0000   -7.5000 9828.6670   15.2531
    7.5000  -30.0000   -7.5000 9498.2393   15.2614
   -7.5000  -22.5000   -7.500010586.0107   15.0950
    0.0000  -22.5000   -7.500011132.2227   15.1050
    7.5000  -22.5000   -7.500010745.8613   15.1058
   -7.5000  -15.0000   -7.500011828.3926   15.0815
    0.0000  -15.0000   -7.500012421.2490   15.0891
    7.5000  -15.0000   -7.500011973.5518   15.0836
   -7.5000   -7.5000   -7.500012992.9062   15.0733
    0.0000   -7.5000   -7.500013653.0879   15.0785
    7.5000   -7.5000   -7.500013131.1006   15.0735
   -7.5000    0.0000   -7.500014071.4648   15.0656
    0.0000    0.0000   -7.500014763.6172   15.0704
    7.5000    0.0000   -7.500014209.6367   15.0715
   -7.5000    7.5000   -7.500014030.8408   15.0615
    0.0000    7.5000   -7.500014695.5078   15.0688
    7.5000    7.5000   -7.500014154.7051   15.0765
   -7.5000   15.0000   -7.500013823.3184   15.0642
    0.0000   15.0000   -7.500014465.4434   15.0746
    7.5000   15.0000   -7.500013918.9395   15.0825
   -7.5000   22.5000   -7.500013459.9492   15.0654
    0.0000   22.5000   -7.500014141.2236   15.0754
    7.5000   22.5000   -7.500013605.5342   15.0761
   -7.5000   30.0000   -7.500013055.9590   14.8814
    0.0000   30.0000   -7.500013719.7207   14.8888
    7.5000   30.0000   -7.500013166.6201   14.8834
   -7.5000   37.5000   -7.500013136.1729   14.8776
    0.0000   37.5000   -7.500013781.3789   14.8828
    7.5000   37.5000   -7.500013211.0137   14.8778
   -7.5000   45.0000   -7.500012615.0215   14.5204
    0.0000   45.0000   -7.500013198.2920   14.5250
    7.5000   45.0000   -7.500012645.4199   14.5261
   -7.5000  -45.0000    0.0000 7827.4287   15.9080
    0.0000  -45.0000    0.0000 8226.5645   15.9198
    7.5000  -45.0000    0.0000 7955.7930   15.9140
   -7.5000  -37.5000    0.0000 8726.5537   15.5193
    0.0000  -37.5000    0.0000 9184.9980   15.5351
    7.5000  -37.5000    0.0000 8877.8906   15.5395
   -7.5000  -30.0000    0.000010017.5674   15.2617
    0.0000  -30.0000    0.000010535.7725   15.2804
    7.5000  -30.0000    0.000010177.4365   15.2879
   -7.5000  -22.5000    0.000011328.7754   15.1148
    0.0000  -22.5000    0.000011914.4033   15.1326
    7.5000  -22.5000    0.000011485.8193   15.1330
   -7.5000  -15.0000    0.000012627.3652   15.0964
    0.0000  -15.0000    0.000013268.0342   15.1120
    7.5000  -15.0000    0.000012781.3496   15.1045
   -7.5000   -7.5000    0.000013846.8428   15.0816
    0.0000   -7.5000    0.000014553.0957   15.0951
    7.5000   -7.5000    0.000014027.3984   15.0860
   -7.5000    0.0000    0.000014986.3779   15.0723
    0.0000    0.0000    0.000015753.8789   15.0855
    7.5000    0.0000    0.000015172.1484   15.0818
   -7.5000    7.5000    0.000014933.9092   15.0739
    0.0000    7.5000    0.000015685.5117   15.0894
    7.5000    7.5000    0.000015112.7139   15.0942
   -7.5000   15.0000    0.000014682.2617   15.0833
    0.0000   15.0000    0.000015405.0283   15.1014
    7.5000   15.0000    0.000014837.6211   15.1087
   -7.5000   22.5000    0.000014282.8193   15.0851
    0.0000   22.5000    0.000014983.4463   15.1029
    7.5000   22.5000    0.000014419.9121   15.1033
   -7.5000   30.0000    0.000013863.6289   14.8965
    0.0000   30.0000    0.000014567.9844   14.9118
    7.5000   30.0000    0.000013966.9512   14.9044
   -7.5000   37.5000    0.000013955.4014   14.8862
    0.0000   37.5000    0.000014646.9180   14.8996
    7.5000   37.5000    0.000014036.1279   14.8905
   -7.5000   45.0000    0.000013379.9600   14.5280
    0.0000   45.0000    0.000014013.1455   14.5407
    7.5000   45.0000    0.000013402.0635   14.5371
   -7.5000  -45.0000    7.5000 7733.0044   15.8636
    0.0000  -45.0000    7.5000 8147.7866   15.8819
    7.5000  -45.0000    7.5000 7873.2461   15.8764
   -7.5000  -37.5000    7.5000 8656.0400   15.4793
    0.0000  -37.5000    7.5000 9117.3408   15.5007
    7.5000  -37.5000    7.5000 8813.8096   15.5045
   -7.5000  -30.0000    7.5000 9935.4951   15.2253
    0.0000  -30.0000    7.500010455.3809   15.2488
    7.5000  -30.0000    7.500010084.0459   15.2557
   -7.5000  -22.5000    7.500011223.9805   15.0794
    0.0000  -22.5000    7.500011797.0303   15.1022
    7.5000  -22.5000    7.500011375.9561   15.1025
   -7.5000  -15.0000    7.500012481.2920   15.0593
    0.0000  -15.0000    7.500013129.3613   15.0799
    7.5000  -15.0000    7.500012639.0166   15.0729
   -7.5000   -7.5000    7.500013642.5537   15.0418
    0.0000   -7.5000    7.500014366.4678   15.0608
    7.5000   -7.5000    7.500013852.8555   15.0522
   -7.5000    0.0000    7.500014780.3594   15.0321
    0.0000    0.0000    7.500015540.2129   15.0508
    7.5000    0.0000    7.500014991.2070   15.0473
   -7.5000    7.5000    7.500014765.1387   15.0359
    0.0000    7.5000    7.500015522.0117   15.0567
    7.5000    7.5000    7.500015000.5479   15.0610
   -7.5000   15.0000    7.500014480.1211   15.0476
    0.0000   15.0000    7.500015228.1523   15.0706
    7.5000   15.0000    7.500014694.7510   15.0773
   -7.5000   22.5000    7.500014068.3643   15.0497
    0.0000   22.5000    7.500014748.0918   15.0725
    7.5000   22.5000    7.500014178.7041   15.0728
   -7.5000   30.0000    7.500013645.5928   14.8598
    0.0000   30.0000    7.500014304.8711   14.8802
    7.5000   30.0000    7.500013720.9551   14.8732
   -7.5000   37.5000    7.500013737.9570   14.8469
    0.0000   37.5000    7.500014361.9307   14.8657
    7.5000   37.5000    7.500013767.9199   14.8572
   -7.5000   45.0000    7.500013145.5195   14.4892
    0.0000   45.0000    7.500013717.5605   14.5072
    7.5000   45.0000    7.500013138.7852   14.5039
   -7.5000  -45.0000   15.0000 7515.4888   15.8447
    0.0000  -45.0000   15.0000 7916.2979   15.8601
    7.5000  -45.0000   15.0000 7654.9517   15.8603
   -7.5000  -37.5000   15.0000 8481.2568   15.4593
    0.0000  -37.5000   15.0000 8933.8018   15.4778
    7.5000  -37.5000   15.0000 8615.1123   15.4841
   -7.5000  -30.0000   15.0000 9748.1396   15.2025
    0.0000  -30.0000   15.000010260.4170   15.2233
    7.5000  -30.0000   15.0000 9879.7695   15.2307
   -7.5000  -22.5000   15.000010986.1553   15.0566
    0.0000  -22.5000   15.000011572.4766   15.0768
    7.5000  -22.5000   15.000011141.3223   15.0783
   -7.5000  -15.0000   15.000012195.9385   15.0386
    0.0000  -15.0000   15.000012852.8018   15.0567
    7.5000  -15.0000   15.000012356.8652   15.0531
   -7.5000   -7.5000   15.000013279.7012   15.0244
    0.0000   -7.5000   15.000014016.3828   15.0407
    7.5000   -7.5000   15.000013508.2676   15.0378
   -7.5000    0.0000   15.000014337.4980   15.0161
    0.0000    0.0000   15.000015124.2334   15.0320
    7.5000    0.0000   15.000014605.1699   15.0339
   -7.5000    7.5000   15.000014384.2637   15.0173
    0.0000    7.5000   15.000015233.0986   15.0353
    7.5000    7.5000   15.000014739.1074   15.0420
   -7.5000   15.0000   15.000014202.1553   15.0253
    0.0000   15.0000   15.000015020.9160   15.0458
    7.5000   15.0000   15.000014498.9639   15.0530
   -7.5000   22.5000   15.000013847.2373   15.0269
    0.0000   22.5000   15.000014433.0283   15.0471
    7.5000   22.5000   15.000013902.2930   15.0486
   -7.5000   30.0000   15.000013438.0635   14.8394
    0.0000   30.0000   15.000013942.9531   14.8572
    7.5000   30.0000   15.000013415.5342   14.8536
   -7.5000   37.5000   15.000013480.3672   14.8297
    0.0000   37.5000   15.000014017.4775   14.8458
    7.5000   37.5000   15.000013471.7129   14.8430
   -7.5000   45.0000   15.000012850.9629   14.4738
    0.0000   45.0000   15.000013411.4111   14.4891
    7.5000   45.0000   15.000012860.7930   14.4909
   -7.5000  -45.0000   22.5000 7234.4624   15.8744
    0.0000  -45.0000   22.5000 7619.9878   15.8793
    7.5000  -45.0000   22.5000 7346.2065   15.8846
   -7.5000  -37.5000   22.5000 8155.5659   15.4818
    0.0000  -37.5000   22.5000 8623.6670   15.4910
    7.5000  -37.5000   22.5000 8287.6475   15.5007
   -7.5000  -30.0000   22.5000 9379.1299   15.2174
    0.0000  -30.0000   22.5000 9903.0918   15.2304
    7.5000  -30.0000   22.5000 9531.6777   15.2391
   -7.5000  -22.5000   22.500010603.6650   15.0706
    0.0000  -22.5000   22.500011184.3906   15.0834
    7.5000  -22.5000   22.500010781.5947   15.0862
   -7.5000  -15.0000   22.500011788.8682   15.0578
    0.0000  -15.0000   22.500012426.2207   15.0682
    7.5000  -15.0000   22.500011975.0957   15.0674
   -7.5000   -7.5000   22.500012833.1006   15.0506
    0.0000   -7.5000   22.500013484.8584   15.0584
    7.5000   -7.5000   22.500013037.3281   15.0599
   -7.5000    0.0000   22.500013828.0439   15.0442
    0.0000    0.0000   22.500014496.3262   15.0508
    7.5000    0.0000   22.500014080.0840   15.0575
   -7.5000    7.5000   22.500013849.0156   15.0392
    0.0000    7.5000   22.500014635.3135   15.0484
    7.5000    7.5000   22.500014282.6543   15.0583
   -7.5000   15.0000   22.500013755.1426   15.0400
    0.0000   15.0000   22.500014500.5410   15.0528
    7.5000   15.0000   22.500014140.8809   15.0612
   -7.5000   22.5000   22.500013471.9297   15.0410
    0.0000   22.5000   22.500014018.1377   15.0538
    7.5000   22.5000   22.500013598.2744   15.0565
   -7.5000   30.0000   22.500013067.0596   14.8584
    0.0000   30.0000   22.500013601.0000   14.8687
    7.5000   30.0000   22.500013114.9766   14.8678
   -7.5000   37.5000   22.500013057.8398   14.8556
    0.0000   37.5000   22.500013694.4209   14.8633
    7.5000   37.5000   22.500013161.1074   14.8648
   -7.5000   45.0000   22.500012372.0264   14.5008
    0.0000   45.0000   22.500013029.6514   14.5073
    7.5000   45.0000   22.500012486.2041   14.5137
   -7.5000  -45.0000   30.0000 6847.7085   15.9185
    0.0000  -45.0000   30.0000 7221.2183   15.9166
    7.5000  -45.0000   30.0000 6947.8169   15.9213
   -7.5000  -37.5000   30.0000 7746.3613   15.5205
    0.0000  -37.5000   30.0000 8183.1719   15.5238
    7.5000  -37.5000   30.0000 7875.1499   15.5341
   -7.5000  -30.0000   30.0000 8925.2520   15.2519
    0.0000  -30.0000   30.0000 9414.6738   15.2597
    7.5000  -30.0000   30.0000 9076.2793   15.2687
   -7.5000  -22.5000   30.000010112.7998   15.1043
    0.0000  -22.5000   30.000010655.7949   15.1118
    7.5000  -22.5000   30.000010275.3086   15.1139
   -7.5000  -15.0000   30.000011234.4834   15.0942
    0.0000  -15.0000   30.000011839.4902   15.0992
    7.5000  -15.0000   30.000011433.9336   15.0969
   -7.5000   -7.5000   30.000012244.2305   15.0903
    0.0000   -7.5000   30.000012872.0088   15.0924
    7.5000   -7.5000   30.000012469.9766   15.0926
   -7.5000    0.0000   30.000013218.7705   15.0842
    0.0000    0.0000   30.000013869.9404   15.0852
    7.5000    0.0000   30.000013501.5342   15.0913
   -7.5000    7.5000   30.000013196.0205   15.0760
    0.0000    7.5000   30.000013897.6562   15.0798
    7.5000    7.5000   30.000013612.9580   15.0901
   -7.5000   15.0000   30.000013047.8955   15.0739
    0.0000   15.0000   30.000013786.3604   15.0815
    7.5000   15.0000   30.000013473.2207   15.0901
   -7.5000   22.5000   30.000012764.6982   15.0747
    0.0000   22.5000   30.000013483.5801   15.0822
    7.5000   22.5000   30.000013137.1826   15.0842
   -7.5000   30.0000   30.000012391.7119   14.8944
    0.0000   30.0000   30.000013138.5283   14.8992
    7.5000   30.0000   30.000012716.8828   14.8969
   -7.5000   37.5000   30.000012362.3252   14.8948
    0.0000   37.5000   30.000013120.6768   14.8969
    7.5000   37.5000   30.000012645.5459   14.8971
   -7.5000   45.0000   30.000011722.1387   14.5394
    0.0000   45.0000   30.000012394.3604   14.5404
    7.5000   45.0000   30.000011923.3896   14.5463
   -7.5000  -45.0000   37.5000 6664.1826   15.9437
    0.0000  -45.0000   37.5000 7013.3296   15.9459
    7.5000  -45.0000   37.5000 6741.5327   15.9452
   -7.5000  -37.5000   37.5000 7526.9478   15.5480
    0.0000  -37.5000   37.5000 7937.6211   15.5552
    7.5000  -37.5000   37.5000 7638.6738   15.5628
   -7.5000  -30.0000   37.5000 8675.6465   15.2831
    0.0000  -30.0000   37.5000 9158.6465   15.2939
    7.5000  -30.0000   37.5000 8815.1807   15.3022
   -7.5000  -22.5000   37.5000 9838.9971   15.1351
    0.0000  -22.5000   37.500010399.4805   15.1452
    7.5000  -22.5000   37.500010024.6465   15.1460
   -7.5000  -15.0000   37.500010969.2725   15.1216
    0.0000  -15.0000   37.500011604.3740   15.1292
    7.5000  -15.0000   37.500011193.8096   15.1238
   -7.5000   -7.5000   37.500012015.0635   15.1134
    0.0000   -7.5000   37.500012704.3799   15.1187
    7.5000   -7.5000   37.500012268.3594   15.1137
   -7.5000    0.0000   37.500012998.8311   15.1058
    0.0000    0.0000   37.500013753.5469   15.1107
    7.5000    0.0000   37.500013318.4160   15.1117
   -7.5000    7.5000   37.500012991.8779   15.1017
    0.0000    7.5000   37.500013737.6934   15.1090
    7.5000    7.5000   37.500013322.3340   15.1167
   -7.5000   15.0000   37.500012809.9287   15.1043
    0.0000   15.0000   37.500013467.8428   15.1148
    7.5000   15.0000   37.500013045.3203   15.1227
   -7.5000   22.5000   37.500012454.3359   15.1054
    0.0000   22.5000   37.500013074.4131   15.1155
    7.5000   22.5000   37.500012667.5615   15.1163
   -7.5000   30.0000   37.500012063.5664   14.9214
    0.0000   30.0000   37.500012702.4004   14.9289
    7.5000   30.0000   37.500012291.5234   14.9235
   -7.5000   37.5000   37.500012072.5967   14.9176
    0.0000   37.5000   37.500012722.4268   14.9229
    7.5000   37.5000   37.500012303.8496   14.9179
   -7.5000   45.0000   37.500011498.1689   14.5603
    0.0000   45.0000   37.500012089.5781   14.5649
    7.5000   45.0000   37.500011676.4971   14.5660
   -7.5000  -45.0000   45.0000 6094.0347   15.8424
    0.0000  -45.0000   45.0000 6413.7065   15.8542
    7.5000  -45.0000   45.0000 6159.3916   15.8483
   -7.5000  -37.5000   45.0000 6888.2266   15.4549
    0.0000  -37.5000   45.0000 7275.4233   15.4707
    7.5000  -37.5000   45.0000 6982.6968   15.4749
   -7.5000  -30.0000   45.0000 7952.4199   15.1981
    0.0000  -30.0000   45.0000 8411.3057   15.2166
    7.5000  -30.0000   45.0000 8074.1875   15.2239
   -7.5000  -22.5000   45.0000 9048.1504   15.0515
    0.0000  -22.5000   45.0000 9578.1045   15.0691
    7.5000  -22.5000   45.0000 9217.3564   15.0693
   -7.5000  -15.0000   45.000010121.0840   15.0330
    0.0000  -15.0000   45.000010706.9717   15.0485
    7.5000  -15.0000   45.000010296.1826   15.0410
   -7.5000   -7.5000   45.000011094.4102   15.0183
    0.0000   -7.5000   45.000011725.8428   15.0319
    7.5000   -7.5000   45.000011293.4492   15.0226
   -7.5000    0.0000   45.000012028.1055   15.0092
    0.0000    0.0000   45.000012709.1992   15.0225
    7.5000    0.0000   45.000012255.5557   15.0185
   -7.5000    7.5000   45.000012031.8379   15.0109
    0.0000    7.5000   45.000012684.8369   15.0264
    7.5000    7.5000   45.000012229.7314   15.0309
   -7.5000   15.0000   45.000011845.0332   15.0202
    0.0000   15.0000   45.000012437.1543   15.0382
    7.5000   15.0000   45.000011998.5195   15.0453
   -7.5000   22.5000   45.000011511.4189   15.0219
    0.0000   22.5000   45.000012060.5479   15.0395
    7.5000   22.5000   45.000011673.5986   15.0397
   -7.5000   30.0000   45.000011150.4189   14.8327
    0.0000   30.0000   45.000011676.5781   14.8479
    7.5000   30.0000   45.000011302.3906   14.8404
   -7.5000   37.5000   45.000011193.6445   14.8224
    0.0000   37.5000   45.000011722.3740   14.8358
    7.5000   37.5000   45.000011342.7432   14.8266
   -7.5000   45.0000   45.000010702.2354   14.4737
    0.0000   45.0000   45.000011198.0234   14.4865
    7.5000   45.0000   45.000010823.2070   14.4827

---------------------------------------------------------------------
imgreg_4dfp /opt/freesurfer/average/711-2C_as_mni_average_305 /opt/freesurfer/average/711-2B_as_mni_average_305_mask talsrcimg_g11 none talsrcimg_to_711-2C_as_mni_average_305_t4 4355
---------------------------------------------------------------------

freesurfer imgreg_4dfp.c
/opt/freesurfer/average/711-2C_as_mni_average_305.4dfp.img
       256       256       256         1
  1.000000  1.000000  1.000000
orientation T byte_order littleendian
Reading image: /opt/freesurfer/average/711-2C_as_mni_average_305.4dfp.img
dimensions:      256       256       256
mmppix:       1.0000   -1.0000   -1.0000
center:     128.0000 -129.0000 -129.0000
/opt/freesurfer/average/711-2B_as_mni_average_305_mask.4dfp.img
       256       256       256         1
  1.000000  1.000000  1.000000
orientation T byte_order littleendian
Reading mask: /opt/freesurfer/average/711-2B_as_mni_average_305_mask.4dfp.img (2306576 pixels)
talsrcimg_g11.4dfp.img
       256       256       256         1
  1.000000  1.000000  1.000000
orientation T byte_order littleendian
Reading image: talsrcimg_g11.4dfp.img
dimensions:      256       256       256
mmppix:       1.0000   -1.0000   -1.0000
center:     128.0000 -129.0000 -129.0000
rotation matrix determinant  1.000000
image alignment mode   4355 decimal     1103 hex
   -7.5000  -45.0000  -45.0000 1445.4172   27.4284
    0.0000  -45.0000  -45.0000 1472.6831   26.8371
    7.5000  -45.0000  -45.0000 1477.5400   26.6483
   -7.5000  -37.5000  -45.0000 1561.0638   23.7853
    0.0000  -37.5000  -45.0000 1593.5077   23.3277
    7.5000  -37.5000  -45.0000 1603.2853   23.1264
   -7.5000  -30.0000  -45.0000 1678.8866   20.9375
    0.0000  -30.0000  -45.0000 1706.2659   20.5618
    7.5000  -30.0000  -45.0000 1716.4062   20.4567
   -7.5000  -22.5000  -45.0000 1788.0963   18.6335
    0.0000  -22.5000  -45.0000 1811.3977   18.2659
    7.5000  -22.5000  -45.0000 1820.6542   18.2312
   -7.5000  -15.0000  -45.0000 1872.7753   16.7777
    0.0000  -15.0000  -45.0000 1894.4144   16.4401
    7.5000  -15.0000  -45.0000 1905.2029   16.3874
   -7.5000   -7.5000  -45.0000 1954.7096   15.3696
    0.0000   -7.5000  -45.0000 1973.8788   15.0579
    7.5000   -7.5000  -45.0000 1985.5925   15.0283
   -7.5000    0.0000  -45.0000 2015.6287   14.3835
    0.0000    0.0000  -45.0000 2040.0161   14.1101
    7.5000    0.0000  -45.0000 2045.4525   14.0716
   -7.5000    7.5000  -45.0000 2051.3906   13.7898
    0.0000    7.5000  -45.0000 2079.5562   13.5140
    7.5000    7.5000  -45.0000 2085.6973   13.4369
   -7.5000   15.0000  -45.0000 2063.6902   13.5117
    0.0000   15.0000  -45.0000 2092.1758   13.2023
    7.5000   15.0000  -45.0000 2104.0327   13.1251
   -7.5000   22.5000  -45.0000 2067.8904   13.4980
    0.0000   22.5000  -45.0000 2092.7832   13.1755
    7.5000   22.5000  -45.0000 2105.3579   13.1185
   -7.5000   30.0000  -45.0000 2050.9746   13.7830
    0.0000   30.0000  -45.0000 2081.2297   13.4391
    7.5000   30.0000  -45.0000 2094.1592   13.3710
   -7.5000   37.5000  -45.0000 2016.4791   14.4396
    0.0000   37.5000  -45.0000 2047.4360   14.0974
    7.5000   37.5000  -45.0000 2062.3008   14.0014
   -7.5000   45.0000  -45.0000 1966.6963   15.3646
    0.0000   45.0000  -45.0000 1997.6123   14.9938
    7.5000   45.0000  -45.0000 2009.4402   14.8451
   -7.5000  -45.0000  -37.5000 1521.0378   25.0663
    0.0000  -45.0000  -37.5000 1548.0067   24.6184
    7.5000  -45.0000  -37.5000 1549.9144   24.5127
   -7.5000  -37.5000  -37.5000 1638.7083   21.7386
    0.0000  -37.5000  -37.5000 1662.0438   21.2965
    7.5000  -37.5000  -37.5000 1671.0291   21.2348
   -7.5000  -30.0000  -37.5000 1757.1504   19.1475
    0.0000  -30.0000  -37.5000 1779.5283   18.7297
    7.5000  -30.0000  -37.5000 1789.0009   18.6783
   -7.5000  -22.5000  -37.5000 1871.7759   17.0032
    0.0000  -22.5000  -37.5000 1895.6578   16.6567
    7.5000  -22.5000  -37.5000 1903.9412   16.6381
   -7.5000  -15.0000  -37.5000 1962.7476   15.3220
    0.0000  -15.0000  -37.5000 1988.4131   15.0421
    7.5000  -15.0000  -37.5000 1998.7787   15.0043
   -7.5000   -7.5000  -37.5000 2056.1853   14.0543
    0.0000   -7.5000  -37.5000 2079.8682   13.8180
    7.5000   -7.5000  -37.5000 2091.3728   13.7724
   -7.5000    0.0000  -37.5000 2133.1484   13.1208
    0.0000    0.0000  -37.5000 2153.8774   12.9176
    7.5000    0.0000  -37.5000 2165.3940   12.8886
   -7.5000    7.5000  -37.5000 2163.0725   12.5862
    0.0000    7.5000  -37.5000 2186.5896   12.3629
    7.5000    7.5000  -37.5000 2198.2822   12.3278
   -7.5000   15.0000  -37.5000 2172.2598   12.3079
    0.0000   15.0000  -37.5000 2198.6443   12.0699
    7.5000   15.0000  -37.5000 2209.9973   12.0206
   -7.5000   22.5000  -37.5000 2168.1365   12.2893
    0.0000   22.5000  -37.5000 2199.8557   12.0145
    7.5000   22.5000  -37.5000 2209.3748   11.9699
   -7.5000   30.0000  -37.5000 2154.0566   12.4495
    0.0000   30.0000  -37.5000 2185.3677   12.1630
    7.5000   30.0000  -37.5000 2195.8679   12.1339
   -7.5000   37.5000  -37.5000 2118.0100   13.0063
    0.0000   37.5000  -37.5000 2153.0120   12.6934
    7.5000   37.5000  -37.5000 2164.9019   12.6271
   -7.5000   45.0000  -37.5000 2071.3391   13.8131
    0.0000   45.0000  -37.5000 2104.9175   13.4698
    7.5000   45.0000  -37.5000 2115.6719   13.3682
   -7.5000  -45.0000  -30.0000 1612.5557   24.0106
    0.0000  -45.0000  -30.0000 1637.0154   23.4832
    7.5000  -45.0000  -30.0000 1640.9021   23.4588
   -7.5000  -37.5000  -30.0000 1738.3759   20.7081
    0.0000  -37.5000  -30.0000 1759.8654   20.2516
    7.5000  -37.5000  -30.0000 1770.4623   20.2694
   -7.5000  -30.0000  -30.0000 1865.0222   18.1139
    0.0000  -30.0000  -30.0000 1887.2717   17.7721
    7.5000  -30.0000  -30.0000 1897.2032   17.7836
   -7.5000  -22.5000  -30.0000 1987.7870   16.1142
    0.0000  -22.5000  -30.0000 2014.9222   15.8319
    7.5000  -22.5000  -30.0000 2024.6693   15.8209
   -7.5000  -15.0000  -30.0000 2097.5640   14.5523
    0.0000  -15.0000  -30.0000 2126.8745   14.2798
    7.5000  -15.0000  -30.0000 2134.7053   14.2590
   -7.5000   -7.5000  -30.0000 2201.3679   13.3635
    0.0000   -7.5000  -30.0000 2228.8906   13.1316
    7.5000   -7.5000  -30.0000 2237.1973   13.0912
   -7.5000    0.0000  -30.0000 2279.0015   12.4798
    0.0000    0.0000  -30.0000 2306.0767   12.2710
    7.5000    0.0000  -30.0000 2313.7246   12.2463
   -7.5000    7.5000  -30.0000 2310.9983   11.9433
    0.0000    7.5000  -30.0000 2341.3926   11.7394
    7.5000    7.5000  -30.0000 2349.3818   11.7010
   -7.5000   15.0000  -30.0000 2321.3245   11.6532
    0.0000   15.0000  -30.0000 2352.0959   11.4287
    7.5000   15.0000  -30.0000 2361.3574   11.4052
   -7.5000   22.5000  -30.0000 2319.4114   11.5944
    0.0000   22.5000  -30.0000 2352.5154   11.3404
    7.5000   22.5000  -30.0000 2363.3943   11.3218
   -7.5000   30.0000  -30.0000 2302.0833   11.7487
    0.0000   30.0000  -30.0000 2333.9553   11.4816
    7.5000   30.0000  -30.0000 2346.9922   11.4702
   -7.5000   37.5000  -30.0000 2266.5264   12.2461
    0.0000   37.5000  -30.0000 2304.5112   11.9326
    7.5000   37.5000  -30.0000 2320.0698   11.8946
   -7.5000   45.0000  -30.0000 2215.7952   12.9919
    0.0000   45.0000  -30.0000 2253.4897   12.6381
    7.5000   45.0000  -30.0000 2266.4773   12.6039
   -7.5000  -45.0000  -22.5000 1680.5023   22.8033
    0.0000  -45.0000  -22.5000 1704.1593   22.3233
    7.5000  -45.0000  -22.5000 1709.9187   22.3276
   -7.5000  -37.5000  -22.5000 1813.8594   19.6489
    0.0000  -37.5000  -22.5000 1835.3987   19.2242
    7.5000  -37.5000  -22.5000 1847.8044   19.2259
   -7.5000  -30.0000  -22.5000 1949.6473   17.1971
    0.0000  -30.0000  -22.5000 1972.3160   16.8657
    7.5000  -30.0000  -22.5000 1983.1497   16.8909
   -7.5000  -22.5000  -22.5000 2085.7734   15.3245
    0.0000  -22.5000  -22.5000 2113.3438   15.0670
    7.5000  -22.5000  -22.5000 2122.0039   15.0245
   -7.5000  -15.0000  -22.5000 2207.8018   13.8285
    0.0000  -15.0000  -22.5000 2238.5549   13.5689
    7.5000  -15.0000  -22.5000 2245.5149   13.5619
   -7.5000   -7.5000  -22.5000 2313.0300   12.6673
    0.0000   -7.5000  -22.5000 2346.7932   12.4156
    7.5000   -7.5000  -22.5000 2349.1743   12.4133
   -7.5000    0.0000  -22.5000 2390.3086   11.8084
    0.0000    0.0000  -22.5000 2426.5847   11.5829
    7.5000    0.0000  -22.5000 2429.4009   11.5817
   -7.5000    7.5000  -22.5000 2434.0635   11.2824
    0.0000    7.5000  -22.5000 2469.5840   11.0477
    7.5000    7.5000  -22.5000 2476.4041   11.0382
   -7.5000   15.0000  -22.5000 2454.1672   10.9579
    0.0000   15.0000  -22.5000 2488.2561   10.7355
    7.5000   15.0000  -22.5000 2495.8062   10.7292
   -7.5000   22.5000  -22.5000 2460.3071   10.8760
    0.0000   22.5000  -22.5000 2493.6807   10.6500
    7.5000   22.5000  -22.5000 2500.5327   10.6383
   -7.5000   30.0000  -22.5000 2435.3701   11.0297
    0.0000   30.0000  -22.5000 2472.5356   10.7829
    7.5000   30.0000  -22.5000 2484.3188   10.7912
   -7.5000   37.5000  -22.5000 2394.0332   11.4698
    0.0000   37.5000  -22.5000 2436.1265   11.1894
    7.5000   37.5000  -22.5000 2453.8862   11.1689
   -7.5000   45.0000  -22.5000 2339.4951   12.1775
    0.0000   45.0000  -22.5000 2379.9424   11.8722
    7.5000   45.0000  -22.5000 2393.4502   11.8602
   -7.5000  -45.0000  -15.0000 1722.7942   21.8447
    0.0000  -45.0000  -15.0000 1746.3467   21.3937
    7.5000  -45.0000  -15.0000 1758.8057   21.3732
   -7.5000  -37.5000  -15.0000 1868.7894   18.7436
    0.0000  -37.5000  -15.0000 1892.6130   18.4025
    7.5000  -37.5000  -15.0000 1901.0234   18.3752
   -7.5000  -30.0000  -15.0000 2009.8553   16.3958
    0.0000  -30.0000  -15.0000 2038.1237   16.1070
    7.5000  -30.0000  -15.0000 2048.2788   16.0966
   -7.5000  -22.5000  -15.0000 2153.5969   14.5805
    0.0000  -22.5000  -15.0000 2187.5742   14.3228
    7.5000  -22.5000  -15.0000 2192.2151   14.3013
   -7.5000  -15.0000  -15.0000 2278.6458   13.1453
    0.0000  -15.0000  -15.0000 2312.0137   12.8998
    7.5000  -15.0000  -15.0000 2318.4402   12.8911
   -7.5000   -7.5000  -15.0000 2388.3691   12.0045
    0.0000   -7.5000  -15.0000 2425.2507   11.7784
    7.5000   -7.5000  -15.0000 2426.8577   11.7763
   -7.5000    0.0000  -15.0000 2470.6650   11.1609
    0.0000    0.0000  -15.0000 2510.5408   10.9443
    7.5000    0.0000  -15.0000 2513.0527   10.9401
   -7.5000    7.5000  -15.0000 2522.5674   10.6266
    0.0000    7.5000  -15.0000 2562.7576   10.4024
    7.5000    7.5000  -15.0000 2573.4172   10.4007
   -7.5000   15.0000  -15.0000 2555.3191   10.3057
    0.0000   15.0000  -15.0000 2595.9038   10.0895
    7.5000   15.0000  -15.0000 2603.2148   10.0864
   -7.5000   22.5000  -15.0000 2569.4917   10.1871
    0.0000   22.5000  -15.0000 2611.9553    9.9919
    7.5000   22.5000  -15.0000 2616.7310    9.9841
   -7.5000   30.0000  -15.0000 2548.4390   10.3058
    0.0000   30.0000  -15.0000 2592.1526   10.1079
    7.5000   30.0000  -15.0000 2600.1047   10.1319
   -7.5000   37.5000  -15.0000 2504.2246   10.7439
    0.0000   37.5000  -15.0000 2550.8181   10.5099
    7.5000   37.5000  -15.0000 2562.8079   10.5040
   -7.5000   45.0000  -15.0000 2441.1445   11.3972
    0.0000   45.0000  -15.0000 2489.0874   11.1422
    7.5000   45.0000  -15.0000 2500.5181   11.1421
   -7.5000  -45.0000   -7.5000 1754.9758   20.9472
    0.0000  -45.0000   -7.5000 1775.6243   20.5709
    7.5000  -45.0000   -7.5000 1791.4231   20.5506
   -7.5000  -37.5000   -7.5000 1909.5656   17.9181
    0.0000  -37.5000   -7.5000 1934.2482   17.6382
    7.5000  -37.5000   -7.5000 1941.7820   17.6434
   -7.5000  -30.0000   -7.5000 2058.3748   15.6509
    0.0000  -30.0000   -7.5000 2090.4336   15.4017
    7.5000  -30.0000   -7.5000 2096.4468   15.4159
   -7.5000  -22.5000   -7.5000 2203.4246   13.8926
    0.0000  -22.5000   -7.5000 2236.8416   13.6473
    7.5000  -22.5000   -7.5000 2242.5498   13.6471
   -7.5000  -15.0000   -7.5000 2332.3672   12.4829
    0.0000  -15.0000   -7.5000 2364.8164   12.2469
    7.5000  -15.0000   -7.5000 2368.9688   12.2488
   -7.5000   -7.5000   -7.5000 2442.2222   11.3785
    0.0000   -7.5000   -7.5000 2482.9395   11.1563
    7.5000   -7.5000   -7.5000 2482.6118   11.1620
   -7.5000    0.0000   -7.5000 2530.1404   10.5436
    0.0000    0.0000   -7.5000 2570.1016   10.3542
    7.5000    0.0000   -7.5000 2577.2737   10.3585
   -7.5000    7.5000   -7.5000 2595.3242   10.0174
    0.0000    7.5000   -7.5000 2637.3625    9.8109
    7.5000    7.5000   -7.5000 2649.3008    9.8169
   -7.5000   15.0000   -7.5000 2640.5088    9.6732
    0.0000   15.0000   -7.5000 2684.8108    9.4838
    7.5000   15.0000   -7.5000 2691.2256    9.4960
   -7.5000   22.5000   -7.5000 2658.6821    9.5281
    0.0000   22.5000   -7.5000 2707.9045    9.3535
    7.5000   22.5000   -7.5000 2713.9453    9.3834
   -7.5000   30.0000   -7.5000 2644.6096    9.6489
    0.0000   30.0000   -7.5000 2697.0022    9.4588
    7.5000   30.0000   -7.5000 2703.5632    9.4895
   -7.5000   37.5000   -7.5000 2604.0386   10.0563
    0.0000   37.5000   -7.5000 2657.7957    9.8494
    7.5000   37.5000   -7.5000 2668.0032    9.8576
   -7.5000   45.0000   -7.5000 2539.5122   10.6777
    0.0000   45.0000   -7.5000 2588.7673   10.4460
    7.5000   45.0000   -7.5000 2599.7363   10.4726
   -7.5000  -45.0000    0.0000 1781.7240   20.2868
    0.0000  -45.0000    0.0000 1804.6044   19.9375
    7.5000  -45.0000    0.0000 1814.2052   19.9339
   -7.5000  -37.5000    0.0000 1940.7830   17.3256
    0.0000  -37.5000    0.0000 1969.6869   17.0724
    7.5000  -37.5000    0.0000 1975.3804   17.1075
   -7.5000  -30.0000    0.0000 2095.1650   15.0939
    0.0000  -30.0000    0.0000 2123.1306   14.8469
    7.5000  -30.0000    0.0000 2130.7278   14.8965
   -7.5000  -22.5000    0.0000 2238.5137   13.3311
    0.0000  -22.5000    0.0000 2269.7734   13.1167
    7.5000  -22.5000    0.0000 2274.6465   13.1319
   -7.5000  -15.0000    0.0000 2367.9282   11.9323
    0.0000  -15.0000    0.0000 2399.4333   11.7343
    7.5000  -15.0000    0.0000 2404.5049   11.7525
   -7.5000   -7.5000    0.0000 2478.1533   10.8572
    0.0000   -7.5000    0.0000 2517.0103   10.6666
    7.5000   -7.5000    0.0000 2526.4448   10.6925
   -7.5000    0.0000    0.0000 2574.9775   10.0568
    0.0000    0.0000    0.0000 2621.6396    9.8739
    7.5000    0.0000    0.0000 2633.1643    9.8961
   -7.5000    7.5000    0.0000 2657.9485    9.5106
    0.0000    7.5000    0.0000 2709.0959    9.3468
    7.5000    7.5000    0.0000 2722.0999    9.3575
   -7.5000   15.0000    0.0000 2714.0723    9.1577
    0.0000   15.0000    0.0000 2766.8013    8.9938
    7.5000   15.0000    0.0000 2775.7605    9.0232
   -7.5000   22.5000    0.0000 2740.6716    8.9998
    0.0000   22.5000    0.0000 2796.1079    8.8207
    7.5000   22.5000    0.0000 2799.8660    8.8763
   -7.5000   30.0000    0.0000 2737.0100    9.1052
    0.0000   30.0000    0.0000 2792.7854    8.9248
    7.5000   30.0000    0.0000 2798.0476    8.9555
   -7.5000   37.5000    0.0000 2696.3313    9.4705
    0.0000   37.5000    0.0000 2751.4119    9.2938
    7.5000   37.5000    0.0000 2762.1287    9.3112
   -7.5000   45.0000    0.0000 2623.4983   10.0695
    0.0000   45.0000    0.0000 2673.2637    9.8730
    7.5000   45.0000    0.0000 2682.8438    9.8913
   -7.5000  -45.0000    7.5000 1796.8842   19.9618
    0.0000  -45.0000    7.5000 1824.3136   19.6178
    7.5000  -45.0000    7.5000 1831.3551   19.6793
   -7.5000  -37.5000    7.5000 1961.4037   16.9936
    0.0000  -37.5000    7.5000 1993.9904   16.7133
    7.5000  -37.5000    7.5000 1998.6421   16.8042
   -7.5000  -30.0000    7.5000 2112.1653   14.7242
    0.0000  -30.0000    7.5000 2145.9448   14.4843
    7.5000  -30.0000    7.5000 2148.4143   14.5541
   -7.5000  -22.5000    7.5000 2255.8123   12.9482
    0.0000  -22.5000    7.5000 2290.8828   12.7206
    7.5000  -22.5000    7.5000 2294.5422   12.7748
   -7.5000  -15.0000    7.5000 2388.4336   11.5533
    0.0000  -15.0000    7.5000 2423.5542   11.3545
    7.5000  -15.0000    7.5000 2425.5078   11.3935
   -7.5000   -7.5000    7.5000 2503.7710   10.4799
    0.0000   -7.5000    7.5000 2544.9937   10.3032
    7.5000   -7.5000    7.5000 2554.8435   10.3442
   -7.5000    0.0000    7.5000 2612.1694    9.7011
    0.0000    0.0000    7.5000 2661.7278    9.5174
    7.5000    0.0000    7.5000 2672.8550    9.5595
   -7.5000    7.5000    7.5000 2712.2158    9.1693
    0.0000    7.5000    7.5000 2766.8857    8.9926
    7.5000    7.5000    7.5000 2779.7725    9.0311
   -7.5000   15.0000    7.5000 2781.1536    8.7996
    0.0000   15.0000    7.5000 2840.6392    8.6271
    7.5000   15.0000    7.5000 2854.1565    8.6724
   -7.5000   22.5000    7.5000 2817.9414    8.6439
    0.0000   22.5000    7.5000 2879.8933    8.4370
    7.5000   22.5000    7.5000 2886.5925    8.4683
   -7.5000   30.0000    7.5000 2816.9768    8.7301
    0.0000   30.0000    7.5000 2875.1248    8.5510
    7.5000   30.0000    7.5000 2875.6467    8.5651
   -7.5000   37.5000    7.5000 2769.0854    9.0864
    0.0000   37.5000    7.5000 2823.0747    8.8965
    7.5000   37.5000    7.5000 2829.8936    8.9162
   -7.5000   45.0000    7.5000 2686.2712    9.6532
    0.0000   45.0000    7.5000 2735.2334    9.4248
    7.5000   45.0000    7.5000 2744.8379    9.4396
   -7.5000  -45.0000   15.0000 1792.4434   19.8642
    0.0000  -45.0000   15.0000 1823.4364   19.5351
    7.5000  -45.0000   15.0000 1827.4729   19.6854
   -7.5000  -37.5000   15.0000 1968.0853   16.9664
    0.0000  -37.5000   15.0000 2004.5945   16.6283
    7.5000  -37.5000   15.0000 2003.7061   16.7795
   -7.5000  -30.0000   15.0000 2121.9609   14.6435
    0.0000  -30.0000   15.0000 2155.2129   14.3631
    7.5000  -30.0000   15.0000 2155.0264   14.4644
   -7.5000  -22.5000   15.0000 2261.6975   12.8029
    0.0000  -22.5000   15.0000 2296.3975   12.5724
    7.5000  -22.5000   15.0000 2296.4961   12.6286
   -7.5000  -15.0000   15.0000 2395.4863   11.3711
    0.0000  -15.0000   15.0000 2429.8667   11.1753
    7.5000  -15.0000   15.0000 2427.5723   11.2201
   -7.5000   -7.5000   15.0000 2511.0554   10.2738
    0.0000   -7.5000   15.0000 2555.5100   10.0958
    7.5000   -7.5000   15.0000 2559.6367   10.1542
   -7.5000    0.0000   15.0000 2625.7771    9.4853
    0.0000    0.0000   15.0000 2675.5603    9.3052
    7.5000    0.0000   15.0000 2684.2654    9.3696
   -7.5000    7.5000   15.0000 2737.6174    8.9680
    0.0000    7.5000   15.0000 2793.5105    8.7840
    7.5000    7.5000   15.0000 2802.2161    8.8447
   -7.5000   15.0000   15.0000 2825.0750    8.6206
    0.0000   15.0000   15.0000 2885.9014    8.4368
    7.5000   15.0000   15.0000 2901.8389    8.4848
   -7.5000   22.5000   15.0000 2872.3774    8.4605
    0.0000   22.5000   15.0000 2941.8735    8.2222
    7.5000   22.5000   15.0000 2948.4700    8.2462
   -7.5000   30.0000   15.0000 2872.7429    8.5562
    0.0000   30.0000   15.0000 2935.2178    8.3072
    7.5000   30.0000   15.0000 2934.9226    8.3379
   -7.5000   37.5000   15.0000 2813.4897    8.8936
    0.0000   37.5000   15.0000 2867.1975    8.6714
    7.5000   37.5000   15.0000 2869.4456    8.7013
   -7.5000   45.0000   15.0000 2720.3848    9.4310
    0.0000   45.0000   15.0000 2773.8054    9.2008
    7.5000   45.0000   15.0000 2778.5723    9.2052
   -7.5000  -45.0000   22.5000 1777.2955   20.1440
    0.0000  -45.0000   22.5000 1807.0961   19.7727
    7.5000  -45.0000   22.5000 1806.9109   19.9537
   -7.5000  -37.5000   22.5000 1956.1735   17.0609
    0.0000  -37.5000   22.5000 1993.4418   16.7687
    7.5000  -37.5000   22.5000 1989.7068   16.9013
   -7.5000  -30.0000   22.5000 2113.5518   14.6435
    0.0000  -30.0000   22.5000 2147.1514   14.4188
    7.5000  -30.0000   22.5000 2141.3594   14.5095
   -7.5000  -22.5000   22.5000 2256.9299   12.7933
    0.0000  -22.5000   22.5000 2288.3345   12.5695
    7.5000  -22.5000   22.5000 2285.5569   12.6810
   -7.5000  -15.0000   22.5000 2386.3792   11.3753
    0.0000  -15.0000   22.5000 2421.9158   11.1583
    7.5000  -15.0000   22.5000 2418.9863   11.2602
   -7.5000   -7.5000   22.5000 2504.8052   10.2862
    0.0000   -7.5000   22.5000 2544.1775   10.0573
    7.5000   -7.5000   22.5000 2546.5444   10.1599
   -7.5000    0.0000   22.5000 2624.8545    9.4864
    0.0000    0.0000   22.5000 2670.9241    9.2427
    7.5000    0.0000   22.5000 2677.8218    9.3471
   -7.5000    7.5000   22.5000 2746.1458    8.9523
    0.0000    7.5000   22.5000 2794.0825    8.7160
    7.5000    7.5000   22.5000 2797.6694    8.8277
   -7.5000   15.0000   22.5000 2840.4231    8.6335
    0.0000   15.0000   22.5000 2894.0710    8.4496
    7.5000   15.0000   22.5000 2906.5579    8.5410
   -7.5000   22.5000   22.5000 2900.9546    8.5023
    0.0000   22.5000   22.5000 2966.9189    8.2566
    7.5000   22.5000   22.5000 2971.3862    8.3306
   -7.5000   30.0000   22.5000 2897.7056    8.5682
    0.0000   30.0000   22.5000 2967.5918    8.3300
    7.5000   30.0000   22.5000 2964.1089    8.3795
   -7.5000   37.5000   22.5000 2827.4382    8.8555
    0.0000   37.5000   22.5000 2891.8979    8.6806
    7.5000   37.5000   22.5000 2892.2737    8.7151
   -7.5000   45.0000   22.5000 2726.8606    9.3541
    0.0000   45.0000   22.5000 2782.0303    9.1761
    7.5000   45.0000   22.5000 2784.4712    9.1855
   -7.5000  -45.0000   30.0000 1743.5354   20.7580
    0.0000  -45.0000   30.0000 1768.8568   20.4215
    7.5000  -45.0000   30.0000 1768.8578   20.6076
   -7.5000  -37.5000   30.0000 1925.9202   17.5092
    0.0000  -37.5000   30.0000 1957.4254   17.2133
    7.5000  -37.5000   30.0000 1956.0079   17.3697
   -7.5000  -30.0000   30.0000 2084.7405   14.9762
    0.0000  -30.0000   30.0000 2117.1533   14.6985
    7.5000  -30.0000   30.0000 2112.6436   14.8563
   -7.5000  -22.5000   30.0000 2236.6721   13.0380
    0.0000  -22.5000   30.0000 2267.1760   12.7767
    7.5000  -22.5000   30.0000 2264.3396   12.9225
   -7.5000  -15.0000   30.0000 2371.3245   11.5751
    0.0000  -15.0000   30.0000 2402.1931   11.3284
    7.5000  -15.0000   30.0000 2400.7900   11.4575
   -7.5000   -7.5000   30.0000 2490.8696   10.4891
    0.0000   -7.5000   30.0000 2522.9741   10.2432
    7.5000   -7.5000   30.0000 2523.3779   10.3548
   -7.5000    0.0000   30.0000 2610.1709    9.7040
    0.0000    0.0000   30.0000 2648.9360    9.4588
    7.5000    0.0000   30.0000 2652.7007    9.5797
   -7.5000    7.5000   30.0000 2729.3228    9.1510
    0.0000    7.5000   30.0000 2772.6509    8.9377
    7.5000    7.5000   30.0000 2772.8948    9.0770
   -7.5000   15.0000   30.0000 2824.8606    8.7990
    0.0000   15.0000   30.0000 2875.9822    8.6236
    7.5000   15.0000   30.0000 2879.2114    8.7608
   -7.5000   22.5000   30.0000 2872.7161    8.6777
    0.0000   22.5000   30.0000 2933.8022    8.4871
    7.5000   22.5000   30.0000 2937.1638    8.5906
   -7.5000   30.0000   30.0000 2869.1050    8.7485
    0.0000   30.0000   30.0000 2934.3921    8.6066
    7.5000   30.0000   30.0000 2932.5437    8.6744
   -7.5000   37.5000   30.0000 2806.2053    8.9916
    0.0000   37.5000   30.0000 2867.6836    8.8696
    7.5000   37.5000   30.0000 2862.4209    8.9288
   -7.5000   45.0000   30.0000 2706.1870    9.4988
    0.0000   45.0000   30.0000 2759.0796    9.3383
    7.5000   45.0000   30.0000 2758.4397    9.3848
   -7.5000  -45.0000   37.5000 1705.0494   21.7984
    0.0000  -45.0000   37.5000 1724.0424   21.4641
    7.5000  -45.0000   37.5000 1725.9841   21.6048
   -7.5000  -37.5000   37.5000 1883.9833   18.2231
    0.0000  -37.5000   37.5000 1908.3285   17.9385
    7.5000  -37.5000   37.5000 1910.7395   18.0749
   -7.5000  -30.0000   37.5000 2048.6724   15.5351
    0.0000  -30.0000   37.5000 2074.5750   15.2595
    7.5000  -30.0000   37.5000 2072.9172   15.4163
   -7.5000  -22.5000   37.5000 2207.3091   13.5144
    0.0000  -22.5000   37.5000 2234.7415   13.2771
    7.5000  -22.5000   37.5000 2232.6099   13.4090
   -7.5000  -15.0000   37.5000 2347.1750   11.9995
    0.0000  -15.0000   37.5000 2376.1829   11.7974
    7.5000  -15.0000   37.5000 2368.5173   11.9396
   -7.5000   -7.5000   37.5000 2466.2361   10.9156
    0.0000   -7.5000   37.5000 2499.8435   10.7238
    7.5000   -7.5000   37.5000 2490.4707   10.8456
   -7.5000    0.0000   37.5000 2581.9155   10.1214
    0.0000    0.0000   37.5000 2621.9285    9.9314
    7.5000    0.0000   37.5000 2614.5361   10.0419
   -7.5000    7.5000   37.5000 2696.5063    9.5421
    0.0000    7.5000   37.5000 2737.9758    9.3766
    7.5000    7.5000   37.5000 2728.7959    9.4814
   -7.5000   15.0000   37.5000 2780.5249    9.1777
    0.0000   15.0000   37.5000 2824.4839    8.9687
    7.5000   15.0000   37.5000 2822.8796    9.0464
   -7.5000   22.5000   37.5000 2816.6841    9.0102
    0.0000   22.5000   37.5000 2866.2891    8.7999
    7.5000   22.5000   37.5000 2869.8638    8.8625
   -7.5000   30.0000   37.5000 2809.2639    9.0576
    0.0000   30.0000   37.5000 2860.7402    8.8897
    7.5000   30.0000   37.5000 2863.7109    8.9392
   -7.5000   37.5000   37.5000 2755.1208    9.3117
    0.0000   37.5000   37.5000 2802.3044    9.1716
    7.5000   37.5000   37.5000 2802.3308    9.2311
   -7.5000   45.0000   37.5000 2663.6001    9.8253
    0.0000   45.0000   37.5000 2705.8020    9.6696
    7.5000   45.0000   37.5000 2706.1069    9.7121
   -7.5000  -45.0000   45.0000 1659.5426   23.0261
    0.0000  -45.0000   45.0000 1675.9962   22.7396
    7.5000  -45.0000   45.0000 1674.2217   22.8517
   -7.5000  -37.5000   45.0000 1837.2930   19.1773
    0.0000  -37.5000   45.0000 1857.9484   18.9461
    7.5000  -37.5000   45.0000 1854.9944   19.0722
   -7.5000  -30.0000   45.0000 2004.6813   16.3513
    0.0000  -30.0000   45.0000 2027.8544   16.1073
    7.5000  -30.0000   45.0000 2019.8312   16.2183
   -7.5000  -22.5000   45.0000 2167.7778   14.2161
    0.0000  -22.5000   45.0000 2192.0979   14.0253
    7.5000  -22.5000   45.0000 2184.4624   14.1464
   -7.5000  -15.0000   45.0000 2311.3022   12.6493
    0.0000  -15.0000   45.0000 2338.6006   12.4576
    7.5000  -15.0000   45.0000 2326.3442   12.5688
   -7.5000   -7.5000   45.0000 2427.8567   11.5153
    0.0000   -7.5000   45.0000 2459.6675   11.3231
    7.5000   -7.5000   45.0000 2448.7842   11.4176
   -7.5000    0.0000   45.0000 2541.5435   10.6798
    0.0000    0.0000   45.0000 2577.5559   10.4866
    7.5000    0.0000   45.0000 2568.0298   10.5731
   -7.5000    7.5000   45.0000 2645.3088   10.0843
    0.0000    7.5000   45.0000 2686.1216    9.8792
    7.5000    7.5000   45.0000 2673.9172    9.9412
   -7.5000   15.0000   45.0000 2711.7798    9.6879
    0.0000   15.0000   45.0000 2757.4192    9.4524
    7.5000   15.0000   45.0000 2750.3977    9.5102
   -7.5000   22.5000   45.0000 2741.9114    9.4906
    0.0000   22.5000   45.0000 2785.6187    9.2856
    7.5000   22.5000   45.0000 2785.4558    9.3318
   -7.5000   30.0000   45.0000 2730.2852    9.5446
    0.0000   30.0000   45.0000 2771.0510    9.3520
    7.5000   30.0000   45.0000 2774.0212    9.3842
   -7.5000   37.5000   45.0000 2682.0540    9.7845
    0.0000   37.5000   45.0000 2722.8264    9.5996
    7.5000   37.5000   45.0000 2719.2974    9.6426
   -7.5000   45.0000   45.0000 2596.2646   10.2723
    0.0000   45.0000   45.0000 2636.7822   10.0769
    7.5000   45.0000   45.0000 2633.7908   10.1082

---------------------------------------------------------------------
imgreg_4dfp /opt/freesurfer/average/711-2C_as_mni_average_305 /opt/freesurfer/average/711-2B_as_mni_average_305_mask talsrcimg_g11 none talsrcimg_to_711-2C_as_mni_average_305_t4 1283
---------------------------------------------------------------------

freesurfer imgreg_4dfp.c
/opt/freesurfer/average/711-2C_as_mni_average_305.4dfp.img
       256       256       256         1
  1.000000  1.000000  1.000000
orientation T byte_order littleendian
Reading image: /opt/freesurfer/average/711-2C_as_mni_average_305.4dfp.img
dimensions:      256       256       256
mmppix:       1.0000   -1.0000   -1.0000
center:     128.0000 -129.0000 -129.0000
/opt/freesurfer/average/711-2B_as_mni_average_305_mask.4dfp.img
       256       256       256         1
  1.000000  1.000000  1.000000
orientation T byte_order littleendian
Reading mask: /opt/freesurfer/average/711-2B_as_mni_average_305_mask.4dfp.img (2306576 pixels)
talsrcimg_g11.4dfp.img
       256       256       256         1
  1.000000  1.000000  1.000000
orientation T byte_order littleendian
Reading image: talsrcimg_g11.4dfp.img
dimensions:      256       256       256
mmppix:       1.0000   -1.0000   -1.0000
center:     128.0000 -129.0000 -129.0000
rotation matrix determinant  1.000000
fimgreg.f
image alignment mode   1283 decimal      503 hex
parameters
    7.5000   22.5000   22.5000    0.0000    0.0000    0.0000
eta,q 0.93343  8.33045
niter,ni,del,rscale     5    3   12.0000    1.2000
parameter  6  1.400147 ->  0.500000 qaram    1.1500
parameters
    4.8165   25.1889   22.0337   -1.9659    2.0833   -3.4500
eta,q 0.93836  8.24756
  0.0693  0.0804  0.0697  0.0648  0.0707  0.0622
  0.0657  0.0738  0.0685  0.0638  0.0678  0.0616
  0.0644  0.0679  0.0660  0.0640  0.0652  0.0624
  0.0673  0.0645  0.0641  0.0645  0.0640  0.0644
  0.0730  0.0638  0.0652  0.0645  0.0644  0.0661
  0.0788  0.0643  0.0689  0.0655  0.0650  0.0676
  0.0854  0.0654  0.0731  0.0677  0.0650  0.0691
niter,ni,del,rscale     5    3   12.0000    1.2000
parameters
    3.6243   26.3333   21.8336   -2.2982    3.6925   -6.6776
eta,q 0.94034  8.25589
  0.0680  0.0693  0.0668  0.0625  0.0674  0.0615
  0.0645  0.0656  0.0654  0.0620  0.0643  0.0600
  0.0615  0.0633  0.0626  0.0611  0.0618  0.0597
  0.0616  0.0610  0.0604  0.0605  0.0604  0.0606
  0.0651  0.0603  0.0611  0.0609  0.0608  0.0630
  0.0697  0.0616  0.0648  0.0617  0.0614  0.0655
  0.0756  0.0655  0.0692  0.0636  0.0625  0.0677
niter,ni,del,rscale     4    3   12.0000    1.2000
parameters
    2.7653   26.6993   21.9348   -2.6435    4.4324   -6.7849
eta,q 0.94152  8.25239
  0.0679  0.0668  0.0647  0.0602  0.0655  0.0640
  0.0631  0.0632  0.0630  0.0597  0.0629  0.0614
  0.0588  0.0609  0.0607  0.0593  0.0601  0.0592
  0.0597  0.0586  0.0582  0.0581  0.0584  0.0585
  0.0637  0.0578  0.0581  0.0577  0.0592  0.0593
  0.0675  0.0611  0.0614  0.0594  0.0610  0.0617
  0.0725  0.0662  0.0660  0.0619  0.0629  0.0644
niter,ni,del,rscale     3    3   12.0000    1.2000
parameters
    2.5352   26.8747   21.9520   -2.9261    4.7170   -6.8281
eta,q 0.94155  8.25280
  0.0697  0.0662  0.0648  0.0600  0.0649  0.0640
  0.0645  0.0627  0.0628  0.0595  0.0623  0.0615
  0.0595  0.0604  0.0603  0.0592  0.0593  0.0592
  0.0585  0.0583  0.0581  0.0581  0.0583  0.0585
  0.0620  0.0578  0.0584  0.0575  0.0596  0.0593
  0.0661  0.0613  0.0617  0.0592  0.0615  0.0615
  0.0704  0.0666  0.0661  0.0616  0.0636  0.0642
niter,ni,del,rscale     2    3   12.0000    1.2000
parameters
    2.4516   26.9718   21.9295   -3.0797    4.8331   -6.8443
eta,q 0.94150  8.25320
  0.0704  0.0660  0.0651  0.0600  0.0647  0.0641
  0.0650  0.0626  0.0630  0.0596  0.0620  0.0616
  0.0598  0.0603  0.0604  0.0592  0.0591  0.0593
  0.0584  0.0584  0.0583  0.0583  0.0585  0.0585
  0.0616  0.0580  0.0588  0.0575  0.0598  0.0593
  0.0658  0.0614  0.0621  0.0590  0.0617  0.0615
  0.0702  0.0667  0.0664  0.0614  0.0640  0.0642
niter,ni,del,rscale     1    3   12.0000    1.2000
parameters
    2.4195   27.0143   21.9089   -3.1448    4.8812   -6.8522
eta,q 0.94146  8.25325
  0.0706  0.0659  0.0653  0.0601  0.0646  0.0641
  0.0651  0.0625  0.0631  0.0596  0.0619  0.0616
  0.0600  0.0602  0.0605  0.0593  0.0590  0.0593
  0.0585  0.0585  0.0585  0.0585  0.0585  0.0585
  0.0615  0.0581  0.0590  0.0575  0.0599  0.0593
  0.0657  0.0615  0.0622  0.0590  0.0618  0.0615
  0.0701  0.0669  0.0665  0.0612  0.0641  0.0642
registration optimization eta report
parameter search radius
    6.0000    6.0000    6.0000    6.0000    6.0000    6.9000
100000*second partial in parameter space
       31.       22.       20.        7.       16.       12.
  0.0706  0.0659  0.0653  0.0601  0.0646  0.0641
  0.0651  0.0625  0.0631  0.0596  0.0619  0.0616
  0.0600  0.0602  0.0605  0.0593  0.0590  0.0593
  0.0585  0.0585  0.0585  0.0585  0.0585  0.0585
  0.0615  0.0581  0.0590  0.0575  0.0599  0.0593
  0.0657  0.0615  0.0622  0.0590  0.0618  0.0615
  0.0701  0.0669  0.0665  0.0612  0.0641  0.0642
    2.4195   27.0143   21.9089   -3.1448    4.8812   -6.8522
eta,q 0.94146  8.25325

---------------------------------------------------------------------
imgreg_4dfp /opt/freesurfer/average/711-2C_as_mni_average_305 /opt/freesurfer/average/711-2B_as_mni_average_305_mask talsrcimg_g11 none talsrcimg_to_711-2C_as_mni_average_305_t4 3335
---------------------------------------------------------------------

freesurfer imgreg_4dfp.c
/opt/freesurfer/average/711-2C_as_mni_average_305.4dfp.img
       256       256       256         1
  1.000000  1.000000  1.000000
orientation T byte_order littleendian
Reading image: /opt/freesurfer/average/711-2C_as_mni_average_305.4dfp.img
dimensions:      256       256       256
mmppix:       1.0000   -1.0000   -1.0000
center:     128.0000 -129.0000 -129.0000
/opt/freesurfer/average/711-2B_as_mni_average_305_mask.4dfp.img
       256       256       256         1
  1.000000  1.000000  1.000000
orientation T byte_order littleendian
Reading mask: /opt/freesurfer/average/711-2B_as_mni_average_305_mask.4dfp.img (2306576 pixels)
talsrcimg_g11.4dfp.img
       256       256       256         1
  1.000000  1.000000  1.000000
orientation T byte_order littleendian
Reading image: talsrcimg_g11.4dfp.img
dimensions:      256       256       256
mmppix:       1.0000   -1.0000   -1.0000
center:     128.0000 -129.0000 -129.0000
fimgreg.f
image alignment mode   3335 decimal      D07 hex
parameters
    2.4195   27.0143   21.9089   -1.0744   -0.9195   -0.5127
   12.3763   -7.7810  -11.8875    6.4604    8.5091   -5.4660
eta,q 0.94346  8.19140
niter,ni,del,rscale     5    3    5.0000    1.2000
parameter  4  4.238026 ->  0.500000 qaram    1.1500
parameter  5  3.356007 ->  0.500000 qaram    1.1500
parameter  6  1.163368 ->  0.500000 qaram    1.1500
parameter  9 -0.534027 -> -0.500000 qaram    1.1500
parameters
    1.9458   26.6831   22.0845   -5.2144   -5.0595   -4.6527
   11.1788   -7.9003   -7.7475    3.3977    5.6475   -5.6216
eta,q 0.96199  7.87277
  0.0575  0.0573  0.0575  0.0466  0.0406  0.0391  0.0411  0.0440  0.0431  0.0395  0.0387  0.0394
  0.0568  0.0566  0.0570  0.0493  0.0432  0.0392  0.0400  0.0417  0.0415  0.0386  0.0382  0.0386
  0.0565  0.0564  0.0566  0.0528  0.0466  0.0407  0.0395  0.0400  0.0403  0.0383  0.0380  0.0381
  0.0565  0.0565  0.0564  0.0564  0.0502  0.0441  0.0395  0.0394  0.0394  0.0389  0.0383  0.0380
  0.0569  0.0567  0.0564  0.0602  0.0540  0.0486  0.0400  0.0401  0.0389  0.0404  0.0390  0.0382
  0.0576  0.0572  0.0567  0.0644  0.0583  0.0530  0.0411  0.0419  0.0389  0.0421  0.0401  0.0387
  0.0587  0.0579  0.0573  0.0688  0.0631  0.0576  0.0426  0.0443  0.0393  0.0445  0.0416  0.0394
niter,ni,del,rscale     7    3    5.0000    1.2000
parameter  4  0.852613 ->  0.500000 qaram    1.3225
parameter  5  1.256109 ->  0.500000 qaram    1.3225
parameters
    1.8852   27.0702   21.4328   -9.9754   -9.8205   -7.5583
   11.5282   -7.6859   -7.9810    5.4157    3.9973   -4.1066
eta,q 0.96890  7.51065
  0.0410  0.0407  0.0389  0.0349  0.0300  0.0320  0.0340  0.0353  0.0340  0.0359  0.0317  0.0330
  0.0394  0.0393  0.0382  0.0349  0.0305  0.0317  0.0327  0.0331  0.0326  0.0341  0.0313  0.0321
  0.0383  0.0384  0.0378  0.0357  0.0324  0.0314  0.0318  0.0318  0.0317  0.0325  0.0312  0.0315
  0.0380  0.0380  0.0380  0.0378  0.0350  0.0309  0.0315  0.0315  0.0315  0.0315  0.0312  0.0312
  0.0384  0.0381  0.0386  0.0413  0.0380  0.0319  0.0317  0.0319  0.0319  0.0313  0.0315  0.0311
  0.0396  0.0385  0.0397  0.0454  0.0420  0.0359  0.0324  0.0329  0.0328  0.0317  0.0319  0.0314
  0.0413  0.0393  0.0411  0.0499  0.0464  0.0408  0.0336  0.0347  0.0342  0.0329  0.0326  0.0319
niter,ni,del,rscale     7    3    5.0000    1.2000
parameter  5  0.615575 ->  0.500000 qaram    1.5209
parameters
    2.3006   27.6264   20.9317  -13.3788  -15.2957  -10.2524
   10.8081   -6.9559   -8.3414    6.8639    4.5620   -4.1878
eta,q 0.97083  7.04990
  0.0348  0.0346  0.0315  0.0316  0.0298  0.0296  0.0307  0.0329  0.0310  0.0325  0.0298  0.0302
  0.0330  0.0329  0.0310  0.0309  0.0295  0.0292  0.0299  0.0311  0.0300  0.0309  0.0295  0.0296
  0.0318  0.0317  0.0308  0.0306  0.0295  0.0294  0.0295  0.0299  0.0295  0.0299  0.0293  0.0293
  0.0311  0.0310  0.0308  0.0308  0.0306  0.0295  0.0294  0.0294  0.0293  0.0293  0.0292  0.0292
  0.0311  0.0308  0.0311  0.0317  0.0331  0.0293  0.0297  0.0295  0.0296  0.0292  0.0292  0.0293
  0.0317  0.0313  0.0317  0.0343  0.0360  0.0305  0.0304  0.0303  0.0302  0.0296  0.0294  0.0296
  0.0330  0.0324  0.0325  0.0381  0.0400  0.0339  0.0314  0.0317  0.0313  0.0307  0.0296  0.0302
niter,ni,del,rscale     7    3    5.0000    1.2000
parameters
    2.3348   27.8566   20.5701  -15.0904  -18.0314  -12.0937
   10.0702   -6.5506   -8.8420    7.4862    4.7808   -5.2973
eta,q 0.97179  6.78406
  0.0316  0.0316  0.0298  0.0305  0.0308  0.0294  0.0300  0.0321  0.0300  0.0309  0.0291  0.0290
  0.0303  0.0302  0.0294  0.0292  0.0295  0.0285  0.0290  0.0302  0.0290  0.0294  0.0287  0.0285
  0.0295  0.0294  0.0292  0.0288  0.0287  0.0282  0.0284  0.0289  0.0284  0.0285  0.0284  0.0282
  0.0292  0.0292  0.0292  0.0292  0.0289  0.0287  0.0283  0.0283  0.0282  0.0282  0.0283  0.0283
  0.0294  0.0293  0.0294  0.0296  0.0298  0.0291  0.0288  0.0285  0.0286  0.0285  0.0283  0.0285
  0.0302  0.0299  0.0298  0.0302  0.0320  0.0293  0.0296  0.0297  0.0294  0.0290  0.0286  0.0290
  0.0315  0.0307  0.0304  0.0321  0.0352  0.0307  0.0308  0.0314  0.0305  0.0300  0.0290  0.0295
niter,ni,del,rscale     6    3    5.0000    1.2000
parameters
    2.4540   28.3323   19.9471  -15.9289  -19.2883  -13.4733
    9.9760   -6.3218   -9.0881    8.9836    5.2678   -5.6284
eta,q 0.97246  6.66040
  0.0312  0.0310  0.0288  0.0304  0.0306  0.0293  0.0298  0.0314  0.0296  0.0305  0.0286  0.0285
  0.0296  0.0296  0.0283  0.0288  0.0292  0.0282  0.0287  0.0295  0.0285  0.0290  0.0281  0.0279
  0.0286  0.0287  0.0280  0.0278  0.0281  0.0276  0.0278  0.0282  0.0278  0.0281  0.0277  0.0276
  0.0282  0.0282  0.0281  0.0280  0.0279  0.0278  0.0276  0.0276  0.0276  0.0276  0.0276  0.0276
  0.0284  0.0282  0.0285  0.0289  0.0286  0.0287  0.0279  0.0280  0.0279  0.0276  0.0276  0.0278
  0.0293  0.0286  0.0292  0.0297  0.0300  0.0293  0.0288  0.0292  0.0287  0.0280  0.0279  0.0281
  0.0306  0.0294  0.0300  0.0309  0.0326  0.0302  0.0299  0.0310  0.0298  0.0287  0.0284  0.0286
niter,ni,del,rscale     5    3    5.0000    1.2000
parameters
    2.5860   29.0907   19.2390  -16.3515  -20.6718  -14.9425
    9.8793   -6.0398   -9.3467   11.4210    5.7449   -5.9189
eta,q 0.97328  6.56216
  0.0306  0.0306  0.0279  0.0302  0.0298  0.0287  0.0292  0.0307  0.0291  0.0301  0.0279  0.0277
  0.0290  0.0292  0.0274  0.0285  0.0284  0.0277  0.0280  0.0289  0.0279  0.0288  0.0273  0.0271
  0.0280  0.0282  0.0272  0.0273  0.0274  0.0271  0.0272  0.0275  0.0272  0.0277  0.0269  0.0268
  0.0275  0.0275  0.0273  0.0272  0.0272  0.0271  0.0270  0.0270  0.0270  0.0270  0.0267  0.0267
  0.0278  0.0273  0.0278  0.0282  0.0279  0.0280  0.0273  0.0273  0.0274  0.0267  0.0268  0.0269
  0.0286  0.0276  0.0285  0.0292  0.0293  0.0289  0.0281  0.0285  0.0282  0.0270  0.0271  0.0273
  0.0300  0.0282  0.0294  0.0302  0.0318  0.0298  0.0293  0.0302  0.0293  0.0276  0.0276  0.0277
niter,ni,del,rscale     4    3    5.0000    1.2000
parameters
    2.7363   29.9690   18.4592  -16.7590  -21.8500  -16.1354
    9.8793   -5.7069   -9.3285   13.2169    5.7674   -6.6993
eta,q 0.97399  6.47899
  0.0298  0.0302  0.0269  0.0296  0.0292  0.0279  0.0283  0.0298  0.0287  0.0294  0.0271  0.0268
  0.0282  0.0286  0.0265  0.0278  0.0277  0.0269  0.0272  0.0280  0.0274  0.0280  0.0266  0.0263
  0.0272  0.0274  0.0263  0.0266  0.0266  0.0263  0.0265  0.0267  0.0265  0.0268  0.0262  0.0260
  0.0267  0.0267  0.0265  0.0263  0.0263  0.0263  0.0262  0.0262  0.0262  0.0262  0.0260  0.0260
  0.0269  0.0265  0.0269  0.0273  0.0270  0.0270  0.0264  0.0265  0.0265  0.0261  0.0262  0.0262
  0.0278  0.0267  0.0276  0.0285  0.0286  0.0279  0.0272  0.0276  0.0274  0.0264  0.0265  0.0266
  0.0291  0.0273  0.0286  0.0297  0.0311  0.0288  0.0283  0.0293  0.0287  0.0273  0.0271  0.0271
niter,ni,del,rscale     3    3    5.0000    1.2000
parameters
    2.8702   30.4884   17.9920  -16.9002  -22.2820  -16.5768
    9.8837   -5.4365   -9.2718   14.0763    5.6656   -7.3847
eta,q 0.97418  6.45071
  0.0290  0.0290  0.0267  0.0294  0.0294  0.0279  0.0280  0.0295  0.0285  0.0287  0.0269  0.0266
  0.0274  0.0275  0.0262  0.0277  0.0277  0.0268  0.0269  0.0277  0.0271  0.0273  0.0263  0.0261
  0.0264  0.0265  0.0259  0.0263  0.0265  0.0261  0.0261  0.0264  0.0262  0.0263  0.0260  0.0259
  0.0260  0.0260  0.0259  0.0259  0.0259  0.0259  0.0259  0.0259  0.0258  0.0258  0.0258  0.0258
  0.0262  0.0260  0.0262  0.0267  0.0264  0.0265  0.0261  0.0262  0.0262  0.0260  0.0260  0.0260
  0.0271  0.0264  0.0268  0.0281  0.0278  0.0273  0.0269  0.0273  0.0271  0.0266  0.0264  0.0264
  0.0284  0.0272  0.0276  0.0293  0.0303  0.0281  0.0280  0.0290  0.0284  0.0276  0.0270  0.0269
niter,ni,del,rscale     2    3    5.0000    1.2000
parameters
    2.9630   30.7178   17.8004  -16.9597  -22.4605  -16.7140
    9.8617   -5.2703   -9.2464   14.4814    5.5722   -7.7452
eta,q 0.97420  6.44128
  0.0287  0.0282  0.0268  0.0294  0.0295  0.0279  0.0279  0.0293  0.0284  0.0283  0.0269  0.0267
  0.0272  0.0270  0.0262  0.0277  0.0278  0.0268  0.0268  0.0276  0.0270  0.0270  0.0263  0.0262
  0.0262  0.0262  0.0259  0.0263  0.0265  0.0260  0.0261  0.0263  0.0261  0.0261  0.0259  0.0259
  0.0258  0.0258  0.0258  0.0258  0.0258  0.0258  0.0258  0.0258  0.0258  0.0258  0.0258  0.0258
  0.0261  0.0259  0.0260  0.0266  0.0262  0.0263  0.0261  0.0262  0.0261  0.0260  0.0259  0.0260
  0.0269  0.0265  0.0265  0.0280  0.0276  0.0271  0.0268  0.0274  0.0270  0.0267  0.0263  0.0263
  0.0283  0.0274  0.0272  0.0292  0.0301  0.0278  0.0279  0.0290  0.0283  0.0278  0.0269  0.0268
niter,ni,del,rscale     1    3    5.0000    1.2000
parameters
    3.0150   30.8190   17.7258  -16.9866  -22.5469  -16.7539
    9.8456   -5.1772   -9.2352   14.6638    5.5067   -7.9087
eta,q 0.97421  6.43752
  0.0286  0.0280  0.0269  0.0294  0.0295  0.0279  0.0279  0.0293  0.0284  0.0282  0.0269  0.0267
  0.0271  0.0268  0.0263  0.0277  0.0279  0.0268  0.0268  0.0275  0.0270  0.0269  0.0263  0.0262
  0.0261  0.0261  0.0259  0.0263  0.0265  0.0260  0.0261  0.0263  0.0261  0.0261  0.0259  0.0259
  0.0258  0.0258  0.0258  0.0258  0.0258  0.0258  0.0258  0.0258  0.0258  0.0258  0.0258  0.0258
  0.0261  0.0260  0.0260  0.0266  0.0262  0.0263  0.0260  0.0262  0.0261  0.0261  0.0259  0.0259
  0.0270  0.0266  0.0264  0.0280  0.0276  0.0270  0.0268  0.0274  0.0270  0.0268  0.0263  0.0263
  0.0283  0.0276  0.0271  0.0292  0.0300  0.0277  0.0279  0.0291  0.0283  0.0279  0.0269  0.0268
registration optimization eta report
parameter search radius
    2.4000    2.4000    2.4000    9.5220   10.9503    8.2800
    7.2000    7.2000    8.2800    7.2000    7.2000    7.2000
100000*second partial in parameter space
       46.       34.       21.        4.        3.        3.
        4.        6.        4.        4.        2.        2.
  0.0286  0.0280  0.0269  0.0294  0.0295  0.0279  0.0279  0.0293  0.0284  0.0282  0.0269  0.0267
  0.0271  0.0268  0.0263  0.0277  0.0279  0.0268  0.0268  0.0275  0.0270  0.0269  0.0263  0.0262
  0.0261  0.0261  0.0259  0.0263  0.0265  0.0260  0.0261  0.0263  0.0261  0.0261  0.0259  0.0259
  0.0258  0.0258  0.0258  0.0258  0.0258  0.0258  0.0258  0.0258  0.0258  0.0258  0.0258  0.0258
  0.0261  0.0260  0.0260  0.0266  0.0262  0.0263  0.0260  0.0262  0.0261  0.0261  0.0259  0.0259
  0.0270  0.0266  0.0264  0.0280  0.0276  0.0270  0.0268  0.0274  0.0270  0.0268  0.0263  0.0263
  0.0283  0.0276  0.0271  0.0292  0.0300  0.0277  0.0279  0.0291  0.0283  0.0279  0.0269  0.0268
    3.0150   30.8190   17.7258  -16.9866  -22.5469  -16.7539
    9.8456   -5.1772   -9.2352   14.6638    5.5067   -7.9087
eta,q 0.97421  6.43752

---------------------------------------------------------------------
imgreg_4dfp /opt/freesurfer/average/711-2C_as_mni_average_305 /opt/freesurfer/average/711-2B_as_mni_average_305_mask talsrcimg_g11 none talsrcimg_to_711-2C_as_mni_average_305_t4 2311
---------------------------------------------------------------------

freesurfer imgreg_4dfp.c
/opt/freesurfer/average/711-2C_as_mni_average_305.4dfp.img
       256       256       256         1
  1.000000  1.000000  1.000000
orientation T byte_order littleendian
Reading image: /opt/freesurfer/average/711-2C_as_mni_average_305.4dfp.img
dimensions:      256       256       256
mmppix:       1.0000   -1.0000   -1.0000
center:     128.0000 -129.0000 -129.0000
/opt/freesurfer/average/711-2B_as_mni_average_305_mask.4dfp.img
       256       256       256         1
  1.000000  1.000000  1.000000
orientation T byte_order littleendian
Reading mask: /opt/freesurfer/average/711-2B_as_mni_average_305_mask.4dfp.img (2306576 pixels)
talsrcimg_g11.4dfp.img
       256       256       256         1
  1.000000  1.000000  1.000000
orientation T byte_order littleendian
Reading image: talsrcimg_g11.4dfp.img
dimensions:      256       256       256
mmppix:       1.0000   -1.0000   -1.0000
center:     128.0000 -129.0000 -129.0000
fimgreg.f
image alignment mode   2311 decimal      907 hex
parameters
    3.0150   30.8190   17.7258  -16.9866  -22.5469  -16.7539
    9.8456   -5.1772   -9.2352   14.6638    5.5067   -7.9087
eta,q 0.97421  6.43753
niter,ni,del,rscale     5    3    5.0000    0.8000
parameters
    3.0270   30.8228   17.7181  -17.2577  -21.8736  -17.1263
    9.9321   -5.1043   -9.2933   14.6333    5.5675   -7.8236
eta,q 0.97424  6.44428
  0.0270  0.0267  0.0263  0.0270  0.0269  0.0265  0.0268  0.0274  0.0267  0.0268  0.0263  0.0262
  0.0264  0.0262  0.0260  0.0263  0.0264  0.0261  0.0263  0.0266  0.0262  0.0262  0.0260  0.0260
  0.0259  0.0259  0.0259  0.0259  0.0260  0.0258  0.0259  0.0260  0.0259  0.0259  0.0258  0.0258
  0.0258  0.0258  0.0258  0.0258  0.0258  0.0258  0.0258  0.0258  0.0258  0.0258  0.0258  0.0258
  0.0259  0.0259  0.0259  0.0260  0.0258  0.0260  0.0259  0.0259  0.0259  0.0259  0.0258  0.0258
  0.0263  0.0262  0.0260  0.0266  0.0260  0.0264  0.0262  0.0265  0.0262  0.0263  0.0260  0.0260
  0.0270  0.0267  0.0264  0.0272  0.0265  0.0268  0.0267  0.0274  0.0267  0.0268  0.0262  0.0262
niter,ni,del,rscale     4    3    5.0000    0.7000
parameters
    3.0314   30.8059   17.6358  -17.3055  -21.7939  -17.2767
    9.9735   -5.0879   -9.3294   14.6177    5.6057   -7.8247
eta,q 0.97425  6.44201
  0.0267  0.0264  0.0261  0.0268  0.0265  0.0264  0.0266  0.0270  0.0265  0.0266  0.0261  0.0261
  0.0262  0.0260  0.0259  0.0263  0.0261  0.0261  0.0261  0.0264  0.0261  0.0261  0.0259  0.0259
  0.0259  0.0258  0.0258  0.0259  0.0259  0.0258  0.0259  0.0259  0.0258  0.0258  0.0258  0.0258
  0.0258  0.0258  0.0258  0.0258  0.0258  0.0258  0.0258  0.0258  0.0258  0.0258  0.0258  0.0258
  0.0259  0.0259  0.0258  0.0259  0.0258  0.0259  0.0258  0.0259  0.0258  0.0259  0.0258  0.0258
  0.0262  0.0261  0.0260  0.0263  0.0261  0.0262  0.0261  0.0263  0.0261  0.0261  0.0259  0.0259
  0.0267  0.0265  0.0262  0.0268  0.0265  0.0265  0.0265  0.0270  0.0265  0.0266  0.0261  0.0261
niter,ni,del,rscale     3    3    5.0000    0.6000
parameters
    3.0297   30.8046   17.6049  -17.2982  -21.7611  -17.3285
    9.9998   -5.0793   -9.3451   14.6073    5.6273   -7.8051
eta,q 0.97425  6.44216
  0.0264  0.0263  0.0260  0.0266  0.0263  0.0263  0.0263  0.0267  0.0263  0.0264  0.0260  0.0260
  0.0261  0.0260  0.0259  0.0261  0.0260  0.0260  0.0260  0.0262  0.0260  0.0260  0.0259  0.0259
  0.0258  0.0258  0.0258  0.0259  0.0258  0.0258  0.0258  0.0259  0.0258  0.0258  0.0258  0.0258
  0.0258  0.0258  0.0258  0.0258  0.0258  0.0258  0.0258  0.0258  0.0258  0.0258  0.0258  0.0258
  0.0258  0.0258  0.0258  0.0258  0.0258  0.0258  0.0258  0.0259  0.0258  0.0258  0.0258  0.0258
  0.0261  0.0260  0.0259  0.0261  0.0260  0.0260  0.0260  0.0262  0.0260  0.0260  0.0259  0.0259
  0.0264  0.0263  0.0261  0.0266  0.0263  0.0263  0.0263  0.0267  0.0263  0.0264  0.0260  0.0260
niter,ni,del,rscale     2    3    5.0000    0.5000
parameters
    3.0271   30.7976   17.5933  -17.2858  -21.7335  -17.3488
   10.0147   -5.0693   -9.3574   14.5783    5.6171   -7.7819
eta,q 0.97425  6.44278
  0.0262  0.0261  0.0260  0.0263  0.0262  0.0262  0.0262  0.0264  0.0261  0.0262  0.0260  0.0259
  0.0260  0.0259  0.0258  0.0260  0.0259  0.0259  0.0259  0.0261  0.0259  0.0259  0.0258  0.0258
  0.0258  0.0258  0.0258  0.0258  0.0258  0.0258  0.0258  0.0258  0.0258  0.0258  0.0258  0.0258
  0.0258  0.0258  0.0258  0.0258  0.0258  0.0258  0.0258  0.0258  0.0258  0.0258  0.0258  0.0258
  0.0258  0.0258  0.0258  0.0258  0.0258  0.0258  0.0258  0.0258  0.0258  0.0258  0.0258  0.0258
  0.0260  0.0259  0.0259  0.0260  0.0259  0.0259  0.0259  0.0261  0.0259  0.0260  0.0258  0.0258
  0.0262  0.0261  0.0260  0.0263  0.0261  0.0262  0.0262  0.0264  0.0261  0.0262  0.0260  0.0259
niter,ni,del,rscale     1    3    5.0000    0.4000
parameters
    3.0244   30.7889   17.5906  -17.2704  -21.6988  -17.3196
   10.0267   -5.0611   -9.3550   14.5318    5.5971   -7.7779
eta,q 0.97424  6.44453
  0.0261  0.0260  0.0259  0.0261  0.0260  0.0260  0.0260  0.0262  0.0260  0.0260  0.0259  0.0259
  0.0259  0.0259  0.0258  0.0259  0.0259  0.0259  0.0259  0.0259  0.0259  0.0259  0.0258  0.0258
  0.0258  0.0258  0.0258  0.0258  0.0258  0.0258  0.0258  0.0258  0.0258  0.0258  0.0258  0.0258
  0.0258  0.0258  0.0258  0.0258  0.0258  0.0258  0.0258  0.0258  0.0258  0.0258  0.0258  0.0258
  0.0258  0.0258  0.0258  0.0258  0.0258  0.0258  0.0258  0.0258  0.0258  0.0258  0.0258  0.0258
  0.0259  0.0259  0.0258  0.0259  0.0259  0.0259  0.0259  0.0259  0.0259  0.0259  0.0258  0.0258
  0.0261  0.0260  0.0259  0.0261  0.0260  0.0260  0.0260  0.0262  0.0260  0.0260  0.0259  0.0259
registration optimization eta report
parameter search radius
    0.8000    0.8000    0.8000    2.4000    2.4000    2.4000
    2.4000    2.4000    2.4000    2.4000    2.4000    2.4000
100000*second partial in parameter space
       48.       36.       22.        7.        4.        5.
        5.        7.        4.        5.        2.        2.
  0.0261  0.0260  0.0259  0.0261  0.0260  0.0260  0.0260  0.0262  0.0260  0.0260  0.0259  0.0259
  0.0259  0.0259  0.0258  0.0259  0.0259  0.0259  0.0259  0.0259  0.0259  0.0259  0.0258  0.0258
  0.0258  0.0258  0.0258  0.0258  0.0258  0.0258  0.0258  0.0258  0.0258  0.0258  0.0258  0.0258
  0.0258  0.0258  0.0258  0.0258  0.0258  0.0258  0.0258  0.0258  0.0258  0.0258  0.0258  0.0258
  0.0258  0.0258  0.0258  0.0258  0.0258  0.0258  0.0258  0.0258  0.0258  0.0258  0.0258  0.0258
  0.0259  0.0259  0.0258  0.0259  0.0259  0.0259  0.0259  0.0259  0.0259  0.0259  0.0258  0.0258
  0.0261  0.0260  0.0259  0.0261  0.0260  0.0260  0.0260  0.0262  0.0260  0.0260  0.0259  0.0259
    3.0244   30.7889   17.5906  -17.2704  -21.6988  -17.3196
   10.0267   -5.0611   -9.3550   14.5318    5.5971   -7.7779
eta,q 0.97424  6.44453

---------------------------------------------------------------------
imgreg_4dfp /opt/freesurfer/average/711-2C_as_mni_average_305 /opt/freesurfer/average/711-2B_as_mni_average_305_mask talsrcimg_g11 none talsrcimg_to_711-2C_as_mni_average_305_t4 2311
---------------------------------------------------------------------

freesurfer imgreg_4dfp.c
/opt/freesurfer/average/711-2C_as_mni_average_305.4dfp.img
       256       256       256         1
  1.000000  1.000000  1.000000
orientation T byte_order littleendian
Reading image: /opt/freesurfer/average/711-2C_as_mni_average_305.4dfp.img
dimensions:      256       256       256
mmppix:       1.0000   -1.0000   -1.0000
center:     128.0000 -129.0000 -129.0000
/opt/freesurfer/average/711-2B_as_mni_average_305_mask.4dfp.img
       256       256       256         1
  1.000000  1.000000  1.000000
orientation T byte_order littleendian
Reading mask: /opt/freesurfer/average/711-2B_as_mni_average_305_mask.4dfp.img (2306576 pixels)
talsrcimg_g11.4dfp.img
       256       256       256         1
  1.000000  1.000000  1.000000
orientation T byte_order littleendian
Reading image: talsrcimg_g11.4dfp.img
dimensions:      256       256       256
mmppix:       1.0000   -1.0000   -1.0000
center:     128.0000 -129.0000 -129.0000
fimgreg.f
image alignment mode   2311 decimal      907 hex
parameters
    3.0244   30.7889   17.5906  -17.2704  -21.6988  -17.3196
   10.0267   -5.0611   -9.3550   14.5318    5.5971   -7.7779
eta,q 0.97424  6.44453
niter,ni,del,rscale     5    3    5.0000    0.8000
parameters
    3.0392   30.8087   17.5901  -17.3104  -21.7980  -17.3271
    9.9766   -5.0942   -9.3326   14.6514    5.6191   -7.8069
eta,q 0.97425  6.44075
  0.0270  0.0267  0.0263  0.0271  0.0267  0.0267  0.0267  0.0274  0.0267  0.0269  0.0263  0.0262
  0.0263  0.0262  0.0260  0.0264  0.0262  0.0262  0.0262  0.0265  0.0262  0.0263  0.0260  0.0260
  0.0259  0.0258  0.0258  0.0259  0.0259  0.0259  0.0259  0.0260  0.0259  0.0259  0.0258  0.0258
  0.0258  0.0258  0.0258  0.0258  0.0258  0.0258  0.0258  0.0258  0.0258  0.0258  0.0258  0.0258
  0.0259  0.0259  0.0258  0.0259  0.0259  0.0259  0.0259  0.0259  0.0259  0.0259  0.0258  0.0258
  0.0263  0.0262  0.0260  0.0264  0.0262  0.0262  0.0262  0.0265  0.0262  0.0262  0.0260  0.0260
  0.0269  0.0266  0.0263  0.0271  0.0268  0.0267  0.0268  0.0274  0.0267  0.0268  0.0262  0.0262
niter,ni,del,rscale     4    3    5.0000    0.7000
parameters
    3.0339   30.8205   17.5890  -17.3028  -21.7863  -17.3494
    9.9897   -5.0835   -9.3461   14.6507    5.6097   -7.8232
eta,q 0.97425  6.44102
  0.0267  0.0265  0.0262  0.0268  0.0265  0.0265  0.0265  0.0270  0.0265  0.0266  0.0261  0.0261
  0.0262  0.0261  0.0259  0.0263  0.0261  0.0261  0.0261  0.0264  0.0261  0.0261  0.0259  0.0259
  0.0259  0.0258  0.0258  0.0259  0.0259  0.0259  0.0259  0.0259  0.0258  0.0258  0.0258  0.0258
  0.0258  0.0258  0.0258  0.0258  0.0258  0.0258  0.0258  0.0258  0.0258  0.0258  0.0258  0.0258
  0.0259  0.0258  0.0258  0.0259  0.0258  0.0258  0.0258  0.0259  0.0258  0.0259  0.0258  0.0258
  0.0262  0.0261  0.0259  0.0263  0.0261  0.0261  0.0261  0.0263  0.0261  0.0261  0.0259  0.0259
  0.0267  0.0264  0.0262  0.0268  0.0265  0.0265  0.0265  0.0270  0.0265  0.0266  0.0261  0.0261
registration optimization eta report
parameter search radius
    1.4000    1.4000    1.4000    4.2000    4.2000    4.2000
    4.2000    4.2000    4.2000    4.2000    4.2000    4.2000
100000*second partial in parameter space
       48.       35.       21.        6.        4.        4.
        4.        7.        4.        5.        2.        2.
  0.0267  0.0265  0.0262  0.0268  0.0265  0.0265  0.0265  0.0270  0.0265  0.0266  0.0261  0.0261
  0.0262  0.0261  0.0259  0.0263  0.0261  0.0261  0.0261  0.0264  0.0261  0.0261  0.0259  0.0259
  0.0259  0.0258  0.0258  0.0259  0.0259  0.0259  0.0259  0.0259  0.0258  0.0258  0.0258  0.0258
  0.0258  0.0258  0.0258  0.0258  0.0258  0.0258  0.0258  0.0258  0.0258  0.0258  0.0258  0.0258
  0.0259  0.0258  0.0258  0.0259  0.0258  0.0258  0.0258  0.0259  0.0258  0.0259  0.0258  0.0258
  0.0262  0.0261  0.0259  0.0263  0.0261  0.0261  0.0261  0.0263  0.0261  0.0261  0.0259  0.0259
  0.0267  0.0264  0.0262  0.0268  0.0265  0.0265  0.0265  0.0270  0.0265  0.0266  0.0261  0.0261
    3.0339   30.8205   17.5890  -17.3028  -21.7863  -17.3494
    9.9897   -5.0835   -9.3461   14.6507    5.6097   -7.8232
eta,q 0.97425  6.44102

---------------------------------------------------------------------
compute_vox2vox talsrcimg talsrcimg_to_711-2C_as_mni_average_305_t4 /opt/freesurfer/average/711-2C_as_mni_average_305
---------------------------------------------------------------------

freesurfer compute_vox2vox.c
Reading: talsrcimg.4dfp.ifh
Reading: talsrcimg_to_711-2C_as_mni_average_305_t4
Reading: /opt/freesurfer/average/711-2C_as_mni_average_305.4dfp.ifh
Writing: talsrcimg_to_711-2C_as_mni_average_305_t4_vox2vox.txt

start time Thu Mar 12 13:05:27 CET 2026
end		time Thu Mar 12 13:05:41 CET 2026

mpr2mni305 success

avi2talxfm orig_nu.mgz /opt/freesurfer/average/mni305.cor.mgz talsrcimg_to_711-2C_as_mni_average_305_t4_vox2vox.txt transforms/talairach.auto.xfm
avi2talxfm done
mv -f /out/sourcedata/freesurfer/sub-v1s19x0051305_ses-1/mri/talsrcimg_to_711-2C_as_mni_average_305_t4_vox2vox.txt /out/sourcedata/freesurfer/sub-v1s19x0051305_ses-1/mri/transforms/talsrcimg_to_711-2C_as_mni_average_305_t4_vox2vox.txt
lta_convert --src orig_nu.mgz --trg /opt/freesurfer/average/mni305.cor.mgz --inxfm transforms/talairach.auto.xfm --outlta transforms/talairach.auto.xfm.lta --subject fsaverage
7.3.2

--src: orig_nu.mgz src image (geometry).
--trg: /opt/freesurfer/average/mni305.cor.mgz trg image (geometry).
--inmni: transforms/talairach.auto.xfm input MNI/XFM transform.
--outlta: transforms/talairach.auto.xfm.lta output LTA.
--s: fsaverage subject name
 LTA read, type : 1
 1.18656   0.09810  -0.14174   1.45060;
-0.06594   1.18338   0.12679  -39.17545;
 0.15414  -0.20994   1.23786   0.78398;
 0.00000   0.00000   0.00000   1.00000;
setting subject to fsaverage
Writing  LTA to file transforms/talairach.auto.xfm.lta...
lta_convert successful.
 
 
Started at Thu Mar 12 13:05:26 CET 2026
Ended   at Thu Mar 12 13:05:41 CET 2026
talairach_avi done
