/out/sourcedata/freesurfer/sub-v1s19x0051306_ses-1/mri
/opt/freesurfer/bin/talairach_avi
--i orig_nu.mgz --xfm transforms/talairach.auto.xfm
talairach_avi 7.3.2
Linux dna068 5.14.0-427.37.1.el9_4.x86_64 #1 SMP PREEMPT_DYNAMIC Fri Sep 13 12:41:50 EDT 2024 x86_64 x86_64 x86_64 GNU/Linux
Thu Mar 12 13:06:06 CET 2026
mri_convert orig_nu.mgz talsrcimg.img 
reading from orig_nu.mgz...
TR=0.00, TE=0.00, TI=0.00, flip angle=0.00
i_ras = (-1, 0, 0)
j_ras = (0, 0, -1)
k_ras = (0, 1, 0)
writing to talsrcimg.img...
Analyze Output Matrix
-1.00000   0.00000   0.00000   133.83713;
 0.00000   0.00000   1.00000  -121.34671;
 0.00000  -1.00000   0.00000   139.68523;
 0.00000   0.00000   0.00000   1.00000;
--------------------
INFO: set hdr.hist.orient to -1
mpr2mni305 talsrcimg
Thu Mar 12 13:06:06 CET 2026
/opt/freesurfer/bin/mpr2mni305 talsrcimg
mpr2mni305 7.3.2
target=711-2C_as_mni_average_305

---------------------------------------------------------------------
analyzeto4dfp talsrcimg -O0 -y
---------------------------------------------------------------------

freesurfer ifh2hdr.c
Thu Mar 12 13:06:06 2026
Writing: talsrcimg.4dfp.hdr
freesurfer analyzeto4dfp.c
Reading: talsrcimg.hdr
header size 348 bytes
hdr.dime.datatype	offset=70	value=2
hdr.dime.bitpix		offset=72	value=8
hdr.hist.orient		offset=252	value=-1
dimensionality     4
dimensions       256       256       256         1
Reading: talsrcimg.img
Writing: talsrcimg.4dfp.img
Writing: talsrcimg.4dfp.ifh
ifh2hdr talsrcimg -r0to213
ori=2

---------------------------------------------------------------------
gauss_4dfp talsrcimg 1.1
---------------------------------------------------------------------

freesurfer gauss_4dfp.c
Reading: talsrcimg.4dfp.img
Writing: talsrcimg_g11.4dfp.img
image dimensions 256 256 256 padded to 288 288 288
processing volume 1freesurfer ifh2hdr.c
Thu Mar 12 13:06:07 2026
Writing: talsrcimg_g11.4dfp.hdr

Writing: talsrcimg_g11.4dfp.ifh
including: talsrcimg.4dfp.img.rec in talsrcimg_g11.4dfp.img.rec

---------------------------------------------------------------------
imgreg_4dfp /opt/freesurfer/average/711-2C_as_mni_average_305 none talsrcimg_g11 none talsrcimg_to_711-2C_as_mni_average_305_t4 4355
---------------------------------------------------------------------

freesurfer imgreg_4dfp.c
/opt/freesurfer/average/711-2C_as_mni_average_305.4dfp.img
       256       256       256         1
  1.000000  1.000000  1.000000
orientation T byte_order littleendian
Reading image: /opt/freesurfer/average/711-2C_as_mni_average_305.4dfp.img
dimensions:      256       256       256
mmppix:       1.0000   -1.0000   -1.0000
center:     128.0000 -129.0000 -129.0000
talsrcimg_g11.4dfp.img
       256       256       256         1
  1.000000  1.000000  1.000000
orientation T byte_order littleendian
Reading image: talsrcimg_g11.4dfp.img
dimensions:      256       256       256
mmppix:       1.0000   -1.0000   -1.0000
center:     128.0000 -129.0000 -129.0000
t4_read: open error in t4_sub.f l:  41 t4_file(1:l)talsrcimg_to_711-2C_as_mni_average_305_t4 
t4_read: transform initialized to I4
rotation matrix determinant  1.000000
image alignment mode   4355 decimal     1103 hex
   -7.5000  -45.0000  -45.0000 5739.4712   22.6944
    0.0000  -45.0000  -45.0000 6097.7349   22.6630
    7.5000  -45.0000  -45.0000 5930.5571   22.6646
   -7.5000  -37.5000  -45.0000 6324.4702   21.9840
    0.0000  -37.5000  -45.0000 6694.9575   21.9602
    7.5000  -37.5000  -45.0000 6517.9854   21.9646
   -7.5000  -30.0000  -45.0000 7200.6792   21.4957
    0.0000  -30.0000  -45.0000 7593.1890   21.4733
    7.5000  -30.0000  -45.0000 7409.9526   21.4877
   -7.5000  -22.5000  -45.0000 8086.5737   21.2726
    0.0000  -22.5000  -45.0000 8552.1084   21.2462
    7.5000  -22.5000  -45.0000 8355.0078   21.2684
   -7.5000  -15.0000  -45.0000 9015.9336   21.2142
    0.0000  -15.0000  -45.0000 9549.8096   21.1851
    7.5000  -15.0000  -45.0000 9340.2881   21.2083
   -7.5000   -7.5000  -45.0000 9958.6748   21.2518
    0.0000   -7.5000  -45.000010537.2227   21.2224
    7.5000   -7.5000  -45.000010308.9648   21.2366
   -7.5000    0.0000  -45.000010738.3320   21.2628
    0.0000    0.0000  -45.000011373.7812   21.2370
    7.5000    0.0000  -45.000011155.3896   21.2421
   -7.5000    7.5000  -45.000010707.0127   21.2232
    0.0000    7.5000  -45.000011341.6729   21.2031
    7.5000    7.5000  -45.000011148.6221   21.2104
   -7.5000   15.0000  -45.000010580.0879   21.1844
    0.0000   15.0000  -45.000011214.4658   21.1638
    7.5000   15.0000  -45.000011039.5996   21.1791
   -7.5000   22.5000  -45.000010396.7480   21.1830
    0.0000   22.5000  -45.000011004.4229   21.1571
    7.5000   22.5000  -45.000010822.2334   21.1793
   -7.5000   30.0000  -45.000010149.2891   20.9312
    0.0000   30.0000  -45.000010757.9404   20.9025
    7.5000   30.0000  -45.000010552.6768   20.9253
   -7.5000   37.5000  -45.000010222.8691   20.9686
    0.0000   37.5000  -45.000010818.9795   20.9396
    7.5000   37.5000  -45.000010604.6172   20.9536
   -7.5000   45.0000  -45.0000 9811.0195   20.4467
    0.0000   45.0000  -45.000010369.8604   20.4220
    7.5000   45.0000  -45.000010169.7295   20.4269
   -7.5000  -45.0000  -37.5000 6118.4492   22.3962
    0.0000  -45.0000  -37.5000 6476.4243   22.3736
    7.5000  -45.0000  -37.5000 6306.7568   22.3814
   -7.5000  -37.5000  -37.5000 6721.8486   21.6965
    0.0000  -37.5000  -37.5000 7093.3364   21.6802
    7.5000  -37.5000  -37.5000 6921.4893   21.6878
   -7.5000  -30.0000  -37.5000 7654.4165   21.2136
    0.0000  -30.0000  -37.5000 8082.1382   21.1980
    7.5000  -30.0000  -37.5000 7910.5942   21.2154
   -7.5000  -22.5000  -37.5000 8637.4170   20.9977
    0.0000  -22.5000  -37.5000 9126.2227   20.9766
    7.5000  -22.5000  -37.5000 8939.5039   21.0033
   -7.5000  -15.0000  -37.5000 9621.6865   20.9449
    0.0000  -15.0000  -37.500010201.6025   20.9210
    7.5000  -15.0000  -37.5000 9989.6709   20.9495
   -7.5000   -7.5000  -37.500010626.5332   20.9803
    0.0000   -7.5000  -37.500011265.6895   20.9581
    7.5000   -7.5000  -37.500011023.1494   20.9776
   -7.5000    0.0000  -37.500011446.2666   20.9887
    0.0000    0.0000  -37.500012164.8633   20.9706
    7.5000    0.0000  -37.500011908.4043   20.9800
   -7.5000    7.5000  -37.500011400.1104   20.9488
    0.0000    7.5000  -37.500012103.0244   20.9358
    7.5000    7.5000  -37.500011852.5840   20.9457
   -7.5000   15.0000  -37.500011242.9111   20.9088
    0.0000   15.0000  -37.500011926.3994   20.8949
    7.5000   15.0000  -37.500011713.2686   20.9133
   -7.5000   22.5000  -37.500011020.2783   20.9100
    0.0000   22.5000  -37.500011669.6533   20.8894
    7.5000   22.5000  -37.500011452.2100   20.9162
   -7.5000   30.0000  -37.500010769.4414   20.6654
    0.0000   30.0000  -37.500011397.2705   20.6419
    7.5000   30.0000  -37.500011177.8623   20.6700
   -7.5000   37.5000  -37.500010820.3926   20.7007
    0.0000   37.5000  -37.500011450.7451   20.6788
    7.5000   37.5000  -37.500011214.3213   20.6980
   -7.5000   45.0000  -37.500010361.3174   20.1832
    0.0000   45.0000  -37.500010968.7471   20.1658
    7.5000   45.0000  -37.500010734.0977   20.1748
   -7.5000  -45.0000  -30.0000 6632.9131   23.2832
    0.0000  -45.0000  -30.0000 7010.8848   23.2639
    7.5000  -45.0000  -30.0000 6833.2666   23.2819
   -7.5000  -37.5000  -30.0000 7288.2686   22.5599
    0.0000  -37.5000  -30.0000 7698.9478   22.5511
    7.5000  -37.5000  -30.0000 7516.4731   22.5669
   -7.5000  -30.0000  -30.0000 8293.9365   22.0534
    0.0000  -30.0000  -30.0000 8770.8398   22.0509
    7.5000  -30.0000  -30.0000 8584.5469   22.0760
   -7.5000  -22.5000  -30.0000 9365.4082   21.8203
    0.0000  -22.5000  -30.0000 9914.4824   21.8116
    7.5000  -22.5000  -30.0000 9719.3848   21.8461
   -7.5000  -15.0000  -30.000010407.5820   21.7614
    0.0000  -15.0000  -30.000011048.1045   21.7459
    7.5000  -15.0000  -30.000010831.2529   21.7820
   -7.5000   -7.5000  -30.000011472.7695   21.8030
    0.0000   -7.5000  -30.000012189.8604   21.7852
    7.5000   -7.5000  -30.000011937.9961   21.8127
   -7.5000    0.0000  -30.000012389.1494   21.8199
    0.0000    0.0000  -30.000013144.9121   21.8045
    7.5000    0.0000  -30.000012884.8076   21.8220
   -7.5000    7.5000  -30.000012328.4395   21.7830
    0.0000    7.5000  -30.000013092.6709   21.7771
    7.5000    7.5000  -30.000012820.2334   21.7946
   -7.5000   15.0000  -30.000012136.7021   21.7374
    0.0000   15.0000  -30.000012922.9609   21.7363
    7.5000   15.0000  -30.000012656.7451   21.7623
   -7.5000   22.5000  -30.000011910.6074   21.7271
    0.0000   22.5000  -30.000012649.5791   21.7188
    7.5000   22.5000  -30.000012363.3545   21.7533
   -7.5000   30.0000  -30.000011596.3271   21.4732
    0.0000   30.0000  -30.000012319.6172   21.4578
    7.5000   30.0000  -30.000012037.6836   21.4935
   -7.5000   37.5000  -30.000011616.8223   21.5145
    0.0000   37.5000  -30.000012340.1182   21.4969
    7.5000   37.5000  -30.000012080.5293   21.5241
   -7.5000   45.0000  -30.000011081.4121   20.9979
    0.0000   45.0000  -30.000011751.7314   20.9830
    7.5000   45.0000  -30.000011517.6240   20.9998
   -7.5000  -45.0000  -22.5000 7154.8042   24.1019
    0.0000  -45.0000  -22.5000 7543.2109   24.0763
    7.5000  -45.0000  -22.5000 7383.1802   24.0954
   -7.5000  -37.5000  -22.5000 7868.5459   23.3585
    0.0000  -37.5000  -22.5000 8309.0273   23.3505
    7.5000  -37.5000  -22.5000 8126.9795   23.3697
   -7.5000  -30.0000  -22.5000 8958.7500   22.8325
    0.0000  -30.0000  -22.5000 9467.1963   22.8387
    7.5000  -30.0000  -22.5000 9269.1260   22.8672
   -7.5000  -22.5000  -22.500010085.2471   22.5799
    0.0000  -22.5000  -22.500010696.2031   22.5817
    7.5000  -22.5000  -22.500010452.5869   22.6176
   -7.5000  -15.0000  -22.500011222.7578   22.5108
    0.0000  -15.0000  -22.500011901.4443   22.5009
    7.5000  -15.0000  -22.500011637.7686   22.5369
   -7.5000   -7.5000  -22.500012344.4531   22.5589
    0.0000   -7.5000  -22.500013116.2461   22.5385
    7.5000   -7.5000  -22.500012826.5137   22.5659
   -7.5000    0.0000  -22.500013292.5615   22.5857
    0.0000    0.0000  -22.500014127.1152   22.5644
    7.5000    0.0000  -22.500013867.7529   22.5832
   -7.5000    7.5000  -22.500013240.5098   22.5536
    0.0000    7.5000  -22.500014121.7061   22.5483
    7.5000    7.5000  -22.500013827.2197   22.5690
   -7.5000   15.0000  -22.500013039.3311   22.5055
    0.0000   15.0000  -22.500013929.6318   22.5130
    7.5000   15.0000  -22.500013633.6660   22.5421
   -7.5000   22.5000  -22.500012790.4023   22.4821
    0.0000   22.5000  -22.500013640.4033   22.4841
    7.5000   22.5000  -22.500013321.3584   22.5201
   -7.5000   30.0000  -22.500012440.4336   22.2160
    0.0000   30.0000  -22.500013239.7021   22.2062
    7.5000   30.0000  -22.500012940.2256   22.2418
   -7.5000   37.5000  -22.500012422.6641   22.2638
    0.0000   37.5000  -22.500013235.2910   22.2437
    7.5000   37.5000  -22.500012964.6387   22.2708
   -7.5000   45.0000  -22.500011825.0508   21.7512
    0.0000   45.0000  -22.500012584.0117   21.7307
    7.5000   45.0000  -22.500012340.4932   21.7487
   -7.5000  -45.0000  -15.0000 7657.1006   24.6906
    0.0000  -45.0000  -15.0000 8066.2212   24.6555
    7.5000  -45.0000  -15.0000 7880.5352   24.6678
   -7.5000  -37.5000  -15.0000 8435.2451   23.9333
    0.0000  -37.5000  -15.0000 8900.8672   23.9175
    7.5000  -37.5000  -15.0000 8713.5811   23.9322
   -7.5000  -30.0000  -15.0000 9591.3164   23.3982
    0.0000  -30.0000  -15.000010135.5527   23.3996
    7.5000  -30.0000  -15.0000 9930.2227   23.4242
   -7.5000  -22.5000  -15.000010787.5830   23.1355
    0.0000  -22.5000  -15.000011432.8164   23.1363
    7.5000  -22.5000  -15.000011194.1992   23.1687
   -7.5000  -15.0000  -15.000011995.6484   23.0576
    0.0000  -15.0000  -15.000012726.9736   23.0466
    7.5000  -15.0000  -15.000012446.8252   23.0795
   -7.5000   -7.5000  -15.000013181.9512   23.1062
    0.0000   -7.5000  -15.000014025.0586   23.0800
    7.5000   -7.5000  -15.000013704.3945   23.1031
   -7.5000    0.0000  -15.000014182.9883   23.1365
    0.0000    0.0000  -15.000015109.3613   23.1067
    7.5000    0.0000  -15.000014807.2451   23.1206
   -7.5000    7.5000  -15.000014117.2148   23.1080
    0.0000    7.5000  -15.000015084.5303   23.0953
    7.5000    7.5000  -15.000014755.3877   23.1120
   -7.5000   15.0000  -15.000013919.1963   23.0633
    0.0000   15.0000  -15.000014846.6689   23.0660
    7.5000   15.0000  -15.000014530.0762   23.0914
   -7.5000   22.5000  -15.000013653.3945   23.0346
    0.0000   22.5000  -15.000014545.6543   23.0356
    7.5000   22.5000  -15.000014221.4971   23.0679
   -7.5000   30.0000  -15.000013280.0908   22.7589
    0.0000   30.0000  -15.000014155.2295   22.7480
    7.5000   30.0000  -15.000013839.7432   22.7805
   -7.5000   37.5000  -15.000013261.5234   22.8072
    0.0000   37.5000  -15.000014134.5576   22.7813
    7.5000   37.5000  -15.000013819.9756   22.8041
   -7.5000   45.0000  -15.000012580.0342   22.2950
    0.0000   45.0000  -15.000013387.6152   22.2664
    7.5000   45.0000  -15.000013088.9678   22.2797
   -7.5000  -45.0000   -7.5000 8176.1538   24.9678
    0.0000  -45.0000   -7.5000 8632.1904   24.9320
    7.5000  -45.0000   -7.5000 8449.0195   24.9374
   -7.5000  -37.5000   -7.5000 9043.5195   24.1968
    0.0000  -37.5000   -7.5000 9555.9277   24.1747
    7.5000  -37.5000   -7.5000 9336.7881   24.1836
   -7.5000  -30.0000   -7.500010273.8691   23.6584
    0.0000  -30.0000   -7.500010877.6045   23.6466
    7.5000  -30.0000   -7.500010636.9668   23.6656
   -7.5000  -22.5000   -7.500011547.1816   23.4021
    0.0000  -22.5000   -7.500012245.0713   23.3891
    7.5000  -22.5000   -7.500011961.1191   23.4164
   -7.5000  -15.0000   -7.500012797.2480   23.3284
    0.0000  -15.0000   -7.500013572.7227   23.3083
    7.5000  -15.0000   -7.500013246.9180   23.3365
   -7.5000   -7.5000   -7.500014078.3887   23.3740
    0.0000   -7.5000   -7.500014963.9443   23.3446
    7.5000   -7.5000   -7.500014569.7490   23.3629
   -7.5000    0.0000   -7.500015167.8760   23.3971
    0.0000    0.0000   -7.500016176.3174   23.3670
    7.5000    0.0000   -7.500015793.3047   23.3756
   -7.5000    7.5000   -7.500015046.9736   23.3626
    0.0000    7.5000   -7.500016112.2656   23.3441
    7.5000    7.5000   -7.500015734.8799   23.3555
   -7.5000   15.0000   -7.500014813.3789   23.3198
    0.0000   15.0000   -7.500015810.6357   23.3096
    7.5000   15.0000   -7.500015430.2354   23.3297
   -7.5000   22.5000   -7.500014529.1592   23.2976
    0.0000   22.5000   -7.500015497.4229   23.2849
    7.5000   22.5000   -7.500015086.0029   23.3122
   -7.5000   30.0000   -7.500014145.2295   23.0255
    0.0000   30.0000   -7.500015079.5947   23.0057
    7.5000   30.0000   -7.500014686.9131   23.0336
   -7.5000   37.5000   -7.500014120.5303   23.0709
    0.0000   37.5000   -7.500015048.8145   23.0418
    7.5000   37.5000   -7.500014639.5537   23.0599
   -7.5000   45.0000   -7.500013360.5938   22.5504
    0.0000   45.0000   -7.500014218.7637   22.5214
    7.5000   45.0000   -7.500013827.3789   22.5296
   -7.5000  -45.0000    0.0000 8634.1016   24.9993
    0.0000  -45.0000    0.0000 9127.7324   24.9701
    7.5000  -45.0000    0.0000 8922.6963   24.9741
   -7.5000  -37.5000    0.0000 9552.1064   24.2189
    0.0000  -37.5000    0.000010123.6758   24.1976
    7.5000  -37.5000    0.0000 9869.1465   24.2045
   -7.5000  -30.0000    0.000010875.1650   23.6798
    0.0000  -30.0000    0.000011513.4512   23.6599
    7.5000  -30.0000    0.000011221.9365   23.6775
   -7.5000  -22.5000    0.000012239.7051   23.4358
    0.0000  -22.5000    0.000012939.8711   23.4114
    7.5000  -22.5000    0.000012615.2812   23.4377
   -7.5000  -15.0000    0.000013550.6113   23.3733
    0.0000  -15.0000    0.000014316.9600   23.3457
    7.5000  -15.0000    0.000013949.4824   23.3730
   -7.5000   -7.5000    0.000014901.0088   23.4153
    0.0000   -7.5000    0.000015734.5059   23.3876
    7.5000   -7.5000    0.000015288.8008   23.4049
   -7.5000    0.0000    0.000016115.5303   23.4280
    0.0000    0.0000    0.000017090.6230   23.4043
    7.5000    0.0000    0.000016655.5703   23.4115
   -7.5000    7.5000    0.000015994.3457   23.3845
    0.0000    7.5000    0.000017055.0410   23.3669
    7.5000    7.5000    0.000016646.5020   23.3766
   -7.5000   15.0000    0.000015696.8125   23.3408
    0.0000   15.0000    0.000016737.1621   23.3227
    7.5000   15.0000    0.000016208.3926   23.3414
   -7.5000   22.5000    0.000015364.9453   23.3310
    0.0000   22.5000    0.000016370.2578   23.3071
    7.5000   22.5000    0.000015807.8721   23.3334
   -7.5000   30.0000    0.000014972.5410   23.0704
    0.0000   30.0000    0.000015925.1250   23.0433
    7.5000   30.0000    0.000015402.3125   23.0702
   -7.5000   37.5000    0.000014881.2344   23.1123
    0.0000   37.5000    0.000015811.3613   23.0849
    7.5000   37.5000    0.000015312.0176   23.1020
   -7.5000   45.0000    0.000014043.6514   22.5819
    0.0000   45.0000    0.000014887.3945   22.5590
    7.5000   45.0000    0.000014448.6758   22.5660
   -7.5000  -45.0000    7.5000 8461.5752   24.9890
    0.0000  -45.0000    7.5000 8921.7998   24.9664
    7.5000  -45.0000    7.5000 8706.1865   24.9773
   -7.5000  -37.5000    7.5000 9354.5547   24.2085
    0.0000  -37.5000    7.5000 9888.7891   24.1925
    7.5000  -37.5000    7.5000 9656.7881   24.2029
   -7.5000  -30.0000    7.500010658.8174   23.6686
    0.0000  -30.0000    7.500011237.2480   23.6533
    7.5000  -30.0000    7.500010963.5586   23.6745
   -7.5000  -22.5000    7.500011949.2998   23.4273
    0.0000  -22.5000    7.500012603.9395   23.4058
    7.5000  -22.5000    7.500012299.5830   23.4376
   -7.5000  -15.0000    7.500013216.4160   23.3682
    0.0000  -15.0000    7.500013931.8760   23.3436
    7.5000  -15.0000    7.500013575.4834   23.3776
   -7.5000   -7.5000    7.500014514.8506   23.4087
    0.0000   -7.5000    7.500015325.9023   23.3862
    7.5000   -7.5000    7.500014894.9365   23.4101
   -7.5000    0.0000    7.500015778.7344   23.4193
    0.0000    0.0000    7.500016810.0117   23.4014
    7.5000    0.0000    7.500016376.3525   23.4137
   -7.5000    7.5000    7.500015781.5088   23.3750
    0.0000    7.5000    7.500016891.3965   23.3626
    7.5000    7.5000    7.500016461.8867   23.3753
   -7.5000   15.0000    7.500015514.6475   23.3296
    0.0000   15.0000    7.500016454.8398   23.3160
    7.5000   15.0000    7.500015860.3633   23.3383
   -7.5000   22.5000    7.500015212.9297   23.3223
    0.0000   22.5000    7.500016069.3418   23.3012
    7.5000   22.5000    7.500015426.5957   23.3331
   -7.5000   30.0000    7.500014776.6211   23.0654
    0.0000   30.0000    7.500015603.9775   23.0412
    7.5000   30.0000    7.500015058.9834   23.0748
   -7.5000   37.5000    7.500014643.3291   23.1057
    0.0000   37.5000    7.500015472.8340   23.0835
    7.5000   37.5000    7.500014974.9492   23.1071
   -7.5000   45.0000    7.500013767.9658   22.5735
    0.0000   45.0000    7.500014565.3262   22.5562
    7.5000   45.0000    7.500014081.0850   22.5681
   -7.5000  -45.0000   15.0000 8096.9209   25.0018
    0.0000  -45.0000   15.0000 8580.8730   24.9812
    7.5000  -45.0000   15.0000 8362.3838   25.0006
   -7.5000  -37.5000   15.0000 8981.4570   24.2250
    0.0000  -37.5000   15.0000 9525.7686   24.2157
    7.5000  -37.5000   15.0000 9287.7334   24.2328
   -7.5000  -30.0000   15.000010242.2021   23.6811
    0.0000  -30.0000   15.000010832.0684   23.6785
    7.5000  -30.0000   15.000010548.9316   23.7056
   -7.5000  -22.5000   15.000011480.5400   23.4307
    0.0000  -22.5000   15.000012117.6709   23.4216
    7.5000  -22.5000   15.000011819.2900   23.4587
   -7.5000  -15.0000   15.000012709.2441   23.3677
    0.0000  -15.0000   15.000013340.3145   23.3511
    7.5000  -15.0000   15.000013017.3789   23.3900
   -7.5000   -7.5000   15.000013944.9727   23.4123
    0.0000   -7.5000   15.000014635.0137   23.3934
    7.5000   -7.5000   15.000014293.4336   23.4230
   -7.5000    0.0000   15.000015098.1064   23.4305
    0.0000    0.0000   15.000015989.2061   23.4141
    7.5000    0.0000   15.000015687.1523   23.4330
   -7.5000    7.5000   15.000015184.8047   23.3908
    0.0000    7.5000   15.000016117.4336   23.3846
    7.5000    7.5000   15.000015724.1836   23.4035
   -7.5000   15.0000   15.000015033.6348   23.3418
    0.0000   15.0000   15.000015850.4102   23.3407
    7.5000   15.0000   15.000015275.9014   23.3687
   -7.5000   22.5000   15.000014754.7559   23.3256
    0.0000   22.5000   15.000015524.0713   23.3168
    7.5000   22.5000   15.000014889.6260   23.3539
   -7.5000   30.0000   15.000014308.4590   23.0649
    0.0000   30.0000   15.000015116.2373   23.0486
    7.5000   30.0000   15.000014530.5830   23.0870
   -7.5000   37.5000   15.000014121.9893   23.1093
    0.0000   37.5000   15.000014963.1777   23.0906
    7.5000   37.5000   15.000014402.9902   23.1199
   -7.5000   45.0000   15.000013195.9990   22.5843
    0.0000   45.0000   15.000013978.7021   22.5685
    7.5000   45.0000   15.000013467.4609   22.5867
   -7.5000  -45.0000   22.5000 7678.4272   25.0898
    0.0000  -45.0000   22.5000 8140.5703   25.0631
    7.5000  -45.0000   22.5000 7942.5698   25.0821
   -7.5000  -37.5000   22.5000 8517.2422   24.3147
    0.0000  -37.5000   22.5000 9032.4893   24.3063
    7.5000  -37.5000   22.5000 8822.3926   24.3255
   -7.5000  -30.0000   22.5000 9684.8232   23.7661
    0.0000  -30.0000   22.500010257.1777   23.7726
    7.5000  -30.0000   22.500010032.1689   23.8014
   -7.5000  -22.5000   22.500010857.1377   23.5025
    0.0000  -22.5000   22.500011475.1074   23.5044
    7.5000  -22.5000   22.500011236.3291   23.5411
   -7.5000  -15.0000   22.500012047.0195   23.4303
    0.0000  -15.0000   22.500012667.3076   23.4199
    7.5000  -15.0000   22.500012382.8428   23.4566
   -7.5000   -7.5000   22.500013233.3818   23.4801
    0.0000   -7.5000   22.500013929.5000   23.4589
    7.5000   -7.5000   22.500013603.9443   23.4866
   -7.5000    0.0000   22.500014318.1387   23.5079
    0.0000    0.0000   22.500015134.2754   23.4857
    7.5000    0.0000   22.500014798.6094   23.5044
   -7.5000    7.5000   22.500014383.8301   23.4746
    0.0000    7.5000   22.500015230.2656   23.4691
    7.5000    7.5000   22.500014818.4697   23.4898
   -7.5000   15.0000   22.500014270.1133   23.4248
    0.0000   15.0000   22.500015145.9043   23.4326
    7.5000   15.0000   22.500014601.7314   23.4622
   -7.5000   22.5000   22.500014032.1748   23.3970
    0.0000   22.5000   22.500014920.7725   23.3991
    7.5000   22.5000   22.500014330.2285   23.4357
   -7.5000   30.0000   22.500013596.8848   23.1267
    0.0000   30.0000   22.500014441.1885   23.1165
    7.5000   30.0000   22.500013905.8184   23.1527
   -7.5000   37.5000   22.500013422.4590   23.1763
    0.0000   37.5000   22.500014238.7002   23.1553
    7.5000   37.5000   22.500013735.7227   23.1826
   -7.5000   45.0000   22.500012520.3936   22.6589
    0.0000   45.0000   22.500013242.0361   22.6375
    7.5000   45.0000   22.500012767.6758   22.6556
   -7.5000  -45.0000   30.0000 7190.9443   25.2417
    0.0000  -45.0000   30.0000 7607.4536   25.2062
    7.5000  -45.0000   30.0000 7405.9062   25.2176
   -7.5000  -37.5000   30.0000 7959.7480   24.4661
    0.0000  -37.5000   30.0000 8410.1387   24.4502
    7.5000  -37.5000   30.0000 8217.6475   24.4641
   -7.5000  -30.0000   30.0000 9034.3262   23.9187
    0.0000  -30.0000   30.0000 9561.5908   23.9204
    7.5000  -30.0000   30.0000 9363.2578   23.9444
   -7.5000  -22.5000   30.000010137.4697   23.6505
    0.0000  -22.5000   30.000010735.1455   23.6515
    7.5000  -22.5000   30.000010527.0732   23.6834
   -7.5000  -15.0000   30.000011239.9150   23.5704
    0.0000  -15.0000   30.000011901.2939   23.5592
    7.5000  -15.0000   30.000011652.1221   23.5917
   -7.5000   -7.5000   30.000012336.7461   23.6195
    0.0000   -7.5000   30.000013093.8652   23.5926
    7.5000   -7.5000   30.000012820.0742   23.6151
   -7.5000    0.0000   30.000013332.9512   23.6497
    0.0000    0.0000   30.000014171.5674   23.6193
    7.5000    0.0000   30.000013841.0957   23.6322
   -7.5000    7.5000   30.000013365.6729   23.6206
    0.0000    7.5000   30.000014136.4297   23.6076
    7.5000    7.5000   30.000013768.4180   23.6234
   -7.5000   15.0000   30.000013226.4199   23.5754
    0.0000   15.0000   30.000013966.2451   23.5784
    7.5000   15.0000   30.000013589.1494   23.6031
   -7.5000   22.5000   30.000013002.1406   23.5441
    0.0000   22.5000   30.000013731.8936   23.5453
    7.5000   22.5000   30.000013362.4170   23.5772
   -7.5000   30.0000   30.000012647.9902   23.2650
    0.0000   30.0000   30.000013365.9795   23.2539
    7.5000   30.0000   30.000013000.1543   23.2860
   -7.5000   37.5000   30.000012545.5312   23.3138
    0.0000   37.5000   30.000013247.1162   23.2873
    7.5000   37.5000   30.000012847.4961   23.3095
   -7.5000   45.0000   30.000011713.5215   22.7956
    0.0000   45.0000   30.000012354.4219   22.7662
    7.5000   45.0000   30.000011947.6152   22.7787
   -7.5000  -45.0000   37.5000 6930.6147   25.5130
    0.0000  -45.0000   37.5000 7338.0806   25.4753
    7.5000  -45.0000   37.5000 7150.1372   25.4785
   -7.5000  -37.5000   37.5000 7670.3965   24.7231
    0.0000  -37.5000   37.5000 8127.8687   24.6997
    7.5000  -37.5000   37.5000 7932.2744   24.7065
   -7.5000  -30.0000   37.5000 8707.0947   24.1734
    0.0000  -30.0000   37.5000 9247.0459   24.1604
    7.5000  -30.0000   37.5000 9049.2881   24.1779
   -7.5000  -22.5000   37.5000 9777.2773   23.9147
    0.0000  -22.5000   37.500010408.0430   23.9003
    7.5000  -22.5000   37.500010190.1309   23.9263
   -7.5000  -15.0000   37.500010822.6006   23.8389
    0.0000  -15.0000   37.500011484.5107   23.8169
    7.5000  -15.0000   37.500011260.8779   23.8437
   -7.5000   -7.5000   37.500011880.5713   23.8853
    0.0000   -7.5000   37.500012606.4912   23.8537
    7.5000   -7.5000   37.500012334.5430   23.8701
   -7.5000    0.0000   37.500012847.0879   23.9082
    0.0000    0.0000   37.500013598.5537   23.8759
    7.5000    0.0000   37.500013251.3799   23.8823
   -7.5000    7.5000   37.500012850.9365   23.8722
    0.0000    7.5000   37.500013525.5703   23.8521
    7.5000    7.5000   37.500013200.5205   23.8615
   -7.5000   15.0000   37.500012705.7285   23.8285
    0.0000   15.0000   37.500013349.2021   23.8170
    7.5000   15.0000   37.500013035.2930   23.8355
   -7.5000   22.5000   37.500012477.7051   23.8067
    0.0000   22.5000   37.500013117.3965   23.7926
    7.5000   22.5000   37.500012795.0723   23.8185
   -7.5000   30.0000   37.500012154.3105   23.5301
    0.0000   30.0000   37.500012784.8604   23.5083
    7.5000   30.0000   37.500012455.1846   23.5348
   -7.5000   37.5000   37.500012107.7266   23.5762
    0.0000   37.5000   37.500012714.0684   23.5450
    7.5000   37.5000   37.500012379.6660   23.5612
   -7.5000   45.0000   37.500011322.0146   23.0447
    0.0000   45.0000   37.500011903.3740   23.0136
    7.5000   45.0000   37.500011567.2812   23.0198
   -7.5000  -45.0000   45.0000 6383.2837   25.8232
    0.0000  -45.0000   45.0000 6757.5947   25.7910
    7.5000  -45.0000   45.0000 6582.7944   25.7901
   -7.5000  -37.5000   45.0000 7062.0020   25.0108
    0.0000  -37.5000   45.0000 7501.4062   24.9872
    7.5000  -37.5000   45.0000 7317.8486   24.9892
   -7.5000  -30.0000   45.0000 8031.9604   24.4532
    0.0000  -30.0000   45.0000 8546.3223   24.4308
    7.5000  -30.0000   45.0000 8342.3906   24.4446
   -7.5000  -22.5000   45.0000 9025.3096   24.2078
    0.0000  -22.5000   45.0000 9602.4824   24.1803
    7.5000  -22.5000   45.0000 9379.2295   24.2039
   -7.5000  -15.0000   45.0000 9966.6279   24.1424
    0.0000  -15.0000   45.000010599.2773   24.1111
    7.5000  -15.0000   45.000010369.7793   24.1359
   -7.5000   -7.5000   45.000010911.8115   24.1878
    0.0000   -7.5000   45.000011575.8555   24.1562
    7.5000   -7.5000   45.000011344.5293   24.1700
   -7.5000    0.0000   45.000011790.1562   24.2014
    0.0000    0.0000   45.000012454.2490   24.1743
    7.5000    0.0000   45.000012182.6318   24.1768
   -7.5000    7.5000   45.000011804.3252   24.1545
    0.0000    7.5000   45.000012395.2666   24.1342
    7.5000    7.5000   45.000012118.5596   24.1392
   -7.5000   15.0000   45.000011646.7881   24.1072
    0.0000   15.0000   45.000012182.3369   24.0865
    7.5000   15.0000   45.000011934.6592   24.1015
   -7.5000   22.5000   45.000011408.7080   24.0970
    0.0000   22.5000   45.000011968.9502   24.0699
    7.5000   22.5000   45.000011709.6826   24.0935
   -7.5000   30.0000   45.000011145.5742   23.8275
    0.0000   30.0000   45.000011716.0957   23.7966
    7.5000   30.0000   45.000011428.5752   23.8211
   -7.5000   37.5000   45.000011129.4375   23.8727
    0.0000   37.5000   45.000011682.7627   23.8415
    7.5000   37.5000   45.000011383.4658   23.8551
   -7.5000   45.0000   45.000010422.4023   23.3380
    0.0000   45.0000   45.000010952.5938   23.3118
    7.5000   45.0000   45.000010663.5879   23.3143

---------------------------------------------------------------------
imgreg_4dfp /opt/freesurfer/average/711-2C_as_mni_average_305 /opt/freesurfer/average/711-2B_as_mni_average_305_mask talsrcimg_g11 none talsrcimg_to_711-2C_as_mni_average_305_t4 4355
---------------------------------------------------------------------

freesurfer imgreg_4dfp.c
/opt/freesurfer/average/711-2C_as_mni_average_305.4dfp.img
       256       256       256         1
  1.000000  1.000000  1.000000
orientation T byte_order littleendian
Reading image: /opt/freesurfer/average/711-2C_as_mni_average_305.4dfp.img
dimensions:      256       256       256
mmppix:       1.0000   -1.0000   -1.0000
center:     128.0000 -129.0000 -129.0000
/opt/freesurfer/average/711-2B_as_mni_average_305_mask.4dfp.img
       256       256       256         1
  1.000000  1.000000  1.000000
orientation T byte_order littleendian
Reading mask: /opt/freesurfer/average/711-2B_as_mni_average_305_mask.4dfp.img (2306576 pixels)
talsrcimg_g11.4dfp.img
       256       256       256         1
  1.000000  1.000000  1.000000
orientation T byte_order littleendian
Reading image: talsrcimg_g11.4dfp.img
dimensions:      256       256       256
mmppix:       1.0000   -1.0000   -1.0000
center:     128.0000 -129.0000 -129.0000
rotation matrix determinant  1.000000
image alignment mode   4355 decimal     1103 hex
   -7.5000  -45.0000  -45.0000 1686.9924   41.0281
    0.0000  -45.0000  -45.0000 1700.6826   40.4641
    7.5000  -45.0000  -45.0000 1707.1234   40.2041
   -7.5000  -37.5000  -45.0000 1821.8877   35.5221
    0.0000  -37.5000  -45.0000 1828.5868   34.9209
    7.5000  -37.5000  -45.0000 1831.1772   34.6339
   -7.5000  -30.0000  -45.0000 1944.1560   31.3258
    0.0000  -30.0000  -45.0000 1950.7041   30.6383
    7.5000  -30.0000  -45.0000 1955.1272   30.3611
   -7.5000  -22.5000  -45.0000 2036.7356   28.2135
    0.0000  -22.5000  -45.0000 2054.9578   27.5477
    7.5000  -22.5000  -45.0000 2065.9934   27.3371
   -7.5000  -15.0000  -45.0000 2128.9817   25.9809
    0.0000  -15.0000  -45.0000 2155.1680   25.4628
    7.5000  -15.0000  -45.0000 2164.9907   25.3254
   -7.5000   -7.5000  -45.0000 2201.8977   24.2978
    0.0000   -7.5000  -45.0000 2228.1990   23.8259
    7.5000   -7.5000  -45.0000 2238.8081   23.7485
   -7.5000    0.0000  -45.0000 2239.2649   23.0553
    0.0000    0.0000  -45.0000 2263.3770   22.6244
    7.5000    0.0000  -45.0000 2280.9028   22.5048
   -7.5000    7.5000  -45.0000 2272.0159   22.2125
    0.0000    7.5000  -45.0000 2290.1418   21.7122
    7.5000    7.5000  -45.0000 2305.5010   21.5208
   -7.5000   15.0000  -45.0000 2280.1206   21.8561
    0.0000   15.0000  -45.0000 2302.4478   21.2597
    7.5000   15.0000  -45.0000 2323.0645   21.0456
   -7.5000   22.5000  -45.0000 2274.0542   21.8398
    0.0000   22.5000  -45.0000 2299.2969   21.2531
    7.5000   22.5000  -45.0000 2321.0107   21.0631
   -7.5000   30.0000  -45.0000 2253.4351   22.3317
    0.0000   30.0000  -45.0000 2284.1487   21.6932
    7.5000   30.0000  -45.0000 2298.2688   21.4238
   -7.5000   37.5000  -45.0000 2229.0369   23.1146
    0.0000   37.5000  -45.0000 2254.3098   22.4215
    7.5000   37.5000  -45.0000 2267.5559   22.1736
   -7.5000   45.0000  -45.0000 2184.9165   24.3323
    0.0000   45.0000  -45.0000 2211.5215   23.6303
    7.5000   45.0000  -45.0000 2224.4238   23.3974
   -7.5000  -45.0000  -37.5000 1747.2419   38.0740
    0.0000  -45.0000  -37.5000 1759.4717   37.5582
    7.5000  -45.0000  -37.5000 1767.6998   37.2878
   -7.5000  -37.5000  -37.5000 1882.6715   32.9094
    0.0000  -37.5000  -37.5000 1889.0586   32.3068
    7.5000  -37.5000  -37.5000 1891.1075   32.0272
   -7.5000  -30.0000  -37.5000 2005.0459   28.9982
    0.0000  -30.0000  -37.5000 2020.9305   28.3229
    7.5000  -30.0000  -37.5000 2031.7905   28.1315
   -7.5000  -22.5000  -37.5000 2113.3291   26.0664
    0.0000  -22.5000  -37.5000 2137.5383   25.5642
    7.5000  -22.5000  -37.5000 2153.1213   25.3998
   -7.5000  -15.0000  -37.5000 2212.3213   23.9139
    0.0000  -15.0000  -37.5000 2244.5994   23.4959
    7.5000  -15.0000  -37.5000 2258.3364   23.4399
   -7.5000   -7.5000  -37.5000 2294.5371   22.3982
    0.0000   -7.5000  -37.5000 2326.6587   21.9789
    7.5000   -7.5000  -37.5000 2337.4753   21.9396
   -7.5000    0.0000  -37.5000 2332.8298   21.2644
    0.0000    0.0000  -37.5000 2364.2937   20.8663
    7.5000    0.0000  -37.5000 2379.3550   20.7791
   -7.5000    7.5000  -37.5000 2358.8691   20.4440
    0.0000    7.5000  -37.5000 2390.0046   19.9854
    7.5000    7.5000  -37.5000 2404.3655   19.8847
   -7.5000   15.0000  -37.5000 2374.8652   20.0683
    0.0000   15.0000  -37.5000 2401.7903   19.5919
    7.5000   15.0000  -37.5000 2418.9285   19.4138
   -7.5000   22.5000  -37.5000 2372.7756   20.1108
    0.0000   22.5000  -37.5000 2397.1353   19.5564
    7.5000   22.5000  -37.5000 2416.0710   19.3877
   -7.5000   30.0000  -37.5000 2358.3984   20.5265
    0.0000   30.0000  -37.5000 2387.9500   19.8867
    7.5000   30.0000  -37.5000 2402.4331   19.7168
   -7.5000   37.5000  -37.5000 2329.6785   21.2695
    0.0000   37.5000  -37.5000 2359.1145   20.6154
    7.5000   37.5000  -37.5000 2376.9548   20.4440
   -7.5000   45.0000  -37.5000 2278.8262   22.4656
    0.0000   45.0000  -37.5000 2311.8406   21.8136
    7.5000   45.0000  -37.5000 2323.5674   21.5567
   -7.5000  -45.0000  -30.0000 1828.1953   36.5923
    0.0000  -45.0000  -30.0000 1837.7515   36.1302
    7.5000  -45.0000  -30.0000 1846.9282   35.8626
   -7.5000  -37.5000  -30.0000 1966.9658   31.5427
    0.0000  -37.5000  -30.0000 1981.4492   31.0711
    7.5000  -37.5000  -30.0000 1987.9125   30.8127
   -7.5000  -30.0000  -30.0000 2106.8677   27.8491
    0.0000  -30.0000  -30.0000 2126.4541   27.3303
    7.5000  -30.0000  -30.0000 2134.0137   27.1236
   -7.5000  -22.5000  -30.0000 2223.8572   25.0387
    0.0000  -22.5000  -30.0000 2253.7390   24.5796
    7.5000  -22.5000  -30.0000 2266.6086   24.4593
   -7.5000  -15.0000  -30.0000 2321.9519   22.8632
    0.0000  -15.0000  -30.0000 2358.6550   22.4760
    7.5000  -15.0000  -30.0000 2375.5662   22.4337
   -7.5000   -7.5000  -30.0000 2408.9507   21.3569
    0.0000   -7.5000  -30.0000 2449.4229   20.9855
    7.5000   -7.5000  -30.0000 2462.1101   20.9490
   -7.5000    0.0000  -30.0000 2461.8000   20.2797
    0.0000    0.0000  -30.0000 2494.9741   19.9235
    7.5000    0.0000  -30.0000 2510.3347   19.8277
   -7.5000    7.5000  -30.0000 2490.8933   19.5414
    0.0000    7.5000  -30.0000 2524.9634   19.1066
    7.5000    7.5000  -30.0000 2539.0725   18.9800
   -7.5000   15.0000  -30.0000 2514.2634   19.1408
    0.0000   15.0000  -30.0000 2549.5947   18.6844
    7.5000   15.0000  -30.0000 2562.0815   18.5690
   -7.5000   22.5000  -30.0000 2520.5227   19.1930
    0.0000   22.5000  -30.0000 2550.1633   18.6774
    7.5000   22.5000  -30.0000 2564.1399   18.5637
   -7.5000   30.0000  -30.0000 2497.2622   19.6101
    0.0000   30.0000  -30.0000 2538.9868   19.0075
    7.5000   30.0000  -30.0000 2557.1909   18.8487
   -7.5000   37.5000  -30.0000 2465.0515   20.3649
    0.0000   37.5000  -30.0000 2507.8040   19.7724
    7.5000   37.5000  -30.0000 2529.8706   19.5707
   -7.5000   45.0000  -30.0000 2405.0205   21.5723
    0.0000   45.0000  -30.0000 2447.5481   20.9520
    7.5000   45.0000  -30.0000 2469.0305   20.7751
   -7.5000  -45.0000  -22.5000 1884.7667   35.1403
    0.0000  -45.0000  -22.5000 1894.7777   34.4103
    7.5000  -45.0000  -22.5000 1904.1670   34.4063
   -7.5000  -37.5000  -22.5000 2029.8160   30.3030
    0.0000  -37.5000  -22.5000 2051.6292   29.6858
    7.5000  -37.5000  -22.5000 2059.2952   29.5467
   -7.5000  -30.0000  -22.5000 2178.8967   26.6861
    0.0000  -30.0000  -22.5000 2203.7664   26.1280
    7.5000  -30.0000  -22.5000 2215.9150   25.9956
   -7.5000  -22.5000  -22.5000 2301.0063   23.9479
    0.0000  -22.5000  -22.5000 2337.6404   23.4589
    7.5000  -22.5000  -22.5000 2351.9355   23.2824
   -7.5000  -15.0000  -22.5000 2409.3042   21.8780
    0.0000  -15.0000  -22.5000 2451.2634   21.4981
    7.5000  -15.0000  -22.5000 2462.7151   21.2816
   -7.5000   -7.5000  -22.5000 2499.4780   20.3680
    0.0000   -7.5000  -22.5000 2541.9004   20.0077
    7.5000   -7.5000  -22.5000 2556.5840   19.8584
   -7.5000    0.0000  -22.5000 2556.5808   19.2698
    0.0000    0.0000  -22.5000 2595.2405   18.8987
    7.5000    0.0000  -22.5000 2615.3289   18.7804
   -7.5000    7.5000  -22.5000 2605.0723   18.5332
    0.0000    7.5000  -22.5000 2640.7571   18.1396
    7.5000    7.5000  -22.5000 2657.4075   18.0136
   -7.5000   15.0000  -22.5000 2630.5212   18.1516
    0.0000   15.0000  -22.5000 2674.6199   17.7490
    7.5000   15.0000  -22.5000 2688.1824   17.5907
   -7.5000   22.5000  -22.5000 2637.1804   18.1902
    0.0000   22.5000  -22.5000 2681.3545   17.7695
    7.5000   22.5000  -22.5000 2695.7039   17.5801
   -7.5000   30.0000  -22.5000 2612.0979   18.6049
    0.0000   30.0000  -22.5000 2663.5332   18.1027
    7.5000   30.0000  -22.5000 2684.3589   17.9431
   -7.5000   37.5000  -22.5000 2575.7417   19.3777
    0.0000   37.5000  -22.5000 2629.9280   18.8213
    7.5000   37.5000  -22.5000 2656.7361   18.6648
   -7.5000   45.0000  -22.5000 2511.1584   20.5216
    0.0000   45.0000  -22.5000 2566.4707   19.9552
    7.5000   45.0000  -22.5000 2589.7717   19.8017
   -7.5000  -45.0000  -15.0000 1916.8424   34.0122
    0.0000  -45.0000  -15.0000 1931.8086   33.1820
    7.5000  -45.0000  -15.0000 1937.6766   33.0133
   -7.5000  -37.5000  -15.0000 2074.6240   29.3381
    0.0000  -37.5000  -15.0000 2095.4106   28.5795
    7.5000  -37.5000  -15.0000 2102.5142   28.3658
   -7.5000  -30.0000  -15.0000 2223.7722   25.7512
    0.0000  -30.0000  -15.0000 2253.7383   25.1373
    7.5000  -30.0000  -15.0000 2264.0969   24.8738
   -7.5000  -22.5000  -15.0000 2348.7341   23.0632
    0.0000  -22.5000  -15.0000 2384.0100   22.4810
    7.5000  -22.5000  -15.0000 2401.0596   22.2536
   -7.5000  -15.0000  -15.0000 2457.2922   20.9985
    0.0000  -15.0000  -15.0000 2501.1150   20.5096
    7.5000  -15.0000  -15.0000 2518.9468   20.3000
   -7.5000   -7.5000  -15.0000 2551.6245   19.4509
    0.0000   -7.5000  -15.0000 2600.6978   19.0707
    7.5000   -7.5000  -15.0000 2622.8843   18.8909
   -7.5000    0.0000  -15.0000 2620.4146   18.3541
    0.0000    0.0000  -15.0000 2663.8064   17.9998
    7.5000    0.0000  -15.0000 2689.9592   17.8354
   -7.5000    7.5000  -15.0000 2679.8091   17.6192
    0.0000    7.5000  -15.0000 2724.2446   17.2243
    7.5000    7.5000  -15.0000 2740.8220   17.0503
   -7.5000   15.0000  -15.0000 2713.9836   17.2165
    0.0000   15.0000  -15.0000 2758.5747   16.8138
    7.5000   15.0000  -15.0000 2776.8003   16.6536
   -7.5000   22.5000  -15.0000 2724.5728   17.2572
    0.0000   22.5000  -15.0000 2773.4011   16.7963
    7.5000   22.5000  -15.0000 2793.1145   16.6589
   -7.5000   30.0000  -15.0000 2700.5632   17.6815
    0.0000   30.0000  -15.0000 2755.6655   17.1717
    7.5000   30.0000  -15.0000 2780.3628   17.0333
   -7.5000   37.5000  -15.0000 2662.8650   18.4915
    0.0000   37.5000  -15.0000 2721.3914   17.9270
    7.5000   37.5000  -15.0000 2746.7598   17.7629
   -7.5000   45.0000  -15.0000 2591.7239   19.6265
    0.0000   45.0000  -15.0000 2648.3140   19.0135
    7.5000   45.0000  -15.0000 2665.1514   18.8407
   -7.5000  -45.0000   -7.5000 1943.1689   33.2011
    0.0000  -45.0000   -7.5000 1963.4426   32.2112
    7.5000  -45.0000   -7.5000 1977.4346   32.0723
   -7.5000  -37.5000   -7.5000 2110.9238   28.5851
    0.0000  -37.5000   -7.5000 2131.8257   27.7523
    7.5000  -37.5000   -7.5000 2140.6287   27.4987
   -7.5000  -30.0000   -7.5000 2256.9949   25.0032
    0.0000  -30.0000   -7.5000 2282.6377   24.2956
    7.5000  -30.0000   -7.5000 2295.4094   23.9651
   -7.5000  -22.5000   -7.5000 2383.2546   22.3297
    0.0000  -22.5000   -7.5000 2414.7285   21.6830
    7.5000  -22.5000   -7.5000 2431.0986   21.3811
   -7.5000  -15.0000   -7.5000 2489.6450   20.2662
    0.0000  -15.0000   -7.5000 2530.9768   19.7113
    7.5000  -15.0000   -7.5000 2550.6045   19.4529
   -7.5000   -7.5000   -7.5000 2592.7026   18.7448
    0.0000   -7.5000   -7.5000 2642.5906   18.2467
    7.5000   -7.5000   -7.5000 2662.9460   18.0203
   -7.5000    0.0000   -7.5000 2673.0964   17.6144
    0.0000    0.0000   -7.5000 2722.8984   17.1804
    7.5000    0.0000   -7.5000 2750.3398   17.0102
   -7.5000    7.5000   -7.5000 2737.5686   16.8043
    0.0000    7.5000   -7.5000 2794.4087   16.4282
    7.5000    7.5000   -7.5000 2814.6816   16.2405
   -7.5000   15.0000   -7.5000 2778.8350   16.4109
    0.0000   15.0000   -7.5000 2832.5857   15.9574
    7.5000   15.0000   -7.5000 2853.8350   15.8217
   -7.5000   22.5000   -7.5000 2793.6145   16.4663
    0.0000   22.5000   -7.5000 2851.1182   15.9634
    7.5000   22.5000   -7.5000 2872.5552   15.8397
   -7.5000   30.0000   -7.5000 2776.3291   16.9205
    0.0000   30.0000   -7.5000 2833.0278   16.3723
    7.5000   30.0000   -7.5000 2858.1909   16.2299
   -7.5000   37.5000   -7.5000 2731.6304   17.6471
    0.0000   37.5000   -7.5000 2793.2107   17.1006
    7.5000   37.5000   -7.5000 2809.2302   16.9238
   -7.5000   45.0000   -7.5000 2657.1628   18.7605
    0.0000   45.0000   -7.5000 2712.5200   18.1910
    7.5000   45.0000   -7.5000 2724.8140   18.0053
   -7.5000  -45.0000    0.0000 1954.5468   32.6617
    0.0000  -45.0000    0.0000 1974.5551   31.6396
    7.5000  -45.0000    0.0000 1992.1423   31.4909
   -7.5000  -37.5000    0.0000 2116.9006   28.0197
    0.0000  -37.5000    0.0000 2139.1741   27.2243
    7.5000  -37.5000    0.0000 2152.8193   26.9494
   -7.5000  -30.0000    0.0000 2262.6680   24.5241
    0.0000  -30.0000    0.0000 2291.0093   23.7379
    7.5000  -30.0000    0.0000 2306.2708   23.4581
   -7.5000  -22.5000    0.0000 2395.0120   21.8808
    0.0000  -22.5000    0.0000 2426.9536   21.1539
    7.5000  -22.5000    0.0000 2439.6750   20.8826
   -7.5000  -15.0000    0.0000 2505.7063   19.8650
    0.0000  -15.0000    0.0000 2547.1265   19.1424
    7.5000  -15.0000    0.0000 2563.8958   18.8976
   -7.5000   -7.5000    0.0000 2620.9624   18.3202
    0.0000   -7.5000    0.0000 2661.2458   17.6856
    7.5000   -7.5000    0.0000 2679.1641   17.4481
   -7.5000    0.0000    0.0000 2714.8767   17.1580
    0.0000    0.0000    0.0000 2762.2754   16.6087
    7.5000    0.0000    0.0000 2783.1973   16.3953
   -7.5000    7.5000    0.0000 2786.9104   16.2830
    0.0000    7.5000    0.0000 2848.6184   15.8215
    7.5000    7.5000    0.0000 2869.9663   15.6651
   -7.5000   15.0000    0.0000 2829.1646   15.8793
    0.0000   15.0000    0.0000 2898.4451   15.2896
    7.5000   15.0000    0.0000 2920.4363   15.1576
   -7.5000   22.5000    0.0000 2850.7192   15.9040
    0.0000   22.5000    0.0000 2918.7439   15.3472
    7.5000   22.5000    0.0000 2933.7878   15.1865
   -7.5000   30.0000    0.0000 2830.8115   16.4027
    0.0000   30.0000    0.0000 2891.0718   15.7922
    7.5000   30.0000    0.0000 2909.6653   15.6218
   -7.5000   37.5000    0.0000 2776.9275   17.1354
    0.0000   37.5000    0.0000 2836.0581   16.5235
    7.5000   37.5000    0.0000 2852.9761   16.3173
   -7.5000   45.0000    0.0000 2698.7795   18.2474
    0.0000   45.0000    0.0000 2746.4988   17.5998
    7.5000   45.0000    0.0000 2765.9285   17.4102
   -7.5000  -45.0000    7.5000 1964.0502   32.8060
    0.0000  -45.0000    7.5000 1982.7421   31.5472
    7.5000  -45.0000    7.5000 1997.6239   31.3531
   -7.5000  -37.5000    7.5000 2124.1472   27.9536
    0.0000  -37.5000    7.5000 2151.0269   26.9841
    7.5000  -37.5000    7.5000 2167.8977   26.7456
   -7.5000  -30.0000    7.5000 2271.0293   24.3150
    0.0000  -30.0000    7.5000 2294.0796   23.4169
    7.5000  -30.0000    7.5000 2313.4036   23.1360
   -7.5000  -22.5000    7.5000 2399.3865   21.6409
    0.0000  -22.5000    7.5000 2425.1526   20.8542
    7.5000  -22.5000    7.5000 2442.8936   20.5694
   -7.5000  -15.0000    7.5000 2510.5757   19.6267
    0.0000  -15.0000    7.5000 2543.4597   18.8852
    7.5000  -15.0000    7.5000 2564.2053   18.6110
   -7.5000   -7.5000    7.5000 2625.6301   18.0817
    0.0000   -7.5000    7.5000 2666.3845   17.4237
    7.5000   -7.5000    7.5000 2684.3394   17.1032
   -7.5000    0.0000    7.5000 2729.4849   16.8856
    0.0000    0.0000    7.5000 2778.9241   16.3522
    7.5000    0.0000    7.5000 2795.6060   16.0583
   -7.5000    7.5000    7.5000 2819.9094   16.0505
    0.0000    7.5000    7.5000 2885.3425   15.5947
    7.5000    7.5000    7.5000 2905.0178   15.3591
   -7.5000   15.0000    7.5000 2871.5706   15.5167
    0.0000   15.0000    7.5000 2947.9019   14.9557
    7.5000   15.0000    7.5000 2968.3394   14.7567
   -7.5000   22.5000    7.5000 2893.7834   15.6036
    0.0000   22.5000    7.5000 2968.9790   14.9847
    7.5000   22.5000    7.5000 2983.2034   14.7752
   -7.5000   30.0000    7.5000 2861.8442   16.1298
    0.0000   30.0000    7.5000 2927.0923   15.5066
    7.5000   30.0000    7.5000 2946.0610   15.3303
   -7.5000   37.5000    7.5000 2803.1895   16.8791
    0.0000   37.5000    7.5000 2862.3459   16.2332
    7.5000   37.5000    7.5000 2884.1116   16.0615
   -7.5000   45.0000    7.5000 2715.9175   17.9608
    0.0000   45.0000    7.5000 2770.4175   17.3209
    7.5000   45.0000    7.5000 2785.9939   17.1295
   -7.5000  -45.0000   15.0000 1949.7324   32.8878
    0.0000  -45.0000   15.0000 1969.8696   31.7229
    7.5000  -45.0000   15.0000 1983.8168   31.3517
   -7.5000  -37.5000   15.0000 2109.9907   28.0729
    0.0000  -37.5000   15.0000 2140.2021   27.0432
    7.5000  -37.5000   15.0000 2152.6218   26.7555
   -7.5000  -30.0000   15.0000 2262.1936   24.4418
    0.0000  -30.0000   15.0000 2288.6858   23.4617
    7.5000  -30.0000   15.0000 2304.6804   23.2266
   -7.5000  -22.5000   15.0000 2386.6409   21.7386
    0.0000  -22.5000   15.0000 2413.3513   20.8492
    7.5000  -22.5000   15.0000 2436.3943   20.6246
   -7.5000  -15.0000   15.0000 2503.5549   19.7320
    0.0000  -15.0000   15.0000 2528.0122   18.9027
    7.5000  -15.0000   15.0000 2549.8838   18.5999
   -7.5000   -7.5000   15.0000 2618.9006   18.1151
    0.0000   -7.5000   15.0000 2649.9834   17.3512
    7.5000   -7.5000   15.0000 2671.3916   17.0683
   -7.5000    0.0000   15.0000 2726.6094   16.9210
    0.0000    0.0000   15.0000 2762.6433   16.2377
    7.5000    0.0000   15.0000 2786.8469   15.9781
   -7.5000    7.5000   15.0000 2819.9224   16.0861
    0.0000    7.5000   15.0000 2872.2720   15.5126
    7.5000    7.5000   15.0000 2902.6475   15.2764
   -7.5000   15.0000   15.0000 2879.0437   15.6971
    0.0000   15.0000   15.0000 2953.7295   15.0807
    7.5000   15.0000   15.0000 2982.0234   14.7661
   -7.5000   22.5000   15.0000 2891.6814   15.6695
    0.0000   22.5000   15.0000 2984.7104   15.0782
    7.5000   22.5000   15.0000 3002.1494   14.7850
   -7.5000   30.0000   15.0000 2857.4521   16.0404
    0.0000   30.0000   15.0000 2935.0461   15.4709
    7.5000   30.0000   15.0000 2955.2727   15.3077
   -7.5000   37.5000   15.0000 2794.1177   16.7503
    0.0000   37.5000   15.0000 2861.5312   16.1921
    7.5000   37.5000   15.0000 2884.6609   15.9791
   -7.5000   45.0000   15.0000 2707.1631   17.8682
    0.0000   45.0000   15.0000 2765.6663   17.2732
    7.5000   45.0000   15.0000 2783.6770   17.0382
   -7.5000  -45.0000   22.5000 1921.1075   33.3659
    0.0000  -45.0000   22.5000 1943.9305   32.2386
    7.5000  -45.0000   22.5000 1957.8236   31.9875
   -7.5000  -37.5000   22.5000 2089.9485   28.5054
    0.0000  -37.5000   22.5000 2116.1716   27.4105
    7.5000  -37.5000   22.5000 2130.7417   27.2447
   -7.5000  -30.0000   22.5000 2241.7930   24.7911
    0.0000  -30.0000   22.5000 2270.9492   23.7806
    7.5000  -30.0000   22.5000 2290.7261   23.6034
   -7.5000  -22.5000   22.5000 2374.8694   22.1380
    0.0000  -22.5000   22.5000 2398.0525   21.1244
    7.5000  -22.5000   22.5000 2423.8669   20.9165
   -7.5000  -15.0000   22.5000 2492.2117   20.1376
    0.0000  -15.0000   22.5000 2512.4414   19.1607
    7.5000  -15.0000   22.5000 2535.5803   18.8971
   -7.5000   -7.5000   22.5000 2610.5564   18.6043
    0.0000   -7.5000   22.5000 2633.5359   17.7047
    7.5000   -7.5000   22.5000 2655.1890   17.4146
   -7.5000    0.0000   22.5000 2715.3611   17.3502
    0.0000    0.0000   22.5000 2751.4407   16.6917
    7.5000    0.0000   22.5000 2768.0957   16.3884
   -7.5000    7.5000   22.5000 2808.1758   16.5717
    0.0000    7.5000   22.5000 2856.8398   15.9463
    7.5000    7.5000   22.5000 2881.2290   15.6615
   -7.5000   15.0000   22.5000 2864.1707   16.1132
    0.0000   15.0000   22.5000 2924.9390   15.5588
    7.5000   15.0000   22.5000 2948.7471   15.2118
   -7.5000   22.5000   22.5000 2875.2632   16.0606
    0.0000   22.5000   22.5000 2948.9153   15.5911
    7.5000   22.5000   22.5000 2972.1997   15.3358
   -7.5000   30.0000   22.5000 2836.6987   16.3675
    0.0000   30.0000   22.5000 2902.3711   15.9242
    7.5000   30.0000   22.5000 2927.1821   15.7425
   -7.5000   37.5000   22.5000 2770.5129   17.0621
    0.0000   37.5000   22.5000 2835.2927   16.5564
    7.5000   37.5000   22.5000 2857.4109   16.3754
   -7.5000   45.0000   22.5000 2685.4473   18.1735
    0.0000   45.0000   22.5000 2739.2810   17.5573
    7.5000   45.0000   22.5000 2754.5938   17.3419
   -7.5000  -45.0000   30.0000 1888.9537   34.3587
    0.0000  -45.0000   30.0000 1912.4261   33.1028
    7.5000  -45.0000   30.0000 1927.4457   32.8313
   -7.5000  -37.5000   30.0000 2060.9438   29.2745
    0.0000  -37.5000   30.0000 2085.7717   28.1538
    7.5000  -37.5000   30.0000 2102.7048   27.9613
   -7.5000  -30.0000   30.0000 2215.3083   25.4715
    0.0000  -30.0000   30.0000 2241.3728   24.4888
    7.5000  -30.0000   30.0000 2264.5601   24.2961
   -7.5000  -22.5000   30.0000 2349.4292   22.7238
    0.0000  -22.5000   30.0000 2375.6782   21.8572
    7.5000  -22.5000   30.0000 2401.4011   21.6138
   -7.5000  -15.0000   30.0000 2471.1938   20.7597
    0.0000  -15.0000   30.0000 2495.5586   19.9176
    7.5000  -15.0000   30.0000 2519.9531   19.6994
   -7.5000   -7.5000   30.0000 2583.3921   19.2274
    0.0000   -7.5000   30.0000 2615.5181   18.5202
    7.5000   -7.5000   30.0000 2635.8662   18.2767
   -7.5000    0.0000   30.0000 2683.4739   18.0512
    0.0000    0.0000   30.0000 2721.4612   17.3806
    7.5000    0.0000   30.0000 2738.7954   17.1303
   -7.5000    7.5000   30.0000 2767.5430   17.2515
    0.0000    7.5000   30.0000 2813.5137   16.5872
    7.5000    7.5000   30.0000 2829.8154   16.2188
   -7.5000   15.0000   30.0000 2815.5283   16.8090
    0.0000   15.0000   30.0000 2869.6367   16.1794
    7.5000   15.0000   30.0000 2889.7249   15.8754
   -7.5000   22.5000   30.0000 2820.4897   16.7292
    0.0000   22.5000   30.0000 2886.7205   16.2184
    7.5000   22.5000   30.0000 2907.0127   15.9688
   -7.5000   30.0000   30.0000 2779.3999   17.0322
    0.0000   30.0000   30.0000 2844.2820   16.5742
    7.5000   30.0000   30.0000 2867.4714   16.3617
   -7.5000   37.5000   30.0000 2718.1448   17.6775
    0.0000   37.5000   30.0000 2778.2285   17.2299
    7.5000   37.5000   30.0000 2797.4805   16.9776
   -7.5000   45.0000   30.0000 2636.8235   18.7430
    0.0000   45.0000   30.0000 2689.4666   18.2401
    7.5000   45.0000   30.0000 2705.4348   17.9765
   -7.5000  -45.0000   37.5000 1859.3387   35.6519
    0.0000  -45.0000   37.5000 1877.7065   34.6159
    7.5000  -45.0000   37.5000 1889.4396   34.2887
   -7.5000  -37.5000   37.5000 2027.0824   30.2671
    0.0000  -37.5000   37.5000 2051.4976   29.4078
    7.5000  -37.5000   37.5000 2064.2510   29.2209
   -7.5000  -30.0000   37.5000 2180.3127   26.3484
    0.0000  -30.0000   37.5000 2210.2786   25.5747
    7.5000  -30.0000   37.5000 2227.3418   25.4003
   -7.5000  -22.5000   37.5000 2316.6218   23.5699
    0.0000  -22.5000   37.5000 2349.3909   22.8697
    7.5000  -22.5000   37.5000 2371.9861   22.6700
   -7.5000  -15.0000   37.5000 2434.4238   21.5909
    0.0000  -15.0000   37.5000 2465.6025   20.9143
    7.5000  -15.0000   37.5000 2489.4780   20.7182
   -7.5000   -7.5000   37.5000 2545.9480   20.1148
    0.0000   -7.5000   37.5000 2580.0327   19.3990
    7.5000   -7.5000   37.5000 2602.9351   19.2023
   -7.5000    0.0000   37.5000 2637.9758   18.9577
    0.0000    0.0000   37.5000 2677.5964   18.1839
    7.5000    0.0000   37.5000 2696.7170   17.9130
   -7.5000    7.5000   37.5000 2714.4009   18.0683
    0.0000    7.5000   37.5000 2756.3657   17.3397
    7.5000    7.5000   37.5000 2779.6216   17.0363
   -7.5000   15.0000   37.5000 2753.6719   17.6149
    0.0000   15.0000   37.5000 2802.5439   16.9899
    7.5000   15.0000   37.5000 2821.7957   16.7325
   -7.5000   22.5000   37.5000 2754.5896   17.6087
    0.0000   22.5000   37.5000 2814.4795   17.0405
    7.5000   22.5000   37.5000 2830.2517   16.7894
   -7.5000   30.0000   37.5000 2715.3992   17.9468
    0.0000   30.0000   37.5000 2774.4612   17.3966
    7.5000   30.0000   37.5000 2791.0354   17.1623
   -7.5000   37.5000   37.5000 2659.1699   18.5232
    0.0000   37.5000   37.5000 2708.0979   18.0220
    7.5000   37.5000   37.5000 2727.7432   17.7622
   -7.5000   45.0000   37.5000 2580.6375   19.5483
    0.0000   45.0000   37.5000 2629.0671   19.0199
    7.5000   45.0000   37.5000 2650.4688   18.7252
   -7.5000  -45.0000   45.0000 1815.5830   37.3612
    0.0000  -45.0000   45.0000 1831.6426   36.4002
    7.5000  -45.0000   45.0000 1844.3528   36.1684
   -7.5000  -37.5000   45.0000 1982.3859   31.6171
    0.0000  -37.5000   45.0000 2007.1438   30.8421
    7.5000  -37.5000   45.0000 2022.4432   30.8079
   -7.5000  -30.0000   45.0000 2137.1172   27.5617
    0.0000  -30.0000   45.0000 2172.1016   26.8758
    7.5000  -30.0000   45.0000 2184.4109   26.7797
   -7.5000  -22.5000   45.0000 2271.9937   24.7282
    0.0000  -22.5000   45.0000 2307.7124   24.0883
    7.5000  -22.5000   45.0000 2326.1431   23.9120
   -7.5000  -15.0000   45.0000 2386.0139   22.7411
    0.0000  -15.0000   45.0000 2425.4949   22.0599
    7.5000  -15.0000   45.0000 2445.0540   21.8914
   -7.5000   -7.5000   45.0000 2488.8066   21.1904
    0.0000   -7.5000   45.0000 2531.0090   20.4673
    7.5000   -7.5000   45.0000 2554.5459   20.2772
   -7.5000    0.0000   45.0000 2574.5063   19.9383
    0.0000    0.0000   45.0000 2614.5371   19.2028
    7.5000    0.0000   45.0000 2641.8228   18.9588
   -7.5000    7.5000   45.0000 2650.7253   19.0540
    0.0000    7.5000   45.0000 2686.8298   18.3491
    7.5000    7.5000   45.0000 2711.5542   18.1359
   -7.5000   15.0000   45.0000 2678.2622   18.6175
    0.0000   15.0000   45.0000 2713.7063   17.9705
    7.5000   15.0000   45.0000 2739.7651   17.7799
   -7.5000   22.5000   45.0000 2675.2898   18.6164
    0.0000   22.5000   45.0000 2720.3491   18.0406
    7.5000   22.5000   45.0000 2742.8755   17.8238
   -7.5000   30.0000   45.0000 2646.1516   18.9452
    0.0000   30.0000   45.0000 2696.9521   18.3916
    7.5000   30.0000   45.0000 2709.7502   18.1987
   -7.5000   37.5000   45.0000 2594.2258   19.5875
    0.0000   37.5000   45.0000 2638.9194   19.0325
    7.5000   37.5000   45.0000 2656.2524   18.8239
   -7.5000   45.0000   45.0000 2519.4473   20.5685
    0.0000   45.0000   45.0000 2564.2793   20.0140
    7.5000   45.0000   45.0000 2584.0129   19.7425

---------------------------------------------------------------------
imgreg_4dfp /opt/freesurfer/average/711-2C_as_mni_average_305 /opt/freesurfer/average/711-2B_as_mni_average_305_mask talsrcimg_g11 none talsrcimg_to_711-2C_as_mni_average_305_t4 1283
---------------------------------------------------------------------

freesurfer imgreg_4dfp.c
/opt/freesurfer/average/711-2C_as_mni_average_305.4dfp.img
       256       256       256         1
  1.000000  1.000000  1.000000
orientation T byte_order littleendian
Reading image: /opt/freesurfer/average/711-2C_as_mni_average_305.4dfp.img
dimensions:      256       256       256
mmppix:       1.0000   -1.0000   -1.0000
center:     128.0000 -129.0000 -129.0000
/opt/freesurfer/average/711-2B_as_mni_average_305_mask.4dfp.img
       256       256       256         1
  1.000000  1.000000  1.000000
orientation T byte_order littleendian
Reading mask: /opt/freesurfer/average/711-2B_as_mni_average_305_mask.4dfp.img (2306576 pixels)
talsrcimg_g11.4dfp.img
       256       256       256         1
  1.000000  1.000000  1.000000
orientation T byte_order littleendian
Reading image: talsrcimg_g11.4dfp.img
dimensions:      256       256       256
mmppix:       1.0000   -1.0000   -1.0000
center:     128.0000 -129.0000 -129.0000
rotation matrix determinant  1.000000
fimgreg.f
image alignment mode   1283 decimal      503 hex
parameters
    7.5000   22.5000   15.0000    0.0000    0.0000    0.0000
eta,q 0.94170 14.83931
niter,ni,del,rscale     5    3   12.0000    1.2000
parameter  6  0.960905 ->  0.500000 qaram    1.1500
parameters
    4.7607   21.1831   15.8303   -0.2196    2.2805   -3.4500
eta,q 0.94706 14.62013
  0.0612  0.0624  0.0661  0.0634  0.0692  0.0528
  0.0569  0.0584  0.0637  0.0582  0.0632  0.0528
  0.0579  0.0568  0.0600  0.0557  0.0581  0.0536
  0.0606  0.0573  0.0568  0.0559  0.0558  0.0555
  0.0625  0.0606  0.0565  0.0572  0.0555  0.0583
  0.0664  0.0639  0.0597  0.0599  0.0559  0.0616
  0.0715  0.0675  0.0634  0.0635  0.0574  0.0647
niter,ni,del,rscale     5    3   12.0000    1.2000
parameters
    4.0369   21.3656   15.5062    0.0767    3.6669   -4.3937
eta,q 0.94828 14.57142
  0.0622  0.0655  0.0609  0.0630  0.0628  0.0576
  0.0573  0.0572  0.0578  0.0568  0.0582  0.0531
  0.0528  0.0528  0.0540  0.0532  0.0543  0.0515
  0.0529  0.0523  0.0523  0.0523  0.0523  0.0520
  0.0571  0.0535  0.0555  0.0534  0.0522  0.0534
  0.0609  0.0583  0.0586  0.0565  0.0541  0.0569
  0.0667  0.0623  0.0628  0.0602  0.0561  0.0607
niter,ni,del,rscale     4    3   12.0000    1.2000
parameters
    3.6229   21.3966   15.0626    0.2628    4.1729   -4.4250
eta,q 0.94871 14.54674
  0.0633  0.0642  0.0595  0.0616  0.0595  0.0596
  0.0567  0.0565  0.0562  0.0558  0.0556  0.0546
  0.0515  0.0521  0.0528  0.0522  0.0524  0.0515
  0.0517  0.0512  0.0512  0.0512  0.0512  0.0513
  0.0560  0.0532  0.0543  0.0526  0.0523  0.0522
  0.0595  0.0586  0.0580  0.0559  0.0542  0.0550
  0.0651  0.0621  0.0618  0.0596  0.0569  0.0593
niter,ni,del,rscale     3    3   12.0000    1.2000
parameters
    3.5551   21.3586   14.8769    0.3176    4.3189   -4.4116
eta,q 0.94866 14.53650
  0.0645  0.0635  0.0598  0.0610  0.0584  0.0597
  0.0573  0.0562  0.0565  0.0553  0.0548  0.0547
  0.0516  0.0522  0.0531  0.0519  0.0521  0.0516
  0.0513  0.0512  0.0512  0.0512  0.0513  0.0513
  0.0551  0.0534  0.0533  0.0528  0.0525  0.0522
  0.0583  0.0587  0.0573  0.0561  0.0544  0.0550
  0.0636  0.0619  0.0608  0.0596  0.0575  0.0592
niter,ni,del,rscale     2    3   12.0000    1.2000
parameters
    3.5505   21.3342   14.8152    0.3353    4.3629   -4.3998
eta,q 0.94860 14.53274
  0.0648  0.0634  0.0600  0.0609  0.0582  0.0597
  0.0574  0.0564  0.0567  0.0551  0.0545  0.0547
  0.0517  0.0524  0.0534  0.0518  0.0520  0.0517
  0.0513  0.0513  0.0513  0.0514  0.0514  0.0514
  0.0549  0.0535  0.0529  0.0529  0.0525  0.0522
  0.0580  0.0587  0.0570  0.0562  0.0545  0.0551
  0.0633  0.0619  0.0605  0.0597  0.0577  0.0592
niter,ni,del,rscale     1    3   12.0000    1.2000
parameters
    3.5530   21.3204   14.7933    0.3408    4.3805   -4.3928
eta,q 0.94856 14.53109
  0.0648  0.0635  0.0600  0.0608  0.0581  0.0597
  0.0573  0.0565  0.0568  0.0551  0.0545  0.0547
  0.0517  0.0526  0.0535  0.0518  0.0519  0.0517
  0.0514  0.0514  0.0514  0.0514  0.0514  0.0514
  0.0549  0.0535  0.0528  0.0530  0.0526  0.0522
  0.0579  0.0586  0.0569  0.0562  0.0545  0.0551
  0.0633  0.0619  0.0604  0.0597  0.0578  0.0592
registration optimization eta report
parameter search radius
    6.0000    6.0000    6.0000    6.0000    6.0000    6.9000
100000*second partial in parameter space
       34.       31.       23.       25.       18.       17.
  0.0648  0.0635  0.0600  0.0608  0.0581  0.0597
  0.0573  0.0565  0.0568  0.0551  0.0545  0.0547
  0.0517  0.0526  0.0535  0.0518  0.0519  0.0517
  0.0514  0.0514  0.0514  0.0514  0.0514  0.0514
  0.0549  0.0535  0.0528  0.0530  0.0526  0.0522
  0.0579  0.0586  0.0569  0.0562  0.0545  0.0551
  0.0633  0.0619  0.0604  0.0597  0.0578  0.0592
    3.5530   21.3204   14.7933    0.3408    4.3805   -4.3928
eta,q 0.94856 14.53109

---------------------------------------------------------------------
imgreg_4dfp /opt/freesurfer/average/711-2C_as_mni_average_305 /opt/freesurfer/average/711-2B_as_mni_average_305_mask talsrcimg_g11 none talsrcimg_to_711-2C_as_mni_average_305_t4 3335
---------------------------------------------------------------------

freesurfer imgreg_4dfp.c
/opt/freesurfer/average/711-2C_as_mni_average_305.4dfp.img
       256       256       256         1
  1.000000  1.000000  1.000000
orientation T byte_order littleendian
Reading image: /opt/freesurfer/average/711-2C_as_mni_average_305.4dfp.img
dimensions:      256       256       256
mmppix:       1.0000   -1.0000   -1.0000
center:     128.0000 -129.0000 -129.0000
/opt/freesurfer/average/711-2B_as_mni_average_305_mask.4dfp.img
       256       256       256         1
  1.000000  1.000000  1.000000
orientation T byte_order littleendian
Reading mask: /opt/freesurfer/average/711-2B_as_mni_average_305_mask.4dfp.img (2306576 pixels)
talsrcimg_g11.4dfp.img
       256       256       256         1
  1.000000  1.000000  1.000000
orientation T byte_order littleendian
Reading image: talsrcimg_g11.4dfp.img
dimensions:      256       256       256
mmppix:       1.0000   -1.0000   -1.0000
center:     128.0000 -129.0000 -129.0000
fimgreg.f
image alignment mode   3335 decimal      D07 hex
parameters
    3.5530   21.3204   14.7933   -0.5850   -0.2920   -0.2939
    7.6140   -7.6610   -7.6370   -0.0080    7.6380    0.5930
eta,q 0.94967 14.73627
niter,ni,del,rscale     5    3    5.0000    1.2000
parameter  4  1.852218 ->  0.500000 qaram    1.1500
parameter  5  6.626422 ->  0.500000 qaram    1.1500
parameter  6  1.142221 ->  0.500000 qaram    1.1500
parameters
    3.7924   21.2850   13.9439   -4.7250   -4.4320   -4.4339
    5.7349   -5.7379   -4.8275   -0.5986   10.4630    0.0077
eta,q 0.96858 14.58895
  0.0533  0.0517  0.0508  0.0425  0.0351  0.0325  0.0348  0.0423  0.0367  0.0358  0.0362  0.0330
  0.0519  0.0509  0.0502  0.0441  0.0380  0.0329  0.0336  0.0389  0.0348  0.0336  0.0343  0.0321
  0.0509  0.0505  0.0500  0.0466  0.0411  0.0348  0.0330  0.0356  0.0333  0.0322  0.0328  0.0315
  0.0503  0.0503  0.0503  0.0500  0.0447  0.0388  0.0332  0.0330  0.0323  0.0319  0.0318  0.0314
  0.0503  0.0504  0.0508  0.0541  0.0484  0.0441  0.0342  0.0323  0.0319  0.0327  0.0315  0.0318
  0.0510  0.0509  0.0517  0.0592  0.0520  0.0499  0.0359  0.0338  0.0321  0.0347  0.0317  0.0325
  0.0525  0.0519  0.0527  0.0634  0.0558  0.0558  0.0378  0.0365  0.0329  0.0373  0.0324  0.0335
niter,ni,del,rscale     7    3    5.0000    1.2000
parameter  2  0.647647 ->  0.500000 qaram    1.1500
parameter  3  0.533901 ->  0.500000 qaram    1.1500
parameter  5  1.510511 ->  0.500000 qaram    1.3225
parameters
    4.1556   19.9050   12.5639   -8.2089   -9.1930   -6.8493
    4.5881   -6.9881   -4.4417   -0.8404   13.9912   -2.2031
eta,q 0.97554 14.27161
  0.0367  0.0307  0.0302  0.0305  0.0235  0.0271  0.0272  0.0283  0.0275  0.0287  0.0268  0.0252
  0.0342  0.0303  0.0295  0.0295  0.0241  0.0261  0.0260  0.0256  0.0261  0.0265  0.0259  0.0247
  0.0324  0.0305  0.0296  0.0290  0.0261  0.0254  0.0253  0.0247  0.0252  0.0252  0.0252  0.0245
  0.0314  0.0313  0.0303  0.0295  0.0291  0.0246  0.0253  0.0252  0.0248  0.0248  0.0248  0.0246
  0.0314  0.0327  0.0315  0.0321  0.0328  0.0257  0.0259  0.0264  0.0250  0.0254  0.0247  0.0251
  0.0324  0.0345  0.0332  0.0366  0.0367  0.0310  0.0272  0.0282  0.0258  0.0269  0.0246  0.0259
  0.0343  0.0366  0.0353  0.0425  0.0406  0.0382  0.0289  0.0309  0.0271  0.0293  0.0248  0.0270
niter,ni,del,rscale     7    3    5.0000    1.2000
parameter  3  0.528007 ->  0.500000 qaram    1.3225
parameters
    4.6032   19.3856   10.9769   -7.8421  -12.3801   -7.8509
    4.1594   -6.8381   -4.8772   -0.9088   15.0163   -3.6434
eta,q 0.97684 14.10589
  0.0288  0.0269  0.0241  0.0277  0.0259  0.0264  0.0257  0.0285  0.0252  0.0268  0.0244  0.0241
  0.0267  0.0251  0.0236  0.0260  0.0241  0.0249  0.0243  0.0252  0.0240  0.0247  0.0238  0.0234
  0.0252  0.0242  0.0237  0.0247  0.0228  0.0239  0.0235  0.0235  0.0234  0.0236  0.0234  0.0232
  0.0245  0.0243  0.0242  0.0236  0.0235  0.0228  0.0233  0.0233  0.0233  0.0233  0.0233  0.0232
  0.0244  0.0254  0.0250  0.0232  0.0261  0.0224  0.0237  0.0238  0.0237  0.0238  0.0232  0.0236
  0.0251  0.0273  0.0263  0.0247  0.0302  0.0255  0.0248  0.0253  0.0244  0.0250  0.0234  0.0242
  0.0265  0.0297  0.0280  0.0279  0.0347  0.0311  0.0263  0.0277  0.0256  0.0268  0.0239  0.0251
niter,ni,del,rscale     7    3    5.0000    1.2000
parameters
    4.6078   19.6401   11.1781   -6.6368  -13.2206   -7.7113
    4.5285   -6.8394   -4.9093   -0.5710   14.5874   -4.0175
eta,q 0.97715 14.13731
  0.0263  0.0279  0.0259  0.0271  0.0276  0.0270  0.0260  0.0282  0.0250  0.0266  0.0239  0.0241
  0.0246  0.0255  0.0243  0.0255  0.0256  0.0253  0.0244  0.0249  0.0238  0.0244  0.0233  0.0234
  0.0235  0.0239  0.0235  0.0241  0.0238  0.0240  0.0233  0.0231  0.0231  0.0233  0.0229  0.0230
  0.0232  0.0232  0.0231  0.0231  0.0228  0.0229  0.0229  0.0228  0.0228  0.0229  0.0229  0.0229
  0.0235  0.0234  0.0233  0.0226  0.0237  0.0218  0.0231  0.0235  0.0232  0.0232  0.0230  0.0231
  0.0246  0.0246  0.0240  0.0234  0.0264  0.0235  0.0240  0.0252  0.0239  0.0242  0.0234  0.0236
  0.0263  0.0264  0.0252  0.0259  0.0304  0.0284  0.0255  0.0279  0.0250  0.0258  0.0242  0.0244
niter,ni,del,rscale     6    3    5.0000    1.2000
parameters
    4.5265   19.7648   11.2187   -6.6045  -13.3524   -7.6121
    4.5784   -6.8258   -4.8696   -0.4101   14.6159   -4.1544
eta,q 0.97716 14.14007
  0.0260  0.0270  0.0255  0.0265  0.0281  0.0269  0.0257  0.0282  0.0250  0.0263  0.0240  0.0242
  0.0242  0.0248  0.0239  0.0250  0.0260  0.0253  0.0242  0.0249  0.0238  0.0242  0.0233  0.0234
  0.0232  0.0234  0.0231  0.0238  0.0242  0.0240  0.0232  0.0231  0.0230  0.0232  0.0230  0.0230
  0.0229  0.0229  0.0229  0.0229  0.0228  0.0229  0.0228  0.0228  0.0228  0.0228  0.0228  0.0228
  0.0233  0.0233  0.0231  0.0227  0.0232  0.0218  0.0232  0.0235  0.0231  0.0232  0.0229  0.0230
  0.0245  0.0245  0.0239  0.0240  0.0256  0.0236  0.0241  0.0251  0.0238  0.0242  0.0233  0.0235
  0.0265  0.0262  0.0253  0.0274  0.0292  0.0284  0.0257  0.0278  0.0249  0.0258  0.0240  0.0243
niter,ni,del,rscale     5    3    5.0000    1.2000
parameters
    4.5255   19.8025   11.2217   -6.5815  -13.3874   -7.6000
    4.5802   -6.8255   -4.8643   -0.3527   14.6164   -4.1917
eta,q 0.97716 14.14047
  0.0262  0.0267  0.0255  0.0265  0.0281  0.0269  0.0257  0.0282  0.0250  0.0261  0.0240  0.0242
  0.0244  0.0246  0.0239  0.0250  0.0261  0.0252  0.0241  0.0249  0.0238  0.0242  0.0233  0.0234
  0.0232  0.0232  0.0231  0.0238  0.0242  0.0240  0.0232  0.0231  0.0230  0.0231  0.0230  0.0230
  0.0228  0.0228  0.0228  0.0228  0.0228  0.0228  0.0228  0.0228  0.0228  0.0228  0.0228  0.0228
  0.0232  0.0233  0.0231  0.0227  0.0231  0.0218  0.0232  0.0235  0.0231  0.0233  0.0229  0.0230
  0.0243  0.0246  0.0240  0.0240  0.0254  0.0237  0.0242  0.0251  0.0238  0.0243  0.0233  0.0235
  0.0262  0.0264  0.0253  0.0275  0.0291  0.0286  0.0257  0.0278  0.0249  0.0259  0.0240  0.0242
niter,ni,del,rscale     4    3    5.0000    1.2000
parameters
    4.5245   19.8137   11.2185   -6.5767  -13.3937   -7.5990
    4.5824   -6.8238   -4.8635   -0.3399   14.6155   -4.2112
eta,q 0.97716 14.14037
  0.0262  0.0266  0.0254  0.0265  0.0281  0.0269  0.0257  0.0282  0.0249  0.0261  0.0240  0.0242
  0.0244  0.0245  0.0239  0.0250  0.0261  0.0252  0.0241  0.0249  0.0238  0.0241  0.0233  0.0235
  0.0233  0.0232  0.0231  0.0238  0.0243  0.0240  0.0232  0.0231  0.0230  0.0231  0.0230  0.0230
  0.0228  0.0228  0.0228  0.0228  0.0228  0.0228  0.0228  0.0228  0.0228  0.0228  0.0228  0.0228
  0.0232  0.0234  0.0231  0.0227  0.0231  0.0218  0.0232  0.0235  0.0231  0.0233  0.0229  0.0230
  0.0243  0.0246  0.0240  0.0240  0.0254  0.0237  0.0242  0.0251  0.0238  0.0243  0.0233  0.0235
  0.0262  0.0264  0.0254  0.0275  0.0290  0.0286  0.0257  0.0279  0.0249  0.0259  0.0240  0.0242
registration optimization eta report
parameter search radius
    2.4000    2.7600    3.1740    8.2800    9.5220    8.2800
    7.2000    7.2000    7.2000    7.2000    7.2000    7.2000
100000*second partial in parameter space
       58.       48.       26.        6.        6.        8.
        6.       10.        4.        6.        2.        3.
  0.0262  0.0266  0.0254  0.0265  0.0281  0.0269  0.0257  0.0282  0.0249  0.0261  0.0240  0.0242
  0.0244  0.0245  0.0239  0.0250  0.0261  0.0252  0.0241  0.0249  0.0238  0.0241  0.0233  0.0235
  0.0233  0.0232  0.0231  0.0238  0.0243  0.0240  0.0232  0.0231  0.0230  0.0231  0.0230  0.0230
  0.0228  0.0228  0.0228  0.0228  0.0228  0.0228  0.0228  0.0228  0.0228  0.0228  0.0228  0.0228
  0.0232  0.0234  0.0231  0.0227  0.0231  0.0218  0.0232  0.0235  0.0231  0.0233  0.0229  0.0230
  0.0243  0.0246  0.0240  0.0240  0.0254  0.0237  0.0242  0.0251  0.0238  0.0243  0.0233  0.0235
  0.0262  0.0264  0.0254  0.0275  0.0290  0.0286  0.0257  0.0279  0.0249  0.0259  0.0240  0.0242
    4.5245   19.8137   11.2185   -6.5767  -13.3937   -7.5990
    4.5824   -6.8238   -4.8635   -0.3399   14.6155   -4.2112
eta,q 0.97716 14.14037

---------------------------------------------------------------------
imgreg_4dfp /opt/freesurfer/average/711-2C_as_mni_average_305 /opt/freesurfer/average/711-2B_as_mni_average_305_mask talsrcimg_g11 none talsrcimg_to_711-2C_as_mni_average_305_t4 2311
---------------------------------------------------------------------

freesurfer imgreg_4dfp.c
/opt/freesurfer/average/711-2C_as_mni_average_305.4dfp.img
       256       256       256         1
  1.000000  1.000000  1.000000
orientation T byte_order littleendian
Reading image: /opt/freesurfer/average/711-2C_as_mni_average_305.4dfp.img
dimensions:      256       256       256
mmppix:       1.0000   -1.0000   -1.0000
center:     128.0000 -129.0000 -129.0000
/opt/freesurfer/average/711-2B_as_mni_average_305_mask.4dfp.img
       256       256       256         1
  1.000000  1.000000  1.000000
orientation T byte_order littleendian
Reading mask: /opt/freesurfer/average/711-2B_as_mni_average_305_mask.4dfp.img (2306576 pixels)
talsrcimg_g11.4dfp.img
       256       256       256         1
  1.000000  1.000000  1.000000
orientation T byte_order littleendian
Reading image: talsrcimg_g11.4dfp.img
dimensions:      256       256       256
mmppix:       1.0000   -1.0000   -1.0000
center:     128.0000 -129.0000 -129.0000
fimgreg.f
image alignment mode   2311 decimal      907 hex
parameters
    4.5245   19.8137   11.2185   -6.5767  -13.3937   -7.5990
    4.5824   -6.8238   -4.8635   -0.3399   14.6155   -4.2112
eta,q 0.97716 14.14038
niter,ni,del,rscale     5    3    5.0000    0.8000
parameters
    4.5446   19.7582   11.1343   -5.2897  -12.6151   -6.1773
    4.6879   -6.7210   -4.5489   -0.1123   14.6800   -4.0906
eta,q 0.97813 14.28434
  0.0244  0.0241  0.0234  0.0247  0.0250  0.0246  0.0236  0.0258  0.0232  0.0240  0.0230  0.0228
  0.0236  0.0234  0.0231  0.0240  0.0240  0.0238  0.0227  0.0237  0.0225  0.0228  0.0224  0.0223
  0.0230  0.0229  0.0229  0.0234  0.0232  0.0232  0.0221  0.0223  0.0221  0.0221  0.0220  0.0220
  0.0228  0.0228  0.0228  0.0228  0.0226  0.0225  0.0219  0.0219  0.0219  0.0219  0.0219  0.0219
  0.0230  0.0230  0.0229  0.0226  0.0225  0.0218  0.0220  0.0224  0.0220  0.0220  0.0220  0.0220
  0.0235  0.0235  0.0231  0.0228  0.0229  0.0219  0.0226  0.0236  0.0223  0.0226  0.0224  0.0222
  0.0243  0.0242  0.0235  0.0236  0.0240  0.0234  0.0235  0.0254  0.0229  0.0236  0.0230  0.0227
niter,ni,del,rscale     4    3    5.0000    0.7000
parameters
    4.4401   19.6445   11.3772   -5.6740  -12.5159   -5.8893
    4.6232   -6.9093   -4.5290   -0.2403   14.7495   -3.8728
eta,q 0.97828 14.29649
  0.0232  0.0229  0.0229  0.0232  0.0236  0.0238  0.0230  0.0244  0.0226  0.0231  0.0226  0.0225
  0.0224  0.0223  0.0224  0.0226  0.0228  0.0232  0.0223  0.0228  0.0221  0.0223  0.0221  0.0221
  0.0220  0.0219  0.0220  0.0221  0.0222  0.0225  0.0219  0.0219  0.0218  0.0219  0.0218  0.0218
  0.0219  0.0219  0.0219  0.0218  0.0219  0.0219  0.0218  0.0217  0.0217  0.0217  0.0217  0.0217
  0.0221  0.0221  0.0219  0.0221  0.0220  0.0215  0.0219  0.0223  0.0218  0.0219  0.0218  0.0218
  0.0227  0.0225  0.0220  0.0228  0.0226  0.0222  0.0223  0.0233  0.0221  0.0225  0.0221  0.0220
  0.0237  0.0232  0.0224  0.0240  0.0236  0.0239  0.0231  0.0247  0.0226  0.0233  0.0225  0.0223
niter,ni,del,rscale     3    3    5.0000    0.6000
parameters
    4.4301   19.6055   11.4226   -5.7319  -12.4554   -5.6056
    4.5919   -6.9797   -4.5356   -0.2886   14.8138   -3.8178
eta,q 0.97838 14.30695
  0.0228  0.0225  0.0224  0.0229  0.0231  0.0234  0.0226  0.0238  0.0223  0.0228  0.0223  0.0222
  0.0222  0.0221  0.0220  0.0224  0.0224  0.0228  0.0221  0.0225  0.0219  0.0221  0.0219  0.0219
  0.0219  0.0218  0.0218  0.0220  0.0220  0.0223  0.0217  0.0218  0.0217  0.0217  0.0217  0.0217
  0.0217  0.0217  0.0217  0.0217  0.0217  0.0217  0.0216  0.0216  0.0216  0.0216  0.0216  0.0216
  0.0218  0.0218  0.0218  0.0218  0.0218  0.0215  0.0217  0.0220  0.0217  0.0218  0.0217  0.0217
  0.0222  0.0222  0.0220  0.0223  0.0223  0.0220  0.0221  0.0228  0.0219  0.0222  0.0219  0.0218
  0.0229  0.0227  0.0223  0.0231  0.0231  0.0233  0.0226  0.0239  0.0223  0.0228  0.0222  0.0221
niter,ni,del,rscale     2    3    5.0000    0.5000
parameters
    4.4222   19.5911   11.4887   -5.7488  -12.4299   -5.3260
    4.5931   -7.0321   -4.5373   -0.2927   14.8349   -3.7996
eta,q 0.97846 14.31722
  0.0224  0.0222  0.0221  0.0225  0.0226  0.0230  0.0222  0.0232  0.0220  0.0224  0.0220  0.0219
  0.0220  0.0219  0.0218  0.0221  0.0221  0.0225  0.0218  0.0222  0.0217  0.0219  0.0218  0.0217
  0.0217  0.0217  0.0217  0.0218  0.0218  0.0220  0.0216  0.0217  0.0216  0.0216  0.0216  0.0216
  0.0216  0.0216  0.0216  0.0216  0.0216  0.0216  0.0215  0.0215  0.0215  0.0215  0.0215  0.0215
  0.0217  0.0217  0.0217  0.0217  0.0217  0.0215  0.0216  0.0218  0.0216  0.0216  0.0216  0.0216
  0.0220  0.0219  0.0218  0.0220  0.0220  0.0219  0.0218  0.0224  0.0218  0.0219  0.0218  0.0217
  0.0224  0.0223  0.0220  0.0226  0.0226  0.0228  0.0222  0.0232  0.0220  0.0224  0.0220  0.0219
niter,ni,del,rscale     1    3    5.0000    0.4000
parameters
    4.4075   19.5848   11.5693   -5.7432  -12.4213   -5.0626
    4.5958   -7.0772   -4.5448   -0.2937   14.8254   -3.7863
eta,q 0.97852 14.32717
  0.0220  0.0219  0.0219  0.0221  0.0222  0.0226  0.0219  0.0226  0.0218  0.0220  0.0218  0.0217
  0.0218  0.0217  0.0217  0.0219  0.0219  0.0222  0.0217  0.0219  0.0216  0.0217  0.0216  0.0216
  0.0216  0.0216  0.0216  0.0216  0.0216  0.0218  0.0215  0.0216  0.0215  0.0215  0.0215  0.0215
  0.0215  0.0215  0.0215  0.0215  0.0215  0.0215  0.0215  0.0215  0.0215  0.0215  0.0215  0.0215
  0.0216  0.0216  0.0216  0.0216  0.0216  0.0215  0.0215  0.0216  0.0215  0.0215  0.0215  0.0215
  0.0218  0.0217  0.0216  0.0218  0.0218  0.0217  0.0217  0.0220  0.0216  0.0217  0.0216  0.0216
  0.0221  0.0219  0.0218  0.0222  0.0222  0.0224  0.0219  0.0226  0.0218  0.0221  0.0218  0.0217
registration optimization eta report
parameter search radius
    0.8000    0.8000    0.8000    2.4000    2.4000    2.4000
    2.4000    2.4000    2.4000    2.4000    2.4000    2.4000
100000*second partial in parameter space
       82.       64.       48.       11.       11.       16.
        8.       19.        6.       10.        6.        4.
  0.0220  0.0219  0.0219  0.0221  0.0222  0.0226  0.0219  0.0226  0.0218  0.0220  0.0218  0.0217
  0.0218  0.0217  0.0217  0.0219  0.0219  0.0222  0.0217  0.0219  0.0216  0.0217  0.0216  0.0216
  0.0216  0.0216  0.0216  0.0216  0.0216  0.0218  0.0215  0.0216  0.0215  0.0215  0.0215  0.0215
  0.0215  0.0215  0.0215  0.0215  0.0215  0.0215  0.0215  0.0215  0.0215  0.0215  0.0215  0.0215
  0.0216  0.0216  0.0216  0.0216  0.0216  0.0215  0.0215  0.0216  0.0215  0.0215  0.0215  0.0215
  0.0218  0.0217  0.0216  0.0218  0.0218  0.0217  0.0217  0.0220  0.0216  0.0217  0.0216  0.0216
  0.0221  0.0219  0.0218  0.0222  0.0222  0.0224  0.0219  0.0226  0.0218  0.0221  0.0218  0.0217
    4.4075   19.5848   11.5693   -5.7432  -12.4213   -5.0626
    4.5958   -7.0772   -4.5448   -0.2937   14.8254   -3.7863
eta,q 0.97852 14.32717

---------------------------------------------------------------------
imgreg_4dfp /opt/freesurfer/average/711-2C_as_mni_average_305 /opt/freesurfer/average/711-2B_as_mni_average_305_mask talsrcimg_g11 none talsrcimg_to_711-2C_as_mni_average_305_t4 2311
---------------------------------------------------------------------

freesurfer imgreg_4dfp.c
/opt/freesurfer/average/711-2C_as_mni_average_305.4dfp.img
       256       256       256         1
  1.000000  1.000000  1.000000
orientation T byte_order littleendian
Reading image: /opt/freesurfer/average/711-2C_as_mni_average_305.4dfp.img
dimensions:      256       256       256
mmppix:       1.0000   -1.0000   -1.0000
center:     128.0000 -129.0000 -129.0000
/opt/freesurfer/average/711-2B_as_mni_average_305_mask.4dfp.img
       256       256       256         1
  1.000000  1.000000  1.000000
orientation T byte_order littleendian
Reading mask: /opt/freesurfer/average/711-2B_as_mni_average_305_mask.4dfp.img (2306576 pixels)
talsrcimg_g11.4dfp.img
       256       256       256         1
  1.000000  1.000000  1.000000
orientation T byte_order littleendian
Reading image: talsrcimg_g11.4dfp.img
dimensions:      256       256       256
mmppix:       1.0000   -1.0000   -1.0000
center:     128.0000 -129.0000 -129.0000
fimgreg.f
image alignment mode   2311 decimal      907 hex
parameters
    4.4075   19.5848   11.5693   -5.7432  -12.4213   -5.0626
    4.5958   -7.0772   -4.5448   -0.2937   14.8254   -3.7863
eta,q 0.97852 14.32716
niter,ni,del,rscale     5    3    5.0000    0.8000
parameters
    4.3622   19.5965   11.7340   -6.2222  -12.6754   -5.6001
    4.5639   -7.0671   -4.6121   -0.3275   14.7821   -3.6257
eta,q 0.97826 14.29301
  0.0234  0.0231  0.0230  0.0231  0.0235  0.0237  0.0233  0.0251  0.0229  0.0236  0.0227  0.0226
  0.0223  0.0222  0.0222  0.0224  0.0226  0.0230  0.0224  0.0232  0.0222  0.0226  0.0222  0.0221
  0.0217  0.0217  0.0217  0.0218  0.0219  0.0222  0.0219  0.0220  0.0218  0.0219  0.0218  0.0218
  0.0215  0.0215  0.0215  0.0215  0.0215  0.0215  0.0217  0.0217  0.0217  0.0217  0.0217  0.0217
  0.0217  0.0217  0.0216  0.0217  0.0218  0.0217  0.0219  0.0222  0.0219  0.0220  0.0218  0.0218
  0.0225  0.0222  0.0219  0.0227  0.0227  0.0232  0.0224  0.0233  0.0223  0.0226  0.0222  0.0221
  0.0237  0.0230  0.0224  0.0243  0.0242  0.0259  0.0233  0.0249  0.0229  0.0236  0.0227  0.0225
niter,ni,del,rscale     4    3    5.0000    0.7000
parameters
    4.4299   19.6026   11.4891   -5.9895  -12.5402   -5.7326
    4.5768   -7.0019   -4.6098   -0.3620   14.8452   -3.7356
eta,q 0.97831 14.29273
  0.0233  0.0229  0.0222  0.0233  0.0234  0.0235  0.0229  0.0246  0.0226  0.0232  0.0225  0.0223
  0.0225  0.0223  0.0219  0.0226  0.0226  0.0229  0.0223  0.0230  0.0221  0.0224  0.0221  0.0220
  0.0220  0.0219  0.0217  0.0221  0.0220  0.0223  0.0218  0.0220  0.0218  0.0219  0.0218  0.0218
  0.0217  0.0217  0.0217  0.0217  0.0217  0.0216  0.0217  0.0217  0.0217  0.0217  0.0217  0.0217
  0.0218  0.0219  0.0219  0.0217  0.0217  0.0216  0.0218  0.0221  0.0218  0.0219  0.0218  0.0218
  0.0223  0.0223  0.0223  0.0222  0.0223  0.0226  0.0222  0.0230  0.0221  0.0224  0.0220  0.0220
  0.0230  0.0229  0.0227  0.0232  0.0234  0.0245  0.0229  0.0243  0.0226  0.0232  0.0225  0.0224
niter,ni,del,rscale     3    3    5.0000    0.6000
parameters
    4.4406   19.5909   11.4435   -5.8392  -12.4696   -5.5842
    4.5957   -7.0138   -4.5792   -0.3363   14.8602   -3.7705
eta,q 0.97838 14.30363
  0.0228  0.0226  0.0222  0.0229  0.0230  0.0233  0.0226  0.0239  0.0223  0.0228  0.0223  0.0221
  0.0222  0.0221  0.0219  0.0224  0.0224  0.0228  0.0221  0.0226  0.0219  0.0222  0.0219  0.0218
  0.0218  0.0218  0.0217  0.0220  0.0219  0.0222  0.0217  0.0218  0.0217  0.0218  0.0217  0.0217
  0.0217  0.0217  0.0217  0.0217  0.0217  0.0217  0.0216  0.0216  0.0216  0.0216  0.0216  0.0216
  0.0218  0.0218  0.0218  0.0217  0.0218  0.0215  0.0217  0.0219  0.0217  0.0217  0.0217  0.0217
  0.0222  0.0221  0.0220  0.0221  0.0222  0.0221  0.0220  0.0227  0.0219  0.0221  0.0219  0.0219
  0.0228  0.0226  0.0223  0.0229  0.0230  0.0235  0.0226  0.0238  0.0223  0.0228  0.0223  0.0221
niter,ni,del,rscale     2    3    5.0000    0.5000
parameters
    4.4268   19.5844   11.4895   -5.7743  -12.4294   -5.3256
    4.5956   -7.0476   -4.5573   -0.3147   14.8590   -3.7829
eta,q 0.97846 14.31618
  0.0224  0.0222  0.0221  0.0225  0.0226  0.0230  0.0222  0.0232  0.0220  0.0224  0.0220  0.0219
  0.0220  0.0219  0.0218  0.0221  0.0221  0.0225  0.0218  0.0222  0.0218  0.0219  0.0218  0.0217
  0.0217  0.0217  0.0217  0.0218  0.0218  0.0220  0.0216  0.0217  0.0216  0.0216  0.0216  0.0216
  0.0216  0.0216  0.0216  0.0216  0.0216  0.0216  0.0215  0.0215  0.0215  0.0215  0.0215  0.0215
  0.0217  0.0217  0.0217  0.0216  0.0217  0.0215  0.0216  0.0218  0.0216  0.0216  0.0216  0.0216
  0.0220  0.0219  0.0218  0.0220  0.0220  0.0219  0.0218  0.0224  0.0218  0.0219  0.0218  0.0217
  0.0224  0.0223  0.0220  0.0226  0.0226  0.0229  0.0222  0.0232  0.0220  0.0224  0.0220  0.0219
niter,ni,del,rscale     1    3    5.0000    0.4000
parameters
    4.4077   19.5840   11.5679   -5.7509  -12.4200   -5.0664
    4.5963   -7.0837   -4.5507   -0.3033   14.8327   -3.7813
eta,q 0.97853 14.32677
  0.0220  0.0219  0.0219  0.0221  0.0222  0.0226  0.0219  0.0226  0.0218  0.0221  0.0218  0.0217
  0.0218  0.0217  0.0217  0.0219  0.0219  0.0222  0.0217  0.0219  0.0216  0.0217  0.0216  0.0216
  0.0216  0.0216  0.0216  0.0216  0.0216  0.0218  0.0215  0.0216  0.0215  0.0215  0.0215  0.0215
  0.0215  0.0215  0.0215  0.0215  0.0215  0.0215  0.0215  0.0215  0.0215  0.0215  0.0215  0.0215
  0.0216  0.0216  0.0216  0.0216  0.0216  0.0215  0.0215  0.0216  0.0215  0.0215  0.0215  0.0215
  0.0218  0.0217  0.0216  0.0218  0.0218  0.0217  0.0217  0.0220  0.0216  0.0217  0.0216  0.0216
  0.0221  0.0219  0.0218  0.0222  0.0222  0.0224  0.0219  0.0226  0.0218  0.0220  0.0218  0.0217
registration optimization eta report
parameter search radius
    0.8000    0.8000    0.8000    2.4000    2.4000    2.4000
    2.4000    2.4000    2.4000    2.4000    2.4000    2.4000
100000*second partial in parameter space
       81.       64.       48.       11.       11.       16.
        8.       19.        6.       10.        6.        4.
  0.0220  0.0219  0.0219  0.0221  0.0222  0.0226  0.0219  0.0226  0.0218  0.0221  0.0218  0.0217
  0.0218  0.0217  0.0217  0.0219  0.0219  0.0222  0.0217  0.0219  0.0216  0.0217  0.0216  0.0216
  0.0216  0.0216  0.0216  0.0216  0.0216  0.0218  0.0215  0.0216  0.0215  0.0215  0.0215  0.0215
  0.0215  0.0215  0.0215  0.0215  0.0215  0.0215  0.0215  0.0215  0.0215  0.0215  0.0215  0.0215
  0.0216  0.0216  0.0216  0.0216  0.0216  0.0215  0.0215  0.0216  0.0215  0.0215  0.0215  0.0215
  0.0218  0.0217  0.0216  0.0218  0.0218  0.0217  0.0217  0.0220  0.0216  0.0217  0.0216  0.0216
  0.0221  0.0219  0.0218  0.0222  0.0222  0.0224  0.0219  0.0226  0.0218  0.0220  0.0218  0.0217
    4.4077   19.5840   11.5679   -5.7509  -12.4200   -5.0664
    4.5963   -7.0837   -4.5507   -0.3033   14.8327   -3.7813
eta,q 0.97853 14.32677

---------------------------------------------------------------------
compute_vox2vox talsrcimg talsrcimg_to_711-2C_as_mni_average_305_t4 /opt/freesurfer/average/711-2C_as_mni_average_305
---------------------------------------------------------------------

freesurfer compute_vox2vox.c
Reading: talsrcimg.4dfp.ifh
Reading: talsrcimg_to_711-2C_as_mni_average_305_t4
Reading: /opt/freesurfer/average/711-2C_as_mni_average_305.4dfp.ifh
Writing: talsrcimg_to_711-2C_as_mni_average_305_t4_vox2vox.txt

start time Thu Mar 12 13:06:06 CET 2026
end		time Thu Mar 12 13:06:19 CET 2026

mpr2mni305 success

avi2talxfm orig_nu.mgz /opt/freesurfer/average/mni305.cor.mgz talsrcimg_to_711-2C_as_mni_average_305_t4_vox2vox.txt transforms/talairach.auto.xfm
avi2talxfm done
mv -f /out/sourcedata/freesurfer/sub-v1s19x0051306_ses-1/mri/talsrcimg_to_711-2C_as_mni_average_305_t4_vox2vox.txt /out/sourcedata/freesurfer/sub-v1s19x0051306_ses-1/mri/transforms/talsrcimg_to_711-2C_as_mni_average_305_t4_vox2vox.txt
lta_convert --src orig_nu.mgz --trg /opt/freesurfer/average/mni305.cor.mgz --inxfm transforms/talairach.auto.xfm --outlta transforms/talairach.auto.xfm.lta --subject fsaverage
7.3.2

--src: orig_nu.mgz src image (geometry).
--trg: /opt/freesurfer/average/mni305.cor.mgz trg image (geometry).
--inmni: transforms/talairach.auto.xfm input MNI/XFM transform.
--outlta: transforms/talairach.auto.xfm.lta output LTA.
--s: fsaverage subject name
 LTA read, type : 1
 1.04627   0.07790  -0.05155  -9.53183;
-0.16133   1.04150   0.05343  -20.10330;
 0.05381   0.00765   1.13932  -35.12325;
 0.00000   0.00000   0.00000   1.00000;
setting subject to fsaverage
Writing  LTA to file transforms/talairach.auto.xfm.lta...
lta_convert successful.
 
 
Started at Thu Mar 12 13:06:06 CET 2026
Ended   at Thu Mar 12 13:06:20 CET 2026
talairach_avi done
