status file for recon-all
Thu Mar 12 14:34:22 CET 2026
#@# Tessellate rh Thu Mar 12 14:34:22 CET 2026
#@# Smooth1 rh Thu Mar 12 14:34:25 CET 2026
#@# Inflation1 rh Thu Mar 12 14:34:26 CET 2026
#@# QSphere rh Thu Mar 12 14:34:33 CET 2026
#@# Fix Topology rh Thu Mar 12 14:35:12 CET 2026
#@# Smooth2 rh Thu Mar 12 14:38:55 CET 2026
#@# Inflation2 rh Thu Mar 12 14:38:56 CET 2026
#@# Curv .H and .K rh Thu Mar 12 14:39:04 CET 2026
#@# Sphere rh Thu Mar 12 14:39:40 CET 2026
#@# Surf Reg rh Thu Mar 12 14:41:07 CET 2026
#@# Jacobian white rh Thu Mar 12 14:43:30 CET 2026
#@# AvgCurv rh Thu Mar 12 14:43:31 CET 2026
#@# Cortical Parc rh Thu Mar 12 14:43:31 CET 2026
#@# white curv rh Thu Mar 12 14:48:28 CET 2026
#@# white area rh Thu Mar 12 14:48:29 CET 2026
#@# pial curv rh Thu Mar 12 14:48:30 CET 2026
#@# pial area rh Thu Mar 12 14:48:31 CET 2026
#@# thickness rh Thu Mar 12 14:48:31 CET 2026
#@# area and vertex vol rh Thu Mar 12 14:48:49 CET 2026
#@# Curvature Stats rh Thu Mar 12 14:48:50 CET 2026
#@# Cortical Parc 2 rh Thu Mar 12 14:48:51 CET 2026
#@# Cortical Parc 3 rh Thu Mar 12 14:49:00 CET 2026
#@# WM/GM Contrast rh Thu Mar 12 14:49:07 CET 2026
recon-all -s sub-v1s19x0051307_ses-1 finished without error at Thu Mar 12 14:49:09 CET 2026



#New# invocation of recon-all 



status file for recon-all
Thu Mar 12 14:54:16 CET 2026
#@# white curv rh Thu Mar 12 14:54:16 CET 2026
#@# white area rh Thu Mar 12 14:54:16 CET 2026
#@# pial curv rh Thu Mar 12 14:54:16 CET 2026
#@# pial area rh Thu Mar 12 14:54:16 CET 2026
#@# thickness rh Thu Mar 12 14:54:16 CET 2026
#@# area and vertex vol rh Thu Mar 12 14:54:16 CET 2026
#@# Parcellation Stats rh Thu Mar 12 14:54:16 CET 2026
#@# Parcellation Stats 2 rh Thu Mar 12 14:54:29 CET 2026
#@# Parcellation Stats 3 rh Thu Mar 12 14:54:36 CET 2026
#@# BA_exvivo Labels rh Thu Mar 12 14:54:43 CET 2026
recon-all -s sub-v1s19x0051307_ses-1 finished without error at Thu Mar 12 14:56:25 CET 2026
