status file for recon-all
Thu Mar 12 14:18:26 CET 2026
#@# Tessellate lh Thu Mar 12 14:18:26 CET 2026
#@# Smooth1 lh Thu Mar 12 14:18:29 CET 2026
#@# Inflation1 lh Thu Mar 12 14:18:30 CET 2026
#@# QSphere lh Thu Mar 12 14:18:37 CET 2026
#@# Fix Topology lh Thu Mar 12 14:19:14 CET 2026
#@# Smooth2 lh Thu Mar 12 14:22:57 CET 2026
#@# Inflation2 lh Thu Mar 12 14:22:59 CET 2026
#@# Curv .H and .K lh Thu Mar 12 14:23:06 CET 2026
#@# Sphere lh Thu Mar 12 14:23:42 CET 2026
#@# Surf Reg lh Thu Mar 12 14:26:22 CET 2026
#@# Jacobian white lh Thu Mar 12 14:28:53 CET 2026
#@# AvgCurv lh Thu Mar 12 14:28:54 CET 2026
#@# Cortical Parc lh Thu Mar 12 14:28:54 CET 2026
#@# white curv lh Thu Mar 12 14:33:40 CET 2026
#@# white area lh Thu Mar 12 14:33:41 CET 2026
#@# pial curv lh Thu Mar 12 14:33:41 CET 2026
#@# pial area lh Thu Mar 12 14:33:42 CET 2026
#@# thickness lh Thu Mar 12 14:33:43 CET 2026
#@# area and vertex vol lh Thu Mar 12 14:34:00 CET 2026
#@# Curvature Stats lh Thu Mar 12 14:34:01 CET 2026
#@# Cortical Parc 2 lh Thu Mar 12 14:34:02 CET 2026
#@# Cortical Parc 3 lh Thu Mar 12 14:34:11 CET 2026
#@# WM/GM Contrast lh Thu Mar 12 14:34:18 CET 2026
recon-all -s sub-v1s19x0051307_ses-1 finished without error at Thu Mar 12 14:34:20 CET 2026



#New# invocation of recon-all 



status file for recon-all
Thu Mar 12 14:52:06 CET 2026
#@# white curv lh Thu Mar 12 14:52:06 CET 2026
#@# white area lh Thu Mar 12 14:52:06 CET 2026
#@# pial curv lh Thu Mar 12 14:52:06 CET 2026
#@# pial area lh Thu Mar 12 14:52:06 CET 2026
#@# thickness lh Thu Mar 12 14:52:06 CET 2026
#@# area and vertex vol lh Thu Mar 12 14:52:06 CET 2026
#@# Parcellation Stats lh Thu Mar 12 14:52:06 CET 2026
#@# Parcellation Stats 2 lh Thu Mar 12 14:52:19 CET 2026
#@# Parcellation Stats 3 lh Thu Mar 12 14:52:26 CET 2026
#@# BA_exvivo Labels lh Thu Mar 12 14:52:32 CET 2026
recon-all -s sub-v1s19x0051307_ses-1 finished without error at Thu Mar 12 14:54:12 CET 2026
