/out/sourcedata/freesurfer/sub-v1s19x0051307_ses-1/mri
/opt/freesurfer/bin/talairach_avi
--i orig_nu.mgz --xfm transforms/talairach.auto.xfm
talairach_avi 7.3.2
Linux dna086 5.14.0-427.37.1.el9_4.x86_64 #1 SMP PREEMPT_DYNAMIC Fri Sep 13 12:41:50 EDT 2024 x86_64 x86_64 x86_64 GNU/Linux
Thu Mar 12 13:09:35 CET 2026
mri_convert orig_nu.mgz talsrcimg.img 
reading from orig_nu.mgz...
TR=0.00, TE=0.00, TI=0.00, flip angle=0.00
i_ras = (-1, 0, 0)
j_ras = (0, 0, -1)
k_ras = (0, 1, 0)
writing to talsrcimg.img...
Analyze Output Matrix
-1.00000   0.00000   0.00000   128.99452;
 0.00000   0.00000   1.00000  -122.55737;
 0.00000  -1.00000   0.00000   141.50121;
 0.00000   0.00000   0.00000   1.00000;
--------------------
INFO: set hdr.hist.orient to -1
mpr2mni305 talsrcimg
Thu Mar 12 13:09:35 CET 2026
/opt/freesurfer/bin/mpr2mni305 talsrcimg
mpr2mni305 7.3.2
target=711-2C_as_mni_average_305

---------------------------------------------------------------------
analyzeto4dfp talsrcimg -O0 -y
---------------------------------------------------------------------

freesurfer ifh2hdr.c
Thu Mar 12 13:09:35 2026
Writing: talsrcimg.4dfp.hdr
freesurfer analyzeto4dfp.c
Reading: talsrcimg.hdr
header size 348 bytes
hdr.dime.datatype	offset=70	value=2
hdr.dime.bitpix		offset=72	value=8
hdr.hist.orient		offset=252	value=-1
dimensionality     4
dimensions       256       256       256         1
Reading: talsrcimg.img
Writing: talsrcimg.4dfp.img
Writing: talsrcimg.4dfp.ifh
ifh2hdr talsrcimg -r0to218
ori=2

---------------------------------------------------------------------
gauss_4dfp talsrcimg 1.1
---------------------------------------------------------------------

freesurfer gauss_4dfp.c
Reading: talsrcimg.4dfp.img
Writing: talsrcimg_g11.4dfp.img
image dimensions 256 256 256 padded to 288 288 288
processing volume 1freesurfer ifh2hdr.c
Thu Mar 12 13:09:37 2026
Writing: talsrcimg_g11.4dfp.hdr

Writing: talsrcimg_g11.4dfp.ifh
including: talsrcimg.4dfp.img.rec in talsrcimg_g11.4dfp.img.rec

---------------------------------------------------------------------
imgreg_4dfp /opt/freesurfer/average/711-2C_as_mni_average_305 none talsrcimg_g11 none talsrcimg_to_711-2C_as_mni_average_305_t4 4355
---------------------------------------------------------------------

freesurfer imgreg_4dfp.c
/opt/freesurfer/average/711-2C_as_mni_average_305.4dfp.img
       256       256       256         1
  1.000000  1.000000  1.000000
orientation T byte_order littleendian
Reading image: /opt/freesurfer/average/711-2C_as_mni_average_305.4dfp.img
dimensions:      256       256       256
mmppix:       1.0000   -1.0000   -1.0000
center:     128.0000 -129.0000 -129.0000
talsrcimg_g11.4dfp.img
       256       256       256         1
  1.000000  1.000000  1.000000
orientation T byte_order littleendian
Reading image: talsrcimg_g11.4dfp.img
dimensions:      256       256       256
mmppix:       1.0000   -1.0000   -1.0000
center:     128.0000 -129.0000 -129.0000
t4_read: open error in t4_sub.f l:  41 t4_file(1:l)talsrcimg_to_711-2C_as_mni_average_305_t4 
t4_read: transform initialized to I4
rotation matrix determinant  1.000000
image alignment mode   4355 decimal     1103 hex
   -7.5000  -45.0000  -45.0000 8351.0830   21.2263
    0.0000  -45.0000  -45.0000 8875.8262   21.2571
    7.5000  -45.0000  -45.0000 8548.9863   21.2353
   -7.5000  -37.5000  -45.0000 8925.0049   21.1995
    0.0000  -37.5000  -45.0000 9455.7393   21.2231
    7.5000  -37.5000  -45.0000 9080.9004   21.2142
   -7.5000  -30.0000  -45.0000 9743.2549   21.2343
    0.0000  -30.0000  -45.000010283.8691   21.2505
    7.5000  -30.0000  -45.0000 9881.2773   21.2395
   -7.5000  -22.5000  -45.000010412.6719   21.2796
    0.0000  -22.5000  -45.000011029.3535   21.2951
    7.5000  -22.5000  -45.000010599.2969   21.2681
   -7.5000  -15.0000  -45.000011056.4541   21.2891
    0.0000  -15.0000  -45.000011714.1553   21.3085
    7.5000  -15.0000  -45.000011246.0273   21.2690
   -7.5000   -7.5000  -45.000011721.9170   21.2523
    0.0000   -7.5000  -45.000012385.6875   21.2794
    7.5000   -7.5000  -45.000011884.2559   21.2431
   -7.5000    0.0000  -45.000012392.1953   21.2080
    0.0000    0.0000  -45.000013068.9512   21.2386
    7.5000    0.0000  -45.000012509.2783   21.2169
   -7.5000    7.5000  -45.000012056.4512   21.1995
    0.0000    7.5000  -45.000012722.1836   21.2231
    7.5000    7.5000  -45.000012144.7520   21.2142
   -7.5000   15.0000  -45.000011419.6338   21.2343
    0.0000   15.0000  -45.000012071.5176   21.2505
    7.5000   15.0000  -45.000011525.8838   21.2395
   -7.5000   22.5000  -45.000010536.9531   21.2766
    0.0000   22.5000  -45.000011128.3408   21.2922
    7.5000   22.5000  -45.000010611.9805   21.2651
   -7.5000   30.0000  -45.0000 9642.3301   21.0054
    0.0000   30.0000  -45.000010186.6182   21.0246
    7.5000   30.0000  -45.0000 9709.0303   20.9856
   -7.5000   37.5000  -45.0000 9119.2334   20.9691
    0.0000   37.5000  -45.0000 9631.4727   20.9958
    7.5000   37.5000  -45.0000 9158.8652   20.9600
   -7.5000   45.0000  -45.0000 8303.3584   20.3940
    0.0000   45.0000  -45.0000 8730.8545   20.4235
    7.5000   45.0000  -45.0000 8323.7920   20.4026
   -7.5000  -45.0000  -37.5000 8891.8672   21.2486
    0.0000  -45.0000  -37.5000 9424.0918   21.2829
    7.5000  -45.0000  -37.5000 9061.4258   21.2524
   -7.5000  -37.5000  -37.5000 9467.4766   21.2221
    0.0000  -37.5000  -37.500010025.8125   21.2511
    7.5000  -37.5000  -37.5000 9621.2979   21.2305
   -7.5000  -30.0000  -37.500010319.8496   21.2505
    0.0000  -30.0000  -37.500010901.4609   21.2722
    7.5000  -30.0000  -37.500010476.0166   21.2522
   -7.5000  -22.5000  -37.500011062.5869   21.2889
    0.0000  -22.5000  -37.500011711.1104   21.3081
    7.5000  -22.5000  -37.500011243.1455   21.2788
   -7.5000  -15.0000  -37.500011751.8662   21.2995
    0.0000  -15.0000  -37.500012439.9287   21.3195
    7.5000  -15.0000  -37.500011923.5518   21.2802
   -7.5000   -7.5000  -37.500012461.7178   21.2694
    0.0000   -7.5000  -37.500013137.7568   21.2967
    7.5000   -7.5000  -37.500012570.6104   21.2570
   -7.5000    0.0000  -37.500013113.0078   21.2304
    0.0000    0.0000  -37.500013821.4277   21.2644
    7.5000    0.0000  -37.500013179.9111   21.2340
   -7.5000    7.5000  -37.500012730.6670   21.2221
    0.0000    7.5000  -37.500013436.3008   21.2510
    7.5000    7.5000  -37.500012795.2207   21.2305
   -7.5000   15.0000  -37.500012042.8545   21.2505
    0.0000   15.0000  -37.500012752.9521   21.2722
    7.5000   15.0000  -37.500012145.2070   21.2522
   -7.5000   22.5000  -37.500011096.7783   21.2860
    0.0000   22.5000  -37.500011723.6162   21.3052
    7.5000   22.5000  -37.500011185.8438   21.2758
   -7.5000   30.0000  -37.500010115.3711   21.0156
    0.0000   30.0000  -37.500010672.3770   21.0354
    7.5000   30.0000  -37.500010201.8154   20.9966
   -7.5000   37.5000  -37.5000 9561.1855   20.9860
    0.0000   37.5000  -37.500010081.5703   21.0129
    7.5000   37.5000  -37.5000 9611.1816   20.9738
   -7.5000   45.0000  -37.5000 8689.7441   20.4156
    0.0000   45.0000  -37.5000 9150.7031   20.4483
    7.5000   45.0000  -37.5000 8716.8506   20.4190
   -7.5000  -45.0000  -30.0000 9581.0938   22.1539
    0.0000  -45.0000  -30.000010148.2148   22.1865
    7.5000  -45.0000  -30.0000 9731.7188   22.1480
   -7.5000  -37.5000  -30.000010209.7236   22.1378
    0.0000  -37.5000  -30.000010776.3643   22.1656
    7.5000  -37.5000  -30.000010332.3545   22.1333
   -7.5000  -30.0000  -30.000011102.1914   22.1672
    0.0000  -30.0000  -30.000011702.2666   22.1871
    7.5000  -30.0000  -30.000011222.3105   22.1551
   -7.5000  -22.5000  -30.000011895.4404   22.1920
    0.0000  -22.5000  -30.000012568.7568   22.2092
    7.5000  -22.5000  -30.000012038.9531   22.1720
   -7.5000  -15.0000  -30.000012660.1240   22.1906
    0.0000  -15.0000  -30.000013360.0029   22.2080
    7.5000  -15.0000  -30.000012760.8662   22.1640
   -7.5000   -7.5000  -30.000013418.1436   22.1630
    0.0000   -7.5000  -30.000014135.8076   22.1874
    7.5000   -7.5000  -30.000013455.5518   22.1426
   -7.5000    0.0000  -30.000014053.9189   22.1349
    0.0000    0.0000  -30.000014793.7998   22.1672
    7.5000    0.0000  -30.000014076.2754   22.1288
   -7.5000    7.5000  -30.000013589.3008   22.1378
    0.0000    7.5000  -30.000014307.2861   22.1656
    7.5000    7.5000  -30.000013621.4814   22.1333
   -7.5000   15.0000  -30.000012848.4053   22.1672
    0.0000   15.0000  -30.000013551.8359   22.1871
    7.5000   15.0000  -30.000012906.4121   22.1551
   -7.5000   22.5000  -30.000011826.2061   22.1866
    0.0000   22.5000  -30.000012447.2246   22.2039
    7.5000   22.5000  -30.000011877.8604   22.1667
   -7.5000   30.0000  -30.000010779.0537   21.8970
    0.0000   30.0000  -30.000011328.3779   21.9141
    7.5000   30.0000  -30.000010819.5645   21.8707
   -7.5000   37.5000  -30.000010175.3740   21.8697
    0.0000   37.5000  -30.000010702.9971   21.8938
    7.5000   37.5000  -30.000010202.6699   21.8496
   -7.5000   45.0000  -30.0000 9231.4863   21.3010
    0.0000   45.0000  -30.0000 9712.0225   21.3321
    7.5000   45.0000  -30.0000 9245.2529   21.2951
   -7.5000  -45.0000  -22.500010254.7383   22.8852
    0.0000  -45.0000  -22.500010829.0498   22.9121
    7.5000  -45.0000  -22.500010355.3936   22.8770
   -7.5000  -37.5000  -22.500010911.9492   22.8826
    0.0000  -37.5000  -22.500011496.6592   22.9033
    7.5000  -37.5000  -22.500010989.3652   22.8727
   -7.5000  -30.0000  -22.500011841.2998   22.9235
    0.0000  -30.0000  -22.500012469.3115   22.9357
    7.5000  -30.0000  -22.500011941.4883   22.9012
   -7.5000  -22.5000  -22.500012707.2354   22.9421
    0.0000  -22.5000  -22.500013402.7842   22.9531
    7.5000  -22.5000  -22.500012777.4209   22.9100
   -7.5000  -15.0000  -22.500013553.4229   22.9246
    0.0000  -15.0000  -22.500014255.3721   22.9382
    7.5000  -15.0000  -22.500013541.8389   22.8896
   -7.5000   -7.5000  -22.500014363.4189   22.8890
    0.0000   -7.5000  -22.500015098.8418   22.9097
    7.5000   -7.5000  -22.500014274.7158   22.8651
   -7.5000    0.0000  -22.500015032.1348   22.8655
    0.0000    0.0000  -22.500015804.2734   22.8923
    7.5000    0.0000  -22.500014983.4199   22.8571
   -7.5000    7.5000  -22.500014481.6943   22.8825
    0.0000    7.5000  -22.500015201.2598   22.9033
    7.5000    7.5000  -22.500014435.5547   22.8727
   -7.5000   15.0000  -22.500013676.7432   22.9235
    0.0000   15.0000  -22.500014367.6221   22.9357
    7.5000   15.0000  -22.500013634.7227   22.9012
   -7.5000   22.5000  -22.500012594.3213   22.9350
    0.0000   22.5000  -22.500013230.2549   22.9460
    7.5000   22.5000  -22.500012568.5117   22.9030
   -7.5000   30.0000  -22.500011480.2148   22.6248
    0.0000   30.0000  -22.500012032.3447   22.6381
    7.5000   30.0000  -22.500011413.5332   22.5901
   -7.5000   37.5000  -22.500010802.6426   22.5896
    0.0000   37.5000  -22.500011305.0176   22.6100
    7.5000   37.5000  -22.500010711.2344   22.5660
   -7.5000   45.0000  -22.5000 9778.9580   22.0206
    0.0000   45.0000  -22.500010243.8135   22.0464
    7.5000   45.0000  -22.5000 9698.5371   22.0126
   -7.5000  -45.0000  -15.000010898.3584   23.3943
    0.0000  -45.0000  -15.000011450.6338   23.4205
    7.5000  -45.0000  -15.000010963.5645   23.3971
   -7.5000  -37.5000  -15.000011576.2803   23.3913
    0.0000  -37.5000  -15.000012152.5127   23.4083
    7.5000  -37.5000  -15.000011631.1592   23.3923
   -7.5000  -30.0000  -15.000012584.4707   23.4410
    0.0000  -30.0000  -15.000013215.7832   23.4485
    7.5000  -30.0000  -15.000012628.0859   23.4240
   -7.5000  -22.5000  -15.000013522.8223   23.4683
    0.0000  -22.5000  -15.000014192.5127   23.4764
    7.5000  -22.5000  -15.000013468.4375   23.4350
   -7.5000  -15.0000  -15.000014428.6162   23.4497
    0.0000  -15.0000  -15.000015109.3828   23.4646
    7.5000  -15.0000  -15.000014259.6914   23.4150
   -7.5000   -7.5000  -15.000015256.3330   23.4051
    0.0000   -7.5000  -15.000015961.7480   23.4284
    7.5000   -7.5000  -15.000015036.7100   23.3886
   -7.5000    0.0000  -15.000015995.1387   23.3741
    0.0000    0.0000  -15.000016744.7676   23.4002
    7.5000    0.0000  -15.000015796.5293   23.3769
   -7.5000    7.5000  -15.000015368.4209   23.3913
    0.0000    7.5000  -15.000016055.2559   23.4083
    7.5000    7.5000  -15.000015166.8350   23.3923
   -7.5000   15.0000  -15.000014489.4863   23.4410
    0.0000   15.0000  -15.000015132.7656   23.4485
    7.5000   15.0000  -15.000014288.5420   23.4240
   -7.5000   22.5000  -15.000013354.2305   23.4600
    0.0000   22.5000  -15.000013958.2881   23.4681
    7.5000   22.5000  -15.000013198.3730   23.4267
   -7.5000   30.0000  -15.000012178.3994   23.1463
    0.0000   30.0000  -15.000012720.9932   23.1609
    7.5000   30.0000  -15.000012020.1611   23.1119
   -7.5000   37.5000  -15.000011428.4443   23.1022
    0.0000   37.5000  -15.000011904.7432   23.1252
    7.5000   37.5000  -15.000011257.8984   23.0859
   -7.5000   45.0000  -15.000010309.3770   22.5240
    0.0000   45.0000  -15.000010751.5674   22.5491
    7.5000   45.0000  -15.000010161.7832   22.5267
   -7.5000  -45.0000   -7.500011542.7314   23.6644
    0.0000  -45.0000   -7.500012066.3818   23.6948
    7.5000  -45.0000   -7.500011576.1826   23.6760
   -7.5000  -37.5000   -7.500012250.2324   23.6469
    0.0000  -37.5000   -7.500012796.3701   23.6670
    7.5000  -37.5000   -7.500012299.7588   23.6609
   -7.5000  -30.0000   -7.500013408.9297   23.6935
    0.0000  -30.0000   -7.500014032.4707   23.7043
    7.5000  -30.0000   -7.500013428.4043   23.6912
   -7.5000  -22.5000   -7.500014493.3291   23.7361
    0.0000  -22.5000   -7.500015122.2715   23.7479
    7.5000  -22.5000   -7.500014302.4199   23.7133
   -7.5000  -15.0000   -7.500015442.2363   23.7329
    0.0000  -15.0000   -7.500016014.0898   23.7524
    7.5000  -15.0000   -7.500015070.8428   23.7051
   -7.5000   -7.5000   -7.500016265.0332   23.6873
    0.0000   -7.5000   -7.500016838.5645   23.7160
    7.5000   -7.5000   -7.500015860.0693   23.6776
   -7.5000    0.0000   -7.500017057.8066   23.6440
    0.0000    0.0000   -7.500017653.8750   23.6742
    7.5000    0.0000   -7.500016662.5684   23.6556
   -7.5000    7.5000   -7.500016372.4717   23.6469
    0.0000    7.5000   -7.500016912.3828   23.6670
    7.5000    7.5000   -7.500015973.2354   23.6608
   -7.5000   15.0000   -7.500015362.0000   23.6935
    0.0000   15.0000   -7.500015902.3975   23.7043
    7.5000   15.0000   -7.500014996.4424   23.6912
   -7.5000   22.5000   -7.500014181.2988   23.7252
    0.0000   22.5000   -7.500014713.3633   23.7369
    7.5000   22.5000   -7.500013853.4121   23.7024
   -7.5000   30.0000   -7.500012942.8525   23.4251
    0.0000   30.0000   -7.500013427.5156   23.4444
    7.5000   30.0000   -7.500012637.4785   23.3977
   -7.5000   37.5000   -7.500012154.8447   23.3802
    0.0000   37.5000   -7.500012615.2402   23.4084
    7.5000   37.5000   -7.500011876.7266   23.3705
   -7.5000   45.0000   -7.500010899.7432   22.7884
    0.0000   45.0000   -7.500011346.9131   22.8175
    7.5000   45.0000   -7.500010699.7070   22.7995
   -7.5000  -45.0000    0.000012024.4619   23.7417
    0.0000  -45.0000    0.000012599.1885   23.7769
    7.5000  -45.0000    0.000012090.2598   23.7524
   -7.5000  -37.5000    0.000012762.5234   23.7119
    0.0000  -37.5000    0.000013378.6348   23.7389
    7.5000  -37.5000    0.000012888.1777   23.7290
   -7.5000  -30.0000    0.000014105.7686   23.7510
    0.0000  -30.0000    0.000014868.7744   23.7697
    7.5000  -30.0000    0.000014144.2363   23.7575
   -7.5000  -22.5000    0.000015501.5488   23.8018
    0.0000  -22.5000    0.000016141.4219   23.8197
    7.5000  -22.5000    0.000015098.5186   23.7895
   -7.5000  -15.0000    0.000016410.4922   23.8124
    0.0000  -15.0000    0.000016847.2266   23.8347
    7.5000  -15.0000    0.000015784.5371   23.7905
   -7.5000   -7.5000    0.000017267.9336   23.7711
    0.0000   -7.5000    0.000017661.3887   23.8020
    7.5000   -7.5000    0.000016620.7012   23.7613
   -7.5000    0.0000    0.000018050.2852   23.7213
    0.0000    0.0000    0.000018523.1504   23.7562
    7.5000    0.0000    0.000017486.5156   23.7319
   -7.5000    7.5000    0.000017261.6738   23.7119
    0.0000    7.5000    0.000017773.4297   23.7389
    7.5000    7.5000    0.000016754.8184   23.7290
   -7.5000   15.0000    0.000016143.7031   23.7510
    0.0000   15.0000    0.000016698.7871   23.7697
    7.5000   15.0000    0.000015683.8516   23.7575
   -7.5000   22.5000    0.000014859.5811   23.7909
    0.0000   22.5000    0.000015440.7041   23.8087
    7.5000   22.5000    0.000014470.7061   23.7785
   -7.5000   30.0000    0.000013562.3516   23.5042
    0.0000   30.0000    0.000014114.5361   23.5262
    7.5000   30.0000    0.000013258.4844   23.4826
   -7.5000   37.5000    0.000012759.8730   23.4634
    0.0000   37.5000    0.000013295.0850   23.4939
    7.5000   37.5000    0.000012510.5088   23.4538
   -7.5000   45.0000    0.000011464.7744   22.8646
    0.0000   45.0000    0.000011961.0225   22.8983
    7.5000   45.0000    0.000011266.0693   22.8748
   -7.5000  -45.0000    7.500011575.5010   23.7778
    0.0000  -45.0000    7.500012143.6182   23.8161
    7.5000  -45.0000    7.500011671.5977   23.7820
   -7.5000  -37.5000    7.500012316.9287   23.7481
    0.0000  -37.5000    7.500012886.1143   23.7805
    7.5000  -37.5000    7.500012421.8203   23.7575
   -7.5000  -30.0000    7.500013663.9434   23.7799
    0.0000  -30.0000    7.500014353.8633   23.8041
    7.5000  -30.0000    7.500013681.8584   23.7818
   -7.5000  -22.5000    7.500014911.6768   23.8228
    0.0000  -22.5000    7.500015669.7510   23.8444
    7.5000  -22.5000    7.500014723.7188   23.8115
   -7.5000  -15.0000    7.500015754.7129   23.8347
    0.0000  -15.0000    7.500016376.4648   23.8571
    7.5000  -15.0000    7.500015418.2939   23.8131
   -7.5000   -7.5000    7.500016659.8145   23.8010
    0.0000   -7.5000    7.500017219.0293   23.8316
    7.5000   -7.5000    7.500016199.3398   23.7872
   -7.5000    0.0000    7.500017480.8457   23.7574
    0.0000    0.0000    7.500018108.8301   23.7955
    7.5000    0.0000    7.500017035.9062   23.7614
   -7.5000    7.5000    7.500016696.5605   23.7481
    0.0000    7.5000    7.500017368.9707   23.7805
    7.5000    7.5000    7.500016349.8555   23.7575
   -7.5000   15.0000    7.500015563.0791   23.7799
    0.0000   15.0000    7.500016263.1787   23.8041
    7.5000   15.0000    7.500015294.3906   23.7818
   -7.5000   22.5000    7.500014313.6982   23.8119
    0.0000   22.5000    7.500014972.3262   23.8334
    7.5000   22.5000    7.500014087.4199   23.8005
   -7.5000   30.0000    7.500013078.5352   23.5262
    0.0000   30.0000    7.500013673.6533   23.5483
    7.5000   30.0000    7.500012905.8887   23.5050
   -7.5000   37.5000    7.500012337.3506   23.4930
    0.0000   37.5000    7.500012904.7363   23.5232
    7.5000   37.5000    7.500012159.6494   23.4794
   -7.5000   45.0000    7.500011049.0947   22.8994
    0.0000   45.0000    7.500011584.6924   22.9361
    7.5000   45.0000    7.500010916.8428   22.9032
   -7.5000  -45.0000   15.000011046.0762   23.7896
    0.0000  -45.0000   15.000011618.8496   23.8246
    7.5000  -45.0000   15.000011117.5361   23.7834
   -7.5000  -37.5000   15.000011757.5352   23.7724
    0.0000  -37.5000   15.000012307.3945   23.8023
    7.5000  -37.5000   15.000011804.8623   23.7675
   -7.5000  -30.0000   15.000012958.6748   23.8039
    0.0000  -30.0000   15.000013619.4697   23.8254
    7.5000  -30.0000   15.000012971.6777   23.7910
   -7.5000  -22.5000   15.000014051.1689   23.8305
    0.0000  -22.5000   15.000014918.6074   23.8491
    7.5000  -22.5000   15.000014153.6084   23.8091
   -7.5000  -15.0000   15.000014849.3584   23.8291
    0.0000  -15.0000   15.000015833.8896   23.8477
    7.5000  -15.0000   15.000015168.5732   23.8005
   -7.5000   -7.5000   15.000015766.5479   23.7994
    0.0000   -7.5000   15.000016764.8848   23.8257
    7.5000   -7.5000   15.000016012.9600   23.7775
   -7.5000    0.0000   15.000016592.7383   23.7692
    0.0000    0.0000   15.000017611.8184   23.8040
    7.5000    0.0000   15.000016704.8594   23.7627
   -7.5000    7.5000   15.000015831.6533   23.7724
    0.0000    7.5000   15.000016758.5645   23.8023
    7.5000    7.5000   15.000015859.0283   23.7675
   -7.5000   15.0000   15.000014758.3281   23.8039
    0.0000   15.0000   15.000015581.1602   23.8254
    7.5000   15.0000   15.000014696.4219   23.7910
   -7.5000   22.5000   15.000013577.6172   23.8195
    0.0000   22.5000   15.000014329.6230   23.8381
    7.5000   22.5000   15.000013456.5078   23.7981
   -7.5000   30.0000   15.000012448.1660   23.5207
    0.0000   30.0000   15.000013100.9111   23.5391
    7.5000   30.0000   15.000012296.6504   23.4925
   -7.5000   37.5000   15.000011746.1611   23.4914
    0.0000   37.5000   15.000012330.2188   23.5173
    7.5000   37.5000   15.000011600.0264   23.4698
   -7.5000   45.0000   15.000010556.8535   22.9108
    0.0000   45.0000   15.000011062.3115   22.9443
    7.5000   45.0000   15.000010429.9941   22.9045
   -7.5000  -45.0000   22.500010379.5293   23.7997
    0.0000  -45.0000   22.500010940.8896   23.8285
    7.5000  -45.0000   22.500010524.8115   23.7923
   -7.5000  -37.5000   22.500011062.0107   23.7970
    0.0000  -37.5000   22.500011646.5635   23.8194
    7.5000  -37.5000   22.500011236.3672   23.7878
   -7.5000  -30.0000   22.500012184.8359   23.8396
    0.0000  -30.0000   22.500012924.9697   23.8531
    7.5000  -30.0000   22.500012374.4521   23.8175
   -7.5000  -22.5000   22.500013179.0166   23.8590
    0.0000  -22.5000   22.500014073.7373   23.8713
    7.5000  -22.5000   22.500013442.1992   23.8268
   -7.5000  -15.0000   22.500013945.7998   23.8409
    0.0000  -15.0000   22.500014952.9766   23.8558
    7.5000  -15.0000   22.500014362.0957   23.8056
   -7.5000   -7.5000   22.500014746.4961   23.8037
    0.0000   -7.5000   22.500015783.3721   23.8260
    7.5000   -7.5000   22.500015159.8389   23.7800
   -7.5000    0.0000   22.500015519.6357   23.7792
    0.0000    0.0000   22.500016519.4707   23.8078
    7.5000    0.0000   22.500015837.7588   23.7717
   -7.5000    7.5000   22.500014841.3691   23.7970
    0.0000    7.5000   22.500015698.5479   23.8194
    7.5000    7.5000   22.500014995.2041   23.7878
   -7.5000   15.0000   22.500013869.7529   23.8396
    0.0000   15.0000   22.500014567.7314   23.8531
    7.5000   15.0000   22.500013882.2021   23.8175
   -7.5000   22.5000   22.500012823.4326   23.8480
    0.0000   22.5000   22.500013428.9268   23.8603
    7.5000   22.5000   22.500012758.6572   23.8158
   -7.5000   30.0000   22.500011735.8438   23.5323
    0.0000   30.0000   22.500012279.6455   23.5470
    7.5000   30.0000   22.500011665.5576   23.4975
   -7.5000   37.5000   22.500011025.3848   23.4956
    0.0000   37.5000   22.500011532.0205   23.5177
    7.5000   37.5000   22.500010957.1406   23.4723
   -7.5000   45.0000   22.5000 9908.4209   22.9204
    0.0000   45.0000   22.500010385.3955   22.9480
    7.5000   45.0000   22.5000 9835.7168   22.9132
   -7.5000  -45.0000   30.0000 9629.6240   23.9679
    0.0000  -45.0000   30.000010226.0264   23.9955
    7.5000  -45.0000   30.0000 9745.0547   23.9721
   -7.5000  -37.5000   30.000010250.2793   23.9645
    0.0000  -37.5000   30.000010874.3984   23.9826
    7.5000  -37.5000   30.000010354.9600   23.9668
   -7.5000  -30.0000   30.000011268.1475   24.0159
    0.0000  -30.0000   30.000011936.4248   24.0240
    7.5000  -30.0000   30.000011296.1230   23.9994
   -7.5000  -22.5000   30.000012153.6621   24.0444
    0.0000  -22.5000   30.000012844.0908   24.0531
    7.5000  -22.5000   30.000012195.6963   24.0109
   -7.5000  -15.0000   30.000012862.9121   24.0255
    0.0000  -15.0000   30.000013563.0947   24.0413
    7.5000  -15.0000   30.000012991.8848   23.9906
   -7.5000   -7.5000   30.000013588.7471   23.9794
    0.0000   -7.5000   30.000014303.3008   24.0040
    7.5000   -7.5000   30.000013737.5762   23.9635
   -7.5000    0.0000   30.000014281.4521   23.9470
    0.0000    0.0000   30.000014999.9072   23.9745
    7.5000    0.0000   30.000014386.0459   23.9512
   -7.5000    7.5000   30.000013707.3438   23.9645
    0.0000    7.5000   30.000014386.1260   23.9826
    7.5000    7.5000   30.000013749.4482   23.9668
   -7.5000   15.0000   30.000012844.2432   24.0159
    0.0000   15.0000   30.000013440.7021   24.0240
    7.5000   15.0000   30.000012800.1875   23.9994
   -7.5000   22.5000   30.000011903.4619   24.0334
    0.0000   22.5000   30.000012455.9082   24.0420
    7.5000   22.5000   30.000011814.8916   23.9999
   -7.5000   30.0000   30.000010880.7012   23.7146
    0.0000   30.0000   30.000011378.5645   23.7301
    7.5000   30.0000   30.000010792.4072   23.6801
   -7.5000   37.5000   30.000010190.9102   23.6690
    0.0000   37.5000   30.000010656.8115   23.6933
    7.5000   37.5000   30.000010133.8066   23.6534
   -7.5000   45.0000   30.0000 9152.7061   23.0822
    0.0000   45.0000   30.0000 9573.5596   23.1086
    7.5000   45.0000   30.0000 9118.5010   23.0862
   -7.5000  -45.0000   37.5000 9190.0635   24.3373
    0.0000  -45.0000   37.5000 9658.3428   24.3680
    7.5000  -45.0000   37.5000 9245.5576   24.3493
   -7.5000  -37.5000   37.5000 9770.1260   24.3181
    0.0000  -37.5000   37.500010226.3672   24.3381
    7.5000  -37.5000   37.5000 9812.3418   24.3327
   -7.5000  -30.0000   37.500010723.3691   24.3675
    0.0000  -30.0000   37.500011172.7900   24.3777
    7.5000  -30.0000   37.500010690.2910   24.3649
   -7.5000  -22.5000   37.500011548.8916   24.4134
    0.0000  -22.5000   37.500012024.1572   24.4246
    7.5000  -22.5000   37.500011555.6250   24.3890
   -7.5000  -15.0000   37.500012232.7510   24.4107
    0.0000  -15.0000   37.500012727.3057   24.4300
    7.5000  -15.0000   37.500012307.5615   24.3808
   -7.5000   -7.5000   37.500012937.1855   24.3623
    0.0000   -7.5000   37.500013459.2207   24.3913
    7.5000   -7.5000   37.500013022.5762   24.3516
   -7.5000    0.0000   37.500013583.0234   24.3158
    0.0000    0.0000   37.500014143.2080   24.3463
    7.5000    0.0000   37.500013664.1729   24.3277
   -7.5000    7.5000   37.500013090.5146   24.3181
    0.0000    7.5000   37.500013637.5322   24.3381
    7.5000    7.5000   37.500013127.9160   24.3327
   -7.5000   15.0000   37.500012294.8887   24.3675
    0.0000   15.0000   37.500012786.3408   24.3777
    7.5000   15.0000   37.500012264.8613   24.3649
   -7.5000   22.5000   37.500011403.7070   24.4021
    0.0000   22.5000   37.500011870.7256   24.4133
    7.5000   22.5000   37.500011336.3877   24.3778
   -7.5000   30.0000   37.500010444.5488   24.0948
    0.0000   30.0000   37.500010870.8389   24.1138
    7.5000   30.0000   37.500010353.4902   24.0652
   -7.5000   37.5000   37.5000 9799.0176   24.0470
    0.0000   37.5000   37.500010211.4092   24.0756
    7.5000   37.5000   37.5000 9716.0986   24.0364
   -7.5000   45.0000   37.5000 8796.7148   23.4376
    0.0000   45.0000   37.5000 9187.9160   23.4671
    7.5000   45.0000   37.5000 8760.6455   23.4491
   -7.5000  -45.0000   45.0000 8372.9170   24.8409
    0.0000  -45.0000   45.0000 8796.1973   24.8803
    7.5000  -45.0000   45.0000 8410.1045   24.8582
   -7.5000  -37.5000   45.0000 8869.9238   24.8066
    0.0000  -37.5000   45.0000 9309.9121   24.8377
    7.5000  -37.5000   45.0000 8928.9277   24.8313
   -7.5000  -30.0000   45.0000 9701.5967   24.8507
    0.0000  -30.0000   45.000010172.5791   24.8724
    7.5000  -30.0000   45.0000 9750.7822   24.8636
   -7.5000  -22.5000   45.000010447.8076   24.9094
    0.0000  -22.5000   45.000010953.4824   24.9291
    7.5000  -22.5000   45.000010545.7598   24.9007
   -7.5000  -15.0000   45.000011098.9551   24.9226
    0.0000  -15.0000   45.000011609.2695   24.9465
    7.5000  -15.0000   45.000011229.8232   24.9030
   -7.5000   -7.5000   45.000011755.1592   24.8758
    0.0000   -7.5000   45.000012285.3789   24.9096
    7.5000   -7.5000   45.000011878.5811   24.8700
   -7.5000    0.0000   45.000012346.1191   24.8184
    0.0000    0.0000   45.000012920.4355   24.8575
    7.5000    0.0000   45.000012476.7744   24.8355
   -7.5000    7.5000   45.000011940.5635   24.8066
    0.0000    7.5000   45.000012490.8027   24.8377
    7.5000    7.5000   45.000012011.7969   24.8313
   -7.5000   15.0000   45.000011209.2607   24.8507
    0.0000   15.0000   45.000011713.3652   24.8724
    7.5000   15.0000   45.000011236.1426   24.8636
   -7.5000   22.5000   45.000010395.0420   24.8978
    0.0000   22.5000   45.000010875.7051   24.9175
    7.5000   22.5000   45.000010394.2607   24.8891
   -7.5000   30.0000   45.0000 9549.9922   24.5979
    0.0000   30.0000   45.000010000.8145   24.6215
    7.5000   30.0000   45.0000 9529.9365   24.5786
   -7.5000   37.5000   45.0000 8990.6543   24.5517
    0.0000   37.5000   45.0000 9416.1133   24.5850
    7.5000   37.5000   45.0000 8976.4756   24.5460
   -7.5000   45.0000   45.0000 8087.0020   23.9329
    0.0000   45.0000   45.0000 8470.6504   23.9707
    7.5000   45.0000   45.0000 8088.2383   23.9495

---------------------------------------------------------------------
imgreg_4dfp /opt/freesurfer/average/711-2C_as_mni_average_305 /opt/freesurfer/average/711-2B_as_mni_average_305_mask talsrcimg_g11 none talsrcimg_to_711-2C_as_mni_average_305_t4 4355
---------------------------------------------------------------------

freesurfer imgreg_4dfp.c
/opt/freesurfer/average/711-2C_as_mni_average_305.4dfp.img
       256       256       256         1
  1.000000  1.000000  1.000000
orientation T byte_order littleendian
Reading image: /opt/freesurfer/average/711-2C_as_mni_average_305.4dfp.img
dimensions:      256       256       256
mmppix:       1.0000   -1.0000   -1.0000
center:     128.0000 -129.0000 -129.0000
/opt/freesurfer/average/711-2B_as_mni_average_305_mask.4dfp.img
       256       256       256         1
  1.000000  1.000000  1.000000
orientation T byte_order littleendian
Reading mask: /opt/freesurfer/average/711-2B_as_mni_average_305_mask.4dfp.img (2306576 pixels)
talsrcimg_g11.4dfp.img
       256       256       256         1
  1.000000  1.000000  1.000000
orientation T byte_order littleendian
Reading image: talsrcimg_g11.4dfp.img
dimensions:      256       256       256
mmppix:       1.0000   -1.0000   -1.0000
center:     128.0000 -129.0000 -129.0000
rotation matrix determinant  1.000000
image alignment mode   4355 decimal     1103 hex
   -7.5000  -45.0000  -45.0000 2141.3586   25.1860
    0.0000  -45.0000  -45.0000 2176.1406   24.8849
    7.5000  -45.0000  -45.0000 2183.6707   24.6200
   -7.5000  -37.5000  -45.0000 2227.0239   23.4132
    0.0000  -37.5000  -45.0000 2260.0859   23.2178
    7.5000  -37.5000  -45.0000 2261.3328   23.0366
   -7.5000  -30.0000  -45.0000 2278.3003   22.1537
    0.0000  -30.0000  -45.0000 2303.6191   21.9198
    7.5000  -30.0000  -45.0000 2304.7771   21.8001
   -7.5000  -22.5000  -45.0000 2297.9316   21.2490
    0.0000  -22.5000  -45.0000 2328.4231   21.0303
    7.5000  -22.5000  -45.0000 2327.1746   20.9712
   -7.5000  -15.0000  -45.0000 2308.6926   20.9012
    0.0000  -15.0000  -45.0000 2336.0361   20.6790
    7.5000  -15.0000  -45.0000 2330.7009   20.6115
   -7.5000   -7.5000  -45.0000 2300.5110   20.9262
    0.0000   -7.5000  -45.0000 2329.9661   20.7067
    7.5000   -7.5000  -45.0000 2327.9949   20.6706
   -7.5000    0.0000  -45.0000 2292.6348   21.2621
    0.0000    0.0000  -45.0000 2325.1626   21.0161
    7.5000    0.0000  -45.0000 2318.8118   21.0264
   -7.5000    7.5000  -45.0000 2274.4075   22.0261
    0.0000    7.5000  -45.0000 2304.3462   21.7494
    7.5000    7.5000  -45.0000 2298.6523   21.7689
   -7.5000   15.0000  -45.0000 2234.9072   23.2663
    0.0000   15.0000  -45.0000 2258.2751   22.9331
    7.5000   15.0000  -45.0000 2254.3567   22.9681
   -7.5000   22.5000  -45.0000 2172.7158   25.0294
    0.0000   22.5000  -45.0000 2188.9761   24.6847
    7.5000   22.5000  -45.0000 2182.0684   24.7387
   -7.5000   30.0000  -45.0000 2089.9653   27.3611
    0.0000   30.0000  -45.0000 2101.6248   26.9838
    7.5000   30.0000  -45.0000 2091.0422   27.0162
   -7.5000   37.5000  -45.0000 1991.6587   30.2612
    0.0000   37.5000  -45.0000 2009.2296   29.8774
    7.5000   37.5000  -45.0000 1994.4261   29.8938
   -7.5000   45.0000  -45.0000 1883.1475   33.9702
    0.0000   45.0000  -45.0000 1892.4633   33.5768
    7.5000   45.0000  -45.0000 1886.6556   33.6846
   -7.5000  -45.0000  -37.5000 2224.7122   23.5468
    0.0000  -45.0000  -37.5000 2262.6614   23.2779
    7.5000  -45.0000  -37.5000 2271.7817   23.0655
   -7.5000  -37.5000  -37.5000 2306.6553   21.8341
    0.0000  -37.5000  -37.5000 2344.0825   21.6092
    7.5000  -37.5000  -37.5000 2351.0271   21.4530
   -7.5000  -30.0000  -37.5000 2356.1775   20.5989
    0.0000  -30.0000  -37.5000 2392.1990   20.3579
    7.5000  -30.0000  -37.5000 2399.5181   20.3077
   -7.5000  -22.5000  -37.5000 2390.4868   19.7472
    0.0000  -22.5000  -37.5000 2425.5854   19.5127
    7.5000  -22.5000  -37.5000 2426.5745   19.5138
   -7.5000  -15.0000  -37.5000 2412.0532   19.3936
    0.0000  -15.0000  -37.5000 2437.2583   19.1888
    7.5000  -15.0000  -37.5000 2438.7358   19.1770
   -7.5000   -7.5000  -37.5000 2411.4287   19.4055
    0.0000   -7.5000  -37.5000 2435.9148   19.2075
    7.5000   -7.5000  -37.5000 2435.7778   19.2341
   -7.5000    0.0000  -37.5000 2398.9836   19.6924
    0.0000    0.0000  -37.5000 2424.2969   19.4696
    7.5000    0.0000  -37.5000 2420.3291   19.4934
   -7.5000    7.5000  -37.5000 2377.5906   20.3337
    0.0000    7.5000  -37.5000 2407.3958   20.1081
    7.5000    7.5000  -37.5000 2399.5188   20.1491
   -7.5000   15.0000  -37.5000 2334.3684   21.4249
    0.0000   15.0000  -37.5000 2360.0820   21.1772
    7.5000   15.0000  -37.5000 2354.8447   21.2791
   -7.5000   22.5000  -37.5000 2268.2034   23.0555
    0.0000   22.5000  -37.5000 2289.1196   22.8361
    7.5000   22.5000  -37.5000 2283.0039   22.9509
   -7.5000   30.0000  -37.5000 2178.1028   25.1903
    0.0000   30.0000  -37.5000 2194.4788   24.9727
    7.5000   30.0000  -37.5000 2187.5020   25.0961
   -7.5000   37.5000  -37.5000 2077.7812   27.9743
    0.0000   37.5000  -37.5000 2094.4331   27.7444
    7.5000   37.5000  -37.5000 2085.0715   27.8084
   -7.5000   45.0000  -37.5000 1962.0477   31.4947
    0.0000   45.0000  -37.5000 1969.4462   31.1253
    7.5000   45.0000  -37.5000 1961.7036   31.2984
   -7.5000  -45.0000  -30.0000 2339.2087   22.8444
    0.0000  -45.0000  -30.0000 2379.5005   22.5941
    7.5000  -45.0000  -30.0000 2381.9763   22.3755
   -7.5000  -37.5000  -30.0000 2431.5203   21.0976
    0.0000  -37.5000  -30.0000 2466.4075   20.8529
    7.5000  -37.5000  -30.0000 2475.6121   20.7437
   -7.5000  -30.0000  -30.0000 2488.4512   19.9212
    0.0000  -30.0000  -30.0000 2517.0696   19.6203
    7.5000  -30.0000  -30.0000 2524.9177   19.5715
   -7.5000  -22.5000  -30.0000 2532.6028   19.0718
    0.0000  -22.5000  -30.0000 2556.7866   18.7745
    7.5000  -22.5000  -30.0000 2561.4934   18.7861
   -7.5000  -15.0000  -30.0000 2559.5774   18.6556
    0.0000  -15.0000  -30.0000 2577.6953   18.3792
    7.5000  -15.0000  -30.0000 2575.6675   18.4077
   -7.5000   -7.5000  -30.0000 2567.7717   18.6416
    0.0000   -7.5000  -30.0000 2589.3359   18.3941
    7.5000   -7.5000  -30.0000 2581.0598   18.4416
   -7.5000    0.0000  -30.0000 2551.2478   18.8819
    0.0000    0.0000  -30.0000 2574.3550   18.7067
    7.5000    0.0000  -30.0000 2565.4717   18.7566
   -7.5000    7.5000  -30.0000 2523.9868   19.5549
    0.0000    7.5000  -30.0000 2550.1096   19.3610
    7.5000    7.5000  -30.0000 2539.3845   19.4652
   -7.5000   15.0000  -30.0000 2475.8743   20.6073
    0.0000   15.0000  -30.0000 2500.2976   20.3880
    7.5000   15.0000  -30.0000 2493.0901   20.5444
   -7.5000   22.5000  -30.0000 2399.7620   22.1217
    0.0000   22.5000  -30.0000 2421.8342   21.9177
    7.5000   22.5000  -30.0000 2418.2712   22.0640
   -7.5000   30.0000  -30.0000 2301.1091   24.1516
    0.0000   30.0000  -30.0000 2318.3020   23.9309
    7.5000   30.0000  -30.0000 2308.7329   24.0975
   -7.5000   37.5000  -30.0000 2188.3521   26.7608
    0.0000   37.5000  -30.0000 2211.4250   26.5812
    7.5000   37.5000  -30.0000 2195.9604   26.7483
   -7.5000   45.0000  -30.0000 2060.4790   30.1602
    0.0000   45.0000  -30.0000 2081.2666   29.9394
    7.5000   45.0000  -30.0000 2068.2439   30.0502
   -7.5000  -45.0000  -22.5000 2423.5564   21.9661
    0.0000  -45.0000  -22.5000 2459.7668   21.6073
    7.5000  -45.0000  -22.5000 2461.4636   21.3960
   -7.5000  -37.5000  -22.5000 2521.6433   20.3150
    0.0000  -37.5000  -22.5000 2558.2988   20.0067
    7.5000  -37.5000  -22.5000 2561.2129   19.8613
   -7.5000  -30.0000  -22.5000 2589.6399   19.1365
    0.0000  -30.0000  -22.5000 2616.6858   18.7990
    7.5000  -30.0000  -22.5000 2619.6445   18.6978
   -7.5000  -22.5000  -22.5000 2642.4641   18.2663
    0.0000  -22.5000  -22.5000 2667.1521   17.9457
    7.5000  -22.5000  -22.5000 2666.9075   17.9309
   -7.5000  -15.0000  -22.5000 2674.8872   17.7796
    0.0000  -15.0000  -22.5000 2696.1396   17.4865
    7.5000  -15.0000  -22.5000 2687.6902   17.5462
   -7.5000   -7.5000  -22.5000 2690.0764   17.7061
    0.0000   -7.5000  -22.5000 2713.1130   17.4672
    7.5000   -7.5000  -22.5000 2696.2507   17.5641
   -7.5000    0.0000  -22.5000 2674.9822   18.0009
    0.0000    0.0000  -22.5000 2698.9861   17.8025
    7.5000    0.0000  -22.5000 2686.6221   17.9197
   -7.5000    7.5000  -22.5000 2647.3752   18.6952
    0.0000    7.5000  -22.5000 2668.8992   18.4543
    7.5000    7.5000  -22.5000 2654.6357   18.6151
   -7.5000   15.0000  -22.5000 2591.7297   19.7748
    0.0000   15.0000  -22.5000 2609.3247   19.4690
    7.5000   15.0000  -22.5000 2595.4976   19.6216
   -7.5000   22.5000  -22.5000 2513.2812   21.2159
    0.0000   22.5000  -22.5000 2525.5637   20.9146
    7.5000   22.5000  -22.5000 2516.7742   21.0590
   -7.5000   30.0000  -22.5000 2407.4111   23.1501
    0.0000   30.0000  -22.5000 2422.9580   22.8686
    7.5000   30.0000  -22.5000 2405.7161   23.0305
   -7.5000   37.5000  -22.5000 2284.4309   25.6068
    0.0000   37.5000  -22.5000 2297.2471   25.3523
    7.5000   37.5000  -22.5000 2274.8081   25.5057
   -7.5000   45.0000  -22.5000 2143.1858   28.7361
    0.0000   45.0000  -22.5000 2157.0417   28.4773
    7.5000   45.0000  -22.5000 2138.7004   28.6300
   -7.5000  -45.0000  -15.0000 2465.5027   21.1677
    0.0000  -45.0000  -15.0000 2494.6711   20.7474
    7.5000  -45.0000  -15.0000 2504.0420   20.5775
   -7.5000  -37.5000  -15.0000 2575.6907   19.5285
    0.0000  -37.5000  -15.0000 2606.1421   19.1599
    7.5000  -37.5000  -15.0000 2610.8643   19.0266
   -7.5000  -30.0000  -15.0000 2655.5762   18.3654
    0.0000  -30.0000  -15.0000 2683.4558   18.0305
    7.5000  -30.0000  -15.0000 2686.6987   17.9300
   -7.5000  -22.5000  -15.0000 2710.6802   17.5036
    0.0000  -22.5000  -15.0000 2738.2336   17.1956
    7.5000  -22.5000  -15.0000 2737.9307   17.1070
   -7.5000  -15.0000  -15.0000 2751.2429   16.9966
    0.0000  -15.0000  -15.0000 2772.1431   16.6790
    7.5000  -15.0000  -15.0000 2760.9778   16.7323
   -7.5000   -7.5000  -15.0000 2770.2424   16.8672
    0.0000   -7.5000  -15.0000 2788.2815   16.5926
    7.5000   -7.5000  -15.0000 2773.8889   16.6922
   -7.5000    0.0000  -15.0000 2765.9663   17.2352
    0.0000    0.0000  -15.0000 2781.5227   16.9565
    7.5000    0.0000  -15.0000 2767.0930   17.0803
   -7.5000    7.5000  -15.0000 2733.5352   17.9126
    0.0000    7.5000  -15.0000 2747.4590   17.6293
    7.5000    7.5000  -15.0000 2730.4929   17.7697
   -7.5000   15.0000  -15.0000 2670.8240   18.9229
    0.0000   15.0000  -15.0000 2682.1357   18.6203
    7.5000   15.0000  -15.0000 2667.3684   18.7825
   -7.5000   22.5000  -15.0000 2580.3110   20.3351
    0.0000   22.5000  -15.0000 2587.3218   20.0573
    7.5000   22.5000  -15.0000 2577.4146   20.2089
   -7.5000   30.0000  -15.0000 2470.1072   22.2606
    0.0000   30.0000  -15.0000 2479.9983   21.9710
    7.5000   30.0000  -15.0000 2465.0405   22.1395
   -7.5000   37.5000  -15.0000 2345.0984   24.6328
    0.0000   37.5000  -15.0000 2346.2070   24.3707
    7.5000   37.5000  -15.0000 2330.8550   24.5232
   -7.5000   45.0000  -15.0000 2198.5986   27.6192
    0.0000   45.0000  -15.0000 2204.0774   27.3562
    7.5000   45.0000  -15.0000 2188.3389   27.4735
   -7.5000  -45.0000   -7.5000 2484.2517   20.5267
    0.0000  -45.0000   -7.5000 2510.9822   20.0638
    7.5000  -45.0000   -7.5000 2522.5432   20.0571
   -7.5000  -37.5000   -7.5000 2602.8765   18.9107
    0.0000  -37.5000   -7.5000 2630.9226   18.4779
    7.5000  -37.5000   -7.5000 2641.3013   18.4899
   -7.5000  -30.0000   -7.5000 2702.4666   17.7848
    0.0000  -30.0000   -7.5000 2730.6069   17.3894
    7.5000  -30.0000   -7.5000 2736.8413   17.3475
   -7.5000  -22.5000   -7.5000 2769.4612   16.9893
    0.0000  -22.5000   -7.5000 2797.1038   16.5873
    7.5000  -22.5000   -7.5000 2795.6787   16.4785
   -7.5000  -15.0000   -7.5000 2818.0049   16.4438
    0.0000  -15.0000   -7.5000 2833.9980   16.0223
    7.5000  -15.0000   -7.5000 2821.6274   16.0255
   -7.5000   -7.5000   -7.5000 2851.1812   16.3174
    0.0000   -7.5000   -7.5000 2856.7070   15.9368
    7.5000   -7.5000   -7.5000 2840.0654   16.0072
   -7.5000    0.0000   -7.5000 2837.3052   16.6540
    0.0000    0.0000   -7.5000 2848.4167   16.2820
    7.5000    0.0000   -7.5000 2833.8044   16.4044
   -7.5000    7.5000   -7.5000 2799.3079   17.2865
    0.0000    7.5000   -7.5000 2806.9575   16.9058
    7.5000    7.5000   -7.5000 2795.1426   17.0983
   -7.5000   15.0000   -7.5000 2724.5413   18.2935
    0.0000   15.0000   -7.5000 2730.2161   17.9283
    7.5000   15.0000   -7.5000 2720.3584   18.1215
   -7.5000   22.5000   -7.5000 2627.2292   19.7579
    0.0000   22.5000   -7.5000 2630.2537   19.3967
    7.5000   22.5000   -7.5000 2623.6484   19.5666
   -7.5000   30.0000   -7.5000 2512.4849   21.6242
    0.0000   30.0000   -7.5000 2518.9136   21.2590
    7.5000   30.0000   -7.5000 2503.7434   21.4498
   -7.5000   37.5000   -7.5000 2380.9395   23.9454
    0.0000   37.5000   -7.5000 2387.2585   23.6167
    7.5000   37.5000   -7.5000 2373.1687   23.7821
   -7.5000   45.0000   -7.5000 2227.8745   26.7461
    0.0000   45.0000   -7.5000 2238.6094   26.4513
    7.5000   45.0000   -7.5000 2219.7224   26.5674
   -7.5000  -45.0000    0.0000 2490.2737   20.2141
    0.0000  -45.0000    0.0000 2518.9087   19.7572
    7.5000  -45.0000    0.0000 2533.6377   19.8626
   -7.5000  -37.5000    0.0000 2609.9299   18.5670
    0.0000  -37.5000    0.0000 2644.5972   18.1908
    7.5000  -37.5000    0.0000 2654.8083   18.2381
   -7.5000  -30.0000    0.0000 2717.7166   17.4304
    0.0000  -30.0000    0.0000 2751.2075   17.1161
    7.5000  -30.0000    0.0000 2754.4431   17.0713
   -7.5000  -22.5000    0.0000 2805.0046   16.6931
    0.0000  -22.5000    0.0000 2843.6736   16.3070
    7.5000  -22.5000    0.0000 2832.4778   16.1681
   -7.5000  -15.0000    0.0000 2871.1145   16.1397
    0.0000  -15.0000    0.0000 2888.2327   15.6083
    7.5000  -15.0000    0.0000 2865.7354   15.5373
   -7.5000   -7.5000    0.0000 2910.3035   15.9777
    0.0000   -7.5000    0.0000 2909.4033   15.5008
    7.5000   -7.5000    0.0000 2885.3501   15.5430
   -7.5000    0.0000    0.0000 2883.3772   16.2889
    0.0000    0.0000    0.0000 2886.3821   15.9211
    7.5000    0.0000    0.0000 2872.8567   16.0471
   -7.5000    7.5000    0.0000 2833.7490   16.9301
    0.0000    7.5000    0.0000 2843.8389   16.5431
    7.5000    7.5000    0.0000 2834.2290   16.6836
   -7.5000   15.0000    0.0000 2757.5422   17.9645
    0.0000   15.0000    0.0000 2768.0544   17.5822
    7.5000   15.0000    0.0000 2759.0156   17.6933
   -7.5000   22.5000    0.0000 2650.4255   19.4325
    0.0000   22.5000    0.0000 2662.9363   19.0590
    7.5000   22.5000    0.0000 2649.9258   19.1641
   -7.5000   30.0000    0.0000 2533.7202   21.3027
    0.0000   30.0000    0.0000 2550.9668   20.9309
    7.5000   30.0000    0.0000 2535.8105   21.0241
   -7.5000   37.5000    0.0000 2403.0540   23.5384
    0.0000   37.5000    0.0000 2416.5510   23.1945
    7.5000   37.5000    0.0000 2406.9517   23.2904
   -7.5000   45.0000    0.0000 2249.2581   26.1878
    0.0000   45.0000    0.0000 2262.9741   25.8854
    7.5000   45.0000    0.0000 2250.4065   26.0430
   -7.5000  -45.0000    7.5000 2486.8328   20.1336
    0.0000  -45.0000    7.5000 2513.6760   19.7106
    7.5000  -45.0000    7.5000 2528.0308   19.8998
   -7.5000  -37.5000    7.5000 2606.8809   18.5454
    0.0000  -37.5000    7.5000 2635.0222   18.1166
    7.5000  -37.5000    7.5000 2644.9626   18.2839
   -7.5000  -30.0000    7.5000 2720.6792   17.4232
    0.0000  -30.0000    7.5000 2742.8989   17.0092
    7.5000  -30.0000    7.5000 2748.0544   17.0913
   -7.5000  -22.5000    7.5000 2826.1819   16.6432
    0.0000  -22.5000    7.5000 2851.5806   16.2446
    7.5000  -22.5000    7.5000 2836.2017   16.1887
   -7.5000  -15.0000    7.5000 2904.0906   15.9617
    0.0000  -15.0000    7.5000 2925.7952   15.5865
    7.5000  -15.0000    7.5000 2888.4395   15.5896
   -7.5000   -7.5000    7.5000 2945.9946   15.7451
    0.0000   -7.5000    7.5000 2969.3047   15.4195
    7.5000   -7.5000    7.5000 2917.1663   15.4883
   -7.5000    0.0000    7.5000 2903.3308   16.2119
    0.0000    0.0000    7.5000 2930.3672   15.9530
    7.5000    0.0000    7.5000 2895.9995   15.9975
   -7.5000    7.5000    7.5000 2847.4172   16.8829
    0.0000    7.5000    7.5000 2873.4629   16.5794
    7.5000    7.5000    7.5000 2857.1455   16.6337
   -7.5000   15.0000    7.5000 2764.9131   17.8831
    0.0000   15.0000    7.5000 2786.9475   17.5440
    7.5000   15.0000    7.5000 2774.8884   17.6421
   -7.5000   22.5000    7.5000 2659.1406   19.2987
    0.0000   22.5000    7.5000 2675.1553   18.9489
    7.5000   22.5000    7.5000 2665.6448   19.0834
   -7.5000   30.0000    7.5000 2543.4553   21.0834
    0.0000   30.0000    7.5000 2558.7983   20.7724
    7.5000   30.0000    7.5000 2547.8416   20.9440
   -7.5000   37.5000    7.5000 2413.4766   23.2988
    0.0000   37.5000    7.5000 2432.4653   23.0171
    7.5000   37.5000    7.5000 2417.8564   23.1763
   -7.5000   45.0000    7.5000 2249.4382   25.9412
    0.0000   45.0000    7.5000 2271.9016   25.6896
    7.5000   45.0000    7.5000 2256.3943   25.8154
   -7.5000  -45.0000   15.0000 2479.4619   20.5321
    0.0000  -45.0000   15.0000 2503.1934   20.0916
    7.5000  -45.0000   15.0000 2499.1614   20.3117
   -7.5000  -37.5000   15.0000 2606.6025   18.9102
    0.0000  -37.5000   15.0000 2621.6748   18.4732
    7.5000  -37.5000   15.0000 2615.2085   18.6676
   -7.5000  -30.0000   15.0000 2718.2310   17.7784
    0.0000  -30.0000   15.0000 2732.0664   17.3714
    7.5000  -30.0000   15.0000 2720.7190   17.4588
   -7.5000  -22.5000   15.0000 2815.2441   16.9441
    0.0000  -22.5000   15.0000 2845.6982   16.6445
    7.5000  -22.5000   15.0000 2822.7117   16.6691
   -7.5000  -15.0000   15.0000 2878.6333   16.1640
    0.0000  -15.0000   15.0000 2926.1045   16.0235
    7.5000  -15.0000   15.0000 2889.0671   16.2626
   -7.5000   -7.5000   15.0000 2922.2327   16.0380
    0.0000   -7.5000   15.0000 2964.1694   15.9201
    7.5000   -7.5000   15.0000 2923.5815   16.1760
   -7.5000    0.0000   15.0000 2900.3745   16.4504
    0.0000    0.0000   15.0000 2933.2505   16.2550
    7.5000    0.0000   15.0000 2893.6257   16.4329
   -7.5000    7.5000   15.0000 2838.9365   17.1318
    0.0000    7.5000   15.0000 2865.3252   16.8707
    7.5000    7.5000   15.0000 2841.0791   16.9648
   -7.5000   15.0000   15.0000 2751.7959   18.1446
    0.0000   15.0000   15.0000 2771.5876   17.8168
    7.5000   15.0000   15.0000 2750.4858   17.8709
   -7.5000   22.5000   15.0000 2652.7332   19.4971
    0.0000   22.5000   15.0000 2666.5076   19.1445
    7.5000   22.5000   15.0000 2645.5244   19.1786
   -7.5000   30.0000   15.0000 2546.6812   21.2364
    0.0000   30.0000   15.0000 2553.9531   20.9278
    7.5000   30.0000   15.0000 2531.8884   20.9818
   -7.5000   37.5000   15.0000 2410.3555   23.4250
    0.0000   37.5000   15.0000 2418.8965   23.1540
    7.5000   37.5000   15.0000 2402.2683   23.2525
   -7.5000   45.0000   15.0000 2243.1868   26.1363
    0.0000   45.0000   15.0000 2256.2844   25.8718
    7.5000   45.0000   15.0000 2246.6323   26.0340
   -7.5000  -45.0000   22.5000 2467.1311   21.1358
    0.0000  -45.0000   22.5000 2486.6514   20.8604
    7.5000  -45.0000   22.5000 2483.2361   21.2069
   -7.5000  -37.5000   22.5000 2593.0962   19.5655
    0.0000  -37.5000   22.5000 2615.8406   19.3618
    7.5000  -37.5000   22.5000 2614.2427   19.6909
   -7.5000  -30.0000   22.5000 2707.2632   18.4893
    0.0000  -30.0000   22.5000 2728.1135   18.2523
    7.5000  -30.0000   22.5000 2727.5352   18.5221
   -7.5000  -22.5000   22.5000 2799.3181   17.5748
    0.0000  -22.5000   22.5000 2830.6440   17.3929
    7.5000  -22.5000   22.5000 2811.4702   17.6619
   -7.5000  -15.0000   22.5000 2854.6228   16.8727
    0.0000  -15.0000   22.5000 2890.5972   16.7925
    7.5000  -15.0000   22.5000 2864.3818   17.1341
   -7.5000   -7.5000   22.5000 2880.2705   16.7054
    0.0000   -7.5000   22.5000 2917.1018   16.6909
    7.5000   -7.5000   22.5000 2886.5542   16.9470
   -7.5000    0.0000   22.5000 2865.1111   17.0344
    0.0000    0.0000   22.5000 2891.8142   16.9665
    7.5000    0.0000   22.5000 2860.0613   17.1745
   -7.5000    7.5000   22.5000 2807.5950   17.7253
    0.0000    7.5000   22.5000 2824.3076   17.5475
    7.5000    7.5000   22.5000 2803.4478   17.7187
   -7.5000   15.0000   22.5000 2725.0100   18.6938
    0.0000   15.0000   22.5000 2733.8206   18.4092
    7.5000   15.0000   22.5000 2717.2197   18.5635
   -7.5000   22.5000   22.5000 2634.5649   19.9986
    0.0000   22.5000   22.5000 2636.6001   19.6883
    7.5000   22.5000   22.5000 2623.0688   19.7849
   -7.5000   30.0000   22.5000 2522.9705   21.6836
    0.0000   30.0000   22.5000 2521.0891   21.3580
    7.5000   30.0000   22.5000 2507.1553   21.4489
   -7.5000   37.5000   22.5000 2381.4382   23.8163
    0.0000   37.5000   22.5000 2382.7805   23.5324
    7.5000   37.5000   22.5000 2372.7344   23.6354
   -7.5000   45.0000   22.5000 2221.3279   26.5191
    0.0000   45.0000   22.5000 2233.6816   26.2793
    7.5000   45.0000   22.5000 2216.4893   26.3902
   -7.5000  -45.0000   30.0000 2442.2849   22.2601
    0.0000  -45.0000   30.0000 2481.4094   22.3003
    7.5000  -45.0000   30.0000 2464.2773   22.6182
   -7.5000  -37.5000   30.0000 2569.6614   20.6731
    0.0000  -37.5000   30.0000 2597.5398   20.6584
    7.5000  -37.5000   30.0000 2583.1521   20.9330
   -7.5000  -30.0000   30.0000 2674.9521   19.4411
    0.0000  -30.0000   30.0000 2697.7209   19.3202
    7.5000  -30.0000   30.0000 2684.0117   19.6002
   -7.5000  -22.5000   30.0000 2762.1746   18.4774
    0.0000  -22.5000   30.0000 2774.6008   18.2897
    7.5000  -22.5000   30.0000 2757.0347   18.6210
   -7.5000  -15.0000   30.0000 2804.6985   17.8253
    0.0000  -15.0000   30.0000 2816.5056   17.6758
    7.5000  -15.0000   30.0000 2798.5271   18.0310
   -7.5000   -7.5000   30.0000 2819.4866   17.6773
    0.0000   -7.5000   30.0000 2834.6338   17.5407
    7.5000   -7.5000   30.0000 2818.5869   17.8434
   -7.5000    0.0000   30.0000 2801.3430   17.8855
    0.0000    0.0000   30.0000 2814.9639   17.7714
    7.5000    0.0000   30.0000 2793.8813   18.0363
   -7.5000    7.5000   30.0000 2747.6650   18.5197
    0.0000    7.5000   30.0000 2761.8530   18.3260
    7.5000    7.5000   30.0000 2745.1099   18.5566
   -7.5000   15.0000   30.0000 2675.5703   19.4732
    0.0000   15.0000   30.0000 2683.0789   19.2349
    7.5000   15.0000   30.0000 2664.5298   19.4404
   -7.5000   22.5000   30.0000 2585.6787   20.7408
    0.0000   22.5000   30.0000 2592.2124   20.5389
    7.5000   22.5000   30.0000 2570.2019   20.6676
   -7.5000   30.0000   30.0000 2468.8301   22.3840
    0.0000   30.0000   30.0000 2476.7043   22.1304
    7.5000   30.0000   30.0000 2455.8638   22.2439
   -7.5000   37.5000   30.0000 2335.1765   24.4640
    0.0000   37.5000   30.0000 2341.8132   24.2337
    7.5000   37.5000   30.0000 2323.0986   24.4272
   -7.5000   45.0000   30.0000 2192.2883   27.1841
    0.0000   45.0000   30.0000 2195.1606   27.0090
    7.5000   45.0000   30.0000 2175.5637   27.2528
   -7.5000  -45.0000   37.5000 2413.4033   23.7648
    0.0000  -45.0000   37.5000 2432.6538   23.5854
    7.5000  -45.0000   37.5000 2414.4668   23.9582
   -7.5000  -37.5000   37.5000 2527.4475   22.0079
    0.0000  -37.5000   37.5000 2543.1470   21.7728
    7.5000  -37.5000   37.5000 2527.2649   22.2123
   -7.5000  -30.0000   37.5000 2623.8369   20.6845
    0.0000  -30.0000   37.5000 2634.6677   20.3638
    7.5000  -30.0000   37.5000 2613.2905   20.8001
   -7.5000  -22.5000   37.5000 2699.3125   19.6564
    0.0000  -22.5000   37.5000 2704.9326   19.3585
    7.5000  -22.5000   37.5000 2684.7964   19.7594
   -7.5000  -15.0000   37.5000 2735.2966   19.0375
    0.0000  -15.0000   37.5000 2735.3135   18.7348
    7.5000  -15.0000   37.5000 2723.9353   19.1625
   -7.5000   -7.5000   37.5000 2745.2695   18.8488
    0.0000   -7.5000   37.5000 2750.7290   18.6151
    7.5000   -7.5000   37.5000 2735.0957   18.9854
   -7.5000    0.0000   37.5000 2722.1814   18.9712
    0.0000    0.0000   37.5000 2728.5337   18.8247
    7.5000    0.0000   37.5000 2710.9973   19.1572
   -7.5000    7.5000   37.5000 2679.6133   19.5336
    0.0000    7.5000   37.5000 2688.5583   19.3464
    7.5000    7.5000   37.5000 2671.5205   19.6582
   -7.5000   15.0000   37.5000 2614.2656   20.4457
    0.0000   15.0000   37.5000 2617.6082   20.2186
    7.5000   15.0000   37.5000 2599.8203   20.5052
   -7.5000   22.5000   37.5000 2528.1541   21.7701
    0.0000   22.5000   37.5000 2530.1995   21.5522
    7.5000   22.5000   37.5000 2510.6479   21.7381
   -7.5000   30.0000   37.5000 2414.4148   23.4425
    0.0000   30.0000   37.5000 2415.8914   23.2360
    7.5000   30.0000   37.5000 2397.2905   23.3776
   -7.5000   37.5000   37.5000 2286.8611   25.4696
    0.0000   37.5000   37.5000 2288.0906   25.3324
    7.5000   37.5000   37.5000 2267.3535   25.5255
   -7.5000   45.0000   37.5000 2146.8245   28.1895
    0.0000   45.0000   37.5000 2147.7063   28.0684
    7.5000   45.0000   37.5000 2134.6382   28.2996
   -7.5000  -45.0000   45.0000 2359.7402   25.3646
    0.0000  -45.0000   45.0000 2371.8188   25.1342
    7.5000  -45.0000   45.0000 2344.1697   25.5467
   -7.5000  -37.5000   45.0000 2464.7996   23.4675
    0.0000  -37.5000   45.0000 2474.9485   23.2006
    7.5000  -37.5000   45.0000 2449.5356   23.6744
   -7.5000  -30.0000   45.0000 2553.8882   22.0695
    0.0000  -30.0000   45.0000 2562.2812   21.7703
    7.5000  -30.0000   45.0000 2534.2925   22.2374
   -7.5000  -22.5000   45.0000 2615.0256   21.0470
    0.0000  -22.5000   45.0000 2618.7639   20.7515
    7.5000  -22.5000   45.0000 2600.0386   21.1823
   -7.5000  -15.0000   45.0000 2640.8677   20.4291
    0.0000  -15.0000   45.0000 2641.5415   20.1249
    7.5000  -15.0000   45.0000 2630.8777   20.5603
   -7.5000   -7.5000   45.0000 2651.7908   20.2549
    0.0000   -7.5000   45.0000 2654.9070   19.9848
    7.5000   -7.5000   45.0000 2639.4319   20.3548
   -7.5000    0.0000   45.0000 2638.0710   20.3271
    0.0000    0.0000   45.0000 2639.8823   20.1618
    7.5000    0.0000   45.0000 2625.3435   20.4765
   -7.5000    7.5000   45.0000 2604.3718   20.7965
    0.0000    7.5000   45.0000 2606.6970   20.6288
    7.5000    7.5000   45.0000 2588.5049   20.9772
   -7.5000   15.0000   45.0000 2539.2827   21.6905
    0.0000   15.0000   45.0000 2538.1729   21.4534
    7.5000   15.0000   45.0000 2523.5007   21.8111
   -7.5000   22.5000   45.0000 2454.7725   22.9563
    0.0000   22.5000   45.0000 2456.9260   22.7224
    7.5000   22.5000   45.0000 2438.1497   23.0126
   -7.5000   30.0000   45.0000 2345.5264   24.7564
    0.0000   30.0000   45.0000 2348.6072   24.5650
    7.5000   30.0000   45.0000 2329.9185   24.7613
   -7.5000   37.5000   45.0000 2222.3782   26.8587
    0.0000   37.5000   45.0000 2225.8921   26.7530
    7.5000   37.5000   45.0000 2209.8320   26.9456
   -7.5000   45.0000   45.0000 2088.3687   29.5427
    0.0000   45.0000   45.0000 2090.1243   29.4988
    7.5000   45.0000   45.0000 2076.1995   29.7176

---------------------------------------------------------------------
imgreg_4dfp /opt/freesurfer/average/711-2C_as_mni_average_305 /opt/freesurfer/average/711-2B_as_mni_average_305_mask talsrcimg_g11 none talsrcimg_to_711-2C_as_mni_average_305_t4 1283
---------------------------------------------------------------------

freesurfer imgreg_4dfp.c
/opt/freesurfer/average/711-2C_as_mni_average_305.4dfp.img
       256       256       256         1
  1.000000  1.000000  1.000000
orientation T byte_order littleendian
Reading image: /opt/freesurfer/average/711-2C_as_mni_average_305.4dfp.img
dimensions:      256       256       256
mmppix:       1.0000   -1.0000   -1.0000
center:     128.0000 -129.0000 -129.0000
/opt/freesurfer/average/711-2B_as_mni_average_305_mask.4dfp.img
       256       256       256         1
  1.000000  1.000000  1.000000
orientation T byte_order littleendian
Reading mask: /opt/freesurfer/average/711-2B_as_mni_average_305_mask.4dfp.img (2306576 pixels)
talsrcimg_g11.4dfp.img
       256       256       256         1
  1.000000  1.000000  1.000000
orientation T byte_order littleendian
Reading image: talsrcimg_g11.4dfp.img
dimensions:      256       256       256
mmppix:       1.0000   -1.0000   -1.0000
center:     128.0000 -129.0000 -129.0000
rotation matrix determinant  1.000000
fimgreg.f
image alignment mode   1283 decimal      503 hex
parameters
    0.0000   -7.5000    7.5000    0.0000    0.0000    0.0000
eta,q 0.92899 15.37402
niter,ni,del,rscale     5    3   12.0000    1.2000
parameter  3 -0.713523 -> -0.500000 qaram    1.1500
parameter  5 -1.704165 -> -0.500000 qaram    1.1500
parameters
   -1.8681   -8.1192   10.9500   -1.9125    3.4500   -2.7683
eta,q 0.93699 15.43327
  0.0735  0.0767  0.0768  0.0731  0.0802  0.0646
  0.0730  0.0729  0.0729  0.0705  0.0775  0.0634
  0.0715  0.0710  0.0724  0.0696  0.0736  0.0630
  0.0697  0.0711  0.0711  0.0712  0.0696  0.0640
  0.0728  0.0724  0.0706  0.0728  0.0659  0.0665
  0.0806  0.0748  0.0704  0.0751  0.0636  0.0700
  0.0870  0.0796  0.0698  0.0767  0.0641  0.0738
niter,ni,del,rscale     6    3   12.0000    1.2000
parameters
   -2.1830   -7.2018   10.6781   -1.1217    4.5417   -2.7532
eta,q 0.93924 15.40326
  0.0778  0.0774  0.0741  0.0733  0.0753  0.0659
  0.0711  0.0724  0.0699  0.0687  0.0718  0.0638
  0.0660  0.0663  0.0637  0.0645  0.0673  0.0619
  0.0630  0.0630  0.0624  0.0624  0.0621  0.0608
  0.0679  0.0627  0.0656  0.0627  0.0609  0.0613
  0.0750  0.0666  0.0722  0.0656  0.0650  0.0633
  0.0790  0.0716  0.0748  0.0689  0.0714  0.0663
niter,ni,del,rscale     5    3   12.0000    1.2000
parameters
   -2.3275   -7.0197   10.7241   -0.7415    4.7963   -2.7522
eta,q 0.93955 15.42177
  0.0783  0.0739  0.0747  0.0718  0.0739  0.0657
  0.0710  0.0682  0.0700  0.0663  0.0704  0.0636
  0.0648  0.0634  0.0632  0.0626  0.0650  0.0616
  0.0608  0.0608  0.0607  0.0607  0.0607  0.0604
  0.0661  0.0622  0.0650  0.0620  0.0618  0.0611
  0.0740  0.0676  0.0708  0.0654  0.0673  0.0631
  0.0782  0.0724  0.0731  0.0689  0.0741  0.0662
niter,ni,del,rscale     4    3   12.0000    1.2000
parameters
   -2.3747   -7.0240   10.7676   -0.6390    4.8884   -2.7617
eta,q 0.93954 15.42632
  0.0786  0.0728  0.0746  0.0709  0.0736  0.0657
  0.0714  0.0677  0.0696  0.0654  0.0701  0.0636
  0.0648  0.0629  0.0631  0.0620  0.0645  0.0616
  0.0604  0.0605  0.0605  0.0605  0.0605  0.0605
  0.0656  0.0623  0.0651  0.0624  0.0622  0.0611
  0.0735  0.0679  0.0705  0.0657  0.0680  0.0631
  0.0777  0.0729  0.0728  0.0696  0.0747  0.0662
niter,ni,del,rscale     3    3   12.0000    1.2000
parameters
   -2.3953   -7.0337   10.7891   -0.6012    4.9252   -2.7659
eta,q 0.93953 15.42811
  0.0787  0.0727  0.0745  0.0707  0.0735  0.0657
  0.0715  0.0677  0.0694  0.0652  0.0700  0.0636
  0.0649  0.0629  0.0630  0.0619  0.0644  0.0616
  0.0605  0.0605  0.0605  0.0605  0.0605  0.0605
  0.0655  0.0622  0.0652  0.0625  0.0623  0.0611
  0.0734  0.0678  0.0705  0.0658  0.0683  0.0631
  0.0776  0.0730  0.0727  0.0697  0.0749  0.0662
registration optimization eta report
parameter search radius
    6.0000    6.0000    6.9000    6.0000    6.9000    6.0000
100000*second partial in parameter space
       44.       33.       25.       26.       27.       15.
  0.0787  0.0727  0.0745  0.0707  0.0735  0.0657
  0.0715  0.0677  0.0694  0.0652  0.0700  0.0636
  0.0649  0.0629  0.0630  0.0619  0.0644  0.0616
  0.0605  0.0605  0.0605  0.0605  0.0605  0.0605
  0.0655  0.0622  0.0652  0.0625  0.0623  0.0611
  0.0734  0.0678  0.0705  0.0658  0.0683  0.0631
  0.0776  0.0730  0.0727  0.0697  0.0749  0.0662
   -2.3953   -7.0337   10.7891   -0.6012    4.9252   -2.7659
eta,q 0.93953 15.42811

---------------------------------------------------------------------
imgreg_4dfp /opt/freesurfer/average/711-2C_as_mni_average_305 /opt/freesurfer/average/711-2B_as_mni_average_305_mask talsrcimg_g11 none talsrcimg_to_711-2C_as_mni_average_305_t4 3335
---------------------------------------------------------------------

freesurfer imgreg_4dfp.c
/opt/freesurfer/average/711-2C_as_mni_average_305.4dfp.img
       256       256       256         1
  1.000000  1.000000  1.000000
orientation T byte_order littleendian
Reading image: /opt/freesurfer/average/711-2C_as_mni_average_305.4dfp.img
dimensions:      256       256       256
mmppix:       1.0000   -1.0000   -1.0000
center:     128.0000 -129.0000 -129.0000
/opt/freesurfer/average/711-2B_as_mni_average_305_mask.4dfp.img
       256       256       256         1
  1.000000  1.000000  1.000000
orientation T byte_order littleendian
Reading mask: /opt/freesurfer/average/711-2B_as_mni_average_305_mask.4dfp.img (2306576 pixels)
talsrcimg_g11.4dfp.img
       256       256       256         1
  1.000000  1.000000  1.000000
orientation T byte_order littleendian
Reading image: talsrcimg_g11.4dfp.img
dimensions:      256       256       256
mmppix:       1.0000   -1.0000   -1.0000
center:     128.0000 -129.0000 -129.0000
fimgreg.f
image alignment mode   3335 decimal      D07 hex
parameters
   -2.3953   -7.0337   10.7891   -0.4853   -0.1263   -0.3747
    4.9152   -8.5244   -4.8077    1.4624    8.5855   -1.0455
eta,q 0.93618 15.52895
niter,ni,del,rscale     5    3    5.0000    1.2000
parameter  4  0.968241 ->  0.500000 qaram    1.1500
parameter  5 29.269693 ->  0.500000 qaram    1.1500
parameter  6  4.609689 ->  0.500000 qaram    1.1500
parameter  7  1.073143 ->  0.500000 qaram    1.1500
parameter  8  0.749983 ->  0.500000 qaram    1.1500
parameter 11  0.796860 ->  0.500000 qaram    1.1500
parameters
   -2.2901   -6.9595   10.1355   -4.6253   -4.2663   -4.5147
    0.7752  -12.6644   -5.4965    0.3668    4.4455   -3.0170
eta,q 0.95644 15.26582
  0.0671  0.0657  0.0646  0.0601  0.0527  0.0451  0.0484  0.0475  0.0467  0.0480  0.0440  0.0444
  0.0653  0.0649  0.0640  0.0608  0.0557  0.0488  0.0485  0.0455  0.0460  0.0465  0.0436  0.0438
  0.0642  0.0642  0.0637  0.0617  0.0584  0.0525  0.0490  0.0464  0.0456  0.0456  0.0441  0.0436
  0.0638  0.0638  0.0638  0.0637  0.0610  0.0565  0.0498  0.0486  0.0455  0.0455  0.0455  0.0436
  0.0641  0.0640  0.0643  0.0668  0.0641  0.0609  0.0510  0.0512  0.0457  0.0462  0.0476  0.0441
  0.0651  0.0646  0.0651  0.0708  0.0671  0.0656  0.0524  0.0539  0.0463  0.0478  0.0501  0.0450
  0.0665  0.0656  0.0662  0.0752  0.0699  0.0707  0.0540  0.0564  0.0473  0.0506  0.0528  0.0465
niter,ni,del,rscale     7    3    5.0000    1.2000
parameter  2  1.839774 ->  0.500000 qaram    1.1500
parameter  4  0.654535 ->  0.500000 qaram    1.3225
parameter  5  4.167158 ->  0.500000 qaram    1.3225
parameters
   -2.5595   -8.3395    9.2980   -9.3863   -9.0273   -8.1686
    1.1433  -10.7568   -5.4829    0.8461    1.7832   -3.8201
eta,q 0.96964 15.17993
  0.0469  0.0400  0.0420  0.0390  0.0286  0.0327  0.0344  0.0405  0.0329  0.0349  0.0310  0.0314
  0.0449  0.0407  0.0409  0.0384  0.0307  0.0317  0.0326  0.0353  0.0316  0.0325  0.0306  0.0308
  0.0438  0.0419  0.0405  0.0387  0.0342  0.0306  0.0313  0.0323  0.0307  0.0310  0.0304  0.0304
  0.0436  0.0435  0.0410  0.0405  0.0384  0.0316  0.0309  0.0309  0.0305  0.0305  0.0305  0.0304
  0.0444  0.0454  0.0421  0.0447  0.0425  0.0357  0.0312  0.0305  0.0308  0.0309  0.0310  0.0307
  0.0462  0.0475  0.0439  0.0500  0.0468  0.0431  0.0322  0.0315  0.0316  0.0320  0.0319  0.0312
  0.0487  0.0497  0.0460  0.0555  0.0507  0.0513  0.0338  0.0342  0.0328  0.0337  0.0336  0.0319
niter,ni,del,rscale     7    3    5.0000    1.2000
parameter  2  0.618405 ->  0.500000 qaram    1.3225
parameter  3  0.980282 ->  0.500000 qaram    1.1500
parameter  5  0.528969 ->  0.500000 qaram    1.5209
parameters
   -1.7297   -9.9265    7.9180   -8.5485  -14.5025   -9.4489
    1.7775   -9.6950   -5.5221   -0.3629    1.9126   -3.0299
eta,q 0.97495 14.99128
  0.0353  0.0292  0.0266  0.0336  0.0264  0.0289  0.0299  0.0347  0.0277  0.0275  0.0266  0.0264
  0.0331  0.0284  0.0267  0.0308  0.0249  0.0275  0.0276  0.0294  0.0264  0.0259  0.0259  0.0257
  0.0314  0.0287  0.0273  0.0284  0.0247  0.0262  0.0260  0.0263  0.0255  0.0251  0.0254  0.0253
  0.0304  0.0300  0.0284  0.0268  0.0265  0.0247  0.0253  0.0253  0.0252  0.0252  0.0251  0.0251
  0.0300  0.0322  0.0299  0.0263  0.0302  0.0251  0.0256  0.0255  0.0255  0.0260  0.0251  0.0251
  0.0303  0.0352  0.0318  0.0282  0.0357  0.0287  0.0268  0.0272  0.0264  0.0275  0.0256  0.0254
  0.0313  0.0387  0.0340  0.0326  0.0413  0.0356  0.0287  0.0305  0.0278  0.0296  0.0267  0.0259
niter,ni,del,rscale     7    3    5.0000    1.2000
parameters
   -1.5013   -9.4238    6.6940   -7.3627  -15.2692  -10.8809
    1.7717   -9.4278   -5.6060    0.2315    1.6166   -4.1502
eta,q 0.97558 14.88987
  0.0290  0.0320  0.0252  0.0315  0.0302  0.0278  0.0286  0.0331  0.0269  0.0281  0.0261  0.0252
  0.0270  0.0287  0.0244  0.0286  0.0274  0.0263  0.0265  0.0281  0.0256  0.0261  0.0252  0.0247
  0.0257  0.0263  0.0244  0.0262  0.0250  0.0250  0.0250  0.0252  0.0248  0.0248  0.0247  0.0245
  0.0251  0.0250  0.0249  0.0243  0.0239  0.0240  0.0244  0.0244  0.0244  0.0244  0.0244  0.0245
  0.0252  0.0250  0.0257  0.0236  0.0248  0.0246  0.0250  0.0252  0.0247  0.0247  0.0246  0.0247
  0.0261  0.0263  0.0270  0.0254  0.0281  0.0280  0.0265  0.0276  0.0257  0.0255  0.0252  0.0251
  0.0278  0.0287  0.0287  0.0296  0.0332  0.0345  0.0286  0.0318  0.0271  0.0269  0.0265  0.0258
niter,ni,del,rscale     6    3    5.0000    1.2000
parameters
   -1.4204   -9.1552    6.2889   -6.7511  -15.3838  -11.6073
    1.9326   -9.2373   -5.5477    0.8931    1.4249   -4.4667
eta,q 0.97561 14.86697
  0.0282  0.0303  0.0260  0.0309  0.0307  0.0282  0.0287  0.0329  0.0268  0.0278  0.0262  0.0254
  0.0262  0.0273  0.0248  0.0282  0.0280  0.0266  0.0265  0.0281  0.0256  0.0258  0.0252  0.0248
  0.0250  0.0253  0.0243  0.0259  0.0255  0.0253  0.0250  0.0251  0.0247  0.0247  0.0246  0.0245
  0.0244  0.0244  0.0244  0.0243  0.0241  0.0241  0.0244  0.0244  0.0244  0.0244  0.0244  0.0244
  0.0247  0.0247  0.0249  0.0239  0.0246  0.0240  0.0249  0.0252  0.0246  0.0246  0.0245  0.0246
  0.0258  0.0262  0.0259  0.0262  0.0273  0.0266  0.0263  0.0277  0.0255  0.0253  0.0252  0.0249
  0.0278  0.0286  0.0271  0.0303  0.0319  0.0320  0.0284  0.0320  0.0268  0.0265  0.0265  0.0255
niter,ni,del,rscale     5    3    5.0000    1.2000
parameters
   -1.4385   -8.9991    6.0739   -6.5096  -15.4569  -12.0025
    2.0198   -9.1559   -5.4879    1.2658    1.3193   -4.5421
eta,q 0.97553 14.85094
  0.0280  0.0297  0.0263  0.0306  0.0308  0.0285  0.0287  0.0327  0.0268  0.0273  0.0263  0.0255
  0.0261  0.0269  0.0251  0.0280  0.0281  0.0269  0.0265  0.0280  0.0256  0.0256  0.0253  0.0249
  0.0249  0.0251  0.0244  0.0258  0.0257  0.0256  0.0250  0.0251  0.0248  0.0246  0.0247  0.0246
  0.0244  0.0244  0.0244  0.0243  0.0243  0.0243  0.0244  0.0244  0.0244  0.0244  0.0245  0.0245
  0.0248  0.0248  0.0248  0.0242  0.0247  0.0240  0.0250  0.0254  0.0247  0.0247  0.0246  0.0246
  0.0260  0.0263  0.0257  0.0268  0.0274  0.0262  0.0264  0.0280  0.0255  0.0254  0.0253  0.0250
  0.0282  0.0287  0.0268  0.0309  0.0318  0.0311  0.0285  0.0322  0.0268  0.0266  0.0266  0.0255
niter,ni,del,rscale     4    3    5.0000    1.2000
parameters
   -1.4559   -8.8947    5.9427   -6.4023  -15.5431  -12.2469
    2.0523   -9.1192   -5.4334    1.5059    1.2839   -4.5645
eta,q 0.97545 14.83746
  0.0281  0.0295  0.0265  0.0306  0.0308  0.0287  0.0287  0.0327  0.0268  0.0272  0.0265  0.0256
  0.0261  0.0268  0.0253  0.0280  0.0282  0.0270  0.0266  0.0280  0.0257  0.0255  0.0254  0.0250
  0.0249  0.0251  0.0246  0.0259  0.0258  0.0257  0.0251  0.0252  0.0249  0.0247  0.0248  0.0247
  0.0245  0.0245  0.0245  0.0245  0.0244  0.0244  0.0245  0.0245  0.0245  0.0245  0.0246  0.0246
  0.0249  0.0249  0.0249  0.0244  0.0249  0.0240  0.0251  0.0255  0.0248  0.0248  0.0247  0.0247
  0.0261  0.0264  0.0257  0.0271  0.0275  0.0262  0.0266  0.0281  0.0256  0.0255  0.0253  0.0250
  0.0283  0.0288  0.0268  0.0312  0.0319  0.0308  0.0286  0.0323  0.0268  0.0267  0.0266  0.0256
niter,ni,del,rscale     3    3    5.0000    1.2000
parameters
   -1.4636   -8.8145    5.8552   -6.3345  -15.6318  -12.4090
    2.0630   -9.0975   -5.4094    1.6810    1.2729   -4.5582
eta,q 0.97538 14.82664
  0.0282  0.0294  0.0267  0.0306  0.0308  0.0287  0.0287  0.0327  0.0268  0.0271  0.0265  0.0257
  0.0262  0.0268  0.0254  0.0280  0.0282  0.0271  0.0266  0.0280  0.0257  0.0255  0.0255  0.0251
  0.0250  0.0251  0.0247  0.0260  0.0259  0.0258  0.0252  0.0252  0.0249  0.0247  0.0249  0.0247
  0.0246  0.0246  0.0246  0.0245  0.0245  0.0245  0.0246  0.0246  0.0246  0.0246  0.0246  0.0246
  0.0249  0.0250  0.0249  0.0246  0.0250  0.0241  0.0252  0.0256  0.0249  0.0249  0.0248  0.0248
  0.0262  0.0265  0.0257  0.0272  0.0276  0.0261  0.0266  0.0281  0.0256  0.0255  0.0254  0.0251
  0.0283  0.0289  0.0268  0.0313  0.0319  0.0307  0.0287  0.0323  0.0268  0.0267  0.0267  0.0256
niter,ni,del,rscale     2    3    5.0000    1.2000
parameters
   -1.4668   -8.7508    5.7941   -6.2922  -15.7097  -12.5316
    2.0655   -9.0814   -5.3962    1.8229    1.2781   -4.5456
eta,q 0.97533 14.81778
  0.0282  0.0293  0.0268  0.0306  0.0308  0.0288  0.0288  0.0327  0.0269  0.0270  0.0266  0.0257
  0.0263  0.0268  0.0255  0.0281  0.0283  0.0272  0.0267  0.0280  0.0257  0.0255  0.0256  0.0251
  0.0251  0.0252  0.0248  0.0260  0.0260  0.0259  0.0252  0.0253  0.0250  0.0248  0.0249  0.0248
  0.0246  0.0246  0.0246  0.0246  0.0246  0.0246  0.0247  0.0247  0.0247  0.0247  0.0247  0.0247
  0.0250  0.0251  0.0250  0.0247  0.0250  0.0241  0.0252  0.0256  0.0249  0.0249  0.0248  0.0248
  0.0262  0.0266  0.0257  0.0273  0.0276  0.0261  0.0267  0.0282  0.0257  0.0255  0.0254  0.0252
  0.0284  0.0289  0.0268  0.0314  0.0319  0.0306  0.0288  0.0324  0.0269  0.0267  0.0267  0.0257
niter,ni,del,rscale     1    3    5.0000    1.2000
parameters
   -1.4686   -8.6973    5.7445   -6.2633  -15.7788  -12.6322
    2.0665   -9.0732   -5.3889    1.9429    1.2892   -4.5380
eta,q 0.97528 14.81009
  0.0283  0.0293  0.0268  0.0306  0.0308  0.0288  0.0288  0.0327  0.0269  0.0270  0.0266  0.0258
  0.0264  0.0268  0.0255  0.0281  0.0283  0.0272  0.0267  0.0280  0.0258  0.0255  0.0256  0.0252
  0.0251  0.0252  0.0248  0.0261  0.0260  0.0260  0.0253  0.0253  0.0250  0.0248  0.0250  0.0248
  0.0247  0.0247  0.0247  0.0247  0.0247  0.0247  0.0247  0.0247  0.0247  0.0247  0.0247  0.0247
  0.0250  0.0252  0.0250  0.0247  0.0251  0.0241  0.0253  0.0257  0.0250  0.0250  0.0249  0.0249
  0.0263  0.0266  0.0258  0.0273  0.0276  0.0261  0.0267  0.0282  0.0257  0.0256  0.0255  0.0252
  0.0284  0.0290  0.0268  0.0315  0.0319  0.0305  0.0288  0.0324  0.0269  0.0267  0.0267  0.0257
registration optimization eta report
parameter search radius
    2.4000    3.1740    2.7600    9.5220   10.9503    8.2800
    8.2800    8.2800    7.2000    7.2000    8.2800    7.2000
100000*second partial in parameter space
       64.       44.       28.        7.        5.        7.
        6.       11.        4.        4.        3.        2.
  0.0283  0.0293  0.0268  0.0306  0.0308  0.0288  0.0288  0.0327  0.0269  0.0270  0.0266  0.0258
  0.0264  0.0268  0.0255  0.0281  0.0283  0.0272  0.0267  0.0280  0.0258  0.0255  0.0256  0.0252
  0.0251  0.0252  0.0248  0.0261  0.0260  0.0260  0.0253  0.0253  0.0250  0.0248  0.0250  0.0248
  0.0247  0.0247  0.0247  0.0247  0.0247  0.0247  0.0247  0.0247  0.0247  0.0247  0.0247  0.0247
  0.0250  0.0252  0.0250  0.0247  0.0251  0.0241  0.0253  0.0257  0.0250  0.0250  0.0249  0.0249
  0.0263  0.0266  0.0258  0.0273  0.0276  0.0261  0.0267  0.0282  0.0257  0.0256  0.0255  0.0252
  0.0284  0.0290  0.0268  0.0315  0.0319  0.0305  0.0288  0.0324  0.0269  0.0267  0.0267  0.0257
   -1.4686   -8.6973    5.7445   -6.2633  -15.7788  -12.6322
    2.0665   -9.0732   -5.3889    1.9429    1.2892   -4.5380
eta,q 0.97528 14.81009

---------------------------------------------------------------------
imgreg_4dfp /opt/freesurfer/average/711-2C_as_mni_average_305 /opt/freesurfer/average/711-2B_as_mni_average_305_mask talsrcimg_g11 none talsrcimg_to_711-2C_as_mni_average_305_t4 2311
---------------------------------------------------------------------

freesurfer imgreg_4dfp.c
/opt/freesurfer/average/711-2C_as_mni_average_305.4dfp.img
       256       256       256         1
  1.000000  1.000000  1.000000
orientation T byte_order littleendian
Reading image: /opt/freesurfer/average/711-2C_as_mni_average_305.4dfp.img
dimensions:      256       256       256
mmppix:       1.0000   -1.0000   -1.0000
center:     128.0000 -129.0000 -129.0000
/opt/freesurfer/average/711-2B_as_mni_average_305_mask.4dfp.img
       256       256       256         1
  1.000000  1.000000  1.000000
orientation T byte_order littleendian
Reading mask: /opt/freesurfer/average/711-2B_as_mni_average_305_mask.4dfp.img (2306576 pixels)
talsrcimg_g11.4dfp.img
       256       256       256         1
  1.000000  1.000000  1.000000
orientation T byte_order littleendian
Reading image: talsrcimg_g11.4dfp.img
dimensions:      256       256       256
mmppix:       1.0000   -1.0000   -1.0000
center:     128.0000 -129.0000 -129.0000
fimgreg.f
image alignment mode   2311 decimal      907 hex
parameters
   -1.4686   -8.6973    5.7445   -6.2633  -15.7788  -12.6322
    2.0665   -9.0732   -5.3889    1.9429    1.2892   -4.5380
eta,q 0.97528 14.81009
niter,ni,del,rscale     5    3    5.0000    0.8000
parameters
   -1.4378   -8.6653    5.5901   -5.2739  -15.0908  -11.7030
    2.1372   -9.2102   -5.4083    2.0070    0.8832   -5.1112
eta,q 0.97588 14.90326
  0.0264  0.0259  0.0253  0.0271  0.0264  0.0266  0.0259  0.0276  0.0252  0.0252  0.0249  0.0246
  0.0255  0.0253  0.0249  0.0261  0.0255  0.0259  0.0249  0.0256  0.0246  0.0246  0.0244  0.0243
  0.0249  0.0249  0.0247  0.0253  0.0248  0.0252  0.0244  0.0244  0.0243  0.0242  0.0242  0.0242
  0.0247  0.0247  0.0247  0.0247  0.0245  0.0244  0.0241  0.0241  0.0241  0.0241  0.0241  0.0241
  0.0249  0.0248  0.0249  0.0244  0.0245  0.0240  0.0243  0.0247  0.0243  0.0242  0.0243  0.0242
  0.0254  0.0252  0.0252  0.0248  0.0248  0.0244  0.0249  0.0260  0.0246  0.0245  0.0247  0.0245
  0.0263  0.0258  0.0256  0.0259  0.0256  0.0258  0.0258  0.0279  0.0252  0.0252  0.0253  0.0248
niter,ni,del,rscale     4    3    5.0000    0.7000
parameters
   -1.5027   -8.9212    5.9223   -5.4150  -14.6866  -10.9125
    2.2729   -9.3255   -5.2735    1.4494    0.5656   -5.3225
eta,q 0.97621 14.95595
  0.0255  0.0247  0.0252  0.0257  0.0256  0.0261  0.0253  0.0267  0.0248  0.0245  0.0244  0.0242
  0.0247  0.0243  0.0246  0.0250  0.0249  0.0254  0.0245  0.0250  0.0243  0.0240  0.0240  0.0240
  0.0243  0.0241  0.0243  0.0244  0.0243  0.0247  0.0240  0.0240  0.0239  0.0238  0.0238  0.0238
  0.0241  0.0241  0.0241  0.0241  0.0241  0.0240  0.0238  0.0238  0.0238  0.0238  0.0238  0.0238
  0.0243  0.0243  0.0241  0.0242  0.0241  0.0238  0.0240  0.0243  0.0239  0.0240  0.0239  0.0239
  0.0249  0.0248  0.0242  0.0249  0.0245  0.0241  0.0244  0.0253  0.0242  0.0244  0.0242  0.0240
  0.0258  0.0254  0.0245  0.0262  0.0252  0.0253  0.0251  0.0269  0.0247  0.0250  0.0247  0.0243
niter,ni,del,rscale     3    3    5.0000    0.6000
parameters
   -1.5373   -9.1730    6.1785   -5.4777  -14.4736  -10.2344
    2.2782   -9.4030   -5.1309    0.9956    0.3624   -5.4182
eta,q 0.97644 14.99461
  0.0249  0.0242  0.0246  0.0250  0.0249  0.0255  0.0246  0.0258  0.0243  0.0242  0.0241  0.0239
  0.0243  0.0239  0.0241  0.0244  0.0243  0.0248  0.0240  0.0245  0.0239  0.0238  0.0238  0.0237
  0.0239  0.0238  0.0239  0.0240  0.0239  0.0242  0.0237  0.0238  0.0237  0.0236  0.0236  0.0236
  0.0238  0.0238  0.0238  0.0237  0.0237  0.0237  0.0236  0.0236  0.0236  0.0236  0.0236  0.0236
  0.0239  0.0240  0.0237  0.0238  0.0238  0.0235  0.0237  0.0239  0.0236  0.0237  0.0236  0.0236
  0.0243  0.0243  0.0239  0.0243  0.0241  0.0238  0.0240  0.0247  0.0239  0.0241  0.0239  0.0237
  0.0250  0.0248  0.0241  0.0253  0.0247  0.0248  0.0246  0.0260  0.0242  0.0246  0.0242  0.0239
niter,ni,del,rscale     2    3    5.0000    0.5000
parameters
   -1.5550   -9.3084    6.4175   -5.5163  -14.4552   -9.6609
    2.2462   -9.4702   -5.0311    0.7041    0.2614   -5.5579
eta,q 0.97659 15.01984
  0.0243  0.0240  0.0241  0.0245  0.0243  0.0249  0.0241  0.0250  0.0240  0.0239  0.0238  0.0237
  0.0239  0.0237  0.0238  0.0240  0.0239  0.0244  0.0237  0.0241  0.0237  0.0236  0.0236  0.0235
  0.0236  0.0236  0.0236  0.0237  0.0236  0.0239  0.0235  0.0236  0.0235  0.0234  0.0234  0.0234
  0.0236  0.0236  0.0235  0.0235  0.0235  0.0235  0.0234  0.0234  0.0234  0.0234  0.0234  0.0234
  0.0237  0.0237  0.0235  0.0236  0.0236  0.0234  0.0235  0.0237  0.0235  0.0235  0.0235  0.0235
  0.0239  0.0239  0.0236  0.0240  0.0238  0.0236  0.0238  0.0242  0.0236  0.0238  0.0236  0.0236
  0.0244  0.0243  0.0237  0.0247  0.0243  0.0243  0.0242  0.0251  0.0239  0.0242  0.0239  0.0237
niter,ni,del,rscale     1    3    5.0000    0.4000
parameters
   -1.5673   -9.3683    6.6275   -5.5053  -14.5343   -9.1783
    2.2355   -9.5352   -4.9948    0.5134    0.2187   -5.6854
eta,q 0.97668 15.03736
  0.0239  0.0237  0.0238  0.0241  0.0238  0.0244  0.0238  0.0244  0.0237  0.0237  0.0236  0.0235
  0.0237  0.0235  0.0236  0.0238  0.0236  0.0240  0.0235  0.0238  0.0235  0.0235  0.0234  0.0234
  0.0235  0.0234  0.0235  0.0235  0.0234  0.0236  0.0234  0.0234  0.0234  0.0233  0.0233  0.0233
  0.0234  0.0234  0.0234  0.0234  0.0234  0.0234  0.0233  0.0233  0.0233  0.0233  0.0233  0.0233
  0.0235  0.0235  0.0234  0.0234  0.0235  0.0233  0.0234  0.0235  0.0234  0.0234  0.0234  0.0233
  0.0237  0.0236  0.0234  0.0237  0.0236  0.0234  0.0235  0.0239  0.0235  0.0236  0.0234  0.0234
  0.0240  0.0238  0.0235  0.0241  0.0239  0.0239  0.0238  0.0245  0.0237  0.0238  0.0236  0.0235
registration optimization eta report
parameter search radius
    0.8000    0.8000    0.8000    2.4000    2.4000    2.4000
    2.4000    2.4000    2.4000    2.4000    2.4000    2.4000
100000*second partial in parameter space
       84.       59.       41.       12.        8.       13.
        8.       19.        6.        8.        5.        3.
  0.0239  0.0237  0.0238  0.0241  0.0238  0.0244  0.0238  0.0244  0.0237  0.0237  0.0236  0.0235
  0.0237  0.0235  0.0236  0.0238  0.0236  0.0240  0.0235  0.0238  0.0235  0.0235  0.0234  0.0234
  0.0235  0.0234  0.0235  0.0235  0.0234  0.0236  0.0234  0.0234  0.0234  0.0233  0.0233  0.0233
  0.0234  0.0234  0.0234  0.0234  0.0234  0.0234  0.0233  0.0233  0.0233  0.0233  0.0233  0.0233
  0.0235  0.0235  0.0234  0.0234  0.0235  0.0233  0.0234  0.0235  0.0234  0.0234  0.0234  0.0233
  0.0237  0.0236  0.0234  0.0237  0.0236  0.0234  0.0235  0.0239  0.0235  0.0236  0.0234  0.0234
  0.0240  0.0238  0.0235  0.0241  0.0239  0.0239  0.0238  0.0245  0.0237  0.0238  0.0236  0.0235
   -1.5673   -9.3683    6.6275   -5.5053  -14.5343   -9.1783
    2.2355   -9.5352   -4.9948    0.5134    0.2187   -5.6854
eta,q 0.97668 15.03736

---------------------------------------------------------------------
imgreg_4dfp /opt/freesurfer/average/711-2C_as_mni_average_305 /opt/freesurfer/average/711-2B_as_mni_average_305_mask talsrcimg_g11 none talsrcimg_to_711-2C_as_mni_average_305_t4 2311
---------------------------------------------------------------------

freesurfer imgreg_4dfp.c
/opt/freesurfer/average/711-2C_as_mni_average_305.4dfp.img
       256       256       256         1
  1.000000  1.000000  1.000000
orientation T byte_order littleendian
Reading image: /opt/freesurfer/average/711-2C_as_mni_average_305.4dfp.img
dimensions:      256       256       256
mmppix:       1.0000   -1.0000   -1.0000
center:     128.0000 -129.0000 -129.0000
/opt/freesurfer/average/711-2B_as_mni_average_305_mask.4dfp.img
       256       256       256         1
  1.000000  1.000000  1.000000
orientation T byte_order littleendian
Reading mask: /opt/freesurfer/average/711-2B_as_mni_average_305_mask.4dfp.img (2306576 pixels)
talsrcimg_g11.4dfp.img
       256       256       256         1
  1.000000  1.000000  1.000000
orientation T byte_order littleendian
Reading image: talsrcimg_g11.4dfp.img
dimensions:      256       256       256
mmppix:       1.0000   -1.0000   -1.0000
center:     128.0000 -129.0000 -129.0000
fimgreg.f
image alignment mode   2311 decimal      907 hex
parameters
   -1.5673   -9.3683    6.6275   -5.5053  -14.5343   -9.1783
    2.2355   -9.5352   -4.9948    0.5134    0.2187   -5.6854
eta,q 0.97668 15.03735
niter,ni,del,rscale     5    3    5.0000    0.8000
parameters
   -1.6131   -9.3775    6.9090   -5.9297  -14.6276   -9.3923
    2.1547   -9.4775   -5.0669    0.5974    0.2480   -5.2706
eta,q 0.97659 15.03626
  0.0253  0.0248  0.0248  0.0253  0.0251  0.0256  0.0251  0.0274  0.0247  0.0251  0.0243  0.0241
  0.0242  0.0240  0.0240  0.0244  0.0242  0.0248  0.0242  0.0250  0.0240  0.0242  0.0238  0.0238
  0.0236  0.0235  0.0235  0.0237  0.0236  0.0240  0.0236  0.0237  0.0236  0.0236  0.0235  0.0235
  0.0233  0.0233  0.0233  0.0233  0.0234  0.0234  0.0234  0.0234  0.0234  0.0234  0.0234  0.0234
  0.0236  0.0235  0.0233  0.0236  0.0236  0.0234  0.0236  0.0239  0.0236  0.0236  0.0235  0.0235
  0.0243  0.0240  0.0236  0.0247  0.0242  0.0245  0.0243  0.0251  0.0240  0.0241  0.0238  0.0236
  0.0256  0.0248  0.0240  0.0265  0.0253  0.0267  0.0252  0.0270  0.0248  0.0250  0.0243  0.0239
niter,ni,del,rscale     4    3    5.0000    0.7000
parameters
   -1.5646   -9.3743    6.7360   -5.8676  -14.5478   -9.4884
    2.1445   -9.4455   -5.0630    0.5481    0.2655   -5.3281
eta,q 0.97660 15.02810
  0.0250  0.0246  0.0240  0.0252  0.0248  0.0253  0.0248  0.0265  0.0244  0.0247  0.0241  0.0239
  0.0242  0.0239  0.0236  0.0244  0.0241  0.0246  0.0240  0.0247  0.0239  0.0239  0.0237  0.0236
  0.0236  0.0235  0.0234  0.0238  0.0236  0.0238  0.0236  0.0237  0.0235  0.0235  0.0235  0.0234
  0.0234  0.0234  0.0234  0.0234  0.0234  0.0234  0.0234  0.0234  0.0234  0.0234  0.0234  0.0234
  0.0235  0.0236  0.0236  0.0234  0.0235  0.0234  0.0236  0.0238  0.0235  0.0236  0.0235  0.0235
  0.0240  0.0239  0.0239  0.0241  0.0240  0.0242  0.0240  0.0248  0.0239  0.0240  0.0237  0.0236
  0.0249  0.0246  0.0243  0.0254  0.0248  0.0260  0.0248  0.0263  0.0244  0.0247  0.0241  0.0239
niter,ni,del,rscale     3    3    5.0000    0.6000
parameters
   -1.5416   -9.3805    6.6885   -5.7643  -14.5372   -9.3933
    2.1504   -9.4691   -5.0539    0.5191    0.2728   -5.4410
eta,q 0.97663 15.03009
  0.0246  0.0242  0.0239  0.0248  0.0244  0.0250  0.0244  0.0257  0.0241  0.0243  0.0239  0.0237
  0.0240  0.0238  0.0236  0.0242  0.0239  0.0243  0.0238  0.0243  0.0237  0.0238  0.0236  0.0235
  0.0236  0.0235  0.0234  0.0237  0.0235  0.0238  0.0235  0.0236  0.0235  0.0235  0.0234  0.0234
  0.0234  0.0234  0.0234  0.0234  0.0234  0.0234  0.0234  0.0234  0.0234  0.0234  0.0234  0.0234
  0.0235  0.0235  0.0235  0.0234  0.0235  0.0233  0.0235  0.0237  0.0234  0.0235  0.0234  0.0234
  0.0239  0.0238  0.0237  0.0239  0.0238  0.0239  0.0238  0.0244  0.0237  0.0238  0.0236  0.0235
  0.0245  0.0243  0.0240  0.0248  0.0244  0.0251  0.0244  0.0257  0.0241  0.0243  0.0239  0.0238
niter,ni,del,rscale     2    3    5.0000    0.5000
parameters
   -1.5432   -9.3891    6.7283   -5.6601  -14.5626   -9.1775
    2.1822   -9.5206   -5.0452    0.4724    0.2771   -5.5873
eta,q 0.97669 15.03789
  0.0242  0.0240  0.0238  0.0244  0.0241  0.0246  0.0241  0.0249  0.0239  0.0240  0.0237  0.0236
  0.0237  0.0236  0.0235  0.0239  0.0237  0.0241  0.0237  0.0240  0.0236  0.0236  0.0235  0.0234
  0.0235  0.0234  0.0234  0.0236  0.0234  0.0236  0.0234  0.0235  0.0234  0.0234  0.0234  0.0233
  0.0234  0.0234  0.0234  0.0234  0.0234  0.0234  0.0233  0.0233  0.0233  0.0233  0.0233  0.0233
  0.0234  0.0234  0.0234  0.0234  0.0234  0.0233  0.0234  0.0235  0.0234  0.0234  0.0234  0.0234
  0.0237  0.0236  0.0235  0.0237  0.0237  0.0236  0.0236  0.0241  0.0236  0.0236  0.0235  0.0235
  0.0242  0.0240  0.0237  0.0244  0.0241  0.0245  0.0240  0.0250  0.0239  0.0240  0.0237  0.0236
niter,ni,del,rscale     1    3    5.0000    0.4000
parameters
   -1.5620   -9.3979    6.8281   -5.5638  -14.6280   -8.8721
    2.2104   -9.5883   -5.0341    0.3983    0.2708   -5.7341
eta,q 0.97674 15.04810
  0.0238  0.0237  0.0236  0.0240  0.0237  0.0242  0.0238  0.0243  0.0236  0.0237  0.0235  0.0234
  0.0235  0.0235  0.0235  0.0237  0.0235  0.0238  0.0235  0.0237  0.0234  0.0235  0.0234  0.0233
  0.0234  0.0234  0.0234  0.0234  0.0234  0.0235  0.0233  0.0234  0.0233  0.0233  0.0233  0.0233
  0.0233  0.0233  0.0233  0.0233  0.0233  0.0233  0.0233  0.0233  0.0233  0.0233  0.0233  0.0233
  0.0234  0.0234  0.0233  0.0233  0.0234  0.0232  0.0233  0.0234  0.0233  0.0233  0.0233  0.0233
  0.0236  0.0235  0.0234  0.0236  0.0235  0.0234  0.0235  0.0238  0.0234  0.0235  0.0234  0.0234
  0.0239  0.0237  0.0235  0.0240  0.0238  0.0239  0.0237  0.0244  0.0236  0.0237  0.0235  0.0235
registration optimization eta report
parameter search radius
    0.8000    0.8000    0.8000    2.4000    2.4000    2.4000
    2.4000    2.4000    2.4000    2.4000    2.4000    2.4000
100000*second partial in parameter space
       83.       59.       40.       12.        8.       14.
        8.       19.        6.        8.        5.        3.
  0.0238  0.0237  0.0236  0.0240  0.0237  0.0242  0.0238  0.0243  0.0236  0.0237  0.0235  0.0234
  0.0235  0.0235  0.0235  0.0237  0.0235  0.0238  0.0235  0.0237  0.0234  0.0235  0.0234  0.0233
  0.0234  0.0234  0.0234  0.0234  0.0234  0.0235  0.0233  0.0234  0.0233  0.0233  0.0233  0.0233
  0.0233  0.0233  0.0233  0.0233  0.0233  0.0233  0.0233  0.0233  0.0233  0.0233  0.0233  0.0233
  0.0234  0.0234  0.0233  0.0233  0.0234  0.0232  0.0233  0.0234  0.0233  0.0233  0.0233  0.0233
  0.0236  0.0235  0.0234  0.0236  0.0235  0.0234  0.0235  0.0238  0.0234  0.0235  0.0234  0.0234
  0.0239  0.0237  0.0235  0.0240  0.0238  0.0239  0.0237  0.0244  0.0236  0.0237  0.0235  0.0235
   -1.5620   -9.3979    6.8281   -5.5638  -14.6280   -8.8721
    2.2104   -9.5883   -5.0341    0.3983    0.2708   -5.7341
eta,q 0.97674 15.04810

---------------------------------------------------------------------
compute_vox2vox talsrcimg talsrcimg_to_711-2C_as_mni_average_305_t4 /opt/freesurfer/average/711-2C_as_mni_average_305
---------------------------------------------------------------------

freesurfer compute_vox2vox.c
Reading: talsrcimg.4dfp.ifh
Reading: talsrcimg_to_711-2C_as_mni_average_305_t4
Reading: /opt/freesurfer/average/711-2C_as_mni_average_305.4dfp.ifh
Writing: talsrcimg_to_711-2C_as_mni_average_305_t4_vox2vox.txt

start time Thu Mar 12 13:09:35 CET 2026
end		time Thu Mar 12 13:09:49 CET 2026

mpr2mni305 success

avi2talxfm orig_nu.mgz /opt/freesurfer/average/mni305.cor.mgz talsrcimg_to_711-2C_as_mni_average_305_t4_vox2vox.txt transforms/talairach.auto.xfm
avi2talxfm done
mv -f /out/sourcedata/freesurfer/sub-v1s19x0051307_ses-1/mri/talsrcimg_to_711-2C_as_mni_average_305_t4_vox2vox.txt /out/sourcedata/freesurfer/sub-v1s19x0051307_ses-1/mri/transforms/talsrcimg_to_711-2C_as_mni_average_305_t4_vox2vox.txt
lta_convert --src orig_nu.mgz --trg /opt/freesurfer/average/mni305.cor.mgz --inxfm transforms/talairach.auto.xfm --outlta transforms/talairach.auto.xfm.lta --subject fsaverage
7.3.2

--src: orig_nu.mgz src image (geometry).
--trg: /opt/freesurfer/average/mni305.cor.mgz trg image (geometry).
--inmni: transforms/talairach.auto.xfm input MNI/XFM transform.
--outlta: transforms/talairach.auto.xfm.lta output LTA.
--s: fsaverage subject name
 LTA read, type : 1
 1.05754   0.11136  -0.01990   0.35297;
 0.00078   1.09712   0.07367  -14.68980;
 0.06236   0.00145   1.16983  -3.55040;
 0.00000   0.00000   0.00000   1.00000;
setting subject to fsaverage
Writing  LTA to file transforms/talairach.auto.xfm.lta...
lta_convert successful.
 
 
Started at Thu Mar 12 13:09:35 CET 2026
Ended   at Thu Mar 12 13:09:49 CET 2026
talairach_avi done
