status file for recon-all
Thu Mar 12 14:23:56 CET 2026
#@# Tessellate lh Thu Mar 12 14:23:56 CET 2026
#@# Smooth1 lh Thu Mar 12 14:24:00 CET 2026
#@# Inflation1 lh Thu Mar 12 14:24:03 CET 2026
#@# QSphere lh Thu Mar 12 14:24:17 CET 2026
#@# Fix Topology lh Thu Mar 12 14:25:46 CET 2026
#@# Smooth2 lh Thu Mar 12 14:32:19 CET 2026
#@# Inflation2 lh Thu Mar 12 14:32:22 CET 2026
#@# Curv .H and .K lh Thu Mar 12 14:32:42 CET 2026
#@# Sphere lh Thu Mar 12 14:33:36 CET 2026
#@# Surf Reg lh Thu Mar 12 14:37:27 CET 2026
#@# Jacobian white lh Thu Mar 12 14:41:59 CET 2026
#@# AvgCurv lh Thu Mar 12 14:42:01 CET 2026
#@# Cortical Parc lh Thu Mar 12 14:42:01 CET 2026
#@# white curv lh Thu Mar 12 14:49:39 CET 2026
#@# white area lh Thu Mar 12 14:49:42 CET 2026
#@# pial curv lh Thu Mar 12 14:49:43 CET 2026
#@# pial area lh Thu Mar 12 14:49:45 CET 2026
#@# thickness lh Thu Mar 12 14:49:46 CET 2026
#@# area and vertex vol lh Thu Mar 12 14:50:24 CET 2026
#@# Curvature Stats lh Thu Mar 12 14:50:26 CET 2026
#@# Cortical Parc 2 lh Thu Mar 12 14:50:29 CET 2026
#@# Cortical Parc 3 lh Thu Mar 12 14:50:44 CET 2026
#@# WM/GM Contrast lh Thu Mar 12 14:50:56 CET 2026
recon-all -s sub-v1s19x0051294_ses-1 finished without error at Thu Mar 12 14:51:00 CET 2026



#New# invocation of recon-all 



status file for recon-all
Thu Mar 12 15:24:55 CET 2026
#@# white curv lh Thu Mar 12 15:24:55 CET 2026
#@# white area lh Thu Mar 12 15:24:55 CET 2026
#@# pial curv lh Thu Mar 12 15:24:55 CET 2026
#@# pial area lh Thu Mar 12 15:24:55 CET 2026
#@# thickness lh Thu Mar 12 15:24:55 CET 2026
#@# area and vertex vol lh Thu Mar 12 15:24:55 CET 2026
#@# Parcellation Stats lh Thu Mar 12 15:24:55 CET 2026
#@# Parcellation Stats 2 lh Thu Mar 12 15:25:19 CET 2026
#@# Parcellation Stats 3 lh Thu Mar 12 15:25:32 CET 2026
#@# BA_exvivo Labels lh Thu Mar 12 15:25:44 CET 2026
recon-all -s sub-v1s19x0051294_ses-1 finished without error at Thu Mar 12 15:28:46 CET 2026
