status file for recon-all
Thu Mar 12 14:51:03 CET 2026
#@# Tessellate rh Thu Mar 12 14:51:03 CET 2026
#@# Smooth1 rh Thu Mar 12 14:51:07 CET 2026
#@# Inflation1 rh Thu Mar 12 14:51:10 CET 2026
#@# QSphere rh Thu Mar 12 14:51:26 CET 2026
#@# Fix Topology rh Thu Mar 12 14:53:12 CET 2026
#@# Smooth2 rh Thu Mar 12 14:59:22 CET 2026
#@# Inflation2 rh Thu Mar 12 14:59:25 CET 2026
#@# Curv .H and .K rh Thu Mar 12 14:59:43 CET 2026
#@# Sphere rh Thu Mar 12 15:00:39 CET 2026
#@# Surf Reg rh Thu Mar 12 15:03:20 CET 2026
#@# Jacobian white rh Thu Mar 12 15:08:18 CET 2026
#@# AvgCurv rh Thu Mar 12 15:08:18 CET 2026
#@# Cortical Parc rh Thu Mar 12 15:08:20 CET 2026
#@# white curv rh Thu Mar 12 15:16:07 CET 2026
#@# white area rh Thu Mar 12 15:16:09 CET 2026
#@# pial curv rh Thu Mar 12 15:16:10 CET 2026
#@# pial area rh Thu Mar 12 15:16:12 CET 2026
#@# thickness rh Thu Mar 12 15:16:13 CET 2026
#@# area and vertex vol rh Thu Mar 12 15:16:47 CET 2026
#@# Curvature Stats rh Thu Mar 12 15:16:49 CET 2026
#@# Cortical Parc 2 rh Thu Mar 12 15:16:52 CET 2026
#@# Cortical Parc 3 rh Thu Mar 12 15:17:08 CET 2026
#@# WM/GM Contrast rh Thu Mar 12 15:17:20 CET 2026
recon-all -s sub-v1s19x0051294_ses-1 finished without error at Thu Mar 12 15:17:23 CET 2026



#New# invocation of recon-all 



status file for recon-all
Thu Mar 12 15:28:49 CET 2026
#@# white curv rh Thu Mar 12 15:28:49 CET 2026
#@# white area rh Thu Mar 12 15:28:49 CET 2026
#@# pial curv rh Thu Mar 12 15:28:49 CET 2026
#@# pial area rh Thu Mar 12 15:28:49 CET 2026
#@# thickness rh Thu Mar 12 15:28:49 CET 2026
#@# area and vertex vol rh Thu Mar 12 15:28:49 CET 2026
#@# Parcellation Stats rh Thu Mar 12 15:28:49 CET 2026
#@# Parcellation Stats 2 rh Thu Mar 12 15:29:14 CET 2026
#@# Parcellation Stats 3 rh Thu Mar 12 15:29:27 CET 2026
#@# BA_exvivo Labels rh Thu Mar 12 15:29:39 CET 2026
recon-all -s sub-v1s19x0051294_ses-1 finished without error at Thu Mar 12 15:32:39 CET 2026
