status file for recon-all
Thu Mar 12 12:28:37 CET 2026
#@# MotionCor Thu Mar 12 12:28:39 CET 2026
#@# Talairach Thu Mar 12 12:28:46 CET 2026
#@# Talairach Failure Detection Thu Mar 12 12:33:11 CET 2026
#@# Nu Intensity Correction Thu Mar 12 12:33:11 CET 2026
#@# Intensity Normalization Thu Mar 12 12:36:28 CET 2026
recon-all -s sub-v1s19x0051294_ses-1 finished without error at Thu Mar 12 12:38:00 CET 2026



#New# invocation of recon-all 



status file for recon-all
Thu Mar 12 12:45:32 CET 2026
#@# EM Registration Thu Mar 12 12:45:32 CET 2026
recon-all -s sub-v1s19x0051294_ses-1 finished without error at Thu Mar 12 12:47:13 CET 2026



#New# invocation of recon-all 



status file for recon-all
Thu Mar 12 12:47:18 CET 2026
#@# CA Normalize Thu Mar 12 12:47:18 CET 2026
#@# CA Reg Thu Mar 12 12:48:39 CET 2026
#@# SubCort Seg Thu Mar 12 13:47:41 CET 2026
#@# CC Seg Thu Mar 12 14:17:53 CET 2026
#@# Merge ASeg Thu Mar 12 14:18:38 CET 2026
#@# Intensity Normalization2 Thu Mar 12 14:18:38 CET 2026
#@# Mask BFS Thu Mar 12 14:20:54 CET 2026
#@# WM Segmentation Thu Mar 12 14:20:54 CET 2026
#@# Fill Thu Mar 12 14:22:51 CET 2026
recon-all -s sub-v1s19x0051294_ses-1 finished without error at Thu Mar 12 14:23:51 CET 2026



#New# invocation of recon-all 



status file for recon-all
Thu Mar 12 15:17:27 CET 2026
#@# white curv lh Thu Mar 12 15:17:27 CET 2026
#@# white area lh Thu Mar 12 15:17:27 CET 2026
#@# pial curv lh Thu Mar 12 15:17:27 CET 2026
#@# pial area lh Thu Mar 12 15:17:27 CET 2026
#@# thickness lh Thu Mar 12 15:17:27 CET 2026
#@# area and vertex vol lh Thu Mar 12 15:17:27 CET 2026
#@# white curv rh Thu Mar 12 15:17:27 CET 2026
#@# white area rh Thu Mar 12 15:17:27 CET 2026
#@# pial curv rh Thu Mar 12 15:17:27 CET 2026
#@# pial area rh Thu Mar 12 15:17:27 CET 2026
#@# thickness rh Thu Mar 12 15:17:27 CET 2026
#@# area and vertex vol rh Thu Mar 12 15:17:27 CET 2026
#@# Cortical ribbon mask Thu Mar 12 15:17:27 CET 2026
recon-all -s sub-v1s19x0051294_ses-1 finished without error at Thu Mar 12 15:24:51 CET 2026



#New# invocation of recon-all 



status file for recon-all
Thu Mar 12 15:32:44 CET 2026
#@# white curv lh Thu Mar 12 15:32:44 CET 2026
#@# white area lh Thu Mar 12 15:32:44 CET 2026
#@# pial curv lh Thu Mar 12 15:32:44 CET 2026
#@# pial area lh Thu Mar 12 15:32:44 CET 2026
#@# thickness lh Thu Mar 12 15:32:44 CET 2026
#@# area and vertex vol lh Thu Mar 12 15:32:44 CET 2026
#@# white curv rh Thu Mar 12 15:32:44 CET 2026
#@# white area rh Thu Mar 12 15:32:44 CET 2026
#@# pial curv rh Thu Mar 12 15:32:44 CET 2026
#@# pial area rh Thu Mar 12 15:32:44 CET 2026
#@# thickness rh Thu Mar 12 15:32:44 CET 2026
#@# area and vertex vol rh Thu Mar 12 15:32:44 CET 2026
#@# Curvature Stats lh Thu Mar 12 15:32:44 CET 2026
#@# Curvature Stats rh Thu Mar 12 15:32:47 CET 2026
#@# Relabel Hypointensities Thu Mar 12 15:32:50 CET 2026
#@# APas-to-ASeg Thu Mar 12 15:33:06 CET 2026
#@# AParc-to-ASeg aparc Thu Mar 12 15:33:16 CET 2026
#@# AParc-to-ASeg aparc.a2009s Thu Mar 12 15:34:16 CET 2026
#@# AParc-to-ASeg aparc.DKTatlas Thu Mar 12 15:35:21 CET 2026
#@# WMParc Thu Mar 12 15:36:22 CET 2026
#@# ASeg Stats Thu Mar 12 15:40:13 CET 2026
recon-all -s sub-v1s19x0051294_ses-1 finished without error at Thu Mar 12 15:40:53 CET 2026
