status file for recon-all
Thu Mar 12 12:49:29 CET 2026
#@# MotionCor Thu Mar 12 12:49:30 CET 2026
#@# Talairach Thu Mar 12 12:49:39 CET 2026
#@# Talairach Failure Detection Thu Mar 12 12:54:13 CET 2026
#@# Nu Intensity Correction Thu Mar 12 12:54:13 CET 2026
#@# Intensity Normalization Thu Mar 12 12:57:30 CET 2026
recon-all -s sub-v1s19x0051303_ses-1 finished without error at Thu Mar 12 12:58:57 CET 2026



#New# invocation of recon-all 



status file for recon-all
Thu Mar 12 13:06:28 CET 2026
#@# EM Registration Thu Mar 12 13:06:28 CET 2026
recon-all -s sub-v1s19x0051303_ses-1 finished without error at Thu Mar 12 13:08:13 CET 2026



#New# invocation of recon-all 



status file for recon-all
Thu Mar 12 13:08:16 CET 2026
#@# CA Normalize Thu Mar 12 13:08:16 CET 2026
#@# CA Reg Thu Mar 12 13:09:36 CET 2026
#@# SubCort Seg Thu Mar 12 14:03:14 CET 2026
#@# CC Seg Thu Mar 12 14:30:10 CET 2026
#@# Merge ASeg Thu Mar 12 14:30:54 CET 2026
#@# Intensity Normalization2 Thu Mar 12 14:30:54 CET 2026
#@# Mask BFS Thu Mar 12 14:33:13 CET 2026
#@# WM Segmentation Thu Mar 12 14:33:14 CET 2026
#@# Fill Thu Mar 12 14:35:07 CET 2026
recon-all -s sub-v1s19x0051303_ses-1 finished without error at Thu Mar 12 14:36:12 CET 2026



#New# invocation of recon-all 



status file for recon-all
Thu Mar 12 15:23:59 CET 2026
#@# white curv lh Thu Mar 12 15:23:59 CET 2026
#@# white area lh Thu Mar 12 15:23:59 CET 2026
#@# pial curv lh Thu Mar 12 15:23:59 CET 2026
#@# pial area lh Thu Mar 12 15:23:59 CET 2026
#@# thickness lh Thu Mar 12 15:23:59 CET 2026
#@# area and vertex vol lh Thu Mar 12 15:23:59 CET 2026
#@# white curv rh Thu Mar 12 15:23:59 CET 2026
#@# white area rh Thu Mar 12 15:23:59 CET 2026
#@# pial curv rh Thu Mar 12 15:23:59 CET 2026
#@# pial area rh Thu Mar 12 15:23:59 CET 2026
#@# thickness rh Thu Mar 12 15:23:59 CET 2026
#@# area and vertex vol rh Thu Mar 12 15:23:59 CET 2026
#@# Cortical ribbon mask Thu Mar 12 15:23:59 CET 2026
recon-all -s sub-v1s19x0051303_ses-1 finished without error at Thu Mar 12 15:27:40 CET 2026



#New# invocation of recon-all 



status file for recon-all
Thu Mar 12 15:34:41 CET 2026
#@# white curv lh Thu Mar 12 15:34:41 CET 2026
#@# white area lh Thu Mar 12 15:34:41 CET 2026
#@# pial curv lh Thu Mar 12 15:34:41 CET 2026
#@# pial area lh Thu Mar 12 15:34:41 CET 2026
#@# thickness lh Thu Mar 12 15:34:41 CET 2026
#@# area and vertex vol lh Thu Mar 12 15:34:41 CET 2026
#@# white curv rh Thu Mar 12 15:34:41 CET 2026
#@# white area rh Thu Mar 12 15:34:41 CET 2026
#@# pial curv rh Thu Mar 12 15:34:41 CET 2026
#@# pial area rh Thu Mar 12 15:34:41 CET 2026
#@# thickness rh Thu Mar 12 15:34:41 CET 2026
#@# area and vertex vol rh Thu Mar 12 15:34:41 CET 2026
#@# Curvature Stats lh Thu Mar 12 15:34:41 CET 2026
#@# Curvature Stats rh Thu Mar 12 15:34:44 CET 2026
#@# Relabel Hypointensities Thu Mar 12 15:34:46 CET 2026
#@# APas-to-ASeg Thu Mar 12 15:35:02 CET 2026
#@# AParc-to-ASeg aparc Thu Mar 12 15:35:10 CET 2026
#@# AParc-to-ASeg aparc.a2009s Thu Mar 12 15:35:50 CET 2026
#@# AParc-to-ASeg aparc.DKTatlas Thu Mar 12 15:36:27 CET 2026
#@# WMParc Thu Mar 12 15:37:07 CET 2026
#@# ASeg Stats Thu Mar 12 15:41:03 CET 2026
recon-all -s sub-v1s19x0051303_ses-1 finished without error at Thu Mar 12 15:41:44 CET 2026
