/out/sourcedata/freesurfer/sub-v1s19x0051299_ses-1/mri
/opt/freesurfer/bin/talairach_avi
--i orig_nu.mgz --xfm transforms/talairach.auto.xfm
talairach_avi 7.3.2
Linux dna059 5.14.0-427.37.1.el9_4.x86_64 #1 SMP PREEMPT_DYNAMIC Fri Sep 13 12:41:50 EDT 2024 x86_64 x86_64 x86_64 GNU/Linux
Thu Mar 12 12:42:53 CET 2026
mri_convert orig_nu.mgz talsrcimg.img 
reading from orig_nu.mgz...
TR=0.00, TE=0.00, TI=0.00, flip angle=0.00
i_ras = (-1, 0, 0)
j_ras = (0, 0, -1)
k_ras = (0, 1, 0)
writing to talsrcimg.img...
Analyze Output Matrix
-1.00000   0.00000   0.00000   129.02223;
 0.00000   0.00000   1.00000  -129.21597;
 0.00000  -1.00000   0.00000   139.66809;
 0.00000   0.00000   0.00000   1.00000;
--------------------
INFO: set hdr.hist.orient to -1
mpr2mni305 talsrcimg
Thu Mar 12 12:42:54 CET 2026
/opt/freesurfer/bin/mpr2mni305 talsrcimg
mpr2mni305 7.3.2
target=711-2C_as_mni_average_305

---------------------------------------------------------------------
analyzeto4dfp talsrcimg -O0 -y
---------------------------------------------------------------------

freesurfer ifh2hdr.c
Thu Mar 12 12:42:54 2026
Writing: talsrcimg.4dfp.hdr
freesurfer analyzeto4dfp.c
Reading: talsrcimg.hdr
header size 348 bytes
hdr.dime.datatype	offset=70	value=2
hdr.dime.bitpix		offset=72	value=8
hdr.hist.orient		offset=252	value=-1
dimensionality     4
dimensions       256       256       256         1
Reading: talsrcimg.img
Writing: talsrcimg.4dfp.img
Writing: talsrcimg.4dfp.ifh
ifh2hdr talsrcimg -r0to244
ori=2

---------------------------------------------------------------------
gauss_4dfp talsrcimg 1.1
---------------------------------------------------------------------

freesurfer gauss_4dfp.c
Reading: talsrcimg.4dfp.img
Writing: talsrcimg_g11.4dfp.img
image dimensions 256 256 256 padded to 288 288 288
processing volume 1freesurfer ifh2hdr.c
Thu Mar 12 12:42:56 2026
Writing: talsrcimg_g11.4dfp.hdr

Writing: talsrcimg_g11.4dfp.ifh
including: talsrcimg.4dfp.img.rec in talsrcimg_g11.4dfp.img.rec

---------------------------------------------------------------------
imgreg_4dfp /opt/freesurfer/average/711-2C_as_mni_average_305 none talsrcimg_g11 none talsrcimg_to_711-2C_as_mni_average_305_t4 4355
---------------------------------------------------------------------

freesurfer imgreg_4dfp.c
/opt/freesurfer/average/711-2C_as_mni_average_305.4dfp.img
       256       256       256         1
  1.000000  1.000000  1.000000
orientation T byte_order littleendian
Reading image: /opt/freesurfer/average/711-2C_as_mni_average_305.4dfp.img
dimensions:      256       256       256
mmppix:       1.0000   -1.0000   -1.0000
center:     128.0000 -129.0000 -129.0000
talsrcimg_g11.4dfp.img
       256       256       256         1
  1.000000  1.000000  1.000000
orientation T byte_order littleendian
Reading image: talsrcimg_g11.4dfp.img
dimensions:      256       256       256
mmppix:       1.0000   -1.0000   -1.0000
center:     128.0000 -129.0000 -129.0000
t4_read: open error in t4_sub.f l:  41 t4_file(1:l)talsrcimg_to_711-2C_as_mni_average_305_t4 
t4_read: transform initialized to I4
rotation matrix determinant  1.000000
image alignment mode   4355 decimal     1103 hex
   -7.5000  -45.0000  -45.0000 8268.6660   14.4265
    0.0000  -45.0000  -45.0000 8647.4004   14.4339
    7.5000  -45.0000  -45.0000 8252.2969   14.4261
   -7.5000  -37.5000  -45.0000 8773.4570   14.3851
    0.0000  -37.5000  -45.0000 9176.0303   14.3896
    7.5000  -37.5000  -45.0000 8741.9648   14.3813
   -7.5000  -30.0000  -45.0000 9481.7021   14.3920
    0.0000  -30.0000  -45.0000 9935.9570   14.3885
    7.5000  -30.0000  -45.0000 9445.4082   14.3760
   -7.5000  -22.5000  -45.000010139.4375   14.4429
    0.0000  -22.5000  -45.000010628.7793   14.4329
    7.5000  -22.5000  -45.000010113.7627   14.4176
   -7.5000  -15.0000  -45.000010761.2656   14.4855
    0.0000  -15.0000  -45.000011274.0918   14.4781
    7.5000  -15.0000  -45.000010750.8203   14.4642
   -7.5000   -7.5000  -45.000011347.0312   14.4761
    0.0000   -7.5000  -45.000011896.8311   14.4779
    7.5000   -7.5000  -45.000011335.5020   14.4675
   -7.5000    0.0000  -45.000011964.1104   14.4265
    0.0000    0.0000  -45.000012534.8906   14.4339
    7.5000    0.0000  -45.000011955.6582   14.4261
   -7.5000    7.5000  -45.000011606.9346   14.3851
    0.0000    7.5000  -45.000012158.5352   14.3896
    7.5000    7.5000  -45.000011566.9258   14.3813
   -7.5000   15.0000  -45.000010833.7998   14.3920
    0.0000   15.0000  -45.000011338.0186   14.3885
    7.5000   15.0000  -45.000010789.6836   14.3760
   -7.5000   22.5000  -45.0000 9952.0811   14.4409
    0.0000   22.5000  -45.000010408.7744   14.4309
    7.5000   22.5000  -45.0000 9899.4678   14.4156
   -7.5000   30.0000  -45.0000 9109.2920   14.2925
    0.0000   30.0000  -45.0000 9537.8203   14.2851
    7.5000   30.0000  -45.0000 9051.7529   14.2714
   -7.5000   37.5000  -45.0000 8628.8125   14.2831
    0.0000   37.5000  -45.0000 9013.2812   14.2850
    7.5000   37.5000  -45.0000 8569.1377   14.2747
   -7.5000   45.0000  -45.0000 7862.6514   13.8728
    0.0000   45.0000  -45.0000 8200.8164   13.8799
    7.5000   45.0000  -45.0000 7784.3994   13.8725
   -7.5000  -45.0000  -37.5000 8847.7646   14.2191
    0.0000  -45.0000  -37.5000 9233.4316   14.2268
    7.5000  -45.0000  -37.5000 8821.6045   14.2235
   -7.5000  -37.5000  -37.5000 9374.6143   14.1898
    0.0000  -37.5000  -37.5000 9782.8223   14.1964
    7.5000  -37.5000  -37.5000 9331.0732   14.1913
   -7.5000  -30.0000  -37.500010133.6221   14.2026
    0.0000  -30.0000  -37.500010587.4170   14.1993
    7.5000  -30.0000  -37.500010088.7354   14.1889
   -7.5000  -22.5000  -37.500010810.9629   14.2463
    0.0000  -22.5000  -37.500011307.8242   14.2322
    7.5000  -22.5000  -37.500010792.9580   14.2187
   -7.5000  -15.0000  -37.500011448.7109   14.2774
    0.0000  -15.0000  -37.500011964.7061   14.2636
    7.5000  -15.0000  -37.500011436.6807   14.2524
   -7.5000   -7.5000  -37.500012071.2783   14.2632
    0.0000   -7.5000  -37.500012630.0566   14.2611
    7.5000   -7.5000  -37.500012064.0381   14.2547
   -7.5000    0.0000  -37.500012738.5410   14.2191
    0.0000    0.0000  -37.500013328.9189   14.2268
    7.5000    0.0000  -37.500012698.5352   14.2235
   -7.5000    7.5000  -37.500012320.0371   14.1898
    0.0000    7.5000  -37.500012882.5664   14.1964
    7.5000    7.5000  -37.500012245.0518   14.1913
   -7.5000   15.0000  -37.500011469.6494   14.2026
    0.0000   15.0000  -37.500011998.6367   14.1993
    7.5000   15.0000  -37.500011417.1377   14.1889
   -7.5000   22.5000  -37.500010514.5322   14.2443
    0.0000   22.5000  -37.500010985.4824   14.2303
    7.5000   22.5000  -37.500010465.7900   14.2168
   -7.5000   30.0000  -37.5000 9592.6650   14.0872
    0.0000   30.0000  -37.500010021.1963   14.0735
    7.5000   30.0000  -37.5000 9541.0723   14.0625
   -7.5000   37.5000  -37.5000 9066.0791   14.0731
    0.0000   37.5000  -37.5000 9462.7256   14.0711
    7.5000   37.5000  -37.5000 9020.7764   14.0648
   -7.5000   45.0000  -37.5000 8245.8037   13.6733
    0.0000   45.0000  -37.5000 8593.1211   13.6808
    7.5000   45.0000  -37.5000 8173.3716   13.6776
   -7.5000  -45.0000  -30.0000 9616.8760   14.8047
    0.0000  -45.0000  -30.000010022.8525   14.8083
    7.5000  -45.0000  -30.0000 9561.5117   14.8056
   -7.5000  -37.5000  -30.000010183.3613   14.7828
    0.0000  -37.5000  -30.000010608.6846   14.7879
    7.5000  -37.5000  -30.000010109.9102   14.7828
   -7.5000  -30.0000  -30.000011011.6719   14.8024
    0.0000  -30.0000  -30.000011456.0850   14.7984
    7.5000  -30.0000  -30.000010932.8252   14.7876
   -7.5000  -22.5000  -30.000011761.7080   14.8449
    0.0000  -22.5000  -30.000012237.3613   14.8280
    7.5000  -22.5000  -30.000011684.4072   14.8146
   -7.5000  -15.0000  -30.000012429.4141   14.8694
    0.0000  -15.0000  -30.000012944.6982   14.8498
    7.5000  -15.0000  -30.000012360.9160   14.8392
   -7.5000   -7.5000  -30.000013067.5967   14.8489
    0.0000   -7.5000  -30.000013616.6426   14.8407
    7.5000   -7.5000  -30.000013006.1279   14.8352
   -7.5000    0.0000  -30.000013757.4170   14.8047
    0.0000    0.0000  -30.000014344.8018   14.8083
    7.5000    0.0000  -30.000013673.9961   14.8056
   -7.5000    7.5000  -30.000013253.9541   14.7828
    0.0000    7.5000  -30.000013829.3125   14.7879
    7.5000    7.5000  -30.000013166.8906   14.7828
   -7.5000   15.0000  -30.000012336.3545   14.8024
    0.0000   15.0000  -30.000012856.3193   14.7984
    7.5000   15.0000  -30.000012260.8340   14.7876
   -7.5000   22.5000  -30.000011314.1904   14.8414
    0.0000   22.5000  -30.000011749.1992   14.8244
    7.5000   22.5000  -30.000011235.6309   14.8110
   -7.5000   30.0000  -30.000010291.7617   14.6726
    0.0000   30.0000  -30.000010720.0684   14.6533
    7.5000   30.0000  -30.000010242.2373   14.6429
   -7.5000   37.5000  -30.0000 9708.3018   14.6524
    0.0000   37.5000  -30.000010115.9004   14.6444
    7.5000   37.5000  -30.0000 9659.1455   14.6389
   -7.5000   45.0000  -30.0000 8792.1553   14.2470
    0.0000   45.0000  -30.0000 9150.6709   14.2504
    7.5000   45.0000  -30.0000 8724.1172   14.2478
   -7.5000  -45.0000  -22.500010375.1279   15.2906
    0.0000  -45.0000  -22.500010813.4082   15.2911
    7.5000  -45.0000  -22.500010324.7412   15.2868
   -7.5000  -37.5000  -22.500010967.7949   15.2645
    0.0000  -37.5000  -22.500011425.7510   15.2672
    7.5000  -37.5000  -22.500010906.6025   15.2610
   -7.5000  -30.0000  -22.500011857.0928   15.2848
    0.0000  -30.0000  -22.500012327.6201   15.2821
    7.5000  -30.0000  -22.500011776.9199   15.2710
   -7.5000  -22.5000  -22.500012695.3076   15.3333
    0.0000  -22.5000  -22.500013195.7480   15.3206
    7.5000  -22.5000  -22.500012604.2891   15.3076
   -7.5000  -15.0000  -22.500013426.6318   15.3620
    0.0000  -15.0000  -22.500013963.3564   15.3463
    7.5000  -15.0000  -22.500013332.2129   15.3360
   -7.5000   -7.5000  -22.500014089.6875   15.3397
    0.0000   -7.5000  -22.500014648.2793   15.3318
    7.5000   -7.5000  -22.500014001.7061   15.3253
   -7.5000    0.0000  -22.500014783.9678   15.2906
    0.0000    0.0000  -22.500015378.8477   15.2911
    7.5000    0.0000  -22.500014699.0596   15.2868
   -7.5000    7.5000  -22.500014195.8633   15.2645
    0.0000    7.5000  -22.500014777.5420   15.2672
    7.5000    7.5000  -22.500014121.4590   15.2610
   -7.5000   15.0000  -22.500013214.7891   15.2848
    0.0000   15.0000  -22.500013701.4854   15.2821
    7.5000   15.0000  -22.500013141.4629   15.2710
   -7.5000   22.5000  -22.500012097.2754   15.3285
    0.0000   22.5000  -22.500012542.1660   15.3159
    7.5000   22.5000  -22.500012065.2734   15.3029
   -7.5000   30.0000  -22.500011025.7109   15.1610
    0.0000   30.0000  -22.500011445.7451   15.1456
    7.5000   30.0000  -22.500010986.5127   15.1354
   -7.5000   37.5000  -22.500010356.1367   15.1391
    0.0000   37.5000  -22.500010767.7168   15.1313
    7.5000   37.5000  -22.500010318.0244   15.1248
   -7.5000   45.0000  -22.5000 9361.4355   14.7256
    0.0000   45.0000  -22.5000 9718.1729   14.7261
    7.5000   45.0000  -22.5000 9294.2080   14.7220
   -7.5000  -45.0000  -15.000011164.5537   15.6269
    0.0000  -45.0000  -15.000011625.7822   15.6288
    7.5000  -45.0000  -15.000011065.6396   15.6223
   -7.5000  -37.5000  -15.000011775.3184   15.5892
    0.0000  -37.5000  -15.000012270.9355   15.5914
    7.5000  -37.5000  -15.000011687.0693   15.5839
   -7.5000  -30.0000  -15.000012723.0430   15.6047
    0.0000  -30.0000  -15.000013238.7812   15.6037
    7.5000  -30.0000  -15.000012615.1309   15.5923
   -7.5000  -22.5000  -15.000013634.8164   15.6611
    0.0000  -22.5000  -15.000014177.0557   15.6547
    7.5000  -22.5000  -15.000013530.6494   15.6418
   -7.5000  -15.0000  -15.000014403.3887   15.7012
    0.0000  -15.0000  -15.000015003.2979   15.6938
    7.5000  -15.0000  -15.000014289.7832   15.6829
   -7.5000   -7.5000  -15.000015119.4170   15.6826
    0.0000   -7.5000  -15.000015745.4111   15.6803
    7.5000   -7.5000  -15.000014991.6621   15.6719
   -7.5000    0.0000  -15.000015872.9268   15.6269
    0.0000    0.0000  -15.000016506.0312   15.6288
    7.5000    0.0000  -15.000015729.0449   15.6223
   -7.5000    7.5000  -15.000015148.0557   15.5892
    0.0000    7.5000  -15.000015749.6826   15.5914
    7.5000    7.5000  -15.000015022.4932   15.5839
   -7.5000   15.0000  -15.000014092.2939   15.6047
    0.0000   15.0000  -15.000014621.8613   15.6037
    7.5000   15.0000  -15.000014012.1973   15.5923
   -7.5000   22.5000  -15.000012927.5498   15.6556
    0.0000   22.5000  -15.000013395.9229   15.6491
    7.5000   22.5000  -15.000012908.5977   15.6362
   -7.5000   30.0000  -15.000011770.0029   15.4980
    0.0000   30.0000  -15.000012172.1426   15.4907
    7.5000   30.0000  -15.000011742.6777   15.4799
   -7.5000   37.5000  -15.000011025.7881   15.4796
    0.0000   37.5000  -15.000011412.3047   15.4774
    7.5000   37.5000  -15.000010992.6279   15.4690
   -7.5000   45.0000  -15.0000 9931.6895   15.0586
    0.0000   45.0000  -15.000010283.4268   15.0604
    7.5000   45.0000  -15.0000 9874.5879   15.0541
   -7.5000  -45.0000   -7.500011949.4590   15.8071
    0.0000  -45.0000   -7.500012464.8115   15.8130
    7.5000  -45.0000   -7.500011880.3057   15.8054
   -7.5000  -37.5000   -7.500012623.4639   15.7604
    0.0000  -37.5000   -7.500013168.4453   15.7641
    7.5000  -37.5000   -7.500012537.3242   15.7561
   -7.5000  -30.0000   -7.500013696.9482   15.7694
    0.0000  -30.0000   -7.500014254.8535   15.7683
    7.5000  -30.0000   -7.500013569.6045   15.7567
   -7.5000  -22.5000   -7.500014667.5713   15.8286
    0.0000  -22.5000   -7.500015277.7119   15.8234
    7.5000  -22.5000   -7.500014532.3223   15.8099
   -7.5000  -15.0000   -7.500015486.2559   15.8770
    0.0000  -15.0000   -7.500016151.5488   15.8738
    7.5000  -15.0000   -7.500015310.1943   15.8616
   -7.5000   -7.5000   -7.500016246.6250   15.8645
    0.0000   -7.5000   -7.500016955.7031   15.8675
    7.5000   -7.5000   -7.500016068.3535   15.8578
   -7.5000    0.0000   -7.500017040.0645   15.8071
    0.0000    0.0000   -7.500017774.0176   15.8130
    7.5000    0.0000   -7.500016856.6738   15.8054
   -7.5000    7.5000   -7.500016227.1865   15.7604
    0.0000    7.5000   -7.500016875.9395   15.7641
    7.5000    7.5000   -7.500016059.8320   15.7561
   -7.5000   15.0000   -7.500015082.5527   15.7694
    0.0000   15.0000   -7.500015649.9600   15.7683
    7.5000   15.0000   -7.500014975.5820   15.7567
   -7.5000   22.5000   -7.500013864.4834   15.8213
    0.0000   22.5000   -7.500014384.5293   15.8161
    7.5000   22.5000   -7.500013814.1045   15.8026
   -7.5000   30.0000   -7.500012610.2734   15.6711
    0.0000   30.0000   -7.500013062.8633   15.6679
    7.5000   30.0000   -7.500012566.5273   15.6559
   -7.5000   37.5000   -7.500011770.7324   15.6588
    0.0000   37.5000   -7.500012169.6699   15.6618
    7.5000   37.5000   -7.500011715.9316   15.6521
   -7.5000   45.0000   -7.500010565.4131   15.2351
    0.0000   45.0000   -7.500010926.9092   15.2407
    7.5000   45.0000   -7.500010501.4131   15.2334
   -7.5000  -45.0000    0.000012703.3213   15.8600
    0.0000  -45.0000    0.000013256.7197   15.8694
    7.5000  -45.0000    0.000012597.7266   15.8631
   -7.5000  -37.5000    0.000013485.3760   15.8151
    0.0000  -37.5000    0.000014026.3154   15.8214
    7.5000  -37.5000    0.000013344.0898   15.8143
   -7.5000  -30.0000    0.000014678.9746   15.8228
    0.0000  -30.0000    0.000015266.0889   15.8205
    7.5000  -30.0000    0.000014501.6475   15.8088
   -7.5000  -22.5000    0.000015729.5752   15.8782
    0.0000  -22.5000    0.000016404.3672   15.8690
    7.5000  -22.5000    0.000015493.5039   15.8543
   -7.5000  -15.0000    0.000016548.2363   15.9245
    0.0000  -15.0000    0.000017278.6523   15.9180
    7.5000  -15.0000    0.000016259.0010   15.9051
   -7.5000   -7.5000    0.000017337.9941   15.9140
    0.0000   -7.5000    0.000018114.1211   15.9175
    7.5000   -7.5000    0.000017054.7676   15.9085
   -7.5000    0.0000    0.000018199.6973   15.8600
    0.0000    0.0000    0.000018973.7715   15.8694
    7.5000    0.0000    0.000017913.1113   15.8631
   -7.5000    7.5000    0.000017238.6973   15.8151
    0.0000    7.5000    0.000017936.4043   15.8214
    7.5000    7.5000    0.000017000.1445   15.8143
   -7.5000   15.0000    0.000015997.6914   15.8228
    0.0000   15.0000    0.000016638.9023   15.8205
    7.5000   15.0000    0.000015805.9277   15.8088
   -7.5000   22.5000    0.000014734.3604   15.8709
    0.0000   22.5000    0.000015333.3252   15.8617
    7.5000   22.5000    0.000014618.0078   15.8470
   -7.5000   30.0000    0.000013443.9268   15.7184
    0.0000   30.0000    0.000013970.1387   15.7120
    7.5000   30.0000    0.000013330.6309   15.6992
   -7.5000   37.5000    0.000012522.3135   15.7080
    0.0000   37.5000    0.000012980.6689   15.7115
    7.5000   37.5000    0.000012428.8535   15.7026
   -7.5000   45.0000    0.000011189.6533   15.2872
    0.0000   45.0000    0.000011590.3906   15.2963
    7.5000   45.0000    0.000011102.2617   15.2902
   -7.5000  -45.0000    7.500012474.2275   15.8874
    0.0000  -45.0000    7.500012977.6152   15.8960
    7.5000  -45.0000    7.500012312.1865   15.8923
   -7.5000  -37.5000    7.500013281.7861   15.8546
    0.0000  -37.5000    7.500013823.8311   15.8620
    7.5000  -37.5000    7.500013096.2393   15.8563
   -7.5000  -30.0000    7.500014601.2598   15.8688
    0.0000  -30.0000    7.500015241.6895   15.8651
    7.5000  -30.0000    7.500014331.3906   15.8535
   -7.5000  -22.5000    7.500015656.2217   15.9175
    0.0000  -22.5000    7.500016433.6406   15.9018
    7.5000  -22.5000    7.500015236.4482   15.8868
   -7.5000  -15.0000    7.500016421.8574   15.9523
    0.0000  -15.0000    7.500017170.6719   15.9369
    7.5000  -15.0000    7.500015917.0410   15.9244
   -7.5000   -7.5000    7.500017188.3320   15.9365
    0.0000   -7.5000    7.500017945.8711   15.9342
    7.5000   -7.5000    7.500016728.3281   15.9271
   -7.5000    0.0000    7.500018011.9961   15.8874
    0.0000    0.0000    7.500018804.5508   15.8960
    7.5000    0.0000    7.500017598.0859   15.8923
   -7.5000    7.5000    7.500017013.3750   15.8546
    0.0000    7.5000    7.500017743.9941   15.8620
    7.5000    7.5000    7.500016643.7383   15.8563
   -7.5000   15.0000    7.500015787.5537   15.8688
    0.0000   15.0000    7.500016436.1133   15.8651
    7.5000   15.0000    7.500015468.6123   15.8535
   -7.5000   22.5000    7.500014576.0410   15.9102
    0.0000   22.5000    7.500015147.7295   15.8945
    7.5000   22.5000    7.500014338.9209   15.8795
   -7.5000   30.0000    7.500013320.0107   15.7459
    0.0000   30.0000    7.500013837.1641   15.7306
    7.5000   30.0000    7.500013138.6543   15.7183
   -7.5000   37.5000    7.500012409.4111   15.7303
    0.0000   37.5000    7.500012863.9443   15.7280
    7.5000   37.5000    7.500012247.9189   15.7210
   -7.5000   45.0000    7.500011007.2324   15.3136
    0.0000   45.0000    7.500011421.7139   15.3219
    7.5000   45.0000    7.500010891.5479   15.3183
   -7.5000  -45.0000   15.000011985.8701   15.8978
    0.0000  -45.0000   15.000012475.4062   15.9017
    7.5000  -45.0000   15.000011823.1738   15.8988
   -7.5000  -37.5000   15.000012802.2012   15.8743
    0.0000  -37.5000   15.000013373.3779   15.8797
    7.5000  -37.5000   15.000012612.3691   15.8743
   -7.5000  -30.0000   15.000014182.4082   15.8953
    0.0000  -30.0000   15.000014977.7021   15.8911
    7.5000  -30.0000   15.000013842.1621   15.8795
   -7.5000  -22.5000   15.000015259.5615   15.9410
    0.0000  -22.5000   15.000016173.1504   15.9228
    7.5000  -22.5000   15.000014779.2295   15.9084
   -7.5000  -15.0000   15.000016023.3965   15.9673
    0.0000  -15.0000   15.000016796.4277   15.9462
    7.5000  -15.0000   15.000015423.5791   15.9349
   -7.5000   -7.5000   15.000016818.8828   15.9453
    0.0000   -7.5000   15.000017545.8691   15.9365
    7.5000   -7.5000   15.000016194.1504   15.9305
   -7.5000    0.0000   15.000017597.7930   15.8978
    0.0000    0.0000   15.000018372.3809   15.9017
    7.5000    0.0000   15.000017034.7246   15.8988
   -7.5000    7.5000   15.000016549.3125   15.8743
    0.0000    7.5000   15.000017294.8926   15.8797
    7.5000    7.5000   15.000016057.5039   15.8743
   -7.5000   15.0000   15.000015294.7891   15.8953
    0.0000   15.0000   15.000015980.4658   15.8911
    7.5000   15.0000   15.000014895.4404   15.8795
   -7.5000   22.5000   15.000014121.1455   15.9337
    0.0000   22.5000   15.000014703.0820   15.9155
    7.5000   22.5000   15.000013789.9492   15.9011
   -7.5000   30.0000   15.000012898.5088   15.7606
    0.0000   30.0000   15.000013450.3398   15.7399
    7.5000   30.0000   15.000012662.8076   15.7287
   -7.5000   37.5000   15.000012013.0498   15.7389
    0.0000   37.5000   15.000012516.1113   15.7303
    7.5000   37.5000   15.000011842.7188   15.7244
   -7.5000   45.0000   15.000010656.6318   15.3237
    0.0000   45.0000   15.000011099.5020   15.3274
    7.5000   45.0000   15.000010515.6309   15.3246
   -7.5000  -45.0000   22.500011492.1240   15.8728
    0.0000  -45.0000   22.500011979.3135   15.8734
    7.5000  -45.0000   22.500011344.4980   15.8689
   -7.5000  -37.5000   22.500012255.0869   15.8457
    0.0000  -37.5000   22.500012800.5088   15.8486
    7.5000  -37.5000   22.500012051.2744   15.8421
   -7.5000  -30.0000   22.500013496.2803   15.8669
    0.0000  -30.0000   22.500014286.5078   15.8641
    7.5000  -30.0000   22.500013170.5703   15.8525
   -7.5000  -22.5000   22.500014596.5996   15.9171
    0.0000  -22.5000   22.500015578.4004   15.9040
    7.5000  -22.5000   22.500014112.7178   15.8905
   -7.5000  -15.0000   22.500015437.1309   15.9470
    0.0000  -15.0000   22.500016371.8779   15.9307
    7.5000  -15.0000   22.500014852.6113   15.9200
   -7.5000   -7.5000   22.500016212.0576   15.9238
    0.0000   -7.5000   22.500017054.8848   15.9157
    7.5000   -7.5000   22.500015591.4619   15.9088
   -7.5000    0.0000   22.500016876.6543   15.8728
    0.0000    0.0000   22.500017701.1816   15.8734
    7.5000    0.0000   22.500016305.3174   15.8689
   -7.5000    7.5000   22.500015760.4512   15.8457
    0.0000    7.5000   22.500016526.1602   15.8486
    7.5000    7.5000   22.500015315.6846   15.8421
   -7.5000   15.0000   22.500014558.6289   15.8669
    0.0000   15.0000   22.500015222.1143   15.8641
    7.5000   15.0000   22.500014218.4600   15.8525
   -7.5000   22.5000   22.500013514.2295   15.9098
    0.0000   22.5000   22.500014067.6797   15.8967
    7.5000   22.5000   22.500013209.6738   15.8832
   -7.5000   30.0000   22.500012370.2725   15.7406
    0.0000   30.0000   22.500012893.0869   15.7245
    7.5000   30.0000   22.500012146.5400   15.7139
   -7.5000   37.5000   22.500011551.0781   15.7178
    0.0000   37.5000   22.500012017.5361   15.7097
    7.5000   37.5000   22.500011368.7988   15.7029
   -7.5000   45.0000   22.500010245.7578   15.2996
    0.0000   45.0000   22.500010670.1709   15.3001
    7.5000   45.0000   22.500010086.2637   15.2958
   -7.5000  -45.0000   30.000010865.0381   15.8567
    0.0000  -45.0000   30.000011331.7334   15.8585
    7.5000  -45.0000   30.000010708.1846   15.8518
   -7.5000  -37.5000   30.000011544.0234   15.8182
    0.0000  -37.5000   30.000012048.4873   15.8204
    7.5000  -37.5000   30.000011356.4375   15.8126
   -7.5000  -30.0000   30.000012605.2900   15.8339
    0.0000  -30.0000   30.000013218.7314   15.8327
    7.5000  -30.0000   30.000012371.3486   15.8210
   -7.5000  -22.5000   30.000013574.1133   15.8912
    0.0000  -22.5000   30.000014259.3916   15.8845
    7.5000  -22.5000   30.000013302.7393   15.8713
   -7.5000  -15.0000   30.000014387.1025   15.9320
    0.0000  -15.0000   30.000015076.8750   15.9244
    7.5000  -15.0000   30.000014075.6494   15.9132
   -7.5000   -7.5000   30.000015130.4902   15.9132
    0.0000   -7.5000   30.000015829.1768   15.9108
    7.5000   -7.5000   30.000014812.3818   15.9021
   -7.5000    0.0000   30.000015758.1943   15.8567
    0.0000    0.0000   30.000016499.1387   15.8585
    7.5000    0.0000   30.000015443.5830   15.8518
   -7.5000    7.5000   30.000014758.8867   15.8182
    0.0000    7.5000   30.000015437.8643   15.8204
    7.5000    7.5000   30.000014452.5244   15.8126
   -7.5000   15.0000   30.000013691.6748   15.8339
    0.0000   15.0000   30.000014294.7334   15.8327
    7.5000   15.0000   30.000013391.3105   15.8210
   -7.5000   22.5000   30.000012727.3076   15.8839
    0.0000   22.5000   30.000013260.1738   15.8772
    7.5000   22.5000   30.000012435.5830   15.8640
   -7.5000   30.0000   30.000011616.0684   15.7259
    0.0000   30.0000   30.000012132.6982   15.7183
    7.5000   30.0000   30.000011405.8428   15.7073
   -7.5000   37.5000   30.000010852.1279   15.7073
    0.0000   37.5000   30.000011308.9717   15.7049
    7.5000   37.5000   30.000010665.5850   15.6963
   -7.5000   45.0000   30.0000 9636.9531   15.2840
    0.0000   45.0000   30.000010033.8975   15.2858
    7.5000   45.0000   30.0000 9491.0293   15.2793
   -7.5000  -45.0000   37.500010444.7480   15.9907
    0.0000  -45.0000   37.500010881.3389   15.9967
    7.5000  -45.0000   37.500010400.0879   15.9892
   -7.5000  -37.5000   37.500011043.8564   15.9430
    0.0000  -37.5000   37.500011522.5625   15.9467
    7.5000  -37.5000   37.500011017.7715   15.9388
   -7.5000  -30.0000   37.500012000.8037   15.9518
    0.0000  -30.0000   37.500012544.4053   15.9507
    7.5000  -30.0000   37.500011954.6221   15.9390
   -7.5000  -22.5000   37.500012884.3145   16.0119
    0.0000  -22.5000   37.500013466.1670   16.0067
    7.5000  -22.5000   37.500012822.5625   15.9930
   -7.5000  -15.0000   37.500013664.4316   16.0614
    0.0000  -15.0000   37.500014267.8447   16.0581
    7.5000  -15.0000   37.500013565.7646   16.0459
   -7.5000   -7.5000   37.500014428.4863   16.0490
    0.0000   -7.5000   37.500015054.6152   16.0521
    7.5000   -7.5000   37.500014268.2227   16.0424
   -7.5000    0.0000   37.500015145.0215   15.9907
    0.0000    0.0000   37.500015793.5107   15.9967
    7.5000    0.0000   37.500014930.4521   15.9892
   -7.5000    7.5000   37.500014224.0312   15.9430
    0.0000    7.5000   37.500014820.2949   15.9467
    7.5000    7.5000   37.500013990.1875   15.9388
   -7.5000   15.0000   37.500013229.8398   15.9518
    0.0000   15.0000   37.500013775.9512   15.9507
    7.5000   15.0000   37.500012995.5527   15.9390
   -7.5000   22.5000   37.500012289.5791   16.0045
    0.0000   22.5000   37.500012790.6934   15.9993
    7.5000   22.5000   37.500012068.1914   15.9856
   -7.5000   30.0000   37.500011191.0459   15.8535
    0.0000   30.0000   37.500011653.3057   15.8503
    7.5000   30.0000   37.500011031.0098   15.8382
   -7.5000   37.5000   37.500010434.9756   15.8413
    0.0000   37.5000   37.500010864.5039   15.8444
    7.5000   37.5000   37.500010316.8340   15.8347
   -7.5000   45.0000   37.5000 9278.4561   15.4132
    0.0000   45.0000   37.5000 9654.6768   15.4190
    7.5000   45.0000   37.5000 9199.1699   15.4118
   -7.5000  -45.0000   45.0000 9585.9316   16.1868
    0.0000  -45.0000   45.0000 9990.4463   16.1968
    7.5000  -45.0000   45.0000 9608.8984   16.1905
   -7.5000  -37.5000   45.000010115.3574   16.1396
    0.0000  -37.5000   45.000010564.7168   16.1464
    7.5000  -37.5000   45.000010153.8828   16.1392
   -7.5000  -30.0000   45.000010985.5469   16.1467
    0.0000  -30.0000   45.000011454.2627   16.1445
    7.5000  -30.0000   45.000010998.6016   16.1324
   -7.5000  -22.5000   45.000011799.2793   16.2037
    0.0000  -22.5000   45.000012269.9727   16.1942
    7.5000  -22.5000   45.000011779.0898   16.1791
   -7.5000  -15.0000   45.000012514.8535   16.2521
    0.0000  -15.0000   45.000013015.1172   16.2456
    7.5000  -15.0000   45.000012462.9922   16.2322
   -7.5000   -7.5000   45.000013233.5137   16.2423
    0.0000   -7.5000   45.000013758.7793   16.2462
    7.5000   -7.5000   45.000013120.8691   16.2370
   -7.5000    0.0000   45.000013927.4941   16.1868
    0.0000    0.0000   45.000014468.5703   16.1968
    7.5000    0.0000   45.000013772.9453   16.1905
   -7.5000    7.5000   45.000013116.8574   16.1396
    0.0000    7.5000   45.000013638.8027   16.1464
    7.5000    7.5000   45.000012949.6855   16.1392
   -7.5000   15.0000   45.000012190.7451   16.1467
    0.0000   15.0000   45.000012681.9561   16.1445
    7.5000   15.0000   45.000012038.0137   16.1324
   -7.5000   22.5000   45.000011319.3584   16.1962
    0.0000   22.5000   45.000011781.9707   16.1867
    7.5000   22.5000   45.000011183.0898   16.1716
   -7.5000   30.0000   45.000010308.4102   16.0404
    0.0000   30.0000   45.000010762.4141   16.0339
    7.5000   30.0000   45.000010204.3330   16.0207
   -7.5000   37.5000   45.0000 9620.5977   16.0307
    0.0000   37.5000   45.000010031.1875   16.0346
    7.5000   37.5000   45.0000 9526.2598   16.0254
   -7.5000   45.0000   45.0000 8571.4199   15.6092
    0.0000   45.0000   45.0000 8908.6885   15.6189
    7.5000   45.0000   45.0000 8483.6289   15.6129

---------------------------------------------------------------------
imgreg_4dfp /opt/freesurfer/average/711-2C_as_mni_average_305 /opt/freesurfer/average/711-2B_as_mni_average_305_mask talsrcimg_g11 none talsrcimg_to_711-2C_as_mni_average_305_t4 4355
---------------------------------------------------------------------

freesurfer imgreg_4dfp.c
/opt/freesurfer/average/711-2C_as_mni_average_305.4dfp.img
       256       256       256         1
  1.000000  1.000000  1.000000
orientation T byte_order littleendian
Reading image: /opt/freesurfer/average/711-2C_as_mni_average_305.4dfp.img
dimensions:      256       256       256
mmppix:       1.0000   -1.0000   -1.0000
center:     128.0000 -129.0000 -129.0000
/opt/freesurfer/average/711-2B_as_mni_average_305_mask.4dfp.img
       256       256       256         1
  1.000000  1.000000  1.000000
orientation T byte_order littleendian
Reading mask: /opt/freesurfer/average/711-2B_as_mni_average_305_mask.4dfp.img (2306576 pixels)
talsrcimg_g11.4dfp.img
       256       256       256         1
  1.000000  1.000000  1.000000
orientation T byte_order littleendian
Reading image: talsrcimg_g11.4dfp.img
dimensions:      256       256       256
mmppix:       1.0000   -1.0000   -1.0000
center:     128.0000 -129.0000 -129.0000
rotation matrix determinant  1.000000
image alignment mode   4355 decimal     1103 hex
   -7.5000  -45.0000  -45.0000 2185.1348   18.2582
    0.0000  -45.0000  -45.0000 2194.7708   18.2448
    7.5000  -45.0000  -45.0000 2182.0781   18.2987
   -7.5000  -37.5000  -45.0000 2244.5447   17.1857
    0.0000  -37.5000  -45.0000 2255.9045   17.1521
    7.5000  -37.5000  -45.0000 2241.3782   17.1602
   -7.5000  -30.0000  -45.0000 2265.9248   16.4820
    0.0000  -30.0000  -45.0000 2283.1111   16.4009
    7.5000  -30.0000  -45.0000 2266.4153   16.4142
   -7.5000  -22.5000  -45.0000 2274.2200   16.0498
    0.0000  -22.5000  -45.0000 2291.8330   15.9384
    7.5000  -22.5000  -45.0000 2279.1753   15.9662
   -7.5000  -15.0000  -45.0000 2272.8069   15.9203
    0.0000  -15.0000  -45.0000 2290.1992   15.8090
    7.5000  -15.0000  -45.0000 2279.6052   15.8477
   -7.5000   -7.5000  -45.0000 2261.1194   16.0184
    0.0000   -7.5000  -45.0000 2278.3015   15.9484
    7.5000   -7.5000  -45.0000 2265.4319   16.0054
   -7.5000    0.0000  -45.0000 2234.1545   16.4367
    0.0000    0.0000  -45.0000 2250.4114   16.3313
    7.5000    0.0000  -45.0000 2241.9744   16.4037
   -7.5000    7.5000  -45.0000 2202.2173   17.0715
    0.0000    7.5000  -45.0000 2219.6321   16.9881
    7.5000    7.5000  -45.0000 2209.8635   17.0547
   -7.5000   15.0000  -45.0000 2157.8320   18.0636
    0.0000   15.0000  -45.0000 2174.3254   17.9244
    7.5000   15.0000  -45.0000 2160.1499   17.9764
   -7.5000   22.5000  -45.0000 2092.9475   19.4267
    0.0000   22.5000  -45.0000 2105.8499   19.2364
    7.5000   22.5000  -45.0000 2091.6670   19.3558
   -7.5000   30.0000  -45.0000 2000.0917   21.2469
    0.0000   30.0000  -45.0000 2015.9371   21.0790
    7.5000   30.0000  -45.0000 1999.8813   21.2328
   -7.5000   37.5000  -45.0000 1908.2073   23.7849
    0.0000   37.5000  -45.0000 1915.9008   23.5901
    7.5000   37.5000  -45.0000 1911.0308   23.7744
   -7.5000   45.0000  -45.0000 1801.5656   27.0817
    0.0000   45.0000  -45.0000 1808.6603   26.8973
    7.5000   45.0000  -45.0000 1799.9572   27.1690
   -7.5000  -45.0000  -37.5000 2286.0737   16.9391
    0.0000  -45.0000  -37.5000 2292.8862   16.9205
    7.5000  -45.0000  -37.5000 2279.3982   16.9421
   -7.5000  -37.5000  -37.5000 2344.5024   15.9356
    0.0000  -37.5000  -37.5000 2354.4299   15.8800
    7.5000  -37.5000  -37.5000 2339.4368   15.8842
   -7.5000  -30.0000  -37.5000 2367.1575   15.2434
    0.0000  -30.0000  -37.5000 2381.3162   15.1409
    7.5000  -30.0000  -37.5000 2364.8762   15.1365
   -7.5000  -22.5000  -37.5000 2375.6804   14.8169
    0.0000  -22.5000  -37.5000 2392.5999   14.7092
    7.5000  -22.5000  -37.5000 2379.3884   14.7459
   -7.5000  -15.0000  -37.5000 2374.3479   14.6619
    0.0000  -15.0000  -37.5000 2388.0598   14.5561
    7.5000  -15.0000  -37.5000 2380.4766   14.5908
   -7.5000   -7.5000  -37.5000 2363.7500   14.6923
    0.0000   -7.5000  -37.5000 2383.3118   14.6397
    7.5000   -7.5000  -37.5000 2372.5195   14.6878
   -7.5000    0.0000  -37.5000 2348.3315   15.0516
    0.0000    0.0000  -37.5000 2365.4856   14.9738
    7.5000    0.0000  -37.5000 2351.0112   15.0588
   -7.5000    7.5000  -37.5000 2319.5479   15.6509
    0.0000    7.5000  -37.5000 2335.7974   15.5967
    7.5000    7.5000  -37.5000 2319.8354   15.6443
   -7.5000   15.0000  -37.5000 2266.4690   16.6228
    0.0000   15.0000  -37.5000 2281.0024   16.5026
    7.5000   15.0000  -37.5000 2269.2266   16.5349
   -7.5000   22.5000  -37.5000 2195.1416   17.9147
    0.0000   22.5000  -37.5000 2208.0566   17.7191
    7.5000   22.5000  -37.5000 2193.4707   17.8224
   -7.5000   30.0000  -37.5000 2093.8987   19.5985
    0.0000   30.0000  -37.5000 2107.9443   19.3907
    7.5000   30.0000  -37.5000 2093.6606   19.4987
   -7.5000   37.5000  -37.5000 1995.7021   21.9393
    0.0000   37.5000  -37.5000 2004.8730   21.7164
    7.5000   37.5000  -37.5000 1996.0038   21.8648
   -7.5000   45.0000  -37.5000 1880.0693   24.9785
    0.0000   45.0000  -37.5000 1885.1722   24.8001
    7.5000   45.0000  -37.5000 1873.5231   24.9968
   -7.5000  -45.0000  -30.0000 2415.2390   16.2792
    0.0000  -45.0000  -30.0000 2424.2576   16.2142
    7.5000  -45.0000  -30.0000 2400.0146   16.2594
   -7.5000  -37.5000  -30.0000 2480.0828   15.2600
    0.0000  -37.5000  -30.0000 2488.3040   15.1622
    7.5000  -37.5000  -30.0000 2464.0754   15.2215
   -7.5000  -30.0000  -30.0000 2510.5288   14.6134
    0.0000  -30.0000  -30.0000 2517.3303   14.4811
    7.5000  -30.0000  -30.0000 2497.7588   14.5062
   -7.5000  -22.5000  -30.0000 2523.9797   14.1787
    0.0000  -22.5000  -30.0000 2532.8181   14.0403
    7.5000  -22.5000  -30.0000 2517.5588   14.0979
   -7.5000  -15.0000  -30.0000 2527.2717   13.9928
    0.0000  -15.0000  -30.0000 2534.7529   13.8548
    7.5000  -15.0000  -30.0000 2522.9438   13.9304
   -7.5000   -7.5000  -30.0000 2515.0845   14.0347
    0.0000   -7.5000  -30.0000 2531.9937   13.8992
    7.5000   -7.5000  -30.0000 2520.1917   13.9957
   -7.5000    0.0000  -30.0000 2501.6653   14.3721
    0.0000    0.0000  -30.0000 2517.9399   14.2370
    7.5000    0.0000  -30.0000 2499.9226   14.3328
   -7.5000    7.5000  -30.0000 2467.4817   14.9765
    0.0000    7.5000  -30.0000 2487.6741   14.8531
    7.5000    7.5000  -30.0000 2466.4895   14.9304
   -7.5000   15.0000  -30.0000 2410.1230   15.8907
    0.0000   15.0000  -30.0000 2428.6963   15.7922
    7.5000   15.0000  -30.0000 2409.7695   15.8319
   -7.5000   22.5000  -30.0000 2333.1182   17.1316
    0.0000   22.5000  -30.0000 2344.8411   17.0217
    7.5000   22.5000  -30.0000 2322.7461   17.0797
   -7.5000   30.0000  -30.0000 2225.5701   18.7764
    0.0000   30.0000  -30.0000 2240.0354   18.6209
    7.5000   30.0000  -30.0000 2216.4155   18.6945
   -7.5000   37.5000  -30.0000 2116.1299   20.9103
    0.0000   37.5000  -30.0000 2127.9519   20.8069
    7.5000   37.5000  -30.0000 2111.8667   20.9200
   -7.5000   45.0000  -30.0000 1985.6818   23.7266
    0.0000   45.0000  -30.0000 1992.5459   23.6143
    7.5000   45.0000  -30.0000 1980.7557   23.8165
   -7.5000  -45.0000  -22.5000 2507.7424   15.4884
    0.0000  -45.0000  -22.5000 2515.7588   15.3822
    7.5000  -45.0000  -22.5000 2495.4521   15.4348
   -7.5000  -37.5000  -22.5000 2577.9719   14.4606
    0.0000  -37.5000  -22.5000 2585.8735   14.3526
    7.5000  -37.5000  -22.5000 2567.5718   14.4133
   -7.5000  -30.0000  -22.5000 2613.5354   13.8425
    0.0000  -30.0000  -22.5000 2619.1902   13.6964
    7.5000  -30.0000  -22.5000 2609.4919   13.7633
   -7.5000  -22.5000  -22.5000 2639.2642   13.4122
    0.0000  -22.5000  -22.5000 2647.8489   13.2621
    7.5000  -22.5000  -22.5000 2634.1462   13.3351
   -7.5000  -15.0000  -22.5000 2653.4319   13.2012
    0.0000  -15.0000  -22.5000 2661.6694   13.0695
    7.5000  -15.0000  -22.5000 2650.0781   13.1431
   -7.5000   -7.5000  -22.5000 2648.7524   13.2619
    0.0000   -7.5000  -22.5000 2666.4407   13.1008
    7.5000   -7.5000  -22.5000 2646.7979   13.2116
   -7.5000    0.0000  -22.5000 2629.7864   13.5976
    0.0000    0.0000  -22.5000 2648.3440   13.4604
    7.5000    0.0000  -22.5000 2627.8579   13.5745
   -7.5000    7.5000  -22.5000 2594.0103   14.1896
    0.0000    7.5000  -22.5000 2618.5569   14.0565
    7.5000    7.5000  -22.5000 2593.4314   14.1578
   -7.5000   15.0000  -22.5000 2528.0891   15.0564
    0.0000   15.0000  -22.5000 2546.5854   14.9238
    7.5000   15.0000  -22.5000 2523.5913   15.0146
   -7.5000   22.5000  -22.5000 2441.0786   16.2344
    0.0000   22.5000  -22.5000 2457.8359   16.1296
    7.5000   22.5000  -22.5000 2435.3821   16.1930
   -7.5000   30.0000  -22.5000 2331.9326   17.8080
    0.0000   30.0000  -22.5000 2349.4397   17.6994
    7.5000   30.0000  -22.5000 2324.2715   17.7672
   -7.5000   37.5000  -22.5000 2208.3213   19.8262
    0.0000   37.5000  -22.5000 2224.4180   19.7472
    7.5000   37.5000  -22.5000 2202.2844   19.8280
   -7.5000   45.0000  -22.5000 2071.2407   22.4279
    0.0000   45.0000  -22.5000 2078.6838   22.3733
    7.5000   45.0000  -22.5000 2065.7434   22.4983
   -7.5000  -45.0000  -15.0000 2570.6260   14.6950
    0.0000  -45.0000  -15.0000 2579.2935   14.5773
    7.5000  -45.0000  -15.0000 2559.9648   14.6533
   -7.5000  -37.5000  -15.0000 2647.2078   13.6913
    0.0000  -37.5000  -15.0000 2658.4795   13.5401
    7.5000  -37.5000  -15.0000 2640.9385   13.6107
   -7.5000  -30.0000  -15.0000 2689.0190   13.0391
    0.0000  -30.0000  -15.0000 2702.7253   12.9120
    7.5000  -30.0000  -15.0000 2692.2024   12.9481
   -7.5000  -22.5000  -15.0000 2727.4333   12.6118
    0.0000  -22.5000  -15.0000 2738.2229   12.4846
    7.5000  -22.5000  -15.0000 2727.3066   12.5710
   -7.5000  -15.0000  -15.0000 2744.4194   12.3890
    0.0000  -15.0000  -15.0000 2760.3855   12.2908
    7.5000  -15.0000  -15.0000 2746.4839   12.3789
   -7.5000   -7.5000  -15.0000 2750.0244   12.4498
    0.0000   -7.5000  -15.0000 2772.0244   12.3375
    7.5000   -7.5000  -15.0000 2749.7800   12.4601
   -7.5000    0.0000  -15.0000 2731.0247   12.8256
    0.0000    0.0000  -15.0000 2754.2476   12.6988
    7.5000    0.0000  -15.0000 2729.6643   12.8345
   -7.5000    7.5000  -15.0000 2690.1057   13.4083
    0.0000    7.5000  -15.0000 2714.3276   13.2814
    7.5000    7.5000  -15.0000 2690.6621   13.4239
   -7.5000   15.0000  -15.0000 2618.3823   14.2232
    0.0000   15.0000  -15.0000 2637.6394   14.0878
    7.5000   15.0000  -15.0000 2618.2971   14.2037
   -7.5000   22.5000  -15.0000 2525.1099   15.3844
    0.0000   22.5000  -15.0000 2540.8799   15.2428
    7.5000   22.5000  -15.0000 2526.9473   15.3460
   -7.5000   30.0000  -15.0000 2404.9421   16.9105
    0.0000   30.0000  -15.0000 2419.6436   16.7556
    7.5000   30.0000  -15.0000 2404.4436   16.8724
   -7.5000   37.5000  -15.0000 2271.9978   18.8432
    0.0000   37.5000  -15.0000 2286.8867   18.7204
    7.5000   37.5000  -15.0000 2266.2126   18.7970
   -7.5000   45.0000  -15.0000 2126.4697   21.1967
    0.0000   45.0000  -15.0000 2139.0881   21.1909
    7.5000   45.0000  -15.0000 2121.5144   21.1912
   -7.5000  -45.0000   -7.5000 2606.9019   13.9652
    0.0000  -45.0000   -7.5000 2620.9597   13.8721
    7.5000  -45.0000   -7.5000 2610.9460   13.9651
   -7.5000  -37.5000   -7.5000 2695.4500   12.9558
    0.0000  -37.5000   -7.5000 2714.2556   12.8368
    7.5000  -37.5000   -7.5000 2701.8770   12.9127
   -7.5000  -30.0000   -7.5000 2759.3018   12.3257
    0.0000  -30.0000   -7.5000 2778.7197   12.1904
    7.5000  -30.0000   -7.5000 2767.7126   12.2344
   -7.5000  -22.5000   -7.5000 2801.2131   11.9157
    0.0000  -22.5000   -7.5000 2821.6091   11.8047
    7.5000  -22.5000   -7.5000 2810.6404   11.8785
   -7.5000  -15.0000   -7.5000 2823.5513   11.6991
    0.0000  -15.0000   -7.5000 2844.7134   11.6077
    7.5000  -15.0000   -7.5000 2827.4031   11.7236
   -7.5000   -7.5000   -7.5000 2833.0281   11.7591
    0.0000   -7.5000   -7.5000 2858.0774   11.6535
    7.5000   -7.5000   -7.5000 2837.0957   11.8005
   -7.5000    0.0000   -7.5000 2812.3359   12.1223
    0.0000    0.0000   -7.5000 2838.1851   12.0350
    7.5000    0.0000   -7.5000 2816.1475   12.1683
   -7.5000    7.5000   -7.5000 2765.6208   12.6780
    0.0000    7.5000   -7.5000 2787.3889   12.5784
    7.5000    7.5000   -7.5000 2770.7942   12.7229
   -7.5000   15.0000   -7.5000 2687.8884   13.4535
    0.0000   15.0000   -7.5000 2705.5540   13.3562
    7.5000   15.0000   -7.5000 2695.4397   13.4917
   -7.5000   22.5000   -7.5000 2587.3418   14.6059
    0.0000   22.5000   -7.5000 2603.2454   14.4782
    7.5000   22.5000   -7.5000 2591.7168   14.6182
   -7.5000   30.0000   -7.5000 2464.2185   16.1194
    0.0000   30.0000   -7.5000 2478.7256   15.9596
    7.5000   30.0000   -7.5000 2463.2019   16.1308
   -7.5000   37.5000   -7.5000 2319.9949   17.9714
    0.0000   37.5000   -7.5000 2330.7295   17.8200
    7.5000   37.5000   -7.5000 2315.2859   17.9789
   -7.5000   45.0000   -7.5000 2168.4519   20.2250
    0.0000   45.0000   -7.5000 2172.0691   20.1452
    7.5000   45.0000   -7.5000 2160.4363   20.2708
   -7.5000  -45.0000    0.0000 2631.7739   13.4978
    0.0000  -45.0000    0.0000 2645.1284   13.4270
    7.5000  -45.0000    0.0000 2630.1516   13.4992
   -7.5000  -37.5000    0.0000 2737.7979   12.5170
    0.0000  -37.5000    0.0000 2752.0498   12.4181
    7.5000  -37.5000    0.0000 2739.4387   12.4872
   -7.5000  -30.0000    0.0000 2815.6018   11.8709
    0.0000  -30.0000    0.0000 2838.3662   11.7407
    7.5000  -30.0000    0.0000 2823.3149   11.8061
   -7.5000  -22.5000    0.0000 2864.2070   11.4370
    0.0000  -22.5000    0.0000 2887.4465   11.3269
    7.5000  -22.5000    0.0000 2870.2690   11.4103
   -7.5000  -15.0000    0.0000 2889.2324   11.2084
    0.0000  -15.0000    0.0000 2916.2078   11.1233
    7.5000  -15.0000    0.0000 2891.8721   11.2334
   -7.5000   -7.5000    0.0000 2900.5203   11.2609
    0.0000   -7.5000    0.0000 2925.5488   11.1828
    7.5000   -7.5000    0.0000 2902.1123   11.3207
   -7.5000    0.0000    0.0000 2873.6121   11.6100
    0.0000    0.0000    0.0000 2898.3271   11.5237
    7.5000    0.0000    0.0000 2880.8616   11.6714
   -7.5000    7.5000    0.0000 2817.6250   12.1540
    0.0000    7.5000    0.0000 2838.0005   12.0593
    7.5000    7.5000    0.0000 2826.7197   12.2251
   -7.5000   15.0000    0.0000 2732.4050   12.9553
    0.0000   15.0000    0.0000 2752.1685   12.8699
    7.5000   15.0000    0.0000 2737.1953   13.0313
   -7.5000   22.5000    0.0000 2628.0005   14.0979
    0.0000   22.5000    0.0000 2647.0227   13.9843
    7.5000   22.5000    0.0000 2631.7593   14.1625
   -7.5000   30.0000    0.0000 2506.8179   15.5700
    0.0000   30.0000    0.0000 2525.1406   15.4244
    7.5000   30.0000    0.0000 2505.2117   15.6118
   -7.5000   37.5000    0.0000 2352.5137   17.2949
    0.0000   37.5000    0.0000 2369.9548   17.2101
    7.5000   37.5000    0.0000 2351.8079   17.3748
   -7.5000   45.0000    0.0000 2197.3633   19.5552
    0.0000   45.0000    0.0000 2204.6726   19.4840
    7.5000   45.0000    0.0000 2193.1345   19.6258
   -7.5000  -45.0000    7.5000 2650.0071   13.2938
    0.0000  -45.0000    7.5000 2659.4775   13.1853
    7.5000  -45.0000    7.5000 2644.6133   13.2950
   -7.5000  -37.5000    7.5000 2759.6704   12.2954
    0.0000  -37.5000    7.5000 2775.0447   12.2103
    7.5000  -37.5000    7.5000 2760.3699   12.2383
   -7.5000  -30.0000    7.5000 2852.7739   11.6517
    0.0000  -30.0000    7.5000 2873.0413   11.5727
    7.5000  -30.0000    7.5000 2857.9839   11.5687
   -7.5000  -22.5000    7.5000 2917.1326   11.2128
    0.0000  -22.5000    7.5000 2946.2349   11.1290
    7.5000  -22.5000    7.5000 2915.7439   11.1526
   -7.5000  -15.0000    7.5000 2950.5562   10.9040
    0.0000  -15.0000    7.5000 2981.5627   10.8238
    7.5000  -15.0000    7.5000 2934.1501   10.9185
   -7.5000   -7.5000    7.5000 2955.4792   10.9531
    0.0000   -7.5000    7.5000 2980.8420   10.8846
    7.5000   -7.5000    7.5000 2948.6748   11.0082
   -7.5000    0.0000    7.5000 2919.7766   11.3077
    0.0000    0.0000    7.5000 2948.6199   11.2136
    7.5000    0.0000    7.5000 2922.2803   11.3796
   -7.5000    7.5000    7.5000 2860.2144   11.8753
    0.0000    7.5000    7.5000 2882.7007   11.7828
    7.5000    7.5000    7.5000 2862.5215   11.9521
   -7.5000   15.0000    7.5000 2771.1184   12.7106
    0.0000   15.0000    7.5000 2788.2004   12.5985
    7.5000   15.0000    7.5000 2768.9167   12.7769
   -7.5000   22.5000    7.5000 2660.9636   13.8462
    0.0000   22.5000    7.5000 2677.7063   13.6786
    7.5000   22.5000    7.5000 2661.8530   13.8740
   -7.5000   30.0000    7.5000 2534.0154   15.2378
    0.0000   30.0000    7.5000 2550.8289   15.0361
    7.5000   30.0000    7.5000 2532.8271   15.2476
   -7.5000   37.5000    7.5000 2379.9888   16.9178
    0.0000   37.5000    7.5000 2392.6985   16.7256
    7.5000   37.5000    7.5000 2378.5491   16.9841
   -7.5000   45.0000    7.5000 2214.7432   19.0397
    0.0000   45.0000    7.5000 2228.0801   18.9425
    7.5000   45.0000    7.5000 2215.9050   19.1484
   -7.5000  -45.0000   15.0000 2639.7109   13.2022
    0.0000  -45.0000   15.0000 2648.1523   13.1492
    7.5000  -45.0000   15.0000 2635.0691   13.2135
   -7.5000  -37.5000   15.0000 2751.4956   12.2131
    0.0000  -37.5000   15.0000 2770.9116   12.1685
    7.5000  -37.5000   15.0000 2760.6648   12.1737
   -7.5000  -30.0000   15.0000 2859.4373   11.5975
    0.0000  -30.0000   15.0000 2882.1309   11.5731
    7.5000  -30.0000   15.0000 2871.2957   11.5178
   -7.5000  -22.5000   15.0000 2944.6836   11.1965
    0.0000  -22.5000   15.0000 2983.5059   11.2301
    7.5000  -22.5000   15.0000 2939.0725   11.0884
   -7.5000  -15.0000   15.0000 2986.9246   10.7989
    0.0000  -15.0000   15.0000 3026.7192   10.7999
    7.5000  -15.0000   15.0000 2957.7529   10.8280
   -7.5000   -7.5000   15.0000 2985.3276   10.8363
    0.0000   -7.5000   15.0000 3014.8181   10.8098
    7.5000   -7.5000   15.0000 2961.7976   10.9249
   -7.5000    0.0000   15.0000 2933.1782   11.2287
    0.0000    0.0000   15.0000 2964.2158   11.1987
    7.5000    0.0000   15.0000 2930.1611   11.2876
   -7.5000    7.5000   15.0000 2869.0908   11.7946
    0.0000    7.5000   15.0000 2897.6565   11.7410
    7.5000    7.5000   15.0000 2865.4880   11.8242
   -7.5000   15.0000   15.0000 2772.8701   12.5946
    0.0000   15.0000   15.0000 2797.6575   12.5178
    7.5000   15.0000   15.0000 2772.2842   12.6016
   -7.5000   22.5000   15.0000 2662.5574   13.6844
    0.0000   22.5000   15.0000 2680.7378   13.5547
    7.5000   22.5000   15.0000 2663.4534   13.6546
   -7.5000   30.0000   15.0000 2539.6226   15.0605
    0.0000   30.0000   15.0000 2558.3669   14.8993
    7.5000   30.0000   15.0000 2537.5444   15.0137
   -7.5000   37.5000   15.0000 2389.7944   16.7561
    0.0000   37.5000   15.0000 2404.4805   16.5989
    7.5000   37.5000   15.0000 2390.8789   16.7550
   -7.5000   45.0000   15.0000 2222.3420   18.8258
    0.0000   45.0000   15.0000 2237.1035   18.7305
    7.5000   45.0000   15.0000 2222.3848   18.8752
   -7.5000  -45.0000   22.5000 2626.6499   13.3567
    0.0000  -45.0000   22.5000 2641.6201   13.3036
    7.5000  -45.0000   22.5000 2633.2295   13.3948
   -7.5000  -37.5000   22.5000 2744.3208   12.3871
    0.0000  -37.5000   22.5000 2766.4060   12.3509
    7.5000  -37.5000   22.5000 2758.5527   12.3385
   -7.5000  -30.0000   22.5000 2853.8572   11.7509
    0.0000  -30.0000   22.5000 2883.7903   11.7809
    7.5000  -30.0000   22.5000 2860.8069   11.6322
   -7.5000  -22.5000   22.5000 2940.9395   11.3137
    0.0000  -22.5000   22.5000 2982.6196   11.4186
    7.5000  -22.5000   22.5000 2933.1411   11.1943
   -7.5000  -15.0000   22.5000 2985.8770   11.0069
    0.0000  -15.0000   22.5000 3025.9355   11.0630
    7.5000  -15.0000   22.5000 2956.3433   10.9679
   -7.5000   -7.5000   22.5000 2978.7747   11.0282
    0.0000   -7.5000   22.5000 3010.1987   11.0604
    7.5000   -7.5000   22.5000 2956.9485   11.0588
   -7.5000    0.0000   22.5000 2924.0498   11.3324
    0.0000    0.0000   22.5000 2956.3701   11.3288
    7.5000    0.0000   22.5000 2919.1287   11.3747
   -7.5000    7.5000   22.5000 2850.9304   11.8696
    0.0000    7.5000   22.5000 2883.1611   11.8228
    7.5000    7.5000   22.5000 2851.6443   11.9028
   -7.5000   15.0000   22.5000 2755.7622   12.6479
    0.0000   15.0000   22.5000 2781.5781   12.5581
    7.5000   15.0000   22.5000 2764.8350   12.6547
   -7.5000   22.5000   22.5000 2659.7983   13.7101
    0.0000   22.5000   22.5000 2671.2766   13.5700
    7.5000   22.5000   22.5000 2658.5068   13.6957
   -7.5000   30.0000   22.5000 2533.8982   15.0848
    0.0000   30.0000   22.5000 2544.9319   14.9208
    7.5000   30.0000   22.5000 2531.4653   15.0831
   -7.5000   37.5000   22.5000 2383.9458   16.8376
    0.0000   37.5000   22.5000 2394.3875   16.6521
    7.5000   37.5000   22.5000 2385.3518   16.8114
   -7.5000   45.0000   22.5000 2216.1350   18.8658
    0.0000   45.0000   22.5000 2235.4314   18.7505
    7.5000   45.0000   22.5000 2218.1543   18.9040
   -7.5000  -45.0000   30.0000 2614.1685   13.7937
    0.0000  -45.0000   30.0000 2634.8518   13.7480
    7.5000  -45.0000   30.0000 2619.5090   13.8356
   -7.5000  -37.5000   30.0000 2732.3462   12.7966
    0.0000  -37.5000   30.0000 2751.7332   12.7642
    7.5000  -37.5000   30.0000 2735.6702   12.7765
   -7.5000  -30.0000   30.0000 2828.7317   12.0987
    0.0000  -30.0000   30.0000 2850.5859   12.0772
    7.5000  -30.0000   30.0000 2830.2161   12.0078
   -7.5000  -22.5000   30.0000 2902.2896   11.6357
    0.0000  -22.5000   30.0000 2932.0115   11.6165
    7.5000  -22.5000   30.0000 2903.3499   11.5831
   -7.5000  -15.0000   30.0000 2940.8306   11.3803
    0.0000  -15.0000   30.0000 2969.1809   11.3636
    7.5000  -15.0000   30.0000 2928.9712   11.3814
   -7.5000   -7.5000   30.0000 2939.7354   11.4209
    0.0000   -7.5000   30.0000 2961.2542   11.4008
    7.5000   -7.5000   30.0000 2927.7422   11.4524
   -7.5000    0.0000   30.0000 2886.2937   11.7137
    0.0000    0.0000   30.0000 2911.0906   11.6939
    7.5000    0.0000   30.0000 2880.4546   11.7612
   -7.5000    7.5000   30.0000 2814.0698   12.2291
    0.0000    7.5000   30.0000 2837.8469   12.1983
    7.5000    7.5000   30.0000 2812.5955   12.2643
   -7.5000   15.0000   30.0000 2729.8066   12.9463
    0.0000   15.0000   30.0000 2748.2820   12.8694
    7.5000   15.0000   30.0000 2729.3245   12.9489
   -7.5000   22.5000   30.0000 2632.9021   13.9547
    0.0000   22.5000   30.0000 2644.6965   13.8249
    7.5000   22.5000   30.0000 2628.2747   13.9182
   -7.5000   30.0000   30.0000 2504.2576   15.2913
    0.0000   30.0000   30.0000 2515.8777   15.1474
    7.5000   30.0000   30.0000 2500.3062   15.2325
   -7.5000   37.5000   30.0000 2360.2715   17.0083
    0.0000   37.5000   30.0000 2367.8025   16.8340
    7.5000   37.5000   30.0000 2359.0896   16.9568
   -7.5000   45.0000   30.0000 2199.8735   19.0866
    0.0000   45.0000   30.0000 2209.1682   18.9258
    7.5000   45.0000   30.0000 2194.0376   19.0876
   -7.5000  -45.0000   37.5000 2583.4807   14.4117
    0.0000  -45.0000   37.5000 2603.5186   14.3353
    7.5000  -45.0000   37.5000 2589.4402   14.5441
   -7.5000  -37.5000   37.5000 2697.1777   13.3369
    0.0000  -37.5000   37.5000 2714.8853   13.2652
    7.5000  -37.5000   37.5000 2704.1848   13.3918
   -7.5000  -30.0000   37.5000 2785.8652   12.5700
    0.0000  -30.0000   37.5000 2807.1794   12.4943
    7.5000  -30.0000   37.5000 2794.2219   12.5721
   -7.5000  -22.5000   37.5000 2849.6968   12.0983
    0.0000  -22.5000   37.5000 2875.2754   12.0125
    7.5000  -22.5000   37.5000 2854.9766   12.1070
   -7.5000  -15.0000   37.5000 2880.0623   11.8614
    0.0000  -15.0000   37.5000 2899.4136   11.8174
    7.5000  -15.0000   37.5000 2877.8142   11.9005
   -7.5000   -7.5000   37.5000 2878.4814   11.9021
    0.0000   -7.5000   37.5000 2897.3711   11.8677
    7.5000   -7.5000   37.5000 2871.3367   11.9431
   -7.5000    0.0000   37.5000 2833.5183   12.2260
    0.0000    0.0000   37.5000 2850.2305   12.1941
    7.5000    0.0000   37.5000 2825.8621   12.2736
   -7.5000    7.5000   37.5000 2763.6602   12.7580
    0.0000    7.5000   37.5000 2781.0015   12.6875
    7.5000    7.5000   37.5000 2762.2224   12.7914
   -7.5000   15.0000   37.5000 2684.7007   13.4855
    0.0000   15.0000   37.5000 2699.7859   13.3968
    7.5000   15.0000   37.5000 2681.4548   13.4772
   -7.5000   22.5000   37.5000 2587.4058   14.4480
    0.0000   22.5000   37.5000 2601.2056   14.3152
    7.5000   22.5000   37.5000 2588.0110   14.3914
   -7.5000   30.0000   37.5000 2458.8557   15.7341
    0.0000   30.0000   37.5000 2471.5811   15.5765
    7.5000   30.0000   37.5000 2463.1465   15.6738
   -7.5000   37.5000   37.5000 2317.3923   17.4018
    0.0000   37.5000   37.5000 2327.8940   17.2486
    7.5000   37.5000   37.5000 2318.2275   17.3848
   -7.5000   45.0000   37.5000 2169.9624   19.5170
    0.0000   45.0000   37.5000 2176.1543   19.3799
    7.5000   45.0000   37.5000 2166.3982   19.5716
   -7.5000  -45.0000   45.0000 2540.0674   15.1788
    0.0000  -45.0000   45.0000 2555.4355   15.0508
    7.5000  -45.0000   45.0000 2545.9434   15.3409
   -7.5000  -37.5000   45.0000 2643.4346   14.0213
    0.0000  -37.5000   45.0000 2659.7087   13.9074
    7.5000  -37.5000   45.0000 2653.1121   14.1483
   -7.5000  -30.0000   45.0000 2724.5413   13.2345
    0.0000  -30.0000   45.0000 2744.5610   13.1013
    7.5000  -30.0000   45.0000 2733.1221   13.2906
   -7.5000  -22.5000   45.0000 2784.3584   12.7664
    0.0000  -22.5000   45.0000 2802.7373   12.6235
    7.5000  -22.5000   45.0000 2786.4980   12.8118
   -7.5000  -15.0000   45.0000 2805.4731   12.5333
    0.0000  -15.0000   45.0000 2822.4121   12.4354
    7.5000  -15.0000   45.0000 2803.2854   12.5911
   -7.5000   -7.5000   45.0000 2797.6746   12.5659
    0.0000   -7.5000   45.0000 2815.3000   12.4900
    7.5000   -7.5000   45.0000 2790.5640   12.6065
   -7.5000    0.0000   45.0000 2756.2781   12.8733
    0.0000    0.0000   45.0000 2769.3914   12.8226
    7.5000    0.0000   45.0000 2753.2539   12.9129
   -7.5000    7.5000   45.0000 2698.0151   13.4160
    0.0000    7.5000   45.0000 2710.9189   13.3355
    7.5000    7.5000   45.0000 2695.3469   13.4465
   -7.5000   15.0000   45.0000 2618.9070   14.1276
    0.0000   15.0000   45.0000 2629.6086   14.0298
    7.5000   15.0000   45.0000 2617.8606   14.1366
   -7.5000   22.5000   45.0000 2521.5491   15.0913
    0.0000   22.5000   45.0000 2532.1440   14.9534
    7.5000   22.5000   45.0000 2521.4712   15.0490
   -7.5000   30.0000   45.0000 2398.4502   16.3647
    0.0000   30.0000   45.0000 2413.4148   16.2057
    7.5000   30.0000   45.0000 2400.9822   16.3238
   -7.5000   37.5000   45.0000 2266.1069   18.0692
    0.0000   37.5000   45.0000 2277.3972   17.8930
    7.5000   37.5000   45.0000 2263.8735   18.0601
   -7.5000   45.0000   45.0000 2127.3257   20.2290
    0.0000   45.0000   45.0000 2128.6411   20.1001
    7.5000   45.0000   45.0000 2121.1021   20.2560

---------------------------------------------------------------------
imgreg_4dfp /opt/freesurfer/average/711-2C_as_mni_average_305 /opt/freesurfer/average/711-2B_as_mni_average_305_mask talsrcimg_g11 none talsrcimg_to_711-2C_as_mni_average_305_t4 1283
---------------------------------------------------------------------

freesurfer imgreg_4dfp.c
/opt/freesurfer/average/711-2C_as_mni_average_305.4dfp.img
       256       256       256         1
  1.000000  1.000000  1.000000
orientation T byte_order littleendian
Reading image: /opt/freesurfer/average/711-2C_as_mni_average_305.4dfp.img
dimensions:      256       256       256
mmppix:       1.0000   -1.0000   -1.0000
center:     128.0000 -129.0000 -129.0000
/opt/freesurfer/average/711-2B_as_mni_average_305_mask.4dfp.img
       256       256       256         1
  1.000000  1.000000  1.000000
orientation T byte_order littleendian
Reading mask: /opt/freesurfer/average/711-2B_as_mni_average_305_mask.4dfp.img (2306576 pixels)
talsrcimg_g11.4dfp.img
       256       256       256         1
  1.000000  1.000000  1.000000
orientation T byte_order littleendian
Reading image: talsrcimg_g11.4dfp.img
dimensions:      256       256       256
mmppix:       1.0000   -1.0000   -1.0000
center:     128.0000 -129.0000 -129.0000
rotation matrix determinant  1.000000
fimgreg.f
image alignment mode   1283 decimal      503 hex
parameters
    0.0000  -15.0000   15.0000    0.0000    0.0000    0.0000
eta,q 0.95096 10.78049
niter,ni,del,rscale     5    3   12.0000    1.2000
parameter  3 -0.705574 -> -0.500000 qaram    1.1500
parameter  6  0.943414 ->  0.500000 qaram    1.1500
parameters
   -1.2815  -13.8645   18.4500    1.8357    1.0352   -3.4500
eta,q 0.95840 10.77597
  0.0564  0.0608  0.0556  0.0537  0.0523  0.0417
  0.0498  0.0546  0.0547  0.0504  0.0487  0.0414
  0.0468  0.0500  0.0512  0.0469  0.0461  0.0425
  0.0484  0.0467  0.0466  0.0446  0.0446  0.0444
  0.0526  0.0476  0.0445  0.0446  0.0444  0.0470
  0.0586  0.0509  0.0452  0.0455  0.0456  0.0501
  0.0650  0.0529  0.0466  0.0472  0.0486  0.0535
niter,ni,del,rscale     6    3   12.0000    1.2000
parameters
   -1.8451  -14.3726   18.3292    2.4567    1.7306   -4.0069
eta,q 0.95929 10.77919
  0.0556  0.0516  0.0523  0.0500  0.0504  0.0473
  0.0472  0.0442  0.0468  0.0447  0.0461  0.0434
  0.0417  0.0405  0.0414  0.0412  0.0425  0.0409
  0.0416  0.0412  0.0408  0.0408  0.0409  0.0409
  0.0458  0.0439  0.0418  0.0414  0.0414  0.0424
  0.0524  0.0490  0.0462  0.0436  0.0433  0.0453
  0.0600  0.0533  0.0540  0.0459  0.0471  0.0493
niter,ni,del,rscale     5    3   12.0000    1.2000
parameters
   -2.0507  -14.6266   18.3501    2.6388    1.9234   -4.0370
eta,q 0.95940 10.78553
  0.0568  0.0517  0.0525  0.0484  0.0495  0.0482
  0.0478  0.0445  0.0474  0.0433  0.0450  0.0443
  0.0418  0.0406  0.0414  0.0403  0.0416  0.0412
  0.0407  0.0406  0.0405  0.0405  0.0406  0.0406
  0.0440  0.0425  0.0416  0.0415  0.0415  0.0417
  0.0504  0.0474  0.0457  0.0439  0.0440  0.0443
  0.0579  0.0522  0.0533  0.0463  0.0485  0.0483
niter,ni,del,rscale     4    3   12.0000    1.2000
parameters
   -2.1017  -14.7130   18.3655    2.7056    1.9712   -4.0361
eta,q 0.95940 10.78762
  0.0576  0.0522  0.0525  0.0481  0.0491  0.0483
  0.0482  0.0450  0.0474  0.0429  0.0447  0.0443
  0.0419  0.0409  0.0414  0.0402  0.0414  0.0413
  0.0406  0.0406  0.0406  0.0406  0.0406  0.0406
  0.0435  0.0421  0.0417  0.0416  0.0416  0.0416
  0.0496  0.0468  0.0457  0.0441  0.0442  0.0442
  0.0570  0.0516  0.0533  0.0463  0.0490  0.0482
niter,ni,del,rscale     3    3   12.0000    1.2000
parameters
   -2.1141  -14.7472   18.3722    2.7297    1.9856   -4.0355
eta,q 0.95940 10.78832
  0.0578  0.0524  0.0525  0.0479  0.0491  0.0483
  0.0483  0.0451  0.0474  0.0428  0.0446  0.0443
  0.0420  0.0409  0.0414  0.0402  0.0414  0.0413
  0.0406  0.0406  0.0406  0.0406  0.0406  0.0406
  0.0435  0.0420  0.0417  0.0417  0.0416  0.0416
  0.0494  0.0466  0.0458  0.0441  0.0443  0.0442
  0.0568  0.0515  0.0534  0.0464  0.0491  0.0482
registration optimization eta report
parameter search radius
    6.0000    6.0000    6.9000    6.0000    6.0000    6.9000
100000*second partial in parameter space
       46.       32.       26.       19.       24.       16.
  0.0578  0.0524  0.0525  0.0479  0.0491  0.0483
  0.0483  0.0451  0.0474  0.0428  0.0446  0.0443
  0.0420  0.0409  0.0414  0.0402  0.0414  0.0413
  0.0406  0.0406  0.0406  0.0406  0.0406  0.0406
  0.0435  0.0420  0.0417  0.0417  0.0416  0.0416
  0.0494  0.0466  0.0458  0.0441  0.0443  0.0442
  0.0568  0.0515  0.0534  0.0464  0.0491  0.0482
   -2.1141  -14.7472   18.3722    2.7297    1.9856   -4.0355
eta,q 0.95940 10.78832

---------------------------------------------------------------------
imgreg_4dfp /opt/freesurfer/average/711-2C_as_mni_average_305 /opt/freesurfer/average/711-2B_as_mni_average_305_mask talsrcimg_g11 none talsrcimg_to_711-2C_as_mni_average_305_t4 3335
---------------------------------------------------------------------

freesurfer imgreg_4dfp.c
/opt/freesurfer/average/711-2C_as_mni_average_305.4dfp.img
       256       256       256         1
  1.000000  1.000000  1.000000
orientation T byte_order littleendian
Reading image: /opt/freesurfer/average/711-2C_as_mni_average_305.4dfp.img
dimensions:      256       256       256
mmppix:       1.0000   -1.0000   -1.0000
center:     128.0000 -129.0000 -129.0000
/opt/freesurfer/average/711-2B_as_mni_average_305_mask.4dfp.img
       256       256       256         1
  1.000000  1.000000  1.000000
orientation T byte_order littleendian
Reading mask: /opt/freesurfer/average/711-2B_as_mni_average_305_mask.4dfp.img (2306576 pixels)
talsrcimg_g11.4dfp.img
       256       256       256         1
  1.000000  1.000000  1.000000
orientation T byte_order littleendian
Reading image: talsrcimg_g11.4dfp.img
dimensions:      256       256       256
mmppix:       1.0000   -1.0000   -1.0000
center:     128.0000 -129.0000 -129.0000
fimgreg.f
image alignment mode   3335 decimal      D07 hex
parameters
   -2.1141  -14.7472   18.3722   -0.3078   -0.3495   -0.1734
    6.8649   -3.7875   -7.0332   -4.5071    3.4648    4.7596
eta,q 0.95941 10.83680
niter,ni,del,rscale     5    3    5.0000    1.2000
parameter  4  0.751303 ->  0.500000 qaram    1.1500
parameter  5-13.044986 ->  0.500000 qaram    1.1500
parameter  6  0.727821 ->  0.500000 qaram    1.1500
parameters
   -2.1965  -14.6801   18.7934   -4.4478   -4.4895   -4.3134
    6.4581   -3.2642   -4.8144   -4.9164    2.1976    4.4716
eta,q 0.97170 10.77057
  0.0439  0.0416  0.0432  0.0383  0.0273  0.0296  0.0308  0.0341  0.0325  0.0330  0.0291  0.0296
  0.0420  0.0410  0.0422  0.0384  0.0303  0.0287  0.0295  0.0312  0.0307  0.0305  0.0286  0.0289
  0.0409  0.0407  0.0412  0.0390  0.0343  0.0291  0.0288  0.0294  0.0294  0.0288  0.0283  0.0284
  0.0406  0.0406  0.0406  0.0405  0.0385  0.0314  0.0286  0.0286  0.0286  0.0283  0.0283  0.0283
  0.0411  0.0406  0.0405  0.0431  0.0421  0.0365  0.0290  0.0289  0.0283  0.0293  0.0286  0.0285
  0.0424  0.0409  0.0410  0.0469  0.0453  0.0413  0.0299  0.0303  0.0286  0.0314  0.0292  0.0290
  0.0444  0.0415  0.0420  0.0514  0.0486  0.0462  0.0313  0.0327  0.0295  0.0341  0.0301  0.0298
niter,ni,del,rscale     7    3    5.0000    1.2000
parameter  3  0.952312 ->  0.500000 qaram    1.1500
parameter  5  1.156248 ->  0.500000 qaram    1.3225
parameters
   -1.8692  -15.1747   17.4134   -4.9383   -9.2505   -5.7267
    6.4223   -2.7381   -4.7807   -5.7021    2.9534    3.6420
eta,q 0.97717 10.67417
  0.0321  0.0300  0.0265  0.0292  0.0223  0.0271  0.0258  0.0281  0.0255  0.0266  0.0240  0.0239
  0.0302  0.0287  0.0265  0.0280  0.0222  0.0254  0.0242  0.0253  0.0241  0.0243  0.0234  0.0233
  0.0289  0.0281  0.0270  0.0271  0.0236  0.0238  0.0232  0.0236  0.0232  0.0231  0.0231  0.0229
  0.0283  0.0282  0.0281  0.0266  0.0266  0.0225  0.0229  0.0229  0.0229  0.0229  0.0229  0.0228
  0.0283  0.0290  0.0297  0.0266  0.0311  0.0236  0.0233  0.0232  0.0232  0.0238  0.0229  0.0231
  0.0291  0.0304  0.0315  0.0278  0.0356  0.0283  0.0243  0.0245  0.0241  0.0257  0.0231  0.0237
  0.0305  0.0323  0.0335  0.0308  0.0392  0.0332  0.0258  0.0267  0.0254  0.0286  0.0236  0.0246
niter,ni,del,rscale     7    3    5.0000    1.2000
parameters
   -1.7881  -14.9942   16.1921   -2.8590  -12.0246   -6.5339
    6.4803   -2.5907   -4.7560   -5.2770    3.3340    2.0752
eta,q 0.97815 10.64283
  0.0261  0.0265  0.0232  0.0260  0.0250  0.0267  0.0248  0.0271  0.0242  0.0264  0.0230  0.0226
  0.0244  0.0246  0.0225  0.0245  0.0229  0.0249  0.0233  0.0241  0.0230  0.0240  0.0224  0.0221
  0.0233  0.0234  0.0223  0.0232  0.0216  0.0233  0.0223  0.0224  0.0222  0.0226  0.0220  0.0219
  0.0228  0.0228  0.0228  0.0223  0.0218  0.0216  0.0219  0.0219  0.0219  0.0219  0.0219  0.0219
  0.0231  0.0230  0.0239  0.0217  0.0241  0.0219  0.0223  0.0224  0.0222  0.0221  0.0219  0.0222
  0.0241  0.0239  0.0254  0.0220  0.0286  0.0261  0.0232  0.0240  0.0230  0.0234  0.0222  0.0229
  0.0257  0.0256  0.0272  0.0239  0.0340  0.0307  0.0247  0.0266  0.0242  0.0255  0.0228  0.0238
niter,ni,del,rscale     6    3    5.0000    1.2000
parameters
   -1.7521  -14.6966   15.9314   -2.2613  -12.5622   -6.7363
    6.4293   -2.5379   -4.7840   -4.6361    3.2730    1.4417
eta,q 0.97823 10.63922
  0.0251  0.0256  0.0238  0.0251  0.0269  0.0272  0.0247  0.0270  0.0241  0.0264  0.0228  0.0229
  0.0234  0.0237  0.0225  0.0237  0.0247  0.0253  0.0232  0.0240  0.0229  0.0239  0.0222  0.0222
  0.0222  0.0224  0.0219  0.0226  0.0227  0.0236  0.0222  0.0223  0.0221  0.0225  0.0219  0.0218
  0.0218  0.0219  0.0218  0.0218  0.0216  0.0217  0.0218  0.0218  0.0218  0.0218  0.0218  0.0218
  0.0222  0.0220  0.0223  0.0214  0.0220  0.0215  0.0222  0.0224  0.0221  0.0220  0.0219  0.0220
  0.0232  0.0227  0.0233  0.0224  0.0247  0.0247  0.0232  0.0241  0.0229  0.0230  0.0222  0.0225
  0.0250  0.0241  0.0246  0.0250  0.0294  0.0293  0.0247  0.0267  0.0241  0.0249  0.0229  0.0233
niter,ni,del,rscale     5    3    5.0000    1.2000
parameters
   -1.7408  -14.5341   15.7890   -2.0869  -12.6284   -6.8241
    6.4334   -2.4766   -4.7269   -4.2917    3.1516    1.1403
eta,q 0.97825 10.63857
  0.0250  0.0251  0.0240  0.0250  0.0272  0.0273  0.0247  0.0270  0.0241  0.0259  0.0228  0.0230
  0.0233  0.0233  0.0226  0.0237  0.0251  0.0253  0.0231  0.0240  0.0228  0.0236  0.0222  0.0222
  0.0222  0.0222  0.0219  0.0226  0.0230  0.0236  0.0221  0.0223  0.0221  0.0223  0.0219  0.0218
  0.0218  0.0218  0.0218  0.0217  0.0217  0.0217  0.0218  0.0218  0.0218  0.0218  0.0218  0.0218
  0.0221  0.0220  0.0223  0.0215  0.0218  0.0214  0.0221  0.0224  0.0220  0.0221  0.0218  0.0219
  0.0232  0.0228  0.0231  0.0227  0.0241  0.0244  0.0231  0.0240  0.0228  0.0232  0.0222  0.0224
  0.0250  0.0243  0.0243  0.0255  0.0285  0.0290  0.0247  0.0267  0.0240  0.0251  0.0230  0.0232
niter,ni,del,rscale     4    3    5.0000    1.2000
parameters
   -1.7339  -14.4530   15.7030   -2.0411  -12.6404   -6.8816
    6.4217   -2.4283   -4.6690   -4.1043    3.0594    0.9914
eta,q 0.97824 10.63707
  0.0250  0.0248  0.0242  0.0250  0.0272  0.0273  0.0246  0.0270  0.0240  0.0257  0.0229  0.0230
  0.0233  0.0232  0.0227  0.0237  0.0251  0.0254  0.0231  0.0240  0.0228  0.0234  0.0222  0.0223
  0.0222  0.0221  0.0219  0.0226  0.0231  0.0237  0.0221  0.0223  0.0221  0.0222  0.0219  0.0219
  0.0218  0.0217  0.0218  0.0217  0.0217  0.0217  0.0218  0.0218  0.0218  0.0218  0.0218  0.0218
  0.0221  0.0220  0.0222  0.0215  0.0218  0.0214  0.0221  0.0224  0.0220  0.0221  0.0219  0.0219
  0.0232  0.0230  0.0231  0.0229  0.0240  0.0244  0.0231  0.0240  0.0228  0.0233  0.0222  0.0224
  0.0250  0.0244  0.0242  0.0257  0.0284  0.0290  0.0247  0.0267  0.0240  0.0252  0.0230  0.0231
niter,ni,del,rscale     3    3    5.0000    1.2000
parameters
   -1.7278  -14.4038   15.6521   -2.0187  -12.6512   -6.9218
    6.4077   -2.3926   -4.6275   -3.9991    2.9974    0.9081
eta,q 0.97823 10.63567
  0.0250  0.0247  0.0242  0.0250  0.0272  0.0273  0.0247  0.0270  0.0240  0.0256  0.0229  0.0231
  0.0233  0.0231  0.0227  0.0237  0.0251  0.0254  0.0231  0.0240  0.0228  0.0234  0.0222  0.0223
  0.0222  0.0221  0.0219  0.0226  0.0231  0.0237  0.0221  0.0223  0.0221  0.0222  0.0219  0.0219
  0.0218  0.0218  0.0218  0.0218  0.0217  0.0217  0.0218  0.0218  0.0218  0.0218  0.0218  0.0218
  0.0221  0.0221  0.0222  0.0216  0.0218  0.0214  0.0221  0.0224  0.0220  0.0222  0.0219  0.0219
  0.0232  0.0230  0.0231  0.0229  0.0240  0.0244  0.0231  0.0241  0.0228  0.0234  0.0222  0.0224
  0.0251  0.0244  0.0242  0.0258  0.0284  0.0290  0.0247  0.0267  0.0240  0.0253  0.0230  0.0231
niter,ni,del,rscale     2    3    5.0000    1.2000
parameters
   -1.7234  -14.3758   15.6177   -2.0079  -12.6556   -6.9490
    6.3990   -2.3694   -4.5993   -3.9345    2.9637    0.8699
eta,q 0.97822 10.63476
  0.0250  0.0247  0.0243  0.0250  0.0272  0.0274  0.0247  0.0270  0.0240  0.0255  0.0229  0.0231
  0.0233  0.0231  0.0228  0.0237  0.0252  0.0254  0.0231  0.0240  0.0228  0.0233  0.0223  0.0224
  0.0222  0.0221  0.0219  0.0226  0.0231  0.0237  0.0221  0.0223  0.0221  0.0222  0.0219  0.0219
  0.0218  0.0218  0.0218  0.0218  0.0218  0.0218  0.0218  0.0218  0.0218  0.0218  0.0218  0.0218
  0.0221  0.0221  0.0222  0.0216  0.0218  0.0215  0.0221  0.0224  0.0220  0.0222  0.0219  0.0219
  0.0232  0.0230  0.0231  0.0229  0.0240  0.0244  0.0232  0.0241  0.0228  0.0234  0.0223  0.0224
  0.0251  0.0245  0.0242  0.0258  0.0284  0.0289  0.0247  0.0267  0.0240  0.0253  0.0230  0.0231
niter,ni,del,rscale     1    3    5.0000    1.2000
parameters
   -1.7192  -14.3562   15.5980   -1.9976  -12.6616   -6.9694
    6.3922   -2.3536   -4.5788   -3.8947    2.9418    0.8320
eta,q 0.97820 10.63402
  0.0250  0.0247  0.0243  0.0250  0.0272  0.0274  0.0247  0.0269  0.0240  0.0255  0.0229  0.0231
  0.0233  0.0231  0.0228  0.0237  0.0252  0.0254  0.0232  0.0240  0.0228  0.0233  0.0223  0.0224
  0.0222  0.0221  0.0219  0.0226  0.0231  0.0237  0.0221  0.0223  0.0221  0.0222  0.0219  0.0219
  0.0218  0.0218  0.0218  0.0218  0.0218  0.0218  0.0218  0.0218  0.0218  0.0218  0.0218  0.0218
  0.0221  0.0221  0.0222  0.0216  0.0218  0.0215  0.0221  0.0224  0.0221  0.0222  0.0219  0.0219
  0.0232  0.0231  0.0231  0.0229  0.0240  0.0244  0.0232  0.0241  0.0228  0.0234  0.0223  0.0224
  0.0251  0.0245  0.0242  0.0258  0.0284  0.0289  0.0247  0.0268  0.0240  0.0253  0.0230  0.0231
registration optimization eta report
parameter search radius
    2.4000    2.4000    2.7600    8.2800    9.5220    8.2800
    7.2000    7.2000    7.2000    7.2000    7.2000    7.2000
100000*second partial in parameter space
       57.       49.       32.        5.        7.        9.
        6.       10.        4.        7.        2.        3.
  0.0250  0.0247  0.0243  0.0250  0.0272  0.0274  0.0247  0.0269  0.0240  0.0255  0.0229  0.0231
  0.0233  0.0231  0.0228  0.0237  0.0252  0.0254  0.0232  0.0240  0.0228  0.0233  0.0223  0.0224
  0.0222  0.0221  0.0219  0.0226  0.0231  0.0237  0.0221  0.0223  0.0221  0.0222  0.0219  0.0219
  0.0218  0.0218  0.0218  0.0218  0.0218  0.0218  0.0218  0.0218  0.0218  0.0218  0.0218  0.0218
  0.0221  0.0221  0.0222  0.0216  0.0218  0.0215  0.0221  0.0224  0.0221  0.0222  0.0219  0.0219
  0.0232  0.0231  0.0231  0.0229  0.0240  0.0244  0.0232  0.0241  0.0228  0.0234  0.0223  0.0224
  0.0251  0.0245  0.0242  0.0258  0.0284  0.0289  0.0247  0.0268  0.0240  0.0253  0.0230  0.0231
   -1.7192  -14.3562   15.5980   -1.9976  -12.6616   -6.9694
    6.3922   -2.3536   -4.5788   -3.8947    2.9418    0.8320
eta,q 0.97820 10.63402

---------------------------------------------------------------------
imgreg_4dfp /opt/freesurfer/average/711-2C_as_mni_average_305 /opt/freesurfer/average/711-2B_as_mni_average_305_mask talsrcimg_g11 none talsrcimg_to_711-2C_as_mni_average_305_t4 2311
---------------------------------------------------------------------

freesurfer imgreg_4dfp.c
/opt/freesurfer/average/711-2C_as_mni_average_305.4dfp.img
       256       256       256         1
  1.000000  1.000000  1.000000
orientation T byte_order littleendian
Reading image: /opt/freesurfer/average/711-2C_as_mni_average_305.4dfp.img
dimensions:      256       256       256
mmppix:       1.0000   -1.0000   -1.0000
center:     128.0000 -129.0000 -129.0000
/opt/freesurfer/average/711-2B_as_mni_average_305_mask.4dfp.img
       256       256       256         1
  1.000000  1.000000  1.000000
orientation T byte_order littleendian
Reading mask: /opt/freesurfer/average/711-2B_as_mni_average_305_mask.4dfp.img (2306576 pixels)
talsrcimg_g11.4dfp.img
       256       256       256         1
  1.000000  1.000000  1.000000
orientation T byte_order littleendian
Reading image: talsrcimg_g11.4dfp.img
dimensions:      256       256       256
mmppix:       1.0000   -1.0000   -1.0000
center:     128.0000 -129.0000 -129.0000
fimgreg.f
image alignment mode   2311 decimal      907 hex
parameters
   -1.7192  -14.3562   15.5980   -1.9976  -12.6616   -6.9694
    6.3922   -2.3536   -4.5788   -3.8947    2.9418    0.8320
eta,q 0.97820 10.63402
niter,ni,del,rscale     5    3    5.0000    0.8000
parameters
   -1.7015  -14.3749   15.4450   -0.7262  -11.6684   -6.2351
    6.1930   -2.3099   -4.5800   -3.7045    2.8743    0.3940
eta,q 0.97884 10.70278
  0.0233  0.0230  0.0225  0.0234  0.0238  0.0246  0.0226  0.0243  0.0223  0.0234  0.0220  0.0218
  0.0225  0.0223  0.0221  0.0228  0.0228  0.0236  0.0218  0.0225  0.0217  0.0222  0.0215  0.0214
  0.0220  0.0219  0.0218  0.0222  0.0221  0.0225  0.0213  0.0215  0.0213  0.0214  0.0213  0.0212
  0.0218  0.0218  0.0218  0.0218  0.0215  0.0214  0.0212  0.0212  0.0212  0.0212  0.0212  0.0212
  0.0219  0.0220  0.0220  0.0215  0.0214  0.0212  0.0214  0.0216  0.0213  0.0214  0.0213  0.0213
  0.0224  0.0224  0.0223  0.0217  0.0217  0.0218  0.0219  0.0225  0.0217  0.0220  0.0216  0.0216
  0.0232  0.0231  0.0228  0.0224  0.0226  0.0237  0.0228  0.0241  0.0223  0.0231  0.0220  0.0221
niter,ni,del,rscale     4    3    5.0000    0.7000
parameters
   -1.7549  -14.4614   15.7313   -1.0337  -11.6544   -5.6400
    6.2602   -2.4170   -4.6246   -3.8112    2.8670    0.4108
eta,q 0.97899 10.71080
  0.0224  0.0221  0.0224  0.0222  0.0226  0.0240  0.0222  0.0233  0.0219  0.0226  0.0217  0.0217
  0.0217  0.0215  0.0218  0.0217  0.0219  0.0230  0.0216  0.0220  0.0214  0.0217  0.0213  0.0213
  0.0213  0.0212  0.0214  0.0213  0.0214  0.0220  0.0212  0.0212  0.0211  0.0212  0.0211  0.0211
  0.0212  0.0212  0.0211  0.0211  0.0211  0.0211  0.0210  0.0210  0.0210  0.0210  0.0210  0.0210
  0.0213  0.0213  0.0211  0.0212  0.0212  0.0211  0.0211  0.0214  0.0211  0.0212  0.0211  0.0211
  0.0218  0.0217  0.0213  0.0218  0.0217  0.0216  0.0215  0.0222  0.0214  0.0218  0.0213  0.0213
  0.0226  0.0224  0.0216  0.0228  0.0227  0.0232  0.0222  0.0235  0.0219  0.0227  0.0217  0.0216
niter,ni,del,rscale     3    3    5.0000    0.6000
parameters
   -1.7615  -14.5316   16.0108   -1.0525  -11.6859   -5.1993
    6.2671   -2.4969   -4.6687   -3.9556    2.8401    0.5245
eta,q 0.97907 10.72017
  0.0220  0.0217  0.0219  0.0219  0.0221  0.0233  0.0218  0.0227  0.0216  0.0221  0.0214  0.0214
  0.0215  0.0213  0.0215  0.0215  0.0215  0.0224  0.0213  0.0217  0.0212  0.0214  0.0211  0.0211
  0.0211  0.0211  0.0212  0.0212  0.0211  0.0215  0.0210  0.0211  0.0210  0.0210  0.0210  0.0210
  0.0210  0.0210  0.0210  0.0210  0.0210  0.0210  0.0209  0.0209  0.0209  0.0209  0.0209  0.0209
  0.0211  0.0211  0.0210  0.0210  0.0211  0.0210  0.0210  0.0212  0.0210  0.0211  0.0210  0.0210
  0.0215  0.0214  0.0211  0.0213  0.0214  0.0214  0.0213  0.0218  0.0212  0.0216  0.0212  0.0211
  0.0220  0.0219  0.0213  0.0220  0.0222  0.0227  0.0218  0.0228  0.0216  0.0223  0.0214  0.0213
niter,ni,del,rscale     2    3    5.0000    0.5000
parameters
   -1.7816  -14.6009   16.2320   -1.0154  -11.7030   -4.8693
    6.2835   -2.5717   -4.6927   -4.0906    2.8176    0.6542
eta,q 0.97912 10.72847
  0.0216  0.0214  0.0215  0.0216  0.0217  0.0227  0.0215  0.0221  0.0213  0.0217  0.0212  0.0212
  0.0212  0.0211  0.0212  0.0213  0.0213  0.0219  0.0212  0.0214  0.0211  0.0212  0.0210  0.0210
  0.0210  0.0210  0.0210  0.0210  0.0210  0.0212  0.0210  0.0210  0.0209  0.0210  0.0209  0.0209
  0.0209  0.0209  0.0209  0.0209  0.0209  0.0209  0.0209  0.0209  0.0209  0.0209  0.0209  0.0209
  0.0210  0.0210  0.0209  0.0209  0.0210  0.0209  0.0209  0.0211  0.0209  0.0210  0.0209  0.0209
  0.0212  0.0212  0.0210  0.0211  0.0212  0.0213  0.0212  0.0215  0.0211  0.0213  0.0210  0.0210
  0.0216  0.0216  0.0212  0.0216  0.0217  0.0221  0.0215  0.0222  0.0214  0.0219  0.0212  0.0212
niter,ni,del,rscale     1    3    5.0000    0.4000
parameters
   -1.7985  -14.6597   16.3823   -0.9846  -11.7310   -4.6530
    6.2831   -2.6345   -4.6978   -4.1928    2.7720    0.7683
eta,q 0.97915 10.73368
  0.0213  0.0212  0.0212  0.0213  0.0213  0.0220  0.0213  0.0217  0.0212  0.0214  0.0211  0.0211
  0.0211  0.0210  0.0211  0.0211  0.0211  0.0214  0.0210  0.0212  0.0210  0.0211  0.0210  0.0210
  0.0209  0.0209  0.0209  0.0209  0.0209  0.0210  0.0209  0.0209  0.0209  0.0209  0.0209  0.0209
  0.0209  0.0209  0.0209  0.0209  0.0209  0.0209  0.0209  0.0209  0.0208  0.0208  0.0209  0.0208
  0.0209  0.0209  0.0209  0.0209  0.0209  0.0209  0.0209  0.0210  0.0209  0.0209  0.0209  0.0209
  0.0211  0.0211  0.0209  0.0210  0.0211  0.0212  0.0210  0.0213  0.0210  0.0211  0.0210  0.0209
  0.0213  0.0213  0.0210  0.0213  0.0214  0.0217  0.0213  0.0217  0.0212  0.0215  0.0211  0.0210
registration optimization eta report
parameter search radius
    0.8000    0.8000    0.8000    2.4000    2.4000    2.4000
    2.4000    2.4000    2.4000    2.4000    2.4000    2.4000
100000*second partial in parameter space
       70.       58.       41.        8.        9.       18.
        7.       15.        5.       10.        4.        3.
  0.0213  0.0212  0.0212  0.0213  0.0213  0.0220  0.0213  0.0217  0.0212  0.0214  0.0211  0.0211
  0.0211  0.0210  0.0211  0.0211  0.0211  0.0214  0.0210  0.0212  0.0210  0.0211  0.0210  0.0210
  0.0209  0.0209  0.0209  0.0209  0.0209  0.0210  0.0209  0.0209  0.0209  0.0209  0.0209  0.0209
  0.0209  0.0209  0.0209  0.0209  0.0209  0.0209  0.0209  0.0209  0.0208  0.0208  0.0209  0.0208
  0.0209  0.0209  0.0209  0.0209  0.0209  0.0209  0.0209  0.0210  0.0209  0.0209  0.0209  0.0209
  0.0211  0.0211  0.0209  0.0210  0.0211  0.0212  0.0210  0.0213  0.0210  0.0211  0.0210  0.0209
  0.0213  0.0213  0.0210  0.0213  0.0214  0.0217  0.0213  0.0217  0.0212  0.0215  0.0211  0.0210
   -1.7985  -14.6597   16.3823   -0.9846  -11.7310   -4.6530
    6.2831   -2.6345   -4.6978   -4.1928    2.7720    0.7683
eta,q 0.97915 10.73368

---------------------------------------------------------------------
imgreg_4dfp /opt/freesurfer/average/711-2C_as_mni_average_305 /opt/freesurfer/average/711-2B_as_mni_average_305_mask talsrcimg_g11 none talsrcimg_to_711-2C_as_mni_average_305_t4 2311
---------------------------------------------------------------------

freesurfer imgreg_4dfp.c
/opt/freesurfer/average/711-2C_as_mni_average_305.4dfp.img
       256       256       256         1
  1.000000  1.000000  1.000000
orientation T byte_order littleendian
Reading image: /opt/freesurfer/average/711-2C_as_mni_average_305.4dfp.img
dimensions:      256       256       256
mmppix:       1.0000   -1.0000   -1.0000
center:     128.0000 -129.0000 -129.0000
/opt/freesurfer/average/711-2B_as_mni_average_305_mask.4dfp.img
       256       256       256         1
  1.000000  1.000000  1.000000
orientation T byte_order littleendian
Reading mask: /opt/freesurfer/average/711-2B_as_mni_average_305_mask.4dfp.img (2306576 pixels)
talsrcimg_g11.4dfp.img
       256       256       256         1
  1.000000  1.000000  1.000000
orientation T byte_order littleendian
Reading image: talsrcimg_g11.4dfp.img
dimensions:      256       256       256
mmppix:       1.0000   -1.0000   -1.0000
center:     128.0000 -129.0000 -129.0000
fimgreg.f
image alignment mode   2311 decimal      907 hex
parameters
   -1.7985  -14.6597   16.3823   -0.9846  -11.7310   -4.6530
    6.2831   -2.6345   -4.6978   -4.1928    2.7720    0.7683
eta,q 0.97915 10.73368
niter,ni,del,rscale     5    3    5.0000    0.8000
parameters
   -1.8341  -14.6934   16.4802   -1.5897  -11.9583   -5.0339
    6.3835   -2.5817   -4.6751   -4.3341    2.8107    1.0850
eta,q 0.97905 10.71395
  0.0226  0.0223  0.0221  0.0221  0.0226  0.0238  0.0225  0.0239  0.0222  0.0229  0.0217  0.0218
  0.0216  0.0215  0.0214  0.0215  0.0218  0.0227  0.0217  0.0222  0.0215  0.0218  0.0213  0.0213
  0.0210  0.0210  0.0210  0.0211  0.0211  0.0215  0.0211  0.0212  0.0211  0.0211  0.0210  0.0211
  0.0208  0.0208  0.0208  0.0208  0.0209  0.0209  0.0209  0.0210  0.0210  0.0210  0.0210  0.0210
  0.0211  0.0210  0.0209  0.0210  0.0211  0.0212  0.0211  0.0213  0.0211  0.0212  0.0210  0.0210
  0.0217  0.0216  0.0212  0.0219  0.0218  0.0228  0.0216  0.0222  0.0215  0.0220  0.0213  0.0212
  0.0227  0.0224  0.0218  0.0233  0.0232  0.0258  0.0224  0.0237  0.0221  0.0232  0.0217  0.0216
niter,ni,del,rscale     4    3    5.0000    0.7000
parameters
   -1.7819  -14.6928   16.3436   -1.3314  -11.8343   -5.0811
    6.3245   -2.5562   -4.6712   -4.3445    2.8431    0.9921
eta,q 0.97909 10.71906
  0.0223  0.0221  0.0216  0.0222  0.0224  0.0235  0.0220  0.0233  0.0218  0.0226  0.0215  0.0214
  0.0216  0.0214  0.0212  0.0217  0.0217  0.0225  0.0214  0.0219  0.0213  0.0216  0.0212  0.0211
  0.0211  0.0211  0.0210  0.0212  0.0212  0.0214  0.0210  0.0211  0.0210  0.0211  0.0210  0.0210
  0.0209  0.0209  0.0209  0.0209  0.0209  0.0209  0.0209  0.0209  0.0209  0.0209  0.0209  0.0209
  0.0211  0.0211  0.0211  0.0209  0.0210  0.0210  0.0211  0.0212  0.0210  0.0211  0.0210  0.0210
  0.0214  0.0214  0.0214  0.0213  0.0214  0.0220  0.0215  0.0220  0.0213  0.0217  0.0212  0.0212
  0.0221  0.0220  0.0219  0.0221  0.0224  0.0242  0.0221  0.0231  0.0218  0.0226  0.0215  0.0215
niter,ni,del,rscale     3    3    5.0000    0.6000
parameters
   -1.7841  -14.6925   16.3296   -1.1842  -11.7693   -4.9304
    6.3027   -2.5809   -4.6893   -4.3087    2.8387    0.9174
eta,q 0.97913 10.72531
  0.0219  0.0217  0.0215  0.0218  0.0220  0.0231  0.0217  0.0227  0.0215  0.0222  0.0213  0.0213
  0.0213  0.0213  0.0212  0.0214  0.0214  0.0222  0.0213  0.0216  0.0212  0.0214  0.0211  0.0210
  0.0210  0.0210  0.0210  0.0211  0.0211  0.0213  0.0210  0.0210  0.0210  0.0210  0.0209  0.0209
  0.0209  0.0209  0.0209  0.0209  0.0209  0.0209  0.0209  0.0209  0.0209  0.0209  0.0209  0.0209
  0.0210  0.0210  0.0210  0.0209  0.0210  0.0210  0.0210  0.0211  0.0209  0.0210  0.0209  0.0209
  0.0213  0.0213  0.0212  0.0212  0.0213  0.0216  0.0213  0.0217  0.0212  0.0214  0.0211  0.0211
  0.0219  0.0217  0.0215  0.0218  0.0220  0.0231  0.0218  0.0226  0.0216  0.0221  0.0213  0.0213
niter,ni,del,rscale     2    3    5.0000    0.5000
parameters
   -1.7960  -14.6969   16.3856   -1.0958  -11.7509   -4.7421
    6.3007   -2.6268   -4.7018   -4.2996    2.8014    0.8855
eta,q 0.97914 10.73042
  0.0215  0.0214  0.0213  0.0216  0.0216  0.0226  0.0215  0.0221  0.0213  0.0218  0.0212  0.0212
  0.0212  0.0211  0.0211  0.0213  0.0212  0.0218  0.0211  0.0214  0.0211  0.0213  0.0210  0.0210
  0.0209  0.0209  0.0209  0.0210  0.0210  0.0211  0.0209  0.0210  0.0209  0.0210  0.0209  0.0209
  0.0209  0.0209  0.0209  0.0209  0.0209  0.0209  0.0209  0.0209  0.0209  0.0209  0.0209  0.0209
  0.0210  0.0209  0.0209  0.0209  0.0209  0.0209  0.0209  0.0210  0.0209  0.0210  0.0209  0.0209
  0.0212  0.0211  0.0210  0.0211  0.0212  0.0213  0.0211  0.0215  0.0211  0.0212  0.0210  0.0210
  0.0216  0.0215  0.0212  0.0216  0.0217  0.0223  0.0215  0.0221  0.0213  0.0217  0.0212  0.0212
niter,ni,del,rscale     1    3    5.0000    0.4000
parameters
   -1.8107  -14.7130   16.4676   -1.0185  -11.7516   -4.5890
    6.2990   -2.6606   -4.6921   -4.3077    2.7635    0.9089
eta,q 0.97915 10.73520
  0.0213  0.0212  0.0212  0.0213  0.0213  0.0220  0.0212  0.0217  0.0212  0.0214  0.0211  0.0210
  0.0210  0.0210  0.0210  0.0211  0.0211  0.0214  0.0210  0.0212  0.0210  0.0211  0.0209  0.0209
  0.0209  0.0209  0.0209  0.0209  0.0209  0.0210  0.0209  0.0209  0.0209  0.0209  0.0209  0.0209
  0.0209  0.0209  0.0209  0.0209  0.0209  0.0209  0.0209  0.0209  0.0208  0.0208  0.0208  0.0208
  0.0209  0.0209  0.0209  0.0209  0.0209  0.0209  0.0209  0.0210  0.0209  0.0209  0.0209  0.0209
  0.0211  0.0210  0.0209  0.0210  0.0211  0.0212  0.0210  0.0213  0.0210  0.0211  0.0210  0.0209
  0.0213  0.0212  0.0211  0.0213  0.0214  0.0218  0.0212  0.0217  0.0212  0.0214  0.0211  0.0210
registration optimization eta report
parameter search radius
    0.8000    0.8000    0.8000    2.4000    2.4000    2.4000
    2.4000    2.4000    2.4000    2.4000    2.4000    2.4000
100000*second partial in parameter space
       70.       58.       41.        8.        9.       18.
        7.       15.        6.       10.        4.        3.
  0.0213  0.0212  0.0212  0.0213  0.0213  0.0220  0.0212  0.0217  0.0212  0.0214  0.0211  0.0210
  0.0210  0.0210  0.0210  0.0211  0.0211  0.0214  0.0210  0.0212  0.0210  0.0211  0.0209  0.0209
  0.0209  0.0209  0.0209  0.0209  0.0209  0.0210  0.0209  0.0209  0.0209  0.0209  0.0209  0.0209
  0.0209  0.0209  0.0209  0.0209  0.0209  0.0209  0.0209  0.0209  0.0208  0.0208  0.0208  0.0208
  0.0209  0.0209  0.0209  0.0209  0.0209  0.0209  0.0209  0.0210  0.0209  0.0209  0.0209  0.0209
  0.0211  0.0210  0.0209  0.0210  0.0211  0.0212  0.0210  0.0213  0.0210  0.0211  0.0210  0.0209
  0.0213  0.0212  0.0211  0.0213  0.0214  0.0218  0.0212  0.0217  0.0212  0.0214  0.0211  0.0210
   -1.8107  -14.7130   16.4676   -1.0185  -11.7516   -4.5890
    6.2990   -2.6606   -4.6921   -4.3077    2.7635    0.9089
eta,q 0.97915 10.73520

---------------------------------------------------------------------
compute_vox2vox talsrcimg talsrcimg_to_711-2C_as_mni_average_305_t4 /opt/freesurfer/average/711-2C_as_mni_average_305
---------------------------------------------------------------------

freesurfer compute_vox2vox.c
Reading: talsrcimg.4dfp.ifh
Reading: talsrcimg_to_711-2C_as_mni_average_305_t4
Reading: /opt/freesurfer/average/711-2C_as_mni_average_305.4dfp.ifh
Writing: talsrcimg_to_711-2C_as_mni_average_305_t4_vox2vox.txt

start time Thu Mar 12 12:42:54 CET 2026
end		time Thu Mar 12 12:44:26 CET 2026

mpr2mni305 success

avi2talxfm orig_nu.mgz /opt/freesurfer/average/mni305.cor.mgz talsrcimg_to_711-2C_as_mni_average_305_t4_vox2vox.txt transforms/talairach.auto.xfm
avi2talxfm done
mv -f /out/sourcedata/freesurfer/sub-v1s19x0051299_ses-1/mri/talsrcimg_to_711-2C_as_mni_average_305_t4_vox2vox.txt /out/sourcedata/freesurfer/sub-v1s19x0051299_ses-1/mri/transforms/talsrcimg_to_711-2C_as_mni_average_305_t4_vox2vox.txt
lta_convert --src orig_nu.mgz --trg /opt/freesurfer/average/mni305.cor.mgz --inxfm transforms/talairach.auto.xfm --outlta transforms/talairach.auto.xfm.lta --subject fsaverage
7.3.2

--src: orig_nu.mgz src image (geometry).
--trg: /opt/freesurfer/average/mni305.cor.mgz trg image (geometry).
--inmni: transforms/talairach.auto.xfm input MNI/XFM transform.
--outlta: transforms/talairach.auto.xfm.lta output LTA.
--s: fsaverage subject name
 LTA read, type : 1
 1.00618   0.02480  -0.07208   1.12968;
-0.02964   1.04688  -0.00867  -17.05466;
 0.05205   0.05242   1.12891   3.85996;
 0.00000   0.00000   0.00000   1.00000;
setting subject to fsaverage
Writing  LTA to file transforms/talairach.auto.xfm.lta...
lta_convert successful.
 
 
Started at Thu Mar 12 12:42:53 CET 2026
Ended   at Thu Mar 12 12:44:26 CET 2026
talairach_avi done
