status file for recon-all
Thu Mar 12 15:52:30 CET 2026
#@# Tessellate lh Thu Mar 12 15:52:30 CET 2026
#@# Smooth1 lh Thu Mar 12 15:52:33 CET 2026
#@# Inflation1 lh Thu Mar 12 15:52:36 CET 2026
#@# QSphere lh Thu Mar 12 15:52:49 CET 2026
#@# Fix Topology lh Thu Mar 12 15:54:04 CET 2026
#@# Smooth2 lh Thu Mar 12 16:01:30 CET 2026
#@# Inflation2 lh Thu Mar 12 16:01:33 CET 2026
#@# Curv .H and .K lh Thu Mar 12 16:01:47 CET 2026
#@# Sphere lh Thu Mar 12 16:02:31 CET 2026
#@# Surf Reg lh Thu Mar 12 16:07:05 CET 2026
#@# Jacobian white lh Thu Mar 12 16:11:10 CET 2026
#@# AvgCurv lh Thu Mar 12 16:11:11 CET 2026
#@# Cortical Parc lh Thu Mar 12 16:11:12 CET 2026
#@# white curv lh Thu Mar 12 16:18:22 CET 2026
#@# white area lh Thu Mar 12 16:18:24 CET 2026
#@# pial curv lh Thu Mar 12 16:18:24 CET 2026
#@# pial area lh Thu Mar 12 16:18:26 CET 2026
#@# thickness lh Thu Mar 12 16:18:27 CET 2026
#@# area and vertex vol lh Thu Mar 12 16:18:55 CET 2026
#@# Curvature Stats lh Thu Mar 12 16:18:56 CET 2026
#@# Cortical Parc 2 lh Thu Mar 12 16:18:59 CET 2026
#@# Cortical Parc 3 lh Thu Mar 12 16:19:11 CET 2026
#@# WM/GM Contrast lh Thu Mar 12 16:19:22 CET 2026
recon-all -s sub-v1s19x0051316_ses-1 finished without error at Thu Mar 12 16:19:25 CET 2026



#New# invocation of recon-all 



status file for recon-all
Thu Mar 12 16:58:24 CET 2026
#@# white curv lh Thu Mar 12 16:58:24 CET 2026
#@# white area lh Thu Mar 12 16:58:24 CET 2026
#@# pial curv lh Thu Mar 12 16:58:24 CET 2026
#@# pial area lh Thu Mar 12 16:58:24 CET 2026
#@# thickness lh Thu Mar 12 16:58:25 CET 2026
#@# area and vertex vol lh Thu Mar 12 16:58:25 CET 2026
#@# Parcellation Stats lh Thu Mar 12 16:58:25 CET 2026
#@# Parcellation Stats 2 lh Thu Mar 12 16:58:42 CET 2026
#@# Parcellation Stats 3 lh Thu Mar 12 16:58:51 CET 2026
#@# BA_exvivo Labels lh Thu Mar 12 16:59:00 CET 2026
recon-all -s sub-v1s19x0051316_ses-1 finished without error at Thu Mar 12 17:01:40 CET 2026
