status file for recon-all
Thu Mar 12 13:58:20 CET 2026
#@# MotionCor Thu Mar 12 13:58:22 CET 2026
#@# Talairach Thu Mar 12 13:58:29 CET 2026
#@# Talairach Failure Detection Thu Mar 12 14:02:57 CET 2026
#@# Nu Intensity Correction Thu Mar 12 14:02:57 CET 2026
#@# Intensity Normalization Thu Mar 12 14:06:13 CET 2026
recon-all -s sub-v1s19x0051316_ses-1 finished without error at Thu Mar 12 14:07:44 CET 2026



#New# invocation of recon-all 



status file for recon-all
Thu Mar 12 14:15:27 CET 2026
#@# EM Registration Thu Mar 12 14:15:27 CET 2026
recon-all -s sub-v1s19x0051316_ses-1 finished without error at Thu Mar 12 14:17:16 CET 2026



#New# invocation of recon-all 



status file for recon-all
Thu Mar 12 14:17:19 CET 2026
#@# CA Normalize Thu Mar 12 14:17:19 CET 2026
#@# CA Reg Thu Mar 12 14:18:41 CET 2026
#@# SubCort Seg Thu Mar 12 15:15:51 CET 2026
#@# CC Seg Thu Mar 12 15:46:19 CET 2026
#@# Merge ASeg Thu Mar 12 15:47:11 CET 2026
#@# Intensity Normalization2 Thu Mar 12 15:47:11 CET 2026
#@# Mask BFS Thu Mar 12 15:49:25 CET 2026
#@# WM Segmentation Thu Mar 12 15:49:26 CET 2026
#@# Fill Thu Mar 12 15:51:21 CET 2026
recon-all -s sub-v1s19x0051316_ses-1 finished without error at Thu Mar 12 15:52:27 CET 2026



#New# invocation of recon-all 



status file for recon-all
Thu Mar 12 16:54:16 CET 2026
#@# white curv lh Thu Mar 12 16:54:16 CET 2026
#@# white area lh Thu Mar 12 16:54:16 CET 2026
#@# pial curv lh Thu Mar 12 16:54:16 CET 2026
#@# pial area lh Thu Mar 12 16:54:16 CET 2026
#@# thickness lh Thu Mar 12 16:54:16 CET 2026
#@# area and vertex vol lh Thu Mar 12 16:54:16 CET 2026
#@# white curv rh Thu Mar 12 16:54:16 CET 2026
#@# white area rh Thu Mar 12 16:54:16 CET 2026
#@# pial curv rh Thu Mar 12 16:54:16 CET 2026
#@# pial area rh Thu Mar 12 16:54:16 CET 2026
#@# thickness rh Thu Mar 12 16:54:16 CET 2026
#@# area and vertex vol rh Thu Mar 12 16:54:16 CET 2026
#@# Cortical ribbon mask Thu Mar 12 16:54:16 CET 2026
recon-all -s sub-v1s19x0051316_ses-1 finished without error at Thu Mar 12 16:58:20 CET 2026



#New# invocation of recon-all 



status file for recon-all
Thu Mar 12 17:04:54 CET 2026
#@# white curv lh Thu Mar 12 17:04:54 CET 2026
#@# white area lh Thu Mar 12 17:04:54 CET 2026
#@# pial curv lh Thu Mar 12 17:04:54 CET 2026
#@# pial area lh Thu Mar 12 17:04:54 CET 2026
#@# thickness lh Thu Mar 12 17:04:54 CET 2026
#@# area and vertex vol lh Thu Mar 12 17:04:54 CET 2026
#@# white curv rh Thu Mar 12 17:04:54 CET 2026
#@# white area rh Thu Mar 12 17:04:54 CET 2026
#@# pial curv rh Thu Mar 12 17:04:54 CET 2026
#@# pial area rh Thu Mar 12 17:04:54 CET 2026
#@# thickness rh Thu Mar 12 17:04:54 CET 2026
#@# area and vertex vol rh Thu Mar 12 17:04:54 CET 2026
#@# Curvature Stats lh Thu Mar 12 17:04:54 CET 2026
#@# Curvature Stats rh Thu Mar 12 17:04:57 CET 2026
#@# Relabel Hypointensities Thu Mar 12 17:05:00 CET 2026
#@# APas-to-ASeg Thu Mar 12 17:05:16 CET 2026
#@# AParc-to-ASeg aparc Thu Mar 12 17:05:24 CET 2026
#@# AParc-to-ASeg aparc.a2009s Thu Mar 12 17:05:58 CET 2026
#@# AParc-to-ASeg aparc.DKTatlas Thu Mar 12 17:06:31 CET 2026
#@# WMParc Thu Mar 12 17:07:05 CET 2026
#@# ASeg Stats Thu Mar 12 17:11:18 CET 2026
recon-all -s sub-v1s19x0051316_ses-1 finished without error at Thu Mar 12 17:12:00 CET 2026
