status file for recon-all
Thu Mar 12 16:19:26 CET 2026
#@# Tessellate rh Thu Mar 12 16:19:26 CET 2026
#@# Smooth1 rh Thu Mar 12 16:19:30 CET 2026
#@# Inflation1 rh Thu Mar 12 16:19:33 CET 2026
#@# QSphere rh Thu Mar 12 16:19:46 CET 2026
#@# Fix Topology rh Thu Mar 12 16:20:56 CET 2026
#@# Smooth2 rh Thu Mar 12 16:28:51 CET 2026
#@# Inflation2 rh Thu Mar 12 16:28:54 CET 2026
#@# Curv .H and .K rh Thu Mar 12 16:29:08 CET 2026
#@# Sphere rh Thu Mar 12 16:29:51 CET 2026
#@# Surf Reg rh Thu Mar 12 16:37:25 CET 2026
#@# Jacobian white rh Thu Mar 12 16:44:12 CET 2026
#@# AvgCurv rh Thu Mar 12 16:44:13 CET 2026
#@# Cortical Parc rh Thu Mar 12 16:44:14 CET 2026
#@# white curv rh Thu Mar 12 16:53:08 CET 2026
#@# white area rh Thu Mar 12 16:53:10 CET 2026
#@# pial curv rh Thu Mar 12 16:53:11 CET 2026
#@# pial area rh Thu Mar 12 16:53:12 CET 2026
#@# thickness rh Thu Mar 12 16:53:13 CET 2026
#@# area and vertex vol rh Thu Mar 12 16:53:41 CET 2026
#@# Curvature Stats rh Thu Mar 12 16:53:43 CET 2026
#@# Cortical Parc 2 rh Thu Mar 12 16:53:45 CET 2026
#@# Cortical Parc 3 rh Thu Mar 12 16:53:58 CET 2026
#@# WM/GM Contrast rh Thu Mar 12 16:54:08 CET 2026
recon-all -s sub-v1s19x0051316_ses-1 finished without error at Thu Mar 12 16:54:11 CET 2026



#New# invocation of recon-all 



status file for recon-all
Thu Mar 12 17:01:42 CET 2026
#@# white curv rh Thu Mar 12 17:01:42 CET 2026
#@# white area rh Thu Mar 12 17:01:42 CET 2026
#@# pial curv rh Thu Mar 12 17:01:42 CET 2026
#@# pial area rh Thu Mar 12 17:01:42 CET 2026
#@# thickness rh Thu Mar 12 17:01:42 CET 2026
#@# area and vertex vol rh Thu Mar 12 17:01:42 CET 2026
#@# Parcellation Stats rh Thu Mar 12 17:01:42 CET 2026
#@# Parcellation Stats 2 rh Thu Mar 12 17:01:59 CET 2026
#@# Parcellation Stats 3 rh Thu Mar 12 17:02:07 CET 2026
#@# BA_exvivo Labels rh Thu Mar 12 17:02:15 CET 2026
recon-all -s sub-v1s19x0051316_ses-1 finished without error at Thu Mar 12 17:04:50 CET 2026
