/out/sourcedata/freesurfer/sub-v1s19x0051309_ses-1/mri
/opt/freesurfer/bin/talairach_avi
--i orig_nu.mgz --xfm transforms/talairach.auto.xfm
talairach_avi 7.3.2
Linux dna073 5.14.0-427.37.1.el9_4.x86_64 #1 SMP PREEMPT_DYNAMIC Fri Sep 13 12:41:50 EDT 2024 x86_64 x86_64 x86_64 GNU/Linux
Thu Mar 12 13:22:49 CET 2026
mri_convert orig_nu.mgz talsrcimg.img 
reading from orig_nu.mgz...
TR=0.00, TE=0.00, TI=0.00, flip angle=0.00
i_ras = (-1, 0, 0)
j_ras = (0, 0, -1)
k_ras = (0, 1, 0)
writing to talsrcimg.img...
Analyze Output Matrix
-1.00000   0.00000   0.00000   129.69785;
 0.00000   0.00000   1.00000  -132.24260;
 0.00000  -1.00000   0.00000   109.95847;
 0.00000   0.00000   0.00000   1.00000;
--------------------
INFO: set hdr.hist.orient to -1
mpr2mni305 talsrcimg
Thu Mar 12 13:22:50 CET 2026
/opt/freesurfer/bin/mpr2mni305 talsrcimg
mpr2mni305 7.3.2
target=711-2C_as_mni_average_305

---------------------------------------------------------------------
analyzeto4dfp talsrcimg -O0 -y
---------------------------------------------------------------------

freesurfer ifh2hdr.c
Thu Mar 12 13:22:50 2026
Writing: talsrcimg.4dfp.hdr
freesurfer analyzeto4dfp.c
Reading: talsrcimg.hdr
header size 348 bytes
hdr.dime.datatype	offset=70	value=2
hdr.dime.bitpix		offset=72	value=8
hdr.hist.orient		offset=252	value=-1
dimensionality     4
dimensions       256       256       256         1
Reading: talsrcimg.img
Writing: talsrcimg.4dfp.img
Writing: talsrcimg.4dfp.ifh
ifh2hdr talsrcimg -r0to202
ori=2

---------------------------------------------------------------------
gauss_4dfp talsrcimg 1.1
---------------------------------------------------------------------

freesurfer gauss_4dfp.c
Reading: talsrcimg.4dfp.img
Writing: talsrcimg_g11.4dfp.img
image dimensions 256 256 256 padded to 288 288 288
processing volume 1freesurfer ifh2hdr.c
Thu Mar 12 13:22:51 2026
Writing: talsrcimg_g11.4dfp.hdr

Writing: talsrcimg_g11.4dfp.ifh
including: talsrcimg.4dfp.img.rec in talsrcimg_g11.4dfp.img.rec

---------------------------------------------------------------------
imgreg_4dfp /opt/freesurfer/average/711-2C_as_mni_average_305 none talsrcimg_g11 none talsrcimg_to_711-2C_as_mni_average_305_t4 4355
---------------------------------------------------------------------

freesurfer imgreg_4dfp.c
/opt/freesurfer/average/711-2C_as_mni_average_305.4dfp.img
       256       256       256         1
  1.000000  1.000000  1.000000
orientation T byte_order littleendian
Reading image: /opt/freesurfer/average/711-2C_as_mni_average_305.4dfp.img
dimensions:      256       256       256
mmppix:       1.0000   -1.0000   -1.0000
center:     128.0000 -129.0000 -129.0000
talsrcimg_g11.4dfp.img
       256       256       256         1
  1.000000  1.000000  1.000000
orientation T byte_order littleendian
Reading image: talsrcimg_g11.4dfp.img
dimensions:      256       256       256
mmppix:       1.0000   -1.0000   -1.0000
center:     128.0000 -129.0000 -129.0000
t4_read: open error in t4_sub.f l:  41 t4_file(1:l)talsrcimg_to_711-2C_as_mni_average_305_t4 
t4_read: transform initialized to I4
rotation matrix determinant  1.000000
image alignment mode   4355 decimal     1103 hex
   -7.5000  -45.0000  -45.0000 5162.0962   20.7435
    0.0000  -45.0000  -45.0000 5439.3057   20.7619
    7.5000  -45.0000  -45.0000 5237.6421   20.7797
   -7.5000  -37.5000  -45.0000 5621.0659   20.0684
    0.0000  -37.5000  -45.0000 5909.7334   20.0924
    7.5000  -37.5000  -45.0000 5680.6226   20.1167
   -7.5000  -30.0000  -45.0000 6323.0762   19.5860
    0.0000  -30.0000  -45.0000 6671.4736   19.6182
    7.5000  -30.0000  -45.0000 6422.3550   19.6477
   -7.5000  -22.5000  -45.0000 7141.9048   19.4628
    0.0000  -22.5000  -45.0000 7541.9531   19.4970
    7.5000  -22.5000  -45.0000 7263.6685   19.5228
   -7.5000  -15.0000  -45.0000 7973.3130   19.4387
    0.0000  -15.0000  -45.0000 8435.6865   19.4692
    7.5000  -15.0000  -45.0000 8153.5698   19.4880
   -7.5000   -7.5000  -45.0000 8860.9346   19.4409
    0.0000   -7.5000  -45.0000 9347.8994   19.4654
    7.5000   -7.5000  -45.0000 9033.5752   19.4813
   -7.5000    0.0000  -45.0000 9658.7197   19.4410
    0.0000    0.0000  -45.000010173.6445   19.4615
    7.5000    0.0000  -45.0000 9800.7705   19.4789
   -7.5000    7.5000  -45.0000 9635.8086   19.4377
    0.0000    7.5000  -45.000010180.7666   19.4633
    7.5000    7.5000  -45.0000 9815.1035   19.4873
   -7.5000   15.0000  -45.0000 9562.9951   19.4308
    0.0000   15.0000  -45.000010110.2549   19.4645
    7.5000   15.0000  -45.0000 9752.1553   19.4936
   -7.5000   22.5000  -45.0000 9469.2539   19.4290
    0.0000   22.5000  -45.000010002.8760   19.4639
    7.5000   22.5000  -45.0000 9632.5771   19.4892
   -7.5000   30.0000  -45.0000 9310.6562   19.1796
    0.0000   30.0000  -45.0000 9851.8184   19.2097
    7.5000   30.0000  -45.0000 9493.1191   19.2283
   -7.5000   37.5000  -45.0000 9434.5576   19.1819
    0.0000   37.5000  -45.0000 9979.5342   19.2060
    7.5000   37.5000  -45.0000 9614.5615   19.2217
   -7.5000   45.0000  -45.0000 9014.8584   18.6948
    0.0000   45.0000  -45.0000 9518.9902   18.7146
    7.5000   45.0000  -45.0000 9157.7275   18.7313
   -7.5000  -45.0000  -37.5000 5571.7300   20.7206
    0.0000  -45.0000  -37.5000 5865.9995   20.7550
    7.5000  -45.0000  -37.5000 5646.4214   20.7697
   -7.5000  -37.5000  -37.5000 6038.9175   20.0446
    0.0000  -37.5000  -37.5000 6358.4561   20.0821
    7.5000  -37.5000  -37.5000 6112.6187   20.1010
   -7.5000  -30.0000  -37.5000 6781.4478   19.5558
    0.0000  -30.0000  -37.5000 7162.8501   19.5984
    7.5000  -30.0000  -37.5000 6898.2144   19.6223
   -7.5000  -22.5000  -37.5000 7673.8022   19.4258
    0.0000  -22.5000  -37.5000 8118.7534   19.4701
    7.5000  -22.5000  -37.5000 7830.9214   19.4932
   -7.5000  -15.0000  -37.5000 8593.0029   19.4009
    0.0000  -15.0000  -37.5000 9094.6016   19.4425
    7.5000  -15.0000  -37.5000 8798.3281   19.4616
   -7.5000   -7.5000  -37.5000 9555.0098   19.4107
    0.0000   -7.5000  -37.500010080.6963   19.4478
    7.5000   -7.5000  -37.5000 9746.5029   19.4631
   -7.5000    0.0000  -37.500010415.8760   19.4182
    0.0000    0.0000  -37.500010965.2363   19.4528
    7.5000    0.0000  -37.500010570.7598   19.4675
   -7.5000    7.5000  -37.500010377.7617   19.4143
    0.0000    7.5000  -37.500010937.4736   19.4528
    7.5000    7.5000  -37.500010553.4561   19.4719
   -7.5000   15.0000  -37.500010257.4609   19.4008
    0.0000   15.0000  -37.500010819.0469   19.4449
    7.5000   15.0000  -37.500010453.6836   19.4683
   -7.5000   22.5000  -37.500010117.4658   19.3921
    0.0000   22.5000  -37.500010659.9180   19.4369
    7.5000   22.5000  -37.500010280.3906   19.4597
   -7.5000   30.0000  -37.5000 9904.9004   19.1423
    0.0000   30.0000  -37.500010474.3828   19.1833
    7.5000   30.0000  -37.500010103.3389   19.2022
   -7.5000   37.5000  -37.500010037.8984   19.1521
    0.0000   37.5000  -37.500010613.0654   19.1886
    7.5000   37.5000  -37.500010234.6221   19.2037
   -7.5000   45.0000  -37.5000 9567.7949   18.6729
    0.0000   45.0000  -37.500010102.0625   18.7062
    7.5000   45.0000  -37.5000 9719.6582   18.7203
   -7.5000  -45.0000  -30.0000 6048.6860   21.6303
    0.0000  -45.0000  -30.0000 6380.6772   21.6643
    7.5000  -45.0000  -30.0000 6123.9097   21.6749
   -7.5000  -37.5000  -30.0000 6562.0195   20.9202
    0.0000  -37.5000  -30.0000 6919.2520   20.9536
    7.5000  -37.5000  -30.0000 6669.6143   20.9665
   -7.5000  -30.0000  -30.0000 7380.8281   20.3926
    0.0000  -30.0000  -30.0000 7789.3994   20.4315
    7.5000  -30.0000  -30.0000 7519.1914   20.4520
   -7.5000  -22.5000  -30.0000 8361.8867   20.2412
    0.0000  -22.5000  -30.0000 8835.6348   20.2858
    7.5000  -22.5000  -30.0000 8533.7695   20.3112
   -7.5000  -15.0000  -30.0000 9361.8330   20.2155
    0.0000  -15.0000  -30.0000 9881.2314   20.2605
    7.5000  -15.0000  -30.0000 9569.9121   20.2838
   -7.5000   -7.5000  -30.000010385.5459   20.2434
    0.0000   -7.5000  -30.000010947.1660   20.2829
    7.5000   -7.5000  -30.000010585.1465   20.2988
   -7.5000    0.0000  -30.000011313.0273   20.2659
    0.0000    0.0000  -30.000011901.5244   20.3006
    7.5000    0.0000  -30.000011492.9482   20.3115
   -7.5000    7.5000  -30.000011289.9336   20.2591
    0.0000    7.5000  -30.000011881.1270   20.2944
    7.5000    7.5000  -30.000011472.3779   20.3081
   -7.5000   15.0000  -30.000011143.0322   20.2298
    0.0000   15.0000  -30.000011739.0840   20.2702
    7.5000   15.0000  -30.000011353.6709   20.2904
   -7.5000   22.5000  -30.000010960.0684   20.2039
    0.0000   22.5000  -30.000011535.2891   20.2491
    7.5000   22.5000  -30.000011128.4561   20.2740
   -7.5000   30.0000  -30.000010730.9863   19.9480
    0.0000   30.0000  -30.000011300.3936   19.9924
    7.5000   30.0000  -30.000010916.9102   20.0154
   -7.5000   37.5000  -30.000010838.4102   19.9756
    0.0000   37.5000  -30.000011436.3916   20.0145
    7.5000   37.5000  -30.000011050.6758   20.0302
   -7.5000   45.0000  -30.000010307.7080   19.5024
    0.0000   45.0000  -30.000010861.0146   19.5358
    7.5000   45.0000  -30.000010479.2197   19.5463
   -7.5000  -45.0000  -22.5000 6533.0757   22.4216
    0.0000  -45.0000  -22.5000 6896.6553   22.4382
    7.5000  -45.0000  -22.5000 6632.8892   22.4479
   -7.5000  -37.5000  -22.5000 7103.6597   21.6846
    0.0000  -37.5000  -22.5000 7490.0371   21.6983
    7.5000  -37.5000  -22.5000 7227.8931   21.7097
   -7.5000  -30.0000  -22.5000 8019.8848   21.1289
    0.0000  -30.0000  -22.5000 8459.7148   21.1512
    7.5000  -30.0000  -22.5000 8150.7036   21.1724
   -7.5000  -22.5000  -22.5000 9083.0830   20.9633
    0.0000  -22.5000  -22.5000 9585.0234   20.9969
    7.5000  -22.5000  -22.5000 9246.2627   21.0257
   -7.5000  -15.0000  -22.500010143.7725   20.9368
    0.0000  -15.0000  -22.500010711.2012   20.9738
    7.5000  -15.0000  -22.500010354.9541   21.0009
   -7.5000   -7.5000  -22.500011242.3037   20.9744
    0.0000   -7.5000  -22.500011850.2549   21.0039
    7.5000   -7.5000  -22.500011447.0908   21.0216
   -7.5000    0.0000  -22.500012247.4980   21.0051
    0.0000    0.0000  -22.500012869.8115   21.0247
    7.5000    0.0000  -22.500012427.9336   21.0348
   -7.5000    7.5000  -22.500012255.0527   20.9970
    0.0000    7.5000  -22.500012882.7305   21.0140
    7.5000    7.5000  -22.500012457.0664   21.0263
   -7.5000   15.0000  -22.500012092.6172   20.9590
    0.0000   15.0000  -22.500012737.4316   20.9832
    7.5000   15.0000  -22.500012317.4932   21.0042
   -7.5000   22.5000  -22.500011864.5029   20.9231
    0.0000   22.5000  -22.500012464.8477   20.9574
    7.5000   22.5000  -22.500012011.9004   20.9856
   -7.5000   30.0000  -22.500011570.7793   20.6629
    0.0000   30.0000  -22.500012148.0195   20.6995
    7.5000   30.0000  -22.500011717.6895   20.7262
   -7.5000   37.5000  -22.500011653.9014   20.7001
    0.0000   37.5000  -22.500012252.1670   20.7291
    7.5000   37.5000  -22.500011838.5586   20.7466
   -7.5000   45.0000  -22.500011063.1562   20.2289
    0.0000   45.0000  -22.500011590.8135   20.2478
    7.5000   45.0000  -22.500011205.4170   20.2576
   -7.5000  -45.0000  -15.0000 7035.1377   22.9746
    0.0000  -45.0000  -15.0000 7395.9165   22.9734
    7.5000  -45.0000  -15.0000 7121.5063   22.9865
   -7.5000  -37.5000  -15.0000 7673.0156   22.2220
    0.0000  -37.5000  -15.0000 8071.7954   22.2202
    7.5000  -37.5000  -15.0000 7769.9502   22.2364
   -7.5000  -30.0000  -15.0000 8666.5449   21.6600
    0.0000  -30.0000  -15.0000 9135.6875   21.6706
    7.5000  -30.0000  -15.0000 8778.1934   21.6968
   -7.5000  -22.5000  -15.0000 9789.1201   21.4969
    0.0000  -22.5000  -15.000010326.2070   21.5203
    7.5000  -22.5000  -15.0000 9931.6143   21.5514
   -7.5000  -15.0000  -15.000010929.2422   21.4702
    0.0000  -15.0000  -15.000011534.7930   21.4963
    7.5000  -15.0000  -15.000011113.9482   21.5233
   -7.5000   -7.5000  -15.000012105.6250   21.5007
    0.0000   -7.5000  -15.000012746.4043   21.5173
    7.5000   -7.5000  -15.000012286.8428   21.5360
   -7.5000    0.0000  -15.000013163.8955   21.5246
    0.0000    0.0000  -15.000013859.5400   21.5288
    7.5000    0.0000  -15.000013366.1162   21.5419
   -7.5000    7.5000  -15.000013205.7988   21.5176
    0.0000    7.5000  -15.000013922.5596   21.5200
    7.5000    7.5000  -15.000013443.4199   21.5367
   -7.5000   15.0000  -15.000013029.0449   21.4858
    0.0000   15.0000  -15.000013734.4873   21.4985
    7.5000   15.0000  -15.000013209.8613   21.5244
   -7.5000   22.5000  -15.000012774.7549   21.4547
    0.0000   22.5000  -15.000013378.2080   21.4788
    7.5000   22.5000  -15.000012856.5469   21.5092
   -7.5000   30.0000  -15.000012414.1455   21.1923
    0.0000   30.0000  -15.000013014.9043   21.2180
    7.5000   30.0000  -15.000012521.7637   21.2447
   -7.5000   37.5000  -15.000012467.2227   21.2225
    0.0000   37.5000  -15.000013073.1768   21.2388
    7.5000   37.5000  -15.000012620.3535   21.2573
   -7.5000   45.0000  -15.000011829.6191   20.7418
    0.0000   45.0000  -15.000012349.1328   20.7459
    7.5000   45.0000  -15.000011955.7002   20.7585
   -7.5000  -45.0000   -7.5000 7580.2168   23.2028
    0.0000  -45.0000   -7.5000 7961.8828   23.2033
    7.5000  -45.0000   -7.5000 7674.5557   23.2213
   -7.5000  -37.5000   -7.5000 8279.7637   22.4462
    0.0000  -37.5000   -7.5000 8708.8672   22.4514
    7.5000  -37.5000   -7.5000 8363.3379   22.4760
   -7.5000  -30.0000   -7.5000 9346.1709   21.8963
    0.0000  -30.0000   -7.5000 9849.9570   21.9139
    7.5000  -30.0000   -7.5000 9442.6309   21.9469
   -7.5000  -22.5000   -7.500010561.1279   21.7482
    0.0000  -22.5000   -7.500011123.5449   21.7736
    7.5000  -22.5000   -7.500010686.2490   21.8053
   -7.5000  -15.0000   -7.500011744.7666   21.7216
    0.0000  -15.0000   -7.500012382.0488   21.7454
    7.5000  -15.0000   -7.500011917.3330   21.7695
   -7.5000   -7.5000   -7.500013013.2256   21.7348
    0.0000   -7.5000   -7.500013697.3682   21.7494
    7.5000   -7.5000   -7.500013183.6455   21.7678
   -7.5000    0.0000   -7.500014200.3135   21.7432
    0.0000    0.0000   -7.500014961.6016   21.7488
    7.5000    0.0000   -7.500014417.2676   21.7664
   -7.5000    7.5000   -7.500014264.5547   21.7382
    0.0000    7.5000   -7.500015102.4102   21.7467
    7.5000    7.5000   -7.500014520.7158   21.7711
   -7.5000   15.0000   -7.500014042.3115   21.7215
    0.0000   15.0000   -7.500014796.6289   21.7412
    7.5000   15.0000   -7.500014164.1074   21.7736
   -7.5000   22.5000   -7.500013698.0518   21.7033
    0.0000   22.5000   -7.500014369.4307   21.7294
    7.5000   22.5000   -7.500013751.6348   21.7605
   -7.5000   30.0000   -7.500013340.9277   21.4399
    0.0000   30.0000   -7.500014006.5400   21.4634
    7.5000   30.0000   -7.500013426.1670   21.4871
   -7.5000   37.5000   -7.500013410.7500   21.4530
    0.0000   37.5000   -7.500014050.2109   21.4674
    7.5000   37.5000   -7.500013509.9053   21.4855
   -7.5000   45.0000   -7.500012689.9795   20.9563
    0.0000   45.0000   -7.500013241.5234   20.9618
    7.5000   45.0000   -7.500012772.5615   20.9787
   -7.5000  -45.0000    0.0000 8085.0967   23.1946
    0.0000  -45.0000    0.0000 8488.3555   23.2155
    7.5000  -45.0000    0.0000 8165.0835   23.2355
   -7.5000  -37.5000    0.0000 8824.6387   22.4406
    0.0000  -37.5000    0.0000 9284.9727   22.4678
    7.5000  -37.5000    0.0000 8899.3125   22.4951
   -7.5000  -30.0000    0.0000 9944.0547   21.9018
    0.0000  -30.0000    0.000010468.9102   21.9380
    7.5000  -30.0000    0.000010045.6602   21.9710
   -7.5000  -22.5000    0.000011231.5566   21.7639
    0.0000  -22.5000    0.000011812.0889   21.8023
    7.5000  -22.5000    0.000011347.6514   21.8311
   -7.5000  -15.0000    0.000012482.3916   21.7366
    0.0000  -15.0000    0.000013144.5928   21.7708
    7.5000  -15.0000    0.000012654.5811   21.7918
   -7.5000   -7.5000    0.000013881.4824   21.7390
    0.0000   -7.5000    0.000014581.3252   21.7665
    7.5000   -7.5000    0.000014047.6562   21.7843
   -7.5000    0.0000    0.000015290.1914   21.7392
    0.0000    0.0000    0.000016174.6416   21.7625
    7.5000    0.0000    0.000015577.2178   21.7820
   -7.5000    7.5000    0.000015333.6982   21.7358
    0.0000    7.5000    0.000016405.0020   21.7648
    7.5000    7.5000    0.000015613.7500   21.7918
   -7.5000   15.0000    0.000014951.4570   21.7283
    0.0000   15.0000    0.000015869.8311   21.7663
    7.5000   15.0000    0.000015042.6250   21.7988
   -7.5000   22.5000    0.000014557.4141   21.7191
    0.0000   22.5000    0.000015343.2148   21.7582
    7.5000   22.5000    0.000014606.3262   21.7865
   -7.5000   30.0000    0.000014204.0615   21.4553
    0.0000   30.0000    0.000014964.2207   21.4890
    7.5000   30.0000    0.000014291.3838   21.5097
   -7.5000   37.5000    0.000014292.0918   21.4577
    0.0000   37.5000    0.000015014.6631   21.4848
    7.5000   37.5000    0.000014369.6328   21.5024
   -7.5000   45.0000    0.000013503.6045   20.9541
    0.0000   45.0000    0.000014144.4336   20.9765
    7.5000   45.0000    0.000013564.3828   20.9953
   -7.5000  -45.0000    7.5000 7950.2725   23.1869
    0.0000  -45.0000    7.5000 8371.7744   23.2253
    7.5000  -45.0000    7.5000 8037.0669   23.2418
   -7.5000  -37.5000    7.5000 8669.6748   22.4305
    0.0000  -37.5000    7.5000 9134.7871   22.4724
    7.5000  -37.5000    7.5000 8744.6064   22.4936
   -7.5000  -30.0000    7.5000 9764.4082   21.8834
    0.0000  -30.0000    7.500010296.8438   21.9312
    7.5000  -30.0000    7.5000 9853.5137   21.9579
   -7.5000  -22.5000    7.500011026.0205   21.7380
    0.0000  -22.5000    7.500011614.4180   21.7875
    7.5000  -22.5000    7.500011104.4268   21.8135
   -7.5000  -15.0000    7.500012302.5488   21.7101
    0.0000  -15.0000    7.500012951.9844   21.7566
    7.5000  -15.0000    7.500012414.6113   21.7780
   -7.5000   -7.5000    7.500013798.4277   21.7211
    0.0000   -7.5000    7.500014542.0361   21.7626
    7.5000   -7.5000    7.500013962.1777   21.7797
   -7.5000    0.0000    7.500015236.4258   21.7295
    0.0000    0.0000    7.500016462.3672   21.7683
    7.5000    0.0000    7.500015617.9834   21.7846
   -7.5000    7.5000    7.500015101.0635   21.7251
    0.0000    7.5000    7.500016455.6309   21.7682
    7.5000    7.5000    7.500015430.3770   21.7896
   -7.5000   15.0000    7.500014612.7949   21.7100
    0.0000   15.0000    7.500015636.2617   21.7593
    7.5000   15.0000    7.500014681.5127   21.7856
   -7.5000   22.5000    7.500014244.9365   21.6933
    0.0000   22.5000    7.500015107.6406   21.7434
    7.5000   22.5000    7.500014266.5859   21.7689
   -7.5000   30.0000    7.500013946.6553   21.4291
    0.0000   30.0000    7.500014792.3008   21.4750
    7.5000   30.0000    7.500014039.7393   21.4962
   -7.5000   37.5000    7.500014033.5303   21.4400
    0.0000   37.5000    7.500014848.6797   21.4809
    7.5000   37.5000    7.500014124.1748   21.4978
   -7.5000   45.0000    7.500013243.3477   20.9447
    0.0000   45.0000    7.500013945.4736   20.9821
    7.5000   45.0000    7.500013280.8164   20.9978
   -7.5000  -45.0000   15.0000 7687.7749   23.2274
    0.0000  -45.0000   15.0000 8095.9990   23.2639
    7.5000  -45.0000   15.0000 7760.0596   23.2752
   -7.5000  -37.5000   15.0000 8438.2900   22.4649
    0.0000  -37.5000   15.0000 8863.4287   22.5007
    7.5000  -37.5000   15.0000 8480.9951   22.5146
   -7.5000  -30.0000   15.0000 9501.6670   21.8983
    0.0000  -30.0000   15.000010001.5391   21.9400
    7.5000  -30.0000   15.0000 9539.8730   21.9620
   -7.5000  -22.5000   15.000010718.3018   21.7357
    0.0000  -22.5000   15.000011295.0410   21.7836
    7.5000  -22.5000   15.000010720.9785   21.8109
   -7.5000  -15.0000   15.000011974.9736   21.7081
    0.0000  -15.0000   15.000012669.6104   21.7564
    7.5000  -15.0000   15.000012002.0986   21.7815
   -7.5000   -7.5000   15.000013414.7129   21.7381
    0.0000   -7.5000   15.000014361.1338   21.7805
    7.5000   -7.5000   15.000013526.9346   21.7976
   -7.5000    0.0000   15.000014691.2363   21.7623
    0.0000    0.0000   15.000016158.1377   21.7995
    7.5000    0.0000   15.000015066.2627   21.8112
   -7.5000    7.5000   15.000014574.4121   21.7550
    0.0000    7.5000   15.000016052.3779   21.7928
    7.5000    7.5000   15.000014929.7510   21.8075
   -7.5000   15.0000   15.000014174.1924   21.7235
    0.0000   15.0000   15.000015280.4844   21.7669
    7.5000   15.0000   15.000014258.4023   21.7886
   -7.5000   22.5000   15.000013886.2188   21.6909
    0.0000   22.5000   15.000014852.2344   21.7394
    7.5000   22.5000   15.000013886.9111   21.7661
   -7.5000   30.0000   15.000013625.3330   21.4272
    0.0000   30.0000   15.000014584.7939   21.4748
    7.5000   30.0000   15.000013674.7812   21.4996
   -7.5000   37.5000   15.000013731.2402   21.4568
    0.0000   37.5000   15.000014664.3564   21.4986
    7.5000   37.5000   15.000013767.3945   21.5155
   -7.5000   45.0000   15.000012943.5088   20.9763
    0.0000   45.0000   15.000013762.8740   21.0122
    7.5000   45.0000   15.000012931.5879   21.0235
   -7.5000  -45.0000   22.5000 7322.8779   23.2755
    0.0000  -45.0000   22.5000 7758.5684   23.2926
    7.5000  -45.0000   22.5000 7364.1021   23.3027
   -7.5000  -37.5000   22.5000 8052.5776   22.5104
    0.0000  -37.5000   22.5000 8503.6455   22.5246
    7.5000  -37.5000   22.5000 8076.7817   22.5364
   -7.5000  -30.0000   22.5000 9112.2383   21.9335
    0.0000  -30.0000   22.5000 9598.7861   21.9566
    7.5000  -30.0000   22.5000 9113.5684   21.9787
   -7.5000  -22.5000   22.500010281.2822   21.7616
    0.0000  -22.5000   22.500010839.6631   21.7965
    7.5000  -22.5000   22.500010309.9404   21.8264
   -7.5000  -15.0000   22.500011501.0264   21.7341
    0.0000  -15.0000   22.500012130.8770   21.7725
    7.5000  -15.0000   22.500011550.2979   21.8006
   -7.5000   -7.5000   22.500012781.7646   21.7731
    0.0000   -7.5000   22.500013628.6729   21.8037
    7.5000   -7.5000   22.500012877.8672   21.8221
   -7.5000    0.0000   22.500013955.0498   21.8049
    0.0000    0.0000   22.500015242.4014   21.8253
    7.5000    0.0000   22.500014244.8369   21.8358
   -7.5000    7.5000   22.500014022.9541   21.7965
    0.0000    7.5000   22.500015469.7227   21.8142
    7.5000    7.5000   22.500014336.1611   21.8270
   -7.5000   15.0000   22.500013844.9648   21.7572
    0.0000   15.0000   22.500015142.2266   21.7822
    7.5000   15.0000   22.500014020.6387   21.8040
   -7.5000   22.5000   22.500013587.9385   21.7165
    0.0000   22.5000   22.500014745.5166   21.7521
    7.5000   22.5000   22.500013606.7002   21.7814
   -7.5000   30.0000   22.500013296.5762   21.4528
    0.0000   30.0000   22.500014345.8604   21.4907
    7.5000   30.0000   22.500013269.7490   21.5184
   -7.5000   37.5000   22.500013348.3711   21.4914
    0.0000   37.5000   22.500014292.4072   21.5215
    7.5000   37.5000   22.500013271.5547   21.5396
   -7.5000   45.0000   22.500012564.9600   21.0174
    0.0000   45.0000   22.500013358.0977   21.0371
    7.5000   45.0000   22.500012461.5244   21.0472
   -7.5000  -45.0000   30.0000 6919.9766   23.2899
    0.0000  -45.0000   30.0000 7258.1470   23.2887
    7.5000  -45.0000   30.0000 6916.3174   23.3020
   -7.5000  -37.5000   30.0000 7623.5796   22.5269
    0.0000  -37.5000   30.0000 7997.0376   22.5252
    7.5000  -37.5000   30.0000 7620.5757   22.5415
   -7.5000  -30.0000   30.0000 8639.7842   21.9573
    0.0000  -30.0000   30.0000 9078.3359   21.9680
    7.5000  -30.0000   30.0000 8634.6777   21.9946
   -7.5000  -22.5000   30.0000 9760.0342   21.7919
    0.0000  -22.5000   30.000010277.8789   21.8156
    7.5000  -22.5000   30.0000 9781.3193   21.8471
   -7.5000  -15.0000   30.000010850.5020   21.7649
    0.0000  -15.0000   30.000011481.3057   21.7913
    7.5000  -15.0000   30.000010907.5596   21.8187
   -7.5000   -7.5000   30.000011999.6670   21.7958
    0.0000   -7.5000   30.000012835.5488   21.8126
    7.5000   -7.5000   30.000012076.0107   21.8316
   -7.5000    0.0000   30.000013080.0225   21.8200
    0.0000    0.0000   30.000014182.9248   21.8243
    7.5000    0.0000   30.000013211.4502   21.8376
   -7.5000    7.5000   30.000013196.5967   21.8129
    0.0000    7.5000   30.000014399.2783   21.8153
    7.5000    7.5000   30.000013343.8408   21.8322
   -7.5000   15.0000   30.000013147.6924   21.7807
    0.0000   15.0000   30.000014417.7783   21.7936
    7.5000   15.0000   30.000013307.2803   21.8198
   -7.5000   22.5000   30.000012940.4111   21.7468
    0.0000   22.5000   30.000014178.8301   21.7712
    7.5000   22.5000   30.000013068.6992   21.8021
   -7.5000   30.0000   30.000012543.1543   21.4832
    0.0000   30.0000   30.000013647.0342   21.5092
    7.5000   30.0000   30.000012660.3877   21.5363
   -7.5000   37.5000   30.000012477.0166   21.5137
    0.0000   37.5000   30.000013426.2109   21.5303
    7.5000   37.5000   30.000012507.8516   21.5490
   -7.5000   45.0000   30.000011720.2422   21.0320
    0.0000   45.0000   30.000012503.8936   21.0361
    7.5000   45.0000   30.000011693.5400   21.0489
   -7.5000  -45.0000   37.5000 6640.4932   23.2773
    0.0000  -45.0000   37.5000 6970.1548   23.2778
    7.5000  -45.0000   37.5000 6623.5923   23.2960
   -7.5000  -37.5000   37.5000 7315.7856   22.5175
    0.0000  -37.5000   37.5000 7672.1069   22.5226
    7.5000  -37.5000   37.5000 7299.2231   22.5474
   -7.5000  -30.0000   37.5000 8312.3301   21.9651
    0.0000  -30.0000   37.5000 8712.8242   21.9828
    7.5000  -30.0000   37.5000 8312.9385   22.0160
   -7.5000  -22.5000   37.5000 9411.7197   21.8164
    0.0000  -22.5000   37.5000 9847.8154   21.8419
    7.5000  -22.5000   37.5000 9429.2725   21.8738
   -7.5000  -15.0000   37.500010468.5342   21.7898
    0.0000  -15.0000   37.500010976.7705   21.8136
    7.5000  -15.0000   37.500010552.5605   21.8379
   -7.5000   -7.5000   37.500011578.4053   21.8031
    0.0000   -7.5000   37.500012158.7109   21.8177
    7.5000   -7.5000   37.500011664.9785   21.8363
   -7.5000    0.0000   37.500012591.3896   21.8114
    0.0000    0.0000   37.500013224.2373   21.8170
    7.5000    0.0000   37.500012677.6885   21.8348
   -7.5000    7.5000   37.500012610.8135   21.8064
    0.0000    7.5000   37.500013247.4277   21.8149
    7.5000    7.5000   37.500012726.6670   21.8395
   -7.5000   15.0000   37.500012483.2305   21.7896
    0.0000   15.0000   37.500013157.9736   21.8093
    7.5000   15.0000   37.500012636.9180   21.8421
   -7.5000   22.5000   37.500012305.3301   21.7713
    0.0000   22.5000   37.500013037.5908   21.7975
    7.5000   22.5000   37.500012479.5195   21.8289
   -7.5000   30.0000   37.500012031.0771   21.5077
    0.0000   30.0000   37.500012790.1279   21.5313
    7.5000   30.0000   37.500012227.6084   21.5553
   -7.5000   37.5000   37.500012006.9033   21.5209
    0.0000   37.5000   37.500012739.7158   21.5353
    7.5000   37.5000   37.500012137.3613   21.5537
   -7.5000   45.0000   37.500011285.2793   21.0237
    0.0000   45.0000   37.500011943.0889   21.0291
    7.5000   45.0000   37.500011335.2637   21.0462
   -7.5000  -45.0000   45.0000 6014.1997   23.2331
    0.0000  -45.0000   45.0000 6324.9009   23.2541
    7.5000  -45.0000   45.0000 6073.3003   23.2749
   -7.5000  -37.5000   45.0000 6628.7456   22.4778
    0.0000  -37.5000   45.0000 6950.9390   22.5053
    7.5000  -37.5000   45.0000 6701.4834   22.5335
   -7.5000  -30.0000   45.0000 7532.4141   21.9368
    0.0000  -30.0000   45.0000 7869.4243   21.9735
    7.5000  -30.0000   45.0000 7620.3677   22.0073
   -7.5000  -22.5000   45.0000 8506.1855   21.7989
    0.0000  -22.5000   45.0000 8878.0547   21.8377
    7.5000  -22.5000   45.0000 8614.2549   21.8671
   -7.5000  -15.0000   45.0000 9428.9385   21.7717
    0.0000  -15.0000   45.0000 9879.6338   21.8063
    7.5000  -15.0000   45.0000 9605.5225   21.8278
   -7.5000   -7.5000   45.000010386.7129   21.7742
    0.0000   -7.5000   45.000010866.0303   21.8021
    7.5000   -7.5000   45.000010548.5264   21.8204
   -7.5000    0.0000   45.000011261.9951   21.7744
    0.0000    0.0000   45.000011744.2090   21.7979
    7.5000    0.0000   45.000011388.7510   21.8180
   -7.5000    7.5000   45.000011248.9775   21.7707
    0.0000    7.5000   45.000011739.7910   21.8000
    7.5000    7.5000   45.000011377.8213   21.8277
   -7.5000   15.0000   45.000011123.5059   21.7630
    0.0000   15.0000   45.000011635.7617   21.8015
    7.5000   15.0000   45.000011223.4082   21.8347
   -7.5000   22.5000   45.000010965.3135   21.7539
    0.0000   22.5000   45.000011529.5371   21.7934
    7.5000   22.5000   45.000011058.8320   21.8223
   -7.5000   30.0000   45.000010770.1484   21.4880
    0.0000   30.0000   45.000011342.4307   21.5222
    7.5000   30.0000   45.000010880.9424   21.5434
   -7.5000   37.5000   45.000010796.5430   21.4906
    0.0000   37.5000   45.000011385.5137   21.5181
    7.5000   37.5000   45.000010897.4268   21.5361
   -7.5000   45.0000   45.000010193.7031   20.9975
    0.0000   45.0000   45.000010722.3145   21.0202
    7.5000   45.0000   45.000010232.8496   21.0395

---------------------------------------------------------------------
imgreg_4dfp /opt/freesurfer/average/711-2C_as_mni_average_305 /opt/freesurfer/average/711-2B_as_mni_average_305_mask talsrcimg_g11 none talsrcimg_to_711-2C_as_mni_average_305_t4 4355
---------------------------------------------------------------------

freesurfer imgreg_4dfp.c
/opt/freesurfer/average/711-2C_as_mni_average_305.4dfp.img
       256       256       256         1
  1.000000  1.000000  1.000000
orientation T byte_order littleendian
Reading image: /opt/freesurfer/average/711-2C_as_mni_average_305.4dfp.img
dimensions:      256       256       256
mmppix:       1.0000   -1.0000   -1.0000
center:     128.0000 -129.0000 -129.0000
/opt/freesurfer/average/711-2B_as_mni_average_305_mask.4dfp.img
       256       256       256         1
  1.000000  1.000000  1.000000
orientation T byte_order littleendian
Reading mask: /opt/freesurfer/average/711-2B_as_mni_average_305_mask.4dfp.img (2306576 pixels)
talsrcimg_g11.4dfp.img
       256       256       256         1
  1.000000  1.000000  1.000000
orientation T byte_order littleendian
Reading image: talsrcimg_g11.4dfp.img
dimensions:      256       256       256
mmppix:       1.0000   -1.0000   -1.0000
center:     128.0000 -129.0000 -129.0000
rotation matrix determinant  1.000000
image alignment mode   4355 decimal     1103 hex
   -7.5000  -45.0000  -37.5000 1654.4487   39.2297
    0.0000  -45.0000  -37.5000 1664.0621   38.8391
    7.5000  -45.0000  -37.5000 1656.5911   38.2143
   -7.5000  -37.5000  -37.5000 1769.7898   34.3165
    0.0000  -37.5000  -37.5000 1782.1007   34.1174
    7.5000  -37.5000  -37.5000 1773.9131   33.6244
   -7.5000  -30.0000  -37.5000 1879.1820   30.3113
    0.0000  -30.0000  -37.5000 1898.4532   30.2100
    7.5000  -30.0000  -37.5000 1893.2905   29.9172
   -7.5000  -22.5000  -37.5000 1989.7711   27.2919
    0.0000  -22.5000  -37.5000 2014.1641   27.2536
    7.5000  -22.5000  -37.5000 2003.4313   26.9335
   -7.5000  -15.0000  -37.5000 2082.4753   24.9081
    0.0000  -15.0000  -37.5000 2108.9573   24.8608
    7.5000  -15.0000  -37.5000 2103.9053   24.6819
   -7.5000   -7.5000  -37.5000 2160.7146   23.1564
    0.0000   -7.5000  -37.5000 2184.8010   23.0874
    7.5000   -7.5000  -37.5000 2181.7522   22.9619
   -7.5000    0.0000  -37.5000 2204.3330   21.8483
    0.0000    0.0000  -37.5000 2221.5923   21.7589
    7.5000    0.0000  -37.5000 2218.7375   21.6417
   -7.5000    7.5000  -37.5000 2221.5383   20.8750
    0.0000    7.5000  -37.5000 2237.8843   20.7872
    7.5000    7.5000  -37.5000 2235.8196   20.7292
   -7.5000   15.0000  -37.5000 2232.2979   20.3903
    0.0000   15.0000  -37.5000 2244.2686   20.3011
    7.5000   15.0000  -37.5000 2240.9568   20.2468
   -7.5000   22.5000  -37.5000 2223.2434   20.2727
    0.0000   22.5000  -37.5000 2241.2190   20.1895
    7.5000   22.5000  -37.5000 2236.1294   20.1734
   -7.5000   30.0000  -37.5000 2206.9883   20.6462
    0.0000   30.0000  -37.5000 2233.4060   20.5141
    7.5000   30.0000  -37.5000 2228.9888   20.4796
   -7.5000   37.5000  -37.5000 2180.3889   21.2964
    0.0000   37.5000  -37.5000 2202.5352   21.2166
    7.5000   37.5000  -37.5000 2203.6799   21.1652
   -7.5000   45.0000  -37.5000 2139.6174   22.4334
    0.0000   45.0000  -37.5000 2156.5649   22.3260
    7.5000   45.0000  -37.5000 2153.6770   22.2436
   -7.5000  -45.0000  -30.0000 1749.5782   38.0799
    0.0000  -45.0000  -30.0000 1770.3674   37.6884
    7.5000  -45.0000  -30.0000 1764.8231   36.9767
   -7.5000  -37.5000  -30.0000 1868.0165   33.1019
    0.0000  -37.5000  -30.0000 1889.8511   32.8785
    7.5000  -37.5000  -30.0000 1894.2397   32.4555
   -7.5000  -30.0000  -30.0000 1990.5056   29.1277
    0.0000  -30.0000  -30.0000 2014.6249   28.9408
    7.5000  -30.0000  -30.0000 2016.4830   28.6923
   -7.5000  -22.5000  -30.0000 2112.4226   26.1616
    0.0000  -22.5000  -30.0000 2138.4346   25.9828
    7.5000  -22.5000  -30.0000 2136.9839   25.8248
   -7.5000  -15.0000  -30.0000 2212.5410   23.8927
    0.0000  -15.0000  -30.0000 2234.7761   23.6885
    7.5000  -15.0000  -30.0000 2237.2310   23.6187
   -7.5000   -7.5000  -30.0000 2299.5481   22.1773
    0.0000   -7.5000  -30.0000 2315.9866   21.9799
    7.5000   -7.5000  -30.0000 2315.3486   21.9443
   -7.5000    0.0000  -30.0000 2344.6033   20.8932
    0.0000    0.0000  -30.0000 2363.5098   20.7219
    7.5000    0.0000  -30.0000 2364.2195   20.6964
   -7.5000    7.5000  -30.0000 2363.2683   19.9209
    0.0000    7.5000  -30.0000 2382.2268   19.7602
    7.5000    7.5000  -30.0000 2380.0430   19.7802
   -7.5000   15.0000  -30.0000 2377.0422   19.4010
    0.0000   15.0000  -30.0000 2392.6294   19.2178
    7.5000   15.0000  -30.0000 2388.1189   19.2429
   -7.5000   22.5000  -30.0000 2370.2734   19.2846
    0.0000   22.5000  -30.0000 2386.8152   19.0928
    7.5000   22.5000  -30.0000 2385.0781   19.1209
   -7.5000   30.0000  -30.0000 2356.6655   19.5920
    0.0000   30.0000  -30.0000 2384.0452   19.3870
    7.5000   30.0000  -30.0000 2389.4304   19.4086
   -7.5000   37.5000  -30.0000 2340.0479   20.2621
    0.0000   37.5000  -30.0000 2361.8669   20.0464
    7.5000   37.5000  -30.0000 2366.3281   20.0510
   -7.5000   45.0000  -30.0000 2294.0374   21.4066
    0.0000   45.0000  -30.0000 2312.3345   21.1859
    7.5000   45.0000  -30.0000 2313.4951   21.1717
   -7.5000  -45.0000  -22.5000 1821.2758   36.6419
    0.0000  -45.0000  -22.5000 1840.8595   36.1818
    7.5000  -45.0000  -22.5000 1850.7225   35.5718
   -7.5000  -37.5000  -22.5000 1947.9790   31.8243
    0.0000  -37.5000  -22.5000 1969.2867   31.5016
    7.5000  -37.5000  -22.5000 1984.4033   31.1560
   -7.5000  -30.0000  -22.5000 2084.9473   28.0499
    0.0000  -30.0000  -22.5000 2106.9443   27.7810
    7.5000  -30.0000  -22.5000 2112.8386   27.5568
   -7.5000  -22.5000  -22.5000 2210.5034   25.0919
    0.0000  -22.5000  -22.5000 2236.0178   24.8139
    7.5000  -22.5000  -22.5000 2239.7820   24.6427
   -7.5000  -15.0000  -22.5000 2311.8694   22.7974
    0.0000  -15.0000  -22.5000 2336.8301   22.5413
    7.5000  -15.0000  -22.5000 2341.3113   22.4338
   -7.5000   -7.5000  -22.5000 2400.3669   21.0541
    0.0000   -7.5000  -22.5000 2416.9387   20.7849
    7.5000   -7.5000  -22.5000 2424.3220   20.7932
   -7.5000    0.0000  -22.5000 2462.7825   19.8704
    0.0000    0.0000  -22.5000 2475.5046   19.6082
    7.5000    0.0000  -22.5000 2482.9561   19.6437
   -7.5000    7.5000  -22.5000 2495.5049   18.9504
    0.0000    7.5000  -22.5000 2505.5349   18.6897
    7.5000    7.5000  -22.5000 2513.6558   18.7505
   -7.5000   15.0000  -22.5000 2509.0581   18.3827
    0.0000   15.0000  -22.5000 2518.3955   18.0977
    7.5000   15.0000  -22.5000 2525.9231   18.1614
   -7.5000   22.5000  -22.5000 2506.7375   18.2692
    0.0000   22.5000  -22.5000 2518.5098   17.9730
    7.5000   22.5000  -22.5000 2524.7739   18.0344
   -7.5000   30.0000  -22.5000 2488.9590   18.5175
    0.0000   30.0000  -22.5000 2511.0947   18.2345
    7.5000   30.0000  -22.5000 2518.0034   18.2961
   -7.5000   37.5000  -22.5000 2469.9707   19.2226
    0.0000   37.5000  -22.5000 2493.3066   18.9636
    7.5000   37.5000  -22.5000 2495.3787   19.0007
   -7.5000   45.0000  -22.5000 2417.6213   20.3248
    0.0000   45.0000  -22.5000 2439.3762   20.1079
    7.5000   45.0000  -22.5000 2440.7844   20.1290
   -7.5000  -45.0000  -15.0000 1864.3636   35.3150
    0.0000  -45.0000  -15.0000 1877.4287   34.5262
    7.5000  -45.0000  -15.0000 1900.0831   34.0834
   -7.5000  -37.5000  -15.0000 2001.5105   30.6523
    0.0000  -37.5000  -15.0000 2013.3650   30.0464
    7.5000  -37.5000  -15.0000 2031.4038   29.7529
   -7.5000  -30.0000  -15.0000 2141.2688   26.8799
    0.0000  -30.0000  -15.0000 2157.2554   26.4403
    7.5000  -30.0000  -15.0000 2163.2778   26.2366
   -7.5000  -22.5000  -15.0000 2273.3464   23.9913
    0.0000  -22.5000  -15.0000 2290.3091   23.6409
    7.5000  -22.5000  -15.0000 2295.1138   23.4642
   -7.5000  -15.0000  -15.0000 2382.2666   21.7823
    0.0000  -15.0000  -15.0000 2399.9102   21.5144
    7.5000  -15.0000  -15.0000 2409.9797   21.3746
   -7.5000   -7.5000  -15.0000 2471.5430   20.0558
    0.0000   -7.5000  -15.0000 2484.5735   19.7989
    7.5000   -7.5000  -15.0000 2496.9238   19.7324
   -7.5000    0.0000  -15.0000 2540.0281   18.8923
    0.0000    0.0000  -15.0000 2547.7905   18.5877
    7.5000    0.0000  -15.0000 2560.0522   18.5563
   -7.5000    7.5000  -15.0000 2580.9221   17.9715
    0.0000    7.5000  -15.0000 2590.8125   17.7210
    7.5000    7.5000  -15.0000 2601.5908   17.7373
   -7.5000   15.0000  -15.0000 2599.2583   17.3462
    0.0000   15.0000  -15.0000 2605.2346   17.0880
    7.5000   15.0000  -15.0000 2610.1475   17.1135
   -7.5000   22.5000  -15.0000 2603.8665   17.2178
    0.0000   22.5000  -15.0000 2615.2949   16.9449
    7.5000   22.5000  -15.0000 2614.9392   16.9427
   -7.5000   30.0000  -15.0000 2584.4204   17.4559
    0.0000   30.0000  -15.0000 2603.0042   17.1752
    7.5000   30.0000  -15.0000 2610.1843   17.2159
   -7.5000   37.5000  -15.0000 2554.5581   18.1929
    0.0000   37.5000  -15.0000 2578.3936   17.9214
    7.5000   37.5000  -15.0000 2585.8076   17.9653
   -7.5000   45.0000  -15.0000 2499.0364   19.2655
    0.0000   45.0000  -15.0000 2521.8772   19.0245
    7.5000   45.0000  -15.0000 2526.7275   19.0639
   -7.5000  -45.0000   -7.5000 1892.4473   33.7700
    0.0000  -45.0000   -7.5000 1909.3979   33.0674
    7.5000  -45.0000   -7.5000 1930.6123   32.6959
   -7.5000  -37.5000   -7.5000 2040.1454   29.3268
    0.0000  -37.5000   -7.5000 2053.4849   28.7373
    7.5000  -37.5000   -7.5000 2072.3491   28.4516
   -7.5000  -30.0000   -7.5000 2186.8623   25.6777
    0.0000  -30.0000   -7.5000 2201.9004   25.2300
    7.5000  -30.0000   -7.5000 2206.9126   25.0157
   -7.5000  -22.5000   -7.5000 2322.5562   22.8722
    0.0000  -22.5000   -7.5000 2335.9099   22.4837
    7.5000  -22.5000   -7.5000 2341.8074   22.2781
   -7.5000  -15.0000   -7.5000 2432.5835   20.7506
    0.0000  -15.0000   -7.5000 2448.0796   20.3938
    7.5000  -15.0000   -7.5000 2460.0193   20.2583
   -7.5000   -7.5000   -7.5000 2536.0845   19.1523
    0.0000   -7.5000   -7.5000 2551.1365   18.8657
    7.5000   -7.5000   -7.5000 2565.9624   18.7341
   -7.5000    0.0000   -7.5000 2601.8704   17.9304
    0.0000    0.0000   -7.5000 2616.8311   17.7227
    7.5000    0.0000   -7.5000 2630.8472   17.6101
   -7.5000    7.5000   -7.5000 2651.1060   17.0395
    0.0000    7.5000   -7.5000 2660.8062   16.8625
    7.5000    7.5000   -7.5000 2670.1062   16.7875
   -7.5000   15.0000   -7.5000 2666.5466   16.3779
    0.0000   15.0000   -7.5000 2673.2588   16.1545
    7.5000   15.0000   -7.5000 2677.0352   16.1486
   -7.5000   22.5000   -7.5000 2679.7122   16.2094
    0.0000   22.5000   -7.5000 2683.2524   15.9154
    7.5000   22.5000   -7.5000 2690.0547   15.9228
   -7.5000   30.0000   -7.5000 2668.9133   16.4803
    0.0000   30.0000   -7.5000 2682.8044   16.1792
    7.5000   30.0000   -7.5000 2691.9685   16.2281
   -7.5000   37.5000   -7.5000 2639.7312   17.2124
    0.0000   37.5000   -7.5000 2653.4109   16.9288
    7.5000   37.5000   -7.5000 2664.7161   16.9765
   -7.5000   45.0000   -7.5000 2572.0559   18.2785
    0.0000   45.0000   -7.5000 2585.5703   18.0048
    7.5000   45.0000   -7.5000 2593.5557   18.0218
   -7.5000  -45.0000    0.0000 1911.6453   32.7854
    0.0000  -45.0000    0.0000 1937.5870   32.1605
    7.5000  -45.0000    0.0000 1949.5691   31.7904
   -7.5000  -37.5000    0.0000 2064.8511   28.2837
    0.0000  -37.5000    0.0000 2087.1270   27.8317
    7.5000  -37.5000    0.0000 2096.2429   27.5321
   -7.5000  -30.0000    0.0000 2216.4326   24.7079
    0.0000  -30.0000    0.0000 2236.4165   24.3825
    7.5000  -30.0000    0.0000 2239.3628   24.1296
   -7.5000  -22.5000    0.0000 2357.1611   22.0041
    0.0000  -22.5000    0.0000 2373.0588   21.6839
    7.5000  -22.5000    0.0000 2378.4534   21.4755
   -7.5000  -15.0000    0.0000 2470.2524   19.9815
    0.0000  -15.0000    0.0000 2491.4480   19.6786
    7.5000  -15.0000    0.0000 2499.6348   19.4940
   -7.5000   -7.5000    0.0000 2573.4912   18.4151
    0.0000   -7.5000    0.0000 2599.0054   18.1492
    7.5000   -7.5000    0.0000 2610.0740   18.0084
   -7.5000    0.0000    0.0000 2652.2720   17.2701
    0.0000    0.0000    0.0000 2684.4929   17.0885
    7.5000    0.0000    0.0000 2694.8455   16.9816
   -7.5000    7.5000    0.0000 2703.6111   16.3571
    0.0000    7.5000    0.0000 2728.6504   16.2166
    7.5000    7.5000    0.0000 2732.6526   16.0852
   -7.5000   15.0000    0.0000 2721.2690   15.6065
    0.0000   15.0000    0.0000 2727.2502   15.3755
    7.5000   15.0000    0.0000 2729.6624   15.3193
   -7.5000   22.5000    0.0000 2740.1755   15.3614
    0.0000   22.5000    0.0000 2741.8486   15.0824
    7.5000   22.5000    0.0000 2745.7512   15.0698
   -7.5000   30.0000    0.0000 2730.5603   15.6837
    0.0000   30.0000    0.0000 2748.8547   15.3617
    7.5000   30.0000    0.0000 2752.3743   15.3934
   -7.5000   37.5000    0.0000 2698.0356   16.4377
    0.0000   37.5000    0.0000 2715.7981   16.1447
    7.5000   37.5000    0.0000 2717.4604   16.1644
   -7.5000   45.0000    0.0000 2628.1353   17.5003
    0.0000   45.0000    0.0000 2641.6489   17.2185
    7.5000   45.0000    0.0000 2642.3884   17.2537
   -7.5000  -45.0000    7.5000 1927.3271   32.4708
    0.0000  -45.0000    7.5000 1956.7467   31.8733
    7.5000  -45.0000    7.5000 1974.2083   31.5176
   -7.5000  -37.5000    7.5000 2078.6470   27.8377
    0.0000  -37.5000    7.5000 2105.4990   27.4607
    7.5000  -37.5000    7.5000 2112.9924   27.0946
   -7.5000  -30.0000    7.5000 2229.6326   24.2694
    0.0000  -30.0000    7.5000 2258.5515   23.9896
    7.5000  -30.0000    7.5000 2258.4124   23.6873
   -7.5000  -22.5000    7.5000 2374.9119   21.5921
    0.0000  -22.5000    7.5000 2401.9041   21.3484
    7.5000  -22.5000    7.5000 2395.4875   21.0581
   -7.5000  -15.0000    7.5000 2488.2192   19.5618
    0.0000  -15.0000    7.5000 2524.6492   19.3223
    7.5000  -15.0000    7.5000 2522.5120   19.1144
   -7.5000   -7.5000    7.5000 2595.6274   18.0563
    0.0000   -7.5000    7.5000 2638.5701   17.8732
    7.5000   -7.5000    7.5000 2640.0017   17.7071
   -7.5000    0.0000    7.5000 2687.0061   16.9082
    0.0000    0.0000    7.5000 2732.6936   16.8456
    7.5000    0.0000    7.5000 2737.0063   16.6974
   -7.5000    7.5000    7.5000 2742.6772   15.8783
    0.0000    7.5000    7.5000 2794.0266   15.9289
    7.5000    7.5000    7.5000 2790.9790   15.7226
   -7.5000   15.0000    7.5000 2753.6226   14.9228
    0.0000   15.0000    7.5000 2777.1611   14.7703
    7.5000   15.0000    7.5000 2768.2292   14.6761
   -7.5000   22.5000    7.5000 2779.0435   14.7599
    0.0000   22.5000    7.5000 2789.0134   14.4494
    7.5000   22.5000    7.5000 2787.3052   14.4666
   -7.5000   30.0000    7.5000 2777.6809   15.1671
    0.0000   30.0000    7.5000 2799.9141   14.8634
    7.5000   30.0000    7.5000 2803.8250   14.9347
   -7.5000   37.5000    7.5000 2743.2170   15.9711
    0.0000   37.5000    7.5000 2766.8145   15.6599
    7.5000   37.5000    7.5000 2768.9802   15.7518
   -7.5000   45.0000    7.5000 2665.1035   17.0475
    0.0000   45.0000    7.5000 2686.5540   16.7421
    7.5000   45.0000    7.5000 2685.7217   16.8250
   -7.5000  -45.0000   15.0000 1916.8558   32.7431
    0.0000  -45.0000   15.0000 1941.0297   31.9483
    7.5000  -45.0000   15.0000 1969.4841   31.7135
   -7.5000  -37.5000   15.0000 2085.6284   28.0010
    0.0000  -37.5000   15.0000 2102.1497   27.4719
    7.5000  -37.5000   15.0000 2126.2397   27.2802
   -7.5000  -30.0000   15.0000 2240.4255   24.3548
    0.0000  -30.0000   15.0000 2259.8242   23.9997
    7.5000  -30.0000   15.0000 2274.4883   23.8550
   -7.5000  -22.5000   15.0000 2381.3420   21.5961
    0.0000  -22.5000   15.0000 2406.6931   21.3737
    7.5000  -22.5000   15.0000 2409.8691   21.1505
   -7.5000  -15.0000   15.0000 2491.9722   19.5662
    0.0000  -15.0000   15.0000 2531.8345   19.4191
    7.5000  -15.0000   15.0000 2532.4365   19.1240
   -7.5000   -7.5000   15.0000 2590.3452   18.0221
    0.0000   -7.5000   15.0000 2645.2964   17.9949
    7.5000   -7.5000   15.0000 2643.0015   17.6708
   -7.5000    0.0000   15.0000 2679.0759   16.8155
    0.0000    0.0000   15.0000 2744.9719   16.9757
    7.5000    0.0000   15.0000 2743.4170   16.6234
   -7.5000    7.5000   15.0000 2733.5378   15.5898
    0.0000    7.5000   15.0000 2813.2219   15.8297
    7.5000    7.5000   15.0000 2801.2439   15.5291
   -7.5000   15.0000   15.0000 2759.5740   14.6951
    0.0000   15.0000   15.0000 2799.2051   14.5565
    7.5000   15.0000   15.0000 2786.6631   14.5699
   -7.5000   22.5000   15.0000 2796.6072   14.5912
    0.0000   22.5000   15.0000 2824.3474   14.3388
    7.5000   22.5000   15.0000 2814.9165   14.4612
   -7.5000   30.0000   15.0000 2798.4363   15.0637
    0.0000   30.0000   15.0000 2832.3425   14.8625
    7.5000   30.0000   15.0000 2826.0579   14.9318
   -7.5000   37.5000   15.0000 2769.2378   15.9273
    0.0000   37.5000   15.0000 2797.0408   15.7231
    7.5000   37.5000   15.0000 2792.8071   15.7521
   -7.5000   45.0000   15.0000 2689.0676   17.0405
    0.0000   45.0000   15.0000 2715.9644   16.7959
    7.5000   45.0000   15.0000 2710.5588   16.7790
   -7.5000  -45.0000   22.5000 1887.1797   33.2840
    0.0000  -45.0000   22.5000 1929.3170   32.8016
    7.5000  -45.0000   22.5000 1944.6829   32.1123
   -7.5000  -37.5000   22.5000 2054.6492   28.3059
    0.0000  -37.5000   22.5000 2091.0017   27.9643
    7.5000  -37.5000   22.5000 2104.4224   27.5864
   -7.5000  -30.0000   22.5000 2217.9890   24.6373
    0.0000  -30.0000   22.5000 2245.5134   24.4225
    7.5000  -30.0000   22.5000 2256.9917   24.1373
   -7.5000  -22.5000   22.5000 2360.6406   21.8535
    0.0000  -22.5000   22.5000 2387.7649   21.6906
    7.5000  -22.5000   22.5000 2398.6069   21.4682
   -7.5000  -15.0000   22.5000 2473.8096   19.8095
    0.0000  -15.0000   22.5000 2509.6763   19.6709
    7.5000  -15.0000   22.5000 2525.6067   19.4982
   -7.5000   -7.5000   22.5000 2575.7788   18.2845
    0.0000   -7.5000   22.5000 2617.5681   18.2527
    7.5000   -7.5000   22.5000 2635.9707   18.0471
   -7.5000    0.0000   22.5000 2660.2996   16.9882
    0.0000    0.0000   22.5000 2721.2012   17.2386
    7.5000    0.0000   22.5000 2737.1875   16.8945
   -7.5000    7.5000   22.5000 2731.7207   15.9254
    0.0000    7.5000   22.5000 2804.1926   16.2120
    7.5000    7.5000   22.5000 2794.4150   15.8221
   -7.5000   15.0000   22.5000 2783.3694   15.2336
    0.0000   15.0000   22.5000 2860.3853   15.4048
    7.5000   15.0000   22.5000 2831.0691   15.1475
   -7.5000   22.5000   22.5000 2810.1421   15.0447
    0.0000   22.5000   22.5000 2864.3550   15.0707
    7.5000   22.5000   22.5000 2841.6067   14.9964
   -7.5000   30.0000   22.5000 2805.6777   15.4165
    0.0000   30.0000   22.5000 2845.0791   15.3423
    7.5000   30.0000   22.5000 2829.3596   15.3305
   -7.5000   37.5000   22.5000 2768.6782   16.2388
    0.0000   37.5000   22.5000 2788.9333   16.0859
    7.5000   37.5000   22.5000 2783.2007   16.0345
   -7.5000   45.0000   22.5000 2693.1604   17.3310
    0.0000   45.0000   22.5000 2707.1321   17.0948
    7.5000   45.0000   22.5000 2701.0317   17.0485
   -7.5000  -45.0000   30.0000 1877.4604   34.7263
    0.0000  -45.0000   30.0000 1915.4568   34.0556
    7.5000  -45.0000   30.0000 1931.9062   33.4029
   -7.5000  -37.5000   30.0000 2044.8645   29.4343
    0.0000  -37.5000   30.0000 2079.4277   28.9211
    7.5000  -37.5000   30.0000 2099.6018   28.6928
   -7.5000  -30.0000   30.0000 2199.6821   25.4846
    0.0000  -30.0000   30.0000 2232.6938   25.1987
    7.5000  -30.0000   30.0000 2251.7197   25.0123
   -7.5000  -22.5000   30.0000 2336.9998   22.5590
    0.0000  -22.5000   30.0000 2372.8284   22.4345
    7.5000  -22.5000   30.0000 2387.5935   22.2135
   -7.5000  -15.0000   30.0000 2443.7461   20.4304
    0.0000  -15.0000   30.0000 2490.6721   20.3956
    7.5000  -15.0000   30.0000 2508.1675   20.1701
   -7.5000   -7.5000   30.0000 2547.0461   18.8653
    0.0000   -7.5000   30.0000 2598.8560   18.9723
    7.5000   -7.5000   30.0000 2612.6851   18.6340
   -7.5000    0.0000   30.0000 2641.3486   17.6170
    0.0000    0.0000   30.0000 2699.5605   17.8263
    7.5000    0.0000   30.0000 2702.3513   17.4078
   -7.5000    7.5000   30.0000 2720.7427   16.6771
    0.0000    7.5000   30.0000 2786.7087   16.8716
    7.5000    7.5000   30.0000 2772.0195   16.5166
   -7.5000   15.0000   30.0000 2780.0930   16.1196
    0.0000   15.0000   30.0000 2851.1877   16.3038
    7.5000   15.0000   30.0000 2828.0950   16.0638
   -7.5000   22.5000   30.0000 2805.3477   16.0306
    0.0000   22.5000   30.0000 2870.0017   16.2153
    7.5000   22.5000   30.0000 2842.0703   16.0325
   -7.5000   30.0000   30.0000 2771.1428   16.1478
    0.0000   30.0000   30.0000 2820.5432   16.2652
    7.5000   30.0000   30.0000 2806.8137   16.2119
   -7.5000   37.5000   30.0000 2720.7417   16.7185
    0.0000   37.5000   30.0000 2748.2676   16.7027
    7.5000   37.5000   30.0000 2740.5479   16.6970
   -7.5000   45.0000   30.0000 2645.7822   17.7276
    0.0000   45.0000   30.0000 2663.0659   17.5551
    7.5000   45.0000   30.0000 2652.1265   17.5420
   -7.5000  -45.0000   37.5000 1848.0226   36.1743
    0.0000  -45.0000   37.5000 1882.3463   35.4517
    7.5000  -45.0000   37.5000 1898.3696   34.8562
   -7.5000  -37.5000   37.5000 2011.2811   30.7008
    0.0000  -37.5000   37.5000 2050.6685   30.2371
    7.5000  -37.5000   37.5000 2062.9075   29.9257
   -7.5000  -30.0000   37.5000 2170.6787   26.6682
    0.0000  -30.0000   37.5000 2210.0081   26.4007
    7.5000  -30.0000   37.5000 2222.1282   26.1873
   -7.5000  -22.5000   37.5000 2313.6284   23.7460
    0.0000  -22.5000   37.5000 2346.4473   23.5281
    7.5000  -22.5000   37.5000 2364.2991   23.4247
   -7.5000  -15.0000   37.5000 2423.4395   21.5850
    0.0000  -15.0000   37.5000 2458.2383   21.4215
    7.5000  -15.0000   37.5000 2482.1807   21.3052
   -7.5000   -7.5000   37.5000 2534.5515   19.9747
    0.0000   -7.5000   37.5000 2559.4224   19.7858
    7.5000   -7.5000   37.5000 2585.6375   19.6602
   -7.5000    0.0000   37.5000 2621.0010   18.6760
    0.0000    0.0000   37.5000 2644.8237   18.5070
    7.5000    0.0000   37.5000 2667.1077   18.3747
   -7.5000    7.5000   37.5000 2683.8098   17.6746
    0.0000    7.5000   37.5000 2720.6045   17.5664
    7.5000    7.5000   37.5000 2733.4368   17.4768
   -7.5000   15.0000   37.5000 2728.5728   17.0706
    0.0000   15.0000   37.5000 2772.9871   17.0321
    7.5000   15.0000   37.5000 2771.3740   16.9725
   -7.5000   22.5000   37.5000 2750.2314   16.9822
    0.0000   22.5000   37.5000 2797.9688   16.9618
    7.5000   22.5000   37.5000 2786.5522   16.9028
   -7.5000   30.0000   37.5000 2721.7859   17.2003
    0.0000   30.0000   37.5000 2768.4707   17.2121
    7.5000   30.0000   37.5000 2764.5549   17.2255
   -7.5000   37.5000   37.5000 2668.6726   17.8007
    0.0000   37.5000   37.5000 2698.9348   17.7413
    7.5000   37.5000   37.5000 2697.6218   17.7846
   -7.5000   45.0000   37.5000 2579.7354   18.6418
    0.0000   45.0000   37.5000 2604.1963   18.5494
    7.5000   45.0000   37.5000 2601.2393   18.5672
   -7.5000  -45.0000   45.0000 1810.8241   37.8124
    0.0000  -45.0000   45.0000 1846.7782   36.9578
    7.5000  -45.0000   45.0000 1871.5387   36.7935
   -7.5000  -37.5000   45.0000 1971.8102   32.1634
    0.0000  -37.5000   45.0000 2007.6533   31.5862
    7.5000  -37.5000   45.0000 2036.2148   31.6967
   -7.5000  -30.0000   45.0000 2129.8386   28.0620
    0.0000  -30.0000   45.0000 2160.4268   27.6214
    7.5000  -30.0000   45.0000 2191.1760   27.8162
   -7.5000  -22.5000   45.0000 2267.0063   24.9642
    0.0000  -22.5000   45.0000 2289.4272   24.5669
    7.5000  -22.5000   45.0000 2320.8142   24.7581
   -7.5000  -15.0000   45.0000 2377.6804   22.7349
    0.0000  -15.0000   45.0000 2394.0588   22.3046
    7.5000  -15.0000   45.0000 2431.2104   22.4335
   -7.5000   -7.5000   45.0000 2473.8662   20.9724
    0.0000   -7.5000   45.0000 2490.3447   20.5771
    7.5000   -7.5000   45.0000 2525.0068   20.6231
   -7.5000    0.0000   45.0000 2557.1624   19.6736
    0.0000    0.0000   45.0000 2572.8862   19.3160
    7.5000    0.0000   45.0000 2600.2019   19.3503
   -7.5000    7.5000   45.0000 2618.2029   18.6485
    0.0000    7.5000   45.0000 2640.5286   18.4185
    7.5000    7.5000   45.0000 2660.9243   18.4751
   -7.5000   15.0000   45.0000 2659.3628   18.0974
    0.0000   15.0000   45.0000 2684.7329   17.9123
    7.5000   15.0000   45.0000 2689.4631   17.9663
   -7.5000   22.5000   45.0000 2667.0603   18.0098
    0.0000   22.5000   45.0000 2704.6812   17.8526
    7.5000   22.5000   45.0000 2697.7581   17.8299
   -7.5000   30.0000   45.0000 2650.6013   18.2336
    0.0000   30.0000   45.0000 2684.7107   18.1525
    7.5000   30.0000   45.0000 2685.8772   18.1799
   -7.5000   37.5000   45.0000 2603.1028   18.8581
    0.0000   37.5000   45.0000 2630.1326   18.7482
    7.5000   37.5000   45.0000 2632.0222   18.8151
   -7.5000   45.0000   45.0000 2515.5891   19.7924
    0.0000   45.0000   45.0000 2538.8599   19.6655
    7.5000   45.0000   45.0000 2537.0437   19.7407
   -7.5000  -45.0000   52.5000 1760.2042   39.4581
    0.0000  -45.0000   52.5000 1803.2937   38.8373
    7.5000  -45.0000   52.5000 1833.4110   38.8964
   -7.5000  -37.5000   52.5000 1926.1809   33.6922
    0.0000  -37.5000   52.5000 1959.0541   33.1782
    7.5000  -37.5000   52.5000 1994.5461   33.5797
   -7.5000  -30.0000   52.5000 2080.9324   29.4500
    0.0000  -30.0000   52.5000 2106.3726   28.9011
    7.5000  -30.0000   52.5000 2140.7827   29.3392
   -7.5000  -22.5000   52.5000 2210.0652   26.2036
    0.0000  -22.5000   52.5000 2229.1560   25.7237
    7.5000  -22.5000   52.5000 2266.1582   26.1278
   -7.5000  -15.0000   52.5000 2315.2290   23.8529
    0.0000  -15.0000   52.5000 2331.0444   23.4169
    7.5000  -15.0000   52.5000 2371.5981   23.7066
   -7.5000   -7.5000   52.5000 2409.3201   22.1580
    0.0000   -7.5000   52.5000 2416.7769   21.6103
    7.5000   -7.5000   52.5000 2455.9121   21.8381
   -7.5000    0.0000   52.5000 2483.4441   20.8712
    0.0000    0.0000   52.5000 2490.5161   20.3616
    7.5000    0.0000   52.5000 2525.0483   20.5814
   -7.5000    7.5000   52.5000 2540.6262   19.8660
    0.0000    7.5000   52.5000 2548.8584   19.5181
    7.5000    7.5000   52.5000 2574.7708   19.6960
   -7.5000   15.0000   52.5000 2574.3064   19.3497
    0.0000   15.0000   52.5000 2585.3418   19.0531
    7.5000   15.0000   52.5000 2601.3638   19.1735
   -7.5000   22.5000   52.5000 2579.9790   19.1789
    0.0000   22.5000   52.5000 2600.8936   18.9613
    7.5000   22.5000   52.5000 2605.9116   19.0305
   -7.5000   30.0000   52.5000 2565.3394   19.3865
    0.0000   30.0000   52.5000 2588.7832   19.2313
    7.5000   30.0000   52.5000 2593.4099   19.3435
   -7.5000   37.5000   52.5000 2519.2263   20.0597
    0.0000   37.5000   52.5000 2544.7429   19.8848
    7.5000   37.5000   52.5000 2545.2385   20.0242
   -7.5000   45.0000   52.5000 2438.6599   21.0653
    0.0000   45.0000   52.5000 2453.1455   20.8360
    7.5000   45.0000   52.5000 2456.0374   20.9341

---------------------------------------------------------------------
imgreg_4dfp /opt/freesurfer/average/711-2C_as_mni_average_305 /opt/freesurfer/average/711-2B_as_mni_average_305_mask talsrcimg_g11 none talsrcimg_to_711-2C_as_mni_average_305_t4 1283
---------------------------------------------------------------------

freesurfer imgreg_4dfp.c
/opt/freesurfer/average/711-2C_as_mni_average_305.4dfp.img
       256       256       256         1
  1.000000  1.000000  1.000000
orientation T byte_order littleendian
Reading image: /opt/freesurfer/average/711-2C_as_mni_average_305.4dfp.img
dimensions:      256       256       256
mmppix:       1.0000   -1.0000   -1.0000
center:     128.0000 -129.0000 -129.0000
/opt/freesurfer/average/711-2B_as_mni_average_305_mask.4dfp.img
       256       256       256         1
  1.000000  1.000000  1.000000
orientation T byte_order littleendian
Reading mask: /opt/freesurfer/average/711-2B_as_mni_average_305_mask.4dfp.img (2306576 pixels)
talsrcimg_g11.4dfp.img
       256       256       256         1
  1.000000  1.000000  1.000000
orientation T byte_order littleendian
Reading image: talsrcimg_g11.4dfp.img
dimensions:      256       256       256
mmppix:       1.0000   -1.0000   -1.0000
center:     128.0000 -129.0000 -129.0000
rotation matrix determinant  1.000000
fimgreg.f
image alignment mode   1283 decimal      503 hex
parameters
    0.0000   22.5000   30.0000    0.0000    0.0000    0.0000
eta,q 0.90220 16.27246
niter,ni,del,rscale     5    3   12.0000    1.2000
parameter  2  1.201943 ->  0.500000 qaram    1.1500
parameter  3  0.874976 ->  0.500000 qaram    1.1500
parameter  6  4.689523 ->  0.500000 qaram    1.1500
parameters
    2.4425   19.0500   26.5500    1.6913   -1.7451   -3.4500
eta,q 0.91168 15.76890
  0.1212  0.0976  0.0914  0.0987  0.0948  0.0868
  0.1140  0.0959  0.0923  0.0945  0.0927  0.0879
  0.1067  0.0972  0.0935  0.0922  0.0923  0.0901
  0.1029  0.1005  0.0965  0.0920  0.0929  0.0924
  0.1011  0.1030  0.1009  0.0931  0.0943  0.0943
  0.1010  0.1031  0.1071  0.0938  0.0965  0.0966
  0.1053  0.1069  0.1145  0.0927  0.1001  0.0989
niter,ni,del,rscale     7    3   12.0000    1.2000
parameter  6  0.752168 ->  0.500000 qaram    1.3225
parameters
    2.2825   18.9082   26.2466    2.7155   -2.2381   -7.4175
eta,q 0.91377 15.64123
  0.1032  0.0997  0.1039  0.0949  0.0935  0.0868
  0.0945  0.0960  0.0902  0.0916  0.0894  0.0862
  0.0893  0.0895  0.0866  0.0890  0.0880  0.0866
  0.0883  0.0883  0.0881  0.0879  0.0881  0.0879
  0.0905  0.0931  0.0912  0.0888  0.0897  0.0909
  0.0963  0.0964  0.0968  0.0906  0.0918  0.0935
  0.1042  0.0996  0.1022  0.0907  0.0942  0.0964
niter,ni,del,rscale     7    3   12.0000    1.2000
parameters
    2.0910   18.0714   26.1882    3.1537   -1.8870   -7.4598
eta,q 0.91506 15.67094
  0.1009  0.0981  0.1034  0.0945  0.0925  0.0919
  0.0923  0.0915  0.0895  0.0904  0.0882  0.0886
  0.0876  0.0856  0.0840  0.0870  0.0862  0.0857
  0.0862  0.0862  0.0849  0.0849  0.0850  0.0849
  0.0883  0.0933  0.0880  0.0868  0.0856  0.0861
  0.0942  0.0973  0.0941  0.0897  0.0876  0.0885
  0.1024  0.1008  0.0998  0.0916  0.0907  0.0921
niter,ni,del,rscale     6    3   12.0000    1.2000
parameters
    1.9414   17.8372   26.1908    3.4625   -1.7151   -7.4851
eta,q 0.91517 15.67317
  0.1003  0.0997  0.1035  0.0937  0.0918  0.0918
  0.0916  0.0936  0.0894  0.0896  0.0879  0.0886
  0.0867  0.0864  0.0838  0.0864  0.0859  0.0857
  0.0849  0.0850  0.0847  0.0847  0.0848  0.0848
  0.0866  0.0910  0.0875  0.0868  0.0857  0.0859
  0.0930  0.0961  0.0938  0.0896  0.0877  0.0884
  0.1019  0.0993  0.0993  0.0913  0.0908  0.0920
niter,ni,del,rscale     5    3   12.0000    1.2000
parameters
    1.8437   17.7437   26.2086    3.6271   -1.5961   -7.5030
eta,q 0.91515 15.67483
  0.1006  0.1002  0.1033  0.0930  0.0916  0.0918
  0.0915  0.0941  0.0893  0.0890  0.0878  0.0886
  0.0866  0.0865  0.0839  0.0860  0.0858  0.0857
  0.0848  0.0849  0.0848  0.0848  0.0848  0.0849
  0.0863  0.0907  0.0873  0.0870  0.0857  0.0858
  0.0926  0.0955  0.0936  0.0897  0.0878  0.0884
  0.1017  0.0989  0.0991  0.0911  0.0908  0.0920
niter,ni,del,rscale     4    3   12.0000    1.2000
parameters
    1.7757   17.7061   26.2264    3.7139   -1.5054   -7.5233
eta,q 0.91510 15.67674
  0.1008  0.1004  0.1033  0.0927  0.0915  0.0918
  0.0915  0.0943  0.0893  0.0888  0.0878  0.0886
  0.0866  0.0865  0.0839  0.0859  0.0858  0.0858
  0.0849  0.0849  0.0848  0.0848  0.0849  0.0849
  0.0862  0.0907  0.0872  0.0871  0.0858  0.0859
  0.0923  0.0953  0.0936  0.0898  0.0879  0.0884
  0.1015  0.0988  0.0990  0.0910  0.0908  0.0920
niter,ni,del,rscale     3    3   12.0000    1.2000
parameters
    1.7255   17.6915   26.2382    3.7601   -1.4353   -7.5379
eta,q 0.91505 15.67767
  0.1008  0.1005  0.1032  0.0925  0.0914  0.0918
  0.0915  0.0944  0.0892  0.0886  0.0878  0.0887
  0.0866  0.0865  0.0840  0.0858  0.0858  0.0859
  0.0849  0.0849  0.0849  0.0849  0.0849  0.0849
  0.0862  0.0907  0.0873  0.0872  0.0858  0.0859
  0.0922  0.0952  0.0936  0.0898  0.0879  0.0884
  0.1014  0.0987  0.0990  0.0910  0.0909  0.0921
niter,ni,del,rscale     2    3   12.0000    1.2000
parameters
    1.6885   17.6854   26.2430    3.7817   -1.3804   -7.5457
eta,q 0.91502 15.67826
  0.1009  0.1005  0.1032  0.0924  0.0914  0.0918
  0.0916  0.0944  0.0891  0.0886  0.0877  0.0887
  0.0866  0.0864  0.0840  0.0858  0.0858  0.0859
  0.0849  0.0850  0.0850  0.0850  0.0850  0.0850
  0.0862  0.0907  0.0873  0.0872  0.0859  0.0859
  0.0921  0.0952  0.0936  0.0898  0.0880  0.0884
  0.1013  0.0986  0.0990  0.0909  0.0909  0.0921
registration optimization eta report
parameter search radius
    6.0000    6.9000    6.9000    6.0000    6.0000    7.9350
100000*second partial in parameter space
       46.       28.       35.       17.       17.       11.
  0.1009  0.1005  0.1032  0.0924  0.0914  0.0918
  0.0916  0.0944  0.0891  0.0886  0.0877  0.0887
  0.0866  0.0864  0.0840  0.0858  0.0858  0.0859
  0.0849  0.0850  0.0850  0.0850  0.0850  0.0850
  0.0862  0.0907  0.0873  0.0872  0.0859  0.0859
  0.0921  0.0952  0.0936  0.0898  0.0880  0.0884
  0.1013  0.0986  0.0990  0.0909  0.0909  0.0921
    1.6885   17.6854   26.2430    3.7817   -1.3804   -7.5457
eta,q 0.91502 15.67826

---------------------------------------------------------------------
imgreg_4dfp /opt/freesurfer/average/711-2C_as_mni_average_305 /opt/freesurfer/average/711-2B_as_mni_average_305_mask talsrcimg_g11 none talsrcimg_to_711-2C_as_mni_average_305_t4 3335
---------------------------------------------------------------------

freesurfer imgreg_4dfp.c
/opt/freesurfer/average/711-2C_as_mni_average_305.4dfp.img
       256       256       256         1
  1.000000  1.000000  1.000000
orientation T byte_order littleendian
Reading image: /opt/freesurfer/average/711-2C_as_mni_average_305.4dfp.img
dimensions:      256       256       256
mmppix:       1.0000   -1.0000   -1.0000
center:     128.0000 -129.0000 -129.0000
/opt/freesurfer/average/711-2B_as_mni_average_305_mask.4dfp.img
       256       256       256         1
  1.000000  1.000000  1.000000
orientation T byte_order littleendian
Reading mask: /opt/freesurfer/average/711-2B_as_mni_average_305_mask.4dfp.img (2306576 pixels)
talsrcimg_g11.4dfp.img
       256       256       256         1
  1.000000  1.000000  1.000000
orientation T byte_order littleendian
Reading image: talsrcimg_g11.4dfp.img
dimensions:      256       256       256
mmppix:       1.0000   -1.0000   -1.0000
center:     128.0000 -129.0000 -129.0000
fimgreg.f
image alignment mode   3335 decimal      D07 hex
parameters
    1.6885   17.6854   26.2430   -0.8947   -1.1027   -0.2467
   13.2606    1.5168  -13.1279   -6.8541   -2.4090    6.5936
eta,q 0.91614 15.76267
niter,ni,del,rscale     5    3    5.0000    1.2000
parameter  4  0.748685 ->  0.500000 qaram    1.1500
parameter  5  2.019555 ->  0.500000 qaram    1.1500
parameter  6  0.634280 ->  0.500000 qaram    1.1500
parameter 12 -1.344236 -> -0.500000 qaram    1.1500
parameters
    2.0650   18.1972   26.2826   -5.0347   -5.2427   -4.3867
   11.2520   -0.6525  -11.8786   -4.5388   -0.8229   10.7336
eta,q 0.92857 15.59318
  0.0883  0.0869  0.0872  0.0799  0.0719  0.0729  0.0735  0.0739  0.0743  0.0783  0.0733  0.0762
  0.0861  0.0852  0.0852  0.0806  0.0745  0.0730  0.0732  0.0728  0.0735  0.0753  0.0729  0.0748
  0.0846  0.0842  0.0840  0.0817  0.0772  0.0734  0.0730  0.0727  0.0729  0.0734  0.0728  0.0737
  0.0839  0.0838  0.0837  0.0837  0.0809  0.0751  0.0730  0.0730  0.0727  0.0727  0.0727  0.0727
  0.0839  0.0838  0.0842  0.0873  0.0847  0.0801  0.0734  0.0737  0.0727  0.0727  0.0727  0.0719
  0.0847  0.0841  0.0853  0.0932  0.0894  0.0880  0.0740  0.0747  0.0730  0.0729  0.0728  0.0713
  0.0862  0.0849  0.0867  0.1011  0.0952  0.0961  0.0749  0.0761  0.0734  0.0736  0.0729  0.0711
niter,ni,del,rscale     7    3    5.0000    1.2000
parameter  3  2.369344 ->  0.500000 qaram    1.1500
parameter  4  0.506078 ->  0.500000 qaram    1.3225
parameter  5  2.843192 ->  0.500000 qaram    1.3225
parameter 11  1.462286 ->  0.500000 qaram    1.1500
parameters
    1.9400   18.8014   24.9026   -9.7957  -10.0037   -7.8380
    9.0450   -1.2634  -12.2972   -3.4557   -4.9629   10.9015
eta,q 0.93628 15.11805
  0.0728  0.0728  0.0674  0.0681  0.0618  0.0647  0.0646  0.0655  0.0647  0.0670  0.0637  0.0645
  0.0720  0.0722  0.0683  0.0679  0.0634  0.0643  0.0642  0.0646  0.0643  0.0658  0.0637  0.0643
  0.0715  0.0718  0.0696  0.0680  0.0658  0.0641  0.0641  0.0641  0.0641  0.0647  0.0638  0.0639
  0.0714  0.0714  0.0712  0.0686  0.0679  0.0640  0.0642  0.0641  0.0640  0.0641  0.0640  0.0637
  0.0717  0.0712  0.0731  0.0697  0.0701  0.0659  0.0645  0.0644  0.0642  0.0640  0.0641  0.0637
  0.0722  0.0714  0.0751  0.0717  0.0731  0.0706  0.0652  0.0651  0.0645  0.0647  0.0642  0.0640
  0.0731  0.0720  0.0772  0.0759  0.0764  0.0767  0.0660  0.0660  0.0649  0.0658  0.0644  0.0646
niter,ni,del,rscale     7    3    5.0000    1.2000
parameter  2  0.860024 ->  0.500000 qaram    1.1500
parameter  3  3.449491 ->  0.500000 qaram    1.3225
parameter  5  2.728990 ->  0.500000 qaram    1.5209
parameter 10  2.074339 ->  0.500000 qaram    1.1500
parameter 12 -2.168011 ->  0.500000 qaram    1.3225
parameters
    1.9198   17.4214   23.3156  -11.3524  -15.4788  -11.6989
    7.8644   -2.8926   -9.9504   -7.5957   -1.6865    6.1405
eta,q 0.94944 14.81279
  0.0650  0.0630  0.0582  0.0614  0.0537  0.0557  0.0569  0.0569  0.0573  0.0537  0.0553  0.0473
  0.0642  0.0629  0.0595  0.0606  0.0556  0.0560  0.0564  0.0563  0.0567  0.0541  0.0549  0.0499
  0.0638  0.0632  0.0611  0.0601  0.0576  0.0561  0.0561  0.0560  0.0563  0.0549  0.0545  0.0522
  0.0637  0.0637  0.0630  0.0599  0.0599  0.0561  0.0561  0.0561  0.0560  0.0559  0.0543  0.0542
  0.0639  0.0645  0.0650  0.0602  0.0633  0.0572  0.0564  0.0565  0.0559  0.0568  0.0542  0.0559
  0.0643  0.0655  0.0672  0.0612  0.0666  0.0604  0.0569  0.0573  0.0559  0.0579  0.0543  0.0573
  0.0650  0.0665  0.0694  0.0636  0.0696  0.0659  0.0578  0.0584  0.0563  0.0593  0.0544  0.0585
niter,ni,del,rscale     7    3    5.0000    1.2000
parameter  2  2.648222 ->  0.500000 qaram    1.3225
parameter  3  9.668425 ->  0.500000 qaram    1.5209
parameter  5  0.810828 ->  0.500000 qaram    1.7490
parameter  6  0.653200 ->  0.500000 qaram    1.3225
parameter 10  0.624216 ->  0.500000 qaram    1.3225
parameters
    1.8069   15.8344   21.4905   -8.5635  -21.7753  -16.4599
    9.8188   -1.3690  -10.6783  -12.3567   -0.2550    1.5115
eta,q 0.96914 14.75723
  0.0523  0.0449  0.0360  0.0442  0.0351  0.0335  0.0360  0.0364  0.0340  0.0318  0.0332  0.0311
  0.0513  0.0462  0.0392  0.0425  0.0348  0.0329  0.0346  0.0348  0.0332  0.0314  0.0322  0.0309
  0.0507  0.0482  0.0428  0.0411  0.0358  0.0334  0.0336  0.0335  0.0327  0.0316  0.0316  0.0309
  0.0506  0.0505  0.0467  0.0402  0.0397  0.0349  0.0329  0.0327  0.0326  0.0326  0.0314  0.0313
  0.0508  0.0533  0.0507  0.0397  0.0462  0.0369  0.0327  0.0326  0.0329  0.0344  0.0314  0.0322
  0.0515  0.0561  0.0547  0.0400  0.0537  0.0395  0.0331  0.0332  0.0337  0.0369  0.0316  0.0340
  0.0526  0.0590  0.0586  0.0414  0.0617  0.0440  0.0339  0.0343  0.0348  0.0399  0.0322  0.0370
niter,ni,del,rscale     7    3    5.0000    1.2000
parameter  3  1.035964 ->  0.500000 qaram    1.7490
parameter  4 -1.199786 -> -0.500000 qaram    1.5209
parameters
    1.8342   16.0639   19.3917   -3.0883  -23.0635  -13.7476
   10.0389   -0.9651  -11.7740  -11.1112   -0.2900   -1.0011
eta,q 0.97425 14.89747
  0.0330  0.0349  0.0281  0.0343  0.0333  0.0319  0.0284  0.0305  0.0275  0.0307  0.0280  0.0268
  0.0318  0.0328  0.0285  0.0322  0.0307  0.0300  0.0273  0.0276  0.0265  0.0282  0.0268  0.0261
  0.0311  0.0314  0.0294  0.0304  0.0282  0.0283  0.0264  0.0263  0.0260  0.0267  0.0261  0.0258
  0.0309  0.0309  0.0309  0.0287  0.0264  0.0269  0.0260  0.0260  0.0260  0.0260  0.0259  0.0259
  0.0311  0.0312  0.0328  0.0272  0.0261  0.0259  0.0261  0.0264  0.0265  0.0260  0.0261  0.0264
  0.0318  0.0322  0.0354  0.0262  0.0303  0.0257  0.0269  0.0275  0.0274  0.0269  0.0269  0.0273
  0.0329  0.0338  0.0386  0.0264  0.0414  0.0290  0.0283  0.0292  0.0288  0.0287  0.0280  0.0289
niter,ni,del,rscale     7    3    5.0000    1.2000
parameters
    1.8588   16.4979   17.5285   -4.7677  -21.5270  -15.3205
   10.8460   -0.7624  -11.8391   -9.5911    0.0471   -1.5593
eta,q 0.97473 14.80598
  0.0284  0.0305  0.0261  0.0309  0.0332  0.0292  0.0278  0.0287  0.0271  0.0302  0.0267  0.0268
  0.0270  0.0281  0.0251  0.0286  0.0305  0.0274  0.0266  0.0265  0.0262  0.0275  0.0259  0.0259
  0.0261  0.0265  0.0249  0.0266  0.0280  0.0259  0.0258  0.0255  0.0255  0.0260  0.0255  0.0254
  0.0258  0.0258  0.0257  0.0249  0.0256  0.0249  0.0254  0.0253  0.0253  0.0253  0.0253  0.0253
  0.0260  0.0259  0.0276  0.0246  0.0240  0.0244  0.0254  0.0257  0.0255  0.0255  0.0254  0.0256
  0.0268  0.0268  0.0306  0.0305  0.0249  0.0283  0.0259  0.0266  0.0262  0.0263  0.0258  0.0262
  0.0284  0.0284  0.0349  0.0413  0.0325  0.0392  0.0270  0.0280  0.0272  0.0276  0.0265  0.0271
niter,ni,del,rscale     6    3    5.0000    1.2000
parameters
    1.9711   17.1313   17.0052   -5.1209  -22.2955  -15.9414
   10.7992   -0.6043  -12.0753   -8.2491    0.3743   -1.5422
eta,q 0.97425 14.71282
  0.0278  0.0302  0.0280  0.0313  0.0319  0.0299  0.0276  0.0287  0.0273  0.0296  0.0270  0.0273
  0.0264  0.0278  0.0263  0.0290  0.0295  0.0281  0.0266  0.0268  0.0264  0.0275  0.0263  0.0265
  0.0256  0.0261  0.0254  0.0269  0.0273  0.0267  0.0260  0.0260  0.0259  0.0263  0.0259  0.0259
  0.0253  0.0253  0.0251  0.0251  0.0253  0.0256  0.0258  0.0258  0.0258  0.0258  0.0257  0.0257
  0.0254  0.0252  0.0259  0.0239  0.0244  0.0248  0.0260  0.0261  0.0260  0.0259  0.0259  0.0260
  0.0261  0.0259  0.0275  0.0266  0.0273  0.0263  0.0266  0.0269  0.0266  0.0266  0.0262  0.0265
  0.0274  0.0274  0.0301  0.0357  0.0382  0.0347  0.0278  0.0282  0.0275  0.0277  0.0268  0.0273
niter,ni,del,rscale     5    3    5.0000    1.2000
parameters
    2.0895   17.6496   16.6068   -5.0214  -22.8191  -16.3398
   10.5302   -0.3392  -12.3924   -6.8813    0.8409   -1.4790
eta,q 0.97409 14.65920
  0.0281  0.0299  0.0286  0.0317  0.0317  0.0298  0.0276  0.0287  0.0273  0.0292  0.0272  0.0274
  0.0268  0.0278  0.0270  0.0294  0.0295  0.0282  0.0267  0.0269  0.0265  0.0274  0.0265  0.0266
  0.0261  0.0264  0.0260  0.0274  0.0275  0.0268  0.0261  0.0261  0.0261  0.0264  0.0261  0.0261
  0.0257  0.0257  0.0257  0.0257  0.0256  0.0258  0.0259  0.0259  0.0259  0.0259  0.0259  0.0259
  0.0259  0.0258  0.0263  0.0243  0.0246  0.0251  0.0262  0.0262  0.0262  0.0261  0.0260  0.0261
  0.0265  0.0265  0.0278  0.0262  0.0269  0.0261  0.0268  0.0269  0.0267  0.0266  0.0263  0.0266
  0.0277  0.0278  0.0301  0.0344  0.0367  0.0334  0.0279  0.0281  0.0276  0.0277  0.0269  0.0274
niter,ni,del,rscale     4    3    5.0000    1.2000
parameters
    2.2391   18.1372   16.1782   -5.0618  -23.3982  -16.7985
   10.1674   -0.0012  -12.7950   -5.3809    1.3304   -1.4543
eta,q 0.97391 14.58770
  0.0282  0.0297  0.0286  0.0316  0.0314  0.0297  0.0276  0.0286  0.0275  0.0292  0.0273  0.0275
  0.0270  0.0278  0.0271  0.0294  0.0293  0.0281  0.0268  0.0271  0.0267  0.0277  0.0267  0.0268
  0.0262  0.0265  0.0261  0.0275  0.0275  0.0269  0.0263  0.0264  0.0262  0.0267  0.0263  0.0262
  0.0259  0.0259  0.0259  0.0259  0.0259  0.0261  0.0262  0.0262  0.0261  0.0261  0.0261  0.0261
  0.0261  0.0260  0.0265  0.0246  0.0250  0.0255  0.0264  0.0263  0.0264  0.0262  0.0262  0.0263
  0.0266  0.0266  0.0279  0.0265  0.0270  0.0263  0.0270  0.0270  0.0270  0.0267  0.0265  0.0268
  0.0277  0.0279  0.0302  0.0346  0.0362  0.0330  0.0280  0.0281  0.0278  0.0277  0.0270  0.0275
niter,ni,del,rscale     3    3    5.0000    1.2000
parameters
    2.4268   18.6661   15.7450   -5.1446  -24.0486  -17.2612
    9.7173    0.3916  -13.0826   -3.8711    1.5996   -1.6399
eta,q 0.97379 14.50585
  0.0283  0.0299  0.0286  0.0314  0.0313  0.0295  0.0277  0.0285  0.0277  0.0294  0.0273  0.0275
  0.0271  0.0280  0.0272  0.0293  0.0291  0.0281  0.0269  0.0273  0.0269  0.0279  0.0267  0.0268
  0.0264  0.0267  0.0263  0.0275  0.0274  0.0269  0.0264  0.0266  0.0264  0.0268  0.0264  0.0263
  0.0261  0.0261  0.0260  0.0260  0.0260  0.0262  0.0263  0.0263  0.0263  0.0263  0.0262  0.0262
  0.0262  0.0261  0.0266  0.0248  0.0253  0.0257  0.0265  0.0264  0.0265  0.0263  0.0263  0.0264
  0.0267  0.0267  0.0280  0.0266  0.0272  0.0264  0.0271  0.0270  0.0271  0.0269  0.0266  0.0269
  0.0277  0.0280  0.0302  0.0345  0.0358  0.0325  0.0281  0.0281  0.0279  0.0279  0.0272  0.0276
niter,ni,del,rscale     2    3    5.0000    1.2000
parameters
    2.5973   19.1487   15.3691   -5.1627  -24.5568  -17.6748
    9.3891    0.7005  -13.0997   -2.6964    1.5302   -1.8889
eta,q 0.97372 14.43907
  0.0283  0.0299  0.0287  0.0314  0.0313  0.0293  0.0277  0.0284  0.0279  0.0294  0.0273  0.0276
  0.0272  0.0280  0.0273  0.0293  0.0292  0.0280  0.0269  0.0273  0.0270  0.0279  0.0267  0.0269
  0.0265  0.0268  0.0264  0.0276  0.0274  0.0269  0.0265  0.0266  0.0265  0.0268  0.0264  0.0264
  0.0262  0.0262  0.0261  0.0261  0.0261  0.0263  0.0263  0.0263  0.0263  0.0263  0.0263  0.0263
  0.0263  0.0262  0.0267  0.0249  0.0255  0.0259  0.0266  0.0265  0.0265  0.0264  0.0264  0.0265
  0.0268  0.0269  0.0280  0.0266  0.0272  0.0263  0.0271  0.0271  0.0271  0.0271  0.0267  0.0269
  0.0278  0.0281  0.0301  0.0342  0.0352  0.0320  0.0280  0.0281  0.0279  0.0282  0.0273  0.0277
niter,ni,del,rscale     1    3    5.0000    1.2000
parameters
    2.6984   19.4994   15.0947   -5.1333  -24.8689  -17.9716
    9.2044    0.8951  -12.9907   -1.9210    1.3520   -2.0947
eta,q 0.97364 14.39704
  0.0282  0.0297  0.0289  0.0314  0.0315  0.0292  0.0278  0.0284  0.0280  0.0293  0.0273  0.0276
  0.0272  0.0279  0.0275  0.0294  0.0293  0.0279  0.0270  0.0273  0.0271  0.0278  0.0268  0.0269
  0.0265  0.0268  0.0266  0.0277  0.0275  0.0270  0.0265  0.0266  0.0266  0.0268  0.0265  0.0265
  0.0263  0.0263  0.0263  0.0263  0.0263  0.0263  0.0264  0.0264  0.0264  0.0264  0.0264  0.0264
  0.0264  0.0264  0.0267  0.0251  0.0257  0.0260  0.0266  0.0266  0.0265  0.0266  0.0265  0.0265
  0.0270  0.0272  0.0279  0.0266  0.0271  0.0263  0.0271  0.0271  0.0271  0.0273  0.0268  0.0270
  0.0279  0.0284  0.0299  0.0340  0.0346  0.0315  0.0279  0.0282  0.0279  0.0284  0.0274  0.0277
registration optimization eta report
parameter search radius
    2.4000    3.1740    4.1976   10.9503   12.5928    9.5220
    7.2000    7.2000    7.2000    9.5220    8.2800    9.5220
100000*second partial in parameter space
       31.       28.       18.        6.        4.        5.
        3.        4.        3.        3.        1.        1.
  0.0282  0.0297  0.0289  0.0314  0.0315  0.0292  0.0278  0.0284  0.0280  0.0293  0.0273  0.0276
  0.0272  0.0279  0.0275  0.0294  0.0293  0.0279  0.0270  0.0273  0.0271  0.0278  0.0268  0.0269
  0.0265  0.0268  0.0266  0.0277  0.0275  0.0270  0.0265  0.0266  0.0266  0.0268  0.0265  0.0265
  0.0263  0.0263  0.0263  0.0263  0.0263  0.0263  0.0264  0.0264  0.0264  0.0264  0.0264  0.0264
  0.0264  0.0264  0.0267  0.0251  0.0257  0.0260  0.0266  0.0266  0.0265  0.0266  0.0265  0.0265
  0.0270  0.0272  0.0279  0.0266  0.0271  0.0263  0.0271  0.0271  0.0271  0.0273  0.0268  0.0270
  0.0279  0.0284  0.0299  0.0340  0.0346  0.0315  0.0279  0.0282  0.0279  0.0284  0.0274  0.0277
    2.6984   19.4994   15.0947   -5.1333  -24.8689  -17.9716
    9.2044    0.8951  -12.9907   -1.9210    1.3520   -2.0947
eta,q 0.97364 14.39704

---------------------------------------------------------------------
imgreg_4dfp /opt/freesurfer/average/711-2C_as_mni_average_305 /opt/freesurfer/average/711-2B_as_mni_average_305_mask talsrcimg_g11 none talsrcimg_to_711-2C_as_mni_average_305_t4 2311
---------------------------------------------------------------------

freesurfer imgreg_4dfp.c
/opt/freesurfer/average/711-2C_as_mni_average_305.4dfp.img
       256       256       256         1
  1.000000  1.000000  1.000000
orientation T byte_order littleendian
Reading image: /opt/freesurfer/average/711-2C_as_mni_average_305.4dfp.img
dimensions:      256       256       256
mmppix:       1.0000   -1.0000   -1.0000
center:     128.0000 -129.0000 -129.0000
/opt/freesurfer/average/711-2B_as_mni_average_305_mask.4dfp.img
       256       256       256         1
  1.000000  1.000000  1.000000
orientation T byte_order littleendian
Reading mask: /opt/freesurfer/average/711-2B_as_mni_average_305_mask.4dfp.img (2306576 pixels)
talsrcimg_g11.4dfp.img
       256       256       256         1
  1.000000  1.000000  1.000000
orientation T byte_order littleendian
Reading image: talsrcimg_g11.4dfp.img
dimensions:      256       256       256
mmppix:       1.0000   -1.0000   -1.0000
center:     128.0000 -129.0000 -129.0000
fimgreg.f
image alignment mode   2311 decimal      907 hex
parameters
    2.6984   19.4994   15.0947   -5.1333  -24.8689  -17.9716
    9.2044    0.8951  -12.9907   -1.9210    1.3520   -2.0947
eta,q 0.97364 14.39703
niter,ni,del,rscale     5    3    5.0000    0.8000
parameter  4 -2.539701 -> -0.500000 qaram    1.1500
parameter  5 -0.938575 -> -0.500000 qaram    1.1500
parameter  6 -1.720919 -> -0.500000 qaram    1.1500
parameters
    2.7493   19.6262   15.1090   -2.3733  -22.1089  -15.2116
    8.8710    0.9521  -12.6794   -2.3780    1.4809   -4.1126
eta,q 0.97549 14.77553
  0.0272  0.0272  0.0268  0.0282  0.0270  0.0262  0.0256  0.0265  0.0258  0.0252  0.0251  0.0246
  0.0267  0.0267  0.0266  0.0275  0.0264  0.0257  0.0250  0.0253  0.0251  0.0248  0.0248  0.0245
  0.0265  0.0265  0.0264  0.0269  0.0259  0.0253  0.0247  0.0247  0.0247  0.0246  0.0246  0.0245
  0.0264  0.0264  0.0264  0.0264  0.0254  0.0250  0.0246  0.0246  0.0246  0.0246  0.0246  0.0246
  0.0264  0.0264  0.0264  0.0258  0.0251  0.0248  0.0247  0.0248  0.0247  0.0247  0.0246  0.0247
  0.0267  0.0266  0.0266  0.0253  0.0249  0.0245  0.0252  0.0253  0.0250  0.0250  0.0247  0.0250
  0.0271  0.0270  0.0268  0.0251  0.0250  0.0243  0.0259  0.0264  0.0255  0.0255  0.0251  0.0254
niter,ni,del,rscale     7    3    5.0000    1.0000
parameters
    2.6909   19.1367   15.2687   -3.3677  -21.4300  -16.3185
    9.0889    0.8420  -12.6730   -3.1586    1.4369   -3.9641
eta,q 0.97520 14.73327
  0.0263  0.0251  0.0253  0.0273  0.0268  0.0264  0.0265  0.0269  0.0263  0.0257  0.0254  0.0255
  0.0253  0.0246  0.0248  0.0262  0.0260  0.0256  0.0256  0.0255  0.0254  0.0251  0.0250  0.0251
  0.0247  0.0244  0.0246  0.0253  0.0253  0.0250  0.0251  0.0250  0.0250  0.0248  0.0249  0.0249
  0.0245  0.0245  0.0244  0.0244  0.0248  0.0247  0.0248  0.0248  0.0248  0.0248  0.0248  0.0248
  0.0247  0.0248  0.0245  0.0244  0.0245  0.0242  0.0249  0.0250  0.0250  0.0251  0.0248  0.0249
  0.0254  0.0255  0.0247  0.0267  0.0249  0.0257  0.0254  0.0257  0.0255  0.0256  0.0250  0.0251
  0.0266  0.0264  0.0251  0.0320  0.0266  0.0309  0.0263  0.0270  0.0262  0.0263  0.0254  0.0254
niter,ni,del,rscale     6    3    5.0000    0.9000
parameters
    2.6855   19.0597   15.3681   -3.0424  -21.1736  -15.5506
    9.1608    0.7731  -12.6407   -3.3211    1.3731   -4.0964
eta,q 0.97548 14.79936
  0.0260  0.0257  0.0255  0.0274  0.0264  0.0264  0.0259  0.0265  0.0258  0.0254  0.0250  0.0250
  0.0253  0.0252  0.0251  0.0264  0.0257  0.0257  0.0252  0.0252  0.0250  0.0249  0.0247  0.0247
  0.0249  0.0249  0.0249  0.0256  0.0251  0.0250  0.0247  0.0246  0.0246  0.0246  0.0246  0.0246
  0.0248  0.0248  0.0248  0.0248  0.0247  0.0246  0.0245  0.0245  0.0245  0.0245  0.0245  0.0245
  0.0249  0.0249  0.0248  0.0243  0.0245  0.0243  0.0246  0.0247  0.0247  0.0247  0.0246  0.0246
  0.0253  0.0253  0.0250  0.0249  0.0250  0.0242  0.0251  0.0253  0.0251  0.0250  0.0247  0.0248
  0.0261  0.0259  0.0254  0.0278  0.0266  0.0263  0.0259  0.0266  0.0257  0.0255  0.0251  0.0251
niter,ni,del,rscale     5    3    5.0000    0.8000
parameters
    2.6241   18.8961   15.4761   -2.7483  -20.7522  -15.3060
    9.3109    0.7031  -12.5465   -3.6638    1.2391   -4.1095
eta,q 0.97570 14.84790
  0.0255  0.0252  0.0250  0.0268  0.0259  0.0258  0.0255  0.0260  0.0254  0.0250  0.0247  0.0248
  0.0249  0.0248  0.0248  0.0259  0.0253  0.0252  0.0249  0.0249  0.0248  0.0245  0.0245  0.0245
  0.0246  0.0245  0.0246  0.0252  0.0248  0.0247  0.0245  0.0244  0.0244  0.0243  0.0243  0.0243
  0.0245  0.0245  0.0245  0.0245  0.0244  0.0244  0.0243  0.0243  0.0243  0.0243  0.0243  0.0243
  0.0247  0.0247  0.0245  0.0241  0.0243  0.0239  0.0244  0.0245  0.0244  0.0244  0.0243  0.0243
  0.0250  0.0250  0.0247  0.0247  0.0246  0.0241  0.0248  0.0250  0.0247  0.0247  0.0245  0.0245
  0.0257  0.0255  0.0249  0.0271  0.0258  0.0262  0.0254  0.0260  0.0253  0.0252  0.0248  0.0248
niter,ni,del,rscale     4    3    5.0000    0.7000
parameters
    2.5325   18.6884   15.6059   -2.3953  -20.3518  -14.7427
    9.4924    0.6287  -12.4074   -4.0554    1.0934   -4.0347
eta,q 0.97601 14.91220
  0.0251  0.0247  0.0247  0.0262  0.0254  0.0254  0.0251  0.0255  0.0249  0.0245  0.0244  0.0244
  0.0246  0.0245  0.0245  0.0255  0.0249  0.0248  0.0245  0.0245  0.0244  0.0242  0.0241  0.0242
  0.0244  0.0243  0.0243  0.0249  0.0245  0.0244  0.0242  0.0241  0.0241  0.0240  0.0240  0.0240
  0.0243  0.0243  0.0243  0.0243  0.0242  0.0241  0.0240  0.0240  0.0240  0.0240  0.0240  0.0240
  0.0244  0.0244  0.0243  0.0239  0.0241  0.0238  0.0241  0.0242  0.0241  0.0241  0.0240  0.0240
  0.0248  0.0247  0.0244  0.0244  0.0243  0.0238  0.0244  0.0247  0.0243  0.0243  0.0242  0.0241
  0.0253  0.0251  0.0246  0.0263  0.0253  0.0253  0.0250  0.0255  0.0248  0.0247  0.0244  0.0244
niter,ni,del,rscale     3    3    5.0000    0.6000
parameters
    2.4034   18.4169   15.7547   -2.0653  -19.8945  -14.2945
    9.7037    0.5174  -12.2306   -4.6483    0.9833   -3.8437
eta,q 0.97632 14.97060
  0.0246  0.0242  0.0243  0.0256  0.0249  0.0248  0.0246  0.0249  0.0244  0.0240  0.0240  0.0240
  0.0242  0.0240  0.0241  0.0250  0.0244  0.0244  0.0242  0.0241  0.0240  0.0238  0.0238  0.0238
  0.0240  0.0240  0.0240  0.0244  0.0241  0.0241  0.0238  0.0238  0.0238  0.0237  0.0237  0.0237
  0.0240  0.0240  0.0240  0.0240  0.0239  0.0238  0.0237  0.0237  0.0237  0.0237  0.0237  0.0237
  0.0241  0.0241  0.0240  0.0237  0.0238  0.0235  0.0237  0.0239  0.0237  0.0238  0.0237  0.0237
  0.0244  0.0243  0.0240  0.0241  0.0240  0.0236  0.0240  0.0243  0.0239  0.0240  0.0239  0.0238
  0.0249  0.0247  0.0242  0.0256  0.0246  0.0248  0.0245  0.0250  0.0243  0.0243  0.0241  0.0240
niter,ni,del,rscale     2    3    5.0000    0.5000
parameters
    2.2495   18.0693   15.9557   -1.7487  -19.3818  -13.6625
    9.9204    0.3682  -12.0133   -5.4413    0.8895   -3.5556
eta,q 0.97671 15.03550
  0.0241  0.0238  0.0239  0.0250  0.0244  0.0243  0.0241  0.0243  0.0239  0.0235  0.0236  0.0236
  0.0238  0.0237  0.0238  0.0245  0.0240  0.0240  0.0237  0.0237  0.0236  0.0233  0.0234  0.0234
  0.0237  0.0236  0.0237  0.0240  0.0237  0.0238  0.0235  0.0234  0.0234  0.0233  0.0233  0.0233
  0.0237  0.0237  0.0236  0.0236  0.0235  0.0235  0.0233  0.0233  0.0233  0.0233  0.0233  0.0233
  0.0238  0.0238  0.0236  0.0235  0.0235  0.0232  0.0234  0.0235  0.0234  0.0234  0.0233  0.0233
  0.0241  0.0240  0.0237  0.0238  0.0236  0.0232  0.0236  0.0239  0.0235  0.0236  0.0235  0.0234
  0.0245  0.0243  0.0238  0.0249  0.0241  0.0241  0.0239  0.0245  0.0237  0.0238  0.0237  0.0235
niter,ni,del,rscale     1    3    5.0000    0.4000
parameter  2  0.530857 ->  0.500000 qaram    1.1500
parameters
    2.0680   17.6093   16.2089   -1.5156  -18.8245  -13.0312
   10.1288    0.1775  -11.7894   -6.4457    0.8446   -3.1761
eta,q 0.97713 15.09552
  0.0235  0.0233  0.0235  0.0242  0.0238  0.0238  0.0235  0.0236  0.0233  0.0230  0.0231  0.0231
  0.0234  0.0232  0.0233  0.0238  0.0235  0.0236  0.0232  0.0232  0.0231  0.0229  0.0230  0.0230
  0.0233  0.0232  0.0233  0.0234  0.0233  0.0234  0.0230  0.0230  0.0230  0.0229  0.0229  0.0229
  0.0233  0.0233  0.0232  0.0232  0.0231  0.0231  0.0229  0.0229  0.0229  0.0229  0.0229  0.0229
  0.0234  0.0234  0.0232  0.0231  0.0231  0.0229  0.0230  0.0231  0.0229  0.0230  0.0229  0.0229
  0.0236  0.0236  0.0232  0.0234  0.0232  0.0229  0.0231  0.0234  0.0230  0.0232  0.0230  0.0229
  0.0239  0.0238  0.0233  0.0241  0.0235  0.0236  0.0233  0.0239  0.0232  0.0234  0.0232  0.0230
niter,ni,del,rscale     1    3    5.0000    0.4000
parameters
    1.8838   17.2097   16.4767   -1.6353  -18.4838  -12.8561
   10.3359   -0.0911  -11.7306   -7.3860    0.8010   -2.9415
eta,q 0.97738 15.12196
  0.0231  0.0229  0.0232  0.0237  0.0234  0.0236  0.0232  0.0233  0.0230  0.0227  0.0229  0.0228
  0.0229  0.0228  0.0230  0.0233  0.0231  0.0233  0.0230  0.0229  0.0228  0.0226  0.0227  0.0227
  0.0229  0.0228  0.0228  0.0230  0.0229  0.0230  0.0228  0.0227  0.0227  0.0226  0.0226  0.0227
  0.0229  0.0228  0.0228  0.0228  0.0228  0.0227  0.0227  0.0227  0.0227  0.0227  0.0226  0.0226
  0.0230  0.0230  0.0228  0.0228  0.0227  0.0226  0.0227  0.0228  0.0227  0.0228  0.0227  0.0226
  0.0232  0.0232  0.0228  0.0232  0.0229  0.0228  0.0228  0.0232  0.0228  0.0230  0.0227  0.0227
  0.0236  0.0236  0.0228  0.0241  0.0232  0.0237  0.0231  0.0237  0.0230  0.0232  0.0229  0.0228
registration optimization eta report
parameter search radius
    0.8000    0.9200    0.8000    2.7600    2.7600    2.7600
    2.4000    2.4000    2.4000    2.4000    2.4000    2.4000
100000*second partial in parameter space
       77.       45.       37.       15.        7.       12.
        8.       14.        6.        5.        5.        3.
  0.0231  0.0229  0.0232  0.0237  0.0234  0.0236  0.0232  0.0233  0.0230  0.0227  0.0229  0.0228
  0.0229  0.0228  0.0230  0.0233  0.0231  0.0233  0.0230  0.0229  0.0228  0.0226  0.0227  0.0227
  0.0229  0.0228  0.0228  0.0230  0.0229  0.0230  0.0228  0.0227  0.0227  0.0226  0.0226  0.0227
  0.0229  0.0228  0.0228  0.0228  0.0228  0.0227  0.0227  0.0227  0.0227  0.0227  0.0226  0.0226
  0.0230  0.0230  0.0228  0.0228  0.0227  0.0226  0.0227  0.0228  0.0227  0.0228  0.0227  0.0226
  0.0232  0.0232  0.0228  0.0232  0.0229  0.0228  0.0228  0.0232  0.0228  0.0230  0.0227  0.0227
  0.0236  0.0236  0.0228  0.0241  0.0232  0.0237  0.0231  0.0237  0.0230  0.0232  0.0229  0.0228
    1.8838   17.2097   16.4767   -1.6353  -18.4838  -12.8561
   10.3359   -0.0911  -11.7306   -7.3860    0.8010   -2.9415
eta,q 0.97738 15.12196

---------------------------------------------------------------------
imgreg_4dfp /opt/freesurfer/average/711-2C_as_mni_average_305 /opt/freesurfer/average/711-2B_as_mni_average_305_mask talsrcimg_g11 none talsrcimg_to_711-2C_as_mni_average_305_t4 2311
---------------------------------------------------------------------

freesurfer imgreg_4dfp.c
/opt/freesurfer/average/711-2C_as_mni_average_305.4dfp.img
       256       256       256         1
  1.000000  1.000000  1.000000
orientation T byte_order littleendian
Reading image: /opt/freesurfer/average/711-2C_as_mni_average_305.4dfp.img
dimensions:      256       256       256
mmppix:       1.0000   -1.0000   -1.0000
center:     128.0000 -129.0000 -129.0000
/opt/freesurfer/average/711-2B_as_mni_average_305_mask.4dfp.img
       256       256       256         1
  1.000000  1.000000  1.000000
orientation T byte_order littleendian
Reading mask: /opt/freesurfer/average/711-2B_as_mni_average_305_mask.4dfp.img (2306576 pixels)
talsrcimg_g11.4dfp.img
       256       256       256         1
  1.000000  1.000000  1.000000
orientation T byte_order littleendian
Reading image: talsrcimg_g11.4dfp.img
dimensions:      256       256       256
mmppix:       1.0000   -1.0000   -1.0000
center:     128.0000 -129.0000 -129.0000
fimgreg.f
image alignment mode   2311 decimal      907 hex
parameters
    1.8838   17.2097   16.4767   -1.6353  -18.4838  -12.8561
   10.3359   -0.0911  -11.7306   -7.3860    0.8010   -2.9415
eta,q 0.97738 15.12196
niter,ni,del,rscale     5    3    5.0000    0.8000
parameters
    1.7557   16.9453   16.7607   -2.4286  -18.6192  -13.4772
   10.5246   -0.3528  -11.8046   -8.3388    0.5798   -2.8806
eta,q 0.97714 15.08083
  0.0242  0.0234  0.0239  0.0245  0.0243  0.0244  0.0246  0.0251  0.0241  0.0237  0.0235  0.0235
  0.0233  0.0229  0.0232  0.0237  0.0236  0.0238  0.0238  0.0237  0.0234  0.0231  0.0231  0.0231
  0.0227  0.0226  0.0228  0.0230  0.0231  0.0233  0.0232  0.0230  0.0230  0.0229  0.0229  0.0229
  0.0226  0.0226  0.0226  0.0226  0.0227  0.0228  0.0230  0.0230  0.0229  0.0229  0.0229  0.0229
  0.0229  0.0229  0.0226  0.0229  0.0228  0.0225  0.0231  0.0233  0.0231  0.0232  0.0230  0.0229
  0.0237  0.0234  0.0228  0.0245  0.0234  0.0239  0.0235  0.0241  0.0235  0.0238  0.0232  0.0231
  0.0249  0.0242  0.0232  0.0278  0.0249  0.0271  0.0244  0.0256  0.0241  0.0245  0.0237  0.0235
niter,ni,del,rscale     4    3    5.0000    0.7000
parameters
    1.7902   16.9137   16.8120   -2.2832  -18.5153  -13.3761
   10.4018   -0.3662  -11.7404   -8.3538    0.5322   -2.8662
eta,q 0.97722 15.09306
  0.0241  0.0237  0.0234  0.0247  0.0242  0.0243  0.0240  0.0248  0.0238  0.0238  0.0234  0.0233
  0.0234  0.0232  0.0231  0.0240  0.0236  0.0237  0.0233  0.0235  0.0232  0.0232  0.0230  0.0230
  0.0230  0.0230  0.0229  0.0234  0.0231  0.0232  0.0229  0.0229  0.0229  0.0229  0.0228  0.0228
  0.0229  0.0229  0.0229  0.0229  0.0228  0.0228  0.0228  0.0228  0.0228  0.0228  0.0228  0.0228
  0.0230  0.0230  0.0229  0.0227  0.0228  0.0224  0.0229  0.0230  0.0229  0.0229  0.0229  0.0228
  0.0233  0.0233  0.0231  0.0233  0.0233  0.0229  0.0234  0.0237  0.0232  0.0232  0.0230  0.0230
  0.0240  0.0238  0.0233  0.0249  0.0243  0.0248  0.0242  0.0247  0.0237  0.0237  0.0234  0.0233
niter,ni,del,rscale     3    3    5.0000    0.6000
parameters
    1.7868   16.8718   16.8169   -2.0468  -18.3980  -13.0655
   10.3257   -0.3261  -11.6659   -8.2930    0.5705   -2.8099
eta,q 0.97737 15.11645
  0.0237  0.0234  0.0232  0.0242  0.0238  0.0239  0.0236  0.0243  0.0234  0.0234  0.0231  0.0230
  0.0232  0.0231  0.0229  0.0237  0.0233  0.0235  0.0231  0.0233  0.0230  0.0230  0.0228  0.0228
  0.0229  0.0228  0.0228  0.0232  0.0229  0.0231  0.0227  0.0228  0.0227  0.0227  0.0227  0.0227
  0.0228  0.0228  0.0228  0.0228  0.0227  0.0227  0.0226  0.0226  0.0226  0.0226  0.0226  0.0226
  0.0229  0.0229  0.0228  0.0227  0.0227  0.0224  0.0227  0.0228  0.0227  0.0227  0.0227  0.0227
  0.0232  0.0231  0.0229  0.0231  0.0231  0.0226  0.0231  0.0233  0.0229  0.0230  0.0228  0.0228
  0.0237  0.0235  0.0232  0.0242  0.0238  0.0240  0.0237  0.0242  0.0233  0.0233  0.0231  0.0230
niter,ni,del,rscale     2    3    5.0000    0.5000
parameters
    1.7671   16.8198   16.8258   -1.8709  -18.2901  -12.7624
   10.3065   -0.3125  -11.6288   -8.2462    0.6413   -2.7182
eta,q 0.97749 15.13735
  0.0233  0.0231  0.0229  0.0238  0.0234  0.0235  0.0232  0.0238  0.0230  0.0231  0.0229  0.0228
  0.0229  0.0228  0.0227  0.0233  0.0230  0.0232  0.0228  0.0230  0.0227  0.0227  0.0227  0.0226
  0.0227  0.0227  0.0227  0.0229  0.0227  0.0229  0.0226  0.0226  0.0226  0.0226  0.0226  0.0225
  0.0226  0.0226  0.0226  0.0226  0.0226  0.0226  0.0225  0.0225  0.0225  0.0225  0.0225  0.0225
  0.0227  0.0227  0.0227  0.0226  0.0226  0.0224  0.0226  0.0226  0.0226  0.0226  0.0225  0.0225
  0.0229  0.0229  0.0228  0.0229  0.0228  0.0226  0.0228  0.0230  0.0227  0.0228  0.0227  0.0226
  0.0233  0.0232  0.0229  0.0237  0.0233  0.0235  0.0233  0.0237  0.0230  0.0230  0.0229  0.0228
niter,ni,del,rscale     1    3    5.0000    0.4000
parameters
    1.7420   16.7653   16.8510   -1.7306  -18.2166  -12.4274
   10.3095   -0.3118  -11.5974   -8.2091    0.7023   -2.6179
eta,q 0.97761 15.15594
  0.0229  0.0228  0.0227  0.0233  0.0230  0.0232  0.0229  0.0233  0.0227  0.0228  0.0227  0.0226
  0.0227  0.0226  0.0226  0.0230  0.0227  0.0230  0.0226  0.0228  0.0225  0.0226  0.0225  0.0225
  0.0225  0.0225  0.0225  0.0227  0.0226  0.0227  0.0224  0.0225  0.0224  0.0224  0.0224  0.0224
  0.0225  0.0225  0.0225  0.0225  0.0225  0.0225  0.0224  0.0224  0.0224  0.0224  0.0224  0.0224
  0.0226  0.0226  0.0225  0.0225  0.0225  0.0223  0.0224  0.0225  0.0224  0.0224  0.0224  0.0224
  0.0227  0.0227  0.0226  0.0227  0.0227  0.0225  0.0226  0.0228  0.0225  0.0226  0.0225  0.0225
  0.0230  0.0229  0.0227  0.0233  0.0230  0.0231  0.0229  0.0232  0.0227  0.0227  0.0227  0.0226
registration optimization eta report
parameter search radius
    0.8000    0.8000    0.8000    2.4000    2.4000    2.4000
    2.4000    2.4000    2.4000    2.4000    2.4000    2.4000
100000*second partial in parameter space
       71.       49.       34.       13.        8.       12.
        8.       15.        6.        6.        5.        3.
  0.0229  0.0228  0.0227  0.0233  0.0230  0.0232  0.0229  0.0233  0.0227  0.0228  0.0227  0.0226
  0.0227  0.0226  0.0226  0.0230  0.0227  0.0230  0.0226  0.0228  0.0225  0.0226  0.0225  0.0225
  0.0225  0.0225  0.0225  0.0227  0.0226  0.0227  0.0224  0.0225  0.0224  0.0224  0.0224  0.0224
  0.0225  0.0225  0.0225  0.0225  0.0225  0.0225  0.0224  0.0224  0.0224  0.0224  0.0224  0.0224
  0.0226  0.0226  0.0225  0.0225  0.0225  0.0223  0.0224  0.0225  0.0224  0.0224  0.0224  0.0224
  0.0227  0.0227  0.0226  0.0227  0.0227  0.0225  0.0226  0.0228  0.0225  0.0226  0.0225  0.0225
  0.0230  0.0229  0.0227  0.0233  0.0230  0.0231  0.0229  0.0232  0.0227  0.0227  0.0227  0.0226
    1.7420   16.7653   16.8510   -1.7306  -18.2166  -12.4274
   10.3095   -0.3118  -11.5974   -8.2091    0.7023   -2.6179
eta,q 0.97761 15.15594

---------------------------------------------------------------------
compute_vox2vox talsrcimg talsrcimg_to_711-2C_as_mni_average_305_t4 /opt/freesurfer/average/711-2C_as_mni_average_305
---------------------------------------------------------------------

freesurfer compute_vox2vox.c
Reading: talsrcimg.4dfp.ifh
Reading: talsrcimg_to_711-2C_as_mni_average_305_t4
Reading: /opt/freesurfer/average/711-2C_as_mni_average_305.4dfp.ifh
Writing: talsrcimg_to_711-2C_as_mni_average_305_t4_vox2vox.txt

start time Thu Mar 12 13:22:50 CET 2026
end		time Thu Mar 12 13:23:05 CET 2026

mpr2mni305 success

avi2talxfm orig_nu.mgz /opt/freesurfer/average/mni305.cor.mgz talsrcimg_to_711-2C_as_mni_average_305_t4_vox2vox.txt transforms/talairach.auto.xfm
avi2talxfm done
mv -f /out/sourcedata/freesurfer/sub-v1s19x0051309_ses-1/mri/talsrcimg_to_711-2C_as_mni_average_305_t4_vox2vox.txt /out/sourcedata/freesurfer/sub-v1s19x0051309_ses-1/mri/transforms/talsrcimg_to_711-2C_as_mni_average_305_t4_vox2vox.txt
lta_convert --src orig_nu.mgz --trg /opt/freesurfer/average/mni305.cor.mgz --inxfm transforms/talairach.auto.xfm --outlta transforms/talairach.auto.xfm.lta --subject fsaverage
7.3.2

--src: orig_nu.mgz src image (geometry).
--trg: /opt/freesurfer/average/mni305.cor.mgz trg image (geometry).
--inmni: transforms/talairach.auto.xfm input MNI/XFM transform.
--outlta: transforms/talairach.auto.xfm.lta output LTA.
--s: fsaverage subject name
 LTA read, type : 1
 1.00272  -0.00830  -0.12667  -2.63015;
-0.00380   1.14538   0.03714  -15.34752;
 0.14181   0.11379   1.20851   0.97015;
 0.00000   0.00000   0.00000   1.00000;
setting subject to fsaverage
Writing  LTA to file transforms/talairach.auto.xfm.lta...
lta_convert successful.
 
 
Started at Thu Mar 12 13:22:49 CET 2026
Ended   at Thu Mar 12 13:23:05 CET 2026
talairach_avi done
