/out/sourcedata/freesurfer/sub-v1s19x0051303_ses-1/mri
/opt/freesurfer/bin/talairach_avi
--i orig_nu.mgz --xfm transforms/talairach.auto.xfm
talairach_avi 7.3.2
Linux dna006 5.14.0-427.37.1.el9_4.x86_64 #1 SMP PREEMPT_DYNAMIC Fri Sep 13 12:41:50 EDT 2024 x86_64 x86_64 x86_64 GNU/Linux
Thu Mar 12 12:52:34 CET 2026
mri_convert orig_nu.mgz talsrcimg.img 
reading from orig_nu.mgz...
TR=0.00, TE=0.00, TI=0.00, flip angle=0.00
i_ras = (-1, 0, 0)
j_ras = (-9.31323e-10, 0, -1)
k_ras = (0, 1, 0)
writing to talsrcimg.img...
Analyze Output Matrix
-1.00000  -0.00000   0.00000   141.71509;
 0.00000   0.00000   1.00000  -120.74141;
 0.00000  -1.00000   0.00000   113.65086;
 0.00000   0.00000   0.00000   1.00000;
--------------------
INFO: set hdr.hist.orient to -1
mpr2mni305 talsrcimg
Thu Mar 12 12:52:35 CET 2026
/opt/freesurfer/bin/mpr2mni305 talsrcimg
mpr2mni305 7.3.2
target=711-2C_as_mni_average_305

---------------------------------------------------------------------
analyzeto4dfp talsrcimg -O0 -y
---------------------------------------------------------------------

freesurfer ifh2hdr.c
Thu Mar 12 12:52:35 2026
Writing: talsrcimg.4dfp.hdr
freesurfer analyzeto4dfp.c
Reading: talsrcimg.hdr
header size 348 bytes
hdr.dime.datatype	offset=70	value=2
hdr.dime.bitpix		offset=72	value=8
hdr.hist.orient		offset=252	value=-1
dimensionality     4
dimensions       256       256       256         1
Reading: talsrcimg.img
Writing: talsrcimg.4dfp.img
Writing: talsrcimg.4dfp.ifh
ifh2hdr talsrcimg -r0to255
ori=2

---------------------------------------------------------------------
gauss_4dfp talsrcimg 1.1
---------------------------------------------------------------------

freesurfer gauss_4dfp.c
Reading: talsrcimg.4dfp.img
Writing: talsrcimg_g11.4dfp.img
image dimensions 256 256 256 padded to 288 288 288
processing volume 1freesurfer ifh2hdr.c
Thu Mar 12 12:52:37 2026
Writing: talsrcimg_g11.4dfp.hdr

Writing: talsrcimg_g11.4dfp.ifh
including: talsrcimg.4dfp.img.rec in talsrcimg_g11.4dfp.img.rec

---------------------------------------------------------------------
imgreg_4dfp /opt/freesurfer/average/711-2C_as_mni_average_305 none talsrcimg_g11 none talsrcimg_to_711-2C_as_mni_average_305_t4 4355
---------------------------------------------------------------------

freesurfer imgreg_4dfp.c
/opt/freesurfer/average/711-2C_as_mni_average_305.4dfp.img
       256       256       256         1
  1.000000  1.000000  1.000000
orientation T byte_order littleendian
Reading image: /opt/freesurfer/average/711-2C_as_mni_average_305.4dfp.img
dimensions:      256       256       256
mmppix:       1.0000   -1.0000   -1.0000
center:     128.0000 -129.0000 -129.0000
talsrcimg_g11.4dfp.img
       256       256       256         1
  1.000000  1.000000  1.000000
orientation T byte_order littleendian
Reading image: talsrcimg_g11.4dfp.img
dimensions:      256       256       256
mmppix:       1.0000   -1.0000   -1.0000
center:     128.0000 -129.0000 -129.0000
t4_read: open error in t4_sub.f l:  41 t4_file(1:l)talsrcimg_to_711-2C_as_mni_average_305_t4 
t4_read: transform initialized to I4
rotation matrix determinant  1.000000
image alignment mode   4355 decimal     1103 hex
   -7.5000  -45.0000  -45.0000 5811.9722   16.6325
    0.0000  -45.0000  -45.0000 5997.2656   16.6244
    7.5000  -45.0000  -45.0000 5733.3755   16.6548
   -7.5000  -37.5000  -45.0000 6285.2627   16.1530
    0.0000  -37.5000  -45.0000 6502.3555   16.1479
    7.5000  -37.5000  -45.0000 6216.9092   16.1750
   -7.5000  -30.0000  -45.0000 7030.2808   15.8163
    0.0000  -30.0000  -45.0000 7279.6831   15.8147
    7.5000  -30.0000  -45.0000 6955.7607   15.8394
   -7.5000  -22.5000  -45.0000 7847.7451   15.6960
    0.0000  -22.5000  -45.0000 8137.2202   15.6961
    7.5000  -22.5000  -45.0000 7779.6470   15.7213
   -7.5000  -15.0000  -45.0000 8691.8359   15.6210
    0.0000  -15.0000  -45.0000 9009.9443   15.6196
    7.5000  -15.0000  -45.0000 8618.9346   15.6449
   -7.5000   -7.5000  -45.0000 9508.1191   15.5879
    0.0000   -7.5000  -45.0000 9843.8936   15.5823
    7.5000   -7.5000  -45.0000 9408.1064   15.6074
   -7.5000    0.0000  -45.000010334.1465   15.5922
    0.0000    0.0000  -45.000010686.8721   15.5843
    7.5000    0.0000  -45.000010181.3350   15.6096
   -7.5000    7.5000  -45.000010322.5400   15.5970
    0.0000    7.5000  -45.000010692.9863   15.5914
    7.5000    7.5000  -45.000010170.4902   15.6162
   -7.5000   15.0000  -45.000010212.3066   15.5931
    0.0000   15.0000  -45.000010584.5859   15.5911
    7.5000   15.0000  -45.000010072.2881   15.6151
   -7.5000   22.5000  -45.0000 9969.2549   15.5828
    0.0000   22.5000  -45.000010341.4229   15.5826
    7.5000   22.5000  -45.0000 9824.0166   15.6072
   -7.5000   30.0000  -45.0000 9634.0303   15.3743
    0.0000   30.0000  -45.0000 9972.0605   15.3727
    7.5000   30.0000  -45.0000 9449.7861   15.3976
   -7.5000   37.5000  -45.0000 9537.9463   15.3769
    0.0000   37.5000  -45.0000 9846.5283   15.3714
    7.5000   37.5000  -45.0000 9314.3281   15.3962
   -7.5000   45.0000  -45.0000 8937.3975   14.9937
    0.0000   45.0000  -45.0000 9229.8936   14.9862
    7.5000   45.0000  -45.0000 8730.5371   15.0105
   -7.5000  -45.0000  -37.5000 6187.8735   16.4066
    0.0000  -45.0000  -37.5000 6392.8535   16.3986
    7.5000  -45.0000  -37.5000 6099.6133   16.4174
   -7.5000  -37.5000  -37.5000 6676.9004   15.9225
    0.0000  -37.5000  -37.5000 6926.0923   15.9218
    7.5000  -37.5000  -37.5000 6605.0674   15.9416
   -7.5000  -30.0000  -37.5000 7466.2969   15.5840
    0.0000  -30.0000  -37.5000 7740.6001   15.5906
    7.5000  -30.0000  -37.5000 7378.9570   15.6117
   -7.5000  -22.5000  -37.5000 8339.9883   15.4692
    0.0000  -22.5000  -37.5000 8638.5322   15.4774
    7.5000  -22.5000  -37.5000 8232.0586   15.4983
   -7.5000  -15.0000  -37.5000 9260.0732   15.4082
    0.0000  -15.0000  -37.5000 9600.7041   15.4106
    7.5000  -15.0000  -37.5000 9133.9746   15.4277
   -7.5000   -7.5000  -37.500010124.7578   15.3840
    0.0000   -7.5000  -37.500010489.8770   15.3781
    7.5000   -7.5000  -37.5000 9985.7100   15.3924
   -7.5000    0.0000  -37.500010935.3486   15.3843
    0.0000    0.0000  -37.500011345.9678   15.3763
    7.5000    0.0000  -37.500010792.2842   15.3915
   -7.5000    7.5000  -37.500010905.1611   15.3769
    0.0000    7.5000  -37.500011316.3848   15.3754
    7.5000    7.5000  -37.500010754.6641   15.3934
   -7.5000   15.0000  -37.500010830.1152   15.3642
    0.0000   15.0000  -37.500011253.0381   15.3703
    7.5000   15.0000  -37.500010666.3105   15.3908
   -7.5000   22.5000  -37.500010570.7627   15.3577
    0.0000   22.5000  -37.500010982.8320   15.3655
    7.5000   22.5000  -37.500010393.3740   15.3861
   -7.5000   30.0000  -37.500010186.7021   15.1649
    0.0000   30.0000  -37.500010574.8516   15.1671
    7.5000   30.0000  -37.5000 9974.8887   15.1840
   -7.5000   37.5000  -37.500010068.6055   15.1757
    0.0000   37.5000  -37.500010438.7559   15.1699
    7.5000   37.5000  -37.5000 9843.7666   15.1841
   -7.5000   45.0000  -37.5000 9483.1963   14.7939
    0.0000   45.0000  -37.5000 9813.5361   14.7861
    7.5000   45.0000  -37.5000 9263.1416   14.8008
   -7.5000  -45.0000  -30.0000 6647.6987   16.9339
    0.0000  -45.0000  -30.0000 6906.2183   16.9189
    7.5000  -45.0000  -30.0000 6569.8223   16.9220
   -7.5000  -37.5000  -30.0000 7182.7979   16.4195
    0.0000  -37.5000  -30.0000 7471.1426   16.4142
    7.5000  -37.5000  -30.0000 7104.0703   16.4244
   -7.5000  -30.0000  -30.0000 8066.5669   16.0577
    0.0000  -30.0000  -30.0000 8376.0137   16.0608
    7.5000  -30.0000  -30.0000 7964.4727   16.0738
   -7.5000  -22.5000  -30.0000 9036.4268   15.9417
    0.0000  -22.5000  -30.0000 9374.8047   15.9452
    7.5000  -22.5000  -30.0000 8910.5371   15.9540
   -7.5000  -15.0000  -30.000010024.9922   15.8962
    0.0000  -15.0000  -30.000010403.2256   15.8918
    7.5000  -15.0000  -30.0000 9882.6416   15.8917
   -7.5000   -7.5000  -30.000010955.4580   15.8881
    0.0000   -7.5000  -30.000011358.6348   15.8745
    7.5000   -7.5000  -30.000010801.7559   15.8711
   -7.5000    0.0000  -30.000011797.6816   15.8881
    0.0000    0.0000  -30.000012251.5244   15.8738
    7.5000    0.0000  -30.000011636.4033   15.8752
   -7.5000    7.5000  -30.000011751.2676   15.8629
    0.0000    7.5000  -30.000012206.8447   15.8570
    7.5000    7.5000  -30.000011580.8975   15.8659
   -7.5000   15.0000  -30.000011640.3223   15.8336
    0.0000   15.0000  -30.000012112.3975   15.8362
    7.5000   15.0000  -30.000011463.4844   15.8489
   -7.5000   22.5000  -30.000011365.6504   15.8262
    0.0000   22.5000  -30.000011833.0527   15.8293
    7.5000   22.5000  -30.000011175.6377   15.8379
   -7.5000   30.0000  -30.000010939.3418   15.6468
    0.0000   30.0000  -30.000011365.8398   15.6423
    7.5000   30.0000  -30.000010711.8936   15.6423
   -7.5000   37.5000  -30.000010830.1270   15.6745
    0.0000   37.5000  -30.000011243.7949   15.6611
    7.5000   37.5000  -30.000010560.3018   15.6578
   -7.5000   45.0000  -30.000010219.9277   15.2895
    0.0000   45.0000  -30.000010585.3545   15.2758
    7.5000   45.0000  -30.0000 9959.2744   15.2771
   -7.5000  -45.0000  -22.5000 7163.5854   17.5176
    0.0000  -45.0000  -22.5000 7450.9243   17.4946
    7.5000  -45.0000  -22.5000 7071.9487   17.4908
   -7.5000  -37.5000  -22.5000 7768.9434   16.9821
    0.0000  -37.5000  -22.5000 8055.0566   16.9676
    7.5000  -37.5000  -22.5000 7658.5342   16.9737
   -7.5000  -30.0000  -22.5000 8749.7314   16.6009
    0.0000  -30.0000  -22.5000 9055.9941   16.5920
    7.5000  -30.0000  -22.5000 8621.8818   16.5989
   -7.5000  -22.5000  -22.5000 9832.4697   16.4772
    0.0000  -22.5000  -22.500010172.2148   16.4668
    7.5000  -22.5000  -22.5000 9669.3818   16.4652
   -7.5000  -15.0000  -22.500010880.3438   16.4323
    0.0000  -15.0000  -22.500011253.9717   16.4154
    7.5000  -15.0000  -22.500010689.9600   16.4031
   -7.5000   -7.5000  -22.500011890.4121   16.4317
    0.0000   -7.5000  -22.500012317.6221   16.4093
    7.5000   -7.5000  -22.500011670.2275   16.3959
   -7.5000    0.0000  -22.500012777.5469   16.4366
    0.0000    0.0000  -22.500013249.0840   16.4155
    7.5000    0.0000  -22.500012539.4443   16.4110
   -7.5000    7.5000  -22.500012715.0293   16.4067
    0.0000    7.5000  -22.500013224.1982   16.3923
    7.5000    7.5000  -22.500012518.1514   16.3975
   -7.5000   15.0000  -22.500012598.0254   16.3696
    0.0000   15.0000  -22.500013099.1904   16.3604
    7.5000   15.0000  -22.500012348.8145   16.3672
   -7.5000   22.5000  -22.500012301.8662   16.3567
    0.0000   22.5000  -22.500012777.6465   16.3462
    7.5000   22.5000  -22.500012023.8750   16.3444
   -7.5000   30.0000  -22.500011803.7832   16.1768
    0.0000   30.0000  -22.500012244.2480   16.1600
    7.5000   30.0000  -22.500011484.4062   16.1480
   -7.5000   37.5000  -22.500011687.2725   16.2133
    0.0000   37.5000  -22.500012106.6533   16.1911
    7.5000   37.5000  -22.500011329.0664   16.1780
   -7.5000   45.0000  -22.500011012.8066   15.8293
    0.0000   45.0000  -22.500011417.4775   15.8089
    7.5000   45.0000  -22.500010698.4922   15.8046
   -7.5000  -45.0000  -15.0000 7694.5254   17.9193
    0.0000  -45.0000  -15.0000 7972.6035   17.8956
    7.5000  -45.0000  -15.0000 7562.2183   17.9016
   -7.5000  -37.5000  -15.0000 8393.6729   17.3866
    0.0000  -37.5000  -15.0000 8674.5449   17.3681
    7.5000  -37.5000  -15.0000 8239.6963   17.3802
   -7.5000  -30.0000  -15.0000 9481.6738   17.0054
    0.0000  -30.0000  -15.0000 9778.9297   16.9886
    7.5000  -30.0000  -15.0000 9283.4541   16.9980
   -7.5000  -22.5000  -15.000010669.1045   16.8744
    0.0000  -22.5000  -15.000010998.9375   16.8557
    7.5000  -22.5000  -15.000010429.1611   16.8566
   -7.5000  -15.0000  -15.000011771.8857   16.8149
    0.0000  -15.0000  -15.000012157.8389   16.7931
    7.5000  -15.0000  -15.000011501.9805   16.7871
   -7.5000   -7.5000  -15.000012854.2393   16.8060
    0.0000   -7.5000  -15.000013301.8096   16.7827
    7.5000   -7.5000  -15.000012545.5166   16.7783
   -7.5000    0.0000  -15.000013776.9297   16.8155
    0.0000    0.0000  -15.000014266.9639   16.7940
    7.5000    0.0000  -15.000013481.6367   16.7982
   -7.5000    7.5000  -15.000013742.8047   16.7975
    0.0000    7.5000  -15.000014260.4268   16.7795
    7.5000    7.5000  -15.000013431.9756   16.7905
   -7.5000   15.0000  -15.000013612.1504   16.7686
    0.0000   15.0000  -15.000014118.3760   16.7518
    7.5000   15.0000  -15.000013242.9023   16.7609
   -7.5000   22.5000  -15.000013282.0498   16.7504
    0.0000   22.5000  -15.000013772.4814   16.7316
    7.5000   22.5000  -15.000012916.2588   16.7324
   -7.5000   30.0000  -15.000012686.8955   16.5558
    0.0000   30.0000  -15.000013137.0762   16.5343
    7.5000   30.0000  -15.000012314.0918   16.5284
   -7.5000   37.5000  -15.000012544.8379   16.5849
    0.0000   37.5000  -15.000012995.6396   16.5619
    7.5000   37.5000  -15.000012167.1738   16.5576
   -7.5000   45.0000  -15.000011831.3838   16.2040
    0.0000   45.0000  -15.000012279.5752   16.1832
    7.5000   45.0000  -15.000011509.4297   16.1873
   -7.5000  -45.0000   -7.5000 8273.2939   18.0717
    0.0000  -45.0000   -7.5000 8536.1982   18.0566
    7.5000  -45.0000   -7.5000 8101.7783   18.0813
   -7.5000  -37.5000   -7.5000 9066.3994   17.5545
    0.0000  -37.5000   -7.5000 9329.8389   17.5420
    7.5000  -37.5000   -7.5000 8869.8525   17.5656
   -7.5000  -30.0000   -7.500010263.4561   17.1872
    0.0000  -30.0000   -7.500010573.8809   17.1753
    7.5000  -30.0000   -7.500010033.8730   17.1945
   -7.5000  -22.5000   -7.500011514.0684   17.0552
    0.0000  -22.5000   -7.500011898.6602   17.0428
    7.5000  -22.5000   -7.500011264.3604   17.0584
   -7.5000  -15.0000   -7.500012694.2158   16.9791
    0.0000  -15.0000   -7.500013143.9043   16.9661
    7.5000  -15.0000   -7.500012417.8154   16.9805
   -7.5000   -7.5000   -7.500013845.0752   16.9530
    0.0000   -7.5000   -7.500014358.1416   16.9391
    7.5000   -7.5000   -7.500013535.2168   16.9556
   -7.5000    0.0000   -7.500014863.6162   16.9618
    0.0000    0.0000   -7.500015407.7715   16.9478
    7.5000    0.0000   -7.500014539.8916   16.9684
   -7.5000    7.5000   -7.500014820.7930   16.9605
    0.0000    7.5000   -7.500015345.3262   16.9481
    7.5000    7.5000   -7.500014445.3330   16.9700
   -7.5000   15.0000   -7.500014647.2422   16.9482
    0.0000   15.0000   -7.500015191.8545   16.9362
    7.5000   15.0000   -7.500014249.7715   16.9549
   -7.5000   22.5000   -7.500014319.5898   16.9284
    0.0000   22.5000   -7.500014853.1602   16.9158
    7.5000   22.5000   -7.500013907.6738   16.9311
   -7.5000   30.0000   -7.500013674.4531   16.7174
    0.0000   30.0000   -7.500014167.6074   16.7045
    7.5000   30.0000   -7.500013279.4639   16.7187
   -7.5000   37.5000   -7.500013461.3594   16.7296
    0.0000   37.5000   -7.500013976.2871   16.7158
    7.5000   37.5000   -7.500013113.1201   16.7323
   -7.5000   45.0000   -7.500012703.9043   16.3479
    0.0000   45.0000   -7.500013213.5771   16.3345
    7.5000   45.0000   -7.500012411.3350   16.3543
   -7.5000  -45.0000    0.0000 8833.7568   18.0700
    0.0000  -45.0000    0.0000 9075.9375   18.0630
    7.5000  -45.0000    0.0000 8630.9023   18.0949
   -7.5000  -37.5000    0.0000 9687.1816   17.5594
    0.0000  -37.5000    0.0000 9939.5166   17.5559
    7.5000  -37.5000    0.0000 9451.2646   17.5842
   -7.5000  -30.0000    0.000010941.7891   17.2006
    0.0000  -30.0000    0.000011268.3740   17.2007
    7.5000  -30.0000    0.000010694.0176   17.2268
   -7.5000  -22.5000    0.000012254.5488   17.0718
    0.0000  -22.5000    0.000012695.3242   17.0734
    7.5000  -22.5000    0.000012015.8916   17.1002
   -7.5000  -15.0000    0.000013510.4453   16.9919
    0.0000  -15.0000    0.000014027.3799   16.9916
    7.5000  -15.0000    0.000013279.8555   17.0188
   -7.5000   -7.5000    0.000014774.4775   16.9569
    0.0000   -7.5000    0.000015360.4443   16.9522
    7.5000   -7.5000    0.000014500.6719   16.9790
   -7.5000    0.0000    0.000015856.2246   16.9614
    0.0000    0.0000    0.000016483.4473   16.9545
    7.5000    0.0000    0.000015565.7969   16.9813
   -7.5000    7.5000    0.000015783.5908   16.9660
    0.0000    7.5000    0.000016376.1982   16.9619
    7.5000    7.5000    0.000015446.1523   16.9880
   -7.5000   15.0000    0.000015584.2637   16.9616
    0.0000   15.0000    0.000016209.7891   16.9613
    7.5000   15.0000    0.000015232.5215   16.9867
   -7.5000   22.5000    0.000015271.1797   16.9452
    0.0000   22.5000    0.000015880.0186   16.9465
    7.5000   22.5000    0.000014905.2363   16.9727
   -7.5000   30.0000    0.000014589.2295   16.7308
    0.0000   30.0000    0.000015204.7080   16.7304
    7.5000   30.0000    0.000014252.9736   16.7571
   -7.5000   37.5000    0.000014363.4521   16.7340
    0.0000   37.5000    0.000014972.2393   16.7293
    7.5000   37.5000    0.000014067.8760   16.7558
   -7.5000   45.0000    0.000013534.6992   16.3488
    0.0000   45.0000    0.000014120.3691   16.3422
    7.5000   45.0000    0.000013284.0557   16.3680
   -7.5000  -45.0000    7.5000 8730.9180   18.0915
    0.0000  -45.0000    7.5000 8980.1357   18.0838
    7.5000  -45.0000    7.5000 8551.5586   18.1040
   -7.5000  -37.5000    7.5000 9516.8037   17.5653
    0.0000  -37.5000    7.5000 9811.5068   17.5651
    7.5000  -37.5000    7.5000 9334.0186   17.5863
   -7.5000  -30.0000    7.500010714.7139   17.1962
    0.0000  -30.0000    7.500011086.0195   17.2038
    7.5000  -30.0000    7.500010522.3301   17.2265
   -7.5000  -22.5000    7.500012023.3135   17.0702
    0.0000  -22.5000    7.500012476.8574   17.0798
    7.5000  -22.5000    7.500011831.9502   17.1025
   -7.5000  -15.0000    7.500013316.9189   17.0036
    0.0000  -15.0000    7.500013860.8037   17.0073
    7.5000  -15.0000    7.500013122.8027   17.0259
   -7.5000   -7.5000    7.500014645.7119   16.9782
    0.0000   -7.5000    7.500015260.3467   16.9729
    7.5000   -7.5000    7.500014410.6094   16.9884
   -7.5000    0.0000    7.500015795.8584   16.9796
    0.0000    0.0000    7.500016467.5078   16.9717
    7.5000    0.0000    7.500015519.7422   16.9880
   -7.5000    7.5000    7.500015653.7061   16.9716
    0.0000    7.5000    7.500016344.5342   16.9705
    7.5000    7.5000    7.500015416.4766   16.9898
   -7.5000   15.0000    7.500015381.1416   16.9571
    0.0000   15.0000    7.500016107.5449   16.9641
    7.5000   15.0000    7.500015209.9531   16.9861
   -7.5000   22.5000    7.500015048.9609   16.9434
    0.0000   22.5000    7.500015771.3799   16.9526
    7.5000   22.5000    7.500014891.1406   16.9748
   -7.5000   30.0000    7.500014401.7803   16.7423
    0.0000   30.0000    7.500015106.5303   16.7457
    7.5000   30.0000    7.500014266.5020   16.7641
   -7.5000   37.5000    7.500014185.5791   16.7549
    0.0000   37.5000    7.500014882.4062   16.7497
    7.5000   37.5000    7.500014028.1035   16.7650
   -7.5000   45.0000    7.500013382.1826   16.3664
    0.0000   45.0000    7.500014040.1709   16.3587
    7.5000   45.0000    7.500013184.2578   16.3745
   -7.5000  -45.0000   15.0000 8472.6162   18.1481
    0.0000  -45.0000   15.0000 8729.2832   18.1323
    7.5000  -45.0000   15.0000 8339.3926   18.1352
   -7.5000  -37.5000   15.0000 9221.1396   17.5984
    0.0000  -37.5000   15.0000 9547.1914   17.5930
    7.5000  -37.5000   15.0000 9087.9697   17.6034
   -7.5000  -30.0000   15.000010353.1426   17.2109
    0.0000  -30.0000   15.000010757.6719   17.2143
    7.5000  -30.0000   15.000010210.5254   17.2278
   -7.5000  -22.5000   15.000011615.3213   17.0858
    0.0000  -22.5000   15.000012093.6709   17.0896
    7.5000  -22.5000   15.000011453.4512   17.0985
   -7.5000  -15.0000   15.000012920.6016   17.0366
    0.0000  -15.0000   15.000013475.2637   17.0320
    7.5000  -15.0000   15.000012743.1172   17.0313
   -7.5000   -7.5000   15.000014269.8984   17.0285
    0.0000   -7.5000   15.000014951.0703   17.0142
    7.5000   -7.5000   15.000014081.0244   17.0099
   -7.5000    0.0000   15.000015628.4453   17.0294
    0.0000    0.0000   15.000016452.1602   17.0144
    7.5000    0.0000   15.000015381.4590   17.0154
   -7.5000    7.5000   15.000015529.9434   17.0029
    0.0000    7.5000   15.000016480.2988   16.9968
    7.5000    7.5000   15.000015391.1523   17.0060
   -7.5000   15.0000   15.000015138.2764   16.9712
    0.0000   15.0000   15.000015974.7969   16.9740
    7.5000   15.0000   15.000015139.3271   16.9872
   -7.5000   22.5000   15.000014734.1895   16.9585
    0.0000   22.5000   15.000015487.0938   16.9619
    7.5000   22.5000   15.000014761.6055   16.9706
   -7.5000   30.0000   15.000014123.4961   16.7743
    0.0000   30.0000   15.000014864.3291   16.7696
    7.5000   30.0000   15.000014110.1143   16.7691
   -7.5000   37.5000   15.000013958.7891   16.8044
    0.0000   37.5000   15.000014687.5078   16.7903
    7.5000   37.5000   15.000013822.9521   16.7862
   -7.5000   45.0000   15.000013223.3535   16.4144
    0.0000   45.0000   15.000013878.6055   16.3999
    7.5000   45.0000   15.000012953.0840   16.4009
   -7.5000  -45.0000   22.5000 8147.5679   18.1836
    0.0000  -45.0000   22.5000 8430.2461   18.1597
    7.5000  -45.0000   22.5000 8020.4209   18.1556
   -7.5000  -37.5000   22.5000 8831.3740   17.6278
    0.0000  -37.5000   22.5000 9194.1162   17.6128
    7.5000  -37.5000   22.5000 8732.1787   17.6189
   -7.5000  -30.0000   22.5000 9891.6836   17.2323
    0.0000  -30.0000   22.500010336.0488   17.2229
    7.5000  -30.0000   22.5000 9816.6035   17.2301
   -7.5000  -22.5000   22.500011094.7109   17.1038
    0.0000  -22.5000   22.500011615.5674   17.0931
    7.5000  -22.5000   22.500011030.3691   17.0913
   -7.5000  -15.0000   22.500012331.0645   17.0572
    0.0000  -15.0000   22.500012917.5928   17.0397
    7.5000  -15.0000   22.500012262.1514   17.0268
   -7.5000   -7.5000   22.500013660.3799   17.0566
    0.0000   -7.5000   22.500014389.2188   17.0332
    7.5000   -7.5000   22.500013600.2139   17.0192
   -7.5000    0.0000   22.500015140.3340   17.0616
    0.0000    0.0000   22.500016160.2656   17.0396
    7.5000    0.0000   22.500014994.2861   17.0348
   -7.5000    7.5000   22.500015320.5117   17.0306
    0.0000    7.5000   22.500016282.3096   17.0156
    7.5000    7.5000   22.500015086.7676   17.0209
   -7.5000   15.0000   22.500014910.7490   16.9921
    0.0000   15.0000   22.500015584.1406   16.9826
    7.5000   15.0000   22.500014729.5811   16.9895
   -7.5000   22.5000   22.500014498.7842   16.9762
    0.0000   22.5000   22.500015032.2197   16.9653
    7.5000   22.5000   22.500014269.3418   16.9634
   -7.5000   30.0000   22.500013947.7529   16.7943
    0.0000   30.0000   22.500014441.7949   16.7769
    7.5000   30.0000   22.500013623.9189   16.7644
   -7.5000   37.5000   22.500013755.1250   16.8322
    0.0000   37.5000   22.500014232.9053   16.8091
    7.5000   37.5000   22.500013318.7646   16.7954
   -7.5000   45.0000   22.500012952.3066   16.4455
    0.0000   45.0000   22.500013396.3613   16.4243
    7.5000   45.0000   22.500012470.7344   16.4196
   -7.5000  -45.0000   30.0000 7736.8125   18.1685
    0.0000  -45.0000   30.0000 8029.5122   18.1447
    7.5000  -45.0000   30.0000 7610.1514   18.1508
   -7.5000  -37.5000   30.0000 8391.9473   17.6283
    0.0000  -37.5000   30.0000 8784.2812   17.6098
    7.5000  -37.5000   30.0000 8321.7314   17.6220
   -7.5000  -30.0000   30.0000 9380.9736   17.2418
    0.0000  -30.0000   30.0000 9857.4766   17.2249
    7.5000  -30.0000   30.0000 9359.3418   17.2344
   -7.5000  -22.5000   30.000010484.5381   17.1090
    0.0000  -22.5000   30.000011030.3027   17.0902
    7.5000  -22.5000   30.000010501.8271   17.0911
   -7.5000  -15.0000   30.000011620.1738   17.0486
    0.0000  -15.0000   30.000012220.8086   17.0267
    7.5000  -15.0000   30.000011654.6689   17.0206
   -7.5000   -7.5000   30.000012863.7158   17.0395
    0.0000   -7.5000   30.000013567.5967   17.0161
    7.5000   -7.5000   30.000012867.9512   17.0117
   -7.5000    0.0000   30.000014318.4814   17.0492
    0.0000    0.0000   30.000015110.3516   17.0276
    7.5000    0.0000   30.000014091.0508   17.0318
   -7.5000    7.5000   30.000014657.2305   17.0310
    0.0000    7.5000   30.000015241.8877   17.0129
    7.5000    7.5000   30.000014122.7441   17.0240
   -7.5000   15.0000   30.000014573.9619   17.0017
    0.0000   15.0000   30.000014950.9727   16.9848
    7.5000   15.0000   30.000013885.8193   16.9941
   -7.5000   22.5000   30.000014223.8955   16.9814
    0.0000   22.5000   30.000014571.4717   16.9625
    7.5000   22.5000   30.000013544.3701   16.9633
   -7.5000   30.0000   30.000013517.4570   16.7860
    0.0000   30.0000   30.000013906.4844   16.7643
    7.5000   30.0000   30.000012914.8330   16.7583
   -7.5000   37.5000   30.000013165.7559   16.8154
    0.0000   37.5000   30.000013562.0693   16.7922
    7.5000   37.5000   30.000012608.7773   16.7880
   -7.5000   45.0000   30.000012283.5342   16.4335
    0.0000   45.0000   30.000012676.4453   16.4126
    7.5000   45.0000   30.000011805.4023   16.4167
   -7.5000  -45.0000   37.5000 7524.9648   18.1655
    0.0000  -45.0000   37.5000 7853.9316   18.1507
    7.5000  -45.0000   37.5000 7410.6636   18.1756
   -7.5000  -37.5000   37.5000 8193.9746   17.6457
    0.0000  -37.5000   37.5000 8606.7939   17.6335
    7.5000  -37.5000   37.5000 8125.4351   17.6573
   -7.5000  -30.0000   37.5000 9186.4980   17.2754
    0.0000  -30.0000   37.5000 9640.4629   17.2637
    7.5000  -30.0000   37.5000 9141.1885   17.2830
   -7.5000  -22.5000   37.500010292.0557   17.1422
    0.0000  -22.5000   37.500010773.7578   17.1301
    7.5000  -22.5000   37.500010242.6426   17.1458
   -7.5000  -15.0000   37.500011433.3438   17.0654
    0.0000  -15.0000   37.500011962.2666   17.0527
    7.5000  -15.0000   37.500011348.3916   17.0672
   -7.5000   -7.5000   37.500012678.5088   17.0391
    0.0000   -7.5000   37.500013270.9180   17.0254
    7.5000   -7.5000   37.500012508.9082   17.0421
   -7.5000    0.0000   37.500013943.8584   17.0480
    0.0000    0.0000   37.500014542.1123   17.0343
    7.5000    0.0000   37.500013614.5801   17.0550
   -7.5000    7.5000   37.500014092.5781   17.0468
    0.0000    7.5000   37.500014493.9434   17.0347
    7.5000    7.5000   37.500013581.5830   17.0567
   -7.5000   15.0000   37.500013931.6650   17.0345
    0.0000   15.0000   37.500014268.5576   17.0227
    7.5000   15.0000   37.500013405.7148   17.0415
   -7.5000   22.5000   37.500013672.7197   17.0145
    0.0000   22.5000   37.500014043.0635   17.0022
    7.5000   22.5000   37.500013187.9766   17.0174
   -7.5000   30.0000   37.500013025.5166   16.8027
    0.0000   30.0000   37.500013457.7676   16.7901
    7.5000   30.0000   37.500012613.6035   16.8044
   -7.5000   37.5000   37.500012707.5977   16.8150
    0.0000   37.5000   37.500013152.7178   16.8015
    7.5000   37.5000   37.500012330.3652   16.8180
   -7.5000   45.0000   37.500011868.4688   16.4323
    0.0000   45.0000   37.500012308.9932   16.4191
    7.5000   45.0000   37.500011521.0371   16.4391
   -7.5000  -45.0000   45.0000 6930.3335   18.1170
    0.0000  -45.0000   45.0000 7235.9468   18.1103
    7.5000  -45.0000   45.0000 6794.5024   18.1420
   -7.5000  -37.5000   45.0000 7600.1323   17.6091
    0.0000  -37.5000   45.0000 7949.8525   17.6058
    7.5000  -37.5000   45.0000 7472.1001   17.6339
   -7.5000  -30.0000   45.0000 8572.8105   17.2463
    0.0000  -30.0000   45.0000 8941.7266   17.2466
    7.5000  -30.0000   45.0000 8424.9062   17.2723
   -7.5000  -22.5000   45.0000 9627.1357   17.1162
    0.0000  -22.5000   45.000010024.5508   17.1182
    7.5000  -22.5000   45.0000 9451.1631   17.1446
   -7.5000  -15.0000   45.000010632.2588   17.0359
    0.0000  -15.0000   45.000011094.2402   17.0359
    7.5000  -15.0000   45.000010436.8135   17.0628
   -7.5000   -7.5000   45.000011675.1133   17.0007
    0.0000   -7.5000   45.000012184.1455   16.9961
    7.5000   -7.5000   45.000011479.4590   17.0227
   -7.5000    0.0000   45.000012681.3350   17.0050
    0.0000    0.0000   45.000013182.9131   16.9982
    7.5000    0.0000   45.000012442.2422   17.0247
   -7.5000    7.5000   45.000012699.5352   17.0091
    0.0000    7.5000   45.000013104.7402   17.0051
    7.5000    7.5000   45.000012428.3369   17.0311
   -7.5000   15.0000   45.000012504.7686   17.0044
    0.0000   15.0000   45.000012910.0215   17.0044
    7.5000   15.0000   45.000012269.1309   17.0294
   -7.5000   22.5000   45.000012266.7275   16.9882
    0.0000   22.5000   45.000012674.3818   16.9898
    7.5000   22.5000   45.000012040.3262   17.0156
   -7.5000   30.0000   45.000011775.1201   16.7723
    0.0000   30.0000   45.000012187.0732   16.7721
    7.5000   30.0000   45.000011560.2197   16.7986
   -7.5000   37.5000   45.000011584.0879   16.7757
    0.0000   37.5000   45.000012028.7588   16.7711
    7.5000   37.5000   45.000011380.2354   16.7974
   -7.5000   45.0000   45.000010846.3799   16.3983
    0.0000   45.0000   45.000011306.0635   16.3917
    7.5000   45.0000   45.000010674.3359   16.4173

---------------------------------------------------------------------
imgreg_4dfp /opt/freesurfer/average/711-2C_as_mni_average_305 /opt/freesurfer/average/711-2B_as_mni_average_305_mask talsrcimg_g11 none talsrcimg_to_711-2C_as_mni_average_305_t4 4355
---------------------------------------------------------------------

freesurfer imgreg_4dfp.c
/opt/freesurfer/average/711-2C_as_mni_average_305.4dfp.img
       256       256       256         1
  1.000000  1.000000  1.000000
orientation T byte_order littleendian
Reading image: /opt/freesurfer/average/711-2C_as_mni_average_305.4dfp.img
dimensions:      256       256       256
mmppix:       1.0000   -1.0000   -1.0000
center:     128.0000 -129.0000 -129.0000
/opt/freesurfer/average/711-2B_as_mni_average_305_mask.4dfp.img
       256       256       256         1
  1.000000  1.000000  1.000000
orientation T byte_order littleendian
Reading mask: /opt/freesurfer/average/711-2B_as_mni_average_305_mask.4dfp.img (2306576 pixels)
talsrcimg_g11.4dfp.img
       256       256       256         1
  1.000000  1.000000  1.000000
orientation T byte_order littleendian
Reading image: talsrcimg_g11.4dfp.img
dimensions:      256       256       256
mmppix:       1.0000   -1.0000   -1.0000
center:     128.0000 -129.0000 -129.0000
rotation matrix determinant  1.000000
image alignment mode   4355 decimal     1103 hex
   -7.5000  -45.0000  -45.0000 1732.4562   28.7874
    0.0000  -45.0000  -45.0000 1726.3202   28.8588
    7.5000  -45.0000  -45.0000 1714.7830   29.4415
   -7.5000  -37.5000  -45.0000 1838.9338   25.5953
    0.0000  -37.5000  -45.0000 1834.7734   25.7025
    7.5000  -37.5000  -45.0000 1823.3705   26.2211
   -7.5000  -30.0000  -45.0000 1934.1221   23.0134
    0.0000  -30.0000  -45.0000 1929.2554   23.0794
    7.5000  -30.0000  -45.0000 1921.7107   23.5143
   -7.5000  -22.5000  -45.0000 2022.9775   21.0227
    0.0000  -22.5000  -45.0000 2022.9664   21.0749
    7.5000  -22.5000  -45.0000 2011.1117   21.4477
   -7.5000  -15.0000  -45.0000 2088.4092   19.6605
    0.0000  -15.0000  -45.0000 2088.0081   19.6719
    7.5000  -15.0000  -45.0000 2075.2566   20.0046
   -7.5000   -7.5000  -45.0000 2127.0273   18.6218
    0.0000   -7.5000  -45.0000 2128.9783   18.6761
    7.5000   -7.5000  -45.0000 2111.1677   18.9786
   -7.5000    0.0000  -45.0000 2166.0554   17.9689
    0.0000    0.0000  -45.0000 2162.1340   18.0146
    7.5000    0.0000  -45.0000 2139.6895   18.3586
   -7.5000    7.5000  -45.0000 2184.9539   17.8221
    0.0000    7.5000  -45.0000 2182.1372   17.8515
    7.5000    7.5000  -45.0000 2157.6504   18.2309
   -7.5000   15.0000  -45.0000 2177.8186   17.9311
    0.0000   15.0000  -45.0000 2181.5322   17.9647
    7.5000   15.0000  -45.0000 2157.0840   18.2980
   -7.5000   22.5000  -45.0000 2164.5593   18.2047
    0.0000   22.5000  -45.0000 2166.9521   18.1920
    7.5000   22.5000  -45.0000 2146.8672   18.5565
   -7.5000   30.0000  -45.0000 2139.1746   18.7385
    0.0000   30.0000  -45.0000 2141.3423   18.6993
    7.5000   30.0000  -45.0000 2121.7061   19.0234
   -7.5000   37.5000  -45.0000 2104.0649   19.4997
    0.0000   37.5000  -45.0000 2102.1836   19.3779
    7.5000   37.5000  -45.0000 2086.7144   19.7390
   -7.5000   45.0000  -45.0000 2049.1687   20.5084
    0.0000   45.0000  -45.0000 2047.7391   20.3601
    7.5000   45.0000  -45.0000 2032.0009   20.7339
   -7.5000  -45.0000  -37.5000 1809.6820   26.6942
    0.0000  -45.0000  -37.5000 1801.9907   26.7753
    7.5000  -45.0000  -37.5000 1793.5319   27.2323
   -7.5000  -37.5000  -37.5000 1919.9683   23.6489
    0.0000  -37.5000  -37.5000 1912.7758   23.7653
    7.5000  -37.5000  -37.5000 1907.6593   24.2038
   -7.5000  -30.0000  -37.5000 2018.5704   21.2606
    0.0000  -30.0000  -37.5000 2013.0834   21.3497
    7.5000  -30.0000  -37.5000 2006.9048   21.6864
   -7.5000  -22.5000  -37.5000 2114.1799   19.4391
    0.0000  -22.5000  -37.5000 2111.8132   19.4666
    7.5000  -22.5000  -37.5000 2096.3196   19.7964
   -7.5000  -15.0000  -37.5000 2191.5261   18.1882
    0.0000  -15.0000  -37.5000 2191.2974   18.2089
    7.5000  -15.0000  -37.5000 2170.9119   18.4736
   -7.5000   -7.5000  -37.5000 2228.7998   17.1808
    0.0000   -7.5000  -37.5000 2229.3394   17.2291
    7.5000   -7.5000  -37.5000 2208.5667   17.4918
   -7.5000    0.0000  -37.5000 2254.0603   16.5670
    0.0000    0.0000  -37.5000 2258.6484   16.6047
    7.5000    0.0000  -37.5000 2237.2510   16.8865
   -7.5000    7.5000  -37.5000 2272.3931   16.3555
    0.0000    7.5000  -37.5000 2272.6782   16.3969
    7.5000    7.5000  -37.5000 2258.7053   16.6854
   -7.5000   15.0000  -37.5000 2280.8354   16.4396
    0.0000   15.0000  -37.5000 2285.3982   16.4552
    7.5000   15.0000  -37.5000 2261.6089   16.7056
   -7.5000   22.5000  -37.5000 2277.5730   16.6424
    0.0000   22.5000  -37.5000 2275.8289   16.6677
    7.5000   22.5000  -37.5000 2252.9351   16.9046
   -7.5000   30.0000  -37.5000 2252.5234   17.1012
    0.0000   30.0000  -37.5000 2253.9116   17.0396
    7.5000   30.0000  -37.5000 2231.6895   17.2730
   -7.5000   37.5000  -37.5000 2213.1033   17.7245
    0.0000   37.5000  -37.5000 2213.3594   17.6188
    7.5000   37.5000  -37.5000 2196.8108   17.8747
   -7.5000   45.0000  -37.5000 2158.1316   18.6070
    0.0000   45.0000  -37.5000 2160.5083   18.4923
    7.5000   45.0000  -37.5000 2142.8379   18.7740
   -7.5000  -45.0000  -30.0000 1908.7388   25.8567
    0.0000  -45.0000  -30.0000 1909.9395   26.0016
    7.5000  -45.0000  -30.0000 1899.2021   26.2276
   -7.5000  -37.5000  -30.0000 2026.8989   22.8730
    0.0000  -37.5000  -30.0000 2030.6492   23.0162
    7.5000  -37.5000  -30.0000 2019.3623   23.2515
   -7.5000  -30.0000  -30.0000 2138.9934   20.5804
    0.0000  -30.0000  -30.0000 2143.0149   20.6355
    7.5000  -30.0000  -30.0000 2126.4114   20.8198
   -7.5000  -22.5000  -30.0000 2242.4192   18.7627
    0.0000  -22.5000  -30.0000 2245.8296   18.7759
    7.5000  -22.5000  -30.0000 2228.1943   18.9474
   -7.5000  -15.0000  -30.0000 2325.5781   17.4989
    0.0000  -15.0000  -30.0000 2331.2336   17.5174
    7.5000  -15.0000  -30.0000 2313.7051   17.6930
   -7.5000   -7.5000  -30.0000 2370.4954   16.5559
    0.0000   -7.5000  -30.0000 2371.5371   16.5698
    7.5000   -7.5000  -30.0000 2356.3179   16.7651
   -7.5000    0.0000  -30.0000 2397.3650   15.9491
    0.0000    0.0000  -30.0000 2401.5046   15.9782
    7.5000    0.0000  -30.0000 2381.0046   16.1516
   -7.5000    7.5000  -30.0000 2418.0793   15.6035
    0.0000    7.5000  -30.0000 2418.3545   15.6518
    7.5000    7.5000  -30.0000 2399.4758   15.8018
   -7.5000   15.0000  -30.0000 2425.4043   15.5580
    0.0000   15.0000  -30.0000 2426.1653   15.5531
    7.5000   15.0000  -30.0000 2406.0649   15.7443
   -7.5000   22.5000  -30.0000 2423.3462   15.6808
    0.0000   22.5000  -30.0000 2426.2654   15.7071
    7.5000   22.5000  -30.0000 2402.2786   15.8718
   -7.5000   30.0000  -30.0000 2405.7913   16.1313
    0.0000   30.0000  -30.0000 2411.8293   16.0949
    7.5000   30.0000  -30.0000 2386.3140   16.2782
   -7.5000   37.5000  -30.0000 2371.2527   16.7741
    0.0000   37.5000  -30.0000 2379.0879   16.7095
    7.5000   37.5000  -30.0000 2351.0632   16.8905
   -7.5000   45.0000  -30.0000 2310.1533   17.6792
    0.0000   45.0000  -30.0000 2316.4277   17.5784
    7.5000   45.0000  -30.0000 2296.7876   17.7772
   -7.5000  -45.0000  -22.5000 1989.5942   24.8606
    0.0000  -45.0000  -22.5000 1995.0994   25.0092
    7.5000  -45.0000  -22.5000 1979.8976   25.1054
   -7.5000  -37.5000  -22.5000 2126.3508   22.0832
    0.0000  -37.5000  -22.5000 2130.7595   22.1716
    7.5000  -37.5000  -22.5000 2108.0557   22.2407
   -7.5000  -30.0000  -22.5000 2247.6814   19.8611
    0.0000  -30.0000  -22.5000 2251.0884   19.8560
    7.5000  -30.0000  -22.5000 2226.5647   19.9546
   -7.5000  -22.5000  -22.5000 2359.4053   18.0573
    0.0000  -22.5000  -22.5000 2359.0007   18.0338
    7.5000  -22.5000  -22.5000 2335.6167   18.1245
   -7.5000  -15.0000  -22.5000 2439.6218   16.6731
    0.0000  -15.0000  -22.5000 2441.0278   16.6633
    7.5000  -15.0000  -22.5000 2414.9729   16.7369
   -7.5000   -7.5000  -22.5000 2496.6055   15.7398
    0.0000   -7.5000  -22.5000 2493.0854   15.7283
    7.5000   -7.5000  -22.5000 2466.6555   15.8713
   -7.5000    0.0000  -22.5000 2524.0400   15.1440
    0.0000    0.0000  -22.5000 2523.6042   15.1717
    7.5000    0.0000  -22.5000 2492.3564   15.2997
   -7.5000    7.5000  -22.5000 2542.0508   14.7529
    0.0000    7.5000  -22.5000 2542.6899   14.7861
    7.5000    7.5000  -22.5000 2518.5583   14.9238
   -7.5000   15.0000  -22.5000 2554.8259   14.6408
    0.0000   15.0000  -22.5000 2557.1702   14.6651
    7.5000   15.0000  -22.5000 2533.0220   14.8007
   -7.5000   22.5000  -22.5000 2551.1780   14.7450
    0.0000   22.5000  -22.5000 2559.4849   14.7464
    7.5000   22.5000  -22.5000 2532.0029   14.8961
   -7.5000   30.0000  -22.5000 2539.1384   15.1360
    0.0000   30.0000  -22.5000 2547.3665   15.1085
    7.5000   30.0000  -22.5000 2516.0068   15.2740
   -7.5000   37.5000  -22.5000 2503.2935   15.7916
    0.0000   37.5000  -22.5000 2511.9819   15.7351
    7.5000   37.5000  -22.5000 2475.2986   15.8799
   -7.5000   45.0000  -22.5000 2437.5078   16.7088
    0.0000   45.0000  -22.5000 2446.2095   16.6118
    7.5000   45.0000  -22.5000 2414.0723   16.7459
   -7.5000  -45.0000  -15.0000 2043.4403   23.9259
    0.0000  -45.0000  -15.0000 2045.8184   23.9766
    7.5000  -45.0000  -15.0000 2025.9498   24.1519
   -7.5000  -37.5000  -15.0000 2187.4556   21.2696
    0.0000  -37.5000  -15.0000 2190.7131   21.2455
    7.5000  -37.5000  -15.0000 2163.0300   21.3796
   -7.5000  -30.0000  -15.0000 2323.6252   19.1465
    0.0000  -30.0000  -15.0000 2321.4077   19.0907
    7.5000  -30.0000  -15.0000 2289.5579   19.1880
   -7.5000  -22.5000  -15.0000 2442.1194   17.3803
    0.0000  -22.5000  -15.0000 2439.1809   17.3400
    7.5000  -22.5000  -15.0000 2401.8372   17.4132
   -7.5000  -15.0000  -15.0000 2522.6448   15.9099
    0.0000  -15.0000  -15.0000 2517.2810   15.8640
    7.5000  -15.0000  -15.0000 2477.1208   15.9461
   -7.5000   -7.5000  -15.0000 2586.1606   14.8845
    0.0000   -7.5000  -15.0000 2578.0740   14.8795
    7.5000   -7.5000  -15.0000 2538.7698   14.9654
   -7.5000    0.0000  -15.0000 2616.1531   14.2544
    0.0000    0.0000  -15.0000 2609.8926   14.2499
    7.5000    0.0000  -15.0000 2582.1121   14.3728
   -7.5000    7.5000  -15.0000 2645.2200   13.8763
    0.0000    7.5000  -15.0000 2647.8857   13.8914
    7.5000    7.5000  -15.0000 2613.9641   14.0116
   -7.5000   15.0000  -15.0000 2657.4336   13.8090
    0.0000   15.0000  -15.0000 2655.8904   13.7992
    7.5000   15.0000  -15.0000 2627.2417   13.9111
   -7.5000   22.5000  -15.0000 2652.1562   13.9034
    0.0000   22.5000  -15.0000 2660.3708   13.8869
    7.5000   22.5000  -15.0000 2629.8462   14.0170
   -7.5000   30.0000  -15.0000 2637.5845   14.2382
    0.0000   30.0000  -15.0000 2646.8743   14.2260
    7.5000   30.0000  -15.0000 2612.2551   14.3630
   -7.5000   37.5000  -15.0000 2602.5342   14.8498
    0.0000   37.5000  -15.0000 2618.6855   14.8227
    7.5000   37.5000  -15.0000 2578.0212   14.9440
   -7.5000   45.0000  -15.0000 2536.9421   15.7050
    0.0000   45.0000  -15.0000 2552.0989   15.6775
    7.5000   45.0000  -15.0000 2512.1812   15.7986
   -7.5000  -45.0000   -7.5000 2083.7842   23.1964
    0.0000  -45.0000   -7.5000 2084.1072   23.1342
    7.5000  -45.0000   -7.5000 2061.8398   23.3920
   -7.5000  -37.5000   -7.5000 2237.1604   20.5289
    0.0000  -37.5000   -7.5000 2232.1497   20.4703
    7.5000  -37.5000   -7.5000 2206.9023   20.7200
   -7.5000  -30.0000   -7.5000 2376.0796   18.3757
    0.0000  -30.0000   -7.5000 2369.8613   18.3246
    7.5000  -30.0000   -7.5000 2338.8323   18.5385
   -7.5000  -22.5000   -7.5000 2492.0703   16.6270
    0.0000  -22.5000   -7.5000 2486.8064   16.5914
    7.5000  -22.5000   -7.5000 2448.6848   16.7412
   -7.5000  -15.0000   -7.5000 2573.5862   15.2030
    0.0000  -15.0000   -7.5000 2568.9087   15.1728
    7.5000  -15.0000   -7.5000 2530.8105   15.3229
   -7.5000   -7.5000   -7.5000 2638.4583   14.1134
    0.0000   -7.5000   -7.5000 2636.5276   14.1179
    7.5000   -7.5000   -7.5000 2600.8774   14.2352
   -7.5000    0.0000   -7.5000 2682.5449   13.4171
    0.0000    0.0000   -7.5000 2678.4204   13.4125
    7.5000    0.0000   -7.5000 2651.2146   13.5447
   -7.5000    7.5000   -7.5000 2719.8025   13.0165
    0.0000    7.5000   -7.5000 2720.6050   13.0227
    7.5000    7.5000   -7.5000 2687.7141   13.1473
   -7.5000   15.0000   -7.5000 2732.0532   12.9563
    0.0000   15.0000   -7.5000 2734.3240   12.9565
    7.5000   15.0000   -7.5000 2704.1172   13.0661
   -7.5000   22.5000   -7.5000 2736.4924   13.0800
    0.0000   22.5000   -7.5000 2746.5955   13.0631
    7.5000   22.5000   -7.5000 2712.4492   13.1884
   -7.5000   30.0000   -7.5000 2724.3721   13.4027
    0.0000   30.0000   -7.5000 2735.8540   13.3874
    7.5000   30.0000   -7.5000 2700.1965   13.5248
   -7.5000   37.5000   -7.5000 2684.7212   13.9358
    0.0000   37.5000   -7.5000 2700.2588   13.9297
    7.5000   37.5000   -7.5000 2665.0813   14.0881
   -7.5000   45.0000   -7.5000 2617.0627   14.7508
    0.0000   45.0000   -7.5000 2633.4072   14.7374
    7.5000   45.0000   -7.5000 2602.1990   14.9187
   -7.5000  -45.0000    0.0000 2114.0579   22.6551
    0.0000  -45.0000    0.0000 2108.5356   22.5799
    7.5000  -45.0000    0.0000 2085.2239   22.9008
   -7.5000  -37.5000    0.0000 2262.9763   19.9560
    0.0000  -37.5000    0.0000 2252.2686   19.8929
    7.5000  -37.5000    0.0000 2232.3093   20.2276
   -7.5000  -30.0000    0.0000 2398.5901   17.8025
    0.0000  -30.0000    0.0000 2389.2976   17.7886
    7.5000  -30.0000    0.0000 2363.8479   18.0046
   -7.5000  -22.5000    0.0000 2512.3157   16.0299
    0.0000  -22.5000    0.0000 2508.5564   16.0408
    7.5000  -22.5000    0.0000 2476.7056   16.2356
   -7.5000  -15.0000    0.0000 2599.4900   14.5985
    0.0000  -15.0000    0.0000 2597.9207   14.6289
    7.5000  -15.0000    0.0000 2571.9048   14.8338
   -7.5000   -7.5000    0.0000 2675.6624   13.5300
    0.0000   -7.5000    0.0000 2681.1023   13.5469
    7.5000   -7.5000    0.0000 2649.8445   13.7370
   -7.5000    0.0000    0.0000 2722.5215   12.7429
    0.0000    0.0000    0.0000 2732.5630   12.7516
    7.5000    0.0000    0.0000 2704.3274   12.9507
   -7.5000    7.5000    0.0000 2765.3918   12.2914
    0.0000    7.5000    0.0000 2772.9688   12.3035
    7.5000    7.5000    0.0000 2738.3701   12.4881
   -7.5000   15.0000    0.0000 2787.1592   12.1886
    0.0000   15.0000    0.0000 2793.7151   12.2093
    7.5000   15.0000    0.0000 2759.9788   12.4000
   -7.5000   22.5000    0.0000 2797.5767   12.3668
    0.0000   22.5000    0.0000 2808.7927   12.3879
    7.5000   22.5000    0.0000 2777.6301   12.5496
   -7.5000   30.0000    0.0000 2787.8657   12.7150
    0.0000   30.0000    0.0000 2801.7065   12.7243
    7.5000   30.0000    0.0000 2774.2576   12.8904
   -7.5000   37.5000    0.0000 2745.7754   13.2153
    0.0000   37.5000    0.0000 2763.5945   13.2082
    7.5000   37.5000    0.0000 2744.2849   13.4039
   -7.5000   45.0000    0.0000 2676.0715   13.9818
    0.0000   45.0000    0.0000 2690.0164   13.9572
    7.5000   45.0000    0.0000 2676.3875   14.1909
   -7.5000  -45.0000    7.5000 2128.8093   22.3646
    0.0000  -45.0000    7.5000 2125.8767   22.3366
    7.5000  -45.0000    7.5000 2107.8010   22.7597
   -7.5000  -37.5000    7.5000 2266.3774   19.5915
    0.0000  -37.5000    7.5000 2261.7747   19.5905
    7.5000  -37.5000    7.5000 2245.5901   19.9304
   -7.5000  -30.0000    7.5000 2396.0059   17.3579
    0.0000  -30.0000    7.5000 2393.7771   17.4039
    7.5000  -30.0000    7.5000 2371.2776   17.6851
   -7.5000  -22.5000    7.5000 2510.3689   15.6252
    0.0000  -22.5000    7.5000 2514.3972   15.6660
    7.5000  -22.5000    7.5000 2489.8357   15.9245
   -7.5000  -15.0000    7.5000 2612.3960   14.2680
    0.0000  -15.0000    7.5000 2617.8215   14.2884
    7.5000  -15.0000    7.5000 2596.6506   14.5261
   -7.5000   -7.5000    7.5000 2698.8140   13.2207
    0.0000   -7.5000    7.5000 2710.9736   13.2260
    7.5000   -7.5000    7.5000 2687.8542   13.4467
   -7.5000    0.0000    7.5000 2760.2432   12.3959
    0.0000    0.0000    7.5000 2778.3081   12.4062
    7.5000    0.0000    7.5000 2750.3611   12.6281
   -7.5000    7.5000    7.5000 2805.2065   11.8183
    0.0000    7.5000    7.5000 2818.6323   11.8259
    7.5000    7.5000    7.5000 2792.9976   12.1012
   -7.5000   15.0000    7.5000 2823.8225   11.5900
    0.0000   15.0000    7.5000 2839.6401   11.6322
    7.5000   15.0000    7.5000 2822.8015   11.9369
   -7.5000   22.5000    7.5000 2840.1228   11.7886
    0.0000   22.5000    7.5000 2855.7390   11.8193
    7.5000   22.5000    7.5000 2843.6794   12.0751
   -7.5000   30.0000    7.5000 2824.8975   12.1589
    0.0000   30.0000    7.5000 2846.9417   12.1946
    7.5000   30.0000    7.5000 2841.2419   12.4342
   -7.5000   37.5000    7.5000 2783.7295   12.7025
    0.0000   37.5000    7.5000 2805.5598   12.6846
    7.5000   37.5000    7.5000 2806.4312   12.9695
   -7.5000   45.0000    7.5000 2715.4441   13.5025
    0.0000   45.0000    7.5000 2734.6265   13.4588
    7.5000   45.0000    7.5000 2731.0898   13.7406
   -7.5000  -45.0000   15.0000 2125.8362   22.3732
    0.0000  -45.0000   15.0000 2123.6438   22.3795
    7.5000  -45.0000   15.0000 2117.0576   22.8882
   -7.5000  -37.5000   15.0000 2260.4050   19.5450
    0.0000  -37.5000   15.0000 2256.9211   19.5745
    7.5000  -37.5000   15.0000 2247.7439   19.9966
   -7.5000  -30.0000   15.0000 2385.9927   17.2432
    0.0000  -30.0000   15.0000 2384.7427   17.3030
    7.5000  -30.0000   15.0000 2366.5601   17.6803
   -7.5000  -22.5000   15.0000 2500.1848   15.5187
    0.0000  -22.5000   15.0000 2505.6675   15.5446
    7.5000  -22.5000   15.0000 2483.0227   15.8562
   -7.5000  -15.0000   15.0000 2608.2783   14.1569
    0.0000  -15.0000   15.0000 2615.5776   14.1529
    7.5000  -15.0000   15.0000 2597.7449   14.4232
   -7.5000   -7.5000   15.0000 2699.0796   13.1040
    0.0000   -7.5000   15.0000 2716.7446   13.1021
    7.5000   -7.5000   15.0000 2698.9336   13.3311
   -7.5000    0.0000   15.0000 2776.3757   12.3233
    0.0000    0.0000   15.0000 2801.4832   12.3279
    7.5000    0.0000   15.0000 2776.3799   12.5345
   -7.5000    7.5000   15.0000 2822.9929   11.7111
    0.0000    7.5000   15.0000 2855.1648   11.7260
    7.5000    7.5000   15.0000 2830.5186   11.9746
   -7.5000   15.0000   15.0000 2844.0938   11.2715
    0.0000   15.0000   15.0000 2872.3340   11.3393
    7.5000   15.0000   15.0000 2861.4219   11.7002
   -7.5000   22.5000   15.0000 2852.9297   11.3958
    0.0000   22.5000   15.0000 2883.0144   11.4448
    7.5000   22.5000   15.0000 2880.0786   11.8411
   -7.5000   30.0000   15.0000 2841.1514   11.8586
    0.0000   30.0000   15.0000 2872.5376   11.8486
    7.5000   30.0000   15.0000 2870.6567   12.1963
   -7.5000   37.5000   15.0000 2811.3003   12.5004
    0.0000   37.5000   15.0000 2838.4453   12.4473
    7.5000   37.5000   15.0000 2829.0784   12.7224
   -7.5000   45.0000   15.0000 2746.4526   13.3215
    0.0000   45.0000   15.0000 2765.9595   13.2608
    7.5000   45.0000   15.0000 2752.7952   13.4780
   -7.5000  -45.0000   22.5000 2105.2083   22.5378
    0.0000  -45.0000   22.5000 2106.5452   22.5489
    7.5000  -45.0000   22.5000 2107.3691   23.1493
   -7.5000  -37.5000   22.5000 2234.4087   19.6292
    0.0000  -37.5000   22.5000 2234.7224   19.6897
    7.5000  -37.5000   22.5000 2233.2058   20.1628
   -7.5000  -30.0000   22.5000 2352.7788   17.3252
    0.0000  -30.0000   22.5000 2358.0327   17.3707
    7.5000  -30.0000   22.5000 2351.6587   17.8014
   -7.5000  -22.5000   22.5000 2476.4436   15.5805
    0.0000  -22.5000   22.5000 2482.1235   15.6021
    7.5000  -22.5000   22.5000 2470.0071   15.9934
   -7.5000  -15.0000   22.5000 2587.0940   14.2094
    0.0000  -15.0000   22.5000 2595.9438   14.1894
    7.5000  -15.0000   22.5000 2584.1755   14.5513
   -7.5000   -7.5000   22.5000 2682.1101   13.1438
    0.0000   -7.5000   22.5000 2702.7402   13.1052
    7.5000   -7.5000   22.5000 2695.0161   13.4445
   -7.5000    0.0000   22.5000 2772.9277   12.4201
    0.0000    0.0000   22.5000 2797.7546   12.3914
    7.5000    0.0000   22.5000 2792.0134   12.6847
   -7.5000    7.5000   22.5000 2847.4897   11.9628
    0.0000    7.5000   22.5000 2882.5103   11.9532
    7.5000    7.5000   22.5000 2863.0288   12.1918
   -7.5000   15.0000   22.5000 2875.0583   11.4504
    0.0000   15.0000   22.5000 2910.5110   11.4282
    7.5000   15.0000   22.5000 2886.6636   11.7446
   -7.5000   22.5000   22.5000 2885.7312   11.4955
    0.0000   22.5000   22.5000 2901.5430   11.3159
    7.5000   22.5000   22.5000 2890.6917   11.7315
   -7.5000   30.0000   22.5000 2870.0818   11.9276
    0.0000   30.0000   22.5000 2880.7178   11.7396
    7.5000   30.0000   22.5000 2872.7649   12.0612
   -7.5000   37.5000   22.5000 2835.5610   12.5593
    0.0000   37.5000   22.5000 2839.2495   12.4023
    7.5000   37.5000   22.5000 2833.7834   12.6234
   -7.5000   45.0000   22.5000 2767.8435   13.3879
    0.0000   45.0000   22.5000 2769.2375   13.2257
    7.5000   45.0000   22.5000 2760.5112   13.4065
   -7.5000  -45.0000   30.0000 2072.5166   22.9969
    0.0000  -45.0000   30.0000 2073.2317   23.0860
    7.5000  -45.0000   30.0000 2075.0818   23.7245
   -7.5000  -37.5000   30.0000 2200.7468   19.9601
    0.0000  -37.5000   30.0000 2207.6323   20.0734
    7.5000  -37.5000   30.0000 2207.4238   20.6580
   -7.5000  -30.0000   30.0000 2312.6414   17.5619
    0.0000  -30.0000   30.0000 2323.7061   17.6166
    7.5000  -30.0000   30.0000 2323.8586   18.2082
   -7.5000  -22.5000   30.0000 2431.3965   15.7391
    0.0000  -22.5000   30.0000 2443.1841   15.7519
    7.5000  -22.5000   30.0000 2447.1003   16.3140
   -7.5000  -15.0000   30.0000 2540.9866   14.4213
    0.0000  -15.0000   30.0000 2557.3467   14.3679
    7.5000  -15.0000   30.0000 2564.5251   14.8431
   -7.5000   -7.5000   30.0000 2643.0039   13.4217
    0.0000   -7.5000   30.0000 2664.7395   13.3290
    7.5000   -7.5000   30.0000 2674.1213   13.7109
   -7.5000    0.0000   30.0000 2756.1626   12.8232
    0.0000    0.0000   30.0000 2771.7034   12.6863
    7.5000    0.0000   30.0000 2776.1138   12.9755
   -7.5000    7.5000   30.0000 2850.4990   12.4254
    0.0000    7.5000   30.0000 2864.3896   12.2662
    7.5000    7.5000   30.0000 2844.4282   12.4327
   -7.5000   15.0000   30.0000 2916.5886   12.0746
    0.0000   15.0000   30.0000 2903.6201   11.7608
    7.5000   15.0000   30.0000 2871.9854   11.9995
   -7.5000   22.5000   30.0000 2921.9680   12.0261
    0.0000   22.5000   30.0000 2914.1211   11.7509
    7.5000   22.5000   30.0000 2887.2339   11.9724
   -7.5000   30.0000   30.0000 2882.4221   12.2359
    0.0000   30.0000   30.0000 2888.6367   12.0435
    7.5000   30.0000   30.0000 2867.5999   12.2251
   -7.5000   37.5000   30.0000 2829.2222   12.7870
    0.0000   37.5000   30.0000 2826.0449   12.6108
    7.5000   37.5000   30.0000 2815.2354   12.7905
   -7.5000   45.0000   30.0000 2756.5896   13.5865
    0.0000   45.0000   30.0000 2750.6587   13.4165
    7.5000   45.0000   30.0000 2746.2786   13.5559
   -7.5000  -45.0000   37.5000 2022.2335   23.8556
    0.0000  -45.0000   37.5000 2033.4618   24.0598
    7.5000  -45.0000   37.5000 2035.8682   24.6572
   -7.5000  -37.5000   37.5000 2155.6953   20.5777
    0.0000  -37.5000   37.5000 2174.0093   20.6934
    7.5000  -37.5000   37.5000 2175.1135   21.3279
   -7.5000  -30.0000   37.5000 2270.2412   18.1567
    0.0000  -30.0000   37.5000 2286.2490   18.1623
    7.5000  -30.0000   37.5000 2295.9634   18.7635
   -7.5000  -22.5000   37.5000 2393.0481   16.4085
    0.0000  -22.5000   37.5000 2404.9089   16.3205
    7.5000  -22.5000   37.5000 2415.4060   16.8284
   -7.5000  -15.0000   37.5000 2509.0059   15.1218
    0.0000  -15.0000   37.5000 2523.1687   14.9769
    7.5000  -15.0000   37.5000 2525.4883   15.3836
   -7.5000   -7.5000   37.5000 2626.2446   14.1296
    0.0000   -7.5000   37.5000 2637.5229   13.9661
    7.5000   -7.5000   37.5000 2637.3369   14.2787
   -7.5000    0.0000   37.5000 2734.2761   13.4321
    0.0000    0.0000   37.5000 2739.4402   13.2418
    7.5000    0.0000   37.5000 2734.5669   13.4498
   -7.5000    7.5000   37.5000 2822.9585   12.8932
    0.0000    7.5000   37.5000 2814.3069   12.5876
    7.5000    7.5000   37.5000 2802.8953   12.8151
   -7.5000   15.0000   37.5000 2882.1567   12.5323
    0.0000   15.0000   37.5000 2872.5229   12.2039
    7.5000   15.0000   37.5000 2849.4976   12.4345
   -7.5000   22.5000   37.5000 2899.5500   12.5291
    0.0000   22.5000   37.5000 2900.8606   12.2687
    7.5000   22.5000   37.5000 2871.9072   12.4435
   -7.5000   30.0000   37.5000 2861.8564   12.7672
    0.0000   30.0000   37.5000 2879.6155   12.5685
    7.5000   30.0000   37.5000 2848.7556   12.7240
   -7.5000   37.5000   37.5000 2801.3220   13.2552
    0.0000   37.5000   37.5000 2814.2273   13.1506
    7.5000   37.5000   37.5000 2788.7505   13.2685
   -7.5000   45.0000   37.5000 2727.6414   13.9910
    0.0000   45.0000   37.5000 2731.2622   13.9166
    7.5000   45.0000   37.5000 2706.9119   13.9994
   -7.5000  -45.0000   45.0000 1961.7335   25.1960
    0.0000  -45.0000   45.0000 1977.5652   25.2628
    7.5000  -45.0000   45.0000 1988.2169   25.7643
   -7.5000  -37.5000   45.0000 2110.6179   21.8357
    0.0000  -37.5000   45.0000 2126.6438   21.8320
    7.5000  -37.5000   45.0000 2128.5037   22.3040
   -7.5000  -30.0000   45.0000 2236.9634   19.3244
    0.0000  -30.0000   45.0000 2246.7805   19.2731
    7.5000  -30.0000   45.0000 2244.4084   19.6764
   -7.5000  -22.5000   45.0000 2370.6853   17.5022
    0.0000  -22.5000   45.0000 2373.6106   17.3475
    7.5000  -22.5000   45.0000 2364.4717   17.6790
   -7.5000  -15.0000   45.0000 2480.2722   16.0731
    0.0000  -15.0000   45.0000 2488.0686   15.8760
    7.5000  -15.0000   45.0000 2475.7388   16.1628
   -7.5000   -7.5000   45.0000 2590.7466   14.9466
    0.0000   -7.5000   45.0000 2599.8308   14.7224
    7.5000   -7.5000   45.0000 2589.5842   14.9519
   -7.5000    0.0000   45.0000 2683.1416   14.0576
    0.0000    0.0000   45.0000 2687.7351   13.7960
    7.5000    0.0000   45.0000 2682.1331   14.0216
   -7.5000    7.5000   45.0000 2764.8274   13.4186
    0.0000    7.5000   45.0000 2766.4585   13.1139
    7.5000    7.5000   45.0000 2756.9985   13.3676
   -7.5000   15.0000   45.0000 2814.7539   13.0433
    0.0000   15.0000   45.0000 2817.1672   12.8190
    7.5000   15.0000   45.0000 2808.2537   13.0252
   -7.5000   22.5000   45.0000 2835.5786   13.0579
    0.0000   22.5000   45.0000 2837.3054   12.8460
    7.5000   22.5000   45.0000 2824.5059   13.0499
   -7.5000   30.0000   45.0000 2812.9724   13.3442
    0.0000   30.0000   45.0000 2817.2644   13.1430
    7.5000   30.0000   45.0000 2798.8164   13.3275
   -7.5000   37.5000   45.0000 2759.1501   13.8563
    0.0000   37.5000   45.0000 2773.8494   13.7192
    7.5000   37.5000   45.0000 2748.7002   13.8758
   -7.5000   45.0000   45.0000 2683.4053   14.6196
    0.0000   45.0000   45.0000 2700.2527   14.5210
    7.5000   45.0000   45.0000 2672.4404   14.6090

---------------------------------------------------------------------
imgreg_4dfp /opt/freesurfer/average/711-2C_as_mni_average_305 /opt/freesurfer/average/711-2B_as_mni_average_305_mask talsrcimg_g11 none talsrcimg_to_711-2C_as_mni_average_305_t4 1283
---------------------------------------------------------------------

freesurfer imgreg_4dfp.c
/opt/freesurfer/average/711-2C_as_mni_average_305.4dfp.img
       256       256       256         1
  1.000000  1.000000  1.000000
orientation T byte_order littleendian
Reading image: /opt/freesurfer/average/711-2C_as_mni_average_305.4dfp.img
dimensions:      256       256       256
mmppix:       1.0000   -1.0000   -1.0000
center:     128.0000 -129.0000 -129.0000
/opt/freesurfer/average/711-2B_as_mni_average_305_mask.4dfp.img
       256       256       256         1
  1.000000  1.000000  1.000000
orientation T byte_order littleendian
Reading mask: /opt/freesurfer/average/711-2B_as_mni_average_305_mask.4dfp.img (2306576 pixels)
talsrcimg_g11.4dfp.img
       256       256       256         1
  1.000000  1.000000  1.000000
orientation T byte_order littleendian
Reading image: talsrcimg_g11.4dfp.img
dimensions:      256       256       256
mmppix:       1.0000   -1.0000   -1.0000
center:     128.0000 -129.0000 -129.0000
rotation matrix determinant  1.000000
fimgreg.f
image alignment mode   1283 decimal      503 hex
parameters
   -7.5000   22.5000   30.0000    0.0000    0.0000    0.0000
eta,q 0.91507 12.01083
niter,ni,del,rscale     5    3   12.0000    1.2000
parameter  1 -0.653487 -> -0.500000 qaram    1.1500
parameter  2-79.952942 ->  0.500000 qaram    1.1500
parameter  4 -3.863690 ->  0.500000 qaram    1.1500
parameter  5  1.049145 ->  0.500000 qaram    1.1500
parameters
   -4.0500   19.0500   30.5524   -3.4500   -3.4500   -2.7520
eta,q 0.92118 11.83748
  0.1024  0.0842  0.0920  0.0814  0.0806  0.0804
  0.0981  0.0870  0.0894  0.0833  0.0799  0.0791
  0.0945  0.0878  0.0881  0.0855  0.0809  0.0789
  0.0893  0.0872  0.0880  0.0876  0.0838  0.0800
  0.0857  0.0872  0.0881  0.0885  0.0865  0.0819
  0.0873  0.0871  0.0886  0.0898  0.0902  0.0847
  0.0883  0.0905  0.0906  0.0918  0.0931  0.0885
niter,ni,del,rscale     7    3   12.0000    1.2000
parameter  4  1.352116 ->  0.500000 qaram    1.3225
parameters
   -2.2731   20.5563   31.0257   -7.4175   -4.5015   -2.9861
eta,q 0.92387 11.85229
  0.0973  0.0895  0.0866  0.0764  0.0811  0.0806
  0.0890  0.0834  0.0839  0.0760  0.0785  0.0783
  0.0812  0.0806  0.0820  0.0780  0.0765  0.0767
  0.0788  0.0804  0.0802  0.0802  0.0764  0.0761
  0.0813  0.0798  0.0812  0.0828  0.0785  0.0766
  0.0839  0.0803  0.0826  0.0853  0.0809  0.0786
  0.0834  0.0831  0.0852  0.0887  0.0848  0.0817
niter,ni,del,rscale     7    3   12.0000    1.2000
parameters
   -0.9996   22.1838   29.9469   -8.7048   -3.6518   -3.4969
eta,q 0.92234 11.75854
  0.0895  0.0925  0.0815  0.0839  0.0826  0.0815
  0.0808  0.0855  0.0801  0.0774  0.0799  0.0790
  0.0757  0.0805  0.0790  0.0762  0.0774  0.0777
  0.0761  0.0776  0.0783  0.0783  0.0772  0.0777
  0.0788  0.0789  0.0800  0.0797  0.0780  0.0784
  0.0797  0.0806  0.0820  0.0829  0.0776  0.0802
  0.0797  0.0826  0.0848  0.0870  0.0806  0.0829
niter,ni,del,rscale     6    3   12.0000    1.2000
parameters
   -0.9739   22.3615   29.6663   -9.1143   -3.4223   -3.5072
eta,q 0.92226 11.73519
  0.0835  0.0894  0.0824  0.0856  0.0821  0.0823
  0.0760  0.0818  0.0800  0.0793  0.0791  0.0797
  0.0745  0.0774  0.0800  0.0762  0.0771  0.0781
  0.0777  0.0777  0.0779  0.0780  0.0777  0.0777
  0.0787  0.0804  0.0787  0.0799  0.0775  0.0783
  0.0786  0.0827  0.0809  0.0816  0.0776  0.0798
  0.0802  0.0862  0.0836  0.0854  0.0819  0.0822
niter,ni,del,rscale     5    3   12.0000    1.2000
parameters
   -1.0688   22.4485   29.6659   -9.2407   -3.4154   -3.4545
eta,q 0.92235 11.73616
  0.0834  0.0896  0.0830  0.0860  0.0818  0.0824
  0.0761  0.0816  0.0801  0.0799  0.0787  0.0796
  0.0748  0.0771  0.0802  0.0761  0.0769  0.0780
  0.0777  0.0776  0.0778  0.0778  0.0776  0.0777
  0.0785  0.0805  0.0782  0.0798  0.0774  0.0782
  0.0789  0.0833  0.0806  0.0811  0.0778  0.0796
  0.0807  0.0866  0.0833  0.0848  0.0823  0.0820
niter,ni,del,rscale     4    3   12.0000    1.2000
parameters
   -1.0650   22.5184   29.6682   -9.2899   -3.4107   -3.4588
eta,q 0.92230 11.73707
  0.0837  0.0896  0.0831  0.0861  0.0819  0.0823
  0.0763  0.0816  0.0802  0.0801  0.0788  0.0796
  0.0747  0.0771  0.0802  0.0761  0.0770  0.0780
  0.0776  0.0777  0.0778  0.0777  0.0777  0.0777
  0.0785  0.0806  0.0782  0.0798  0.0774  0.0782
  0.0789  0.0834  0.0807  0.0810  0.0778  0.0797
  0.0806  0.0866  0.0834  0.0846  0.0823  0.0821
niter,ni,del,rscale     3    3   12.0000    1.2000
parameters
   -1.0845   22.5524   29.6981   -9.3060   -3.4290   -3.4563
eta,q 0.92233 11.74009
  0.0836  0.0895  0.0831  0.0861  0.0818  0.0823
  0.0763  0.0815  0.0803  0.0802  0.0787  0.0796
  0.0747  0.0770  0.0802  0.0761  0.0769  0.0779
  0.0777  0.0777  0.0777  0.0777  0.0777  0.0777
  0.0785  0.0806  0.0782  0.0798  0.0775  0.0782
  0.0789  0.0835  0.0807  0.0809  0.0779  0.0797
  0.0807  0.0867  0.0834  0.0845  0.0823  0.0821
registration optimization eta report
parameter search radius
    6.9000    6.9000    6.0000    7.9350    6.9000    6.0000
100000*second partial in parameter space
       12.       22.       14.       13.       11.       13.
  0.0836  0.0895  0.0831  0.0861  0.0818  0.0823
  0.0763  0.0815  0.0803  0.0802  0.0787  0.0796
  0.0747  0.0770  0.0802  0.0761  0.0769  0.0779
  0.0777  0.0777  0.0777  0.0777  0.0777  0.0777
  0.0785  0.0806  0.0782  0.0798  0.0775  0.0782
  0.0789  0.0835  0.0807  0.0809  0.0779  0.0797
  0.0807  0.0867  0.0834  0.0845  0.0823  0.0821
   -1.0845   22.5524   29.6981   -9.3060   -3.4290   -3.4563
eta,q 0.92233 11.74009

---------------------------------------------------------------------
imgreg_4dfp /opt/freesurfer/average/711-2C_as_mni_average_305 /opt/freesurfer/average/711-2B_as_mni_average_305_mask talsrcimg_g11 none talsrcimg_to_711-2C_as_mni_average_305_t4 3335
---------------------------------------------------------------------

freesurfer imgreg_4dfp.c
/opt/freesurfer/average/711-2C_as_mni_average_305.4dfp.img
       256       256       256         1
  1.000000  1.000000  1.000000
orientation T byte_order littleendian
Reading image: /opt/freesurfer/average/711-2C_as_mni_average_305.4dfp.img
dimensions:      256       256       256
mmppix:       1.0000   -1.0000   -1.0000
center:     128.0000 -129.0000 -129.0000
/opt/freesurfer/average/711-2B_as_mni_average_305_mask.4dfp.img
       256       256       256         1
  1.000000  1.000000  1.000000
orientation T byte_order littleendian
Reading mask: /opt/freesurfer/average/711-2B_as_mni_average_305_mask.4dfp.img (2306576 pixels)
talsrcimg_g11.4dfp.img
       256       256       256         1
  1.000000  1.000000  1.000000
orientation T byte_order littleendian
Reading image: talsrcimg_g11.4dfp.img
dimensions:      256       256       256
mmppix:       1.0000   -1.0000   -1.0000
center:     128.0000 -129.0000 -129.0000
fimgreg.f
image alignment mode   3335 decimal      D07 hex
parameters
   -1.0845   22.5524   29.6981   -0.3606   -1.4373   -1.4928
    4.9839    6.8666   -6.0179   15.7854   -5.9812  -16.1417
eta,q 0.92324 11.83030
niter,ni,del,rscale     5    3    5.0000    1.2000
parameter  3  1.654125 ->  0.500000 qaram    1.1500
parameter  4 -3.521906 ->  0.500000 qaram    1.1500
parameter  5 -6.418002 ->  0.500000 qaram    1.1500
parameter  6  0.881727 ->  0.500000 qaram    1.1500
parameter  7  0.571721 ->  0.500000 qaram    1.1500
parameter 11 -0.601022 -> -0.500000 qaram    1.1500
parameter 12 -1.008236 -> -0.500000 qaram    1.1500
parameters
   -0.8906   23.1117   28.3181   -4.5006   -5.5773   -5.6328
    0.8439    8.6284   -7.0008   16.7042   -1.8412  -12.0017
eta,q 0.94687 11.85076
  0.0774  0.0783  0.0756  0.0568  0.0555  0.0542  0.0562  0.0631  0.0560  0.0574  0.0580  0.0589
  0.0772  0.0777  0.0757  0.0621  0.0588  0.0561  0.0556  0.0600  0.0554  0.0564  0.0567  0.0571
  0.0770  0.0772  0.0761  0.0689  0.0616  0.0573  0.0557  0.0573  0.0551  0.0556  0.0556  0.0556
  0.0768  0.0767  0.0766  0.0758  0.0639  0.0597  0.0564  0.0555  0.0550  0.0550  0.0549  0.0544
  0.0767  0.0766  0.0770  0.0816  0.0667  0.0628  0.0577  0.0551  0.0553  0.0549  0.0545  0.0535
  0.0769  0.0768  0.0775  0.0860  0.0692  0.0681  0.0594  0.0561  0.0559  0.0554  0.0544  0.0530
  0.0774  0.0774  0.0784  0.0897  0.0714  0.0765  0.0614  0.0585  0.0566  0.0567  0.0546  0.0528
niter,ni,del,rscale     7    3    5.0000    1.2000
parameter  2  1.443584 ->  0.500000 qaram    1.1500
parameter  3  2.573822 ->  0.500000 qaram    1.3225
parameter  4  1.277144 ->  0.500000 qaram    1.3225
parameter  5  3.194857 ->  0.500000 qaram    1.3225
parameter  6  0.902151 ->  0.500000 qaram    1.3225
parameter 10  1.611463 ->  0.500000 qaram    1.1500
parameter 12  0.849075 ->  0.500000 qaram    1.3225
parameters
   -0.9168   21.7317   26.7311   -9.2616  -10.3383  -10.3938
    4.6476    6.9211   -5.8901   12.5642   -4.1057  -16.7627
eta,q 0.97345 11.91914
  0.0567  0.0510  0.0465  0.0393  0.0345  0.0319  0.0394  0.0345  0.0349  0.0273  0.0294  0.0267
  0.0548  0.0513  0.0480  0.0404  0.0359  0.0325  0.0367  0.0325  0.0333  0.0280  0.0285  0.0265
  0.0536  0.0520  0.0497  0.0431  0.0382  0.0340  0.0345  0.0317  0.0322  0.0295  0.0281  0.0270
  0.0531  0.0531  0.0515  0.0484  0.0409  0.0364  0.0328  0.0319  0.0316  0.0316  0.0283  0.0281
  0.0536  0.0545  0.0534  0.0564  0.0443  0.0379  0.0320  0.0333  0.0317  0.0341  0.0291  0.0298
  0.0549  0.0560  0.0559  0.0650  0.0476  0.0418  0.0321  0.0356  0.0322  0.0369  0.0302  0.0319
  0.0569  0.0576  0.0588  0.0717  0.0502  0.0484  0.0333  0.0392  0.0334  0.0399  0.0317  0.0341
niter,ni,del,rscale     7    3    5.0000    1.2000
parameter  2  0.696546 ->  0.500000 qaram    1.3225
parameter  3  1.054392 ->  0.500000 qaram    1.5209
parameters
   -0.9188   20.1447   24.9060  -12.6805  -12.4679   -9.5071
    4.5891    8.0680   -5.4539   12.5909   -5.5955  -17.4084
eta,q 0.97961 11.89006
  0.0309  0.0249  0.0201  0.0235  0.0258  0.0268  0.0246  0.0262  0.0231  0.0250  0.0215  0.0230
  0.0286  0.0243  0.0207  0.0219  0.0232  0.0246  0.0225  0.0234  0.0218  0.0227  0.0207  0.0214
  0.0271  0.0248  0.0221  0.0207  0.0214  0.0227  0.0211  0.0216  0.0209  0.0212  0.0204  0.0206
  0.0265  0.0265  0.0243  0.0210  0.0208  0.0210  0.0206  0.0206  0.0205  0.0205  0.0205  0.0204
  0.0270  0.0294  0.0273  0.0241  0.0230  0.0202  0.0211  0.0206  0.0207  0.0208  0.0209  0.0209
  0.0285  0.0332  0.0313  0.0315  0.0285  0.0214  0.0225  0.0216  0.0214  0.0223  0.0215  0.0220
  0.0311  0.0376  0.0361  0.0416  0.0342  0.0264  0.0248  0.0235  0.0225  0.0253  0.0224  0.0238
niter,ni,del,rscale     7    3    5.0000    1.2000
parameters
   -0.7012   19.9815   23.4823  -13.3971  -12.6060   -9.8655
    4.4671    8.4160   -5.2892   13.6664   -5.4301  -18.4209
eta,q 0.97991 11.86884
  0.0248  0.0250  0.0213  0.0252  0.0274  0.0256  0.0241  0.0247  0.0226  0.0255  0.0215  0.0226
  0.0226  0.0224  0.0202  0.0231  0.0244  0.0234  0.0221  0.0223  0.0214  0.0229  0.0207  0.0209
  0.0211  0.0208  0.0198  0.0213  0.0218  0.0216  0.0207  0.0208  0.0206  0.0211  0.0203  0.0201
  0.0204  0.0204  0.0203  0.0198  0.0201  0.0201  0.0203  0.0203  0.0203  0.0203  0.0202  0.0202
  0.0206  0.0211  0.0220  0.0195  0.0200  0.0192  0.0208  0.0206  0.0205  0.0203  0.0203  0.0208
  0.0216  0.0230  0.0245  0.0225  0.0234  0.0209  0.0222  0.0218  0.0212  0.0213  0.0207  0.0220
  0.0235  0.0261  0.0282  0.0299  0.0294  0.0299  0.0244  0.0238  0.0224  0.0235  0.0214  0.0236
niter,ni,del,rscale     6    3    5.0000    1.2000
parameters
   -0.7479   20.0807   23.2242  -13.2831  -12.6966   -9.9500
    4.4556    8.4330   -5.2752   14.1525   -5.2561  -18.7122
eta,q 0.97992 11.87435
  0.0234  0.0252  0.0233  0.0258  0.0275  0.0259  0.0241  0.0242  0.0223  0.0248  0.0214  0.0232
  0.0216  0.0225  0.0215  0.0236  0.0245  0.0236  0.0220  0.0218  0.0211  0.0223  0.0207  0.0211
  0.0205  0.0208  0.0205  0.0217  0.0218  0.0216  0.0206  0.0205  0.0204  0.0208  0.0203  0.0202
  0.0201  0.0201  0.0201  0.0201  0.0200  0.0201  0.0201  0.0201  0.0201  0.0201  0.0201  0.0201
  0.0205  0.0205  0.0206  0.0193  0.0200  0.0190  0.0206  0.0206  0.0204  0.0204  0.0202  0.0206
  0.0217  0.0220  0.0221  0.0212  0.0232  0.0204  0.0219  0.0219  0.0211  0.0215  0.0206  0.0218
  0.0238  0.0247  0.0245  0.0277  0.0294  0.0293  0.0241  0.0241  0.0223  0.0239  0.0213  0.0232
niter,ni,del,rscale     5    3    5.0000    1.2000
parameters
   -0.7767   20.1389   23.1313  -13.2560  -12.7629   -9.9982
    4.4702    8.4162   -5.2869   14.3330   -5.1894  -18.8389
eta,q 0.97990 11.87380
  0.0235  0.0250  0.0235  0.0257  0.0275  0.0260  0.0241  0.0241  0.0222  0.0245  0.0213  0.0234
  0.0216  0.0224  0.0217  0.0236  0.0246  0.0236  0.0220  0.0218  0.0211  0.0221  0.0207  0.0212
  0.0205  0.0207  0.0205  0.0217  0.0218  0.0217  0.0206  0.0205  0.0204  0.0206  0.0203  0.0202
  0.0201  0.0201  0.0201  0.0201  0.0201  0.0201  0.0201  0.0201  0.0201  0.0201  0.0201  0.0201
  0.0205  0.0205  0.0204  0.0193  0.0200  0.0189  0.0206  0.0206  0.0204  0.0204  0.0202  0.0206
  0.0217  0.0221  0.0218  0.0213  0.0232  0.0203  0.0219  0.0218  0.0211  0.0217  0.0206  0.0217
  0.0237  0.0248  0.0241  0.0279  0.0294  0.0293  0.0241  0.0241  0.0223  0.0242  0.0213  0.0232
niter,ni,del,rscale     4    3    5.0000    1.2000
parameters
   -0.7873   20.1687   23.0998  -13.2444  -12.8001  -10.0156
    4.4744    8.4121   -5.2861   14.4156   -5.1632  -18.9001
eta,q 0.97988 11.87356
  0.0235  0.0249  0.0236  0.0257  0.0275  0.0260  0.0241  0.0241  0.0222  0.0244  0.0213  0.0234
  0.0217  0.0223  0.0218  0.0236  0.0246  0.0237  0.0220  0.0218  0.0211  0.0220  0.0207  0.0213
  0.0205  0.0207  0.0206  0.0217  0.0219  0.0217  0.0206  0.0205  0.0204  0.0206  0.0203  0.0203
  0.0201  0.0201  0.0201  0.0201  0.0201  0.0201  0.0201  0.0201  0.0201  0.0201  0.0201  0.0201
  0.0205  0.0206  0.0204  0.0193  0.0200  0.0189  0.0206  0.0206  0.0204  0.0205  0.0202  0.0206
  0.0216  0.0221  0.0217  0.0214  0.0231  0.0203  0.0219  0.0218  0.0211  0.0218  0.0206  0.0217
  0.0236  0.0248  0.0240  0.0280  0.0294  0.0293  0.0241  0.0241  0.0223  0.0243  0.0213  0.0231
registration optimization eta report
parameter search radius
    2.4000    3.1740    3.6501    9.5220    9.5220    9.5220
    8.2800    7.2000    7.2000    8.2800    8.2800    9.5220
100000*second partial in parameter space
       60.       47.       28.        8.        9.        9.
        6.        8.        4.        6.        2.        4.
  0.0235  0.0249  0.0236  0.0257  0.0275  0.0260  0.0241  0.0241  0.0222  0.0244  0.0213  0.0234
  0.0217  0.0223  0.0218  0.0236  0.0246  0.0237  0.0220  0.0218  0.0211  0.0220  0.0207  0.0213
  0.0205  0.0207  0.0206  0.0217  0.0219  0.0217  0.0206  0.0205  0.0204  0.0206  0.0203  0.0203
  0.0201  0.0201  0.0201  0.0201  0.0201  0.0201  0.0201  0.0201  0.0201  0.0201  0.0201  0.0201
  0.0205  0.0206  0.0204  0.0193  0.0200  0.0189  0.0206  0.0206  0.0204  0.0205  0.0202  0.0206
  0.0216  0.0221  0.0217  0.0214  0.0231  0.0203  0.0219  0.0218  0.0211  0.0218  0.0206  0.0217
  0.0236  0.0248  0.0240  0.0280  0.0294  0.0293  0.0241  0.0241  0.0223  0.0243  0.0213  0.0231
   -0.7873   20.1687   23.0998  -13.2444  -12.8001  -10.0156
    4.4744    8.4121   -5.2861   14.4156   -5.1632  -18.9001
eta,q 0.97988 11.87356

---------------------------------------------------------------------
imgreg_4dfp /opt/freesurfer/average/711-2C_as_mni_average_305 /opt/freesurfer/average/711-2B_as_mni_average_305_mask talsrcimg_g11 none talsrcimg_to_711-2C_as_mni_average_305_t4 2311
---------------------------------------------------------------------

freesurfer imgreg_4dfp.c
/opt/freesurfer/average/711-2C_as_mni_average_305.4dfp.img
       256       256       256         1
  1.000000  1.000000  1.000000
orientation T byte_order littleendian
Reading image: /opt/freesurfer/average/711-2C_as_mni_average_305.4dfp.img
dimensions:      256       256       256
mmppix:       1.0000   -1.0000   -1.0000
center:     128.0000 -129.0000 -129.0000
/opt/freesurfer/average/711-2B_as_mni_average_305_mask.4dfp.img
       256       256       256         1
  1.000000  1.000000  1.000000
orientation T byte_order littleendian
Reading mask: /opt/freesurfer/average/711-2B_as_mni_average_305_mask.4dfp.img (2306576 pixels)
talsrcimg_g11.4dfp.img
       256       256       256         1
  1.000000  1.000000  1.000000
orientation T byte_order littleendian
Reading image: talsrcimg_g11.4dfp.img
dimensions:      256       256       256
mmppix:       1.0000   -1.0000   -1.0000
center:     128.0000 -129.0000 -129.0000
fimgreg.f
image alignment mode   2311 decimal      907 hex
parameters
   -0.7873   20.1687   23.0998  -13.2444  -12.8001  -10.0156
    4.4744    8.4121   -5.2861   14.4156   -5.1632  -18.9001
eta,q 0.97988 11.87356
niter,ni,del,rscale     5    3    5.0000    0.8000
parameter  4 -0.652060 -> -0.500000 qaram    1.1500
parameter  6 -0.879037 -> -0.500000 qaram    1.1500
parameters
   -0.7761   20.2123   23.2545  -10.4844  -11.8623   -7.2556
    4.4278    8.6068   -5.0427   14.6316   -4.9058  -18.7199
eta,q 0.98185 12.07040
  0.0217  0.0214  0.0209  0.0226  0.0222  0.0220  0.0200  0.0219  0.0195  0.0208  0.0192  0.0196
  0.0208  0.0207  0.0205  0.0217  0.0210  0.0209  0.0190  0.0198  0.0188  0.0194  0.0186  0.0187
  0.0203  0.0203  0.0203  0.0209  0.0200  0.0200  0.0184  0.0186  0.0183  0.0185  0.0182  0.0183
  0.0201  0.0201  0.0201  0.0201  0.0194  0.0192  0.0182  0.0182  0.0182  0.0181  0.0181  0.0181
  0.0203  0.0202  0.0201  0.0195  0.0191  0.0185  0.0184  0.0184  0.0182  0.0183  0.0182  0.0183
  0.0208  0.0206  0.0203  0.0194  0.0195  0.0181  0.0190  0.0194  0.0186  0.0191  0.0185  0.0187
  0.0216  0.0213  0.0207  0.0199  0.0208  0.0185  0.0201  0.0214  0.0193  0.0204  0.0190  0.0193
niter,ni,del,rscale     6    3    5.0000    0.9000
parameters
   -0.9924   19.9407   23.0224  -11.8860  -12.1997   -8.3217
    4.5352    8.3681   -5.1339   14.6406   -4.7693  -18.9397
eta,q 0.98132 12.00710
  0.0203  0.0195  0.0192  0.0207  0.0211  0.0214  0.0207  0.0215  0.0200  0.0210  0.0195  0.0199
  0.0190  0.0187  0.0185  0.0195  0.0197  0.0202  0.0197  0.0198  0.0193  0.0197  0.0190  0.0191
  0.0182  0.0182  0.0181  0.0185  0.0188  0.0192  0.0190  0.0189  0.0188  0.0190  0.0188  0.0187
  0.0181  0.0181  0.0181  0.0180  0.0183  0.0183  0.0187  0.0187  0.0187  0.0187  0.0187  0.0187
  0.0187  0.0185  0.0184  0.0189  0.0185  0.0185  0.0189  0.0190  0.0189  0.0189  0.0188  0.0189
  0.0198  0.0194  0.0190  0.0219  0.0199  0.0212  0.0195  0.0201  0.0193  0.0197  0.0190  0.0193
  0.0217  0.0208  0.0200  0.0272  0.0225  0.0278  0.0206  0.0222  0.0201  0.0211  0.0194  0.0200
niter,ni,del,rscale     5    3    5.0000    0.8000
parameters
   -0.8982   20.0428   23.0597  -11.6485  -11.9332   -8.1023
    4.5317    8.4320   -5.1400   14.7672   -4.9005  -18.9524
eta,q 0.98154 12.02836
  0.0207  0.0202  0.0196  0.0214  0.0212  0.0214  0.0201  0.0211  0.0196  0.0206  0.0191  0.0196
  0.0196  0.0194  0.0191  0.0204  0.0200  0.0204  0.0192  0.0196  0.0190  0.0194  0.0187  0.0189
  0.0190  0.0189  0.0188  0.0194  0.0191  0.0194  0.0187  0.0187  0.0186  0.0187  0.0185  0.0185
  0.0187  0.0187  0.0187  0.0187  0.0186  0.0185  0.0185  0.0185  0.0185  0.0185  0.0185  0.0185
  0.0188  0.0187  0.0187  0.0184  0.0186  0.0181  0.0186  0.0187  0.0186  0.0186  0.0185  0.0186
  0.0193  0.0192  0.0191  0.0193  0.0193  0.0189  0.0192  0.0194  0.0190  0.0193  0.0188  0.0190
  0.0203  0.0199  0.0196  0.0217  0.0210  0.0221  0.0201  0.0210  0.0196  0.0204  0.0191  0.0195
niter,ni,del,rscale     4    3    5.0000    0.7000
parameters
   -0.9124   20.0290   23.0197  -11.4668  -11.8840   -7.7947
    4.5261    8.4334   -5.1141   14.7945   -4.9434  -18.9925
eta,q 0.98170 12.04346
  0.0199  0.0195  0.0192  0.0208  0.0204  0.0209  0.0196  0.0204  0.0192  0.0200  0.0188  0.0192
  0.0191  0.0190  0.0188  0.0198  0.0194  0.0200  0.0189  0.0192  0.0187  0.0190  0.0185  0.0186
  0.0186  0.0186  0.0185  0.0191  0.0188  0.0191  0.0184  0.0185  0.0184  0.0185  0.0183  0.0183
  0.0185  0.0185  0.0185  0.0185  0.0184  0.0184  0.0183  0.0183  0.0183  0.0183  0.0183  0.0183
  0.0186  0.0186  0.0186  0.0183  0.0185  0.0180  0.0184  0.0185  0.0184  0.0185  0.0184  0.0184
  0.0191  0.0190  0.0188  0.0190  0.0191  0.0186  0.0189  0.0191  0.0187  0.0190  0.0185  0.0187
  0.0199  0.0196  0.0193  0.0210  0.0205  0.0211  0.0196  0.0204  0.0192  0.0199  0.0188  0.0192
niter,ni,del,rscale     3    3    5.0000    0.6000
parameters
   -0.9302   20.0131   22.9996  -11.2729  -11.8638   -7.5165
    4.5121    8.4219   -5.1028   14.8014   -5.0010  -19.0478
eta,q 0.98183 12.05581
  0.0194  0.0191  0.0189  0.0201  0.0197  0.0203  0.0191  0.0198  0.0188  0.0194  0.0186  0.0189
  0.0188  0.0187  0.0185  0.0194  0.0190  0.0195  0.0186  0.0188  0.0185  0.0187  0.0183  0.0184
  0.0184  0.0184  0.0184  0.0187  0.0185  0.0188  0.0183  0.0183  0.0182  0.0183  0.0182  0.0182
  0.0183  0.0183  0.0183  0.0183  0.0182  0.0182  0.0182  0.0182  0.0182  0.0182  0.0182  0.0182
  0.0184  0.0184  0.0184  0.0182  0.0183  0.0180  0.0183  0.0183  0.0182  0.0183  0.0182  0.0183
  0.0188  0.0187  0.0186  0.0187  0.0188  0.0185  0.0186  0.0188  0.0185  0.0187  0.0184  0.0185
  0.0194  0.0192  0.0189  0.0202  0.0198  0.0204  0.0191  0.0198  0.0188  0.0194  0.0186  0.0188
niter,ni,del,rscale     2    3    5.0000    0.5000
parameters
   -0.9486   20.0009   22.9793  -11.1023  -11.8495   -7.2705
    4.4957    8.4177   -5.0829   14.8001   -5.0432  -19.1030
eta,q 0.98193 12.06553
  0.0189  0.0187  0.0186  0.0196  0.0191  0.0197  0.0187  0.0193  0.0185  0.0190  0.0184  0.0186
  0.0185  0.0184  0.0184  0.0190  0.0186  0.0191  0.0184  0.0186  0.0183  0.0185  0.0182  0.0183
  0.0182  0.0182  0.0182  0.0185  0.0183  0.0186  0.0181  0.0182  0.0181  0.0182  0.0181  0.0181
  0.0182  0.0182  0.0182  0.0182  0.0181  0.0181  0.0181  0.0181  0.0181  0.0181  0.0181  0.0181
  0.0183  0.0182  0.0182  0.0181  0.0182  0.0180  0.0182  0.0182  0.0181  0.0182  0.0181  0.0182
  0.0185  0.0184  0.0184  0.0185  0.0185  0.0184  0.0184  0.0186  0.0183  0.0185  0.0182  0.0183
  0.0190  0.0188  0.0186  0.0196  0.0192  0.0197  0.0188  0.0193  0.0185  0.0190  0.0184  0.0186
niter,ni,del,rscale     1    3    5.0000    0.4000
parameters
   -0.9641   19.9871   22.9739  -10.9634  -11.8465   -7.0404
    4.4709    8.4100   -5.0559   14.7792   -5.0751  -19.1457
eta,q 0.98199 12.07284
  0.0186  0.0184  0.0184  0.0191  0.0187  0.0192  0.0184  0.0188  0.0183  0.0186  0.0182  0.0184
  0.0183  0.0182  0.0182  0.0186  0.0184  0.0188  0.0182  0.0184  0.0182  0.0183  0.0181  0.0181
  0.0181  0.0181  0.0181  0.0183  0.0182  0.0183  0.0181  0.0181  0.0180  0.0181  0.0180  0.0180
  0.0181  0.0181  0.0181  0.0181  0.0181  0.0181  0.0180  0.0180  0.0180  0.0180  0.0180  0.0180
  0.0181  0.0181  0.0181  0.0181  0.0181  0.0180  0.0181  0.0181  0.0180  0.0181  0.0180  0.0181
  0.0183  0.0183  0.0182  0.0183  0.0183  0.0183  0.0182  0.0184  0.0181  0.0183  0.0181  0.0182
  0.0186  0.0185  0.0184  0.0190  0.0188  0.0191  0.0185  0.0188  0.0183  0.0187  0.0182  0.0184
registration optimization eta report
parameter search radius
    0.8000    0.8000    0.8000    2.7600    2.4000    2.7600
    2.4000    2.4000    2.4000    2.4000    2.4000    2.4000
100000*second partial in parameter space
       82.       62.       47.       13.       12.       15.
        8.       14.        5.       11.        4.        6.
  0.0186  0.0184  0.0184  0.0191  0.0187  0.0192  0.0184  0.0188  0.0183  0.0186  0.0182  0.0184
  0.0183  0.0182  0.0182  0.0186  0.0184  0.0188  0.0182  0.0184  0.0182  0.0183  0.0181  0.0181
  0.0181  0.0181  0.0181  0.0183  0.0182  0.0183  0.0181  0.0181  0.0180  0.0181  0.0180  0.0180
  0.0181  0.0181  0.0181  0.0181  0.0181  0.0181  0.0180  0.0180  0.0180  0.0180  0.0180  0.0180
  0.0181  0.0181  0.0181  0.0181  0.0181  0.0180  0.0181  0.0181  0.0180  0.0181  0.0180  0.0181
  0.0183  0.0183  0.0182  0.0183  0.0183  0.0183  0.0182  0.0184  0.0181  0.0183  0.0181  0.0182
  0.0186  0.0185  0.0184  0.0190  0.0188  0.0191  0.0185  0.0188  0.0183  0.0187  0.0182  0.0184
   -0.9641   19.9871   22.9739  -10.9634  -11.8465   -7.0404
    4.4709    8.4100   -5.0559   14.7792   -5.0751  -19.1457
eta,q 0.98199 12.07284

---------------------------------------------------------------------
imgreg_4dfp /opt/freesurfer/average/711-2C_as_mni_average_305 /opt/freesurfer/average/711-2B_as_mni_average_305_mask talsrcimg_g11 none talsrcimg_to_711-2C_as_mni_average_305_t4 2311
---------------------------------------------------------------------

freesurfer imgreg_4dfp.c
/opt/freesurfer/average/711-2C_as_mni_average_305.4dfp.img
       256       256       256         1
  1.000000  1.000000  1.000000
orientation T byte_order littleendian
Reading image: /opt/freesurfer/average/711-2C_as_mni_average_305.4dfp.img
dimensions:      256       256       256
mmppix:       1.0000   -1.0000   -1.0000
center:     128.0000 -129.0000 -129.0000
/opt/freesurfer/average/711-2B_as_mni_average_305_mask.4dfp.img
       256       256       256         1
  1.000000  1.000000  1.000000
orientation T byte_order littleendian
Reading mask: /opt/freesurfer/average/711-2B_as_mni_average_305_mask.4dfp.img (2306576 pixels)
talsrcimg_g11.4dfp.img
       256       256       256         1
  1.000000  1.000000  1.000000
orientation T byte_order littleendian
Reading image: talsrcimg_g11.4dfp.img
dimensions:      256       256       256
mmppix:       1.0000   -1.0000   -1.0000
center:     128.0000 -129.0000 -129.0000
fimgreg.f
image alignment mode   2311 decimal      907 hex
parameters
   -0.9641   19.9871   22.9739  -10.9634  -11.8465   -7.0404
    4.4709    8.4100   -5.0559   14.7792   -5.0751  -19.1457
eta,q 0.98199 12.07284
niter,ni,del,rscale     5    3    5.0000    0.8000
parameters
   -0.9882   19.9427   23.0216  -11.6202  -12.2171   -7.6715
    4.4932    8.3850   -5.1223   14.8102   -4.9475  -19.0116
eta,q 0.98165 12.03555
  0.0201  0.0195  0.0194  0.0200  0.0204  0.0204  0.0200  0.0210  0.0194  0.0204  0.0191  0.0196
  0.0189  0.0187  0.0186  0.0191  0.0192  0.0195  0.0191  0.0195  0.0188  0.0193  0.0187  0.0188
  0.0182  0.0182  0.0182  0.0184  0.0185  0.0187  0.0185  0.0186  0.0185  0.0186  0.0184  0.0184
  0.0180  0.0180  0.0180  0.0180  0.0181  0.0182  0.0183  0.0183  0.0183  0.0183  0.0183  0.0183
  0.0183  0.0182  0.0182  0.0183  0.0184  0.0183  0.0185  0.0186  0.0185  0.0185  0.0184  0.0185
  0.0190  0.0188  0.0186  0.0197  0.0195  0.0198  0.0191  0.0195  0.0189  0.0192  0.0186  0.0188
  0.0203  0.0197  0.0192  0.0225  0.0216  0.0235  0.0200  0.0211  0.0195  0.0204  0.0190  0.0194
niter,ni,del,rscale     4    3    5.0000    0.7000
parameters
   -0.9275   20.0222   23.0052  -11.2555  -12.0113   -7.5289
    4.5049    8.4173   -5.0955   14.8092   -4.9654  -19.0139
eta,q 0.98182 12.05202
  0.0199  0.0196  0.0191  0.0203  0.0203  0.0203  0.0195  0.0205  0.0191  0.0199  0.0188  0.0191
  0.0191  0.0189  0.0187  0.0195  0.0193  0.0195  0.0188  0.0191  0.0186  0.0189  0.0184  0.0185
  0.0186  0.0185  0.0184  0.0188  0.0186  0.0188  0.0183  0.0184  0.0183  0.0184  0.0182  0.0182
  0.0183  0.0183  0.0183  0.0183  0.0183  0.0182  0.0182  0.0182  0.0182  0.0182  0.0182  0.0182
  0.0185  0.0184  0.0184  0.0182  0.0183  0.0180  0.0183  0.0184  0.0183  0.0184  0.0183  0.0183
  0.0189  0.0187  0.0187  0.0187  0.0188  0.0186  0.0187  0.0191  0.0186  0.0189  0.0185  0.0186
  0.0197  0.0193  0.0192  0.0201  0.0202  0.0206  0.0195  0.0204  0.0191  0.0199  0.0188  0.0191
niter,ni,del,rscale     3    3    5.0000    0.6000
parameters
   -0.9520   20.0071   22.9852  -11.1250  -11.9492   -7.3052
    4.4949    8.3981   -5.0866   14.7985   -5.0057  -19.0564
eta,q 0.98191 12.06171
  0.0193  0.0190  0.0188  0.0197  0.0196  0.0198  0.0191  0.0198  0.0188  0.0194  0.0185  0.0188
  0.0187  0.0185  0.0184  0.0190  0.0189  0.0192  0.0185  0.0188  0.0184  0.0187  0.0183  0.0184
  0.0183  0.0183  0.0182  0.0185  0.0184  0.0186  0.0182  0.0183  0.0182  0.0182  0.0181  0.0181
  0.0182  0.0182  0.0182  0.0182  0.0182  0.0181  0.0181  0.0181  0.0181  0.0181  0.0181  0.0181
  0.0183  0.0183  0.0183  0.0181  0.0182  0.0180  0.0182  0.0183  0.0182  0.0182  0.0182  0.0182
  0.0187  0.0186  0.0185  0.0186  0.0187  0.0184  0.0185  0.0188  0.0184  0.0187  0.0183  0.0184
  0.0194  0.0191  0.0188  0.0197  0.0197  0.0199  0.0191  0.0198  0.0188  0.0194  0.0186  0.0188
niter,ni,del,rscale     2    3    5.0000    0.5000
parameters
   -0.9664   19.9942   22.9783  -10.9996  -11.9203   -7.1034
    4.4844    8.3934   -5.0730   14.7773   -5.0361  -19.1012
eta,q 0.98197 12.06906
  0.0189  0.0187  0.0186  0.0192  0.0191  0.0194  0.0187  0.0193  0.0185  0.0190  0.0184  0.0186
  0.0184  0.0184  0.0183  0.0187  0.0186  0.0189  0.0183  0.0186  0.0182  0.0185  0.0182  0.0182
  0.0182  0.0182  0.0181  0.0183  0.0183  0.0184  0.0181  0.0182  0.0181  0.0181  0.0181  0.0181
  0.0181  0.0181  0.0181  0.0181  0.0181  0.0181  0.0180  0.0180  0.0180  0.0180  0.0180  0.0180
  0.0182  0.0182  0.0182  0.0181  0.0181  0.0180  0.0181  0.0182  0.0181  0.0181  0.0181  0.0181
  0.0185  0.0184  0.0183  0.0184  0.0185  0.0183  0.0183  0.0186  0.0182  0.0185  0.0182  0.0183
  0.0189  0.0187  0.0186  0.0192  0.0192  0.0193  0.0187  0.0193  0.0185  0.0190  0.0184  0.0185
niter,ni,del,rscale     1    3    5.0000    0.4000
parameters
   -0.9755   19.9818   22.9776  -10.8955  -11.9053   -6.9155
    4.4691    8.3917   -5.0548   14.7565   -5.0564  -19.1452
eta,q 0.98201 12.07472
  0.0186  0.0184  0.0183  0.0188  0.0187  0.0189  0.0184  0.0188  0.0183  0.0186  0.0182  0.0183
  0.0183  0.0182  0.0182  0.0185  0.0183  0.0186  0.0182  0.0184  0.0181  0.0183  0.0181  0.0181
  0.0181  0.0181  0.0181  0.0182  0.0181  0.0182  0.0180  0.0181  0.0180  0.0181  0.0180  0.0180
  0.0180  0.0180  0.0180  0.0180  0.0180  0.0180  0.0180  0.0180  0.0180  0.0180  0.0180  0.0180
  0.0181  0.0181  0.0181  0.0180  0.0181  0.0180  0.0180  0.0181  0.0180  0.0181  0.0180  0.0180
  0.0183  0.0182  0.0182  0.0183  0.0183  0.0182  0.0182  0.0183  0.0181  0.0183  0.0181  0.0182
  0.0186  0.0184  0.0183  0.0188  0.0187  0.0188  0.0184  0.0188  0.0183  0.0187  0.0182  0.0183
registration optimization eta report
parameter search radius
    0.8000    0.8000    0.8000    2.4000    2.4000    2.4000
    2.4000    2.4000    2.4000    2.4000    2.4000    2.4000
100000*second partial in parameter space
       84.       61.       48.       13.       12.       15.
        8.       14.        5.       11.        4.        6.
  0.0186  0.0184  0.0183  0.0188  0.0187  0.0189  0.0184  0.0188  0.0183  0.0186  0.0182  0.0183
  0.0183  0.0182  0.0182  0.0185  0.0183  0.0186  0.0182  0.0184  0.0181  0.0183  0.0181  0.0181
  0.0181  0.0181  0.0181  0.0182  0.0181  0.0182  0.0180  0.0181  0.0180  0.0181  0.0180  0.0180
  0.0180  0.0180  0.0180  0.0180  0.0180  0.0180  0.0180  0.0180  0.0180  0.0180  0.0180  0.0180
  0.0181  0.0181  0.0181  0.0180  0.0181  0.0180  0.0180  0.0181  0.0180  0.0181  0.0180  0.0180
  0.0183  0.0182  0.0182  0.0183  0.0183  0.0182  0.0182  0.0183  0.0181  0.0183  0.0181  0.0182
  0.0186  0.0184  0.0183  0.0188  0.0187  0.0188  0.0184  0.0188  0.0183  0.0187  0.0182  0.0183
   -0.9755   19.9818   22.9776  -10.8955  -11.9053   -6.9155
    4.4691    8.3917   -5.0548   14.7565   -5.0564  -19.1452
eta,q 0.98201 12.07472

---------------------------------------------------------------------
compute_vox2vox talsrcimg talsrcimg_to_711-2C_as_mni_average_305_t4 /opt/freesurfer/average/711-2C_as_mni_average_305
---------------------------------------------------------------------

freesurfer compute_vox2vox.c
Reading: talsrcimg.4dfp.ifh
Reading: talsrcimg_to_711-2C_as_mni_average_305_t4
Reading: /opt/freesurfer/average/711-2C_as_mni_average_305.4dfp.ifh
Writing: talsrcimg_to_711-2C_as_mni_average_305_t4_vox2vox.txt

start time Thu Mar 12 12:52:35 CET 2026
end		time Thu Mar 12 12:54:10 CET 2026

mpr2mni305 success

avi2talxfm orig_nu.mgz /opt/freesurfer/average/mni305.cor.mgz talsrcimg_to_711-2C_as_mni_average_305_t4_vox2vox.txt transforms/talairach.auto.xfm
avi2talxfm done
mv -f /out/sourcedata/freesurfer/sub-v1s19x0051303_ses-1/mri/talsrcimg_to_711-2C_as_mni_average_305_t4_vox2vox.txt /out/sourcedata/freesurfer/sub-v1s19x0051303_ses-1/mri/transforms/talsrcimg_to_711-2C_as_mni_average_305_t4_vox2vox.txt
lta_convert --src orig_nu.mgz --trg /opt/freesurfer/average/mni305.cor.mgz --inxfm transforms/talairach.auto.xfm --outlta transforms/talairach.auto.xfm.lta --subject fsaverage
7.3.2

--src: orig_nu.mgz src image (geometry).
--trg: /opt/freesurfer/average/mni305.cor.mgz trg image (geometry).
--inmni: transforms/talairach.auto.xfm input MNI/XFM transform.
--outlta: transforms/talairach.auto.xfm.lta output LTA.
--s: fsaverage subject name
 LTA read, type : 1
 1.11297  -0.08834  -0.07566  -10.04417;
 0.07114   1.03287   0.22086  -34.08825;
 0.05195  -0.17808   1.09380  -0.29253;
 0.00000   0.00000   0.00000   1.00000;
setting subject to fsaverage
Writing  LTA to file transforms/talairach.auto.xfm.lta...
lta_convert successful.
 
 
Started at Thu Mar 12 12:52:34 CET 2026
Ended   at Thu Mar 12 12:54:10 CET 2026
talairach_avi done
