status file for recon-all
Thu Mar 12 15:17:06 CET 2026
#@# Tessellate rh Thu Mar 12 15:17:06 CET 2026
#@# Smooth1 rh Thu Mar 12 15:17:09 CET 2026
#@# Inflation1 rh Thu Mar 12 15:17:12 CET 2026
#@# QSphere rh Thu Mar 12 15:17:23 CET 2026
#@# Fix Topology rh Thu Mar 12 15:18:53 CET 2026
#@# Smooth2 rh Thu Mar 12 15:24:29 CET 2026
#@# Inflation2 rh Thu Mar 12 15:24:32 CET 2026
#@# Curv .H and .K rh Thu Mar 12 15:24:44 CET 2026
#@# Sphere rh Thu Mar 12 15:25:40 CET 2026
#@# Surf Reg rh Thu Mar 12 15:27:21 CET 2026
#@# Jacobian white rh Thu Mar 12 15:31:33 CET 2026
#@# AvgCurv rh Thu Mar 12 15:31:34 CET 2026
#@# Cortical Parc rh Thu Mar 12 15:31:35 CET 2026
#@# white curv rh Thu Mar 12 15:38:15 CET 2026
#@# white area rh Thu Mar 12 15:38:17 CET 2026
#@# pial curv rh Thu Mar 12 15:38:18 CET 2026
#@# pial area rh Thu Mar 12 15:38:20 CET 2026
#@# thickness rh Thu Mar 12 15:38:20 CET 2026
#@# area and vertex vol rh Thu Mar 12 15:38:55 CET 2026
#@# Curvature Stats rh Thu Mar 12 15:38:57 CET 2026
#@# Cortical Parc 2 rh Thu Mar 12 15:38:59 CET 2026
#@# Cortical Parc 3 rh Thu Mar 12 15:39:14 CET 2026
#@# WM/GM Contrast rh Thu Mar 12 15:39:25 CET 2026
recon-all -s sub-v1s19x0051308_ses-1 finished without error at Thu Mar 12 15:39:28 CET 2026



#New# invocation of recon-all 



status file for recon-all
Thu Mar 12 15:49:59 CET 2026
#@# white curv rh Thu Mar 12 15:50:00 CET 2026
#@# white area rh Thu Mar 12 15:50:00 CET 2026
#@# pial curv rh Thu Mar 12 15:50:00 CET 2026
#@# pial area rh Thu Mar 12 15:50:00 CET 2026
#@# thickness rh Thu Mar 12 15:50:00 CET 2026
#@# area and vertex vol rh Thu Mar 12 15:50:00 CET 2026
#@# Parcellation Stats rh Thu Mar 12 15:50:00 CET 2026
#@# Parcellation Stats 2 rh Thu Mar 12 15:50:23 CET 2026
#@# Parcellation Stats 3 rh Thu Mar 12 15:50:35 CET 2026
#@# BA_exvivo Labels rh Thu Mar 12 15:50:47 CET 2026
recon-all -s sub-v1s19x0051308_ses-1 finished without error at Thu Mar 12 15:53:27 CET 2026
