status file for recon-all
Thu Mar 12 13:18:06 CET 2026
#@# MotionCor Thu Mar 12 13:18:08 CET 2026
#@# Talairach Thu Mar 12 13:18:15 CET 2026
#@# Talairach Failure Detection Thu Mar 12 13:22:38 CET 2026
#@# Nu Intensity Correction Thu Mar 12 13:22:38 CET 2026
#@# Intensity Normalization Thu Mar 12 13:25:52 CET 2026
recon-all -s sub-v1s19x0051308_ses-1 finished without error at Thu Mar 12 13:27:23 CET 2026



#New# invocation of recon-all 



status file for recon-all
Thu Mar 12 13:34:26 CET 2026
#@# EM Registration Thu Mar 12 13:34:26 CET 2026
recon-all -s sub-v1s19x0051308_ses-1 finished without error at Thu Mar 12 13:35:56 CET 2026



#New# invocation of recon-all 



status file for recon-all
Thu Mar 12 13:35:59 CET 2026
#@# CA Normalize Thu Mar 12 13:35:59 CET 2026
#@# CA Reg Thu Mar 12 13:37:18 CET 2026
#@# SubCort Seg Thu Mar 12 14:18:19 CET 2026
#@# CC Seg Thu Mar 12 14:49:16 CET 2026
#@# Merge ASeg Thu Mar 12 14:49:49 CET 2026
#@# Intensity Normalization2 Thu Mar 12 14:49:49 CET 2026
#@# Mask BFS Thu Mar 12 14:52:09 CET 2026
#@# WM Segmentation Thu Mar 12 14:52:09 CET 2026
#@# Fill Thu Mar 12 14:54:03 CET 2026
recon-all -s sub-v1s19x0051308_ses-1 finished without error at Thu Mar 12 14:55:05 CET 2026



#New# invocation of recon-all 



status file for recon-all
Thu Mar 12 15:39:32 CET 2026
#@# white curv lh Thu Mar 12 15:39:32 CET 2026
#@# white area lh Thu Mar 12 15:39:32 CET 2026
#@# pial curv lh Thu Mar 12 15:39:32 CET 2026
#@# pial area lh Thu Mar 12 15:39:32 CET 2026
#@# thickness lh Thu Mar 12 15:39:32 CET 2026
#@# area and vertex vol lh Thu Mar 12 15:39:32 CET 2026
#@# white curv rh Thu Mar 12 15:39:32 CET 2026
#@# white area rh Thu Mar 12 15:39:32 CET 2026
#@# pial curv rh Thu Mar 12 15:39:32 CET 2026
#@# pial area rh Thu Mar 12 15:39:32 CET 2026
#@# thickness rh Thu Mar 12 15:39:32 CET 2026
#@# area and vertex vol rh Thu Mar 12 15:39:32 CET 2026
#@# Cortical ribbon mask Thu Mar 12 15:39:32 CET 2026
recon-all -s sub-v1s19x0051308_ses-1 finished without error at Thu Mar 12 15:46:27 CET 2026



#New# invocation of recon-all 



status file for recon-all
Thu Mar 12 15:53:33 CET 2026
#@# white curv lh Thu Mar 12 15:53:33 CET 2026
#@# white area lh Thu Mar 12 15:53:33 CET 2026
#@# pial curv lh Thu Mar 12 15:53:34 CET 2026
#@# pial area lh Thu Mar 12 15:53:34 CET 2026
#@# thickness lh Thu Mar 12 15:53:34 CET 2026
#@# area and vertex vol lh Thu Mar 12 15:53:34 CET 2026
#@# white curv rh Thu Mar 12 15:53:34 CET 2026
#@# white area rh Thu Mar 12 15:53:34 CET 2026
#@# pial curv rh Thu Mar 12 15:53:34 CET 2026
#@# pial area rh Thu Mar 12 15:53:34 CET 2026
#@# thickness rh Thu Mar 12 15:53:34 CET 2026
#@# area and vertex vol rh Thu Mar 12 15:53:34 CET 2026
#@# Curvature Stats lh Thu Mar 12 15:53:34 CET 2026
#@# Curvature Stats rh Thu Mar 12 15:53:36 CET 2026
#@# Relabel Hypointensities Thu Mar 12 15:53:39 CET 2026
#@# APas-to-ASeg Thu Mar 12 15:53:55 CET 2026
#@# AParc-to-ASeg aparc Thu Mar 12 15:54:03 CET 2026
#@# AParc-to-ASeg aparc.a2009s Thu Mar 12 15:54:56 CET 2026
#@# AParc-to-ASeg aparc.DKTatlas Thu Mar 12 15:55:50 CET 2026
#@# WMParc Thu Mar 12 15:56:44 CET 2026
#@# ASeg Stats Thu Mar 12 16:00:18 CET 2026
recon-all -s sub-v1s19x0051308_ses-1 finished without error at Thu Mar 12 16:00:50 CET 2026
