/out/sourcedata/freesurfer/sub-v1s19x0051293_ses-1/mri
/opt/freesurfer/bin/talairach_avi
--i orig_nu.mgz --xfm transforms/talairach.auto.xfm
talairach_avi 7.3.2
Linux dna038 5.14.0-427.37.1.el9_4.x86_64 #1 SMP PREEMPT_DYNAMIC Fri Sep 13 12:41:50 EDT 2024 x86_64 x86_64 x86_64 GNU/Linux
Thu Mar 12 12:19:31 CET 2026
mri_convert orig_nu.mgz talsrcimg.img 
reading from orig_nu.mgz...
TR=0.00, TE=0.00, TI=0.00, flip angle=0.00
i_ras = (-1, 0, 0)
j_ras = (0, 0, -1)
k_ras = (0, 1, 0)
writing to talsrcimg.img...
Analyze Output Matrix
-1.00000   0.00000   0.00000   133.83713;
 0.00000   0.00000   1.00000  -121.34671;
 0.00000  -1.00000   0.00000   139.68523;
 0.00000   0.00000   0.00000   1.00000;
--------------------
INFO: set hdr.hist.orient to -1
mpr2mni305 talsrcimg
Thu Mar 12 12:19:32 CET 2026
/opt/freesurfer/bin/mpr2mni305 talsrcimg
mpr2mni305 7.3.2
target=711-2C_as_mni_average_305

---------------------------------------------------------------------
analyzeto4dfp talsrcimg -O0 -y
---------------------------------------------------------------------

freesurfer ifh2hdr.c
Thu Mar 12 12:19:32 2026
Writing: talsrcimg.4dfp.hdr
freesurfer analyzeto4dfp.c
Reading: talsrcimg.hdr
header size 348 bytes
hdr.dime.datatype	offset=70	value=2
hdr.dime.bitpix		offset=72	value=8
hdr.hist.orient		offset=252	value=-1
dimensionality     4
dimensions       256       256       256         1
Reading: talsrcimg.img
Writing: talsrcimg.4dfp.img
Writing: talsrcimg.4dfp.ifh
ifh2hdr talsrcimg -r0to229
ori=2

---------------------------------------------------------------------
gauss_4dfp talsrcimg 1.1
---------------------------------------------------------------------

freesurfer gauss_4dfp.c
Reading: talsrcimg.4dfp.img
Writing: talsrcimg_g11.4dfp.img
image dimensions 256 256 256 padded to 288 288 288
processing volume 1freesurfer ifh2hdr.c
Thu Mar 12 12:19:34 2026
Writing: talsrcimg_g11.4dfp.hdr

Writing: talsrcimg_g11.4dfp.ifh
including: talsrcimg.4dfp.img.rec in talsrcimg_g11.4dfp.img.rec

---------------------------------------------------------------------
imgreg_4dfp /opt/freesurfer/average/711-2C_as_mni_average_305 none talsrcimg_g11 none talsrcimg_to_711-2C_as_mni_average_305_t4 4355
---------------------------------------------------------------------

freesurfer imgreg_4dfp.c
/opt/freesurfer/average/711-2C_as_mni_average_305.4dfp.img
       256       256       256         1
  1.000000  1.000000  1.000000
orientation T byte_order littleendian
Reading image: /opt/freesurfer/average/711-2C_as_mni_average_305.4dfp.img
dimensions:      256       256       256
mmppix:       1.0000   -1.0000   -1.0000
center:     128.0000 -129.0000 -129.0000
talsrcimg_g11.4dfp.img
       256       256       256         1
  1.000000  1.000000  1.000000
orientation T byte_order littleendian
Reading image: talsrcimg_g11.4dfp.img
dimensions:      256       256       256
mmppix:       1.0000   -1.0000   -1.0000
center:     128.0000 -129.0000 -129.0000
t4_read: open error in t4_sub.f l:  41 t4_file(1:l)talsrcimg_to_711-2C_as_mni_average_305_t4 
t4_read: transform initialized to I4
rotation matrix determinant  1.000000
image alignment mode   4355 decimal     1103 hex
   -7.5000  -45.0000  -45.0000 7083.4136   21.0826
    0.0000  -45.0000  -45.0000 7343.9688   21.1904
    7.5000  -45.0000  -45.0000 6950.2163   21.2081
   -7.5000  -37.5000  -45.0000 7602.8208   20.9832
    0.0000  -37.5000  -45.0000 7876.5239   21.0829
    7.5000  -37.5000  -45.0000 7438.9653   21.0934
   -7.5000  -30.0000  -45.0000 8393.3496   20.9304
    0.0000  -30.0000  -45.0000 8704.9668   21.0232
    7.5000  -30.0000  -45.0000 8220.2393   21.0338
   -7.5000  -22.5000  -45.0000 9172.5576   20.8911
    0.0000  -22.5000  -45.0000 9478.7812   20.9875
    7.5000  -22.5000  -45.0000 8942.8799   21.0056
   -7.5000  -15.0000  -45.0000 9849.4268   20.8678
    0.0000  -15.0000  -45.000010182.9551   20.9745
    7.5000  -15.0000  -45.0000 9612.6611   21.0007
   -7.5000   -7.5000  -45.000010536.6592   20.8613
    0.0000   -7.5000  -45.000010882.0996   20.9710
    7.5000   -7.5000  -45.000010229.7754   20.9969
   -7.5000    0.0000  -45.000011121.6895   20.8709
    0.0000    0.0000  -45.000011480.4795   20.9764
    7.5000    0.0000  -45.000010786.4316   20.9947
   -7.5000    7.5000  -45.000010781.6152   20.8932
    0.0000    7.5000  -45.000011165.7627   20.9917
    7.5000    7.5000  -45.000010489.4336   21.0030
   -7.5000   15.0000  -45.000010294.1650   20.9043
    0.0000   15.0000  -45.000010660.0645   20.9967
    7.5000   15.0000  -45.000010031.8740   21.0078
   -7.5000   22.5000  -45.0000 9800.9248   20.8856
    0.0000   22.5000  -45.000010166.5928   20.9819
    7.5000   22.5000  -45.0000 9561.5605   21.0002
   -7.5000   30.0000  -45.0000 9181.1826   20.5897
    0.0000   30.0000  -45.0000 9485.9814   20.6950
    7.5000   30.0000  -45.0000 8890.7510   20.7208
   -7.5000   37.5000  -45.0000 8783.7070   20.5833
    0.0000   37.5000  -45.0000 9056.5117   20.6915
    7.5000   37.5000  -45.0000 8457.6709   20.7171
   -7.5000   45.0000  -45.0000 8057.2036   20.0710
    0.0000   45.0000  -45.0000 8294.1016   20.1725
    7.5000   45.0000  -45.0000 7722.4863   20.1902
   -7.5000  -45.0000  -37.5000 7563.1006   20.9838
    0.0000  -45.0000  -37.5000 7818.7300   21.0895
    7.5000  -45.0000  -37.5000 7378.2661   21.1240
   -7.5000  -37.5000  -37.5000 8106.5645   20.8875
    0.0000  -37.5000  -37.5000 8376.2354   20.9810
    7.5000  -37.5000  -37.5000 7894.2114   21.0028
   -7.5000  -30.0000  -37.5000 8960.8857   20.8421
    0.0000  -30.0000  -37.5000 9256.5723   20.9277
    7.5000  -30.0000  -37.5000 8722.8232   20.9401
   -7.5000  -22.5000  -37.5000 9742.2764   20.8096
    0.0000  -22.5000  -37.500010062.8877   20.9027
    7.5000  -22.5000  -37.5000 9482.3145   20.9184
   -7.5000  -15.0000  -37.500010471.1533   20.7884
    0.0000  -15.0000  -37.500010811.8389   20.8968
    7.5000  -15.0000  -37.500010173.5859   20.9234
   -7.5000   -7.5000  -37.500011196.5498   20.7736
    0.0000   -7.5000  -37.500011510.4932   20.8854
    7.5000   -7.5000  -37.500010842.1436   20.9212
   -7.5000    0.0000  -37.500011792.7949   20.7732
    0.0000    0.0000  -37.500012118.9023   20.8766
    7.5000    0.0000  -37.500011425.9355   20.9114
   -7.5000    7.5000  -37.500011402.9893   20.7969
    0.0000    7.5000  -37.500011760.2959   20.8893
    7.5000    7.5000  -37.500011083.7998   20.9117
   -7.5000   15.0000  -37.500010889.6855   20.8159
    0.0000   15.0000  -37.500011232.8096   20.9011
    7.5000   15.0000  -37.500010591.9287   20.9141
   -7.5000   22.5000  -37.500010385.0254   20.8041
    0.0000   22.5000  -37.500010702.1289   20.8971
    7.5000   22.5000  -37.500010075.4043   20.9130
   -7.5000   30.0000  -37.5000 9745.1543   20.5114
    0.0000   30.0000  -37.5000 9988.0273   20.6184
    7.5000   30.0000  -37.5000 9394.0781   20.6445
   -7.5000   37.5000  -37.5000 9304.4814   20.4968
    0.0000   37.5000  -37.5000 9509.1504   20.6071
    7.5000   37.5000  -37.5000 8934.0186   20.6424
   -7.5000   45.0000  -37.5000 8511.8320   19.9772
    0.0000   45.0000  -37.5000 8697.1270   20.0768
    7.5000   45.0000  -37.5000 8134.8086   20.1103
   -7.5000  -45.0000  -30.0000 8217.3555   21.8857
    0.0000  -45.0000  -30.0000 8461.7998   21.9791
    7.5000  -45.0000  -30.0000 7978.1885   22.0258
   -7.5000  -37.5000  -30.0000 8778.8965   21.7696
    0.0000  -37.5000  -30.0000 9056.4541   21.8469
    7.5000  -37.5000  -30.0000 8536.2080   21.8796
   -7.5000  -30.0000  -30.0000 9683.9424   21.7171
    0.0000  -30.0000  -30.0000 9977.7129   21.7834
    7.5000  -30.0000  -30.0000 9419.9932   21.8032
   -7.5000  -22.5000  -30.000010527.9297   21.6973
    0.0000  -22.5000  -30.000010858.0566   21.7723
    7.5000  -22.5000  -30.000010248.6807   21.7920
   -7.5000  -15.0000  -30.000011314.0127   21.6936
    0.0000  -15.0000  -30.000011650.5078   21.7882
    7.5000  -15.0000  -30.000010986.1201   21.8173
   -7.5000   -7.5000  -30.000012046.6768   21.6802
    0.0000   -7.5000  -30.000012375.7158   21.7810
    7.5000   -7.5000  -30.000011671.6689   21.8239
   -7.5000    0.0000  -30.000012651.7461   21.6663
    0.0000    0.0000  -30.000013020.7090   21.7577
    7.5000    0.0000  -30.000012265.4824   21.8044
   -7.5000    7.5000  -30.000012257.8086   21.6742
    0.0000    7.5000  -30.000012594.4336   21.7505
    7.5000    7.5000  -30.000011851.4395   21.7836
   -7.5000   15.0000  -30.000011729.0137   21.6890
    0.0000   15.0000  -30.000012034.2334   21.7550
    7.5000   15.0000  -30.000011322.9512   21.7753
   -7.5000   22.5000  -30.000011165.4053   21.6893
    0.0000   22.5000  -30.000011429.3584   21.7642
    7.5000   22.5000  -30.000010735.1445   21.7841
   -7.5000   30.0000  -30.000010469.2354   21.4066
    0.0000   30.0000  -30.000010674.1426   21.4999
    7.5000   30.0000  -30.000010023.9883   21.5286
   -7.5000   37.5000  -30.0000 9968.1533   21.3934
    0.0000   37.5000  -30.000010139.7754   21.4928
    7.5000   37.5000  -30.0000 9536.9541   21.5351
   -7.5000   45.0000  -30.0000 9103.2949   20.8516
    0.0000   45.0000  -30.0000 9265.6357   20.9397
    7.5000   45.0000  -30.0000 8651.8672   20.9847
   -7.5000  -45.0000  -22.5000 8901.5332   22.6163
    0.0000  -45.0000  -22.5000 9158.0273   22.6961
    7.5000  -45.0000  -22.5000 8644.5898   22.7361
   -7.5000  -37.5000  -22.5000 9520.4033   22.4760
    0.0000  -37.5000  -22.5000 9785.8799   22.5397
    7.5000  -37.5000  -22.5000 9218.6572   22.5708
   -7.5000  -30.0000  -22.500010469.5586   22.4046
    0.0000  -30.0000  -22.500010734.1055   22.4545
    7.5000  -30.0000  -22.500010116.9033   22.4803
   -7.5000  -22.5000  -22.500011377.1738   22.3918
    0.0000  -22.5000  -22.500011682.0410   22.4468
    7.5000  -22.5000  -22.500010994.6221   22.4741
   -7.5000  -15.0000  -22.500012203.6250   22.4082
    0.0000  -15.0000  -22.500012510.0400   22.4818
    7.5000  -15.0000  -22.500011768.9102   22.5138
   -7.5000   -7.5000  -22.500012978.2744   22.4081
    0.0000   -7.5000  -22.500013287.4277   22.4918
    7.5000   -7.5000  -22.500012519.6279   22.5311
   -7.5000    0.0000  -22.500013612.8936   22.3916
    0.0000    0.0000  -22.500013952.2432   22.4697
    7.5000    0.0000  -22.500013147.2021   22.5099
   -7.5000    7.5000  -22.500013173.8906   22.3782
    0.0000    7.5000  -22.500013472.8037   22.4410
    7.5000    7.5000  -22.500012674.4854   22.4726
   -7.5000   15.0000  -22.500012614.2490   22.3754
    0.0000   15.0000  -22.500012885.3301   22.4250
    7.5000   15.0000  -22.500012091.4697   22.4513
   -7.5000   22.5000  -22.500011966.2393   22.3820
    0.0000   22.5000  -22.500012205.1807   22.4369
    7.5000   22.5000  -22.500011425.9521   22.4644
   -7.5000   30.0000  -22.500011222.4795   22.1151
    0.0000   30.0000  -22.500011402.4102   22.1878
    7.5000   30.0000  -22.500010682.0117   22.2193
   -7.5000   37.5000  -22.500010680.8604   22.1150
    0.0000   37.5000  -22.500010836.9033   22.1976
    7.5000   37.5000  -22.500010167.4951   22.2363
   -7.5000   45.0000  -22.5000 9709.4541   21.5656
    0.0000   45.0000  -22.5000 9892.9189   21.6409
    7.5000   45.0000  -22.5000 9241.9717   21.6797
   -7.5000  -45.0000  -15.0000 9619.9082   23.1069
    0.0000  -45.0000  -15.0000 9875.4805   23.1882
    7.5000  -45.0000  -15.0000 9320.0615   23.2131
   -7.5000  -37.5000  -15.000010278.4395   22.9591
    0.0000  -37.5000  -15.000010534.6025   23.0289
    7.5000  -37.5000  -15.0000 9944.0635   23.0506
   -7.5000  -30.0000  -15.000011285.3184   22.8766
    0.0000  -30.0000  -15.000011535.6592   22.9326
    7.5000  -30.0000  -15.000010878.8867   22.9588
   -7.5000  -22.5000  -15.000012225.1143   22.8589
    0.0000  -22.5000  -15.000012536.4023   22.9149
    7.5000  -22.5000  -15.000011790.2080   22.9470
   -7.5000  -15.0000  -15.000013081.8408   22.8773
    0.0000  -15.0000  -15.000013401.2275   22.9466
    7.5000  -15.0000  -15.000012608.4023   22.9807
   -7.5000   -7.5000  -15.000013918.5986   22.8869
    0.0000   -7.5000  -15.000014236.6611   22.9667
    7.5000   -7.5000  -15.000013387.4189   22.9981
   -7.5000    0.0000  -15.000014639.1172   22.8792
    0.0000    0.0000  -15.000014936.9199   22.9587
    7.5000    0.0000  -15.000014047.2070   22.9841
   -7.5000    7.5000  -15.000014160.9111   22.8609
    0.0000    7.5000  -15.000014430.6387   22.9296
    7.5000    7.5000  -15.000013553.4600   22.9520
   -7.5000   15.0000  -15.000013520.7480   22.8471
    0.0000   15.0000  -15.000013762.4648   22.9028
    7.5000   15.0000  -15.000012910.7744   22.9294
   -7.5000   22.5000  -15.000012791.4805   22.8478
    0.0000   22.5000  -15.000013010.9219   22.9037
    7.5000   22.5000  -15.000012197.4111   22.9361
   -7.5000   30.0000  -15.000011987.0352   22.5812
    0.0000   30.0000  -15.000012161.1621   22.6496
    7.5000   30.0000  -15.000011407.1504   22.6833
   -7.5000   37.5000  -15.000011404.2949   22.5907
    0.0000   37.5000  -15.000011552.0576   22.6694
    7.5000   37.5000  -15.000010840.6436   22.7005
   -7.5000   45.0000  -15.000010354.5410   22.0482
    0.0000   45.0000  -15.000010536.2529   22.1249
    7.5000   45.0000  -15.0000 9893.7803   22.1495
   -7.5000  -45.0000   -7.500010386.9502   23.3460
    0.0000  -45.0000   -7.500010623.1348   23.4472
    7.5000  -45.0000   -7.500010001.8350   23.4632
   -7.5000  -37.5000   -7.500011083.1797   23.2133
    0.0000  -37.5000   -7.500011320.2969   23.3070
    7.5000  -37.5000   -7.500010672.9219   23.3203
   -7.5000  -30.0000   -7.500012144.9512   23.1381
    0.0000  -30.0000   -7.500012399.8408   23.2221
    7.5000  -30.0000   -7.500011685.1270   23.2420
   -7.5000  -22.5000   -7.500013120.7754   23.1063
    0.0000  -22.5000   -7.500013433.2939   23.1903
    7.5000  -22.5000   -7.500012652.7363   23.2194
   -7.5000  -15.0000   -7.500014008.3457   23.1048
    0.0000  -15.0000   -7.500014331.8877   23.1981
    7.5000  -15.0000   -7.500013514.0127   23.2310
   -7.5000   -7.5000   -7.500014868.7168   23.1107
    0.0000   -7.5000   -7.500015202.5879   23.2101
    7.5000   -7.5000   -7.500014310.7969   23.2371
   -7.5000    0.0000   -7.500015675.8477   23.1154
    0.0000    0.0000   -7.500015999.4512   23.2144
    7.5000    0.0000   -7.500014997.2324   23.2312
   -7.5000    7.5000   -7.500015214.8779   23.1151
    0.0000    7.5000   -7.500015498.6855   23.2076
    7.5000    7.5000   -7.500014510.0762   23.2217
   -7.5000   15.0000   -7.500014515.9307   23.1090
    0.0000   15.0000   -7.500014758.0645   23.1926
    7.5000   15.0000   -7.500013831.4453   23.2130
   -7.5000   22.5000   -7.500013720.3994   23.0927
    0.0000   22.5000   -7.500013911.9961   23.1766
    7.5000   22.5000   -7.500013047.1992   23.2058
   -7.5000   30.0000   -7.500012776.5322   22.8051
    0.0000   30.0000   -7.500012958.3770   22.8973
    7.5000   30.0000   -7.500012166.3916   22.9297
   -7.5000   37.5000   -7.500012153.8369   22.8110
    0.0000   37.5000   -7.500012325.0898   22.9091
    7.5000   37.5000   -7.500011593.7178   22.9357
   -7.5000   45.0000   -7.500011026.0889   22.2799
    0.0000   45.0000   -7.500011209.3008   22.3755
    7.5000   45.0000   -7.500010540.5908   22.3917
   -7.5000  -45.0000    0.000011031.1914   23.4135
    0.0000  -45.0000    0.000011273.2617   23.5338
    7.5000  -45.0000    0.000010630.4365   23.5548
   -7.5000  -37.5000    0.000011792.4033   23.3019
    0.0000  -37.5000    0.000012059.7070   23.4133
    7.5000  -37.5000    0.000011368.3662   23.4265
   -7.5000  -30.0000    0.000012924.0967   23.2419
    0.0000  -30.0000    0.000013250.9912   23.3461
    7.5000  -30.0000    0.000012461.8535   23.3595
   -7.5000  -22.5000    0.000013918.2705   23.1993
    0.0000  -22.5000    0.000014294.2500   23.3079
    7.5000  -22.5000    0.000013452.6104   23.3298
   -7.5000  -15.0000    0.000014841.0000   23.1760
    0.0000  -15.0000    0.000015204.9697   23.2960
    7.5000  -15.0000    0.000014313.4893   23.3266
   -7.5000   -7.5000    0.000015722.2588   23.1700
    0.0000   -7.5000    0.000016083.4541   23.2929
    7.5000   -7.5000    0.000015135.8223   23.3231
   -7.5000    0.0000    0.000016643.7695   23.1802
    0.0000    0.0000    0.000017012.2754   23.2979
    7.5000    0.0000    0.000015908.9639   23.3196
   -7.5000    7.5000    0.000016173.6250   23.2027
    0.0000    7.5000    0.000016474.9727   23.3128
    7.5000    7.5000    0.000015405.2461   23.3269
   -7.5000   15.0000    0.000015425.5195   23.2131
    0.0000   15.0000    0.000015669.8340   23.3168
    7.5000   15.0000    0.000014661.2344   23.3309
   -7.5000   22.5000    0.000014559.5732   23.1857
    0.0000   22.5000    0.000014751.5820   23.2942
    7.5000   22.5000    0.000013819.9697   23.3162
   -7.5000   30.0000    0.000013547.8555   22.8760
    0.0000   30.0000    0.000013685.9717   22.9945
    7.5000   30.0000    0.000012846.3145   23.0247
   -7.5000   37.5000    0.000012917.0068   22.8701
    0.0000   37.5000    0.000013080.8340   22.9915
    7.5000   37.5000    0.000012264.2041   23.0213
   -7.5000   45.0000    0.000011711.8730   22.3442
    0.0000   45.0000    0.000011885.8145   22.4578
    7.5000   45.0000    0.000011122.1787   22.4788
   -7.5000  -45.0000    7.500010812.9014   23.4684
    0.0000  -45.0000    7.500011071.7930   23.5871
    7.5000  -45.0000    7.500010408.2588   23.6260
   -7.5000  -37.5000    7.500011590.3496   23.3610
    0.0000  -37.5000    7.500011870.1367   23.4660
    7.5000  -37.5000    7.500011126.7305   23.4908
   -7.5000  -30.0000    7.500012767.6426   23.3103
    0.0000  -30.0000    7.500013064.8184   23.4065
    7.5000  -30.0000    7.500012243.1104   23.4209
   -7.5000  -22.5000    7.500013822.8555   23.2737
    0.0000  -22.5000    7.500014134.1426   23.3784
    7.5000  -22.5000    7.500013240.4072   23.3965
   -7.5000  -15.0000    7.500014719.0029   23.2497
    0.0000  -15.0000    7.500014946.2305   23.3715
    7.5000  -15.0000    7.500014048.3330   23.4017
   -7.5000   -7.5000    7.500015543.0586   23.2332
    0.0000   -7.5000    7.500015770.8350   23.3587
    7.5000   -7.5000    7.500014821.7139   23.3991
   -7.5000    0.0000    7.500016425.3105   23.2329
    0.0000    0.0000    7.500016681.9863   23.3491
    7.5000    0.0000    7.500015582.1689   23.3883
   -7.5000    7.5000    7.500015935.9219   23.2597
    0.0000    7.5000    7.500016187.0732   23.3635
    7.5000    7.5000    7.500015092.8936   23.3889
   -7.5000   15.0000    7.500015202.6162   23.2810
    0.0000   15.0000    7.500015431.9717   23.3768
    7.5000   15.0000    7.500014365.9453   23.3918
   -7.5000   22.5000    7.500014337.2861   23.2601
    0.0000   22.5000    7.500014507.1816   23.3646
    7.5000   22.5000    7.500013537.4482   23.3829
   -7.5000   30.0000    7.500013318.9551   22.9488
    0.0000   30.0000    7.500013437.1484   23.0690
    7.5000   30.0000    7.500012583.4502   23.0988
   -7.5000   37.5000    7.500012699.6582   22.9325
    0.0000   37.5000    7.500012821.8916   23.0564
    7.5000   37.5000    7.500012011.2803   23.0963
   -7.5000   45.0000    7.500011501.2891   22.3954
    0.0000   45.0000    7.500011637.7920   22.5075
    7.5000   45.0000    7.500010897.6074   22.5454
   -7.5000  -45.0000   15.000010469.6709   23.5016
    0.0000  -45.0000   15.000010727.3320   23.6019
    7.5000  -45.0000   15.000010063.7705   23.6521
   -7.5000  -37.5000   15.000011238.1689   23.3770
    0.0000  -37.5000   15.000011492.1582   23.4600
    7.5000  -37.5000   15.000010743.8477   23.4951
   -7.5000  -30.0000   15.000012485.0234   23.3206
    0.0000  -30.0000   15.000012723.4541   23.3918
    7.5000  -30.0000   15.000011839.8418   23.4130
   -7.5000  -22.5000   15.000013694.2021   23.2993
    0.0000  -22.5000   15.000013873.4521   23.3798
    7.5000  -22.5000   15.000012862.6836   23.4011
   -7.5000  -15.0000   15.000014426.3740   23.2954
    0.0000  -15.0000   15.000014578.5830   23.3970
    7.5000  -15.0000   15.000013675.4336   23.4281
   -7.5000   -7.5000   15.000014996.1719   23.2810
    0.0000   -7.5000   15.000015268.2041   23.3892
    7.5000   -7.5000   15.000014372.2646   23.4353
   -7.5000    0.0000   15.000015829.5908   23.2661
    0.0000    0.0000   15.000016130.7666   23.3642
    7.5000    0.0000   15.000015088.3115   23.4144
   -7.5000    7.5000   15.000015392.1885   23.2745
    0.0000    7.5000   15.000015640.8877   23.3565
    7.5000    7.5000   15.000014596.2959   23.3921
   -7.5000   15.0000   15.000014754.2061   23.2905
    0.0000   15.0000   15.000014953.3076   23.3613
    7.5000   15.0000   15.000013924.4219   23.3831
   -7.5000   22.5000   15.000013927.9570   23.2856
    0.0000   22.5000   15.000014067.0352   23.3660
    7.5000   22.5000   15.000013113.0068   23.3874
   -7.5000   30.0000   15.000012957.6768   22.9939
    0.0000   30.0000   15.000013011.8672   23.0942
    7.5000   30.0000   15.000012172.8213   23.1249
   -7.5000   37.5000   15.000012349.7402   22.9797
    0.0000   37.5000   15.000012386.8730   23.0865
    7.5000   37.5000   15.000011590.0713   23.1320
   -7.5000   45.0000   15.000011182.1230   22.4275
    0.0000   45.0000   15.000011244.4600   22.5222
    7.5000   45.0000   15.000010533.2695   22.5706
   -7.5000  -45.0000   22.500010101.8027   23.4775
    0.0000  -45.0000   22.500010285.5879   23.5604
    7.5000  -45.0000   22.5000 9638.3477   23.6019
   -7.5000  -37.5000   22.500010828.6738   23.3319
    0.0000  -37.5000   22.500011001.3584   23.3980
    7.5000  -37.5000   22.500010294.3486   23.4303
   -7.5000  -30.0000   22.500012048.6934   23.2577
    0.0000  -30.0000   22.500012224.3340   23.3096
    7.5000  -30.0000   22.500011351.0098   23.3364
   -7.5000  -22.5000   22.500013239.5479   23.2445
    0.0000  -22.5000   22.500013415.7158   23.3016
    7.5000  -22.5000   22.500012353.6602   23.3299
   -7.5000  -15.0000   22.500013841.2520   23.2615
    0.0000  -15.0000   22.500014196.9131   23.3379
    7.5000  -15.0000   22.500013245.7471   23.3711
   -7.5000   -7.5000   22.500014365.8672   23.2614
    0.0000   -7.5000   22.500014844.5664   23.3482
    7.5000   -7.5000   22.500013957.5400   23.3890
   -7.5000    0.0000   22.500015205.4316   23.2443
    0.0000    0.0000   22.500015613.5244   23.3253
    7.5000    0.0000   22.500014593.9346   23.3671
   -7.5000    7.5000   22.500014874.6660   23.2303
    0.0000    7.5000   22.500015123.4082   23.2955
    7.5000    7.5000   22.500014081.9639   23.3283
   -7.5000   15.0000   22.500014327.1162   23.2274
    0.0000   15.0000   22.500014453.1934   23.2789
    7.5000   15.0000   22.500013445.4883   23.3062
   -7.5000   22.5000   22.500013509.0293   23.2308
    0.0000   22.5000   22.500013558.0078   23.2877
    7.5000   22.5000   22.500012602.5527   23.3163
   -7.5000   30.0000   22.500012567.1182   22.9604
    0.0000   30.0000   22.500012549.0322   23.0359
    7.5000   30.0000   22.500011648.9746   23.0687
   -7.5000   37.5000   22.500011943.8750   22.9604
    0.0000   37.5000   22.500011954.8604   23.0461
    7.5000   37.5000   22.500011061.4990   23.0863
   -7.5000   45.0000   22.500010805.3457   22.4063
    0.0000   45.0000   22.500010868.8154   22.4845
    7.5000   45.0000   22.500010080.4053   22.5248
   -7.5000  -45.0000   30.0000 9611.5078   23.4258
    0.0000  -45.0000   30.0000 9755.5830   23.5082
    7.5000  -45.0000   30.0000 9114.7588   23.5334
   -7.5000  -37.5000   30.000010266.8154   23.2759
    0.0000  -37.5000   30.000010451.2861   23.3466
    7.5000  -37.5000   30.0000 9760.4756   23.3686
   -7.5000  -30.0000   30.000011379.7832   23.1923
    0.0000  -30.0000   30.000011627.9463   23.2491
    7.5000  -30.0000   30.000010767.9961   23.2756
   -7.5000  -22.5000   30.000012444.4785   23.1743
    0.0000  -22.5000   30.000012777.6680   23.2311
    7.5000  -22.5000   30.000011669.2734   23.2637
   -7.5000  -15.0000   30.000013234.0996   23.1930
    0.0000  -15.0000   30.000013700.3730   23.2632
    7.5000  -15.0000   30.000012546.2305   23.2978
   -7.5000   -7.5000   30.000014042.8574   23.2027
    0.0000   -7.5000   30.000014476.8926   23.2836
    7.5000   -7.5000   30.000013303.2529   23.3154
   -7.5000    0.0000   30.000014855.5381   23.1949
    0.0000    0.0000   30.000015153.3057   23.2755
    7.5000    0.0000   30.000013948.3545   23.3012
   -7.5000    7.5000   30.000014395.7373   23.1763
    0.0000    7.5000   30.000014535.0332   23.2460
    7.5000    7.5000   30.000013422.0723   23.2686
   -7.5000   15.0000   30.000013735.0918   23.1624
    0.0000   15.0000   30.000013813.0781   23.2189
    7.5000   15.0000   30.000012793.2246   23.2458
   -7.5000   22.5000   30.000012892.7900   23.1606
    0.0000   22.5000   30.000012941.2217   23.2173
    7.5000   22.5000   30.000012004.9727   23.2501
   -7.5000   30.0000   30.000011993.3965   22.8928
    0.0000   30.0000   30.000011984.9912   22.9622
    7.5000   30.0000   30.000011120.4717   22.9963
   -7.5000   37.5000   30.000011369.9717   22.9024
    0.0000   37.5000   30.000011403.0625   22.9823
    7.5000   37.5000   30.000010580.2930   23.0137
   -7.5000   45.0000   30.000010289.0352   22.3584
    0.0000   45.0000   30.000010356.3770   22.4361
    7.5000   45.0000   30.0000 9618.5029   22.4609
   -7.5000  -45.0000   37.5000 9382.5918   23.4895
    0.0000  -45.0000   37.5000 9517.8467   23.5916
    7.5000  -45.0000   37.5000 8874.3682   23.6078
   -7.5000  -37.5000   37.500010073.6396   23.3557
    0.0000  -37.5000   37.500010200.8652   23.4502
    7.5000  -37.5000   37.5000 9511.1074   23.4636
   -7.5000  -30.0000   37.500011219.1211   23.2799
    0.0000  -30.0000   37.500011331.0596   23.3647
    7.5000  -30.0000   37.500010509.9062   23.3849
   -7.5000  -22.5000   37.500012228.6025   23.2478
    0.0000  -22.5000   37.500012428.7822   23.3327
    7.5000  -22.5000   37.500011449.0996   23.3621
   -7.5000  -15.0000   37.500013044.6758   23.2461
    0.0000  -15.0000   37.500013299.2930   23.3404
    7.5000  -15.0000   37.500012303.6973   23.3737
   -7.5000   -7.5000   37.500013875.6221   23.2519
    0.0000   -7.5000   37.500014094.4375   23.3522
    7.5000   -7.5000   37.500013026.6260   23.3795
   -7.5000    0.0000   37.500014595.5439   23.2566
    0.0000    0.0000   37.500014797.9297   23.3565
    7.5000    0.0000   37.500013638.7754   23.3734
   -7.5000    7.5000   37.500014100.6172   23.2564
    0.0000    7.5000   37.500014301.3105   23.3498
    7.5000    7.5000   37.500013177.3643   23.3640
   -7.5000   15.0000   37.500013411.3906   23.2505
    0.0000   15.0000   37.500013592.8721   23.3349
    7.5000   15.0000   37.500012566.5010   23.3556
   -7.5000   22.5000   37.500012610.1172   23.2341
    0.0000   22.5000   37.500012743.3613   23.3189
    7.5000   22.5000   37.500011812.8955   23.3485
   -7.5000   30.0000   37.500011713.3477   22.9453
    0.0000   30.0000   37.500011821.9434   23.0383
    7.5000   30.0000   37.500010966.5400   23.0712
   -7.5000   37.5000   37.500011082.9980   22.9509
    0.0000   37.5000   37.500011220.4619   23.0500
    7.5000   37.5000   37.500010416.6689   23.0769
   -7.5000   45.0000   37.500010022.7617   22.4177
    0.0000   45.0000   37.500010186.3154   22.5141
    7.5000   45.0000   37.5000 9444.0674   22.5305
   -7.5000  -45.0000   45.0000 8639.5498   23.5309
    0.0000  -45.0000   45.0000 8780.2852   23.6532
    7.5000  -45.0000   45.0000 8168.7368   23.6746
   -7.5000  -37.5000   45.0000 9288.5156   23.4182
    0.0000  -37.5000   45.0000 9470.3457   23.5313
    7.5000  -37.5000   45.0000 8791.0244   23.5448
   -7.5000  -30.0000   45.000010276.3203   23.3580
    0.0000  -30.0000   45.000010506.5898   23.4638
    7.5000  -30.0000   45.0000 9738.9141   23.4774
   -7.5000  -22.5000   45.000011088.5977   23.3146
    0.0000  -22.5000   45.000011435.2959   23.4250
    7.5000  -22.5000   45.000010601.7852   23.4472
   -7.5000  -15.0000   45.000011819.9580   23.2902
    0.0000  -15.0000   45.000012203.9863   23.4123
    7.5000  -15.0000   45.000011375.9414   23.4434
   -7.5000   -7.5000   45.000012599.9443   23.2834
    0.0000   -7.5000   45.000012963.9297   23.4083
    7.5000   -7.5000   45.000012037.0830   23.4391
   -7.5000    0.0000   45.000013245.1191   23.2937
    0.0000    0.0000   45.000013625.6777   23.4133
    7.5000    0.0000   45.000012613.0811   23.4354
   -7.5000    7.5000   45.000012812.2080   23.3173
    0.0000    7.5000   45.000013169.5781   23.4292
    7.5000    7.5000   45.000012200.6191   23.4435
   -7.5000   15.0000   45.000012267.1553   23.3286
    0.0000   15.0000   45.000012570.6846   23.4341
    7.5000   15.0000   45.000011662.0801   23.4483
   -7.5000   22.5000   45.000011624.8848   23.3009
    0.0000   22.5000   45.000011845.0020   23.4111
    7.5000   22.5000   45.000011001.2012   23.4335
   -7.5000   30.0000   45.000010825.4307   22.9868
    0.0000   30.0000   45.000011000.6758   23.1073
    7.5000   30.0000   45.000010218.1709   23.1380
   -7.5000   37.5000   45.000010254.2793   22.9801
    0.0000   37.5000   45.000010429.4238   23.1034
    7.5000   37.5000   45.0000 9705.3291   23.1337
   -7.5000   45.0000   45.0000 9301.4238   22.4638
    0.0000   45.0000   45.0000 9482.9512   22.5793
    7.5000   45.0000   45.0000 8808.6787   22.6007

---------------------------------------------------------------------
imgreg_4dfp /opt/freesurfer/average/711-2C_as_mni_average_305 /opt/freesurfer/average/711-2B_as_mni_average_305_mask talsrcimg_g11 none talsrcimg_to_711-2C_as_mni_average_305_t4 4355
---------------------------------------------------------------------

freesurfer imgreg_4dfp.c
/opt/freesurfer/average/711-2C_as_mni_average_305.4dfp.img
       256       256       256         1
  1.000000  1.000000  1.000000
orientation T byte_order littleendian
Reading image: /opt/freesurfer/average/711-2C_as_mni_average_305.4dfp.img
dimensions:      256       256       256
mmppix:       1.0000   -1.0000   -1.0000
center:     128.0000 -129.0000 -129.0000
/opt/freesurfer/average/711-2B_as_mni_average_305_mask.4dfp.img
       256       256       256         1
  1.000000  1.000000  1.000000
orientation T byte_order littleendian
Reading mask: /opt/freesurfer/average/711-2B_as_mni_average_305_mask.4dfp.img (2306576 pixels)
talsrcimg_g11.4dfp.img
       256       256       256         1
  1.000000  1.000000  1.000000
orientation T byte_order littleendian
Reading image: talsrcimg_g11.4dfp.img
dimensions:      256       256       256
mmppix:       1.0000   -1.0000   -1.0000
center:     128.0000 -129.0000 -129.0000
rotation matrix determinant  1.000000
image alignment mode   4355 decimal     1103 hex
   -7.5000  -45.0000  -45.0000 1937.8137   27.8522
    0.0000  -45.0000  -45.0000 1939.3271   28.0953
    7.5000  -45.0000  -45.0000 1926.0934   28.5430
   -7.5000  -37.5000  -45.0000 2022.0536   25.6274
    0.0000  -37.5000  -45.0000 2025.5999   25.7887
    7.5000  -37.5000  -45.0000 2003.1921   26.1793
   -7.5000  -30.0000  -45.0000 2077.8721   23.9885
    0.0000  -30.0000  -45.0000 2084.1560   24.1139
    7.5000  -30.0000  -45.0000 2058.7556   24.4452
   -7.5000  -22.5000  -45.0000 2121.3528   22.7455
    0.0000  -22.5000  -45.0000 2118.7190   22.9028
    7.5000  -22.5000  -45.0000 2090.7695   23.3432
   -7.5000  -15.0000  -45.0000 2147.2212   22.0050
    0.0000  -15.0000  -45.0000 2142.5366   22.1415
    7.5000  -15.0000  -45.0000 2112.5762   22.6996
   -7.5000   -7.5000  -45.0000 2155.2791   21.7272
    0.0000   -7.5000  -45.0000 2151.1833   21.9363
    7.5000   -7.5000  -45.0000 2122.7703   22.5850
   -7.5000    0.0000  -45.0000 2144.3896   21.9470
    0.0000    0.0000  -45.0000 2143.4434   22.1274
    7.5000    0.0000  -45.0000 2109.6357   22.7718
   -7.5000    7.5000  -45.0000 2116.0989   22.5755
    0.0000    7.5000  -45.0000 2119.4131   22.7572
    7.5000    7.5000  -45.0000 2088.0415   23.3577
   -7.5000   15.0000  -45.0000 2078.1064   23.6310
    0.0000   15.0000  -45.0000 2077.3008   23.7709
    7.5000   15.0000  -45.0000 2050.2212   24.2684
   -7.5000   22.5000  -45.0000 2032.1271   24.9873
    0.0000   22.5000  -45.0000 2033.7023   25.1222
    7.5000   22.5000  -45.0000 2005.9469   25.6975
   -7.5000   30.0000  -45.0000 1966.6095   26.8487
    0.0000   30.0000  -45.0000 1964.5413   27.1229
    7.5000   30.0000  -45.0000 1933.9731   27.6993
   -7.5000   37.5000  -45.0000 1879.8796   29.5377
    0.0000   37.5000  -45.0000 1883.7544   29.7549
    7.5000   37.5000  -45.0000 1846.8901   30.3901
   -7.5000   45.0000  -45.0000 1779.6100   33.2171
    0.0000   45.0000  -45.0000 1783.0946   33.3262
    7.5000   45.0000  -45.0000 1742.7675   33.9629
   -7.5000  -45.0000  -37.5000 2024.5315   26.0260
    0.0000  -45.0000  -37.5000 2018.9619   26.1460
    7.5000  -45.0000  -37.5000 1999.2097   26.5319
   -7.5000  -37.5000  -37.5000 2106.8853   23.8413
    0.0000  -37.5000  -37.5000 2105.4968   23.9023
    7.5000  -37.5000  -37.5000 2078.1499   24.3152
   -7.5000  -30.0000  -37.5000 2175.0071   22.2089
    0.0000  -30.0000  -37.5000 2171.8320   22.2608
    7.5000  -30.0000  -37.5000 2140.3440   22.6567
   -7.5000  -22.5000  -37.5000 2211.8892   21.0802
    0.0000  -22.5000  -37.5000 2210.8040   21.1628
    7.5000  -22.5000  -37.5000 2182.2866   21.6122
   -7.5000  -15.0000  -37.5000 2240.2354   20.3754
    0.0000  -15.0000  -37.5000 2241.5447   20.5033
    7.5000  -15.0000  -37.5000 2214.5664   21.0092
   -7.5000   -7.5000  -37.5000 2259.7458   20.1182
    0.0000   -7.5000  -37.5000 2251.6719   20.2973
    7.5000   -7.5000  -37.5000 2226.8237   20.8248
   -7.5000    0.0000  -37.5000 2252.5466   20.2042
    0.0000    0.0000  -37.5000 2245.2393   20.3781
    7.5000    0.0000  -37.5000 2218.8425   20.9287
   -7.5000    7.5000  -37.5000 2227.6472   20.7703
    0.0000    7.5000  -37.5000 2221.8989   20.8648
    7.5000    7.5000  -37.5000 2197.4141   21.4211
   -7.5000   15.0000  -37.5000 2182.1348   21.6494
    0.0000   15.0000  -37.5000 2177.6196   21.7162
    7.5000   15.0000  -37.5000 2152.7034   22.2595
   -7.5000   22.5000  -37.5000 2129.3335   22.8556
    0.0000   22.5000  -37.5000 2127.8044   22.9380
    7.5000   22.5000  -37.5000 2096.4043   23.4927
   -7.5000   30.0000  -37.5000 2051.4453   24.5591
    0.0000   30.0000  -37.5000 2047.4468   24.7595
    7.5000   30.0000  -37.5000 2017.3665   25.3676
   -7.5000   37.5000  -37.5000 1962.7838   26.9746
    0.0000   37.5000  -37.5000 1958.1704   27.2311
    7.5000   37.5000  -37.5000 1932.1798   27.8897
   -7.5000   45.0000  -37.5000 1859.9443   30.2608
    0.0000   45.0000  -37.5000 1858.4818   30.5046
    7.5000   45.0000  -37.5000 1824.7791   31.0904
   -7.5000  -45.0000  -30.0000 2143.6184   25.0350
    0.0000  -45.0000  -30.0000 2130.6228   25.1184
    7.5000  -45.0000  -30.0000 2107.4893   25.5732
   -7.5000  -37.5000  -30.0000 2226.3831   22.8937
    0.0000  -37.5000  -30.0000 2222.5957   22.9027
    7.5000  -37.5000  -30.0000 2194.0090   23.3714
   -7.5000  -30.0000  -30.0000 2302.4160   21.2889
    0.0000  -30.0000  -30.0000 2298.4260   21.2767
    7.5000  -30.0000  -30.0000 2268.7256   21.7037
   -7.5000  -22.5000  -30.0000 2351.2175   20.2419
    0.0000  -22.5000  -30.0000 2346.9832   20.2333
    7.5000  -22.5000  -30.0000 2321.3518   20.6645
   -7.5000  -15.0000  -30.0000 2379.2078   19.5349
    0.0000  -15.0000  -30.0000 2377.1196   19.6260
    7.5000  -15.0000  -30.0000 2355.6072   20.1174
   -7.5000   -7.5000  -30.0000 2391.8237   19.2576
    0.0000   -7.5000  -30.0000 2387.0344   19.3577
    7.5000   -7.5000  -30.0000 2360.1897   19.8688
   -7.5000    0.0000  -30.0000 2384.1819   19.2517
    0.0000    0.0000  -30.0000 2380.0173   19.3180
    7.5000    0.0000  -30.0000 2353.7229   19.8759
   -7.5000    7.5000  -30.0000 2372.8997   19.7154
    0.0000    7.5000  -30.0000 2362.1826   19.7464
    7.5000    7.5000  -30.0000 2331.6990   20.2791
   -7.5000   15.0000  -30.0000 2329.6833   20.5844
    0.0000   15.0000  -30.0000 2319.6377   20.5669
    7.5000   15.0000  -30.0000 2288.8413   21.0692
   -7.5000   22.5000  -30.0000 2270.9436   21.7657
    0.0000   22.5000  -30.0000 2264.2324   21.7976
    7.5000   22.5000  -30.0000 2229.7410   22.3057
   -7.5000   30.0000  -30.0000 2186.1807   23.3544
    0.0000   30.0000  -30.0000 2175.8042   23.4831
    7.5000   30.0000  -30.0000 2145.8906   24.0670
   -7.5000   37.5000  -30.0000 2082.4375   25.5339
    0.0000   37.5000  -30.0000 2072.8853   25.7205
    7.5000   37.5000  -30.0000 2049.7109   26.3913
   -7.5000   45.0000  -30.0000 1977.7828   28.6100
    0.0000   45.0000  -30.0000 1969.1823   28.7515
    7.5000   45.0000  -30.0000 1932.5945   29.4409
   -7.5000  -45.0000  -22.5000 2245.7239   23.9571
    0.0000  -45.0000  -22.5000 2235.6960   23.9327
    7.5000  -45.0000  -22.5000 2204.3555   24.3559
   -7.5000  -37.5000  -22.5000 2342.9680   21.7615
    0.0000  -37.5000  -22.5000 2332.4514   21.7482
    7.5000  -37.5000  -22.5000 2294.1414   22.1911
   -7.5000  -30.0000  -22.5000 2417.7246   20.1600
    0.0000  -30.0000  -22.5000 2402.6099   20.1104
    7.5000  -30.0000  -22.5000 2366.1140   20.5334
   -7.5000  -22.5000  -22.5000 2475.9958   19.0927
    0.0000  -22.5000  -22.5000 2462.1890   19.0532
    7.5000  -22.5000  -22.5000 2428.9492   19.4815
   -7.5000  -15.0000  -22.5000 2505.7356   18.3789
    0.0000  -15.0000  -22.5000 2493.4570   18.4158
    7.5000  -15.0000  -22.5000 2463.9551   18.8958
   -7.5000   -7.5000  -22.5000 2519.7988   18.1532
    0.0000   -7.5000  -22.5000 2512.0769   18.1802
    7.5000   -7.5000  -22.5000 2483.9216   18.7032
   -7.5000    0.0000  -22.5000 2513.9033   18.2201
    0.0000    0.0000  -22.5000 2507.4814   18.2210
    7.5000    0.0000  -22.5000 2480.7810   18.7352
   -7.5000    7.5000  -22.5000 2500.1465   18.6356
    0.0000    7.5000  -22.5000 2491.5688   18.6376
    7.5000    7.5000  -22.5000 2459.5073   19.1583
   -7.5000   15.0000  -22.5000 2460.9048   19.3833
    0.0000   15.0000  -22.5000 2451.6414   19.3207
    7.5000   15.0000  -22.5000 2414.7239   19.8479
   -7.5000   22.5000  -22.5000 2398.8435   20.4733
    0.0000   22.5000  -22.5000 2387.6843   20.4384
    7.5000   22.5000  -22.5000 2345.4170   20.9629
   -7.5000   30.0000  -22.5000 2306.4221   21.9854
    0.0000   30.0000  -22.5000 2291.9153   22.0183
    7.5000   30.0000  -22.5000 2255.6436   22.5555
   -7.5000   37.5000  -22.5000 2198.4944   24.0132
    0.0000   37.5000  -22.5000 2185.0742   24.0861
    7.5000   37.5000  -22.5000 2156.7275   24.6961
   -7.5000   45.0000  -22.5000 2084.8613   26.7984
    0.0000   45.0000  -22.5000 2075.8430   26.8838
    7.5000   45.0000  -22.5000 2041.1396   27.5553
   -7.5000  -45.0000  -15.0000 2315.1865   22.9323
    0.0000  -45.0000  -15.0000 2305.3708   22.8434
    7.5000  -45.0000  -15.0000 2266.7659   23.2630
   -7.5000  -37.5000  -15.0000 2414.9131   20.7891
    0.0000  -37.5000  -15.0000 2404.3809   20.7215
    7.5000  -37.5000  -15.0000 2370.2395   21.0990
   -7.5000  -30.0000  -15.0000 2497.0620   19.1106
    0.0000  -30.0000  -15.0000 2480.5947   19.0671
    7.5000  -30.0000  -15.0000 2450.3987   19.4410
   -7.5000  -22.5000  -15.0000 2563.0146   17.9419
    0.0000  -22.5000  -15.0000 2552.6814   17.9759
    7.5000  -22.5000  -15.0000 2515.8313   18.3718
   -7.5000  -15.0000  -15.0000 2596.2217   17.2353
    0.0000  -15.0000  -15.0000 2587.4634   17.2773
    7.5000  -15.0000  -15.0000 2555.9805   17.7528
   -7.5000   -7.5000  -15.0000 2623.2134   16.9795
    0.0000   -7.5000  -15.0000 2619.4580   17.0656
    7.5000   -7.5000  -15.0000 2579.3994   17.5062
   -7.5000    0.0000  -15.0000 2622.9644   17.1317
    0.0000    0.0000  -15.0000 2615.4551   17.1815
    7.5000    0.0000  -15.0000 2575.5247   17.6165
   -7.5000    7.5000  -15.0000 2608.6440   17.6034
    0.0000    7.5000  -15.0000 2599.6780   17.6160
    7.5000    7.5000  -15.0000 2560.6572   18.0712
   -7.5000   15.0000  -15.0000 2568.1836   18.2864
    0.0000   15.0000  -15.0000 2558.4104   18.2817
    7.5000   15.0000  -15.0000 2512.8701   18.7494
   -7.5000   22.5000  -15.0000 2506.2402   19.2601
    0.0000   22.5000  -15.0000 2498.0354   19.2798
    7.5000   22.5000  -15.0000 2444.1013   19.7335
   -7.5000   30.0000  -15.0000 2408.8486   20.5978
    0.0000   30.0000  -15.0000 2401.3555   20.6467
    7.5000   30.0000  -15.0000 2350.0664   21.1044
   -7.5000   37.5000  -15.0000 2287.2351   22.4715
    0.0000   37.5000  -15.0000 2279.1489   22.5988
    7.5000   37.5000  -15.0000 2230.6213   23.0703
   -7.5000   45.0000  -15.0000 2160.9451   25.0297
    0.0000   45.0000  -15.0000 2151.2356   25.1639
    7.5000   45.0000  -15.0000 2110.4788   25.7096
   -7.5000  -45.0000   -7.5000 2360.8098   21.9331
    0.0000  -45.0000   -7.5000 2348.4548   21.8386
    7.5000  -45.0000   -7.5000 2307.2256   22.3291
   -7.5000  -37.5000   -7.5000 2467.4011   19.8737
    0.0000  -37.5000   -7.5000 2456.5247   19.7710
    7.5000  -37.5000   -7.5000 2423.8811   20.1913
   -7.5000  -30.0000   -7.5000 2554.8418   18.2323
    0.0000  -30.0000   -7.5000 2545.1060   18.1947
    7.5000  -30.0000   -7.5000 2515.2417   18.5823
   -7.5000  -22.5000   -7.5000 2628.3469   16.9615
    0.0000  -22.5000   -7.5000 2621.5188   17.0311
    7.5000  -22.5000   -7.5000 2592.5410   17.4211
   -7.5000  -15.0000   -7.5000 2675.4861   16.1988
    0.0000  -15.0000   -7.5000 2670.0400   16.3356
    7.5000  -15.0000   -7.5000 2637.9919   16.7255
   -7.5000   -7.5000   -7.5000 2705.3623   15.9279
    0.0000   -7.5000   -7.5000 2701.1602   16.0328
    7.5000   -7.5000   -7.5000 2661.5303   16.4592
   -7.5000    0.0000   -7.5000 2713.3921   16.1360
    0.0000    0.0000   -7.5000 2705.7708   16.2158
    7.5000    0.0000   -7.5000 2661.7673   16.6538
   -7.5000    7.5000   -7.5000 2702.5220   16.6417
    0.0000    7.5000   -7.5000 2692.1042   16.7141
    7.5000    7.5000   -7.5000 2648.1514   17.0973
   -7.5000   15.0000   -7.5000 2656.8179   17.3014
    0.0000   15.0000   -7.5000 2647.9014   17.3363
    7.5000   15.0000   -7.5000 2597.9536   17.7647
   -7.5000   22.5000   -7.5000 2593.9685   18.1859
    0.0000   22.5000   -7.5000 2583.0803   18.2143
    7.5000   22.5000   -7.5000 2528.9121   18.6691
   -7.5000   30.0000   -7.5000 2490.7886   19.4150
    0.0000   30.0000   -7.5000 2481.3379   19.4790
    7.5000   30.0000   -7.5000 2430.7803   19.9974
   -7.5000   37.5000   -7.5000 2363.6736   21.1729
    0.0000   37.5000   -7.5000 2352.3796   21.2834
    7.5000   37.5000   -7.5000 2309.3787   21.8027
   -7.5000   45.0000   -7.5000 2218.3162   23.5478
    0.0000   45.0000   -7.5000 2211.7449   23.6835
    7.5000   45.0000   -7.5000 2177.4299   24.1975
   -7.5000  -45.0000    0.0000 2377.2473   21.2238
    0.0000  -45.0000    0.0000 2365.0898   21.2300
    7.5000  -45.0000    0.0000 2332.6711   21.7922
   -7.5000  -37.5000    0.0000 2491.6697   19.2000
    0.0000  -37.5000    0.0000 2488.2527   19.1862
    7.5000  -37.5000    0.0000 2457.8474   19.6624
   -7.5000  -30.0000    0.0000 2588.6035   17.5943
    0.0000  -30.0000    0.0000 2589.9832   17.6213
    7.5000  -30.0000    0.0000 2558.6685   18.0559
   -7.5000  -22.5000    0.0000 2668.6086   16.3321
    0.0000  -22.5000    0.0000 2677.7561   16.4163
    7.5000  -22.5000    0.0000 2642.2615   16.8663
   -7.5000  -15.0000    0.0000 2729.5647   15.4729
    0.0000  -15.0000    0.0000 2728.8662   15.6319
    7.5000  -15.0000    0.0000 2691.2456   16.0659
   -7.5000   -7.5000    0.0000 2766.7881   15.1690
    0.0000   -7.5000    0.0000 2764.6775   15.3074
    7.5000   -7.5000    0.0000 2726.3423   15.7472
   -7.5000    0.0000    0.0000 2784.5862   15.3321
    0.0000    0.0000    0.0000 2782.5188   15.4837
    7.5000    0.0000    0.0000 2732.7729   15.8740
   -7.5000    7.5000    0.0000 2768.7468   15.8702
    0.0000    7.5000    0.0000 2763.8447   15.9878
    7.5000    7.5000    0.0000 2712.9709   16.3738
   -7.5000   15.0000    0.0000 2722.0850   16.5335
    0.0000   15.0000    0.0000 2712.6880   16.6382
    7.5000   15.0000    0.0000 2664.7815   17.0298
   -7.5000   22.5000    0.0000 2651.8491   17.3872
    0.0000   22.5000    0.0000 2643.4504   17.4835
    7.5000   22.5000    0.0000 2596.2947   17.9250
   -7.5000   30.0000    0.0000 2547.2358   18.5733
    0.0000   30.0000    0.0000 2534.8875   18.6846
    7.5000   30.0000    0.0000 2493.1155   19.2138
   -7.5000   37.5000    0.0000 2418.9502   20.2882
    0.0000   37.5000    0.0000 2410.9758   20.3785
    7.5000   37.5000    0.0000 2368.0984   20.9372
   -7.5000   45.0000    0.0000 2270.2466   22.5438
    0.0000   45.0000    0.0000 2262.5815   22.6331
    7.5000   45.0000    0.0000 2221.4224   23.2168
   -7.5000  -45.0000    7.5000 2379.4734   20.7954
    0.0000  -45.0000    7.5000 2373.4189   20.9027
    7.5000  -45.0000    7.5000 2338.1980   21.4955
   -7.5000  -37.5000    7.5000 2503.0039   18.7758
    0.0000  -37.5000    7.5000 2504.2322   18.8362
    7.5000  -37.5000    7.5000 2461.2595   19.3882
   -7.5000  -30.0000    7.5000 2614.3655   17.1887
    0.0000  -30.0000    7.5000 2616.1099   17.2626
    7.5000  -30.0000    7.5000 2575.6157   17.7880
   -7.5000  -22.5000    7.5000 2710.7463   15.9537
    0.0000  -22.5000    7.5000 2714.7312   16.0289
    7.5000  -22.5000    7.5000 2668.9189   16.5633
   -7.5000  -15.0000    7.5000 2784.9429   15.0401
    0.0000  -15.0000    7.5000 2778.1111   15.1563
    7.5000  -15.0000    7.5000 2728.6025   15.7277
   -7.5000   -7.5000    7.5000 2825.3511   14.6382
    0.0000   -7.5000    7.5000 2819.8240   14.7895
    7.5000   -7.5000    7.5000 2773.0952   15.3142
   -7.5000    0.0000    7.5000 2847.9548   14.7790
    0.0000    0.0000    7.5000 2845.8533   14.9285
    7.5000    0.0000    7.5000 2788.5127   15.3374
   -7.5000    7.5000    7.5000 2830.7683   15.2799
    0.0000    7.5000    7.5000 2824.0093   15.4141
    7.5000    7.5000    7.5000 2768.7449   15.8055
   -7.5000   15.0000    7.5000 2774.1936   15.9764
    0.0000   15.0000    7.5000 2768.1482   16.1469
    7.5000   15.0000    7.5000 2716.3005   16.5731
   -7.5000   22.5000    7.5000 2696.3950   16.8934
    0.0000   22.5000    7.5000 2691.7751   17.0504
    7.5000   22.5000    7.5000 2645.7661   17.4803
   -7.5000   30.0000    7.5000 2586.7590   18.0566
    0.0000   30.0000    7.5000 2579.5925   18.2332
    7.5000   30.0000    7.5000 2534.9495   18.7085
   -7.5000   37.5000    7.5000 2462.9377   19.6911
    0.0000   37.5000    7.5000 2459.3521   19.8305
    7.5000   37.5000    7.5000 2409.6064   20.3717
   -7.5000   45.0000    7.5000 2311.1392   21.8399
    0.0000   45.0000    7.5000 2304.9546   21.9596
    7.5000   45.0000    7.5000 2259.3120   22.5413
   -7.5000  -45.0000   15.0000 2367.3997   20.6306
    0.0000  -45.0000   15.0000 2365.6577   20.8302
    7.5000  -45.0000   15.0000 2323.2019   21.5249
   -7.5000  -37.5000   15.0000 2495.8755   18.5446
    0.0000  -37.5000   15.0000 2492.6953   18.7123
    7.5000  -37.5000   15.0000 2447.3918   19.3715
   -7.5000  -30.0000   15.0000 2615.0757   16.9850
    0.0000  -30.0000   15.0000 2610.7375   17.1117
    7.5000  -30.0000   15.0000 2565.8481   17.7111
   -7.5000  -22.5000   15.0000 2725.3792   15.8322
    0.0000  -22.5000   15.0000 2722.5840   15.9054
    7.5000  -22.5000   15.0000 2671.2292   16.4723
   -7.5000  -15.0000   15.0000 2816.4670   14.8355
    0.0000  -15.0000   15.0000 2802.6221   15.0029
    7.5000  -15.0000   15.0000 2746.1160   15.6378
   -7.5000   -7.5000   15.0000 2860.9028   14.1991
    0.0000   -7.5000   15.0000 2847.6294   14.4328
    7.5000   -7.5000   15.0000 2792.1831   15.1407
   -7.5000    0.0000   15.0000 2879.9397   14.3105
    0.0000    0.0000   15.0000 2874.0430   14.5703
    7.5000    0.0000   15.0000 2808.6519   15.1626
   -7.5000    7.5000   15.0000 2857.6543   14.8418
    0.0000    7.5000   15.0000 2846.5925   15.0738
    7.5000    7.5000   15.0000 2796.2788   15.5844
   -7.5000   15.0000   15.0000 2802.7939   15.6054
    0.0000   15.0000   15.0000 2792.4495   15.8140
    7.5000   15.0000   15.0000 2746.1074   16.3120
   -7.5000   22.5000   15.0000 2717.3828   16.5717
    0.0000   22.5000   15.0000 2709.8462   16.7575
    7.5000   22.5000   15.0000 2668.8911   17.2431
   -7.5000   30.0000   15.0000 2606.1682   17.7727
    0.0000   30.0000   15.0000 2594.2815   17.9126
    7.5000   30.0000   15.0000 2555.7991   18.4583
   -7.5000   37.5000   15.0000 2482.6790   19.3630
    0.0000   37.5000   15.0000 2467.1082   19.4899
    7.5000   37.5000   15.0000 2427.4976   20.0755
   -7.5000   45.0000   15.0000 2331.0586   21.4161
    0.0000   45.0000   15.0000 2320.1038   21.5547
    7.5000   45.0000   15.0000 2281.5120   22.1939
   -7.5000  -45.0000   22.5000 2338.4714   20.6836
    0.0000  -45.0000   22.5000 2333.7571   20.9329
    7.5000  -45.0000   22.5000 2298.2703   21.7530
   -7.5000  -37.5000   22.5000 2472.8127   18.5915
    0.0000  -37.5000   22.5000 2463.5552   18.7896
    7.5000  -37.5000   22.5000 2424.1672   19.5045
   -7.5000  -30.0000   22.5000 2594.0815   16.9782
    0.0000  -30.0000   22.5000 2586.9153   17.1566
    7.5000  -30.0000   22.5000 2548.3816   17.8212
   -7.5000  -22.5000   22.5000 2709.4746   15.8251
    0.0000  -22.5000   22.5000 2705.4397   15.9820
    7.5000  -22.5000   22.5000 2657.7207   16.5773
   -7.5000  -15.0000   22.5000 2810.9390   14.8402
    0.0000  -15.0000   22.5000 2798.1995   15.1309
    7.5000  -15.0000   22.5000 2743.0481   15.7758
   -7.5000   -7.5000   22.5000 2866.8306   14.1077
    0.0000   -7.5000   22.5000 2860.1304   14.5640
    7.5000   -7.5000   22.5000 2797.8940   15.3234
   -7.5000    0.0000   22.5000 2902.3630   14.1995
    0.0000    0.0000   22.5000 2890.3496   14.5629
    7.5000    0.0000   22.5000 2817.7732   15.2606
   -7.5000    7.5000   22.5000 2878.5466   14.7733
    0.0000    7.5000   22.5000 2862.0312   14.9699
    7.5000    7.5000   22.5000 2801.4927   15.5369
   -7.5000   15.0000   22.5000 2815.6543   15.5643
    0.0000   15.0000   22.5000 2799.0847   15.7058
    7.5000   15.0000   22.5000 2750.3477   16.1818
   -7.5000   22.5000   22.5000 2719.5500   16.5493
    0.0000   22.5000   22.5000 2706.5251   16.6508
    7.5000   22.5000   22.5000 2664.5396   17.1258
   -7.5000   30.0000   22.5000 2611.0088   17.7665
    0.0000   30.0000   22.5000 2594.1179   17.8407
    7.5000   30.0000   22.5000 2550.9944   18.3619
   -7.5000   37.5000   22.5000 2484.5217   19.3798
    0.0000   37.5000   22.5000 2470.1294   19.3968
    7.5000   37.5000   22.5000 2420.2715   19.9496
   -7.5000   45.0000   22.5000 2331.6672   21.3934
    0.0000   45.0000   22.5000 2322.4226   21.4452
    7.5000   45.0000   22.5000 2279.9966   22.0313
   -7.5000  -45.0000   30.0000 2299.9397   21.1653
    0.0000  -45.0000   30.0000 2292.4373   21.5183
    7.5000  -45.0000   30.0000 2258.0872   22.4195
   -7.5000  -37.5000   30.0000 2428.2861   18.9054
    0.0000  -37.5000   30.0000 2422.7908   19.2796
    7.5000  -37.5000   30.0000 2388.9692   20.0805
   -7.5000  -30.0000   30.0000 2549.8059   17.2521
    0.0000  -30.0000   30.0000 2552.8108   17.6157
    7.5000  -30.0000   30.0000 2516.0583   18.3240
   -7.5000  -22.5000   30.0000 2671.3008   16.1401
    0.0000  -22.5000   30.0000 2677.0283   16.4581
    7.5000  -22.5000   30.0000 2622.6902   17.0336
   -7.5000  -15.0000   30.0000 2784.1416   15.2337
    0.0000  -15.0000   30.0000 2775.3833   15.6361
    7.5000  -15.0000   30.0000 2712.7087   16.1975
   -7.5000   -7.5000   30.0000 2856.4207   14.7515
    0.0000   -7.5000   30.0000 2845.9666   15.1166
    7.5000   -7.5000   30.0000 2774.2041   15.6873
   -7.5000    0.0000   30.0000 2887.3484   14.8060
    0.0000    0.0000   30.0000 2871.9402   14.9872
    7.5000    0.0000   30.0000 2790.5823   15.5922
   -7.5000    7.5000   30.0000 2865.2083   15.0998
    0.0000    7.5000   30.0000 2844.8230   15.2319
    7.5000    7.5000   30.0000 2779.0906   15.7655
   -7.5000   15.0000   30.0000 2795.8171   15.7351
    0.0000   15.0000   30.0000 2780.5791   15.8325
    7.5000   15.0000   30.0000 2729.6758   16.3282
   -7.5000   22.5000   30.0000 2699.6956   16.6965
    0.0000   22.5000   30.0000 2688.2336   16.8192
    7.5000   22.5000   30.0000 2642.9487   17.2813
   -7.5000   30.0000   30.0000 2596.5889   17.9712
    0.0000   30.0000   30.0000 2577.2927   18.0659
    7.5000   30.0000   30.0000 2533.7341   18.5433
   -7.5000   37.5000   30.0000 2463.7856   19.6079
    0.0000   37.5000   30.0000 2450.2551   19.6463
    7.5000   37.5000   30.0000 2412.4902   20.1329
   -7.5000   45.0000   30.0000 2314.4155   21.6485
    0.0000   45.0000   30.0000 2303.4106   21.6832
    7.5000   45.0000   30.0000 2266.8008   22.1825
   -7.5000  -45.0000   37.5000 2260.7109   22.0858
    0.0000  -45.0000   37.5000 2258.9949   22.5154
    7.5000  -45.0000   37.5000 2223.4128   23.4530
   -7.5000  -37.5000   37.5000 2395.6182   19.8715
    0.0000  -37.5000   37.5000 2383.1338   20.2609
    7.5000  -37.5000   37.5000 2351.1699   21.0845
   -7.5000  -30.0000   37.5000 2519.3962   18.2615
    0.0000  -30.0000   37.5000 2508.9124   18.5827
    7.5000  -30.0000   37.5000 2469.6479   19.2660
   -7.5000  -22.5000   37.5000 2636.3989   17.0471
    0.0000  -22.5000   37.5000 2630.0562   17.3429
    7.5000  -22.5000   37.5000 2579.1929   17.9666
   -7.5000  -15.0000   37.5000 2727.4990   15.9741
    0.0000  -15.0000   37.5000 2717.9680   16.4460
    7.5000  -15.0000   37.5000 2661.0923   17.0215
   -7.5000   -7.5000   37.5000 2794.2898   15.5889
    0.0000   -7.5000   37.5000 2786.3516   15.9166
    7.5000   -7.5000   37.5000 2716.5217   16.4634
   -7.5000    0.0000   37.5000 2817.7092   15.6087
    0.0000    0.0000   37.5000 2807.1389   15.7902
    7.5000    0.0000   37.5000 2732.5808   16.2662
   -7.5000    7.5000   37.5000 2801.5396   15.8595
    0.0000    7.5000   37.5000 2791.7229   15.9887
    7.5000    7.5000   37.5000 2728.8921   16.4345
   -7.5000   15.0000   37.5000 2743.7246   16.4078
    0.0000   15.0000   37.5000 2733.8992   16.5103
    7.5000   15.0000   37.5000 2681.8645   16.9612
   -7.5000   22.5000   37.5000 2660.9570   17.2496
    0.0000   22.5000   37.5000 2644.9436   17.3937
    7.5000   22.5000   37.5000 2606.8948   17.8638
   -7.5000   30.0000   37.5000 2560.2288   18.4108
    0.0000   30.0000   37.5000 2543.1135   18.5460
    7.5000   30.0000   37.5000 2504.8447   19.0584
   -7.5000   37.5000   37.5000 2429.5796   19.9622
    0.0000   37.5000   37.5000 2419.2346   20.0529
    7.5000   37.5000   37.5000 2386.1138   20.5828
   -7.5000   45.0000   37.5000 2280.6064   21.9521
    0.0000   45.0000   37.5000 2275.5134   22.0019
    7.5000   45.0000   37.5000 2239.1565   22.5421
   -7.5000  -45.0000   45.0000 2211.0864   23.6246
    0.0000  -45.0000   45.0000 2199.1487   24.1297
    7.5000  -45.0000   45.0000 2170.8452   25.0073
   -7.5000  -37.5000   45.0000 2346.6667   21.2480
    0.0000  -37.5000   45.0000 2330.3816   21.7502
    7.5000  -37.5000   45.0000 2295.5483   22.5276
   -7.5000  -30.0000   45.0000 2464.1360   19.4013
    0.0000  -30.0000   45.0000 2453.7952   19.8850
    7.5000  -30.0000   45.0000 2413.7102   20.6274
   -7.5000  -22.5000   45.0000 2566.9233   17.9446
    0.0000  -22.5000   45.0000 2565.2898   18.4608
    7.5000  -22.5000   45.0000 2515.8098   19.1849
   -7.5000  -15.0000   45.0000 2648.9443   16.9029
    0.0000  -15.0000   45.0000 2645.9836   17.4788
    7.5000  -15.0000   45.0000 2591.8621   18.1378
   -7.5000   -7.5000   45.0000 2709.0291   16.5148
    0.0000   -7.5000   45.0000 2711.4287   16.9392
    7.5000   -7.5000   45.0000 2642.5525   17.4936
   -7.5000    0.0000   45.0000 2723.3679   16.4317
    0.0000    0.0000   45.0000 2728.1582   16.7796
    7.5000    0.0000   45.0000 2656.9114   17.2578
   -7.5000    7.5000   45.0000 2704.4978   16.6888
    0.0000    7.5000   45.0000 2712.0896   16.9471
    7.5000    7.5000   45.0000 2652.5801   17.3917
   -7.5000   15.0000   45.0000 2656.4907   17.2731
    0.0000   15.0000   45.0000 2659.4802   17.4385
    7.5000   15.0000   45.0000 2609.7129   17.8886
   -7.5000   22.5000   45.0000 2595.5005   18.1103
    0.0000   22.5000   45.0000 2583.5835   18.2817
    7.5000   22.5000   45.0000 2541.2339   18.7605
   -7.5000   30.0000   45.0000 2499.1296   19.1863
    0.0000   30.0000   45.0000 2487.1301   19.3703
    7.5000   30.0000   45.0000 2448.1245   19.8958
   -7.5000   37.5000   45.0000 2378.5974   20.6625
    0.0000   37.5000   45.0000 2366.6553   20.8359
    7.5000   37.5000   45.0000 2335.7092   21.3777
   -7.5000   45.0000   45.0000 2244.4351   22.6449
    0.0000   45.0000   45.0000 2229.7769   22.7365
    7.5000   45.0000   45.0000 2198.5732   23.3104

---------------------------------------------------------------------
imgreg_4dfp /opt/freesurfer/average/711-2C_as_mni_average_305 /opt/freesurfer/average/711-2B_as_mni_average_305_mask talsrcimg_g11 none talsrcimg_to_711-2C_as_mni_average_305_t4 1283
---------------------------------------------------------------------

freesurfer imgreg_4dfp.c
/opt/freesurfer/average/711-2C_as_mni_average_305.4dfp.img
       256       256       256         1
  1.000000  1.000000  1.000000
orientation T byte_order littleendian
Reading image: /opt/freesurfer/average/711-2C_as_mni_average_305.4dfp.img
dimensions:      256       256       256
mmppix:       1.0000   -1.0000   -1.0000
center:     128.0000 -129.0000 -129.0000
/opt/freesurfer/average/711-2B_as_mni_average_305_mask.4dfp.img
       256       256       256         1
  1.000000  1.000000  1.000000
orientation T byte_order littleendian
Reading mask: /opt/freesurfer/average/711-2B_as_mni_average_305_mask.4dfp.img (2306576 pixels)
talsrcimg_g11.4dfp.img
       256       256       256         1
  1.000000  1.000000  1.000000
orientation T byte_order littleendian
Reading image: talsrcimg_g11.4dfp.img
dimensions:      256       256       256
mmppix:       1.0000   -1.0000   -1.0000
center:     128.0000 -129.0000 -129.0000
rotation matrix determinant  1.000000
fimgreg.f
image alignment mode   1283 decimal      503 hex
parameters
   -7.5000    0.0000   22.5000    0.0000    0.0000    0.0000
eta,q 0.91218 14.17434
niter,ni,del,rscale     5    3   12.0000    1.2000
parameter  3 86.782631 ->  0.500000 qaram    1.1500
parameter  4  0.943620 ->  0.500000 qaram    1.1500
parameter  6  1.855199 ->  0.500000 qaram    1.1500
parameters
   -5.2258    1.9034   19.0500   -3.4500    0.3319   -3.4500
eta,q 0.92286 14.06441
  0.1005  0.0957  0.0878  0.0808  0.0869  0.0762
  0.0939  0.0938  0.0838  0.0811  0.0837  0.0767
  0.0909  0.0917  0.0852  0.0810  0.0812  0.0786
  0.0903  0.0907  0.0905  0.0842  0.0809  0.0812
  0.0905  0.0907  0.0942  0.0882  0.0822  0.0841
  0.0899  0.0905  0.0941  0.0923  0.0838  0.0870
  0.0906  0.0921  0.0923  0.0962  0.0849  0.0900
niter,ni,del,rscale     7    3   12.0000    1.2000
parameter  4  0.676930 ->  0.500000 qaram    1.3225
parameter  6  0.638135 ->  0.500000 qaram    1.3225
parameters
   -4.9618    1.7326   20.1353   -7.4175    1.5243   -7.4175
eta,q 0.92434 14.07424
  0.0885  0.0858  0.0956  0.0770  0.0838  0.0774
  0.0860  0.0817  0.0884  0.0770  0.0800  0.0758
  0.0800  0.0780  0.0795  0.0778  0.0774  0.0761
  0.0771  0.0773  0.0772  0.0782  0.0772  0.0778
  0.0799  0.0794  0.0804  0.0804  0.0784  0.0799
  0.0827  0.0822  0.0848  0.0840  0.0790  0.0814
  0.0880  0.0866  0.0855  0.0877  0.0791  0.0837
niter,ni,del,rscale     7    3   12.0000    1.2000
parameters
   -5.5996    3.4415   20.9291   -9.2182    1.7920   -7.7112
eta,q 0.92449 14.19682
  0.0808  0.0884  0.0869  0.0810  0.0813  0.0805
  0.0797  0.0844  0.0785  0.0755  0.0784  0.0779
  0.0769  0.0790  0.0744  0.0750  0.0762  0.0759
  0.0757  0.0758  0.0754  0.0767  0.0755  0.0756
  0.0772  0.0754  0.0790  0.0781  0.0764  0.0769
  0.0804  0.0766  0.0794  0.0823  0.0778  0.0788
  0.0846  0.0803  0.0794  0.0854  0.0802  0.0807
niter,ni,del,rscale     6    3   12.0000    1.2000
parameters
   -6.1765    4.2550   20.9152   -9.4792    2.2747   -8.5894
eta,q 0.92489 14.28149
  0.0800  0.0871  0.0825  0.0849  0.0812  0.0795
  0.0783  0.0815  0.0756  0.0782  0.0783  0.0765
  0.0762  0.0770  0.0732  0.0745  0.0761  0.0751
  0.0755  0.0755  0.0755  0.0755  0.0753  0.0754
  0.0759  0.0757  0.0779  0.0771  0.0761  0.0769
  0.0786  0.0778  0.0788  0.0801  0.0773  0.0786
  0.0839  0.0822  0.0788  0.0847  0.0794  0.0807
niter,ni,del,rscale     5    3   12.0000    1.2000
parameters
   -6.1779    4.5959   20.7701   -9.6150    2.5256   -8.8209
eta,q 0.92536 14.30401
  0.0813  0.0856  0.0823  0.0852  0.0807  0.0800
  0.0792  0.0804  0.0756  0.0791  0.0778  0.0766
  0.0763  0.0763  0.0727  0.0744  0.0756  0.0746
  0.0751  0.0751  0.0751  0.0748  0.0747  0.0747
  0.0756  0.0755  0.0780  0.0768  0.0754  0.0761
  0.0775  0.0784  0.0791  0.0802  0.0773  0.0777
  0.0827  0.0838  0.0789  0.0848  0.0797  0.0797
niter,ni,del,rscale     4    3   12.0000    1.2000
parameters
   -6.2362    4.7383   20.6819   -9.6810    2.6766   -8.8937
eta,q 0.92563 14.31346
  0.0813  0.0850  0.0826  0.0853  0.0804  0.0801
  0.0790  0.0799  0.0759  0.0796  0.0776  0.0765
  0.0757  0.0759  0.0724  0.0743  0.0754  0.0743
  0.0746  0.0746  0.0746  0.0745  0.0744  0.0744
  0.0755  0.0752  0.0780  0.0766  0.0752  0.0758
  0.0775  0.0788  0.0793  0.0800  0.0773  0.0774
  0.0828  0.0845  0.0790  0.0848  0.0798  0.0793
niter,ni,del,rscale     3    3   12.0000    1.2000
parameters
   -6.2701    4.7984   20.6344   -9.7008    2.7559   -8.9100
eta,q 0.92576 14.31787
  0.0814  0.0848  0.0828  0.0854  0.0802  0.0801
  0.0789  0.0796  0.0760  0.0797  0.0774  0.0764
  0.0755  0.0757  0.0723  0.0743  0.0753  0.0741
  0.0744  0.0744  0.0744  0.0743  0.0743  0.0742
  0.0754  0.0751  0.0780  0.0765  0.0752  0.0756
  0.0775  0.0789  0.0793  0.0799  0.0773  0.0772
  0.0826  0.0848  0.0790  0.0847  0.0799  0.0792
niter,ni,del,rscale     2    3   12.0000    1.2000
parameters
   -6.2853    4.8134   20.6081   -9.6992    2.7990   -8.9172
eta,q 0.92583 14.31874
  0.0814  0.0846  0.0828  0.0854  0.0801  0.0801
  0.0789  0.0795  0.0761  0.0798  0.0774  0.0764
  0.0753  0.0755  0.0723  0.0743  0.0752  0.0741
  0.0742  0.0742  0.0742  0.0742  0.0742  0.0742
  0.0753  0.0750  0.0779  0.0765  0.0752  0.0756
  0.0774  0.0790  0.0794  0.0798  0.0773  0.0772
  0.0825  0.0850  0.0790  0.0847  0.0799  0.0791
registration optimization eta report
parameter search radius
    6.0000    6.0000    6.9000    7.9350    6.0000    7.9350
100000*second partial in parameter space
       21.       30.       14.       17.       16.        9.
  0.0814  0.0846  0.0828  0.0854  0.0801  0.0801
  0.0789  0.0795  0.0761  0.0798  0.0774  0.0764
  0.0753  0.0755  0.0723  0.0743  0.0752  0.0741
  0.0742  0.0742  0.0742  0.0742  0.0742  0.0742
  0.0753  0.0750  0.0779  0.0765  0.0752  0.0756
  0.0774  0.0790  0.0794  0.0798  0.0773  0.0772
  0.0825  0.0850  0.0790  0.0847  0.0799  0.0791
   -6.2853    4.8134   20.6081   -9.6992    2.7990   -8.9172
eta,q 0.92583 14.31874

---------------------------------------------------------------------
imgreg_4dfp /opt/freesurfer/average/711-2C_as_mni_average_305 /opt/freesurfer/average/711-2B_as_mni_average_305_mask talsrcimg_g11 none talsrcimg_to_711-2C_as_mni_average_305_t4 3335
---------------------------------------------------------------------

freesurfer imgreg_4dfp.c
/opt/freesurfer/average/711-2C_as_mni_average_305.4dfp.img
       256       256       256         1
  1.000000  1.000000  1.000000
orientation T byte_order littleendian
Reading image: /opt/freesurfer/average/711-2C_as_mni_average_305.4dfp.img
dimensions:      256       256       256
mmppix:       1.0000   -1.0000   -1.0000
center:     128.0000 -129.0000 -129.0000
/opt/freesurfer/average/711-2B_as_mni_average_305_mask.4dfp.img
       256       256       256         1
  1.000000  1.000000  1.000000
orientation T byte_order littleendian
Reading mask: /opt/freesurfer/average/711-2B_as_mni_average_305_mask.4dfp.img (2306576 pixels)
talsrcimg_g11.4dfp.img
       256       256       256         1
  1.000000  1.000000  1.000000
orientation T byte_order littleendian
Reading image: talsrcimg_g11.4dfp.img
dimensions:      256       256       256
mmppix:       1.0000   -1.0000   -1.0000
center:     128.0000 -129.0000 -129.0000
fimgreg.f
image alignment mode   3335 decimal      D07 hex
parameters
   -6.2853    4.8134   20.6081   -1.3265   -2.7483   -1.5470
   16.0918   -2.1437  -15.4822   17.3900    4.8832  -16.8274
eta,q 0.92785 14.25894
niter,ni,del,rscale     5    3    5.0000    1.2000
parameter  4  8.166554 ->  0.500000 qaram    1.1500
parameter  5  1.222993 ->  0.500000 qaram    1.1500
parameter  6  4.251449 ->  0.500000 qaram    1.1500
parameter  7  1.131284 ->  0.500000 qaram    1.1500
parameter  9 -0.596402 -> -0.500000 qaram    1.1500
parameter 12 -1.510007 -> -0.500000 qaram    1.1500
parameters
   -6.8617    5.0377   21.3910   -5.4665   -6.8883   -5.6870
   11.9518   -0.9570  -11.3422   19.8760    2.8149  -12.6874
eta,q 0.94784 13.77636
  0.0729  0.0742  0.0739  0.0631  0.0616  0.0522  0.0546  0.0615  0.0577  0.0587  0.0543  0.0579
  0.0724  0.0731  0.0732  0.0653  0.0626  0.0551  0.0548  0.0586  0.0563  0.0569  0.0539  0.0565
  0.0721  0.0724  0.0726  0.0684  0.0640  0.0594  0.0554  0.0563  0.0553  0.0555  0.0538  0.0550
  0.0721  0.0721  0.0721  0.0719  0.0661  0.0629  0.0562  0.0549  0.0547  0.0543  0.0538  0.0537
  0.0725  0.0722  0.0719  0.0754  0.0689  0.0675  0.0574  0.0548  0.0544  0.0538  0.0541  0.0527
  0.0733  0.0726  0.0720  0.0787  0.0726  0.0720  0.0589  0.0561  0.0543  0.0541  0.0547  0.0520
  0.0746  0.0736  0.0726  0.0818  0.0768  0.0770  0.0605  0.0585  0.0544  0.0554  0.0556  0.0517
niter,ni,del,rscale     7    3    5.0000    1.2000
parameter  2  0.852987 ->  0.500000 qaram    1.1500
parameter  4  0.775337 ->  0.500000 qaram    1.3225
parameter  5  2.422668 ->  0.500000 qaram    1.3225
parameters
   -7.0828    3.6577   22.1118  -10.2275  -11.6493   -9.6908
   11.8380   -1.8971  -10.1777   18.4685    2.1371   -8.8011
eta,q 0.95823 13.40233
  0.0552  0.0508  0.0540  0.0479  0.0409  0.0439  0.0450  0.0463  0.0448  0.0440  0.0429  0.0445
  0.0533  0.0508  0.0526  0.0476  0.0429  0.0428  0.0435  0.0436  0.0435  0.0427  0.0424  0.0434
  0.0523  0.0512  0.0515  0.0482  0.0451  0.0421  0.0425  0.0424  0.0426  0.0421  0.0422  0.0426
  0.0522  0.0521  0.0508  0.0506  0.0476  0.0435  0.0422  0.0422  0.0422  0.0422  0.0421  0.0421
  0.0528  0.0534  0.0506  0.0551  0.0503  0.0471  0.0426  0.0433  0.0423  0.0428  0.0422  0.0418
  0.0543  0.0551  0.0509  0.0603  0.0536  0.0517  0.0436  0.0456  0.0428  0.0442  0.0426  0.0418
  0.0564  0.0571  0.0517  0.0654  0.0576  0.0577  0.0451  0.0491  0.0436  0.0466  0.0434  0.0422
niter,ni,del,rscale     7    3    5.0000    1.2000
parameter  2  0.581407 ->  0.500000 qaram    1.3225
parameter  3  1.916210 ->  0.500000 qaram    1.1500
parameter  5  1.903785 ->  0.500000 qaram    1.5209
parameter 10  0.668251 ->  0.500000 qaram    1.1500
parameter 12  1.128091 ->  0.500000 qaram    1.3225
parameters
   -7.3498    2.0707   20.7318  -11.0924  -17.1244  -11.9056
   11.5374   -2.1595   -9.8885   14.3285    3.1678  -13.5621
eta,q 0.96817 13.15274
  0.0441  0.0414  0.0369  0.0427  0.0328  0.0370  0.0380  0.0388  0.0378  0.0338  0.0343  0.0315
  0.0427  0.0409  0.0377  0.0406  0.0338  0.0357  0.0362  0.0362  0.0361  0.0333  0.0338  0.0317
  0.0419  0.0410  0.0391  0.0390  0.0358  0.0347  0.0350  0.0349  0.0350  0.0336  0.0335  0.0323
  0.0418  0.0417  0.0409  0.0381  0.0383  0.0343  0.0346  0.0346  0.0346  0.0346  0.0333  0.0333
  0.0423  0.0429  0.0430  0.0382  0.0411  0.0358  0.0351  0.0351  0.0349  0.0363  0.0333  0.0346
  0.0436  0.0445  0.0454  0.0410  0.0443  0.0396  0.0366  0.0367  0.0358  0.0385  0.0334  0.0362
  0.0455  0.0466  0.0478  0.0465  0.0476  0.0441  0.0386  0.0394  0.0373  0.0411  0.0339  0.0379
niter,ni,del,rscale     7    3    5.0000    1.2000
parameter  3  1.341826 ->  0.500000 qaram    1.3225
parameters
   -7.3400    1.4658   19.1448  -10.3278  -20.7559  -12.3845
   11.7426   -2.3866   -9.9866   15.4352    2.9779  -17.7677
eta,q 0.97232 13.12019
  0.0355  0.0356  0.0280  0.0352  0.0321  0.0329  0.0329  0.0338  0.0316  0.0341  0.0290  0.0283
  0.0335  0.0329  0.0286  0.0326  0.0295  0.0311  0.0306  0.0305  0.0297  0.0313  0.0285  0.0278
  0.0323  0.0316  0.0297  0.0304  0.0280  0.0296  0.0289  0.0287  0.0286  0.0293  0.0282  0.0277
  0.0318  0.0318  0.0315  0.0288  0.0286  0.0280  0.0282  0.0282  0.0282  0.0282  0.0281  0.0281
  0.0322  0.0335  0.0337  0.0284  0.0324  0.0278  0.0286  0.0290  0.0287  0.0282  0.0281  0.0288
  0.0334  0.0362  0.0362  0.0302  0.0375  0.0311  0.0302  0.0311  0.0299  0.0294  0.0285  0.0301
  0.0355  0.0397  0.0391  0.0344  0.0419  0.0358  0.0326  0.0345  0.0317  0.0318  0.0292  0.0318
niter,ni,del,rscale     7    3    5.0000    1.2000
parameter  3  0.524295 ->  0.500000 qaram    1.5209
parameters
   -7.2884    2.2128   17.3197  -10.3273  -21.9466  -13.9239
   11.8488   -2.2790   -9.5881   17.6732    2.8331  -18.6295
eta,q 0.97352 12.99951
  0.0319  0.0365  0.0272  0.0330  0.0334  0.0305  0.0319  0.0335  0.0308  0.0336  0.0278  0.0283
  0.0297  0.0325  0.0263  0.0302  0.0301  0.0288  0.0294  0.0299  0.0287  0.0304  0.0271  0.0271
  0.0282  0.0294  0.0263  0.0278  0.0274  0.0275  0.0276  0.0276  0.0273  0.0281  0.0267  0.0265
  0.0277  0.0277  0.0273  0.0262  0.0262  0.0264  0.0268  0.0268  0.0268  0.0268  0.0265  0.0265
  0.0280  0.0273  0.0289  0.0268  0.0278  0.0275  0.0274  0.0276  0.0272  0.0265  0.0267  0.0270
  0.0294  0.0284  0.0311  0.0296  0.0325  0.0318  0.0291  0.0297  0.0283  0.0272  0.0271  0.0278
  0.0316  0.0310  0.0338  0.0338  0.0379  0.0364  0.0317  0.0330  0.0300  0.0289  0.0280  0.0289
niter,ni,del,rscale     7    3    5.0000    1.2000
parameters
   -7.2799    2.7741   16.7600   -9.7761  -22.7535  -15.0446
   11.7503   -2.0897   -9.2059   18.9365    2.7127  -18.6596
eta,q 0.97356 12.93129
  0.0306  0.0342  0.0294  0.0331  0.0331  0.0302  0.0312  0.0331  0.0302  0.0316  0.0278  0.0286
  0.0284  0.0306  0.0271  0.0303  0.0300  0.0286  0.0288  0.0296  0.0283  0.0290  0.0271  0.0273
  0.0270  0.0279  0.0261  0.0278  0.0274  0.0273  0.0271  0.0273  0.0270  0.0273  0.0266  0.0266
  0.0265  0.0265  0.0263  0.0260  0.0259  0.0261  0.0265  0.0265  0.0265  0.0265  0.0264  0.0264
  0.0269  0.0264  0.0274  0.0262  0.0269  0.0266  0.0271  0.0272  0.0268  0.0266  0.0266  0.0268
  0.0283  0.0277  0.0293  0.0286  0.0312  0.0302  0.0289  0.0293  0.0279  0.0274  0.0271  0.0274
  0.0307  0.0303  0.0316  0.0325  0.0365  0.0347  0.0315  0.0324  0.0295  0.0292  0.0279  0.0285
niter,ni,del,rscale     6    3    5.0000    1.2000
parameters
   -7.2825    3.1843   16.1495   -9.4894  -23.4723  -16.2022
   11.6731   -1.9409   -8.9466   20.1042    2.8483  -18.5769
eta,q 0.97350 12.84986
  0.0306  0.0333  0.0292  0.0329  0.0329  0.0299  0.0311  0.0328  0.0300  0.0310  0.0280  0.0286
  0.0283  0.0299  0.0270  0.0302  0.0299  0.0283  0.0288  0.0295  0.0282  0.0287  0.0272  0.0274
  0.0269  0.0276  0.0260  0.0277  0.0274  0.0272  0.0272  0.0273  0.0270  0.0272  0.0267  0.0267
  0.0264  0.0264  0.0263  0.0260  0.0260  0.0261  0.0266  0.0266  0.0266  0.0266  0.0265  0.0265
  0.0269  0.0265  0.0274  0.0264  0.0267  0.0266  0.0271  0.0272  0.0269  0.0266  0.0266  0.0268
  0.0283  0.0279  0.0291  0.0290  0.0307  0.0298  0.0288  0.0292  0.0279  0.0274  0.0271  0.0274
  0.0306  0.0306  0.0314  0.0329  0.0359  0.0343  0.0314  0.0323  0.0296  0.0290  0.0279  0.0284
niter,ni,del,rscale     5    3    5.0000    1.2000
parameters
   -7.2642    3.6138   15.5267   -9.3467  -24.2592  -17.4100
   11.6628   -1.8420   -8.8676   21.3608    3.1629  -18.5260
eta,q 0.97342 12.75683
  0.0306  0.0331  0.0290  0.0327  0.0326  0.0296  0.0311  0.0325  0.0300  0.0308  0.0281  0.0286
  0.0284  0.0299  0.0270  0.0301  0.0298  0.0282  0.0289  0.0293  0.0282  0.0287  0.0274  0.0274
  0.0270  0.0276  0.0262  0.0277  0.0275  0.0272  0.0273  0.0274  0.0270  0.0273  0.0268  0.0268
  0.0265  0.0265  0.0264  0.0261  0.0261  0.0263  0.0267  0.0267  0.0267  0.0267  0.0266  0.0266
  0.0269  0.0266  0.0274  0.0266  0.0268  0.0265  0.0272  0.0273  0.0270  0.0267  0.0267  0.0269
  0.0283  0.0279  0.0290  0.0292  0.0307  0.0294  0.0288  0.0291  0.0281  0.0274  0.0271  0.0275
  0.0305  0.0304  0.0313  0.0331  0.0358  0.0340  0.0312  0.0321  0.0298  0.0289  0.0280  0.0284
niter,ni,del,rscale     4    3    5.0000    1.2000
parameters
   -7.2414    4.0774   14.8886   -9.3018  -25.1163  -18.6445
   11.7274   -1.7366   -8.8932   22.5314    3.4997  -18.6003
eta,q 0.97338 12.65501
  0.0306  0.0332  0.0289  0.0326  0.0323  0.0294  0.0310  0.0322  0.0300  0.0307  0.0281  0.0285
  0.0285  0.0300  0.0271  0.0300  0.0297  0.0280  0.0289  0.0292  0.0282  0.0287  0.0274  0.0274
  0.0271  0.0277  0.0263  0.0278  0.0275  0.0271  0.0273  0.0274  0.0271  0.0274  0.0269  0.0268
  0.0266  0.0266  0.0265  0.0263  0.0263  0.0264  0.0267  0.0267  0.0267  0.0267  0.0266  0.0266
  0.0270  0.0266  0.0274  0.0268  0.0269  0.0265  0.0272  0.0272  0.0272  0.0267  0.0267  0.0269
  0.0283  0.0279  0.0289  0.0293  0.0306  0.0291  0.0287  0.0290  0.0282  0.0275  0.0271  0.0275
  0.0305  0.0303  0.0311  0.0332  0.0357  0.0337  0.0310  0.0319  0.0299  0.0290  0.0280  0.0284
niter,ni,del,rscale     3    3    5.0000    1.2000
parameters
   -7.2052    4.5146   14.3240   -9.2713  -25.8986  -19.7149
   11.7580   -1.6259   -8.9478   23.4433    3.7426  -18.7730
eta,q 0.97332 12.56519
  0.0305  0.0331  0.0288  0.0325  0.0323  0.0294  0.0308  0.0320  0.0300  0.0306  0.0281  0.0284
  0.0285  0.0300  0.0272  0.0300  0.0298  0.0280  0.0288  0.0291  0.0282  0.0287  0.0274  0.0274
  0.0271  0.0277  0.0265  0.0278  0.0276  0.0271  0.0273  0.0274  0.0271  0.0274  0.0269  0.0268
  0.0266  0.0266  0.0265  0.0264  0.0264  0.0265  0.0267  0.0267  0.0267  0.0267  0.0267  0.0267
  0.0270  0.0267  0.0273  0.0268  0.0269  0.0265  0.0272  0.0272  0.0272  0.0269  0.0268  0.0269
  0.0283  0.0280  0.0287  0.0293  0.0304  0.0285  0.0286  0.0289  0.0283  0.0277  0.0272  0.0275
  0.0303  0.0304  0.0308  0.0331  0.0355  0.0331  0.0309  0.0317  0.0300  0.0293  0.0280  0.0284
niter,ni,del,rscale     2    3    5.0000    1.2000
parameters
   -7.1641    4.8645   13.9087   -9.2133  -26.4976  -20.4833
   11.7665   -1.5356   -8.9904   24.0821    3.9089  -18.8860
eta,q 0.97321 12.50096
  0.0305  0.0329  0.0291  0.0325  0.0325  0.0296  0.0308  0.0319  0.0300  0.0305  0.0282  0.0285
  0.0285  0.0298  0.0275  0.0301  0.0300  0.0282  0.0288  0.0291  0.0283  0.0287  0.0275  0.0275
  0.0272  0.0277  0.0267  0.0280  0.0279  0.0272  0.0274  0.0275  0.0272  0.0274  0.0270  0.0270
  0.0267  0.0267  0.0266  0.0266  0.0266  0.0267  0.0268  0.0268  0.0268  0.0268  0.0268  0.0268
  0.0271  0.0269  0.0272  0.0270  0.0269  0.0265  0.0273  0.0273  0.0273  0.0271  0.0269  0.0270
  0.0283  0.0283  0.0285  0.0294  0.0302  0.0281  0.0287  0.0290  0.0284  0.0280  0.0273  0.0276
  0.0303  0.0307  0.0305  0.0331  0.0352  0.0324  0.0309  0.0317  0.0300  0.0296  0.0282  0.0285
niter,ni,del,rscale     1    3    5.0000    1.2000
parameters
   -7.1317    5.1054   13.6379   -9.1595  -26.8924  -20.9606
   11.7664   -1.4686   -9.0080   24.5044    3.9879  -18.9523
eta,q 0.97310 12.46152
  0.0305  0.0325  0.0294  0.0325  0.0327  0.0298  0.0308  0.0319  0.0301  0.0305  0.0283  0.0286
  0.0285  0.0296  0.0279  0.0302  0.0302  0.0283  0.0289  0.0292  0.0284  0.0286  0.0276  0.0276
  0.0273  0.0276  0.0270  0.0281  0.0281  0.0274  0.0275  0.0275  0.0273  0.0274  0.0271  0.0271
  0.0268  0.0268  0.0268  0.0268  0.0267  0.0268  0.0269  0.0269  0.0269  0.0269  0.0269  0.0269
  0.0272  0.0272  0.0273  0.0271  0.0269  0.0266  0.0273  0.0274  0.0273  0.0272  0.0270  0.0271
  0.0284  0.0286  0.0284  0.0295  0.0299  0.0279  0.0288  0.0291  0.0284  0.0282  0.0275  0.0277
  0.0304  0.0310  0.0303  0.0331  0.0349  0.0318  0.0309  0.0318  0.0301  0.0298  0.0283  0.0286
registration optimization eta report
parameter search radius
    2.4000    3.1740    3.6501    9.5220   10.9503    8.2800
    8.2800    7.2000    8.2800    8.2800    7.2000    9.5220
100000*second partial in parameter space
       64.       49.       23.        7.        6.        6.
        6.       10.        5.        5.        3.        2.
  0.0305  0.0325  0.0294  0.0325  0.0327  0.0298  0.0308  0.0319  0.0301  0.0305  0.0283  0.0286
  0.0285  0.0296  0.0279  0.0302  0.0302  0.0283  0.0289  0.0292  0.0284  0.0286  0.0276  0.0276
  0.0273  0.0276  0.0270  0.0281  0.0281  0.0274  0.0275  0.0275  0.0273  0.0274  0.0271  0.0271
  0.0268  0.0268  0.0268  0.0268  0.0267  0.0268  0.0269  0.0269  0.0269  0.0269  0.0269  0.0269
  0.0272  0.0272  0.0273  0.0271  0.0269  0.0266  0.0273  0.0274  0.0273  0.0272  0.0270  0.0271
  0.0284  0.0286  0.0284  0.0295  0.0299  0.0279  0.0288  0.0291  0.0284  0.0282  0.0275  0.0277
  0.0304  0.0310  0.0303  0.0331  0.0349  0.0318  0.0309  0.0318  0.0301  0.0298  0.0283  0.0286
   -7.1317    5.1054   13.6379   -9.1595  -26.8924  -20.9606
   11.7664   -1.4686   -9.0080   24.5044    3.9879  -18.9523
eta,q 0.97310 12.46152

---------------------------------------------------------------------
imgreg_4dfp /opt/freesurfer/average/711-2C_as_mni_average_305 /opt/freesurfer/average/711-2B_as_mni_average_305_mask talsrcimg_g11 none talsrcimg_to_711-2C_as_mni_average_305_t4 2311
---------------------------------------------------------------------

freesurfer imgreg_4dfp.c
/opt/freesurfer/average/711-2C_as_mni_average_305.4dfp.img
       256       256       256         1
  1.000000  1.000000  1.000000
orientation T byte_order littleendian
Reading image: /opt/freesurfer/average/711-2C_as_mni_average_305.4dfp.img
dimensions:      256       256       256
mmppix:       1.0000   -1.0000   -1.0000
center:     128.0000 -129.0000 -129.0000
/opt/freesurfer/average/711-2B_as_mni_average_305_mask.4dfp.img
       256       256       256         1
  1.000000  1.000000  1.000000
orientation T byte_order littleendian
Reading mask: /opt/freesurfer/average/711-2B_as_mni_average_305_mask.4dfp.img (2306576 pixels)
talsrcimg_g11.4dfp.img
       256       256       256         1
  1.000000  1.000000  1.000000
orientation T byte_order littleendian
Reading image: talsrcimg_g11.4dfp.img
dimensions:      256       256       256
mmppix:       1.0000   -1.0000   -1.0000
center:     128.0000 -129.0000 -129.0000
fimgreg.f
image alignment mode   2311 decimal      907 hex
parameters
   -7.1317    5.1054   13.6379   -9.1595  -26.8924  -20.9606
   11.7664   -1.4686   -9.0080   24.5044    3.9879  -18.9523
eta,q 0.97310 12.46152
niter,ni,del,rscale     5    3    5.0000    0.8000
parameters
   -7.1027    5.2240   13.5095   -8.3502  -25.5841  -20.0947
   11.6301   -1.4849   -8.9687   24.8185    3.8611  -19.2144
eta,q 0.97349 12.57730
  0.0286  0.0284  0.0274  0.0292  0.0288  0.0278  0.0280  0.0292  0.0278  0.0279  0.0273  0.0269
  0.0277  0.0276  0.0271  0.0283  0.0279  0.0273  0.0272  0.0278  0.0271  0.0272  0.0269  0.0267
  0.0271  0.0271  0.0269  0.0274  0.0273  0.0269  0.0267  0.0269  0.0267  0.0267  0.0266  0.0266
  0.0269  0.0269  0.0269  0.0269  0.0268  0.0266  0.0265  0.0265  0.0265  0.0265  0.0265  0.0265
  0.0271  0.0270  0.0270  0.0268  0.0266  0.0265  0.0267  0.0268  0.0267  0.0266  0.0266  0.0266
  0.0276  0.0274  0.0272  0.0273  0.0268  0.0266  0.0273  0.0278  0.0271  0.0270  0.0269  0.0268
  0.0285  0.0280  0.0276  0.0282  0.0275  0.0273  0.0283  0.0293  0.0277  0.0276  0.0274  0.0270
niter,ni,del,rscale     4    3    5.0000    0.7000
parameters
   -7.1272    4.9332   13.7364   -8.4190  -25.2792  -19.3653
   11.6353   -1.5257   -8.9540   24.5587    3.7282  -19.1639
eta,q 0.97368 12.62547
  0.0279  0.0271  0.0271  0.0280  0.0278  0.0274  0.0276  0.0285  0.0273  0.0271  0.0270  0.0267
  0.0271  0.0267  0.0268  0.0273  0.0272  0.0270  0.0269  0.0273  0.0268  0.0267  0.0266  0.0265
  0.0266  0.0265  0.0266  0.0267  0.0267  0.0267  0.0265  0.0266  0.0264  0.0264  0.0264  0.0264
  0.0265  0.0265  0.0265  0.0264  0.0264  0.0264  0.0263  0.0263  0.0263  0.0263  0.0263  0.0263
  0.0267  0.0268  0.0265  0.0266  0.0264  0.0263  0.0264  0.0266  0.0264  0.0265  0.0264  0.0263
  0.0272  0.0273  0.0266  0.0272  0.0268  0.0264  0.0269  0.0274  0.0268  0.0268  0.0267  0.0265
  0.0280  0.0280  0.0268  0.0283  0.0276  0.0271  0.0276  0.0286  0.0273  0.0274  0.0271  0.0267
niter,ni,del,rscale     3    3    5.0000    0.6000
parameters
   -7.1340    4.7977   13.9183   -8.4815  -24.9792  -18.8327
   11.6367   -1.5772   -8.9550   24.3661    3.5689  -19.1623
eta,q 0.97378 12.66210
  0.0274  0.0269  0.0268  0.0276  0.0273  0.0271  0.0271  0.0279  0.0270  0.0268  0.0267  0.0265
  0.0268  0.0266  0.0266  0.0269  0.0269  0.0267  0.0266  0.0270  0.0266  0.0265  0.0264  0.0263
  0.0264  0.0263  0.0264  0.0265  0.0265  0.0265  0.0263  0.0264  0.0263  0.0263  0.0263  0.0263
  0.0263  0.0263  0.0263  0.0263  0.0263  0.0263  0.0262  0.0262  0.0262  0.0262  0.0262  0.0262
  0.0264  0.0265  0.0263  0.0265  0.0263  0.0262  0.0263  0.0264  0.0263  0.0263  0.0263  0.0262
  0.0268  0.0268  0.0264  0.0269  0.0266  0.0263  0.0266  0.0270  0.0266  0.0266  0.0265  0.0263
  0.0274  0.0273  0.0266  0.0277  0.0271  0.0268  0.0272  0.0280  0.0270  0.0270  0.0268  0.0265
niter,ni,del,rscale     2    3    5.0000    0.5000
parameters
   -7.1423    4.6899   14.0597   -8.5341  -24.7331  -18.3232
   11.6279   -1.6354   -8.9423   24.2136    3.4668  -19.1669
eta,q 0.97388 12.69404
  0.0270  0.0267  0.0266  0.0271  0.0269  0.0268  0.0268  0.0273  0.0267  0.0266  0.0265  0.0263
  0.0265  0.0264  0.0264  0.0266  0.0266  0.0266  0.0264  0.0267  0.0264  0.0263  0.0263  0.0262
  0.0263  0.0262  0.0263  0.0263  0.0263  0.0264  0.0262  0.0262  0.0262  0.0262  0.0262  0.0261
  0.0262  0.0262  0.0262  0.0262  0.0262  0.0262  0.0261  0.0261  0.0261  0.0261  0.0261  0.0261
  0.0263  0.0263  0.0262  0.0263  0.0262  0.0261  0.0262  0.0263  0.0262  0.0262  0.0262  0.0261
  0.0266  0.0266  0.0263  0.0267  0.0264  0.0262  0.0264  0.0267  0.0264  0.0264  0.0263  0.0262
  0.0270  0.0269  0.0264  0.0272  0.0268  0.0266  0.0268  0.0274  0.0267  0.0267  0.0265  0.0263
niter,ni,del,rscale     1    3    5.0000    0.4000
parameters
   -7.1499    4.6004   14.2150   -8.5911  -24.5398  -17.8091
   11.6203   -1.7203   -8.9179   24.0344    3.3864  -19.1513
eta,q 0.97397 12.72218
  0.0266  0.0264  0.0264  0.0267  0.0266  0.0266  0.0265  0.0268  0.0264  0.0263  0.0263  0.0262
  0.0263  0.0262  0.0262  0.0264  0.0264  0.0264  0.0262  0.0264  0.0262  0.0262  0.0261  0.0261
  0.0262  0.0261  0.0262  0.0262  0.0262  0.0262  0.0261  0.0261  0.0261  0.0261  0.0261  0.0261
  0.0261  0.0261  0.0261  0.0261  0.0261  0.0261  0.0260  0.0260  0.0260  0.0260  0.0260  0.0260
  0.0262  0.0262  0.0261  0.0262  0.0261  0.0260  0.0261  0.0262  0.0261  0.0261  0.0261  0.0261
  0.0263  0.0263  0.0262  0.0264  0.0262  0.0261  0.0262  0.0265  0.0262  0.0262  0.0262  0.0261
  0.0266  0.0266  0.0262  0.0268  0.0265  0.0264  0.0265  0.0269  0.0264  0.0264  0.0263  0.0262
registration optimization eta report
parameter search radius
    0.8000    0.8000    0.8000    2.4000    2.4000    2.4000
    2.4000    2.4000    2.4000    2.4000    2.4000    2.4000
100000*second partial in parameter space
       77.       59.       30.       11.        7.        7.
        8.       14.        6.        6.        5.        2.
  0.0266  0.0264  0.0264  0.0267  0.0266  0.0266  0.0265  0.0268  0.0264  0.0263  0.0263  0.0262
  0.0263  0.0262  0.0262  0.0264  0.0264  0.0264  0.0262  0.0264  0.0262  0.0262  0.0261  0.0261
  0.0262  0.0261  0.0262  0.0262  0.0262  0.0262  0.0261  0.0261  0.0261  0.0261  0.0261  0.0261
  0.0261  0.0261  0.0261  0.0261  0.0261  0.0261  0.0260  0.0260  0.0260  0.0260  0.0260  0.0260
  0.0262  0.0262  0.0261  0.0262  0.0261  0.0260  0.0261  0.0262  0.0261  0.0261  0.0261  0.0261
  0.0263  0.0263  0.0262  0.0264  0.0262  0.0261  0.0262  0.0265  0.0262  0.0262  0.0262  0.0261
  0.0266  0.0266  0.0262  0.0268  0.0265  0.0264  0.0265  0.0269  0.0264  0.0264  0.0263  0.0262
   -7.1499    4.6004   14.2150   -8.5911  -24.5398  -17.8091
   11.6203   -1.7203   -8.9179   24.0344    3.3864  -19.1513
eta,q 0.97397 12.72218

---------------------------------------------------------------------
imgreg_4dfp /opt/freesurfer/average/711-2C_as_mni_average_305 /opt/freesurfer/average/711-2B_as_mni_average_305_mask talsrcimg_g11 none talsrcimg_to_711-2C_as_mni_average_305_t4 2311
---------------------------------------------------------------------

freesurfer imgreg_4dfp.c
/opt/freesurfer/average/711-2C_as_mni_average_305.4dfp.img
       256       256       256         1
  1.000000  1.000000  1.000000
orientation T byte_order littleendian
Reading image: /opt/freesurfer/average/711-2C_as_mni_average_305.4dfp.img
dimensions:      256       256       256
mmppix:       1.0000   -1.0000   -1.0000
center:     128.0000 -129.0000 -129.0000
/opt/freesurfer/average/711-2B_as_mni_average_305_mask.4dfp.img
       256       256       256         1
  1.000000  1.000000  1.000000
orientation T byte_order littleendian
Reading mask: /opt/freesurfer/average/711-2B_as_mni_average_305_mask.4dfp.img (2306576 pixels)
talsrcimg_g11.4dfp.img
       256       256       256         1
  1.000000  1.000000  1.000000
orientation T byte_order littleendian
Reading image: talsrcimg_g11.4dfp.img
dimensions:      256       256       256
mmppix:       1.0000   -1.0000   -1.0000
center:     128.0000 -129.0000 -129.0000
fimgreg.f
image alignment mode   2311 decimal      907 hex
parameters
   -7.1499    4.6004   14.2150   -8.5911  -24.5398  -17.8091
   11.6203   -1.7203   -8.9179   24.0344    3.3864  -19.1513
eta,q 0.97397 12.72218
niter,ni,del,rscale     5    3    5.0000    0.8000
parameters
   -7.1630    4.5154   14.4168   -8.8073  -24.8165  -18.3586
   11.6176   -1.5810   -8.9542   23.6891    3.4456  -19.1362
eta,q 0.97385 12.69191
  0.0280  0.0274  0.0271  0.0281  0.0275  0.0272  0.0278  0.0291  0.0274  0.0272  0.0270  0.0267
  0.0269  0.0266  0.0265  0.0271  0.0268  0.0268  0.0269  0.0276  0.0267  0.0266  0.0266  0.0264
  0.0263  0.0262  0.0262  0.0263  0.0263  0.0264  0.0264  0.0266  0.0263  0.0262  0.0263  0.0262
  0.0260  0.0260  0.0260  0.0260  0.0260  0.0261  0.0262  0.0262  0.0261  0.0262  0.0261  0.0261
  0.0263  0.0263  0.0261  0.0263  0.0262  0.0261  0.0263  0.0264  0.0263  0.0263  0.0262  0.0262
  0.0269  0.0268  0.0263  0.0272  0.0269  0.0269  0.0269  0.0273  0.0268  0.0268  0.0265  0.0264
  0.0280  0.0277  0.0266  0.0286  0.0282  0.0286  0.0278  0.0288  0.0275  0.0276  0.0270  0.0267
niter,ni,del,rscale     4    3    5.0000    0.7000
parameters
   -7.1457    4.5695   14.2398   -8.6905  -24.7235  -18.5190
   11.6361   -1.5767   -8.9453   23.8711    3.4939  -19.1440
eta,q 0.97386 12.68919
  0.0276  0.0274  0.0266  0.0280  0.0274  0.0271  0.0274  0.0284  0.0272  0.0272  0.0268  0.0266
  0.0268  0.0267  0.0263  0.0271  0.0268  0.0267  0.0267  0.0272  0.0266  0.0266  0.0265  0.0263
  0.0263  0.0263  0.0261  0.0264  0.0264  0.0264  0.0263  0.0264  0.0263  0.0263  0.0262  0.0262
  0.0261  0.0262  0.0261  0.0261  0.0261  0.0261  0.0261  0.0261  0.0261  0.0261  0.0261  0.0261
  0.0263  0.0262  0.0263  0.0263  0.0262  0.0261  0.0263  0.0264  0.0263  0.0262  0.0262  0.0262
  0.0268  0.0266  0.0265  0.0269  0.0266  0.0265  0.0267  0.0272  0.0266  0.0265  0.0264  0.0263
  0.0276  0.0272  0.0268  0.0279  0.0275  0.0276  0.0274  0.0284  0.0271  0.0270  0.0268  0.0266
niter,ni,del,rscale     3    3    5.0000    0.6000
parameters
   -7.1456    4.5807   14.1859   -8.6296  -24.6489  -18.3742
   11.6345   -1.6159   -8.9420   23.9622    3.4570  -19.1382
eta,q 0.97389 12.69796
  0.0272  0.0270  0.0265  0.0275  0.0271  0.0269  0.0271  0.0278  0.0269  0.0269  0.0266  0.0264
  0.0266  0.0265  0.0263  0.0268  0.0266  0.0266  0.0265  0.0269  0.0265  0.0265  0.0263  0.0263
  0.0263  0.0262  0.0262  0.0263  0.0263  0.0264  0.0262  0.0263  0.0262  0.0262  0.0262  0.0262
  0.0261  0.0261  0.0261  0.0261  0.0261  0.0261  0.0261  0.0261  0.0261  0.0261  0.0261  0.0261
  0.0263  0.0262  0.0262  0.0263  0.0262  0.0260  0.0262  0.0263  0.0262  0.0262  0.0262  0.0261
  0.0266  0.0265  0.0264  0.0267  0.0265  0.0263  0.0265  0.0269  0.0265  0.0264  0.0264  0.0262
  0.0272  0.0270  0.0266  0.0275  0.0271  0.0270  0.0271  0.0279  0.0269  0.0268  0.0267  0.0264
niter,ni,del,rscale     2    3    5.0000    0.5000
parameters
   -7.1516    4.5653   14.2158   -8.6145  -24.5472  -18.0493
   11.6308   -1.6676   -8.9302   23.9624    3.4092  -19.1373
eta,q 0.97394 12.71452
  0.0269  0.0267  0.0264  0.0271  0.0268  0.0267  0.0267  0.0273  0.0266  0.0266  0.0264  0.0263
  0.0264  0.0264  0.0262  0.0266  0.0265  0.0265  0.0264  0.0266  0.0263  0.0263  0.0262  0.0262
  0.0262  0.0262  0.0261  0.0262  0.0262  0.0263  0.0261  0.0262  0.0261  0.0261  0.0261  0.0261
  0.0261  0.0261  0.0261  0.0261  0.0261  0.0261  0.0261  0.0261  0.0261  0.0261  0.0261  0.0261
  0.0262  0.0262  0.0261  0.0262  0.0261  0.0260  0.0261  0.0262  0.0261  0.0261  0.0261  0.0261
  0.0265  0.0264  0.0262  0.0265  0.0263  0.0262  0.0264  0.0267  0.0263  0.0263  0.0262  0.0262
  0.0269  0.0267  0.0264  0.0271  0.0268  0.0266  0.0268  0.0274  0.0266  0.0266  0.0265  0.0263
niter,ni,del,rscale     1    3    5.0000    0.4000
parameters
   -7.1565    4.5278   14.3138   -8.6328  -24.4247  -17.6450
   11.6251   -1.7418   -8.9204   23.8793    3.3424  -19.1489
eta,q 0.97399 12.73513
  0.0265  0.0264  0.0263  0.0267  0.0265  0.0266  0.0264  0.0268  0.0264  0.0263  0.0263  0.0261
  0.0263  0.0262  0.0262  0.0264  0.0263  0.0264  0.0262  0.0264  0.0262  0.0262  0.0261  0.0261
  0.0261  0.0261  0.0261  0.0261  0.0261  0.0262  0.0261  0.0261  0.0260  0.0260  0.0260  0.0260
  0.0261  0.0261  0.0261  0.0261  0.0261  0.0261  0.0260  0.0260  0.0260  0.0260  0.0260  0.0260
  0.0261  0.0261  0.0261  0.0261  0.0261  0.0260  0.0261  0.0261  0.0260  0.0261  0.0260  0.0260
  0.0263  0.0263  0.0261  0.0264  0.0262  0.0261  0.0262  0.0264  0.0262  0.0262  0.0261  0.0261
  0.0266  0.0265  0.0262  0.0267  0.0265  0.0264  0.0264  0.0269  0.0264  0.0264  0.0263  0.0262
registration optimization eta report
parameter search radius
    0.8000    0.8000    0.8000    2.4000    2.4000    2.4000
    2.4000    2.4000    2.4000    2.4000    2.4000    2.4000
100000*second partial in parameter space
       77.       60.       31.       11.        8.        7.
        8.       15.        6.        6.        5.        3.
  0.0265  0.0264  0.0263  0.0267  0.0265  0.0266  0.0264  0.0268  0.0264  0.0263  0.0263  0.0261
  0.0263  0.0262  0.0262  0.0264  0.0263  0.0264  0.0262  0.0264  0.0262  0.0262  0.0261  0.0261
  0.0261  0.0261  0.0261  0.0261  0.0261  0.0262  0.0261  0.0261  0.0260  0.0260  0.0260  0.0260
  0.0261  0.0261  0.0261  0.0261  0.0261  0.0261  0.0260  0.0260  0.0260  0.0260  0.0260  0.0260
  0.0261  0.0261  0.0261  0.0261  0.0261  0.0260  0.0261  0.0261  0.0260  0.0261  0.0260  0.0260
  0.0263  0.0263  0.0261  0.0264  0.0262  0.0261  0.0262  0.0264  0.0262  0.0262  0.0261  0.0261
  0.0266  0.0265  0.0262  0.0267  0.0265  0.0264  0.0264  0.0269  0.0264  0.0264  0.0263  0.0262
   -7.1565    4.5278   14.3138   -8.6328  -24.4247  -17.6450
   11.6251   -1.7418   -8.9204   23.8793    3.3424  -19.1489
eta,q 0.97399 12.73513

---------------------------------------------------------------------
compute_vox2vox talsrcimg talsrcimg_to_711-2C_as_mni_average_305_t4 /opt/freesurfer/average/711-2C_as_mni_average_305
---------------------------------------------------------------------

freesurfer compute_vox2vox.c
Reading: talsrcimg.4dfp.ifh
Reading: talsrcimg_to_711-2C_as_mni_average_305_t4
Reading: /opt/freesurfer/average/711-2C_as_mni_average_305.4dfp.ifh
Writing: talsrcimg_to_711-2C_as_mni_average_305_t4_vox2vox.txt

start time Thu Mar 12 12:19:32 CET 2026
end		time Thu Mar 12 12:21:00 CET 2026

mpr2mni305 success

avi2talxfm orig_nu.mgz /opt/freesurfer/average/mni305.cor.mgz talsrcimg_to_711-2C_as_mni_average_305_t4_vox2vox.txt transforms/talairach.auto.xfm
avi2talxfm done
mv -f /out/sourcedata/freesurfer/sub-v1s19x0051293_ses-1/mri/talsrcimg_to_711-2C_as_mni_average_305_t4_vox2vox.txt /out/sourcedata/freesurfer/sub-v1s19x0051293_ses-1/mri/transforms/talsrcimg_to_711-2C_as_mni_average_305_t4_vox2vox.txt
lta_convert --src orig_nu.mgz --trg /opt/freesurfer/average/mni305.cor.mgz --inxfm transforms/talairach.auto.xfm --outlta transforms/talairach.auto.xfm.lta --subject fsaverage
7.3.2

--src: orig_nu.mgz src image (geometry).
--trg: /opt/freesurfer/average/mni305.cor.mgz trg image (geometry).
--inmni: transforms/talairach.auto.xfm input MNI/XFM transform.
--outlta: transforms/talairach.auto.xfm.lta output LTA.
--s: fsaverage subject name
 LTA read, type : 1
 1.07752   0.06600  -0.14902   3.38252;
-0.01319   1.13034   0.28843  -29.11852;
 0.13135  -0.34936   1.21446  -10.84592;
 0.00000   0.00000   0.00000   1.00000;
setting subject to fsaverage
Writing  LTA to file transforms/talairach.auto.xfm.lta...
lta_convert successful.
 
 
Started at Thu Mar 12 12:19:31 CET 2026
Ended   at Thu Mar 12 12:21:01 CET 2026
talairach_avi done
