status file for recon-all
Thu Mar 12 14:53:00 CET 2026
#@# Tessellate rh Thu Mar 12 14:53:00 CET 2026
#@# Smooth1 rh Thu Mar 12 14:53:03 CET 2026
#@# Inflation1 rh Thu Mar 12 14:53:05 CET 2026
#@# QSphere rh Thu Mar 12 14:53:17 CET 2026
#@# Fix Topology rh Thu Mar 12 14:54:58 CET 2026
#@# Smooth2 rh Thu Mar 12 14:58:38 CET 2026
#@# Inflation2 rh Thu Mar 12 14:58:40 CET 2026
#@# Curv .H and .K rh Thu Mar 12 14:58:52 CET 2026
#@# Sphere rh Thu Mar 12 14:59:24 CET 2026
#@# Surf Reg rh Thu Mar 12 15:03:10 CET 2026
#@# Jacobian white rh Thu Mar 12 15:06:36 CET 2026
#@# AvgCurv rh Thu Mar 12 15:06:37 CET 2026
#@# Cortical Parc rh Thu Mar 12 15:06:37 CET 2026
#@# white curv rh Thu Mar 12 15:11:45 CET 2026
#@# white area rh Thu Mar 12 15:11:47 CET 2026
#@# pial curv rh Thu Mar 12 15:11:47 CET 2026
#@# pial area rh Thu Mar 12 15:11:49 CET 2026
#@# thickness rh Thu Mar 12 15:11:49 CET 2026
#@# area and vertex vol rh Thu Mar 12 15:12:06 CET 2026
#@# Curvature Stats rh Thu Mar 12 15:12:07 CET 2026
#@# Cortical Parc 2 rh Thu Mar 12 15:12:09 CET 2026
#@# Cortical Parc 3 rh Thu Mar 12 15:12:18 CET 2026
#@# WM/GM Contrast rh Thu Mar 12 15:12:25 CET 2026
recon-all -s sub-v1s19x0051305_ses-1 finished without error at Thu Mar 12 15:12:28 CET 2026



#New# invocation of recon-all 



status file for recon-all
Thu Mar 12 15:17:50 CET 2026
#@# white curv rh Thu Mar 12 15:17:50 CET 2026
#@# white area rh Thu Mar 12 15:17:50 CET 2026
#@# pial curv rh Thu Mar 12 15:17:50 CET 2026
#@# pial area rh Thu Mar 12 15:17:50 CET 2026
#@# thickness rh Thu Mar 12 15:17:50 CET 2026
#@# area and vertex vol rh Thu Mar 12 15:17:50 CET 2026
#@# Parcellation Stats rh Thu Mar 12 15:17:50 CET 2026
#@# Parcellation Stats 2 rh Thu Mar 12 15:18:03 CET 2026
#@# Parcellation Stats 3 rh Thu Mar 12 15:18:10 CET 2026
#@# BA_exvivo Labels rh Thu Mar 12 15:18:16 CET 2026
recon-all -s sub-v1s19x0051305_ses-1 finished without error at Thu Mar 12 15:20:15 CET 2026
