status file for recon-all
Thu Mar 12 13:02:44 CET 2026
#@# MotionCor Thu Mar 12 13:02:46 CET 2026
#@# Talairach Thu Mar 12 13:02:52 CET 2026
#@# Talairach Failure Detection Thu Mar 12 13:05:43 CET 2026
#@# Nu Intensity Correction Thu Mar 12 13:05:43 CET 2026
#@# Intensity Normalization Thu Mar 12 13:08:33 CET 2026
recon-all -s sub-v1s19x0051305_ses-1 finished without error at Thu Mar 12 13:09:35 CET 2026



#New# invocation of recon-all 



status file for recon-all
Thu Mar 12 13:15:45 CET 2026
#@# EM Registration Thu Mar 12 13:15:45 CET 2026
recon-all -s sub-v1s19x0051305_ses-1 finished without error at Thu Mar 12 13:17:27 CET 2026



#New# invocation of recon-all 



status file for recon-all
Thu Mar 12 13:17:30 CET 2026
#@# CA Normalize Thu Mar 12 13:17:30 CET 2026
#@# CA Reg Thu Mar 12 13:18:26 CET 2026
#@# SubCort Seg Thu Mar 12 14:09:46 CET 2026
#@# CC Seg Thu Mar 12 14:28:31 CET 2026
#@# Merge ASeg Thu Mar 12 14:29:04 CET 2026
#@# Intensity Normalization2 Thu Mar 12 14:29:04 CET 2026
#@# Mask BFS Thu Mar 12 14:30:33 CET 2026
#@# WM Segmentation Thu Mar 12 14:30:33 CET 2026
#@# Fill Thu Mar 12 14:32:07 CET 2026
recon-all -s sub-v1s19x0051305_ses-1 finished without error at Thu Mar 12 14:32:45 CET 2026



#New# invocation of recon-all 



status file for recon-all
Thu Mar 12 15:12:32 CET 2026
#@# white curv lh Thu Mar 12 15:12:32 CET 2026
#@# white area lh Thu Mar 12 15:12:32 CET 2026
#@# pial curv lh Thu Mar 12 15:12:32 CET 2026
#@# pial area lh Thu Mar 12 15:12:32 CET 2026
#@# thickness lh Thu Mar 12 15:12:32 CET 2026
#@# area and vertex vol lh Thu Mar 12 15:12:32 CET 2026
#@# white curv rh Thu Mar 12 15:12:32 CET 2026
#@# white area rh Thu Mar 12 15:12:32 CET 2026
#@# pial curv rh Thu Mar 12 15:12:32 CET 2026
#@# pial area rh Thu Mar 12 15:12:32 CET 2026
#@# thickness rh Thu Mar 12 15:12:32 CET 2026
#@# area and vertex vol rh Thu Mar 12 15:12:32 CET 2026
#@# Cortical ribbon mask Thu Mar 12 15:12:32 CET 2026
recon-all -s sub-v1s19x0051305_ses-1 finished without error at Thu Mar 12 15:15:17 CET 2026



#New# invocation of recon-all 



status file for recon-all
Thu Mar 12 15:20:18 CET 2026
#@# white curv lh Thu Mar 12 15:20:18 CET 2026
#@# white area lh Thu Mar 12 15:20:18 CET 2026
#@# pial curv lh Thu Mar 12 15:20:18 CET 2026
#@# pial area lh Thu Mar 12 15:20:18 CET 2026
#@# thickness lh Thu Mar 12 15:20:18 CET 2026
#@# area and vertex vol lh Thu Mar 12 15:20:18 CET 2026
#@# white curv rh Thu Mar 12 15:20:18 CET 2026
#@# white area rh Thu Mar 12 15:20:18 CET 2026
#@# pial curv rh Thu Mar 12 15:20:18 CET 2026
#@# pial area rh Thu Mar 12 15:20:18 CET 2026
#@# thickness rh Thu Mar 12 15:20:18 CET 2026
#@# area and vertex vol rh Thu Mar 12 15:20:18 CET 2026
#@# Curvature Stats lh Thu Mar 12 15:20:18 CET 2026
#@# Curvature Stats rh Thu Mar 12 15:20:20 CET 2026
#@# Relabel Hypointensities Thu Mar 12 15:20:22 CET 2026
#@# APas-to-ASeg Thu Mar 12 15:20:32 CET 2026
#@# AParc-to-ASeg aparc Thu Mar 12 15:20:38 CET 2026
#@# AParc-to-ASeg aparc.a2009s Thu Mar 12 15:20:59 CET 2026
#@# AParc-to-ASeg aparc.DKTatlas Thu Mar 12 15:21:18 CET 2026
#@# WMParc Thu Mar 12 15:21:40 CET 2026
#@# ASeg Stats Thu Mar 12 15:23:36 CET 2026
recon-all -s sub-v1s19x0051305_ses-1 finished without error at Thu Mar 12 15:23:59 CET 2026
