status file for recon-all
Thu Mar 12 14:32:50 CET 2026
#@# Tessellate lh Thu Mar 12 14:32:50 CET 2026
#@# Smooth1 lh Thu Mar 12 14:32:52 CET 2026
#@# Inflation1 lh Thu Mar 12 14:32:54 CET 2026
#@# QSphere lh Thu Mar 12 14:33:07 CET 2026
#@# Fix Topology lh Thu Mar 12 14:34:10 CET 2026
#@# Smooth2 lh Thu Mar 12 14:39:24 CET 2026
#@# Inflation2 lh Thu Mar 12 14:39:26 CET 2026
#@# Curv .H and .K lh Thu Mar 12 14:39:37 CET 2026
#@# Sphere lh Thu Mar 12 14:40:12 CET 2026
#@# Surf Reg lh Thu Mar 12 14:43:39 CET 2026
#@# Jacobian white lh Thu Mar 12 14:47:06 CET 2026
#@# AvgCurv lh Thu Mar 12 14:47:06 CET 2026
#@# Cortical Parc lh Thu Mar 12 14:47:07 CET 2026
#@# white curv lh Thu Mar 12 14:52:15 CET 2026
#@# white area lh Thu Mar 12 14:52:17 CET 2026
#@# pial curv lh Thu Mar 12 14:52:18 CET 2026
#@# pial area lh Thu Mar 12 14:52:19 CET 2026
#@# thickness lh Thu Mar 12 14:52:20 CET 2026
#@# area and vertex vol lh Thu Mar 12 14:52:36 CET 2026
#@# Curvature Stats lh Thu Mar 12 14:52:38 CET 2026
#@# Cortical Parc 2 lh Thu Mar 12 14:52:39 CET 2026
#@# Cortical Parc 3 lh Thu Mar 12 14:52:49 CET 2026
#@# WM/GM Contrast lh Thu Mar 12 14:52:56 CET 2026
recon-all -s sub-v1s19x0051305_ses-1 finished without error at Thu Mar 12 14:52:59 CET 2026



#New# invocation of recon-all 



status file for recon-all
Thu Mar 12 15:15:20 CET 2026
#@# white curv lh Thu Mar 12 15:15:20 CET 2026
#@# white area lh Thu Mar 12 15:15:20 CET 2026
#@# pial curv lh Thu Mar 12 15:15:20 CET 2026
#@# pial area lh Thu Mar 12 15:15:20 CET 2026
#@# thickness lh Thu Mar 12 15:15:20 CET 2026
#@# area and vertex vol lh Thu Mar 12 15:15:20 CET 2026
#@# Parcellation Stats lh Thu Mar 12 15:15:20 CET 2026
#@# Parcellation Stats 2 lh Thu Mar 12 15:15:33 CET 2026
#@# Parcellation Stats 3 lh Thu Mar 12 15:15:40 CET 2026
#@# BA_exvivo Labels lh Thu Mar 12 15:15:46 CET 2026
recon-all -s sub-v1s19x0051305_ses-1 finished without error at Thu Mar 12 15:17:48 CET 2026
