/out/sourcedata/freesurfer/sub-v1s19x0051292_ses-1/mri
/opt/freesurfer/bin/talairach_avi
--i orig_nu.mgz --xfm transforms/talairach.auto.xfm
talairach_avi 7.3.2
Linux dna078 5.14.0-427.37.1.el9_4.x86_64 #1 SMP PREEMPT_DYNAMIC Fri Sep 13 12:41:50 EDT 2024 x86_64 x86_64 x86_64 GNU/Linux
Thu Mar 12 12:18:03 CET 2026
mri_convert orig_nu.mgz talsrcimg.img 
reading from orig_nu.mgz...
TR=0.00, TE=0.00, TI=0.00, flip angle=0.00
i_ras = (-1, 0, 0)
j_ras = (-7.45058e-09, 0, -1)
k_ras = (0, 1, 0)
writing to talsrcimg.img...
Analyze Output Matrix
-1.00000  -0.00000   0.00000   131.51767;
 0.00000   0.00000   1.00000  -128.64969;
 0.00000  -1.00000   0.00000   122.62542;
 0.00000   0.00000   0.00000   1.00000;
--------------------
INFO: set hdr.hist.orient to -1
mpr2mni305 talsrcimg
Thu Mar 12 12:18:03 CET 2026
/opt/freesurfer/bin/mpr2mni305 talsrcimg
mpr2mni305 7.3.2
target=711-2C_as_mni_average_305

---------------------------------------------------------------------
analyzeto4dfp talsrcimg -O0 -y
---------------------------------------------------------------------

freesurfer ifh2hdr.c
Thu Mar 12 12:18:03 2026
Writing: talsrcimg.4dfp.hdr
freesurfer analyzeto4dfp.c
Reading: talsrcimg.hdr
header size 348 bytes
hdr.dime.datatype	offset=70	value=2
hdr.dime.bitpix		offset=72	value=8
hdr.hist.orient		offset=252	value=-1
dimensionality     4
dimensions       256       256       256         1
Reading: talsrcimg.img
Writing: talsrcimg.4dfp.img
Writing: talsrcimg.4dfp.ifh
ifh2hdr talsrcimg -r0to212
ori=2

---------------------------------------------------------------------
gauss_4dfp talsrcimg 1.1
---------------------------------------------------------------------

freesurfer gauss_4dfp.c
Reading: talsrcimg.4dfp.img
Writing: talsrcimg_g11.4dfp.img
image dimensions 256 256 256 padded to 288 288 288
processing volume 1freesurfer ifh2hdr.c
Thu Mar 12 12:18:04 2026
Writing: talsrcimg_g11.4dfp.hdr

Writing: talsrcimg_g11.4dfp.ifh
including: talsrcimg.4dfp.img.rec in talsrcimg_g11.4dfp.img.rec

---------------------------------------------------------------------
imgreg_4dfp /opt/freesurfer/average/711-2C_as_mni_average_305 none talsrcimg_g11 none talsrcimg_to_711-2C_as_mni_average_305_t4 4355
---------------------------------------------------------------------

freesurfer imgreg_4dfp.c
/opt/freesurfer/average/711-2C_as_mni_average_305.4dfp.img
       256       256       256         1
  1.000000  1.000000  1.000000
orientation T byte_order littleendian
Reading image: /opt/freesurfer/average/711-2C_as_mni_average_305.4dfp.img
dimensions:      256       256       256
mmppix:       1.0000   -1.0000   -1.0000
center:     128.0000 -129.0000 -129.0000
talsrcimg_g11.4dfp.img
       256       256       256         1
  1.000000  1.000000  1.000000
orientation T byte_order littleendian
Reading image: talsrcimg_g11.4dfp.img
dimensions:      256       256       256
mmppix:       1.0000   -1.0000   -1.0000
center:     128.0000 -129.0000 -129.0000
t4_read: open error in t4_sub.f l:  41 t4_file(1:l)talsrcimg_to_711-2C_as_mni_average_305_t4 
t4_read: transform initialized to I4
rotation matrix determinant  1.000000
image alignment mode   4355 decimal     1103 hex
   -7.5000  -45.0000  -45.0000 5072.5044   22.0225
    0.0000  -45.0000  -45.0000 5357.9272   22.0228
    7.5000  -45.0000  -45.0000 5211.9917   22.0437
   -7.5000  -37.5000  -45.0000 5605.1089   21.2669
    0.0000  -37.5000  -45.0000 5911.0464   21.2680
    7.5000  -37.5000  -45.0000 5750.3921   21.2946
   -7.5000  -30.0000  -45.0000 6384.9102   20.6711
    0.0000  -30.0000  -45.0000 6723.7671   20.6747
    7.5000  -30.0000  -45.0000 6545.0195   20.7160
   -7.5000  -22.5000  -45.0000 7257.9014   20.3373
    0.0000  -22.5000  -45.0000 7641.7183   20.3398
    7.5000  -22.5000  -45.0000 7431.9307   20.3917
   -7.5000  -15.0000  -45.0000 8169.4263   20.2048
    0.0000  -15.0000  -45.0000 8612.7842   20.2054
    7.5000  -15.0000  -45.0000 8362.9609   20.2506
   -7.5000   -7.5000  -45.0000 9113.9570   20.1854
    0.0000   -7.5000  -45.0000 9633.2578   20.1845
    7.5000   -7.5000  -45.0000 9338.5693   20.2117
   -7.5000    0.0000  -45.000010010.3945   20.2044
    0.0000    0.0000  -45.000010587.2012   20.2033
    7.5000    0.0000  -45.000010255.7666   20.2195
   -7.5000    7.5000  -45.000010081.0977   20.1878
    0.0000    7.5000  -45.000010704.0996   20.1896
    7.5000    7.5000  -45.000010342.2461   20.2122
   -7.5000   15.0000  -45.0000 9998.2197   20.1473
    0.0000   15.0000  -45.000010632.4766   20.1516
    7.5000   15.0000  -45.000010267.0059   20.1910
   -7.5000   22.5000  -45.0000 9825.4248   20.1228
    0.0000   22.5000  -45.000010444.7393   20.1261
    7.5000   22.5000  -45.000010113.9922   20.1764
   -7.5000   30.0000  -45.0000 9578.3135   19.8730
    0.0000   30.0000  -45.000010182.4492   19.8737
    7.5000   30.0000  -45.0000 9867.6641   19.9174
   -7.5000   37.5000  -45.0000 9708.0811   19.9083
    0.0000   37.5000  -45.000010321.6729   19.9073
    7.5000   37.5000  -45.000010013.9688   19.9337
   -7.5000   45.0000  -45.0000 9531.3213   19.4289
    0.0000   45.0000  -45.000010127.3281   19.4279
    7.5000   45.0000  -45.0000 9812.9619   19.4435
   -7.5000  -45.0000  -37.5000 5484.3447   21.6167
    0.0000  -45.0000  -37.5000 5785.5376   21.6229
    7.5000  -45.0000  -37.5000 5605.4463   21.6646
   -7.5000  -37.5000  -37.5000 6032.8413   20.8861
    0.0000  -37.5000  -37.5000 6374.9839   20.8902
    7.5000  -37.5000  -37.5000 6172.7803   20.9303
   -7.5000  -30.0000  -37.5000 6879.2666   20.3078
    0.0000  -30.0000  -37.5000 7254.8271   20.3106
    7.5000  -30.0000  -37.5000 7026.7402   20.3596
   -7.5000  -22.5000  -37.5000 7820.2349   19.9758
    0.0000  -22.5000  -37.5000 8268.6758   19.9775
    7.5000  -22.5000  -37.5000 7991.5850   20.0376
   -7.5000  -15.0000  -37.5000 8799.2666   19.8384
    0.0000  -15.0000  -37.5000 9340.1016   19.8404
    7.5000  -15.0000  -37.5000 9006.7412   19.9004
   -7.5000   -7.5000  -37.5000 9816.2607   19.8210
    0.0000   -7.5000  -37.500010426.8174   19.8239
    7.5000   -7.5000  -37.500010029.9248   19.8700
   -7.5000    0.0000  -37.500010758.0723   19.8484
    0.0000    0.0000  -37.500011416.4443   19.8522
    7.5000    0.0000  -37.500010992.4844   19.8859
   -7.5000    7.5000  -37.500010825.6357   19.8410
    0.0000    7.5000  -37.500011499.5244   19.8451
    7.5000    7.5000  -37.500011069.6816   19.8800
   -7.5000   15.0000  -37.500010721.2666   19.8019
    0.0000   15.0000  -37.500011422.9424   19.8054
    7.5000   15.0000  -37.500010985.1328   19.8521
   -7.5000   22.5000  -37.500010517.4844   19.7686
    0.0000   22.5000  -37.500011197.3936   19.7710
    7.5000   22.5000  -37.500010786.5664   19.8295
   -7.5000   30.0000  -37.500010223.8691   19.5136
    0.0000   30.0000  -37.500010887.4189   19.5158
    7.5000   30.0000  -37.500010509.5127   19.5739
   -7.5000   37.5000  -37.500010321.9746   19.5489
    0.0000   37.5000  -37.500011000.9883   19.5517
    7.5000   37.5000  -37.500010636.7090   19.5968
   -7.5000   45.0000  -37.500010120.4678   19.0866
    0.0000   45.0000  -37.500010776.0771   19.0903
    7.5000   45.0000  -37.500010409.7275   19.1227
   -7.5000  -45.0000  -30.0000 6014.2837   22.4151
    0.0000  -45.0000  -30.0000 6341.4097   22.4331
    7.5000  -45.0000  -30.0000 6139.7329   22.4949
   -7.5000  -37.5000  -30.0000 6631.9287   21.6640
    0.0000  -37.5000  -30.0000 7001.0068   21.6772
    7.5000  -37.5000  -30.0000 6779.7896   21.7279
   -7.5000  -30.0000  -30.0000 7578.5127   21.0741
    0.0000  -30.0000  -30.0000 7993.8945   21.0834
    7.5000  -30.0000  -30.0000 7728.3057   21.1326
   -7.5000  -22.5000  -30.0000 8590.9238   20.7226
    0.0000  -22.5000  -30.0000 9088.4814   20.7309
    7.5000  -22.5000  -30.0000 8774.5566   20.7910
   -7.5000  -15.0000  -30.0000 9631.8701   20.5676
    0.0000  -15.0000  -30.000010206.5537   20.5778
    7.5000  -15.0000  -30.0000 9858.0342   20.6462
   -7.5000   -7.5000  -30.000010712.9395   20.5462
    0.0000   -7.5000  -30.000011378.0859   20.5590
    7.5000   -7.5000  -30.000010964.6436   20.6215
   -7.5000    0.0000  -30.000011731.3779   20.5803
    0.0000    0.0000  -30.000012457.5049   20.5943
    7.5000    0.0000  -30.000011992.1182   20.6452
   -7.5000    7.5000  -30.000011810.8652   20.5844
    0.0000    7.5000  -30.000012558.1211   20.5968
    7.5000    7.5000  -30.000012063.6777   20.6411
   -7.5000   15.0000  -30.000011692.8477   20.5513
    0.0000   15.0000  -30.000012456.6562   20.5609
    7.5000   15.0000  -30.000011961.9492   20.6078
   -7.5000   22.5000  -30.000011439.3252   20.5064
    0.0000   22.5000  -30.000012181.2832   20.5154
    7.5000   22.5000  -30.000011706.5518   20.5738
   -7.5000   30.0000  -30.000011102.0010   20.2331
    0.0000   30.0000  -30.000011824.2295   20.2433
    7.5000   30.0000  -30.000011377.3486   20.3097
   -7.5000   37.5000  -30.000011205.0762   20.2661
    0.0000   37.5000  -30.000011943.7822   20.2785
    7.5000   37.5000  -30.000011501.5908   20.3398
   -7.5000   45.0000  -30.000010951.6602   19.8050
    0.0000   45.0000  -30.000011663.8730   19.8185
    7.5000   45.0000  -30.000011215.1738   19.8674
   -7.5000  -45.0000  -22.5000 6555.0244   23.1921
    0.0000  -45.0000  -22.5000 6909.2812   23.2140
    7.5000  -45.0000  -22.5000 6693.5200   23.2747
   -7.5000  -37.5000  -22.5000 7272.5396   22.4153
    0.0000  -37.5000  -22.5000 7655.0117   22.4327
    7.5000  -37.5000  -22.5000 7413.2979   22.4790
   -7.5000  -30.0000  -22.5000 8282.6191   21.8176
    0.0000  -30.0000  -22.5000 8747.9473   21.8323
    7.5000  -30.0000  -22.5000 8447.1396   21.8713
   -7.5000  -22.5000  -22.5000 9361.3223   21.4611
    0.0000  -22.5000  -22.5000 9887.8223   21.4757
    7.5000  -22.5000  -22.5000 9543.5908   21.5237
   -7.5000  -15.0000  -22.500010491.7832   21.2986
    0.0000  -15.0000  -22.500011095.0859   21.3151
    7.5000  -15.0000  -22.500010714.1943   21.3733
   -7.5000   -7.5000  -22.500011658.9131   21.2667
    0.0000   -7.5000  -22.500012346.5049   21.2847
    7.5000   -7.5000  -22.500011899.2939   21.3423
   -7.5000    0.0000  -22.500012756.2334   21.2919
    0.0000    0.0000  -22.500013526.0898   21.3098
    7.5000    0.0000  -22.500013017.0342   21.3598
   -7.5000    7.5000  -22.500012813.2285   21.2981
    0.0000    7.5000  -22.500013618.1963   21.3142
    7.5000    7.5000  -22.500013067.0381   21.3548
   -7.5000   15.0000  -22.500012671.5635   21.2759
    0.0000   15.0000  -22.500013502.7441   21.2905
    7.5000   15.0000  -22.500012966.2227   21.3279
   -7.5000   22.5000  -22.500012386.6436   21.2356
    0.0000   22.5000  -22.500013212.9209   21.2509
    7.5000   22.5000  -22.500012679.2959   21.2974
   -7.5000   30.0000  -22.500012023.2432   20.9552
    0.0000   30.0000  -22.500012824.5967   20.9717
    7.5000   30.0000  -22.500012301.1250   21.0281
   -7.5000   37.5000  -22.500012123.9717   20.9799
    0.0000   37.5000  -22.500012941.7441   20.9975
    7.5000   37.5000  -22.500012413.7158   21.0539
   -7.5000   45.0000  -22.500011817.2520   20.5052
    0.0000   45.0000  -22.500012612.7285   20.5224
    7.5000   45.0000  -22.500012078.9043   20.5705
   -7.5000  -45.0000  -15.0000 7089.7461   23.7679
    0.0000  -45.0000  -15.0000 7476.1826   23.7831
    7.5000  -45.0000  -15.0000 7245.8896   23.8230
   -7.5000  -37.5000  -15.0000 7878.1782   22.9622
    0.0000  -37.5000  -15.0000 8316.1572   22.9750
    7.5000  -37.5000  -15.0000 8052.1060   23.0072
   -7.5000  -30.0000  -15.0000 8963.4688   22.3530
    0.0000  -30.0000  -15.0000 9493.3203   22.3666
    7.5000  -30.0000  -15.0000 9159.7266   22.3957
   -7.5000  -22.5000  -15.000010114.4668   22.0029
    0.0000  -22.5000  -15.000010715.0527   22.0171
    7.5000  -22.5000  -15.000010322.6533   22.0530
   -7.5000  -15.0000  -15.000011334.8271   21.8475
    0.0000  -15.0000  -15.000011995.7510   21.8625
    7.5000  -15.0000  -15.000011559.6885   21.9019
   -7.5000   -7.5000  -15.000012585.2695   21.8091
    0.0000   -7.5000  -15.000013300.2568   21.8232
    7.5000   -7.5000  -15.000012839.6768   21.8597
   -7.5000    0.0000  -15.000013760.8828   21.8200
    0.0000    0.0000  -15.000014548.6357   21.8323
    7.5000    0.0000  -15.000014023.6611   21.8645
   -7.5000    7.5000  -15.000013785.1455   21.8165
    0.0000    7.5000  -15.000014632.2510   21.8286
    7.5000    7.5000  -15.000014071.0000   21.8566
   -7.5000   15.0000  -15.000013597.8418   21.7977
    0.0000   15.0000  -15.000014514.6699   21.8112
    7.5000   15.0000  -15.000013952.5645   21.8392
   -7.5000   22.5000  -15.000013324.3574   21.7708
    0.0000   22.5000  -15.000014203.8252   21.7856
    7.5000   22.5000  -15.000013604.0928   21.8202
   -7.5000   30.0000  -15.000012975.2725   21.4983
    0.0000   30.0000  -15.000013803.9883   21.5133
    7.5000   30.0000  -15.000013220.9199   21.5512
   -7.5000   37.5000  -15.000013070.6318   21.5180
    0.0000   37.5000  -15.000013932.7207   21.5318
    7.5000   37.5000  -15.000013323.6006   21.5674
   -7.5000   45.0000  -15.000012673.6396   21.0264
    0.0000   45.0000  -15.000013511.2793   21.0383
    7.5000   45.0000  -15.000012915.2383   21.0693
   -7.5000  -45.0000   -7.5000 7668.6484   24.0469
    0.0000  -45.0000   -7.5000 8100.4175   24.0506
    7.5000  -45.0000   -7.5000 7835.2754   24.0712
   -7.5000  -37.5000   -7.5000 8514.9482   23.2215
    0.0000  -37.5000   -7.5000 9011.2520   23.2253
    7.5000  -37.5000   -7.5000 8722.4834   23.2482
   -7.5000  -30.0000   -7.5000 9693.9883   22.5926
    0.0000  -30.0000   -7.500010262.2139   22.5999
    7.5000  -30.0000   -7.5000 9931.5820   22.6315
   -7.5000  -22.5000   -7.500010951.7451   22.2440
    0.0000  -22.5000   -7.500011574.2119   22.2512
    7.5000  -22.5000   -7.500011167.7988   22.2913
   -7.5000  -15.0000   -7.500012257.0488   22.1005
    0.0000  -15.0000   -7.500012909.7139   22.1066
    7.5000  -15.0000   -7.500012473.9336   22.1417
   -7.5000   -7.5000   -7.500013568.4199   22.0690
    0.0000   -7.5000   -7.500014306.8301   22.0730
    7.5000   -7.5000   -7.500013813.5771   22.0954
   -7.5000    0.0000   -7.500014789.0439   22.0781
    0.0000    0.0000   -7.500015610.8965   22.0802
    7.5000    0.0000   -7.500015071.7979   22.0959
   -7.5000    7.5000   -7.500014792.7881   22.0624
    0.0000    7.5000   -7.500015707.5371   22.0666
    7.5000    7.5000   -7.500015147.9033   22.0860
   -7.5000   15.0000   -7.500014591.6172   22.0319
    0.0000   15.0000   -7.500015554.2480   22.0395
    7.5000   15.0000   -7.500014946.9639   22.0699
   -7.5000   22.5000   -7.500014299.2969   22.0071
    0.0000   22.5000   -7.500015156.2832   22.0151
    7.5000   22.5000   -7.500014523.2959   22.0539
   -7.5000   30.0000   -7.500013921.8936   21.7467
    0.0000   30.0000   -7.500014733.6016   21.7530
    7.5000   30.0000   -7.500014116.4229   21.7867
   -7.5000   37.5000   -7.500014005.4609   21.7741
    0.0000   37.5000   -7.500014864.1807   21.7778
    7.5000   37.5000   -7.500014225.3154   21.7996
   -7.5000   45.0000   -7.500013516.5420   21.2791
    0.0000   45.0000   -7.500014352.7002   21.2812
    7.5000   45.0000   -7.500013743.0713   21.2963
   -7.5000  -45.0000    0.0000 8193.3252   24.0783
    0.0000  -45.0000    0.0000 8666.7207   24.0768
    7.5000  -45.0000    0.0000 8383.3105   24.0992
   -7.5000  -37.5000    0.0000 9089.8672   23.2510
    0.0000  -37.5000    0.0000 9651.0898   23.2498
    7.5000  -37.5000    0.0000 9313.2607   23.2780
   -7.5000  -30.0000    0.000010379.7764   22.6093
    0.0000  -30.0000    0.000010982.0391   22.6107
    7.5000  -30.0000    0.000010619.2510   22.6545
   -7.5000  -22.5000    0.000011753.1982   22.2541
    0.0000  -22.5000    0.000012378.6396   22.2547
    7.5000  -22.5000    0.000011995.0703   22.3099
   -7.5000  -15.0000    0.000013113.6426   22.1132
    0.0000  -15.0000    0.000013785.9258   22.1123
    7.5000  -15.0000    0.000013358.2881   22.1603
   -7.5000   -7.5000    0.000014468.8232   22.0913
    0.0000   -7.5000    0.000015175.9355   22.0888
    7.5000   -7.5000    0.000014717.1543   22.1177
   -7.5000    0.0000    0.000015777.5586   22.1097
    0.0000    0.0000    0.000016610.5137   22.1067
    7.5000    0.0000    0.000016108.5195   22.1238
   -7.5000    7.5000    0.000015793.0811   22.0912
    0.0000    7.5000    0.000016742.8691   22.0910
    7.5000    7.5000    0.000016180.2979   22.1148
   -7.5000   15.0000    0.000015588.8340   22.0489
    0.0000   15.0000    0.000016484.4883   22.0511
    7.5000   15.0000    0.000015843.0918   22.0929
   -7.5000   22.5000    0.000015244.9639   22.0173
    0.0000   22.5000    0.000015967.0273   22.0187
    7.5000   22.5000    0.000015353.0752   22.0723
   -7.5000   30.0000    0.000014799.6865   21.7600
    0.0000   30.0000    0.000015535.3066   21.7592
    7.5000   30.0000    0.000014955.8398   21.8057
   -7.5000   37.5000    0.000014885.4170   21.7967
    0.0000   37.5000    0.000015672.9912   21.7941
    7.5000   37.5000    0.000015078.9678   21.8222
   -7.5000   45.0000    0.000014285.6211   21.3112
    0.0000   45.0000    0.000015056.2031   21.3084
    7.5000   45.0000    0.000014490.7393   21.3248
   -7.5000  -45.0000    7.5000 8080.3247   24.0600
    0.0000  -45.0000    7.5000 8544.2393   24.0666
    7.5000  -45.0000    7.5000 8254.1016   24.1125
   -7.5000  -37.5000    7.5000 8958.0762   23.2432
    0.0000  -37.5000    7.5000 9498.6631   23.2473
    7.5000  -37.5000    7.5000 9180.5811   23.2916
   -7.5000  -30.0000    7.500010218.4053   22.6016
    0.0000  -30.0000    7.500010825.5234   22.6043
    7.5000  -30.0000    7.500010472.8760   22.6582
   -7.5000  -22.5000    7.500011572.5146   22.2339
    0.0000  -22.5000    7.500012199.6670   22.2352
    7.5000  -22.5000    7.500011830.2588   22.3015
   -7.5000  -15.0000    7.500012907.6055   22.0817
    0.0000  -15.0000    7.500013577.5254   22.0835
    7.5000  -15.0000    7.500013170.4014   22.1496
   -7.5000   -7.5000    7.500014261.6904   22.0626
    0.0000   -7.5000    7.500014999.4658   22.0655
    7.5000   -7.5000    7.500014567.6602   22.1163
   -7.5000    0.0000    7.500015607.1543   22.0933
    0.0000    0.0000    7.500016480.9316   22.0971
    7.5000    0.0000    7.500015988.3496   22.1342
   -7.5000    7.5000    7.500015722.5117   22.0850
    0.0000    7.5000    7.500016559.2656   22.0893
    7.5000    7.5000    7.500016025.0732   22.1276
   -7.5000   15.0000    7.500015472.2275   22.0416
    0.0000   15.0000    7.500016074.2168   22.0450
    7.5000   15.0000    7.500015501.2227   22.0964
   -7.5000   22.5000    7.500015070.5625   21.9973
    0.0000   22.5000    7.500015560.7129   21.9995
    7.5000   22.5000    7.500015036.5439   22.0640
   -7.5000   30.0000    7.500014605.8340   21.7290
    0.0000   30.0000    7.500015188.6133   21.7310
    7.5000   30.0000    7.500014693.6738   21.7951
   -7.5000   37.5000    7.500014692.8271   21.7684
    0.0000   37.5000    7.500015319.8857   21.7710
    7.5000   37.5000    7.500014828.4902   21.8208
   -7.5000   45.0000    7.500014070.5977   21.2954
    0.0000   45.0000    7.500014682.5986   21.2991
    7.5000   45.0000    7.500014192.9873   21.3348
   -7.5000  -45.0000   15.0000 7814.1816   24.0583
    0.0000  -45.0000   15.0000 8283.4150   24.0776
    7.5000  -45.0000   15.0000 7974.5527   24.1441
   -7.5000  -37.5000   15.0000 8688.1064   23.2521
    0.0000  -37.5000   15.0000 9198.6113   23.2663
    7.5000  -37.5000   15.0000 8873.0225   23.3208
   -7.5000  -30.0000   15.0000 9918.2100   22.6192
    0.0000  -30.0000   15.000010489.5654   22.6291
    7.5000  -30.0000   15.000010149.5557   22.6821
   -7.5000  -22.5000   15.000011218.0645   22.2421
    0.0000  -22.5000   15.000011816.3408   22.2509
    7.5000  -22.5000   15.000011470.8721   22.3156
   -7.5000  -15.0000   15.000012482.9189   22.0758
    0.0000  -15.0000   15.000013165.1562   22.0868
    7.5000  -15.0000   15.000012780.5908   22.1604
   -7.5000   -7.5000   15.000013759.5186   22.0530
    0.0000   -7.5000   15.000014512.2012   22.0667
    7.5000   -7.5000   15.000014114.8975   22.1340
   -7.5000    0.0000   15.000015000.0332   22.0896
    0.0000    0.0000   15.000015812.6650   22.1046
    7.5000    0.0000   15.000015454.2803   22.1593
   -7.5000    7.5000   15.000015088.1064   22.0939
    0.0000    7.5000   15.000015789.0332   22.1072
    7.5000    7.5000   15.000015404.4014   22.1549
   -7.5000   15.0000   15.000014931.4980   22.0584
    0.0000   15.0000   15.000015314.6963   22.0685
    7.5000   15.0000   15.000014871.4688   22.1191
   -7.5000   22.5000   15.000014528.2129   22.0053
    0.0000   22.5000   15.000014839.6191   22.0148
    7.5000   22.5000   15.000014440.3145   22.0777
   -7.5000   30.0000   15.000014121.4404   21.7232
    0.0000   30.0000   15.000014543.6641   21.7342
    7.5000   30.0000   15.000014174.5303   21.8056
   -7.5000   37.5000   15.000014246.2695   21.7587
    0.0000   37.5000   15.000014731.5352   21.7721
    7.5000   37.5000   15.000014351.2676   21.8381
   -7.5000   45.0000   15.000013637.8516   21.2918
    0.0000   45.0000   15.000014146.2725   21.3063
    7.5000   45.0000   15.000013723.2871   21.3590
   -7.5000  -45.0000   22.5000 7497.1660   24.0754
    0.0000  -45.0000   22.5000 7934.3047   24.0982
    7.5000  -45.0000   22.5000 7657.8027   24.1612
   -7.5000  -37.5000   22.5000 8295.4902   23.2691
    0.0000  -37.5000   22.5000 8801.6406   23.2871
    7.5000  -37.5000   22.5000 8485.0869   23.3352
   -7.5000  -30.0000   22.5000 9458.0840   22.6486
    0.0000  -30.0000   22.500010064.9355   22.6639
    7.5000  -30.0000   22.5000 9684.5391   22.7044
   -7.5000  -22.5000   22.500010701.5732   22.2785
    0.0000  -22.5000   22.500011373.6328   22.2937
    7.5000  -22.5000   22.500010959.4600   22.3436
   -7.5000  -15.0000   22.500011937.4443   22.1098
    0.0000  -15.0000   22.500012683.5977   22.1270
    7.5000  -15.0000   22.500012245.0361   22.1874
   -7.5000   -7.5000   22.500013182.2773   22.0767
    0.0000   -7.5000   22.500013935.2129   22.0954
    7.5000   -7.5000   22.500013520.8086   22.1552
   -7.5000    0.0000   22.500014324.6006   22.1029
    0.0000    0.0000   22.500015069.7871   22.1215
    7.5000    0.0000   22.500014739.0430   22.1733
   -7.5000    7.5000   22.500014376.0537   22.1093
    0.0000    7.5000   22.500015053.4902   22.1261
    7.5000    7.5000   22.500014725.5605   22.1682
   -7.5000   15.0000   22.500014258.9922   22.0863
    0.0000   15.0000   22.500014807.6182   22.1014
    7.5000   15.0000   22.500014399.3945   22.1403
   -7.5000   22.5000   22.500013968.6094   22.0411
    0.0000   22.5000   22.500014402.0742   22.0569
    7.5000   22.5000   22.500013981.1982   22.1053
   -7.5000   30.0000   22.500013610.8633   21.7564
    0.0000   30.0000   22.500014065.4961   21.7736
    7.5000   30.0000   22.500013626.0049   21.8321
   -7.5000   37.5000   22.500013770.3057   21.7820
    0.0000   37.5000   22.500014280.2090   21.8003
    7.5000   37.5000   22.500013778.6094   21.8589
   -7.5000   45.0000   22.500013154.8623   21.3046
    0.0000   45.0000   22.500013681.7676   21.3226
    7.5000   45.0000   22.500013167.8809   21.3725
   -7.5000  -45.0000   30.0000 7085.0142   24.1369
    0.0000  -45.0000   30.0000 7477.3433   24.1528
    7.5000  -45.0000   30.0000 7224.0347   24.1937
   -7.5000  -37.5000   30.0000 7851.5913   23.3173
    0.0000  -37.5000   30.0000 8304.1807   23.3307
    7.5000  -37.5000   30.0000 8027.7622   23.3638
   -7.5000  -30.0000   30.0000 8972.7842   22.6980
    0.0000  -30.0000   30.0000 9512.6680   22.7122
    7.5000  -30.0000   30.0000 9190.9180   22.7420
   -7.5000  -22.5000   30.000010141.2256   22.3423
    0.0000  -22.5000   30.000010766.3193   22.3570
    7.5000  -22.5000   30.000010392.5703   22.3938
   -7.5000  -15.0000   30.000011294.4785   22.1843
    0.0000  -15.0000   30.000012012.7070   22.1998
    7.5000  -15.0000   30.000011576.3193   22.2401
   -7.5000   -7.5000   30.000012421.4365   22.1449
    0.0000   -7.5000   30.000013198.0703   22.1596
    7.5000   -7.5000   30.000012744.8359   22.1969
   -7.5000    0.0000   30.000013463.8486   22.1555
    0.0000    0.0000   30.000014310.1113   22.1684
    7.5000    0.0000   30.000013831.2607   22.2014
   -7.5000    7.5000   30.000013506.7207   22.1520
    0.0000    7.5000   30.000014389.2148   22.1647
    7.5000    7.5000   30.000013853.4736   22.1934
   -7.5000   15.0000   30.000013414.1924   22.1332
    0.0000   15.0000   30.000014289.6201   22.1473
    7.5000   15.0000   30.000013673.9238   22.1760
   -7.5000   22.5000   30.000013177.3779   22.1038
    0.0000   22.5000   30.000013958.6729   22.1192
    7.5000   22.5000   30.000013366.4434   22.1547
   -7.5000   30.0000   30.000012866.1729   21.8296
    0.0000   30.0000   30.000013558.0859   21.8451
    7.5000   30.0000   30.000013025.4561   21.8839
   -7.5000   37.5000   30.000012965.3535   21.8493
    0.0000   37.5000   30.000013598.7803   21.8637
    7.5000   37.5000   30.000013092.9854   21.9000
   -7.5000   45.0000   30.000012346.2275   21.3554
    0.0000   45.0000   30.000012916.0039   21.3678
    7.5000   45.0000   30.000012438.3066   21.3996
   -7.5000  -45.0000   37.5000 6946.4600   24.2953
    0.0000  -45.0000   37.5000 7317.0278   24.2990
    7.5000  -45.0000   37.5000 7063.2754   24.3198
   -7.5000  -37.5000   37.5000 7682.0059   23.4564
    0.0000  -37.5000   37.5000 8123.9717   23.4601
    7.5000  -37.5000   37.5000 7822.7153   23.4833
   -7.5000  -30.0000   37.5000 8729.1797   22.8168
    0.0000  -30.0000   37.5000 9280.4111   22.8240
    7.5000  -30.0000   37.5000 8913.1914   22.8561
   -7.5000  -22.5000   37.5000 9837.0771   22.4622
    0.0000  -22.5000   37.500010480.5303   22.4694
    7.5000  -22.5000   37.500010044.0830   22.5100
   -7.5000  -15.0000   37.500010957.3271   22.3159
    0.0000  -15.0000   37.500011689.5469   22.3220
    7.5000  -15.0000   37.500011202.3633   22.3575
   -7.5000   -7.5000   37.500012062.0527   22.2834
    0.0000   -7.5000   37.500012855.2500   22.2873
    7.5000   -7.5000   37.500012349.8955   22.3100
   -7.5000    0.0000   37.500013085.0830   22.2924
    0.0000    0.0000   37.500013924.9277   22.2944
    7.5000    0.0000   37.500013404.6865   22.3102
   -7.5000    7.5000   37.500013136.2969   22.2767
    0.0000    7.5000   37.500013949.9707   22.2808
    7.5000    7.5000   37.500013454.8516   22.3004
   -7.5000   15.0000   37.500013029.5654   22.2462
    0.0000   15.0000   37.500013804.5264   22.2538
    7.5000   15.0000   37.500013314.4453   22.2846
   -7.5000   22.5000   37.500012774.5010   22.2213
    0.0000   22.5000   37.500013485.1787   22.2293
    7.5000   22.5000   37.500013022.3721   22.2685
   -7.5000   30.0000   37.500012432.4727   21.9588
    0.0000   30.0000   37.500013078.7754   21.9650
    7.5000   30.0000   37.500012655.3848   21.9991
   -7.5000   37.5000   37.500012516.4219   21.9861
    0.0000   37.5000   37.500013153.3125   21.9898
    7.5000   37.5000   37.500012726.7842   22.0118
   -7.5000   45.0000   37.500011916.8301   21.4873
    0.0000   45.0000   37.500012510.1436   21.4893
    7.5000   45.0000   37.500012085.0039   21.5045
   -7.5000  -45.0000   45.0000 6455.3525   24.3804
    0.0000  -45.0000   45.0000 6783.7534   24.3783
    7.5000  -45.0000   45.0000 6559.2261   24.4003
   -7.5000  -37.5000   45.0000 7121.9443   23.5373
    0.0000  -37.5000   45.0000 7524.6396   23.5356
    7.5000  -37.5000   45.0000 7263.2046   23.5637
   -7.5000  -30.0000   45.0000 8104.5898   22.8808
    0.0000  -30.0000   45.0000 8581.6250   22.8820
    7.5000  -30.0000   45.0000 8263.1396   22.9264
   -7.5000  -22.5000   45.0000 9140.2500   22.5162
    0.0000  -22.5000   45.0000 9671.0244   22.5165
    7.5000  -22.5000   45.0000 9311.5684   22.5729
   -7.5000  -15.0000   45.000010155.6484   22.3709
    0.0000  -15.0000   45.000010771.0400   22.3695
    7.5000  -15.0000   45.000010383.8486   22.4186
   -7.5000   -7.5000   45.000011163.8496   22.3481
    0.0000   -7.5000   45.000011844.9346   22.3449
    7.5000   -7.5000   45.000011419.3037   22.3741
   -7.5000    0.0000   45.000012080.6758   22.3670
    0.0000    0.0000   45.000012817.7324   22.3634
    7.5000    0.0000   45.000012356.8291   22.3802
   -7.5000    7.5000   45.000012074.3564   22.3482
    0.0000    7.5000   45.000012792.7598   22.3474
    7.5000    7.5000   45.000012347.6611   22.3713
   -7.5000   15.0000   45.000011941.2969   22.3048
    0.0000   15.0000   45.000012616.7510   22.3068
    7.5000   15.0000   45.000012185.8350   22.3493
   -7.5000   22.5000   45.000011717.4473   22.2724
    0.0000   22.5000   45.000012348.3369   22.2736
    7.5000   22.5000   45.000011929.4893   22.3284
   -7.5000   30.0000   45.000011438.5703   22.0104
    0.0000   30.0000   45.000012028.9941   22.0092
    7.5000   30.0000   45.000011632.3789   22.0566
   -7.5000   37.5000   45.000011540.0742   22.0480
    0.0000   37.5000   45.000012120.6133   22.0447
    7.5000   37.5000   45.000011714.0176   22.0731
   -7.5000   45.0000   45.000010976.1377   21.5690
    0.0000   45.0000   45.000011541.9551   21.5655
    7.5000   45.0000   45.000011137.1152   21.5817

---------------------------------------------------------------------
imgreg_4dfp /opt/freesurfer/average/711-2C_as_mni_average_305 /opt/freesurfer/average/711-2B_as_mni_average_305_mask talsrcimg_g11 none talsrcimg_to_711-2C_as_mni_average_305_t4 4355
---------------------------------------------------------------------

freesurfer imgreg_4dfp.c
/opt/freesurfer/average/711-2C_as_mni_average_305.4dfp.img
       256       256       256         1
  1.000000  1.000000  1.000000
orientation T byte_order littleendian
Reading image: /opt/freesurfer/average/711-2C_as_mni_average_305.4dfp.img
dimensions:      256       256       256
mmppix:       1.0000   -1.0000   -1.0000
center:     128.0000 -129.0000 -129.0000
/opt/freesurfer/average/711-2B_as_mni_average_305_mask.4dfp.img
       256       256       256         1
  1.000000  1.000000  1.000000
orientation T byte_order littleendian
Reading mask: /opt/freesurfer/average/711-2B_as_mni_average_305_mask.4dfp.img (2306576 pixels)
talsrcimg_g11.4dfp.img
       256       256       256         1
  1.000000  1.000000  1.000000
orientation T byte_order littleendian
Reading image: talsrcimg_g11.4dfp.img
dimensions:      256       256       256
mmppix:       1.0000   -1.0000   -1.0000
center:     128.0000 -129.0000 -129.0000
rotation matrix determinant  1.000000
image alignment mode   4355 decimal     1103 hex
   -7.5000  -37.5000  -45.0000 1621.2457   40.1316
    0.0000  -37.5000  -45.0000 1634.4491   39.2951
    7.5000  -37.5000  -45.0000 1632.3861   38.9407
   -7.5000  -30.0000  -45.0000 1738.4440   34.5140
    0.0000  -30.0000  -45.0000 1746.9758   33.7884
    7.5000  -30.0000  -45.0000 1749.1307   33.4571
   -7.5000  -22.5000  -45.0000 1858.5575   30.3575
    0.0000  -22.5000  -45.0000 1865.6968   29.8323
    7.5000  -22.5000  -45.0000 1869.1860   29.5889
   -7.5000  -15.0000  -45.0000 1963.5162   27.4956
    0.0000  -15.0000  -45.0000 1973.2709   27.0465
    7.5000  -15.0000  -45.0000 1979.2203   26.8423
   -7.5000   -7.5000  -45.0000 2054.5276   25.3767
    0.0000   -7.5000  -45.0000 2071.0234   24.9696
    7.5000   -7.5000  -45.0000 2073.2290   24.7883
   -7.5000    0.0000  -45.0000 2118.1082   23.8915
    0.0000    0.0000  -45.0000 2130.0891   23.4979
    7.5000    0.0000  -45.0000 2136.9119   23.3174
   -7.5000    7.5000  -45.0000 2158.4780   22.6880
    0.0000    7.5000  -45.0000 2179.9490   22.2837
    7.5000    7.5000  -45.0000 2181.2173   22.1428
   -7.5000   15.0000  -45.0000 2176.5010   21.8321
    0.0000   15.0000  -45.0000 2198.4033   21.3745
    7.5000   15.0000  -45.0000 2199.8501   21.2847
   -7.5000   22.5000  -45.0000 2180.7480   21.3486
    0.0000   22.5000  -45.0000 2203.3171   20.8686
    7.5000   22.5000  -45.0000 2204.0566   20.7981
   -7.5000   30.0000  -45.0000 2175.3430   21.4075
    0.0000   30.0000  -45.0000 2197.7415   20.9140
    7.5000   30.0000  -45.0000 2202.3079   20.8457
   -7.5000   37.5000  -45.0000 2158.1331   21.9733
    0.0000   37.5000  -45.0000 2180.6572   21.4290
    7.5000   37.5000  -45.0000 2190.7346   21.3329
   -7.5000   45.0000  -45.0000 2134.7190   22.8935
    0.0000   45.0000  -45.0000 2154.0024   22.3261
    7.5000   45.0000  -45.0000 2161.5310   22.2055
   -7.5000   52.5000  -45.0000 2071.8621   24.0640
    0.0000   52.5000  -45.0000 2088.1057   23.5237
    7.5000   52.5000  -45.0000 2093.5852   23.3521
   -7.5000  -37.5000  -37.5000 1697.9585   36.1725
    0.0000  -37.5000  -37.5000 1713.4462   35.6352
    7.5000  -37.5000  -37.5000 1707.8291   35.4308
   -7.5000  -30.0000  -37.5000 1824.0624   31.2366
    0.0000  -30.0000  -37.5000 1834.4177   30.7351
    7.5000  -30.0000  -37.5000 1832.3506   30.4872
   -7.5000  -22.5000  -37.5000 1947.7629   27.6403
    0.0000  -22.5000  -37.5000 1965.1621   27.2365
    7.5000  -22.5000  -37.5000 1962.1338   26.9845
   -7.5000  -15.0000  -37.5000 2051.3970   24.9868
    0.0000  -15.0000  -37.5000 2075.8159   24.7216
    7.5000  -15.0000  -37.5000 2070.3584   24.4746
   -7.5000   -7.5000  -37.5000 2149.8154   23.0702
    0.0000   -7.5000  -37.5000 2173.4480   22.8620
    7.5000   -7.5000  -37.5000 2164.1992   22.6392
   -7.5000    0.0000  -37.5000 2215.7007   21.7000
    0.0000    0.0000  -37.5000 2238.3706   21.4774
    7.5000    0.0000  -37.5000 2234.3525   21.2696
   -7.5000    7.5000  -37.5000 2261.0554   20.6321
    0.0000    7.5000  -37.5000 2278.8489   20.3386
    7.5000    7.5000  -37.5000 2279.4514   20.1917
   -7.5000   15.0000  -37.5000 2279.7117   19.9127
    0.0000   15.0000  -37.5000 2303.2402   19.5467
    7.5000   15.0000  -37.5000 2303.8396   19.4536
   -7.5000   22.5000  -37.5000 2285.6414   19.5188
    0.0000   22.5000  -37.5000 2307.3643   19.1470
    7.5000   22.5000  -37.5000 2312.1868   19.0840
   -7.5000   30.0000  -37.5000 2273.3730   19.5482
    0.0000   30.0000  -37.5000 2299.1021   19.1771
    7.5000   30.0000  -37.5000 2303.6211   19.1275
   -7.5000   37.5000  -37.5000 2252.3333   20.0021
    0.0000   37.5000  -37.5000 2280.3699   19.5721
    7.5000   37.5000  -37.5000 2290.5481   19.5169
   -7.5000   45.0000  -37.5000 2226.4758   20.8159
    0.0000   45.0000  -37.5000 2254.4404   20.3322
    7.5000   45.0000  -37.5000 2262.6392   20.2386
   -7.5000   52.5000  -37.5000 2161.6311   21.9662
    0.0000   52.5000  -37.5000 2188.1328   21.4660
    7.5000   52.5000  -37.5000 2194.8000   21.3676
   -7.5000  -37.5000  -30.0000 1802.3032   34.2265
    0.0000  -37.5000  -30.0000 1817.9208   33.7197
    7.5000  -37.5000  -30.0000 1820.9404   33.5354
   -7.5000  -30.0000  -30.0000 1937.3287   29.6201
    0.0000  -30.0000  -30.0000 1952.1606   29.1320
    7.5000  -30.0000  -30.0000 1954.5603   28.9769
   -7.5000  -22.5000  -30.0000 2062.5923   26.1556
    0.0000  -22.5000  -30.0000 2083.6650   25.7890
    7.5000  -22.5000  -30.0000 2085.9502   25.6617
   -7.5000  -15.0000  -30.0000 2169.8770   23.5808
    0.0000  -15.0000  -30.0000 2196.7947   23.3084
    7.5000  -15.0000  -30.0000 2195.6812   23.1938
   -7.5000   -7.5000  -30.0000 2271.8274   21.7514
    0.0000   -7.5000  -30.0000 2300.7810   21.5376
    7.5000   -7.5000  -30.0000 2297.3528   21.4022
   -7.5000    0.0000  -30.0000 2343.3752   20.4736
    0.0000    0.0000  -30.0000 2369.2925   20.2859
    7.5000    0.0000  -30.0000 2368.6006   20.1474
   -7.5000    7.5000  -30.0000 2392.3267   19.4793
    0.0000    7.5000  -30.0000 2418.9287   19.2487
    7.5000    7.5000  -30.0000 2420.5967   19.1007
   -7.5000   15.0000  -30.0000 2420.5437   18.7892
    0.0000   15.0000  -30.0000 2450.1482   18.5064
    7.5000   15.0000  -30.0000 2453.0989   18.3727
   -7.5000   22.5000  -30.0000 2431.7559   18.4510
    0.0000   22.5000  -30.0000 2457.8335   18.1632
    7.5000   22.5000  -30.0000 2464.2529   18.1083
   -7.5000   30.0000  -30.0000 2420.2126   18.5004
    0.0000   30.0000  -30.0000 2447.8262   18.1753
    7.5000   30.0000  -30.0000 2455.5220   18.1736
   -7.5000   37.5000  -30.0000 2403.6096   18.9519
    0.0000   37.5000  -30.0000 2434.8674   18.5784
    7.5000   37.5000  -30.0000 2445.0066   18.5528
   -7.5000   45.0000  -30.0000 2373.8542   19.7764
    0.0000   45.0000  -30.0000 2405.5757   19.3407
    7.5000   45.0000  -30.0000 2416.0801   19.2886
   -7.5000   52.5000  -30.0000 2300.8574   20.8818
    0.0000   52.5000  -30.0000 2330.4973   20.4545
    7.5000   52.5000  -30.0000 2337.2876   20.3698
   -7.5000  -37.5000  -22.5000 1889.7395   32.1859
    0.0000  -37.5000  -22.5000 1904.7249   31.7512
    7.5000  -37.5000  -22.5000 1905.8113   31.5954
   -7.5000  -30.0000  -22.5000 2024.3286   27.8612
    0.0000  -30.0000  -22.5000 2044.8619   27.3924
    7.5000  -30.0000  -22.5000 2046.0631   27.3188
   -7.5000  -22.5000  -22.5000 2150.5161   24.6083
    0.0000  -22.5000  -22.5000 2171.6816   24.1969
    7.5000  -22.5000  -22.5000 2174.8884   24.1586
   -7.5000  -15.0000  -22.5000 2267.3689   22.1977
    0.0000  -15.0000  -22.5000 2292.8181   21.9258
    7.5000  -15.0000  -22.5000 2294.7742   21.8521
   -7.5000   -7.5000  -22.5000 2376.6704   20.4481
    0.0000   -7.5000  -22.5000 2404.8711   20.1877
    7.5000   -7.5000  -22.5000 2403.1604   20.0681
   -7.5000    0.0000  -22.5000 2454.7874   19.2021
    0.0000    0.0000  -22.5000 2483.1926   18.9834
    7.5000    0.0000  -22.5000 2481.6074   18.8589
   -7.5000    7.5000  -22.5000 2502.5938   18.2611
    0.0000    7.5000  -22.5000 2537.0281   18.0580
    7.5000    7.5000  -22.5000 2534.7163   17.9421
   -7.5000   15.0000  -22.5000 2538.5054   17.6407
    0.0000   15.0000  -22.5000 2574.3086   17.3964
    7.5000   15.0000  -22.5000 2576.4153   17.2839
   -7.5000   22.5000  -22.5000 2560.1050   17.3621
    0.0000   22.5000  -22.5000 2591.5972   17.1146
    7.5000   22.5000  -22.5000 2599.9658   17.0343
   -7.5000   30.0000  -22.5000 2553.7893   17.4558
    0.0000   30.0000  -22.5000 2587.0459   17.1559
    7.5000   30.0000  -22.5000 2597.9702   17.1432
   -7.5000   37.5000  -22.5000 2537.2898   17.8875
    0.0000   37.5000  -22.5000 2578.4858   17.5522
    7.5000   37.5000  -22.5000 2589.8398   17.5404
   -7.5000   45.0000  -22.5000 2499.8528   18.6799
    0.0000   45.0000  -22.5000 2545.3606   18.3063
    7.5000   45.0000  -22.5000 2552.4297   18.2829
   -7.5000   52.5000  -22.5000 2415.9995   19.7763
    0.0000   52.5000  -22.5000 2457.0466   19.4025
    7.5000   52.5000  -22.5000 2465.0823   19.3768
   -7.5000  -37.5000  -15.0000 1941.5641   30.4886
    0.0000  -37.5000  -15.0000 1958.3379   29.9956
    7.5000  -37.5000  -15.0000 1959.1168   29.8938
   -7.5000  -30.0000  -15.0000 2078.6091   26.4315
    0.0000  -30.0000  -15.0000 2102.3494   25.9333
    7.5000  -30.0000  -15.0000 2104.4385   25.8722
   -7.5000  -22.5000  -15.0000 2209.0640   23.2633
    0.0000  -22.5000  -15.0000 2234.8601   22.8602
    7.5000  -22.5000  -15.0000 2233.2290   22.7972
   -7.5000  -15.0000  -15.0000 2335.2212   20.9780
    0.0000  -15.0000  -15.0000 2362.6194   20.6215
    7.5000  -15.0000  -15.0000 2361.3303   20.5380
   -7.5000   -7.5000  -15.0000 2450.5122   19.2680
    0.0000   -7.5000  -15.0000 2477.8450   18.9716
    7.5000   -7.5000  -15.0000 2482.3936   18.8743
   -7.5000    0.0000  -15.0000 2537.2371   18.0402
    0.0000    0.0000  -15.0000 2565.5664   17.7551
    7.5000    0.0000  -15.0000 2567.2078   17.6577
   -7.5000    7.5000  -15.0000 2591.1680   17.1674
    0.0000    7.5000  -15.0000 2627.0901   16.8934
    7.5000    7.5000  -15.0000 2623.7063   16.8202
   -7.5000   15.0000  -15.0000 2631.9856   16.5985
    0.0000   15.0000  -15.0000 2669.4839   16.3433
    7.5000   15.0000  -15.0000 2672.1636   16.2874
   -7.5000   22.5000  -15.0000 2658.0405   16.3664
    0.0000   22.5000  -15.0000 2698.2424   16.1064
    7.5000   22.5000  -15.0000 2704.6047   16.0347
   -7.5000   30.0000  -15.0000 2659.9519   16.4889
    0.0000   30.0000  -15.0000 2701.4185   16.1991
    7.5000   30.0000  -15.0000 2711.5151   16.1465
   -7.5000   37.5000  -15.0000 2644.8638   16.9185
    0.0000   37.5000  -15.0000 2691.2227   16.6053
    7.5000   37.5000  -15.0000 2697.1030   16.5810
   -7.5000   45.0000  -15.0000 2595.6323   17.6829
    0.0000   45.0000  -15.0000 2641.8875   17.3329
    7.5000   45.0000  -15.0000 2652.9712   17.3472
   -7.5000   52.5000  -15.0000 2499.6389   18.7701
    0.0000   52.5000  -15.0000 2544.1543   18.3963
    7.5000   52.5000  -15.0000 2559.3140   18.4379
   -7.5000  -37.5000   -7.5000 1981.0203   29.1186
    0.0000  -37.5000   -7.5000 2001.9104   28.6765
    7.5000  -37.5000   -7.5000 2002.9061   28.5464
   -7.5000  -30.0000   -7.5000 2124.4031   25.1971
    0.0000  -30.0000   -7.5000 2146.3877   24.7125
    7.5000  -30.0000   -7.5000 2151.4392   24.6587
   -7.5000  -22.5000   -7.5000 2263.8196   22.1315
    0.0000  -22.5000   -7.5000 2285.3772   21.6327
    7.5000  -22.5000   -7.5000 2284.1541   21.6447
   -7.5000  -15.0000   -7.5000 2396.2258   19.9154
    0.0000  -15.0000   -7.5000 2414.2024   19.4058
    7.5000  -15.0000   -7.5000 2419.4282   19.4245
   -7.5000   -7.5000   -7.5000 2510.4167   18.2826
    0.0000   -7.5000   -7.5000 2537.5979   17.8518
    7.5000   -7.5000   -7.5000 2543.2974   17.8123
   -7.5000    0.0000   -7.5000 2601.0952   17.0539
    0.0000    0.0000   -7.5000 2635.7366   16.7062
    7.5000    0.0000   -7.5000 2634.4954   16.6385
   -7.5000    7.5000   -7.5000 2667.6328   16.2177
    0.0000    7.5000   -7.5000 2705.0491   15.8725
    7.5000    7.5000   -7.5000 2703.8921   15.8188
   -7.5000   15.0000   -7.5000 2714.6069   15.6693
    0.0000   15.0000   -7.5000 2754.5508   15.4033
    7.5000   15.0000   -7.5000 2757.8459   15.3464
   -7.5000   22.5000   -7.5000 2743.1958   15.4722
    0.0000   22.5000   -7.5000 2785.9758   15.2082
    7.5000   22.5000   -7.5000 2792.2505   15.1180
   -7.5000   30.0000   -7.5000 2745.7878   15.6201
    0.0000   30.0000   -7.5000 2789.2061   15.3089
    7.5000   30.0000   -7.5000 2796.1780   15.2484
   -7.5000   37.5000   -7.5000 2726.9138   16.0696
    0.0000   37.5000   -7.5000 2774.9309   15.7147
    7.5000   37.5000   -7.5000 2780.3350   15.6944
   -7.5000   45.0000   -7.5000 2671.2336   16.8631
    0.0000   45.0000   -7.5000 2716.5251   16.4717
    7.5000   45.0000   -7.5000 2728.9805   16.4918
   -7.5000   52.5000   -7.5000 2567.7278   17.9158
    0.0000   52.5000   -7.5000 2605.8130   17.5368
    7.5000   52.5000   -7.5000 2620.1721   17.5590
   -7.5000  -37.5000    0.0000 2009.8768   27.9830
    0.0000  -37.5000    0.0000 2036.0312   27.5218
    7.5000  -37.5000    0.0000 2031.3545   27.5180
   -7.5000  -30.0000    0.0000 2163.5691   24.1509
    0.0000  -30.0000    0.0000 2189.5408   23.7044
    7.5000  -30.0000    0.0000 2186.0686   23.7525
   -7.5000  -22.5000    0.0000 2312.2139   21.2796
    0.0000  -22.5000    0.0000 2329.8364   20.7490
    7.5000  -22.5000    0.0000 2332.9319   20.8558
   -7.5000  -15.0000    0.0000 2446.3232   19.0907
    0.0000  -15.0000    0.0000 2462.0654   18.5610
    7.5000  -15.0000    0.0000 2470.3982   18.6777
   -7.5000   -7.5000    0.0000 2556.9924   17.5100
    0.0000   -7.5000    0.0000 2579.4917   16.9887
    7.5000   -7.5000    0.0000 2586.5688   17.0604
   -7.5000    0.0000    0.0000 2651.7036   16.3314
    0.0000    0.0000    0.0000 2683.6345   15.8746
    7.5000    0.0000    0.0000 2685.0420   15.9078
   -7.5000    7.5000    0.0000 2727.2991   15.5103
    0.0000    7.5000    0.0000 2770.5427   15.1021
    7.5000    7.5000    0.0000 2768.5244   15.1005
   -7.5000   15.0000    0.0000 2784.4600   14.9749
    0.0000   15.0000    0.0000 2830.3655   14.6117
    7.5000   15.0000    0.0000 2830.3040   14.5847
   -7.5000   22.5000    0.0000 2817.0596   14.7860
    0.0000   22.5000    0.0000 2861.6907   14.4066
    7.5000   22.5000    0.0000 2863.4854   14.3629
   -7.5000   30.0000    0.0000 2815.8389   14.9737
    0.0000   30.0000    0.0000 2860.5061   14.5796
    7.5000   30.0000    0.0000 2868.1001   14.5771
   -7.5000   37.5000    0.0000 2793.6726   15.4063
    0.0000   37.5000    0.0000 2838.4775   15.0318
    7.5000   37.5000    0.0000 2844.7791   15.0359
   -7.5000   45.0000    0.0000 2729.0757   16.2122
    0.0000   45.0000    0.0000 2770.2102   15.8541
    7.5000   45.0000    0.0000 2781.0913   15.8585
   -7.5000   52.5000    0.0000 2615.6929   17.2769
    0.0000   52.5000    0.0000 2651.7417   16.9024
    7.5000   52.5000    0.0000 2663.8572   16.9148
   -7.5000  -37.5000    7.5000 2033.4147   27.0538
    0.0000  -37.5000    7.5000 2066.2520   26.6092
    7.5000  -37.5000    7.5000 2062.4641   26.7670
   -7.5000  -30.0000    7.5000 2189.5249   23.4106
    0.0000  -30.0000    7.5000 2221.8447   22.8865
    7.5000  -30.0000    7.5000 2217.7151   23.0956
   -7.5000  -22.5000    7.5000 2342.7439   20.6046
    0.0000  -22.5000    7.5000 2366.5562   20.0458
    7.5000  -22.5000    7.5000 2368.8870   20.2613
   -7.5000  -15.0000    7.5000 2475.6450   18.5156
    0.0000  -15.0000    7.5000 2495.2122   17.9433
    7.5000  -15.0000    7.5000 2502.0972   18.1135
   -7.5000   -7.5000    7.5000 2591.9543   16.9790
    0.0000   -7.5000    7.5000 2617.3235   16.3873
    7.5000   -7.5000    7.5000 2626.9343   16.5588
   -7.5000    0.0000    7.5000 2693.6987   15.8579
    0.0000    0.0000    7.5000 2724.4004   15.2985
    7.5000    0.0000    7.5000 2731.7283   15.4347
   -7.5000    7.5000    7.5000 2783.2815   15.1073
    0.0000    7.5000    7.5000 2826.5427   14.5787
    7.5000    7.5000    7.5000 2826.2861   14.6515
   -7.5000   15.0000    7.5000 2845.4131   14.5145
    0.0000   15.0000    7.5000 2891.4155   13.9848
    7.5000   15.0000    7.5000 2885.5020   14.0509
   -7.5000   22.5000    7.5000 2874.5728   14.3312
    0.0000   22.5000    7.5000 2918.5408   13.7359
    7.5000   22.5000    7.5000 2916.0461   13.8129
   -7.5000   30.0000    7.5000 2871.2395   14.5404
    0.0000   30.0000    7.5000 2916.1255   14.0616
    7.5000   30.0000    7.5000 2923.1501   14.1140
   -7.5000   37.5000    7.5000 2840.9331   14.9786
    0.0000   37.5000    7.5000 2884.1184   14.5805
    7.5000   37.5000    7.5000 2892.0627   14.6127
   -7.5000   45.0000    7.5000 2767.9829   15.8381
    0.0000   45.0000    7.5000 2805.9666   15.4414
    7.5000   45.0000    7.5000 2819.8032   15.4721
   -7.5000   52.5000    7.5000 2642.2727   16.9127
    0.0000   52.5000    7.5000 2675.1382   16.4943
    7.5000   52.5000    7.5000 2691.9053   16.5345
   -7.5000  -37.5000   15.0000 2045.4882   26.5146
    0.0000  -37.5000   15.0000 2076.2205   26.0826
    7.5000  -37.5000   15.0000 2067.5154   26.2720
   -7.5000  -30.0000   15.0000 2209.0942   23.0454
    0.0000  -30.0000   15.0000 2239.9023   22.5002
    7.5000  -30.0000   15.0000 2233.9387   22.7499
   -7.5000  -22.5000   15.0000 2362.8511   20.3592
    0.0000  -22.5000   15.0000 2389.6548   19.7422
    7.5000  -22.5000   15.0000 2388.0725   20.0068
   -7.5000  -15.0000   15.0000 2492.6960   18.2545
    0.0000  -15.0000   15.0000 2521.8931   17.6709
    7.5000  -15.0000   15.0000 2523.5645   17.8988
   -7.5000   -7.5000   15.0000 2609.1052   16.7079
    0.0000   -7.5000   15.0000 2640.8440   16.1299
    7.5000   -7.5000   15.0000 2648.1030   16.3563
   -7.5000    0.0000   15.0000 2711.4355   15.5613
    0.0000    0.0000   15.0000 2741.8289   14.9905
    7.5000    0.0000   15.0000 2756.5513   15.1896
   -7.5000    7.5000   15.0000 2800.8882   14.8028
    0.0000    7.5000   15.0000 2837.7705   14.2002
    7.5000    7.5000   15.0000 2845.7258   14.3936
   -7.5000   15.0000   15.0000 2861.7615   14.3226
    0.0000   15.0000   15.0000 2903.0979   13.6167
    7.5000   15.0000   15.0000 2907.5378   13.7931
   -7.5000   22.5000   15.0000 2891.1340   14.1082
    0.0000   22.5000   15.0000 2938.5430   13.3668
    7.5000   22.5000   15.0000 2943.9937   13.5365
   -7.5000   30.0000   15.0000 2892.0632   14.2866
    0.0000   30.0000   15.0000 2936.7271   13.7263
    7.5000   30.0000   15.0000 2947.8220   13.8666
   -7.5000   37.5000   15.0000 2855.5342   14.8313
    0.0000   37.5000   15.0000 2899.2231   14.3771
    7.5000   37.5000   15.0000 2913.3359   14.4786
   -7.5000   45.0000   15.0000 2776.6511   15.7587
    0.0000   45.0000   15.0000 2817.8467   15.2911
    7.5000   45.0000   15.0000 2830.3301   15.3804
   -7.5000   52.5000   15.0000 2645.6719   16.8314
    0.0000   52.5000   15.0000 2681.2925   16.3410
    7.5000   52.5000   15.0000 2697.4983   16.4109
   -7.5000  -37.5000   22.5000 2056.2090   26.5835
    0.0000  -37.5000   22.5000 2078.2083   26.2081
    7.5000  -37.5000   22.5000 2068.8159   26.2605
   -7.5000  -30.0000   22.5000 2218.8938   23.0318
    0.0000  -30.0000   22.5000 2247.1436   22.6534
    7.5000  -30.0000   22.5000 2235.4734   22.7123
   -7.5000  -22.5000   22.5000 2372.0811   20.3897
    0.0000  -22.5000   22.5000 2406.3608   19.9767
    7.5000  -22.5000   22.5000 2394.7080   20.0411
   -7.5000  -15.0000   22.5000 2506.3521   18.3845
    0.0000  -15.0000   22.5000 2545.5676   17.9373
    7.5000  -15.0000   22.5000 2533.6572   18.0150
   -7.5000   -7.5000   22.5000 2627.1790   16.8880
    0.0000   -7.5000   22.5000 2661.3972   16.3863
    7.5000   -7.5000   22.5000 2657.9617   16.4745
   -7.5000    0.0000   22.5000 2725.5881   15.7121
    0.0000    0.0000   22.5000 2751.6335   15.1682
    7.5000    0.0000   22.5000 2762.2712   15.2889
   -7.5000    7.5000   22.5000 2809.7874   14.9043
    0.0000    7.5000   22.5000 2833.7126   14.2811
    7.5000    7.5000   22.5000 2850.6929   14.4310
   -7.5000   15.0000   22.5000 2861.8347   14.4068
    0.0000   15.0000   22.5000 2900.2454   13.7756
    7.5000   15.0000   22.5000 2914.0933   13.8761
   -7.5000   22.5000   22.5000 2885.7778   14.2464
    0.0000   22.5000   22.5000 2931.9360   13.6707
    7.5000   22.5000   22.5000 2940.5647   13.7325
   -7.5000   30.0000   22.5000 2883.0552   14.4277
    0.0000   30.0000   22.5000 2931.4900   13.9476
    7.5000   30.0000   22.5000 2940.7131   13.9720
   -7.5000   37.5000   22.5000 2842.5952   15.0062
    0.0000   37.5000   22.5000 2891.5828   14.6019
    7.5000   37.5000   22.5000 2900.7207   14.5745
   -7.5000   45.0000   22.5000 2764.6328   15.8772
    0.0000   45.0000   22.5000 2809.5483   15.4619
    7.5000   45.0000   22.5000 2816.9443   15.4307
   -7.5000   52.5000   22.5000 2635.9712   16.8648
    0.0000   52.5000   22.5000 2681.0337   16.4277
    7.5000   52.5000   22.5000 2686.3538   16.3945
   -7.5000  -37.5000   30.0000 2053.2229   27.0051
    0.0000  -37.5000   30.0000 2075.7764   26.6271
    7.5000  -37.5000   30.0000 2067.7517   26.6973
   -7.5000  -30.0000   30.0000 2217.6465   23.5395
    0.0000  -30.0000   30.0000 2244.6165   23.1276
    7.5000  -30.0000   30.0000 2238.1360   23.2019
   -7.5000  -22.5000   30.0000 2372.9983   20.8892
    0.0000  -22.5000   30.0000 2405.7888   20.4768
    7.5000  -22.5000   30.0000 2394.7246   20.5405
   -7.5000  -15.0000   30.0000 2508.0063   18.8353
    0.0000  -15.0000   30.0000 2547.7808   18.4243
    7.5000  -15.0000   30.0000 2532.3252   18.4487
   -7.5000   -7.5000   30.0000 2626.2490   17.2574
    0.0000   -7.5000   30.0000 2662.4995   16.8430
    7.5000   -7.5000   30.0000 2657.1086   16.8419
   -7.5000    0.0000   30.0000 2715.9116   16.0773
    0.0000    0.0000   30.0000 2751.9824   15.6600
    7.5000    0.0000   30.0000 2752.0422   15.6261
   -7.5000    7.5000   30.0000 2795.6743   15.3037
    0.0000    7.5000   30.0000 2833.4775   14.8222
    7.5000    7.5000   30.0000 2837.0654   14.7763
   -7.5000   15.0000   30.0000 2841.3733   14.8391
    0.0000   15.0000   30.0000 2890.1365   14.3973
    7.5000   15.0000   30.0000 2887.4485   14.3504
   -7.5000   22.5000   30.0000 2859.5510   14.7213
    0.0000   22.5000   30.0000 2903.1438   14.2917
    7.5000   22.5000   30.0000 2902.9248   14.2665
   -7.5000   30.0000   30.0000 2846.2949   14.8792
    0.0000   30.0000   30.0000 2889.5857   14.4961
    7.5000   30.0000   30.0000 2895.0823   14.4688
   -7.5000   37.5000   30.0000 2798.5623   15.3721
    0.0000   37.5000   30.0000 2844.8909   15.0029
    7.5000   37.5000   30.0000 2849.2510   14.9978
   -7.5000   45.0000   30.0000 2722.3176   16.2163
    0.0000   45.0000   30.0000 2766.7422   15.7804
    7.5000   45.0000   30.0000 2769.3628   15.7719
   -7.5000   52.5000   30.0000 2604.0515   17.1839
    0.0000   52.5000   30.0000 2648.5781   16.7065
    7.5000   52.5000   30.0000 2650.5896   16.6787
   -7.5000  -37.5000   37.5000 2045.5814   27.6788
    0.0000  -37.5000   37.5000 2070.0508   27.2805
    7.5000  -37.5000   37.5000 2061.1309   27.2756
   -7.5000  -30.0000   37.5000 2205.6008   24.1404
    0.0000  -30.0000   37.5000 2235.3704   23.8018
    7.5000  -30.0000   37.5000 2225.6372   23.7852
   -7.5000  -22.5000   37.5000 2356.0261   21.4679
    0.0000  -22.5000   37.5000 2390.3765   21.1338
    7.5000  -22.5000   37.5000 2374.1714   21.1298
   -7.5000  -15.0000   37.5000 2489.6814   19.4476
    0.0000  -15.0000   37.5000 2532.1069   19.1085
    7.5000  -15.0000   37.5000 2514.8262   19.0698
   -7.5000   -7.5000   37.5000 2604.0183   17.8887
    0.0000   -7.5000   37.5000 2644.1560   17.5245
    7.5000   -7.5000   37.5000 2636.5996   17.5019
   -7.5000    0.0000   37.5000 2690.0073   16.7390
    0.0000    0.0000   37.5000 2732.3425   16.3407
    7.5000    0.0000   37.5000 2726.3931   16.3093
   -7.5000    7.5000   37.5000 2762.6372   15.9620
    0.0000    7.5000   37.5000 2804.8181   15.5514
    7.5000    7.5000   37.5000 2804.1760   15.5259
   -7.5000   15.0000   37.5000 2799.5403   15.5018
    0.0000   15.0000   37.5000 2843.6892   15.0812
    7.5000   15.0000   37.5000 2841.3787   15.0889
   -7.5000   22.5000   37.5000 2807.5120   15.3674
    0.0000   22.5000   37.5000 2844.9363   14.9294
    7.5000   22.5000   37.5000 2848.9460   14.9646
   -7.5000   30.0000   37.5000 2784.1248   15.4809
    0.0000   30.0000   37.5000 2823.6938   15.0574
    7.5000   30.0000   37.5000 2835.1953   15.0729
   -7.5000   37.5000   37.5000 2735.2727   15.9399
    0.0000   37.5000   37.5000 2778.9976   15.5675
    7.5000   37.5000   37.5000 2787.7922   15.5579
   -7.5000   45.0000   37.5000 2662.5010   16.7677
    0.0000   45.0000   37.5000 2706.9709   16.3672
    7.5000   45.0000   37.5000 2713.9268   16.3428
   -7.5000   52.5000   37.5000 2550.9243   17.6936
    0.0000   52.5000   37.5000 2586.9797   17.2595
    7.5000   52.5000   37.5000 2594.5684   17.2187
   -7.5000  -37.5000   45.0000 2031.8116   28.5179
    0.0000  -37.5000   45.0000 2054.9458   28.1833
    7.5000  -37.5000   45.0000 2042.7317   28.1975
   -7.5000  -30.0000   45.0000 2189.1284   25.0714
    0.0000  -30.0000   45.0000 2221.4702   24.7105
    7.5000  -30.0000   45.0000 2205.8425   24.7328
   -7.5000  -22.5000   45.0000 2331.6025   22.3580
    0.0000  -22.5000   45.0000 2364.1707   22.0374
    7.5000  -22.5000   45.0000 2348.6487   22.0254
   -7.5000  -15.0000   45.0000 2452.0039   20.2932
    0.0000  -15.0000   45.0000 2490.4800   19.9331
    7.5000  -15.0000   45.0000 2481.3845   19.9442
   -7.5000   -7.5000   45.0000 2556.9709   18.7318
    0.0000   -7.5000   45.0000 2601.0244   18.3480
    7.5000   -7.5000   45.0000 2592.3755   18.3415
   -7.5000    0.0000   45.0000 2639.4622   17.5433
    0.0000    0.0000   45.0000 2682.7571   17.1619
    7.5000    0.0000   45.0000 2676.6233   17.1426
   -7.5000    7.5000   45.0000 2701.7659   16.7248
    0.0000    7.5000   45.0000 2745.1274   16.3532
    7.5000    7.5000   45.0000 2741.8938   16.3455
   -7.5000   15.0000   45.0000 2734.6062   16.2374
    0.0000   15.0000   45.0000 2776.0259   15.8522
    7.5000   15.0000   45.0000 2774.0276   15.8663
   -7.5000   22.5000   45.0000 2738.3264   16.0861
    0.0000   22.5000   45.0000 2775.9697   15.6853
    7.5000   22.5000   45.0000 2780.2937   15.7209
   -7.5000   30.0000   45.0000 2713.7444   16.1811
    0.0000   30.0000   45.0000 2752.0513   15.7944
    7.5000   30.0000   45.0000 2758.9993   15.8405
   -7.5000   37.5000   45.0000 2668.7009   16.6847
    0.0000   37.5000   45.0000 2705.3445   16.3589
    7.5000   37.5000   45.0000 2710.8848   16.3646
   -7.5000   45.0000   45.0000 2595.3054   17.5150
    0.0000   45.0000   45.0000 2634.0232   17.1515
    7.5000   45.0000   45.0000 2638.1824   17.1423
   -7.5000   52.5000   45.0000 2483.9961   18.4526
    0.0000   52.5000   45.0000 2516.9756   18.0415
    7.5000   52.5000   45.0000 2524.2698   18.0378

---------------------------------------------------------------------
imgreg_4dfp /opt/freesurfer/average/711-2C_as_mni_average_305 /opt/freesurfer/average/711-2B_as_mni_average_305_mask talsrcimg_g11 none talsrcimg_to_711-2C_as_mni_average_305_t4 1283
---------------------------------------------------------------------

freesurfer imgreg_4dfp.c
/opt/freesurfer/average/711-2C_as_mni_average_305.4dfp.img
       256       256       256         1
  1.000000  1.000000  1.000000
orientation T byte_order littleendian
Reading image: /opt/freesurfer/average/711-2C_as_mni_average_305.4dfp.img
dimensions:      256       256       256
mmppix:       1.0000   -1.0000   -1.0000
center:     128.0000 -129.0000 -129.0000
/opt/freesurfer/average/711-2B_as_mni_average_305_mask.4dfp.img
       256       256       256         1
  1.000000  1.000000  1.000000
orientation T byte_order littleendian
Reading mask: /opt/freesurfer/average/711-2B_as_mni_average_305_mask.4dfp.img (2306576 pixels)
talsrcimg_g11.4dfp.img
       256       256       256         1
  1.000000  1.000000  1.000000
orientation T byte_order littleendian
Reading image: talsrcimg_g11.4dfp.img
dimensions:      256       256       256
mmppix:       1.0000   -1.0000   -1.0000
center:     128.0000 -129.0000 -129.0000
rotation matrix determinant  1.000000
fimgreg.f
image alignment mode   1283 decimal      503 hex
parameters
    7.5000   30.0000   15.0000    0.0000    0.0000    0.0000
eta,q 0.92678 13.86148
niter,ni,del,rscale     5    3   12.0000    1.2000
parameter  4 -0.811071 -> -0.500000 qaram    1.1500
parameters
    4.7677   28.4910   13.9190    3.4500    0.2338   -2.4567
eta,q 0.93343 13.73928
  0.0743  0.0743  0.0728  0.0773  0.0725  0.0680
  0.0709  0.0726  0.0710  0.0724  0.0697  0.0670
  0.0706  0.0704  0.0704  0.0701  0.0682  0.0666
  0.0734  0.0704  0.0699  0.0699  0.0672  0.0673
  0.0765  0.0727  0.0713  0.0686  0.0675  0.0688
  0.0786  0.0772  0.0738  0.0668  0.0691  0.0710
  0.0833  0.0831  0.0743  0.0672  0.0719  0.0736
niter,ni,del,rscale     5    3   12.0000    1.2000
parameters
    4.5395   27.4976   15.4017    5.0140    0.5691   -3.4279
eta,q 0.93615 13.60000
  0.0728  0.0733  0.0727  0.0750  0.0708  0.0666
  0.0710  0.0702  0.0688  0.0719  0.0672  0.0655
  0.0681  0.0673  0.0674  0.0687  0.0650  0.0642
  0.0666  0.0666  0.0666  0.0650  0.0638  0.0638
  0.0681  0.0691  0.0647  0.0641  0.0645  0.0649
  0.0711  0.0743  0.0659  0.0666  0.0665  0.0670
  0.0743  0.0802  0.0684  0.0700  0.0693  0.0695
niter,ni,del,rscale     4    3   12.0000    1.2000
parameters
    4.3748   26.7809   15.5780    5.8819    0.9740   -3.6968
eta,q 0.93683 13.54054
  0.0711  0.0732  0.0688  0.0740  0.0703  0.0667
  0.0691  0.0694  0.0659  0.0711  0.0668  0.0653
  0.0656  0.0645  0.0650  0.0668  0.0644  0.0641
  0.0639  0.0638  0.0634  0.0633  0.0631  0.0631
  0.0658  0.0676  0.0634  0.0643  0.0639  0.0635
  0.0691  0.0728  0.0664  0.0676  0.0660  0.0653
  0.0723  0.0785  0.0681  0.0706  0.0685  0.0680
niter,ni,del,rscale     3    3   12.0000    1.2000
parameters
    4.0964   26.1817   15.7170    6.6835    1.4224   -3.8241
eta,q 0.93705 13.48800
  0.0701  0.0728  0.0683  0.0738  0.0702  0.0664
  0.0681  0.0694  0.0653  0.0707  0.0668  0.0649
  0.0649  0.0641  0.0642  0.0660  0.0641  0.0638
  0.0632  0.0632  0.0628  0.0627  0.0628  0.0629
  0.0650  0.0666  0.0630  0.0644  0.0638  0.0630
  0.0684  0.0718  0.0661  0.0676  0.0659  0.0646
  0.0720  0.0773  0.0675  0.0703  0.0682  0.0674
niter,ni,del,rscale     2    3   12.0000    1.2000
parameters
    3.8964   25.5819   15.8955    7.5957    1.7510   -3.7541
eta,q 0.93702 13.43414
  0.0699  0.0719  0.0679  0.0736  0.0699  0.0664
  0.0678  0.0690  0.0649  0.0705  0.0667  0.0649
  0.0648  0.0640  0.0637  0.0654  0.0641  0.0637
  0.0630  0.0629  0.0626  0.0625  0.0630  0.0630
  0.0645  0.0661  0.0630  0.0646  0.0640  0.0630
  0.0677  0.0711  0.0658  0.0674  0.0661  0.0642
  0.0716  0.0765  0.0667  0.0694  0.0683  0.0668
niter,ni,del,rscale     1    3   12.0000    1.2000
parameters
    3.8022   24.8368   16.1374    8.8552    2.0513   -3.1807
eta,q 0.93644 13.37489
  0.0699  0.0706  0.0674  0.0735  0.0698  0.0664
  0.0680  0.0680  0.0644  0.0703  0.0668  0.0652
  0.0650  0.0637  0.0631  0.0651  0.0647  0.0642
  0.0630  0.0630  0.0627  0.0626  0.0637  0.0637
  0.0644  0.0657  0.0634  0.0647  0.0647  0.0634
  0.0673  0.0705  0.0655  0.0666  0.0664  0.0640
  0.0713  0.0759  0.0656  0.0679  0.0684  0.0659
registration optimization eta report
parameter search radius
    6.0000    6.0000    6.0000    6.9000    6.0000    6.0000
100000*second partial in parameter space
       20.       27.       10.       15.       14.        7.
  0.0699  0.0706  0.0674  0.0735  0.0698  0.0664
  0.0680  0.0680  0.0644  0.0703  0.0668  0.0652
  0.0650  0.0637  0.0631  0.0651  0.0647  0.0642
  0.0630  0.0630  0.0627  0.0626  0.0637  0.0637
  0.0644  0.0657  0.0634  0.0647  0.0647  0.0634
  0.0673  0.0705  0.0655  0.0666  0.0664  0.0640
  0.0713  0.0759  0.0656  0.0679  0.0684  0.0659
    3.8022   24.8368   16.1374    8.8552    2.0513   -3.1807
eta,q 0.93644 13.37489

---------------------------------------------------------------------
imgreg_4dfp /opt/freesurfer/average/711-2C_as_mni_average_305 /opt/freesurfer/average/711-2B_as_mni_average_305_mask talsrcimg_g11 none talsrcimg_to_711-2C_as_mni_average_305_t4 3335
---------------------------------------------------------------------

freesurfer imgreg_4dfp.c
/opt/freesurfer/average/711-2C_as_mni_average_305.4dfp.img
       256       256       256         1
  1.000000  1.000000  1.000000
orientation T byte_order littleendian
Reading image: /opt/freesurfer/average/711-2C_as_mni_average_305.4dfp.img
dimensions:      256       256       256
mmppix:       1.0000   -1.0000   -1.0000
center:     128.0000 -129.0000 -129.0000
/opt/freesurfer/average/711-2B_as_mni_average_305_mask.4dfp.img
       256       256       256         1
  1.000000  1.000000  1.000000
orientation T byte_order littleendian
Reading mask: /opt/freesurfer/average/711-2B_as_mni_average_305_mask.4dfp.img (2306576 pixels)
talsrcimg_g11.4dfp.img
       256       256       256         1
  1.000000  1.000000  1.000000
orientation T byte_order littleendian
Reading image: talsrcimg_g11.4dfp.img
dimensions:      256       256       256
mmppix:       1.0000   -1.0000   -1.0000
center:     128.0000 -129.0000 -129.0000
fimgreg.f
image alignment mode   3335 decimal      D07 hex
parameters
    3.8022   24.8368   16.1374   -0.2180   -1.3136   -1.2553
    4.9322   -4.3854   -5.5450  -15.1738    3.5794   15.3839
eta,q 0.93453 13.40027
niter,ni,del,rscale     5    3    5.0000    1.2000
parameter  2  5.409116 ->  0.500000 qaram    1.1500
parameter  3 -2.452920 -> -0.500000 qaram    1.1500
parameter  4 -6.905348 ->  0.500000 qaram    1.1500
parameter  5  2.780091 ->  0.500000 qaram    1.1500
parameter  6-14.267583 ->  0.500000 qaram    1.1500
parameter  7 -0.698921 -> -0.500000 qaram    1.1500
parameter  9 -0.886358 -> -0.500000 qaram    1.1500
parameter 10  0.759724 ->  0.500000 qaram    1.1500
parameter 12  1.101060 ->  0.500000 qaram    1.1500
parameters
    3.4699   23.4568   17.5174   -4.3580   -5.4536   -5.3953
    9.0722   -2.7603   -1.4050  -19.3138    0.4797   11.2439
eta,q 0.95537 12.68102
  0.0659  0.0636  0.0651  0.0546  0.0532  0.0436  0.0505  0.0510  0.0497  0.0464  0.0463  0.0444
  0.0657  0.0641  0.0647  0.0577  0.0550  0.0470  0.0496  0.0492  0.0489  0.0462  0.0460  0.0445
  0.0656  0.0648  0.0645  0.0612  0.0570  0.0514  0.0488  0.0481  0.0482  0.0464  0.0460  0.0450
  0.0655  0.0655  0.0643  0.0639  0.0587  0.0555  0.0482  0.0477  0.0477  0.0471  0.0462  0.0460
  0.0655  0.0661  0.0641  0.0663  0.0605  0.0589  0.0478  0.0477  0.0473  0.0482  0.0466  0.0473
  0.0659  0.0668  0.0639  0.0692  0.0632  0.0627  0.0476  0.0480  0.0471  0.0494  0.0472  0.0488
  0.0665  0.0677  0.0638  0.0719  0.0663  0.0663  0.0478  0.0488  0.0471  0.0508  0.0480  0.0504
niter,ni,del,rscale     7    3    5.0000    1.2000
parameter  2  1.339991 ->  0.500000 qaram    1.3225
parameter  4  3.821919 ->  0.500000 qaram    1.3225
parameter  5  2.875320 ->  0.500000 qaram    1.3225
parameter  6  0.832352 ->  0.500000 qaram    1.3225
parameter  9  0.512590 ->  0.500000 qaram    1.3225
parameters
    2.8944   21.8698   17.8079   -9.1190  -10.2146  -10.1563
    5.1011   -2.3945   -6.1660  -18.7401    1.5405   10.4214
eta,q 0.97151 12.45894
  0.0457  0.0424  0.0457  0.0331  0.0309  0.0295  0.0299  0.0352  0.0291  0.0317  0.0314  0.0298
  0.0450  0.0427  0.0442  0.0349  0.0324  0.0296  0.0292  0.0325  0.0286  0.0303  0.0300  0.0290
  0.0446  0.0434  0.0433  0.0384  0.0342  0.0304  0.0292  0.0302  0.0286  0.0292  0.0290  0.0286
  0.0446  0.0446  0.0428  0.0428  0.0357  0.0329  0.0297  0.0291  0.0291  0.0286  0.0285  0.0285
  0.0452  0.0460  0.0430  0.0477  0.0379  0.0380  0.0310  0.0296  0.0299  0.0287  0.0286  0.0288
  0.0463  0.0476  0.0436  0.0516  0.0404  0.0442  0.0326  0.0314  0.0311  0.0295  0.0292  0.0294
  0.0478  0.0493  0.0447  0.0557  0.0429  0.0494  0.0346  0.0343  0.0325  0.0312  0.0301  0.0304
niter,ni,del,rscale     7    3    5.0000    1.2000
parameter  2  1.214936 ->  0.500000 qaram    1.5209
parameter  3  0.534445 ->  0.500000 qaram    1.3225
parameter  5  0.582779 ->  0.500000 qaram    1.5209
parameters
    2.2148   20.0448   16.2209  -13.4174  -15.6898  -12.1952
    7.5311   -4.1459   -5.9639  -22.0690    3.8266   12.3066
eta,q 0.97853 12.27028
  0.0303  0.0249  0.0252  0.0258  0.0236  0.0252  0.0272  0.0246  0.0244  0.0228  0.0233  0.0240
  0.0288  0.0251  0.0246  0.0245  0.0226  0.0239  0.0254  0.0227  0.0233  0.0218  0.0224  0.0228
  0.0281  0.0263  0.0247  0.0236  0.0226  0.0232  0.0239  0.0222  0.0225  0.0217  0.0219  0.0220
  0.0285  0.0281  0.0254  0.0245  0.0238  0.0225  0.0229  0.0226  0.0223  0.0222  0.0216  0.0216
  0.0298  0.0305  0.0267  0.0285  0.0264  0.0224  0.0226  0.0237  0.0224  0.0233  0.0216  0.0215
  0.0319  0.0332  0.0287  0.0337  0.0299  0.0264  0.0230  0.0254  0.0231  0.0248  0.0216  0.0218
  0.0344  0.0361  0.0311  0.0390  0.0328  0.0331  0.0242  0.0281  0.0243  0.0268  0.0220  0.0224
niter,ni,del,rscale     7    3    5.0000    1.2000
parameters
    2.1860   18.9930   16.9186  -13.7467  -15.6436  -12.3186
    7.1873   -4.4971   -6.6081  -23.4518    3.2333   13.6669
eta,q 0.97946 12.28100
  0.0247  0.0237  0.0246  0.0252  0.0270  0.0246  0.0240  0.0248  0.0232  0.0233  0.0215  0.0229
  0.0229  0.0216  0.0229  0.0234  0.0241  0.0228  0.0223  0.0222  0.0218  0.0214  0.0209  0.0218
  0.0219  0.0209  0.0217  0.0219  0.0219  0.0216  0.0212  0.0210  0.0210  0.0206  0.0206  0.0210
  0.0215  0.0215  0.0209  0.0207  0.0208  0.0208  0.0208  0.0208  0.0208  0.0208  0.0206  0.0206
  0.0218  0.0231  0.0208  0.0206  0.0213  0.0204  0.0213  0.0215  0.0212  0.0217  0.0208  0.0206
  0.0230  0.0256  0.0213  0.0227  0.0237  0.0213  0.0226  0.0230  0.0223  0.0233  0.0212  0.0210
  0.0249  0.0288  0.0224  0.0273  0.0273  0.0264  0.0246  0.0254  0.0240  0.0254  0.0218  0.0218
niter,ni,del,rscale     6    3    5.0000    1.2000
parameters
    2.1924   18.7060   17.1333  -13.9394  -15.8928  -12.3949
    7.2083   -4.6100   -6.5089  -23.9075    2.9791   14.0714
eta,q 0.97953 12.26738
  0.0239  0.0254  0.0236  0.0250  0.0264  0.0244  0.0240  0.0249  0.0235  0.0241  0.0215  0.0224
  0.0221  0.0224  0.0221  0.0231  0.0235  0.0225  0.0222  0.0221  0.0220  0.0218  0.0209  0.0215
  0.0210  0.0208  0.0210  0.0216  0.0214  0.0213  0.0210  0.0208  0.0209  0.0207  0.0206  0.0208
  0.0205  0.0205  0.0205  0.0204  0.0205  0.0205  0.0205  0.0205  0.0205  0.0205  0.0205  0.0205
  0.0209  0.0216  0.0206  0.0203  0.0212  0.0201  0.0209  0.0211  0.0208  0.0212  0.0206  0.0206
  0.0220  0.0238  0.0214  0.0222  0.0237  0.0211  0.0221  0.0226  0.0218  0.0227  0.0210  0.0212
  0.0240  0.0268  0.0230  0.0267  0.0273  0.0260  0.0240  0.0249  0.0235  0.0247  0.0216  0.0221
niter,ni,del,rscale     5    3    5.0000    1.2000
parameters
    2.1946   18.6090   17.2299  -13.9751  -16.0299  -12.3812
    7.1564   -4.6277   -6.4329  -24.0744    2.8775   14.2288
eta,q 0.97955 12.26369
  0.0239  0.0260  0.0234  0.0251  0.0265  0.0244  0.0239  0.0251  0.0235  0.0244  0.0215  0.0223
  0.0221  0.0228  0.0219  0.0232  0.0235  0.0225  0.0221  0.0222  0.0219  0.0220  0.0209  0.0214
  0.0209  0.0209  0.0209  0.0216  0.0214  0.0212  0.0209  0.0207  0.0209  0.0207  0.0206  0.0207
  0.0205  0.0205  0.0205  0.0204  0.0205  0.0205  0.0205  0.0205  0.0205  0.0205  0.0204  0.0205
  0.0208  0.0214  0.0207  0.0202  0.0211  0.0201  0.0209  0.0211  0.0208  0.0211  0.0206  0.0206
  0.0220  0.0234  0.0216  0.0220  0.0235  0.0210  0.0221  0.0225  0.0218  0.0225  0.0210  0.0212
  0.0239  0.0263  0.0232  0.0264  0.0271  0.0257  0.0240  0.0248  0.0235  0.0245  0.0216  0.0222
niter,ni,del,rscale     4    3    5.0000    1.2000
parameters
    2.1955   18.5702   17.2671  -13.9801  -16.0881  -12.3813
    7.1298   -4.6328   -6.3953  -24.1408    2.8354   14.2932
eta,q 0.97955 12.26228
  0.0239  0.0261  0.0233  0.0251  0.0265  0.0244  0.0239  0.0251  0.0235  0.0245  0.0215  0.0223
  0.0220  0.0229  0.0219  0.0232  0.0236  0.0225  0.0221  0.0222  0.0219  0.0220  0.0209  0.0213
  0.0209  0.0210  0.0209  0.0216  0.0214  0.0212  0.0209  0.0207  0.0209  0.0208  0.0206  0.0207
  0.0205  0.0204  0.0204  0.0204  0.0204  0.0204  0.0204  0.0204  0.0204  0.0204  0.0204  0.0204
  0.0208  0.0213  0.0207  0.0202  0.0210  0.0201  0.0209  0.0210  0.0208  0.0210  0.0206  0.0206
  0.0220  0.0233  0.0217  0.0220  0.0234  0.0210  0.0221  0.0225  0.0218  0.0224  0.0210  0.0212
  0.0239  0.0262  0.0233  0.0264  0.0269  0.0257  0.0240  0.0248  0.0235  0.0244  0.0216  0.0223
niter,ni,del,rscale     3    3    5.0000    1.2000
parameters
    2.1970   18.5546   17.2806  -13.9802  -16.1113  -12.3822
    7.1167   -4.6330   -6.3785  -24.1670    2.8183   14.3220
eta,q 0.97956 12.26180
  0.0239  0.0262  0.0233  0.0251  0.0265  0.0244  0.0239  0.0251  0.0235  0.0246  0.0215  0.0223
  0.0220  0.0229  0.0218  0.0232  0.0236  0.0225  0.0221  0.0222  0.0219  0.0221  0.0209  0.0213
  0.0209  0.0210  0.0209  0.0216  0.0214  0.0212  0.0209  0.0207  0.0208  0.0208  0.0206  0.0207
  0.0204  0.0204  0.0204  0.0204  0.0204  0.0204  0.0204  0.0204  0.0204  0.0204  0.0204  0.0204
  0.0208  0.0212  0.0207  0.0202  0.0210  0.0201  0.0208  0.0210  0.0208  0.0210  0.0206  0.0206
  0.0220  0.0232  0.0217  0.0220  0.0234  0.0211  0.0221  0.0225  0.0218  0.0224  0.0209  0.0212
  0.0239  0.0261  0.0234  0.0264  0.0269  0.0257  0.0240  0.0248  0.0235  0.0243  0.0215  0.0223
registration optimization eta report
parameter search radius
    2.4000    3.6501    3.1740    9.5220   10.9503    9.5220
    8.2800    7.2000    9.5220    8.2800    7.2000    8.2800
100000*second partial in parameter space
       60.       43.       29.        6.        5.        5.
        5.        9.        3.        6.        2.        3.
  0.0239  0.0262  0.0233  0.0251  0.0265  0.0244  0.0239  0.0251  0.0235  0.0246  0.0215  0.0223
  0.0220  0.0229  0.0218  0.0232  0.0236  0.0225  0.0221  0.0222  0.0219  0.0221  0.0209  0.0213
  0.0209  0.0210  0.0209  0.0216  0.0214  0.0212  0.0209  0.0207  0.0208  0.0208  0.0206  0.0207
  0.0204  0.0204  0.0204  0.0204  0.0204  0.0204  0.0204  0.0204  0.0204  0.0204  0.0204  0.0204
  0.0208  0.0212  0.0207  0.0202  0.0210  0.0201  0.0208  0.0210  0.0208  0.0210  0.0206  0.0206
  0.0220  0.0232  0.0217  0.0220  0.0234  0.0211  0.0221  0.0225  0.0218  0.0224  0.0209  0.0212
  0.0239  0.0261  0.0234  0.0264  0.0269  0.0257  0.0240  0.0248  0.0235  0.0243  0.0215  0.0223
    2.1970   18.5546   17.2806  -13.9802  -16.1113  -12.3822
    7.1167   -4.6330   -6.3785  -24.1670    2.8183   14.3220
eta,q 0.97956 12.26180

---------------------------------------------------------------------
imgreg_4dfp /opt/freesurfer/average/711-2C_as_mni_average_305 /opt/freesurfer/average/711-2B_as_mni_average_305_mask talsrcimg_g11 none talsrcimg_to_711-2C_as_mni_average_305_t4 2311
---------------------------------------------------------------------

freesurfer imgreg_4dfp.c
/opt/freesurfer/average/711-2C_as_mni_average_305.4dfp.img
       256       256       256         1
  1.000000  1.000000  1.000000
orientation T byte_order littleendian
Reading image: /opt/freesurfer/average/711-2C_as_mni_average_305.4dfp.img
dimensions:      256       256       256
mmppix:       1.0000   -1.0000   -1.0000
center:     128.0000 -129.0000 -129.0000
/opt/freesurfer/average/711-2B_as_mni_average_305_mask.4dfp.img
       256       256       256         1
  1.000000  1.000000  1.000000
orientation T byte_order littleendian
Reading mask: /opt/freesurfer/average/711-2B_as_mni_average_305_mask.4dfp.img (2306576 pixels)
talsrcimg_g11.4dfp.img
       256       256       256         1
  1.000000  1.000000  1.000000
orientation T byte_order littleendian
Reading image: talsrcimg_g11.4dfp.img
dimensions:      256       256       256
mmppix:       1.0000   -1.0000   -1.0000
center:     128.0000 -129.0000 -129.0000
fimgreg.f
image alignment mode   2311 decimal      907 hex
parameters
    2.1970   18.5546   17.2806  -13.9802  -16.1113  -12.3823
    7.1167   -4.6330   -6.3785  -24.1670    2.8183   14.3220
eta,q 0.97956 12.26180
niter,ni,del,rscale     5    3    5.0000    0.8000
parameter  6 -0.606229 -> -0.500000 qaram    1.1500
parameters
    2.2195   18.4566   17.4001  -12.1567  -15.9988   -9.6223
    7.0124   -4.3087   -6.1676  -24.1446    2.8832   14.2320
eta,q 0.98023 12.42044
  0.0220  0.0215  0.0213  0.0223  0.0215  0.0217  0.0211  0.0233  0.0207  0.0213  0.0205  0.0204
  0.0212  0.0209  0.0209  0.0216  0.0208  0.0210  0.0204  0.0213  0.0202  0.0204  0.0201  0.0200
  0.0206  0.0205  0.0206  0.0209  0.0203  0.0205  0.0199  0.0202  0.0199  0.0199  0.0198  0.0198
  0.0204  0.0204  0.0204  0.0204  0.0201  0.0201  0.0198  0.0198  0.0198  0.0198  0.0198  0.0198
  0.0206  0.0206  0.0205  0.0201  0.0202  0.0199  0.0199  0.0200  0.0198  0.0200  0.0198  0.0198
  0.0211  0.0211  0.0207  0.0202  0.0206  0.0197  0.0204  0.0209  0.0201  0.0204  0.0201  0.0201
  0.0220  0.0217  0.0211  0.0208  0.0215  0.0200  0.0212  0.0224  0.0206  0.0212  0.0205  0.0205
niter,ni,del,rscale     5    3    5.0000    0.8000
parameters
    2.0092   18.4175   17.0770  -12.4604  -15.8383  -10.7190
    7.2253   -4.4800   -6.2531  -24.2634    3.3237   14.4583
eta,q 0.98012 12.39209
  0.0212  0.0209  0.0203  0.0214  0.0212  0.0209  0.0213  0.0223  0.0207  0.0213  0.0205  0.0205
  0.0203  0.0202  0.0199  0.0207  0.0205  0.0204  0.0206  0.0208  0.0203  0.0204  0.0202  0.0202
  0.0198  0.0199  0.0197  0.0201  0.0200  0.0200  0.0201  0.0200  0.0200  0.0200  0.0200  0.0200
  0.0198  0.0197  0.0197  0.0197  0.0197  0.0197  0.0199  0.0199  0.0199  0.0199  0.0199  0.0199
  0.0201  0.0199  0.0200  0.0198  0.0198  0.0198  0.0200  0.0203  0.0200  0.0201  0.0199  0.0199
  0.0209  0.0203  0.0204  0.0207  0.0203  0.0211  0.0204  0.0211  0.0203  0.0206  0.0201  0.0201
  0.0222  0.0210  0.0210  0.0224  0.0211  0.0239  0.0211  0.0226  0.0208  0.0213  0.0203  0.0204
niter,ni,del,rscale     4    3    5.0000    0.7000
parameters
    2.0379   18.4424   17.1498  -12.2166  -15.8761  -10.5280
    7.1723   -4.5297   -6.3465  -24.2805    3.2714   14.4312
eta,q 0.98019 12.40323
  0.0213  0.0208  0.0205  0.0213  0.0209  0.0210  0.0208  0.0218  0.0204  0.0209  0.0203  0.0203
  0.0205  0.0203  0.0202  0.0207  0.0203  0.0205  0.0203  0.0206  0.0201  0.0203  0.0200  0.0200
  0.0201  0.0200  0.0200  0.0202  0.0200  0.0201  0.0199  0.0200  0.0199  0.0199  0.0199  0.0199
  0.0199  0.0199  0.0199  0.0199  0.0198  0.0198  0.0198  0.0198  0.0198  0.0198  0.0198  0.0198
  0.0200  0.0200  0.0199  0.0198  0.0199  0.0197  0.0199  0.0201  0.0199  0.0200  0.0199  0.0199
  0.0204  0.0203  0.0201  0.0202  0.0203  0.0199  0.0203  0.0208  0.0201  0.0203  0.0200  0.0200
  0.0212  0.0208  0.0204  0.0212  0.0210  0.0212  0.0209  0.0219  0.0205  0.0209  0.0203  0.0203
niter,ni,del,rscale     3    3    5.0000    0.6000
parameters
    2.0153   18.4326   17.1366  -12.0679  -15.8229  -10.2288
    7.1840   -4.5280   -6.3201  -24.2613    3.2855   14.4082
eta,q 0.98025 12.41859
  0.0208  0.0205  0.0202  0.0209  0.0206  0.0207  0.0205  0.0214  0.0202  0.0206  0.0201  0.0201
  0.0203  0.0201  0.0200  0.0204  0.0202  0.0203  0.0201  0.0204  0.0200  0.0201  0.0199  0.0199
  0.0199  0.0199  0.0199  0.0201  0.0199  0.0200  0.0198  0.0199  0.0198  0.0198  0.0198  0.0198
  0.0198  0.0198  0.0198  0.0198  0.0198  0.0198  0.0198  0.0198  0.0198  0.0198  0.0198  0.0198
  0.0199  0.0199  0.0199  0.0198  0.0198  0.0196  0.0198  0.0199  0.0198  0.0199  0.0198  0.0198
  0.0203  0.0201  0.0200  0.0201  0.0201  0.0198  0.0201  0.0205  0.0200  0.0201  0.0199  0.0199
  0.0209  0.0205  0.0203  0.0209  0.0206  0.0207  0.0205  0.0213  0.0202  0.0205  0.0201  0.0201
niter,ni,del,rscale     2    3    5.0000    0.5000
parameters
    1.9977   18.4263   17.1071  -11.9470  -15.7654   -9.9487
    7.1858   -4.5252   -6.2759  -24.2319    3.2875   14.3633
eta,q 0.98030 12.43163
  0.0205  0.0202  0.0200  0.0206  0.0203  0.0204  0.0202  0.0209  0.0201  0.0203  0.0200  0.0199
  0.0201  0.0200  0.0199  0.0202  0.0200  0.0201  0.0199  0.0202  0.0199  0.0199  0.0198  0.0198
  0.0198  0.0198  0.0198  0.0199  0.0198  0.0199  0.0198  0.0198  0.0197  0.0198  0.0197  0.0197
  0.0198  0.0198  0.0197  0.0198  0.0197  0.0197  0.0197  0.0197  0.0197  0.0197  0.0197  0.0197
  0.0198  0.0198  0.0198  0.0198  0.0198  0.0196  0.0198  0.0198  0.0197  0.0198  0.0197  0.0197
  0.0201  0.0200  0.0199  0.0200  0.0199  0.0198  0.0199  0.0202  0.0198  0.0200  0.0198  0.0198
  0.0205  0.0202  0.0201  0.0206  0.0203  0.0204  0.0202  0.0209  0.0200  0.0202  0.0200  0.0199
niter,ni,del,rscale     1    3    5.0000    0.4000
parameters
    1.9820   18.4217   17.0744  -11.8577  -15.6950   -9.6478
    7.1914   -4.5207   -6.2342  -24.1783    3.2946   14.2915
eta,q 0.98034 12.44356
  0.0202  0.0200  0.0199  0.0203  0.0201  0.0202  0.0200  0.0205  0.0199  0.0201  0.0199  0.0198
  0.0199  0.0198  0.0198  0.0200  0.0199  0.0200  0.0198  0.0200  0.0198  0.0198  0.0197  0.0197
  0.0197  0.0197  0.0197  0.0198  0.0198  0.0198  0.0197  0.0197  0.0197  0.0197  0.0197  0.0197
  0.0197  0.0197  0.0197  0.0197  0.0197  0.0197  0.0197  0.0197  0.0197  0.0197  0.0197  0.0197
  0.0198  0.0197  0.0197  0.0197  0.0197  0.0196  0.0197  0.0198  0.0197  0.0197  0.0197  0.0197
  0.0199  0.0198  0.0198  0.0199  0.0198  0.0197  0.0198  0.0200  0.0198  0.0198  0.0197  0.0197
  0.0202  0.0200  0.0199  0.0203  0.0200  0.0201  0.0200  0.0205  0.0199  0.0200  0.0199  0.0198
registration optimization eta report
parameter search radius
    0.8000    0.8000    0.8000    2.4000    2.4000    2.7600
    2.4000    2.4000    2.4000    2.4000    2.4000    2.4000
100000*second partial in parameter space
       76.       49.       34.       10.        6.        6.
        6.       14.        4.        7.        3.        3.
  0.0202  0.0200  0.0199  0.0203  0.0201  0.0202  0.0200  0.0205  0.0199  0.0201  0.0199  0.0198
  0.0199  0.0198  0.0198  0.0200  0.0199  0.0200  0.0198  0.0200  0.0198  0.0198  0.0197  0.0197
  0.0197  0.0197  0.0197  0.0198  0.0198  0.0198  0.0197  0.0197  0.0197  0.0197  0.0197  0.0197
  0.0197  0.0197  0.0197  0.0197  0.0197  0.0197  0.0197  0.0197  0.0197  0.0197  0.0197  0.0197
  0.0198  0.0197  0.0197  0.0197  0.0197  0.0196  0.0197  0.0198  0.0197  0.0197  0.0197  0.0197
  0.0199  0.0198  0.0198  0.0199  0.0198  0.0197  0.0198  0.0200  0.0198  0.0198  0.0197  0.0197
  0.0202  0.0200  0.0199  0.0203  0.0200  0.0201  0.0200  0.0205  0.0199  0.0200  0.0199  0.0198
    1.9820   18.4217   17.0744  -11.8577  -15.6950   -9.6478
    7.1914   -4.5207   -6.2342  -24.1783    3.2946   14.2915
eta,q 0.98034 12.44356

---------------------------------------------------------------------
imgreg_4dfp /opt/freesurfer/average/711-2C_as_mni_average_305 /opt/freesurfer/average/711-2B_as_mni_average_305_mask talsrcimg_g11 none talsrcimg_to_711-2C_as_mni_average_305_t4 2311
---------------------------------------------------------------------

freesurfer imgreg_4dfp.c
/opt/freesurfer/average/711-2C_as_mni_average_305.4dfp.img
       256       256       256         1
  1.000000  1.000000  1.000000
orientation T byte_order littleendian
Reading image: /opt/freesurfer/average/711-2C_as_mni_average_305.4dfp.img
dimensions:      256       256       256
mmppix:       1.0000   -1.0000   -1.0000
center:     128.0000 -129.0000 -129.0000
/opt/freesurfer/average/711-2B_as_mni_average_305_mask.4dfp.img
       256       256       256         1
  1.000000  1.000000  1.000000
orientation T byte_order littleendian
Reading mask: /opt/freesurfer/average/711-2B_as_mni_average_305_mask.4dfp.img (2306576 pixels)
talsrcimg_g11.4dfp.img
       256       256       256         1
  1.000000  1.000000  1.000000
orientation T byte_order littleendian
Reading image: talsrcimg_g11.4dfp.img
dimensions:      256       256       256
mmppix:       1.0000   -1.0000   -1.0000
center:     128.0000 -129.0000 -129.0000
fimgreg.f
image alignment mode   2311 decimal      907 hex
parameters
    1.9820   18.4217   17.0744  -11.8577  -15.6950   -9.6478
    7.1914   -4.5207   -6.2342  -24.1783    3.2946   14.2915
eta,q 0.98034 12.44356
niter,ni,del,rscale     5    3    5.0000    0.8000
parameters
    1.9458   18.4283   17.0388  -12.4536  -15.8600  -10.4586
    7.2078   -4.5458   -6.3544  -24.2331    3.4386   14.4548
eta,q 0.98016 12.40184
  0.0215  0.0209  0.0206  0.0213  0.0210  0.0207  0.0211  0.0225  0.0206  0.0213  0.0205  0.0205
  0.0205  0.0202  0.0200  0.0205  0.0204  0.0203  0.0205  0.0209  0.0202  0.0204  0.0201  0.0201
  0.0199  0.0198  0.0197  0.0200  0.0199  0.0200  0.0200  0.0201  0.0199  0.0199  0.0199  0.0199
  0.0197  0.0197  0.0197  0.0197  0.0197  0.0197  0.0198  0.0198  0.0198  0.0198  0.0198  0.0198
  0.0199  0.0198  0.0198  0.0199  0.0198  0.0197  0.0200  0.0202  0.0200  0.0201  0.0199  0.0199
  0.0206  0.0202  0.0201  0.0210  0.0204  0.0206  0.0204  0.0210  0.0202  0.0205  0.0201  0.0201
  0.0217  0.0209  0.0207  0.0229  0.0214  0.0226  0.0212  0.0225  0.0207  0.0213  0.0204  0.0204
niter,ni,del,rscale     4    3    5.0000    0.7000
parameters
    2.0218   18.4512   17.1218  -12.2381  -15.8674  -10.2432
    7.1783   -4.5400   -6.3578  -24.2327    3.3150   14.3966
eta,q 0.98023 12.41190
  0.0213  0.0208  0.0205  0.0213  0.0208  0.0207  0.0208  0.0219  0.0204  0.0209  0.0202  0.0202
  0.0206  0.0203  0.0202  0.0207  0.0203  0.0203  0.0202  0.0207  0.0201  0.0202  0.0200  0.0200
  0.0201  0.0199  0.0199  0.0202  0.0200  0.0200  0.0199  0.0200  0.0198  0.0199  0.0198  0.0198
  0.0198  0.0198  0.0198  0.0198  0.0198  0.0198  0.0198  0.0198  0.0198  0.0198  0.0198  0.0198
  0.0199  0.0199  0.0199  0.0198  0.0199  0.0196  0.0199  0.0200  0.0198  0.0199  0.0198  0.0198
  0.0203  0.0202  0.0201  0.0202  0.0202  0.0198  0.0202  0.0207  0.0201  0.0203  0.0200  0.0200
  0.0211  0.0207  0.0204  0.0213  0.0209  0.0208  0.0208  0.0219  0.0204  0.0208  0.0203  0.0202
niter,ni,del,rscale     3    3    5.0000    0.6000
parameters
    2.0073   18.4381   17.1052  -12.0943  -15.7986   -9.9836
    7.1802   -4.5237   -6.3042  -24.2089    3.3157   14.3680
eta,q 0.98029 12.42571
  0.0208  0.0204  0.0202  0.0209  0.0205  0.0204  0.0205  0.0214  0.0202  0.0206  0.0201  0.0201
  0.0202  0.0201  0.0200  0.0204  0.0202  0.0202  0.0201  0.0204  0.0199  0.0201  0.0199  0.0199
  0.0199  0.0198  0.0198  0.0200  0.0199  0.0200  0.0198  0.0199  0.0198  0.0198  0.0198  0.0198
  0.0198  0.0198  0.0198  0.0198  0.0198  0.0198  0.0197  0.0197  0.0197  0.0197  0.0197  0.0197
  0.0199  0.0199  0.0198  0.0198  0.0198  0.0196  0.0198  0.0199  0.0198  0.0198  0.0198  0.0198
  0.0202  0.0201  0.0200  0.0201  0.0200  0.0198  0.0201  0.0205  0.0199  0.0201  0.0199  0.0199
  0.0208  0.0205  0.0203  0.0209  0.0206  0.0205  0.0205  0.0213  0.0202  0.0205  0.0201  0.0201
niter,ni,del,rscale     2    3    5.0000    0.5000
parameters
    1.9930   18.4308   17.0758  -11.9770  -15.7419   -9.7306
    7.1837   -4.5182   -6.2576  -24.1750    3.3016   14.3150
eta,q 0.98033 12.43721
  0.0204  0.0202  0.0200  0.0206  0.0203  0.0202  0.0202  0.0209  0.0200  0.0203  0.0200  0.0199
  0.0200  0.0199  0.0199  0.0202  0.0200  0.0200  0.0199  0.0202  0.0198  0.0199  0.0198  0.0198
  0.0198  0.0198  0.0198  0.0199  0.0198  0.0199  0.0197  0.0198  0.0197  0.0197  0.0197  0.0197
  0.0197  0.0197  0.0197  0.0197  0.0197  0.0197  0.0197  0.0197  0.0197  0.0197  0.0197  0.0197
  0.0198  0.0198  0.0198  0.0197  0.0197  0.0196  0.0197  0.0198  0.0197  0.0197  0.0197  0.0197
  0.0201  0.0199  0.0199  0.0200  0.0199  0.0197  0.0199  0.0202  0.0198  0.0199  0.0198  0.0198
  0.0205  0.0202  0.0201  0.0206  0.0203  0.0202  0.0202  0.0209  0.0200  0.0202  0.0200  0.0199
niter,ni,del,rscale     1    3    5.0000    0.4000
parameters
    1.9811   18.4275   17.0548  -11.8923  -15.6715   -9.4868
    7.1868   -4.5134   -6.2075  -24.1377    3.2897   14.2676
eta,q 0.98036 12.44704
  0.0201  0.0200  0.0199  0.0203  0.0200  0.0201  0.0200  0.0205  0.0199  0.0201  0.0198  0.0198
  0.0199  0.0198  0.0198  0.0200  0.0199  0.0199  0.0198  0.0200  0.0197  0.0198  0.0197  0.0197
  0.0197  0.0197  0.0197  0.0198  0.0197  0.0198  0.0197  0.0197  0.0197  0.0197  0.0197  0.0197
  0.0197  0.0197  0.0197  0.0197  0.0197  0.0197  0.0196  0.0196  0.0196  0.0196  0.0196  0.0196
  0.0197  0.0197  0.0197  0.0197  0.0197  0.0196  0.0197  0.0197  0.0197  0.0197  0.0197  0.0197
  0.0199  0.0198  0.0198  0.0199  0.0198  0.0197  0.0198  0.0200  0.0197  0.0198  0.0197  0.0197
  0.0202  0.0200  0.0199  0.0202  0.0200  0.0200  0.0200  0.0205  0.0199  0.0200  0.0198  0.0198
registration optimization eta report
parameter search radius
    0.8000    0.8000    0.8000    2.4000    2.4000    2.4000
    2.4000    2.4000    2.4000    2.4000    2.4000    2.4000
100000*second partial in parameter space
       76.       48.       36.       10.        6.        7.
        6.       15.        4.        7.        4.        3.
  0.0201  0.0200  0.0199  0.0203  0.0200  0.0201  0.0200  0.0205  0.0199  0.0201  0.0198  0.0198
  0.0199  0.0198  0.0198  0.0200  0.0199  0.0199  0.0198  0.0200  0.0197  0.0198  0.0197  0.0197
  0.0197  0.0197  0.0197  0.0198  0.0197  0.0198  0.0197  0.0197  0.0197  0.0197  0.0197  0.0197
  0.0197  0.0197  0.0197  0.0197  0.0197  0.0197  0.0196  0.0196  0.0196  0.0196  0.0196  0.0196
  0.0197  0.0197  0.0197  0.0197  0.0197  0.0196  0.0197  0.0197  0.0197  0.0197  0.0197  0.0197
  0.0199  0.0198  0.0198  0.0199  0.0198  0.0197  0.0198  0.0200  0.0197  0.0198  0.0197  0.0197
  0.0202  0.0200  0.0199  0.0202  0.0200  0.0200  0.0200  0.0205  0.0199  0.0200  0.0198  0.0198
    1.9811   18.4275   17.0548  -11.8923  -15.6715   -9.4868
    7.1868   -4.5134   -6.2075  -24.1377    3.2897   14.2676
eta,q 0.98036 12.44704

---------------------------------------------------------------------
compute_vox2vox talsrcimg talsrcimg_to_711-2C_as_mni_average_305_t4 /opt/freesurfer/average/711-2C_as_mni_average_305
---------------------------------------------------------------------

freesurfer compute_vox2vox.c
Reading: talsrcimg.4dfp.ifh
Reading: talsrcimg_to_711-2C_as_mni_average_305_t4
Reading: /opt/freesurfer/average/711-2C_as_mni_average_305.4dfp.ifh
Writing: talsrcimg_to_711-2C_as_mni_average_305_t4_vox2vox.txt

start time Thu Mar 12 12:18:03 CET 2026
end		time Thu Mar 12 12:18:17 CET 2026

mpr2mni305 success

avi2talxfm orig_nu.mgz /opt/freesurfer/average/mni305.cor.mgz talsrcimg_to_711-2C_as_mni_average_305_t4_vox2vox.txt transforms/talairach.auto.xfm
avi2talxfm done
mv -f /out/sourcedata/freesurfer/sub-v1s19x0051292_ses-1/mri/talsrcimg_to_711-2C_as_mni_average_305_t4_vox2vox.txt /out/sourcedata/freesurfer/sub-v1s19x0051292_ses-1/mri/transforms/talsrcimg_to_711-2C_as_mni_average_305_t4_vox2vox.txt
lta_convert --src orig_nu.mgz --trg /opt/freesurfer/average/mni305.cor.mgz --inxfm transforms/talairach.auto.xfm --outlta transforms/talairach.auto.xfm.lta --subject fsaverage
7.3.2

--src: orig_nu.mgz src image (geometry).
--trg: /opt/freesurfer/average/mni305.cor.mgz trg image (geometry).
--inmni: transforms/talairach.auto.xfm input MNI/XFM transform.
--outlta: transforms/talairach.auto.xfm.lta output LTA.
--s: fsaverage subject name
 LTA read, type : 1
 1.12677   0.02926  -0.10098  -4.33198;
-0.05169   1.05577  -0.17422  -15.98766;
 0.06815   0.30435   1.12854  -18.90170;
 0.00000   0.00000   0.00000   1.00000;
setting subject to fsaverage
Writing  LTA to file transforms/talairach.auto.xfm.lta...
lta_convert successful.
 
 
Started at Thu Mar 12 12:18:02 CET 2026
Ended   at Thu Mar 12 12:18:17 CET 2026
talairach_avi done
