/out/sourcedata/freesurfer/sub-v1s19x0051298_ses-1/mri
/opt/freesurfer/bin/talairach_avi
--i orig_nu.mgz --xfm transforms/talairach.auto.xfm
talairach_avi 7.3.2
Linux dna082 5.14.0-427.37.1.el9_4.x86_64 #1 SMP PREEMPT_DYNAMIC Fri Sep 13 12:41:50 EDT 2024 x86_64 x86_64 x86_64 GNU/Linux
Thu Mar 12 12:40:53 CET 2026
mri_convert orig_nu.mgz talsrcimg.img 
reading from orig_nu.mgz...
TR=0.00, TE=0.00, TI=0.00, flip angle=0.00
i_ras = (-1, 0, 0)
j_ras = (0, 0, -1)
k_ras = (0, 1, 0)
writing to talsrcimg.img...
Analyze Output Matrix
-1.00000   0.00000   0.00000   129.01785;
 0.00000   0.00000   1.00000  -125.56358;
 0.00000  -1.00000   0.00000   80.04668;
 0.00000   0.00000   0.00000   1.00000;
--------------------
INFO: set hdr.hist.orient to -1
mpr2mni305 talsrcimg
Thu Mar 12 12:40:53 CET 2026
/opt/freesurfer/bin/mpr2mni305 talsrcimg
mpr2mni305 7.3.2
target=711-2C_as_mni_average_305

---------------------------------------------------------------------
analyzeto4dfp talsrcimg -O0 -y
---------------------------------------------------------------------

freesurfer ifh2hdr.c
Thu Mar 12 12:40:54 2026
Writing: talsrcimg.4dfp.hdr
freesurfer analyzeto4dfp.c
Reading: talsrcimg.hdr
header size 348 bytes
hdr.dime.datatype	offset=70	value=2
hdr.dime.bitpix		offset=72	value=8
hdr.hist.orient		offset=252	value=-1
dimensionality     4
dimensions       256       256       256         1
Reading: talsrcimg.img
Writing: talsrcimg.4dfp.img
Writing: talsrcimg.4dfp.ifh
ifh2hdr talsrcimg -r0to205
ori=2

---------------------------------------------------------------------
gauss_4dfp talsrcimg 1.1
---------------------------------------------------------------------

freesurfer gauss_4dfp.c
Reading: talsrcimg.4dfp.img
Writing: talsrcimg_g11.4dfp.img
image dimensions 256 256 256 padded to 288 288 288
processing volume 1freesurfer ifh2hdr.c
Thu Mar 12 12:40:55 2026
Writing: talsrcimg_g11.4dfp.hdr

Writing: talsrcimg_g11.4dfp.ifh
including: talsrcimg.4dfp.img.rec in talsrcimg_g11.4dfp.img.rec

---------------------------------------------------------------------
imgreg_4dfp /opt/freesurfer/average/711-2C_as_mni_average_305 none talsrcimg_g11 none talsrcimg_to_711-2C_as_mni_average_305_t4 4355
---------------------------------------------------------------------

freesurfer imgreg_4dfp.c
/opt/freesurfer/average/711-2C_as_mni_average_305.4dfp.img
       256       256       256         1
  1.000000  1.000000  1.000000
orientation T byte_order littleendian
Reading image: /opt/freesurfer/average/711-2C_as_mni_average_305.4dfp.img
dimensions:      256       256       256
mmppix:       1.0000   -1.0000   -1.0000
center:     128.0000 -129.0000 -129.0000
talsrcimg_g11.4dfp.img
       256       256       256         1
  1.000000  1.000000  1.000000
orientation T byte_order littleendian
Reading image: talsrcimg_g11.4dfp.img
dimensions:      256       256       256
mmppix:       1.0000   -1.0000   -1.0000
center:     128.0000 -129.0000 -129.0000
t4_read: open error in t4_sub.f l:  41 t4_file(1:l)talsrcimg_to_711-2C_as_mni_average_305_t4 
t4_read: transform initialized to I4
rotation matrix determinant  1.000000
image alignment mode   4355 decimal     1103 hex
   -7.5000  -45.0000  -45.0000 4938.8833   24.8405
    0.0000  -45.0000  -45.0000 5157.1255   24.9274
    7.5000  -45.0000  -45.0000 4962.0928   24.9990
   -7.5000  -37.5000  -45.0000 5527.9824   23.7206
    0.0000  -37.5000  -45.0000 5751.5229   23.8075
    7.5000  -37.5000  -45.0000 5535.3247   23.8756
   -7.5000  -30.0000  -45.0000 6326.4976   22.8351
    0.0000  -30.0000  -45.0000 6565.3662   22.9084
    7.5000  -30.0000  -45.0000 6361.3799   22.9658
   -7.5000  -22.5000  -45.0000 7102.5488   22.1519
    0.0000  -22.5000  -45.0000 7389.4746   22.2102
    7.5000  -22.5000  -45.0000 7148.0986   22.2529
   -7.5000  -15.0000  -45.0000 7912.9634   21.8138
    0.0000  -15.0000  -45.0000 8249.4111   21.8673
    7.5000  -15.0000  -45.0000 7950.8252   21.9049
   -7.5000   -7.5000  -45.0000 8765.9160   21.6673
    0.0000   -7.5000  -45.0000 9178.8066   21.7282
    7.5000   -7.5000  -45.0000 8825.8867   21.7706
   -7.5000    0.0000  -45.0000 9685.0645   21.6809
    0.0000    0.0000  -45.000010160.9971   21.7525
    7.5000    0.0000  -45.0000 9736.4639   21.8047
   -7.5000    7.5000  -45.0000 9894.2148   21.6409
    0.0000    7.5000  -45.000010389.1582   21.7138
    7.5000    7.5000  -45.0000 9940.1719   21.7701
   -7.5000   15.0000  -45.0000 9912.5840   21.5692
    0.0000   15.0000  -45.000010419.3125   21.6340
    7.5000   15.0000  -45.0000 9963.1387   21.6845
   -7.5000   22.5000  -45.0000 9841.1094   21.5363
    0.0000   22.5000  -45.000010368.9395   21.5909
    7.5000   22.5000  -45.0000 9881.4814   21.6314
   -7.5000   30.0000  -45.0000 9748.7246   21.2866
    0.0000   30.0000  -45.000010236.9854   21.3378
    7.5000   30.0000  -45.0000 9739.0195   21.3739
   -7.5000   37.5000  -45.0000 9933.3818   21.3506
    0.0000   37.5000  -45.000010424.1729   21.4105
    7.5000   37.5000  -45.0000 9890.0645   21.4521
   -7.5000   45.0000  -45.0000 9767.8584   20.8488
    0.0000   45.0000  -45.000010221.1846   20.9176
    7.5000   45.0000  -45.0000 9711.0205   20.9678
   -7.5000  -45.0000  -37.5000 5271.6201   24.3849
    0.0000  -45.0000  -37.5000 5488.8188   24.4488
    7.5000  -45.0000  -37.5000 5303.9766   24.5099
   -7.5000  -37.5000  -37.5000 5874.1709   23.2899
    0.0000  -37.5000  -37.5000 6095.5332   23.3624
    7.5000  -37.5000  -37.5000 5894.3477   23.4272
   -7.5000  -30.0000  -37.5000 6698.4277   22.4337
    0.0000  -30.0000  -37.5000 6963.4468   22.4971
    7.5000  -30.0000  -37.5000 6745.9092   22.5538
   -7.5000  -22.5000  -37.5000 7528.6104   21.7798
    0.0000  -22.5000  -37.5000 7853.1025   21.8243
    7.5000  -22.5000  -37.5000 7575.0278   21.8617
   -7.5000  -15.0000  -37.5000 8395.3145   21.4481
    0.0000  -15.0000  -37.5000 8764.1348   21.4809
    7.5000  -15.0000  -37.5000 8431.3955   21.5074
   -7.5000   -7.5000  -37.5000 9320.7500   21.2910
    0.0000   -7.5000  -37.5000 9773.0430   21.3289
    7.5000   -7.5000  -37.5000 9393.5684   21.3595
   -7.5000    0.0000  -37.500010314.3730   21.2912
    0.0000    0.0000  -37.500010839.2510   21.3432
    7.5000    0.0000  -37.500010369.9160   21.3869
   -7.5000    7.5000  -37.500010527.2461   21.2494
    0.0000    7.5000  -37.500011070.4834   21.3105
    7.5000    7.5000  -37.500010551.1182   21.3640
   -7.5000   15.0000  -37.500010525.6055   21.1888
    0.0000   15.0000  -37.500011071.9062   21.2453
    7.5000   15.0000  -37.500010524.7969   21.2952
   -7.5000   22.5000  -37.500010416.7070   21.1708
    0.0000   22.5000  -37.500010956.6611   21.2121
    7.5000   22.5000  -37.500010420.8018   21.2475
   -7.5000   30.0000  -37.500010289.0312   20.9290
    0.0000   30.0000  -37.500010796.9688   20.9602
    7.5000   30.0000  -37.500010244.9062   20.9855
   -7.5000   37.5000  -37.500010472.1133   20.9801
    0.0000   37.5000  -37.500010974.4297   21.0173
    7.5000   37.5000  -37.500010416.8809   21.0473
   -7.5000   45.0000  -37.500010307.7363   20.4741
    0.0000   45.0000  -37.500010789.5947   20.5241
    7.5000   45.0000  -37.500010245.4629   20.5661
   -7.5000  -45.0000  -30.0000 5672.5977   25.0592
    0.0000  -45.0000  -30.0000 5907.5698   25.1374
    7.5000  -45.0000  -30.0000 5720.9951   25.1822
   -7.5000  -37.5000  -30.0000 6280.3721   23.9353
    0.0000  -37.5000  -30.0000 6531.0244   24.0232
    7.5000  -37.5000  -30.0000 6342.5020   24.0751
   -7.5000  -30.0000  -30.0000 7147.0420   23.0586
    0.0000  -30.0000  -30.0000 7471.7363   23.1379
    7.5000  -30.0000  -30.0000 7254.2266   23.1843
   -7.5000  -22.5000  -30.0000 8074.8232   22.3934
    0.0000  -22.5000  -30.0000 8447.0283   22.4513
    7.5000  -22.5000  -30.0000 8144.5557   22.4776
   -7.5000  -15.0000  -30.0000 9039.9932   22.0534
    0.0000  -15.0000  -30.0000 9460.5645   22.0967
    7.5000  -15.0000  -30.0000 9083.8701   22.1102
   -7.5000   -7.5000  -30.000010079.3135   21.8908
    0.0000   -7.5000  -30.000010583.6807   21.9374
    7.5000   -7.5000  -30.000010140.2148   21.9541
   -7.5000    0.0000  -30.000011136.1230   21.8863
    0.0000    0.0000  -30.000011707.9893   21.9478
    7.5000    0.0000  -30.000011168.4990   21.9781
   -7.5000    7.5000  -30.000011344.2061   21.8388
    0.0000    7.5000  -30.000011929.5039   21.9122
    7.5000    7.5000  -30.000011351.8291   21.9547
   -7.5000   15.0000  -30.000011330.6719   21.7774
    0.0000   15.0000  -30.000011922.5859   21.8482
    7.5000   15.0000  -30.000011317.6426   21.8887
   -7.5000   22.5000  -30.000011246.0127   21.7626
    0.0000   22.5000  -30.000011802.2197   21.8167
    7.5000   22.5000  -30.000011228.6357   21.8415
   -7.5000   30.0000  -30.000011087.1553   21.5222
    0.0000   30.0000  -30.000011604.1641   21.5635
    7.5000   30.0000  -30.000011013.6123   21.5762
   -7.5000   37.5000  -30.000011271.4863   21.5735
    0.0000   37.5000  -30.000011798.2051   21.6193
    7.5000   37.5000  -30.000011179.5186   21.6357
   -7.5000   45.0000  -30.000011056.3809   21.0617
    0.0000   45.0000  -30.000011584.2041   21.1209
    7.5000   45.0000  -30.000010947.6221   21.1501
   -7.5000  -45.0000  -22.5000 6089.0137   25.7076
    0.0000  -45.0000  -22.5000 6331.9858   25.8175
    7.5000  -45.0000  -22.5000 6131.4849   25.8546
   -7.5000  -37.5000  -22.5000 6723.3169   24.5580
    0.0000  -37.5000  -22.5000 7000.9561   24.6695
    7.5000  -37.5000  -22.5000 6774.7983   24.7088
   -7.5000  -30.0000  -22.5000 7670.4019   23.6527
    0.0000  -30.0000  -22.5000 8022.1323   23.7515
    7.5000  -30.0000  -22.5000 7745.7041   23.7854
   -7.5000  -22.5000  -22.5000 8685.6494   22.9643
    0.0000  -22.5000  -22.5000 9097.6709   23.0453
    7.5000  -22.5000  -22.5000 8743.6670   23.0645
   -7.5000  -15.0000  -22.5000 9753.9219   22.6209
    0.0000  -15.0000  -22.500010239.0322   22.6927
    7.5000  -15.0000  -22.5000 9793.9395   22.7040
   -7.5000   -7.5000  -22.500010893.5312   22.4679
    0.0000   -7.5000  -22.500011445.9355   22.5435
    7.5000   -7.5000  -22.500010913.0010   22.5576
   -7.5000    0.0000  -22.500012040.1074   22.4710
    0.0000    0.0000  -22.500012637.3467   22.5575
    7.5000    0.0000  -22.500012027.7451   22.5814
   -7.5000    7.5000  -22.500012234.5117   22.4182
    0.0000    7.5000  -22.500012816.9385   22.5104
    7.5000    7.5000  -22.500012209.7822   22.5422
   -7.5000   15.0000  -22.500012238.1924   22.3446
    0.0000   15.0000  -22.500012809.3809   22.4323
    7.5000   15.0000  -22.500012174.3975   22.4616
   -7.5000   22.5000  -22.500012183.0020   22.3202
    0.0000   22.5000  -22.500012707.3555   22.3964
    7.5000   22.5000  -22.500012090.2285   22.4147
   -7.5000   30.0000  -22.500011964.4502   22.0816
    0.0000   30.0000  -22.500012468.0488   22.1504
    7.5000   30.0000  -22.500011814.3242   22.1610
   -7.5000   37.5000  -22.500012110.1182   22.1459
    0.0000   37.5000  -22.500012622.9297   22.2201
    7.5000   37.5000  -22.500011940.2559   22.2340
   -7.5000   45.0000  -22.500011828.3857   21.6407
    0.0000   45.0000  -22.500012332.1875   21.7240
    7.5000   45.0000  -22.500011662.1387   21.7470
   -7.5000  -45.0000  -15.0000 6485.5869   26.3447
    0.0000  -45.0000  -15.0000 6754.1831   26.4756
    7.5000  -45.0000  -15.0000 6520.2266   26.5199
   -7.5000  -37.5000  -15.0000 7179.2798   25.1686
    0.0000  -37.5000  -15.0000 7496.2192   25.2917
    7.5000  -37.5000  -15.0000 7213.7651   25.3300
   -7.5000  -30.0000  -15.0000 8234.8223   24.2288
    0.0000  -30.0000  -15.0000 8614.8584   24.3338
    7.5000  -30.0000  -15.0000 8268.9561   24.3638
   -7.5000  -22.5000  -15.0000 9355.9043   23.5068
    0.0000  -22.5000  -15.0000 9794.0889   23.5981
    7.5000  -22.5000  -15.0000 9380.0732   23.6188
   -7.5000  -15.0000  -15.000010523.9424   23.1526
    0.0000  -15.0000  -15.000011028.6162   23.2424
    7.5000  -15.0000  -15.000010517.8711   23.2618
   -7.5000   -7.5000  -15.000011739.7754   23.0113
    0.0000   -7.5000  -15.000012303.3652   23.1082
    7.5000   -7.5000  -15.000011710.0654   23.1318
   -7.5000    0.0000  -15.000012972.2051   23.0297
    0.0000    0.0000  -15.000013562.0752   23.1342
    7.5000    0.0000  -15.000012903.5195   23.1641
   -7.5000    7.5000  -15.000013198.9229   22.9768
    0.0000    7.5000  -15.000013766.1895   23.0786
    7.5000    7.5000  -15.000013107.8604   23.1095
   -7.5000   15.0000  -15.000013177.7471   22.8888
    0.0000   15.0000  -15.000013724.1777   22.9816
    7.5000   15.0000  -15.000013065.7197   23.0071
   -7.5000   22.5000  -15.000013114.2197   22.8469
    0.0000   22.5000  -15.000013616.3076   22.9331
    7.5000   22.5000  -15.000012963.6807   22.9528
   -7.5000   30.0000  -15.000012832.8594   22.6041
    0.0000   30.0000  -15.000013338.7109   22.6904
    7.5000   30.0000  -15.000012662.4395   22.7089
   -7.5000   37.5000  -15.000013001.0195   22.6845
    0.0000   37.5000  -15.000013509.9912   22.7799
    7.5000   37.5000  -15.000012810.4932   22.8031
   -7.5000   45.0000  -15.000012730.2588   22.1922
    0.0000   45.0000  -15.000013208.8330   22.2929
    7.5000   45.0000  -15.000012500.4531   22.3217
   -7.5000  -45.0000   -7.5000 6938.1777   26.6336
    0.0000  -45.0000   -7.5000 7208.2363   26.7482
    7.5000  -45.0000   -7.5000 6949.4312   26.8083
   -7.5000  -37.5000   -7.5000 7711.0015   25.4493
    0.0000  -37.5000   -7.5000 8034.6123   25.5564
    7.5000  -37.5000   -7.5000 7717.9561   25.6089
   -7.5000  -30.0000   -7.5000 8881.4443   24.4984
    0.0000  -30.0000   -7.5000 9268.6787   24.5872
    7.5000  -30.0000   -7.5000 8899.1143   24.6293
   -7.5000  -22.5000   -7.500010097.4023   23.7600
    0.0000  -22.5000   -7.500010542.4932   23.8362
    7.5000  -22.5000   -7.500010089.1377   23.8679
   -7.5000  -15.0000   -7.500011346.6973   23.3952
    0.0000  -15.0000   -7.500011865.6328   23.4715
    7.5000  -15.0000   -7.500011292.6045   23.5023
   -7.5000   -7.5000   -7.500012627.8857   23.2531
    0.0000   -7.5000   -7.500013197.2168   23.3384
    7.5000   -7.5000   -7.500012573.2988   23.3742
   -7.5000    0.0000   -7.500013961.3047   23.2780
    0.0000    0.0000   -7.500014561.8018   23.3713
    7.5000    0.0000   -7.500013838.1650   23.4142
   -7.5000    7.5000   -7.500014257.8193   23.2316
    0.0000    7.5000   -7.500014850.2656   23.3207
    7.5000    7.5000   -7.500014112.6396   23.3639
   -7.5000   15.0000   -7.500014248.3145   23.1436
    0.0000   15.0000   -7.500014795.3838   23.2219
    7.5000   15.0000   -7.500014068.3096   23.2583
   -7.5000   22.5000   -7.500014143.8516   23.0914
    0.0000   22.5000   -7.500014679.0967   23.1631
    7.5000   22.5000   -7.500013900.2598   23.1932
   -7.5000   30.0000   -7.500013829.4121   22.8409
    0.0000   30.0000   -7.500014344.2666   22.9142
    7.5000   30.0000   -7.500013575.7666   22.9436
   -7.5000   37.5000   -7.500014042.2100   22.9223
    0.0000   37.5000   -7.500014554.1006   23.0062
    7.5000   37.5000   -7.500013783.2451   23.0415
   -7.5000   45.0000   -7.500013751.8447   22.4356
    0.0000   45.0000   -7.500014240.2002   22.5255
    7.5000   45.0000   -7.500013462.9521   22.5669
   -7.5000  -45.0000    0.0000 7330.7568   26.6458
    0.0000  -45.0000    0.0000 7642.2124   26.7255
    7.5000  -45.0000    0.0000 7341.4160   26.7940
   -7.5000  -37.5000    0.0000 8203.4326   25.4642
    0.0000  -37.5000    0.0000 8545.6963   25.5453
    7.5000  -37.5000    0.0000 8203.1885   25.6115
   -7.5000  -30.0000    0.0000 9476.0664   24.5233
    0.0000  -30.0000    0.0000 9880.9053   24.5911
    7.5000  -30.0000    0.0000 9481.1592   24.6469
   -7.5000  -22.5000    0.000010763.4902   23.7919
    0.0000  -22.5000    0.000011213.1562   23.8445
    7.5000  -22.5000    0.000010722.4932   23.8847
   -7.5000  -15.0000    0.000012076.8809   23.4226
    0.0000  -15.0000    0.000012595.5518   23.4702
    7.5000  -15.0000    0.000011962.1211   23.5044
   -7.5000   -7.5000    0.000013424.7178   23.2669
    0.0000   -7.5000    0.000013978.0273   23.3221
    7.5000   -7.5000    0.000013289.4971   23.3612
   -7.5000    0.0000    0.000014830.6904   23.2840
    0.0000    0.0000    0.000015435.2568   23.3503
    7.5000    0.0000    0.000014646.3750   23.4001
   -7.5000    7.5000    0.000015226.4014   23.2434
    0.0000    7.5000    0.000015826.0693   23.3115
    7.5000    7.5000    0.000015010.1172   23.3663
   -7.5000   15.0000    0.000015365.9170   23.1674
    0.0000   15.0000    0.000015925.4521   23.2275
    7.5000   15.0000    0.000015090.1924   23.2764
   -7.5000   22.5000    0.000015166.8359   23.1230
    0.0000   22.5000    0.000015734.9590   23.1721
    7.5000   22.5000    0.000014825.6992   23.2102
   -7.5000   30.0000    0.000014794.9844   22.8684
    0.0000   30.0000    0.000015282.3369   22.9139
    7.5000   30.0000    0.000014418.7373   22.9468
   -7.5000   37.5000    0.000015007.5781   22.9367
    0.0000   37.5000    0.000015463.9414   22.9909
    7.5000   37.5000    0.000014655.9688   23.0294
   -7.5000   45.0000    0.000014676.3652   22.4431
    0.0000   45.0000    0.000015126.2891   22.5070
    7.5000   45.0000    0.000014316.7549   22.5550
   -7.5000  -45.0000    7.5000 7109.8384   26.6175
    0.0000  -45.0000    7.5000 7411.7192   26.6825
    7.5000  -45.0000    7.5000 7127.1245   26.7431
   -7.5000  -37.5000    7.5000 8018.7783   25.4354
    0.0000  -37.5000    7.5000 8368.8896   25.5102
    7.5000  -37.5000    7.5000 8027.3779   25.5754
   -7.5000  -30.0000    7.5000 9333.1787   24.5089
    0.0000  -30.0000    7.5000 9732.8027   24.5746
    7.5000  -30.0000    7.5000 9310.0283   24.6319
   -7.5000  -22.5000    7.500010628.8535   23.7968
    0.0000  -22.5000    7.500011049.9883   23.8424
    7.5000  -22.5000    7.500010543.7822   23.8794
   -7.5000  -15.0000    7.500011918.5576   23.4312
    0.0000  -15.0000    7.500012348.3896   23.4640
    7.5000  -15.0000    7.500011779.2451   23.4890
   -7.5000   -7.5000    7.500013200.2520   23.2591
    0.0000   -7.5000    7.500013670.3721   23.2970
    7.5000   -7.5000    7.500013070.1035   23.3262
   -7.5000    0.0000    7.500014499.9551   23.2593
    0.0000    0.0000    7.500015004.8994   23.3121
    7.5000    0.0000    7.500014353.4258   23.3553
   -7.5000    7.5000    7.500014907.2783   23.2168
    0.0000    7.5000    7.500015426.6211   23.2798
    7.5000    7.5000    7.500014728.9404   23.3337
   -7.5000   15.0000    7.500015296.5342   23.1544
    0.0000   15.0000    7.500015829.5615   23.2129
    7.5000   15.0000    7.500014982.8877   23.2633
   -7.5000   22.5000    7.500015216.1172   23.1274
    0.0000   22.5000    7.500015740.8896   23.1697
    7.5000   22.5000    7.500014785.2285   23.2046
   -7.5000   30.0000    7.500014737.3486   22.8764
    0.0000   30.0000    7.500015104.3379   22.9076
    7.5000   30.0000    7.500014309.2900   22.9315
   -7.5000   37.5000    7.500014860.3633   22.9291
    0.0000   37.5000    7.500015207.5400   22.9663
    7.5000   37.5000    7.500014492.0381   22.9950
   -7.5000   45.0000    7.500014498.3945   22.4192
    0.0000   45.0000    7.500014859.5176   22.4702
    7.5000   45.0000    7.500014130.1611   22.5118
   -7.5000  -45.0000   15.0000 6867.4121   26.6310
    0.0000  -45.0000   15.0000 7149.6904   26.7123
    7.5000  -45.0000   15.0000 6876.2515   26.7577
   -7.5000  -37.5000   15.0000 7751.9058   25.4434
    0.0000  -37.5000   15.0000 8063.6919   25.5351
    7.5000  -37.5000   15.0000 7742.0630   25.5883
   -7.5000  -30.0000   15.0000 9016.7783   24.5184
    0.0000  -30.0000   15.0000 9376.9785   24.6014
    7.5000  -30.0000   15.0000 8952.5527   24.6494
   -7.5000  -22.5000   15.000010248.9990   23.8156
    0.0000  -22.5000   15.000010667.1064   23.8762
    7.5000  -22.5000   15.000010145.0371   23.9033
   -7.5000  -15.0000   15.000011486.6162   23.4562
    0.0000  -15.0000   15.000011944.0225   23.5013
    7.5000  -15.0000   15.000011369.7578   23.5148
   -7.5000   -7.5000   15.000012735.9434   23.2820
    0.0000   -7.5000   15.000013239.7422   23.3303
    7.5000   -7.5000   15.000012595.4023   23.3467
   -7.5000    0.0000   15.000013907.5010   23.2745
    0.0000    0.0000   15.000014452.7109   23.3383
    7.5000    0.0000   15.000013795.2695   23.3689
   -7.5000    7.5000   15.000014266.5439   23.2252
    0.0000    7.5000   15.000014796.5010   23.3017
    7.5000    7.5000   15.000014203.6143   23.3453
   -7.5000   15.0000   15.000014850.9189   23.1634
    0.0000   15.0000   15.000015411.4531   23.2374
    7.5000   15.0000   15.000014586.7051   23.2794
   -7.5000   22.5000   15.000015153.9062   23.1448
    0.0000   22.5000   15.000015730.3867   23.2014
    7.5000   22.5000   15.000014546.6055   23.2270
   -7.5000   30.0000   15.000014789.3799   22.9003
    0.0000   30.0000   15.000015170.6768   22.9433
    7.5000   30.0000   15.000014181.8516   22.9560
   -7.5000   37.5000   15.000014802.2090   22.9516
    0.0000   37.5000   15.000015147.3408   22.9990
    7.5000   37.5000   15.000014290.5967   23.0151
   -7.5000   45.0000   15.000014321.0645   22.4339
    0.0000   45.0000   15.000014696.2578   22.4955
    7.5000   45.0000   15.000013809.3457   22.5250
   -7.5000  -45.0000   22.5000 6497.8721   26.7018
    0.0000  -45.0000   22.5000 6818.5376   26.8166
    7.5000  -45.0000   22.5000 6498.5698   26.8549
   -7.5000  -37.5000   22.5000 7354.1675   25.5075
    0.0000  -37.5000   22.5000 7726.8364   25.6238
    7.5000  -37.5000   22.5000 7339.7397   25.6644
   -7.5000  -30.0000   22.5000 8605.2051   24.5666
    0.0000  -30.0000   22.5000 9019.7500   24.6698
    7.5000  -30.0000   22.5000 8533.0771   24.7047
   -7.5000  -22.5000   22.5000 9805.5977   23.8511
    0.0000  -22.5000   22.500010230.4951   23.9357
    7.5000  -22.5000   22.5000 9718.2715   23.9554
   -7.5000  -15.0000   22.500010998.6377   23.4941
    0.0000  -15.0000   22.500011423.4092   23.5691
    7.5000  -15.0000   22.500010933.8936   23.5807
   -7.5000   -7.5000   22.500012214.7188   23.3352
    0.0000   -7.5000   22.500012621.7686   23.4142
    7.5000   -7.5000   22.500012109.9092   23.4286
   -7.5000    0.0000   22.500013343.8350   23.3385
    0.0000    0.0000   22.500013808.8066   23.4288
    7.5000    0.0000   22.500013292.7676   23.4535
   -7.5000    7.5000   22.500013821.0430   23.2837
    0.0000    7.5000   22.500014323.6611   23.3801
    7.5000    7.5000   22.500013721.8340   23.4128
   -7.5000   15.0000   22.500014438.5137   23.2073
    0.0000   15.0000   22.500015085.5752   23.2988
    7.5000   15.0000   22.500014041.5469   23.3290
   -7.5000   22.5000   22.500014727.7021   23.1782
    0.0000   22.5000   22.500015496.2070   23.2578
    7.5000   22.5000   22.500013990.2979   23.2765
   -7.5000   30.0000   22.500014467.6846   22.9370
    0.0000   30.0000   22.500015227.9131   23.0090
    7.5000   30.0000   22.500013659.2588   23.0198
   -7.5000   37.5000   22.500014447.3682   23.0039
    0.0000   37.5000   22.500015192.0400   23.0815
    7.5000   37.5000   22.500013733.4160   23.0957
   -7.5000   45.0000   22.500013840.5947   22.4957
    0.0000   45.0000   22.500014498.4082   22.5827
    7.5000   45.0000   22.500013203.7764   22.6064
   -7.5000  -45.0000   30.0000 6177.2612   26.8830
    0.0000  -45.0000   30.0000 6453.9404   27.0187
    7.5000  -45.0000   30.0000 6134.7046   27.0649
   -7.5000  -37.5000   30.0000 6974.7104   25.6817
    0.0000  -37.5000   30.0000 7294.9585   25.8092
    7.5000  -37.5000   30.0000 6930.9351   25.8492
   -7.5000  -30.0000   30.0000 8117.6406   24.7204
    0.0000  -30.0000   30.0000 8487.1162   24.8293
    7.5000  -30.0000   30.0000 8039.8784   24.8607
   -7.5000  -22.5000   30.0000 9216.5977   23.9802
    0.0000  -22.5000   30.0000 9648.6611   24.0750
    7.5000  -22.5000   30.0000 9155.4033   24.0967
   -7.5000  -15.0000   30.000010314.4814   23.6161
    0.0000  -15.0000   30.000010822.7822   23.7093
    7.5000  -15.0000   30.000010252.7393   23.7296
   -7.5000   -7.5000   30.000011452.3184   23.4705
    0.0000   -7.5000   30.000012021.9492   23.5710
    7.5000   -7.5000   30.000011354.8203   23.5957
   -7.5000    0.0000   30.000012656.5488   23.4897
    0.0000    0.0000   30.000013289.4033   23.5979
    7.5000    0.0000   30.000012514.6445   23.6290
   -7.5000    7.5000   30.000013140.1025   23.4361
    0.0000    7.5000   30.000013771.4121   23.5415
    7.5000    7.5000   30.000012877.5293   23.5737
   -7.5000   15.0000   30.000013401.3867   23.3464
    0.0000   15.0000   30.000014090.3330   23.4425
    7.5000   15.0000   30.000013021.3906   23.4692
   -7.5000   22.5000   30.000013369.5342   23.3007
    0.0000   22.5000   30.000014052.3496   23.3901
    7.5000   22.5000   30.000012952.1934   23.4108
   -7.5000   30.0000   30.000013122.6963   23.0551
    0.0000   30.0000   30.000013755.1992   23.1446
    7.5000   30.0000   30.000012733.9053   23.1640
   -7.5000   37.5000   30.000013258.6807   23.1371
    0.0000   37.5000   30.000013872.8242   23.2359
    7.5000   37.5000   30.000012867.8418   23.2601
   -7.5000   45.0000   30.000012837.1250   22.6414
    0.0000   45.0000   30.000013422.7031   22.7457
    7.5000   45.0000   30.000012414.0615   22.7756
   -7.5000  -45.0000   37.5000 5947.1401   27.0661
    0.0000  -45.0000   37.5000 6192.8682   27.1844
    7.5000  -45.0000   37.5000 5902.5674   27.2467
   -7.5000  -37.5000   37.5000 6681.8818   25.8638
    0.0000  -37.5000   37.5000 7015.7524   25.9746
    7.5000  -37.5000   37.5000 6629.8159   26.0291
   -7.5000  -30.0000   37.5000 7747.9307   24.8969
    0.0000  -30.0000   37.5000 8149.0034   24.9888
    7.5000  -30.0000   37.5000 7674.8403   25.0326
   -7.5000  -22.5000   37.5000 8819.7373   24.1436
    0.0000  -22.5000   37.5000 9268.7910   24.2224
    7.5000  -22.5000   37.5000 8727.0137   24.2553
   -7.5000  -15.0000   37.5000 9949.2646   23.7715
    0.0000  -15.0000   37.500010419.6309   23.8506
    7.5000  -15.0000   37.5000 9798.2686   23.8822
   -7.5000   -7.5000   37.500011085.4922   23.6270
    0.0000   -7.5000   37.500011572.5439   23.7154
    7.5000   -7.5000   37.500010917.0293   23.7521
   -7.5000    0.0000   37.500012262.8691   23.6534
    0.0000    0.0000   37.500012747.5879   23.7500
    7.5000    0.0000   37.500012061.5723   23.7939
   -7.5000    7.5000   37.500012584.7881   23.6068
    0.0000    7.5000   37.500013098.6943   23.6991
    7.5000    7.5000   37.500012370.8076   23.7434
   -7.5000   15.0000   37.500012646.4424   23.5173
    0.0000   15.0000   37.500013158.4131   23.5984
    7.5000   15.0000   37.500012434.9980   23.6359
   -7.5000   22.5000   37.500012517.1191   23.4634
    0.0000   22.5000   37.500013035.2412   23.5377
    7.5000   22.5000   37.500012391.3359   23.5687
   -7.5000   30.0000   37.500012336.0596   23.2086
    0.0000   30.0000   37.500012851.4824   23.2846
    7.5000   30.0000   37.500012224.8340   23.3148
   -7.5000   37.5000   37.500012565.5703   23.2917
    0.0000   37.5000   37.500013079.2695   23.3786
    7.5000   37.5000   37.500012419.8350   23.4147
   -7.5000   45.0000   37.500012241.0801   22.7992
    0.0000   45.0000   37.500012719.7168   22.8922
    7.5000   45.0000   37.500012015.2812   22.9346
   -7.5000  -45.0000   45.0000 5467.4873   27.4102
    0.0000  -45.0000   45.0000 5684.0205   27.4952
    7.5000  -45.0000   45.0000 5419.1836   27.5688
   -7.5000  -37.5000   45.0000 6131.2871   26.1841
    0.0000  -37.5000   45.0000 6413.4165   26.2706
    7.5000  -37.5000   45.0000 6082.4956   26.3418
   -7.5000  -30.0000   45.0000 7107.3647   25.2090
    0.0000  -30.0000   45.0000 7440.7271   25.2814
    7.5000  -30.0000   45.0000 7061.3521   25.3417
   -7.5000  -22.5000   45.0000 8107.1968   24.4502
    0.0000  -22.5000   45.0000 8458.0898   24.5065
    7.5000  -22.5000   45.0000 8027.5542   24.5501
   -7.5000  -15.0000   45.0000 9137.3711   24.0709
    0.0000  -15.0000   45.0000 9499.7744   24.1217
    7.5000  -15.0000   45.0000 9009.9346   24.1586
   -7.5000   -7.5000   45.000010171.9570   23.9137
    0.0000   -7.5000   45.000010552.9941   23.9726
    7.5000   -7.5000   45.000010045.6016   24.0142
   -7.5000    0.0000   45.000011218.8896   23.9332
    0.0000    0.0000   45.000011655.4805   24.0039
    7.5000    0.0000   45.000011079.1318   24.0566
   -7.5000    7.5000   45.000011452.3037   23.8925
    0.0000    7.5000   45.000011908.1963   23.9652
    7.5000    7.5000   45.000011337.1865   24.0235
   -7.5000   15.0000   45.000011456.1455   23.8143
    0.0000   15.0000   45.000011898.2168   23.8785
    7.5000   15.0000   45.000011378.5596   23.9310
   -7.5000   22.5000   45.000011372.5762   23.7674
    0.0000   22.5000   45.000011792.2334   23.8201
    7.5000   22.5000   45.000011337.3906   23.8611
   -7.5000   30.0000   45.000011239.9238   23.5024
    0.0000   30.0000   45.000011656.8623   23.5511
    7.5000   30.0000   45.000011182.0850   23.5864
   -7.5000   37.5000   45.000011460.2744   23.5728
    0.0000   37.5000   45.000011881.0107   23.6307
    7.5000   37.5000   45.000011381.1416   23.6715
   -7.5000   45.0000   45.000011176.9121   23.0793
    0.0000   45.0000   45.000011583.1582   23.1475
    7.5000   45.0000   45.000011044.9346   23.1983

---------------------------------------------------------------------
imgreg_4dfp /opt/freesurfer/average/711-2C_as_mni_average_305 /opt/freesurfer/average/711-2B_as_mni_average_305_mask talsrcimg_g11 none talsrcimg_to_711-2C_as_mni_average_305_t4 4355
---------------------------------------------------------------------

freesurfer imgreg_4dfp.c
/opt/freesurfer/average/711-2C_as_mni_average_305.4dfp.img
       256       256       256         1
  1.000000  1.000000  1.000000
orientation T byte_order littleendian
Reading image: /opt/freesurfer/average/711-2C_as_mni_average_305.4dfp.img
dimensions:      256       256       256
mmppix:       1.0000   -1.0000   -1.0000
center:     128.0000 -129.0000 -129.0000
/opt/freesurfer/average/711-2B_as_mni_average_305_mask.4dfp.img
       256       256       256         1
  1.000000  1.000000  1.000000
orientation T byte_order littleendian
Reading mask: /opt/freesurfer/average/711-2B_as_mni_average_305_mask.4dfp.img (2306576 pixels)
talsrcimg_g11.4dfp.img
       256       256       256         1
  1.000000  1.000000  1.000000
orientation T byte_order littleendian
Reading image: talsrcimg_g11.4dfp.img
dimensions:      256       256       256
mmppix:       1.0000   -1.0000   -1.0000
center:     128.0000 -129.0000 -129.0000
rotation matrix determinant  1.000000
image alignment mode   4355 decimal     1103 hex
   -7.5000  -30.0000  -45.0000 1747.3208   40.5379
    0.0000  -30.0000  -45.0000 1739.6962   39.9589
    7.5000  -30.0000  -45.0000 1741.4396   40.6052
   -7.5000  -22.5000  -45.0000 1864.0098   35.7834
    0.0000  -22.5000  -45.0000 1865.3344   35.2029
    7.5000  -22.5000  -45.0000 1864.0858   35.7311
   -7.5000  -15.0000  -45.0000 1959.0847   32.3575
    0.0000  -15.0000  -45.0000 1960.2592   31.8483
    7.5000  -15.0000  -45.0000 1955.9321   32.2255
   -7.5000   -7.5000  -45.0000 2035.6437   29.6062
    0.0000   -7.5000  -45.0000 2044.2717   29.3125
    7.5000   -7.5000  -45.0000 2034.6233   29.5313
   -7.5000    0.0000  -45.0000 2117.0515   27.4409
    0.0000    0.0000  -45.0000 2122.1670   27.2247
    7.5000    0.0000  -45.0000 2110.0891   27.3666
   -7.5000    7.5000  -45.0000 2174.1643   25.6015
    0.0000    7.5000  -45.0000 2176.7581   25.4649
    7.5000    7.5000  -45.0000 2163.9382   25.5765
   -7.5000   15.0000  -45.0000 2208.3618   24.3953
    0.0000   15.0000  -45.0000 2213.5125   24.2437
    7.5000   15.0000  -45.0000 2197.0344   24.3375
   -7.5000   22.5000  -45.0000 2232.8484   23.8349
    0.0000   22.5000  -45.0000 2239.5276   23.6594
    7.5000   22.5000  -45.0000 2223.8545   23.7906
   -7.5000   30.0000  -45.0000 2240.7427   23.8384
    0.0000   30.0000  -45.0000 2245.7410   23.6725
    7.5000   30.0000  -45.0000 2225.0596   23.7434
   -7.5000   37.5000  -45.0000 2233.8430   24.0948
    0.0000   37.5000  -45.0000 2241.5146   24.0126
    7.5000   37.5000  -45.0000 2214.3787   24.0402
   -7.5000   45.0000  -45.0000 2214.0054   24.8774
    0.0000   45.0000  -45.0000 2213.7266   24.7078
    7.5000   45.0000  -45.0000 2191.5378   24.8124
   -7.5000   52.5000  -45.0000 2158.6099   25.8507
    0.0000   52.5000  -45.0000 2157.4736   25.7054
    7.5000   52.5000  -45.0000 2141.9812   25.8203
   -7.5000   60.0000  -45.0000 2066.0117   26.8826
    0.0000   60.0000  -45.0000 2074.1807   26.7507
    7.5000   60.0000  -45.0000 2051.8440   26.9210
   -7.5000  -30.0000  -37.5000 1811.3473   37.7161
    0.0000  -30.0000  -37.5000 1804.3131   37.1926
    7.5000  -30.0000  -37.5000 1805.7683   37.6434
   -7.5000  -22.5000  -37.5000 1933.3279   33.1629
    0.0000  -22.5000  -37.5000 1933.1393   32.7523
    7.5000  -22.5000  -37.5000 1932.4795   33.0268
   -7.5000  -15.0000  -37.5000 2034.6244   29.9089
    0.0000  -15.0000  -37.5000 2032.4086   29.5818
    7.5000  -15.0000  -37.5000 2032.9363   29.6922
   -7.5000   -7.5000  -37.5000 2124.0842   27.3969
    0.0000   -7.5000  -37.5000 2125.3154   27.2520
    7.5000   -7.5000  -37.5000 2127.2280   27.2779
   -7.5000    0.0000  -37.5000 2210.4521   25.3166
    0.0000    0.0000  -37.5000 2211.0698   25.2656
    7.5000    0.0000  -37.5000 2205.8630   25.3079
   -7.5000    7.5000  -37.5000 2268.7551   23.7113
    0.0000    7.5000  -37.5000 2276.0046   23.6634
    7.5000    7.5000  -37.5000 2262.3252   23.6563
   -7.5000   15.0000  -37.5000 2305.4360   22.5332
    0.0000   15.0000  -37.5000 2313.6633   22.4501
    7.5000   15.0000  -37.5000 2293.8049   22.5041
   -7.5000   22.5000  -37.5000 2322.0308   21.9990
    0.0000   22.5000  -37.5000 2333.2942   21.8937
    7.5000   22.5000  -37.5000 2312.2109   21.9354
   -7.5000   30.0000  -37.5000 2329.1921   21.9688
    0.0000   30.0000  -37.5000 2338.1438   21.7737
    7.5000   30.0000  -37.5000 2316.0779   21.8094
   -7.5000   37.5000  -37.5000 2321.4124   22.0797
    0.0000   37.5000  -37.5000 2335.7239   21.9874
    7.5000   37.5000  -37.5000 2311.8967   21.9988
   -7.5000   45.0000  -37.5000 2307.1904   22.7024
    0.0000   45.0000  -37.5000 2316.6460   22.6011
    7.5000   45.0000  -37.5000 2303.3606   22.6962
   -7.5000   52.5000  -37.5000 2260.3591   23.5951
    0.0000   52.5000  -37.5000 2267.0496   23.5145
    7.5000   52.5000  -37.5000 2250.2537   23.6237
   -7.5000   60.0000  -37.5000 2164.1543   24.6569
    0.0000   60.0000  -37.5000 2167.7937   24.5734
    7.5000   60.0000  -37.5000 2148.8748   24.6498
   -7.5000  -30.0000  -30.0000 1889.3832   36.3558
    0.0000  -30.0000  -30.0000 1896.2781   36.1814
    7.5000  -30.0000  -30.0000 1901.5316   36.2996
   -7.5000  -22.5000  -30.0000 2026.2074   32.0186
    0.0000  -22.5000  -30.0000 2035.9191   31.8043
    7.5000  -22.5000  -30.0000 2038.1206   31.8512
   -7.5000  -15.0000  -30.0000 2143.8098   28.9351
    0.0000  -15.0000  -30.0000 2154.2375   28.7825
    7.5000  -15.0000  -30.0000 2152.0605   28.6920
   -7.5000   -7.5000  -30.0000 2246.4902   26.5557
    0.0000   -7.5000  -30.0000 2260.6338   26.4543
    7.5000   -7.5000  -30.0000 2254.7742   26.3651
   -7.5000    0.0000  -30.0000 2331.9226   24.4651
    0.0000    0.0000  -30.0000 2345.5312   24.4605
    7.5000    0.0000  -30.0000 2332.9968   24.3856
   -7.5000    7.5000  -30.0000 2396.0391   22.8386
    0.0000    7.5000  -30.0000 2413.6343   22.7669
    7.5000    7.5000  -30.0000 2393.2158   22.7461
   -7.5000   15.0000  -30.0000 2441.0959   21.6998
    0.0000   15.0000  -30.0000 2458.6138   21.5808
    7.5000   15.0000  -30.0000 2435.9768   21.6934
   -7.5000   22.5000  -30.0000 2464.9175   21.0831
    0.0000   22.5000  -30.0000 2480.6543   20.9668
    7.5000   22.5000  -30.0000 2460.2937   21.0833
   -7.5000   30.0000  -30.0000 2475.8669   21.0620
    0.0000   30.0000  -30.0000 2480.7163   20.8691
    7.5000   30.0000  -30.0000 2466.3906   20.9613
   -7.5000   37.5000  -30.0000 2467.3958   21.1906
    0.0000   37.5000  -30.0000 2481.3853   20.9859
    7.5000   37.5000  -30.0000 2463.3772   21.0997
   -7.5000   45.0000  -30.0000 2451.9568   21.7768
    0.0000   45.0000  -30.0000 2465.4473   21.6009
    7.5000   45.0000  -30.0000 2449.8279   21.7243
   -7.5000   52.5000  -30.0000 2400.0579   22.6481
    0.0000   52.5000  -30.0000 2415.6433   22.5347
    7.5000   52.5000  -30.0000 2391.2134   22.6678
   -7.5000   60.0000  -30.0000 2294.6379   23.6782
    0.0000   60.0000  -30.0000 2308.3308   23.5837
    7.5000   60.0000  -30.0000 2287.4121   23.6885
   -7.5000  -30.0000  -22.5000 1969.5610   35.1133
    0.0000  -30.0000  -22.5000 1981.7999   34.9258
    7.5000  -30.0000  -22.5000 1979.9976   34.9359
   -7.5000  -22.5000  -22.5000 2118.7869   30.8917
    0.0000  -22.5000  -22.5000 2132.6575   30.7265
    7.5000  -22.5000  -22.5000 2126.0496   30.5623
   -7.5000  -15.0000  -22.5000 2242.8311   27.8532
    0.0000  -15.0000  -22.5000 2263.8833   27.7245
    7.5000  -15.0000  -22.5000 2247.3247   27.5658
   -7.5000   -7.5000  -22.5000 2351.6726   25.4926
    0.0000   -7.5000  -22.5000 2375.6968   25.4836
    7.5000   -7.5000  -22.5000 2355.5510   25.3799
   -7.5000    0.0000  -22.5000 2445.2507   23.5986
    0.0000    0.0000  -22.5000 2465.8833   23.5818
    7.5000    0.0000  -22.5000 2442.3303   23.5013
   -7.5000    7.5000  -22.5000 2505.4224   21.9091
    0.0000    7.5000  -22.5000 2521.0613   21.7879
    7.5000    7.5000  -22.5000 2500.9714   21.8237
   -7.5000   15.0000  -22.5000 2561.3062   20.7615
    0.0000   15.0000  -22.5000 2575.3901   20.6104
    7.5000   15.0000  -22.5000 2554.7117   20.7056
   -7.5000   22.5000  -22.5000 2596.2888   20.1166
    0.0000   22.5000  -22.5000 2607.8931   19.9261
    7.5000   22.5000  -22.5000 2593.3533   20.1092
   -7.5000   30.0000  -22.5000 2611.3560   20.0141
    0.0000   30.0000  -22.5000 2613.1445   19.8101
    7.5000   30.0000  -22.5000 2600.5146   19.9530
   -7.5000   37.5000  -22.5000 2597.5620   20.1477
    0.0000   37.5000  -22.5000 2603.8108   19.9333
    7.5000   37.5000  -22.5000 2585.2610   20.1152
   -7.5000   45.0000  -22.5000 2576.8054   20.7406
    0.0000   45.0000  -22.5000 2586.7769   20.5962
    7.5000   45.0000  -22.5000 2568.8677   20.7839
   -7.5000   52.5000  -22.5000 2520.2405   21.6293
    0.0000   52.5000  -22.5000 2535.7473   21.5095
    7.5000   52.5000  -22.5000 2516.7310   21.7005
   -7.5000   60.0000  -22.5000 2415.7288   22.5856
    0.0000   60.0000  -22.5000 2431.3728   22.4773
    7.5000   60.0000  -22.5000 2409.3928   22.6611
   -7.5000  -30.0000  -15.0000 2021.2501   33.7079
    0.0000  -30.0000  -15.0000 2034.4854   33.6158
    7.5000  -30.0000  -15.0000 2025.8993   33.5400
   -7.5000  -22.5000  -15.0000 2182.7739   29.6762
    0.0000  -22.5000  -15.0000 2198.7444   29.5126
    7.5000  -22.5000  -15.0000 2181.0361   29.4268
   -7.5000  -15.0000  -15.0000 2309.0779   26.7426
    0.0000  -15.0000  -15.0000 2331.3098   26.5282
    7.5000  -15.0000  -15.0000 2308.2126   26.5338
   -7.5000   -7.5000  -15.0000 2418.7476   24.4587
    0.0000   -7.5000  -15.0000 2440.8425   24.3288
    7.5000   -7.5000  -15.0000 2416.6265   24.3399
   -7.5000    0.0000  -15.0000 2508.8647   22.6181
    0.0000    0.0000  -15.0000 2527.6731   22.4522
    7.5000    0.0000  -15.0000 2500.9641   22.5225
   -7.5000    7.5000  -15.0000 2577.8621   21.0255
    0.0000    7.5000  -15.0000 2594.7280   20.8678
    7.5000    7.5000  -15.0000 2573.9775   20.9483
   -7.5000   15.0000  -15.0000 2635.6562   19.8160
    0.0000   15.0000  -15.0000 2643.5806   19.5814
    7.5000   15.0000  -15.0000 2628.8567   19.7378
   -7.5000   22.5000  -15.0000 2676.2185   19.1230
    0.0000   22.5000  -15.0000 2686.2197   18.8865
    7.5000   22.5000  -15.0000 2668.0393   19.0726
   -7.5000   30.0000  -15.0000 2689.7251   18.8845
    0.0000   30.0000  -15.0000 2702.5015   18.7315
    7.5000   30.0000  -15.0000 2681.3611   18.9231
   -7.5000   37.5000  -15.0000 2681.7532   19.0520
    0.0000   37.5000  -15.0000 2692.2803   18.9002
    7.5000   37.5000  -15.0000 2672.3110   19.1447
   -7.5000   45.0000  -15.0000 2668.3992   19.7209
    0.0000   45.0000  -15.0000 2676.5869   19.5434
    7.5000   45.0000  -15.0000 2654.2812   19.8362
   -7.5000   52.5000  -15.0000 2609.8660   20.6315
    0.0000   52.5000  -15.0000 2620.0779   20.4307
    7.5000   52.5000  -15.0000 2604.0452   20.7497
   -7.5000   60.0000  -15.0000 2493.1880   21.5051
    0.0000   60.0000  -15.0000 2504.1665   21.3435
    7.5000   60.0000  -15.0000 2489.5000   21.6275
   -7.5000  -30.0000   -7.5000 2067.9324   32.4964
    0.0000  -30.0000   -7.5000 2074.2612   32.3226
    7.5000  -30.0000   -7.5000 2067.0371   32.4612
   -7.5000  -22.5000   -7.5000 2227.0713   28.5627
    0.0000  -22.5000   -7.5000 2238.5044   28.3236
    7.5000  -22.5000   -7.5000 2227.1943   28.4463
   -7.5000  -15.0000   -7.5000 2352.1912   25.6785
    0.0000  -15.0000   -7.5000 2370.0181   25.4050
    7.5000  -15.0000   -7.5000 2352.4561   25.5097
   -7.5000   -7.5000   -7.5000 2458.9751   23.4082
    0.0000   -7.5000   -7.5000 2478.5105   23.1926
    7.5000   -7.5000   -7.5000 2463.3557   23.3206
   -7.5000    0.0000   -7.5000 2555.3528   21.5662
    0.0000    0.0000   -7.5000 2570.4250   21.3425
    7.5000    0.0000   -7.5000 2551.4231   21.5165
   -7.5000    7.5000   -7.5000 2635.5793   20.0635
    0.0000    7.5000   -7.5000 2651.1443   19.8716
    7.5000    7.5000   -7.5000 2632.8550   20.0444
   -7.5000   15.0000   -7.5000 2697.8672   18.9308
    0.0000   15.0000   -7.5000 2706.1482   18.6970
    7.5000   15.0000   -7.5000 2685.6780   18.8989
   -7.5000   22.5000   -7.5000 2736.4473   18.1635
    0.0000   22.5000   -7.5000 2747.1487   17.8999
    7.5000   22.5000   -7.5000 2719.4031   18.1366
   -7.5000   30.0000   -7.5000 2755.5786   17.8330
    0.0000   30.0000   -7.5000 2766.1643   17.6368
    7.5000   30.0000   -7.5000 2739.2102   17.9138
   -7.5000   37.5000   -7.5000 2757.4299   18.0118
    0.0000   37.5000   -7.5000 2762.5371   17.8220
    7.5000   37.5000   -7.5000 2746.6172   18.1812
   -7.5000   45.0000   -7.5000 2749.8918   18.6922
    0.0000   45.0000   -7.5000 2753.3909   18.5072
    7.5000   45.0000   -7.5000 2733.3535   18.8476
   -7.5000   52.5000   -7.5000 2683.9453   19.5722
    0.0000   52.5000   -7.5000 2685.2576   19.3510
    7.5000   52.5000   -7.5000 2665.6772   19.6868
   -7.5000   60.0000   -7.5000 2558.8010   20.4710
    0.0000   60.0000   -7.5000 2556.5442   20.2600
    7.5000   60.0000   -7.5000 2539.8943   20.5427
   -7.5000  -30.0000    0.0000 2091.8774   31.8669
    0.0000  -30.0000    0.0000 2094.5669   31.5303
    7.5000  -30.0000    0.0000 2101.6082   31.9709
   -7.5000  -22.5000    0.0000 2248.8909   27.8661
    0.0000  -22.5000    0.0000 2252.8362   27.5092
    7.5000  -22.5000    0.0000 2254.0833   27.8281
   -7.5000  -15.0000    0.0000 2372.4802   24.9411
    0.0000  -15.0000    0.0000 2382.9893   24.5969
    7.5000  -15.0000    0.0000 2373.0513   24.8089
   -7.5000   -7.5000    0.0000 2479.5889   22.6363
    0.0000   -7.5000    0.0000 2490.8108   22.3141
    7.5000   -7.5000    0.0000 2479.6375   22.5662
   -7.5000    0.0000    0.0000 2580.8396   20.7862
    0.0000    0.0000    0.0000 2594.6443   20.5053
    7.5000    0.0000    0.0000 2577.2661   20.7608
   -7.5000    7.5000    0.0000 2673.5605   19.3186
    0.0000    7.5000    0.0000 2686.4604   19.0440
    7.5000    7.5000    0.0000 2671.3982   19.2993
   -7.5000   15.0000    0.0000 2752.5413   18.2984
    0.0000   15.0000    0.0000 2756.7158   18.0394
    7.5000   15.0000    0.0000 2741.7800   18.2708
   -7.5000   22.5000    0.0000 2786.6743   17.5081
    0.0000   22.5000    0.0000 2789.7263   17.2086
    7.5000   22.5000    0.0000 2772.1689   17.4872
   -7.5000   30.0000    0.0000 2804.4846   17.0650
    0.0000   30.0000    0.0000 2803.2761   16.7706
    7.5000   30.0000    0.0000 2781.0723   17.1424
   -7.5000   37.5000    0.0000 2810.6038   17.2310
    0.0000   37.5000    0.0000 2805.7866   16.9714
    7.5000   37.5000    0.0000 2794.1404   17.3848
   -7.5000   45.0000    0.0000 2805.9282   17.9201
    0.0000   45.0000    0.0000 2800.5559   17.6666
    7.5000   45.0000    0.0000 2784.8530   18.0606
   -7.5000   52.5000    0.0000 2736.3215   18.7934
    0.0000   52.5000    0.0000 2726.1680   18.5271
    7.5000   52.5000    0.0000 2716.5283   18.9285
   -7.5000   60.0000    0.0000 2605.7236   19.7198
    0.0000   60.0000    0.0000 2593.4211   19.4617
    7.5000   60.0000    0.0000 2587.9680   19.8378
   -7.5000  -30.0000    7.5000 2093.6931   31.7120
    0.0000  -30.0000    7.5000 2114.4612   31.4644
    7.5000  -30.0000    7.5000 2113.0151   31.9795
   -7.5000  -22.5000    7.5000 2253.8213   27.6756
    0.0000  -22.5000    7.5000 2273.4097   27.3325
    7.5000  -22.5000    7.5000 2271.7083   27.7821
   -7.5000  -15.0000    7.5000 2377.7617   24.6226
    0.0000  -15.0000    7.5000 2391.8555   24.2275
    7.5000  -15.0000    7.5000 2390.3118   24.6860
   -7.5000   -7.5000    7.5000 2486.2893   22.2387
    0.0000   -7.5000    7.5000 2499.6543   21.8552
    7.5000   -7.5000    7.5000 2499.7419   22.3497
   -7.5000    0.0000    7.5000 2590.9829   20.3602
    0.0000    0.0000    7.5000 2598.7097   19.9773
    7.5000    0.0000    7.5000 2596.5107   20.4645
   -7.5000    7.5000    7.5000 2694.5261   18.9205
    0.0000    7.5000    7.5000 2698.2366   18.5456
    7.5000    7.5000    7.5000 2692.0564   18.9858
   -7.5000   15.0000    7.5000 2785.9038   17.9656
    0.0000   15.0000    7.5000 2785.4866   17.6054
    7.5000   15.0000    7.5000 2776.6318   17.9673
   -7.5000   22.5000    7.5000 2848.5601   17.3571
    0.0000   22.5000    7.5000 2841.1875   16.9594
    7.5000   22.5000    7.5000 2827.3689   17.2503
   -7.5000   30.0000    7.5000 2852.5503   16.7303
    0.0000   30.0000    7.5000 2838.3987   16.3284
    7.5000   30.0000    7.5000 2832.0195   16.8648
   -7.5000   37.5000    7.5000 2861.9448   16.8538
    0.0000   37.5000    7.5000 2840.7229   16.4793
    7.5000   37.5000    7.5000 2846.2122   17.1149
   -7.5000   45.0000    7.5000 2849.5759   17.5320
    0.0000   45.0000    7.5000 2833.1228   17.1349
    7.5000   45.0000    7.5000 2838.2883   17.7743
   -7.5000   52.5000    7.5000 2774.9495   18.4042
    0.0000   52.5000    7.5000 2762.7258   18.0366
    7.5000   52.5000    7.5000 2767.8005   18.6280
   -7.5000   60.0000    7.5000 2637.1953   19.3283
    0.0000   60.0000    7.5000 2623.3652   18.9672
    7.5000   60.0000    7.5000 2626.0618   19.5226
   -7.5000  -30.0000   15.0000 2097.4075   31.9804
    0.0000  -30.0000   15.0000 2102.8357   31.5133
    7.5000  -30.0000   15.0000 2106.3154   32.1914
   -7.5000  -22.5000   15.0000 2245.8032   27.7353
    0.0000  -22.5000   15.0000 2259.5903   27.3709
    7.5000  -22.5000   15.0000 2258.3921   27.8752
   -7.5000  -15.0000   15.0000 2365.2898   24.5574
    0.0000  -15.0000   15.0000 2380.0481   24.2700
    7.5000  -15.0000   15.0000 2382.3499   24.7523
   -7.5000   -7.5000   15.0000 2476.7639   22.1623
    0.0000   -7.5000   15.0000 2493.0757   21.8880
    7.5000   -7.5000   15.0000 2492.4395   22.3459
   -7.5000    0.0000   15.0000 2582.0164   20.2506
    0.0000    0.0000   15.0000 2594.3767   19.9959
    7.5000    0.0000   15.0000 2591.9780   20.4389
   -7.5000    7.5000   15.0000 2693.8555   18.7802
    0.0000    7.5000   15.0000 2700.4143   18.5062
    7.5000    7.5000   15.0000 2693.3992   18.9410
   -7.5000   15.0000   15.0000 2799.5562   17.8843
    0.0000   15.0000   15.0000 2795.8557   17.5617
    7.5000   15.0000   15.0000 2794.2136   18.0112
   -7.5000   22.5000   15.0000 2898.0793   17.5643
    0.0000   22.5000   15.0000 2891.5710   17.2234
    7.5000   22.5000   15.0000 2877.1833   17.4731
   -7.5000   30.0000   15.0000 2921.7012   17.1500
    0.0000   30.0000   15.0000 2926.4299   16.8901
    7.5000   30.0000   15.0000 2894.9675   17.1596
   -7.5000   37.5000   15.0000 2907.8242   17.0539
    0.0000   37.5000   15.0000 2907.6621   16.7998
    7.5000   37.5000   15.0000 2889.8210   17.2765
   -7.5000   45.0000   15.0000 2866.1047   17.4568
    0.0000   45.0000   15.0000 2866.9126   17.2285
    7.5000   45.0000   15.0000 2852.5330   17.7019
   -7.5000   52.5000   15.0000 2781.7471   18.2372
    0.0000   52.5000   15.0000 2795.3499   18.0815
    7.5000   52.5000   15.0000 2778.7942   18.4742
   -7.5000   60.0000   15.0000 2642.1121   19.1977
    0.0000   60.0000   15.0000 2652.9116   19.0750
    7.5000   60.0000   15.0000 2633.5400   19.3830
   -7.5000  -30.0000   22.5000 2085.7996   32.6012
    0.0000  -30.0000   22.5000 2102.9033   32.4202
    7.5000  -30.0000   22.5000 2090.8940   32.8802
   -7.5000  -22.5000   22.5000 2237.3906   28.1487
    0.0000  -22.5000   22.5000 2251.6682   27.8585
    7.5000  -22.5000   22.5000 2249.0920   28.4279
   -7.5000  -15.0000   22.5000 2358.7395   24.8513
    0.0000  -15.0000   22.5000 2368.4236   24.5156
    7.5000  -15.0000   22.5000 2380.0288   25.1932
   -7.5000   -7.5000   22.5000 2480.5151   22.4473
    0.0000   -7.5000   22.5000 2480.3352   22.0636
    7.5000   -7.5000   22.5000 2495.8489   22.7448
   -7.5000    0.0000   22.5000 2587.4524   20.5449
    0.0000    0.0000   22.5000 2586.3445   20.2643
    7.5000    0.0000   22.5000 2605.5164   20.8913
   -7.5000    7.5000   22.5000 2710.6079   19.0929
    0.0000    7.5000   22.5000 2715.2612   18.9621
    7.5000    7.5000   22.5000 2719.9971   19.4221
   -7.5000   15.0000   22.5000 2838.5007   18.3316
    0.0000   15.0000   22.5000 2854.1536   18.2339
    7.5000   15.0000   22.5000 2827.5869   18.4828
   -7.5000   22.5000   22.5000 2952.2859   17.9978
    0.0000   22.5000   22.5000 2979.5396   18.0049
    7.5000   22.5000   22.5000 2894.5005   17.8483
   -7.5000   30.0000   22.5000 2968.9302   17.6615
    0.0000   30.0000   22.5000 3014.0984   17.7894
    7.5000   30.0000   22.5000 2906.9009   17.5726
   -7.5000   37.5000   22.5000 2934.4377   17.5882
    0.0000   37.5000   22.5000 2972.9812   17.7169
    7.5000   37.5000   22.5000 2891.6980   17.6709
   -7.5000   45.0000   22.5000 2876.5923   17.8631
    0.0000   45.0000   22.5000 2909.3721   17.9881
    7.5000   45.0000   22.5000 2848.3955   18.0314
   -7.5000   52.5000   22.5000 2783.8892   18.5146
    0.0000   52.5000   22.5000 2807.0740   18.5468
    7.5000   52.5000   22.5000 2765.7183   18.6935
   -7.5000   60.0000   22.5000 2638.6211   19.3795
    0.0000   60.0000   22.5000 2656.8008   19.2691
    7.5000   60.0000   22.5000 2627.8660   19.4950
   -7.5000  -30.0000   30.0000 2071.9167   33.5585
    0.0000  -30.0000   30.0000 2076.8730   33.3625
    7.5000  -30.0000   30.0000 2079.5269   33.9399
   -7.5000  -22.5000   30.0000 2219.9521   28.7931
    0.0000  -22.5000   30.0000 2231.1499   28.6324
    7.5000  -22.5000   30.0000 2235.6101   29.2000
   -7.5000  -15.0000   30.0000 2348.2324   25.4378
    0.0000  -15.0000   30.0000 2364.3462   25.2940
    7.5000  -15.0000   30.0000 2363.6321   25.8595
   -7.5000   -7.5000   30.0000 2470.2498   23.0523
    0.0000   -7.5000   30.0000 2490.8188   22.9838
    7.5000   -7.5000   30.0000 2480.6533   23.4029
   -7.5000    0.0000   30.0000 2594.9495   21.2067
    0.0000    0.0000   30.0000 2622.3284   21.2569
    7.5000    0.0000   30.0000 2602.0408   21.6433
   -7.5000    7.5000   30.0000 2724.8059   19.7704
    0.0000    7.5000   30.0000 2751.6787   19.8774
    7.5000    7.5000   30.0000 2719.3330   20.1713
   -7.5000   15.0000   30.0000 2842.2563   18.8829
    0.0000   15.0000   30.0000 2863.9937   18.9216
    7.5000   15.0000   30.0000 2816.4453   18.9792
   -7.5000   22.5000   30.0000 2922.7178   18.1660
    0.0000   22.5000   30.0000 2939.7229   18.1946
    7.5000   22.5000   30.0000 2869.9502   18.2029
   -7.5000   30.0000   30.0000 2941.5693   17.9100
    0.0000   30.0000   30.0000 2957.5383   17.9692
    7.5000   30.0000   30.0000 2887.9712   18.0475
   -7.5000   37.5000   30.0000 2927.5400   18.0435
    0.0000   37.5000   30.0000 2937.0723   18.1067
    7.5000   37.5000   30.0000 2882.4082   18.2351
   -7.5000   45.0000   30.0000 2877.3157   18.5603
    0.0000   45.0000   30.0000 2888.7239   18.5663
    7.5000   45.0000   30.0000 2837.2205   18.6631
   -7.5000   52.5000   30.0000 2777.3284   19.2781
    0.0000   52.5000   30.0000 2789.3000   19.2458
    7.5000   52.5000   30.0000 2746.3428   19.3567
   -7.5000   60.0000   30.0000 2630.9321   20.0373
    0.0000   60.0000   30.0000 2636.4495   19.9195
    7.5000   60.0000   30.0000 2604.6926   20.0474
   -7.5000  -30.0000   37.5000 2051.5913   34.7131
    0.0000  -30.0000   37.5000 2066.7363   34.8764
    7.5000  -30.0000   37.5000 2060.7249   35.2470
   -7.5000  -22.5000   37.5000 2212.5610   29.9438
    0.0000  -22.5000   37.5000 2232.3359   30.0030
    7.5000  -22.5000   37.5000 2220.3650   30.3804
   -7.5000  -15.0000   37.5000 2356.8616   26.6524
    0.0000  -15.0000   37.5000 2377.3076   26.6215
    7.5000  -15.0000   37.5000 2351.2427   26.9817
   -7.5000   -7.5000   37.5000 2486.9255   24.1161
    0.0000   -7.5000   37.5000 2506.4912   24.1216
    7.5000   -7.5000   37.5000 2479.4033   24.5030
   -7.5000    0.0000   37.5000 2612.0872   22.1708
    0.0000    0.0000   37.5000 2626.4412   22.1649
    7.5000    0.0000   37.5000 2600.4685   22.6381
   -7.5000    7.5000   37.5000 2732.4543   20.6640
    0.0000    7.5000   37.5000 2742.2944   20.6108
    7.5000    7.5000   37.5000 2714.0325   21.0606
   -7.5000   15.0000   37.5000 2825.8479   19.5021
    0.0000   15.0000   37.5000 2833.6055   19.4859
    7.5000   15.0000   37.5000 2801.9553   19.7529
   -7.5000   22.5000   37.5000 2876.1704   18.6553
    0.0000   22.5000   37.5000 2886.6711   18.5879
    7.5000   22.5000   37.5000 2852.9697   18.9639
   -7.5000   30.0000   37.5000 2903.5884   18.4567
    0.0000   30.0000   37.5000 2911.9656   18.4527
    7.5000   30.0000   37.5000 2870.8582   18.7724
   -7.5000   37.5000   37.5000 2894.4607   18.7377
    0.0000   37.5000   37.5000 2894.8787   18.7129
    7.5000   37.5000   37.5000 2859.3237   18.9884
   -7.5000   45.0000   37.5000 2845.9697   19.3439
    0.0000   45.0000   37.5000 2851.1848   19.2809
    7.5000   45.0000   37.5000 2810.9536   19.5002
   -7.5000   52.5000   37.5000 2747.2612   20.1210
    0.0000   52.5000   37.5000 2751.4832   20.0138
    7.5000   52.5000   37.5000 2721.7332   20.2162
   -7.5000   60.0000   37.5000 2608.6338   20.8804
    0.0000   60.0000   37.5000 2610.7759   20.7411
    7.5000   60.0000   37.5000 2588.1021   20.9349
   -7.5000  -30.0000   45.0000 2031.7411   36.1129
    0.0000  -30.0000   45.0000 2044.6121   36.2255
    7.5000  -30.0000   45.0000 2039.5227   36.7527
   -7.5000  -22.5000   45.0000 2199.8347   31.2918
    0.0000  -22.5000   45.0000 2209.9717   31.2739
    7.5000  -22.5000   45.0000 2199.1848   31.8246
   -7.5000  -15.0000   45.0000 2347.9819   27.8431
    0.0000  -15.0000   45.0000 2355.7158   27.7586
    7.5000  -15.0000   45.0000 2334.6848   28.2673
   -7.5000   -7.5000   45.0000 2477.1616   25.2114
    0.0000   -7.5000   45.0000 2484.2188   25.1169
    7.5000   -7.5000   45.0000 2464.4900   25.6944
   -7.5000    0.0000   45.0000 2597.6455   23.1918
    0.0000    0.0000   45.0000 2602.7693   23.1031
    7.5000    0.0000   45.0000 2581.9426   23.7492
   -7.5000    7.5000   45.0000 2705.3105   21.5663
    0.0000    7.5000   45.0000 2708.3208   21.4976
    7.5000    7.5000   45.0000 2690.7532   22.0544
   -7.5000   15.0000   45.0000 2784.4507   20.2238
    0.0000   15.0000   45.0000 2785.8145   20.1434
    7.5000   15.0000   45.0000 2770.4297   20.7323
   -7.5000   22.5000   45.0000 2837.2898   19.4598
    0.0000   22.5000   45.0000 2842.0623   19.3219
    7.5000   22.5000   45.0000 2818.5161   19.9171
   -7.5000   30.0000   45.0000 2861.9609   19.3394
    0.0000   30.0000   45.0000 2863.8179   19.3188
    7.5000   30.0000   45.0000 2831.8706   19.7477
   -7.5000   37.5000   45.0000 2842.7422   19.6530
    0.0000   37.5000   45.0000 2843.3069   19.5798
    7.5000   37.5000   45.0000 2815.4602   19.9286
   -7.5000   45.0000   45.0000 2790.6274   20.3274
    0.0000   45.0000   45.0000 2795.0393   20.2047
    7.5000   45.0000   45.0000 2769.0120   20.4540
   -7.5000   52.5000   45.0000 2700.3188   21.1012
    0.0000   52.5000   45.0000 2702.7385   20.9503
    7.5000   52.5000   45.0000 2679.9485   21.1879
   -7.5000   60.0000   45.0000 2568.3481   21.8518
    0.0000   60.0000   45.0000 2563.9944   21.6949
    7.5000   60.0000   45.0000 2544.9990   21.9254

---------------------------------------------------------------------
imgreg_4dfp /opt/freesurfer/average/711-2C_as_mni_average_305 /opt/freesurfer/average/711-2B_as_mni_average_305_mask talsrcimg_g11 none talsrcimg_to_711-2C_as_mni_average_305_t4 1283
---------------------------------------------------------------------

freesurfer imgreg_4dfp.c
/opt/freesurfer/average/711-2C_as_mni_average_305.4dfp.img
       256       256       256         1
  1.000000  1.000000  1.000000
orientation T byte_order littleendian
Reading image: /opt/freesurfer/average/711-2C_as_mni_average_305.4dfp.img
dimensions:      256       256       256
mmppix:       1.0000   -1.0000   -1.0000
center:     128.0000 -129.0000 -129.0000
/opt/freesurfer/average/711-2B_as_mni_average_305_mask.4dfp.img
       256       256       256         1
  1.000000  1.000000  1.000000
orientation T byte_order littleendian
Reading mask: /opt/freesurfer/average/711-2B_as_mni_average_305_mask.4dfp.img (2306576 pixels)
talsrcimg_g11.4dfp.img
       256       256       256         1
  1.000000  1.000000  1.000000
orientation T byte_order littleendian
Reading image: talsrcimg_g11.4dfp.img
dimensions:      256       256       256
mmppix:       1.0000   -1.0000   -1.0000
center:     128.0000 -129.0000 -129.0000
rotation matrix determinant  1.000000
fimgreg.f
image alignment mode   1283 decimal      503 hex
parameters
    0.0000   30.0000   22.5000    0.0000    0.0000    0.0000
eta,q 0.94434 17.81266
niter,ni,del,rscale     5    3   12.0000    1.2000
parameter  1  0.513026 ->  0.500000 qaram    1.1500
parameter  5 -0.521475 -> -0.500000 qaram    1.1500
parameters
   -3.4500   29.5367   22.9528    1.7533    3.4500   -1.8691
eta,q 0.95612 17.98181
  0.0595  0.0613  0.0682  0.0603  0.0684  0.0466
  0.0500  0.0540  0.0577  0.0556  0.0613  0.0448
  0.0477  0.0479  0.0505  0.0505  0.0543  0.0439
  0.0563  0.0480  0.0471  0.0472  0.0471  0.0442
  0.0689  0.0533  0.0487  0.0472  0.0442  0.0463
  0.0763  0.0584  0.0546  0.0491  0.0447  0.0497
  0.0842  0.0631  0.0624  0.0511  0.0482  0.0533
niter,ni,del,rscale     6    3   12.0000    1.2000
parameters
   -3.7559   28.2558   22.8973    2.8619    3.4992   -2.0186
eta,q 0.95887 18.02378
  0.0734  0.0538  0.0607  0.0547  0.0601  0.0481
  0.0614  0.0457  0.0497  0.0483  0.0513  0.0446
  0.0470  0.0407  0.0421  0.0426  0.0430  0.0420
  0.0439  0.0433  0.0408  0.0407  0.0411  0.0411
  0.0546  0.0503  0.0447  0.0419  0.0445  0.0420
  0.0665  0.0567  0.0510  0.0439  0.0511  0.0448
  0.0752  0.0625  0.0601  0.0467  0.0590  0.0491
niter,ni,del,rscale     5    3   12.0000    1.2000
parameters
   -3.7995   27.8762   22.9419    3.2540    3.5445   -2.0436
eta,q 0.95892 18.04304
  0.0749  0.0569  0.0609  0.0521  0.0600  0.0484
  0.0614  0.0485  0.0499  0.0453  0.0512  0.0446
  0.0461  0.0423  0.0421  0.0412  0.0430  0.0420
  0.0411  0.0411  0.0407  0.0408  0.0411  0.0411
  0.0513  0.0459  0.0441  0.0426  0.0444  0.0419
  0.0638  0.0528  0.0501  0.0447  0.0509  0.0444
  0.0727  0.0593  0.0592  0.0482  0.0590  0.0488
niter,ni,del,rscale     4    3   12.0000    1.2000
parameters
   -3.8048   27.7242   22.9610    3.3768    3.5653   -2.0458
eta,q 0.95888 18.05042
  0.0754  0.0578  0.0605  0.0511  0.0599  0.0486
  0.0613  0.0492  0.0498  0.0444  0.0510  0.0447
  0.0460  0.0431  0.0422  0.0409  0.0429  0.0420
  0.0411  0.0411  0.0410  0.0410  0.0411  0.0411
  0.0511  0.0448  0.0441  0.0428  0.0445  0.0419
  0.0634  0.0515  0.0501  0.0451  0.0509  0.0444
  0.0724  0.0582  0.0593  0.0489  0.0591  0.0488
niter,ni,del,rscale     3    3   12.0000    1.2000
parameters
   -3.8058   27.6693   22.9686    3.4249    3.5719   -2.0450
eta,q 0.95884 18.05277
  0.0754  0.0582  0.0604  0.0509  0.0598  0.0486
  0.0612  0.0495  0.0497  0.0442  0.0509  0.0447
  0.0459  0.0434  0.0423  0.0409  0.0429  0.0421
  0.0411  0.0411  0.0411  0.0411  0.0412  0.0412
  0.0511  0.0445  0.0441  0.0429  0.0445  0.0419
  0.0634  0.0510  0.0501  0.0453  0.0510  0.0444
  0.0723  0.0578  0.0594  0.0490  0.0591  0.0488
registration optimization eta report
parameter search radius
    6.9000    6.0000    6.0000    6.0000    6.9000    6.0000
100000*second partial in parameter space
       64.       45.       52.       25.       38.       21.
  0.0754  0.0582  0.0604  0.0509  0.0598  0.0486
  0.0612  0.0495  0.0497  0.0442  0.0509  0.0447
  0.0459  0.0434  0.0423  0.0409  0.0429  0.0421
  0.0411  0.0411  0.0411  0.0411  0.0412  0.0412
  0.0511  0.0445  0.0441  0.0429  0.0445  0.0419
  0.0634  0.0510  0.0501  0.0453  0.0510  0.0444
  0.0723  0.0578  0.0594  0.0490  0.0591  0.0488
   -3.8058   27.6693   22.9686    3.4249    3.5719   -2.0450
eta,q 0.95884 18.05277

---------------------------------------------------------------------
imgreg_4dfp /opt/freesurfer/average/711-2C_as_mni_average_305 /opt/freesurfer/average/711-2B_as_mni_average_305_mask talsrcimg_g11 none talsrcimg_to_711-2C_as_mni_average_305_t4 3335
---------------------------------------------------------------------

freesurfer imgreg_4dfp.c
/opt/freesurfer/average/711-2C_as_mni_average_305.4dfp.img
       256       256       256         1
  1.000000  1.000000  1.000000
orientation T byte_order littleendian
Reading image: /opt/freesurfer/average/711-2C_as_mni_average_305.4dfp.img
dimensions:      256       256       256
mmppix:       1.0000   -1.0000   -1.0000
center:     128.0000 -129.0000 -129.0000
/opt/freesurfer/average/711-2B_as_mni_average_305_mask.4dfp.img
       256       256       256         1
  1.000000  1.000000  1.000000
orientation T byte_order littleendian
Reading mask: /opt/freesurfer/average/711-2B_as_mni_average_305_mask.4dfp.img (2306576 pixels)
talsrcimg_g11.4dfp.img
       256       256       256         1
  1.000000  1.000000  1.000000
orientation T byte_order littleendian
Reading image: talsrcimg_g11.4dfp.img
dimensions:      256       256       256
mmppix:       1.0000   -1.0000   -1.0000
center:     128.0000 -129.0000 -129.0000
fimgreg.f
image alignment mode   3335 decimal      D07 hex
parameters
   -3.8058   27.6693   22.9686   -0.2578   -0.2289   -0.3725
    3.1900   -6.4282   -3.5614   -5.7483    6.2301    5.9625
eta,q 0.95654 17.98022
niter,ni,del,rscale     5    3    5.0000    1.2000
parameter  4  0.797084 ->  0.500000 qaram    1.1500
parameter  5 10.783687 ->  0.500000 qaram    1.1500
parameter 12  0.913379 ->  0.500000 qaram    1.1500
parameters
   -3.8143   28.1550   22.8667   -4.3978   -4.3689   -2.5897
    2.9901   -6.2732   -2.6993   -7.0562    6.0405    1.8225
eta,q 0.96867 17.84380
  0.0493  0.0458  0.0465  0.0385  0.0283  0.0339  0.0356  0.0398  0.0354  0.0348  0.0334  0.0312
  0.0460  0.0446  0.0447  0.0383  0.0309  0.0331  0.0337  0.0352  0.0339  0.0333  0.0327  0.0313
  0.0440  0.0439  0.0436  0.0395  0.0346  0.0323  0.0326  0.0329  0.0328  0.0324  0.0324  0.0316
  0.0435  0.0435  0.0433  0.0433  0.0385  0.0318  0.0323  0.0323  0.0323  0.0322  0.0322  0.0322
  0.0443  0.0434  0.0439  0.0497  0.0418  0.0326  0.0327  0.0328  0.0323  0.0331  0.0323  0.0331
  0.0463  0.0436  0.0451  0.0575  0.0456  0.0386  0.0340  0.0348  0.0330  0.0351  0.0327  0.0342
  0.0492  0.0445  0.0471  0.0663  0.0493  0.0488  0.0360  0.0391  0.0342  0.0381  0.0337  0.0357
niter,ni,del,rscale     7    3    5.0000    1.2000
parameter  2  0.606332 ->  0.500000 qaram    1.1500
parameter  3  1.102081 ->  0.500000 qaram    1.1500
parameter  5  0.691734 ->  0.500000 qaram    1.3225
parameters
   -3.5085   26.7750   21.4867   -6.0974   -9.1299   -0.8577
    3.1154   -6.2496   -2.2847   -8.1393    6.2894    1.0260
eta,q 0.97391 17.67985
  0.0357  0.0308  0.0284  0.0329  0.0278  0.0303  0.0293  0.0340  0.0283  0.0282  0.0277  0.0271
  0.0336  0.0301  0.0286  0.0310  0.0271  0.0291  0.0276  0.0289  0.0272  0.0268  0.0269  0.0265
  0.0321  0.0303  0.0292  0.0295  0.0271  0.0280  0.0265  0.0267  0.0264  0.0262  0.0263  0.0262
  0.0313  0.0312  0.0301  0.0288  0.0291  0.0270  0.0261  0.0261  0.0261  0.0261  0.0261  0.0261
  0.0313  0.0328  0.0313  0.0298  0.0335  0.0258  0.0265  0.0267  0.0263  0.0267  0.0261  0.0262
  0.0322  0.0348  0.0329  0.0343  0.0383  0.0255  0.0275  0.0291  0.0268  0.0279  0.0265  0.0268
  0.0341  0.0371  0.0346  0.0413  0.0423  0.0290  0.0291  0.0337  0.0279  0.0301  0.0276  0.0278
niter,ni,del,rscale     7    3    5.0000    1.2000
parameters
   -3.4433   27.7419   20.7568   -6.0249  -11.1035   -1.6972
    3.1163   -6.2621   -2.4628   -7.4763    7.2562   -0.8761
eta,q 0.97396 17.48553
  0.0297  0.0319  0.0264  0.0317  0.0295  0.0288  0.0287  0.0327  0.0278  0.0288  0.0277  0.0267
  0.0277  0.0293  0.0256  0.0293  0.0277  0.0277  0.0273  0.0283  0.0269  0.0273  0.0270  0.0262
  0.0266  0.0274  0.0253  0.0272  0.0262  0.0269  0.0265  0.0266  0.0264  0.0265  0.0265  0.0260
  0.0261  0.0261  0.0255  0.0254  0.0253  0.0257  0.0262  0.0262  0.0262  0.0262  0.0262  0.0261
  0.0264  0.0255  0.0260  0.0246  0.0267  0.0251  0.0265  0.0266  0.0264  0.0263  0.0261  0.0264
  0.0275  0.0259  0.0269  0.0271  0.0315  0.0272  0.0273  0.0285  0.0270  0.0269  0.0264  0.0269
  0.0294  0.0272  0.0283  0.0336  0.0366  0.0341  0.0287  0.0326  0.0280  0.0279  0.0272  0.0277
niter,ni,del,rscale     6    3    5.0000    1.2000
parameters
   -3.3623   28.3442   20.8439   -5.4612  -11.8581   -1.5982
    3.3383   -6.5000   -2.7455   -6.6623    7.2209   -1.7150
eta,q 0.97423 17.47074
  0.0294  0.0302  0.0276  0.0317  0.0306  0.0290  0.0284  0.0321  0.0273  0.0283  0.0271  0.0267
  0.0276  0.0282  0.0266  0.0295  0.0285  0.0279  0.0270  0.0277  0.0265  0.0269  0.0265  0.0261
  0.0265  0.0268  0.0261  0.0276  0.0269  0.0269  0.0261  0.0261  0.0260  0.0261  0.0260  0.0258
  0.0260  0.0260  0.0259  0.0259  0.0256  0.0258  0.0258  0.0258  0.0258  0.0258  0.0258  0.0258
  0.0263  0.0259  0.0260  0.0249  0.0255  0.0249  0.0260  0.0263  0.0260  0.0259  0.0258  0.0260
  0.0273  0.0264  0.0265  0.0266  0.0289  0.0261  0.0268  0.0285  0.0266  0.0264  0.0263  0.0264
  0.0290  0.0277  0.0274  0.0319  0.0341  0.0305  0.0281  0.0329  0.0275  0.0273  0.0274  0.0271
niter,ni,del,rscale     5    3    5.0000    1.2000
parameters
   -3.4056   28.5963   20.8144   -5.5279  -12.0973   -1.5108
    3.5169   -6.5057   -2.9292   -6.1716    7.2711   -2.1083
eta,q 0.97418 17.45711
  0.0288  0.0290  0.0274  0.0312  0.0308  0.0290  0.0283  0.0325  0.0273  0.0280  0.0272  0.0269
  0.0271  0.0273  0.0264  0.0292  0.0288  0.0279  0.0269  0.0280  0.0265  0.0267  0.0265  0.0262
  0.0261  0.0263  0.0259  0.0273  0.0271  0.0269  0.0261  0.0262  0.0260  0.0260  0.0261  0.0259
  0.0258  0.0258  0.0257  0.0257  0.0258  0.0259  0.0258  0.0258  0.0258  0.0258  0.0258  0.0258
  0.0261  0.0259  0.0260  0.0251  0.0253  0.0248  0.0260  0.0263  0.0260  0.0260  0.0259  0.0260
  0.0272  0.0266  0.0265  0.0276  0.0278  0.0261  0.0268  0.0282  0.0266  0.0265  0.0263  0.0264
  0.0291  0.0280  0.0275  0.0334  0.0331  0.0306  0.0280  0.0324  0.0274  0.0273  0.0273  0.0270
niter,ni,del,rscale     4    3    5.0000    1.2000
parameters
   -3.4051   28.7311   20.7795   -5.5902  -12.1916   -1.5326
    3.5924   -6.5082   -3.0819   -5.8768    7.3709   -2.3180
eta,q 0.97412 17.44713
  0.0290  0.0287  0.0275  0.0312  0.0309  0.0290  0.0282  0.0325  0.0273  0.0279  0.0272  0.0270
  0.0272  0.0271  0.0265  0.0292  0.0288  0.0279  0.0269  0.0280  0.0265  0.0267  0.0266  0.0263
  0.0262  0.0262  0.0259  0.0274  0.0272  0.0269  0.0262  0.0263  0.0260  0.0260  0.0261  0.0259
  0.0258  0.0258  0.0258  0.0258  0.0258  0.0259  0.0259  0.0259  0.0259  0.0259  0.0259  0.0259
  0.0261  0.0260  0.0260  0.0251  0.0253  0.0249  0.0261  0.0263  0.0261  0.0261  0.0259  0.0261
  0.0272  0.0268  0.0266  0.0276  0.0275  0.0263  0.0269  0.0282  0.0266  0.0266  0.0263  0.0264
  0.0290  0.0282  0.0275  0.0334  0.0327  0.0309  0.0281  0.0323  0.0274  0.0274  0.0273  0.0270
niter,ni,del,rscale     3    3    5.0000    1.2000
parameters
   -3.4049   28.8149   20.7460   -5.6170  -12.2562   -1.5563
    3.6432   -6.5315   -3.1939   -5.6814    7.4509   -2.4496
eta,q 0.97407 17.44062
  0.0290  0.0286  0.0276  0.0313  0.0308  0.0291  0.0282  0.0324  0.0273  0.0278  0.0273  0.0270
  0.0272  0.0271  0.0265  0.0293  0.0288  0.0279  0.0269  0.0280  0.0265  0.0266  0.0266  0.0264
  0.0262  0.0262  0.0260  0.0274  0.0272  0.0270  0.0262  0.0263  0.0261  0.0260  0.0262  0.0260
  0.0259  0.0259  0.0259  0.0259  0.0259  0.0259  0.0259  0.0259  0.0259  0.0259  0.0259  0.0259
  0.0262  0.0261  0.0261  0.0252  0.0253  0.0249  0.0262  0.0264  0.0261  0.0261  0.0260  0.0261
  0.0272  0.0269  0.0267  0.0275  0.0274  0.0263  0.0269  0.0283  0.0266  0.0267  0.0264  0.0265
  0.0290  0.0283  0.0276  0.0333  0.0326  0.0309  0.0281  0.0324  0.0274  0.0274  0.0274  0.0270
niter,ni,del,rscale     2    3    5.0000    1.2000
parameters
   -3.4073   28.8746   20.7233   -5.6323  -12.3082   -1.5739
    3.6810   -6.5473   -3.2747   -5.5449    7.5042   -2.5423
eta,q 0.97404 17.43567
  0.0290  0.0286  0.0276  0.0313  0.0308  0.0291  0.0282  0.0325  0.0273  0.0278  0.0273  0.0271
  0.0273  0.0271  0.0266  0.0293  0.0288  0.0280  0.0270  0.0280  0.0266  0.0266  0.0266  0.0264
  0.0263  0.0262  0.0261  0.0275  0.0272  0.0270  0.0262  0.0264  0.0261  0.0261  0.0262  0.0260
  0.0259  0.0259  0.0259  0.0259  0.0259  0.0260  0.0260  0.0260  0.0260  0.0260  0.0260  0.0260
  0.0262  0.0262  0.0261  0.0252  0.0254  0.0250  0.0262  0.0264  0.0261  0.0262  0.0260  0.0262
  0.0273  0.0270  0.0267  0.0275  0.0274  0.0264  0.0270  0.0283  0.0266  0.0267  0.0264  0.0265
  0.0290  0.0283  0.0276  0.0333  0.0326  0.0309  0.0281  0.0324  0.0274  0.0275  0.0274  0.0270
niter,ni,del,rscale     1    3    5.0000    1.2000
parameters
   -3.4101   28.9209   20.7059   -5.6430  -12.3526   -1.5899
    3.7114   -6.5624   -3.3304   -5.4318    7.5483   -2.6138
eta,q 0.97401 17.43161
  0.0290  0.0285  0.0277  0.0313  0.0308  0.0291  0.0282  0.0325  0.0274  0.0277  0.0273  0.0271
  0.0273  0.0271  0.0266  0.0293  0.0288  0.0280  0.0270  0.0281  0.0266  0.0266  0.0267  0.0264
  0.0263  0.0263  0.0261  0.0275  0.0272  0.0270  0.0262  0.0264  0.0261  0.0261  0.0262  0.0261
  0.0260  0.0260  0.0260  0.0260  0.0260  0.0260  0.0260  0.0260  0.0260  0.0260  0.0260  0.0260
  0.0263  0.0262  0.0262  0.0252  0.0254  0.0250  0.0262  0.0264  0.0262  0.0262  0.0260  0.0262
  0.0273  0.0270  0.0267  0.0276  0.0274  0.0264  0.0270  0.0283  0.0266  0.0267  0.0264  0.0265
  0.0290  0.0283  0.0277  0.0333  0.0326  0.0309  0.0282  0.0324  0.0274  0.0275  0.0275  0.0271
registration optimization eta report
parameter search radius
    2.4000    2.7600    2.7600    8.2800    9.5220    7.2000
    7.2000    7.2000    7.2000    7.2000    7.2000    8.2800
100000*second partial in parameter space
       53.       32.       23.       10.        7.        8.
        4.       13.        3.        3.        3.        2.
  0.0290  0.0285  0.0277  0.0313  0.0308  0.0291  0.0282  0.0325  0.0274  0.0277  0.0273  0.0271
  0.0273  0.0271  0.0266  0.0293  0.0288  0.0280  0.0270  0.0281  0.0266  0.0266  0.0267  0.0264
  0.0263  0.0263  0.0261  0.0275  0.0272  0.0270  0.0262  0.0264  0.0261  0.0261  0.0262  0.0261
  0.0260  0.0260  0.0260  0.0260  0.0260  0.0260  0.0260  0.0260  0.0260  0.0260  0.0260  0.0260
  0.0263  0.0262  0.0262  0.0252  0.0254  0.0250  0.0262  0.0264  0.0262  0.0262  0.0260  0.0262
  0.0273  0.0270  0.0267  0.0276  0.0274  0.0264  0.0270  0.0283  0.0266  0.0267  0.0264  0.0265
  0.0290  0.0283  0.0277  0.0333  0.0326  0.0309  0.0282  0.0324  0.0274  0.0275  0.0275  0.0271
   -3.4101   28.9209   20.7059   -5.6430  -12.3526   -1.5899
    3.7114   -6.5624   -3.3304   -5.4318    7.5483   -2.6138
eta,q 0.97401 17.43161

---------------------------------------------------------------------
imgreg_4dfp /opt/freesurfer/average/711-2C_as_mni_average_305 /opt/freesurfer/average/711-2B_as_mni_average_305_mask talsrcimg_g11 none talsrcimg_to_711-2C_as_mni_average_305_t4 2311
---------------------------------------------------------------------

freesurfer imgreg_4dfp.c
/opt/freesurfer/average/711-2C_as_mni_average_305.4dfp.img
       256       256       256         1
  1.000000  1.000000  1.000000
orientation T byte_order littleendian
Reading image: /opt/freesurfer/average/711-2C_as_mni_average_305.4dfp.img
dimensions:      256       256       256
mmppix:       1.0000   -1.0000   -1.0000
center:     128.0000 -129.0000 -129.0000
/opt/freesurfer/average/711-2B_as_mni_average_305_mask.4dfp.img
       256       256       256         1
  1.000000  1.000000  1.000000
orientation T byte_order littleendian
Reading mask: /opt/freesurfer/average/711-2B_as_mni_average_305_mask.4dfp.img (2306576 pixels)
talsrcimg_g11.4dfp.img
       256       256       256         1
  1.000000  1.000000  1.000000
orientation T byte_order littleendian
Reading image: talsrcimg_g11.4dfp.img
dimensions:      256       256       256
mmppix:       1.0000   -1.0000   -1.0000
center:     128.0000 -129.0000 -129.0000
fimgreg.f
image alignment mode   2311 decimal      907 hex
parameters
   -3.4101   28.9209   20.7059   -5.6430  -12.3526   -1.5899
    3.7114   -6.5624   -3.3304   -5.4318    7.5483   -2.6138
eta,q 0.97401 17.43161
niter,ni,del,rscale     5    3    5.0000    0.8000
parameter  5 -0.513201 -> -0.500000 qaram    1.1500
parameters
   -3.4037   28.9298   20.6452   -3.7314   -9.5926   -1.1555
    3.7731   -6.5624   -2.8435   -5.8884    6.9151   -3.3563
eta,q 0.97550 17.70466
  0.0273  0.0268  0.0265  0.0288  0.0274  0.0270  0.0262  0.0294  0.0258  0.0257  0.0254  0.0250
  0.0266  0.0264  0.0262  0.0278  0.0266  0.0262  0.0253  0.0265  0.0252  0.0249  0.0249  0.0247
  0.0261  0.0261  0.0260  0.0269  0.0259  0.0255  0.0248  0.0250  0.0248  0.0245  0.0246  0.0245
  0.0260  0.0260  0.0260  0.0260  0.0253  0.0248  0.0246  0.0246  0.0246  0.0246  0.0245  0.0245
  0.0261  0.0261  0.0261  0.0254  0.0249  0.0242  0.0247  0.0251  0.0246  0.0248  0.0248  0.0247
  0.0266  0.0264  0.0263  0.0254  0.0248  0.0248  0.0252  0.0266  0.0249  0.0253  0.0253  0.0249
  0.0273  0.0268  0.0266  0.0266  0.0254  0.0271  0.0261  0.0292  0.0254  0.0260  0.0261  0.0253
niter,ni,del,rscale     5    3    5.0000    0.8000
parameters
   -3.4324   28.6141   20.5870   -4.4778  -10.4976   -0.6612
    3.7343   -6.5462   -2.5250   -6.2963    6.6652   -2.7094
eta,q 0.97552 17.64508
  0.0265  0.0253  0.0252  0.0268  0.0265  0.0270  0.0258  0.0289  0.0255  0.0255  0.0255  0.0252
  0.0254  0.0248  0.0248  0.0258  0.0257  0.0263  0.0251  0.0262  0.0250  0.0248  0.0249  0.0248
  0.0247  0.0245  0.0245  0.0249  0.0250  0.0255  0.0247  0.0248  0.0247  0.0245  0.0246  0.0246
  0.0245  0.0245  0.0245  0.0245  0.0246  0.0248  0.0245  0.0245  0.0245  0.0245  0.0245  0.0245
  0.0247  0.0248  0.0246  0.0249  0.0249  0.0242  0.0247  0.0250  0.0246  0.0248  0.0246  0.0245
  0.0255  0.0254  0.0249  0.0267  0.0266  0.0248  0.0251  0.0263  0.0248  0.0252  0.0250  0.0246
  0.0267  0.0264  0.0253  0.0300  0.0295  0.0270  0.0259  0.0287  0.0253  0.0258  0.0257  0.0249
niter,ni,del,rscale     4    3    5.0000    0.7000
parameters
   -3.3691   28.6301   20.6485   -4.4128  -10.4556   -0.3978
    3.6736   -6.4856   -2.3490   -6.4573    6.5556   -2.6936
eta,q 0.97567 17.65761
  0.0260  0.0253  0.0252  0.0268  0.0264  0.0264  0.0254  0.0280  0.0251  0.0252  0.0252  0.0248
  0.0252  0.0249  0.0248  0.0259  0.0256  0.0258  0.0248  0.0258  0.0247  0.0246  0.0247  0.0245
  0.0247  0.0246  0.0245  0.0251  0.0250  0.0251  0.0245  0.0246  0.0244  0.0244  0.0244  0.0244
  0.0245  0.0245  0.0245  0.0245  0.0245  0.0245  0.0243  0.0243  0.0243  0.0243  0.0243  0.0243
  0.0246  0.0246  0.0246  0.0244  0.0244  0.0241  0.0245  0.0247  0.0244  0.0245  0.0244  0.0244
  0.0250  0.0248  0.0247  0.0252  0.0251  0.0248  0.0248  0.0258  0.0246  0.0248  0.0248  0.0245
  0.0258  0.0253  0.0250  0.0273  0.0269  0.0266  0.0254  0.0276  0.0250  0.0252  0.0253  0.0247
niter,ni,del,rscale     3    3    5.0000    0.6000
parameters
   -3.3544   28.5987   20.6949   -4.2718  -10.2416   -0.1776
    3.6202   -6.4871   -2.2227   -6.5584    6.4622   -2.6289
eta,q 0.97584 17.68307
  0.0254  0.0249  0.0249  0.0262  0.0259  0.0260  0.0250  0.0269  0.0247  0.0249  0.0249  0.0245
  0.0248  0.0246  0.0246  0.0255  0.0252  0.0254  0.0245  0.0253  0.0244  0.0244  0.0245  0.0243
  0.0245  0.0244  0.0244  0.0248  0.0247  0.0248  0.0243  0.0244  0.0242  0.0242  0.0242  0.0242
  0.0243  0.0243  0.0243  0.0243  0.0243  0.0243  0.0242  0.0242  0.0242  0.0242  0.0242  0.0242
  0.0244  0.0244  0.0244  0.0242  0.0242  0.0240  0.0243  0.0245  0.0242  0.0243  0.0243  0.0242
  0.0248  0.0246  0.0245  0.0248  0.0247  0.0246  0.0245  0.0254  0.0244  0.0245  0.0245  0.0243
  0.0254  0.0250  0.0248  0.0263  0.0259  0.0261  0.0250  0.0268  0.0247  0.0249  0.0249  0.0245
niter,ni,del,rscale     2    3    5.0000    0.5000
parameters
   -3.3592   28.5491   20.7452   -4.1690  -10.0122    0.0466
    3.5979   -6.5148   -2.1203   -6.6605    6.3901   -2.5501
eta,q 0.97596 17.70684
  0.0250  0.0246  0.0246  0.0256  0.0254  0.0255  0.0246  0.0260  0.0245  0.0246  0.0246  0.0243
  0.0245  0.0243  0.0244  0.0250  0.0249  0.0250  0.0243  0.0248  0.0242  0.0242  0.0243  0.0242
  0.0243  0.0242  0.0242  0.0245  0.0244  0.0245  0.0241  0.0242  0.0241  0.0241  0.0241  0.0241
  0.0242  0.0242  0.0242  0.0242  0.0241  0.0241  0.0240  0.0240  0.0240  0.0240  0.0240  0.0240
  0.0242  0.0242  0.0242  0.0241  0.0241  0.0239  0.0241  0.0243  0.0241  0.0241  0.0241  0.0241
  0.0245  0.0244  0.0243  0.0246  0.0244  0.0244  0.0243  0.0250  0.0242  0.0243  0.0243  0.0241
  0.0250  0.0247  0.0245  0.0257  0.0253  0.0255  0.0247  0.0260  0.0244  0.0246  0.0246  0.0243
niter,ni,del,rscale     1    3    5.0000    0.4000
parameters
   -3.3723   28.4958   20.8045   -4.0956   -9.8303    0.2882
    3.5818   -6.5586   -2.0387   -6.7309    6.3345   -2.4574
eta,q 0.97607 17.72698
  0.0246  0.0243  0.0244  0.0250  0.0249  0.0251  0.0243  0.0253  0.0242  0.0243  0.0243  0.0241
  0.0243  0.0241  0.0242  0.0246  0.0245  0.0247  0.0241  0.0245  0.0241  0.0241  0.0241  0.0240
  0.0241  0.0241  0.0241  0.0242  0.0242  0.0243  0.0240  0.0240  0.0240  0.0240  0.0240  0.0240
  0.0240  0.0240  0.0240  0.0240  0.0240  0.0240  0.0239  0.0239  0.0239  0.0239  0.0239  0.0239
  0.0241  0.0241  0.0241  0.0240  0.0240  0.0239  0.0240  0.0241  0.0240  0.0240  0.0240  0.0239
  0.0243  0.0242  0.0241  0.0243  0.0242  0.0242  0.0241  0.0246  0.0240  0.0241  0.0241  0.0240
  0.0246  0.0244  0.0243  0.0250  0.0248  0.0249  0.0243  0.0253  0.0242  0.0243  0.0243  0.0241
registration optimization eta report
parameter search radius
    0.8000    0.8000    0.8000    2.4000    2.7600    2.4000
    2.4000    2.4000    2.4000    2.4000    2.4000    2.4000
100000*second partial in parameter space
       85.       50.       42.       17.       11.       18.
        7.       24.        5.        6.        7.        3.
  0.0246  0.0243  0.0244  0.0250  0.0249  0.0251  0.0243  0.0253  0.0242  0.0243  0.0243  0.0241
  0.0243  0.0241  0.0242  0.0246  0.0245  0.0247  0.0241  0.0245  0.0241  0.0241  0.0241  0.0240
  0.0241  0.0241  0.0241  0.0242  0.0242  0.0243  0.0240  0.0240  0.0240  0.0240  0.0240  0.0240
  0.0240  0.0240  0.0240  0.0240  0.0240  0.0240  0.0239  0.0239  0.0239  0.0239  0.0239  0.0239
  0.0241  0.0241  0.0241  0.0240  0.0240  0.0239  0.0240  0.0241  0.0240  0.0240  0.0240  0.0239
  0.0243  0.0242  0.0241  0.0243  0.0242  0.0242  0.0241  0.0246  0.0240  0.0241  0.0241  0.0240
  0.0246  0.0244  0.0243  0.0250  0.0248  0.0249  0.0243  0.0253  0.0242  0.0243  0.0243  0.0241
   -3.3723   28.4958   20.8045   -4.0956   -9.8303    0.2882
    3.5818   -6.5586   -2.0387   -6.7309    6.3345   -2.4574
eta,q 0.97607 17.72698

---------------------------------------------------------------------
imgreg_4dfp /opt/freesurfer/average/711-2C_as_mni_average_305 /opt/freesurfer/average/711-2B_as_mni_average_305_mask talsrcimg_g11 none talsrcimg_to_711-2C_as_mni_average_305_t4 2311
---------------------------------------------------------------------

freesurfer imgreg_4dfp.c
/opt/freesurfer/average/711-2C_as_mni_average_305.4dfp.img
       256       256       256         1
  1.000000  1.000000  1.000000
orientation T byte_order littleendian
Reading image: /opt/freesurfer/average/711-2C_as_mni_average_305.4dfp.img
dimensions:      256       256       256
mmppix:       1.0000   -1.0000   -1.0000
center:     128.0000 -129.0000 -129.0000
/opt/freesurfer/average/711-2B_as_mni_average_305_mask.4dfp.img
       256       256       256         1
  1.000000  1.000000  1.000000
orientation T byte_order littleendian
Reading mask: /opt/freesurfer/average/711-2B_as_mni_average_305_mask.4dfp.img (2306576 pixels)
talsrcimg_g11.4dfp.img
       256       256       256         1
  1.000000  1.000000  1.000000
orientation T byte_order littleendian
Reading image: talsrcimg_g11.4dfp.img
dimensions:      256       256       256
mmppix:       1.0000   -1.0000   -1.0000
center:     128.0000 -129.0000 -129.0000
fimgreg.f
image alignment mode   2311 decimal      907 hex
parameters
   -3.3723   28.4958   20.8045   -4.0956   -9.8303    0.2882
    3.5818   -6.5586   -2.0387   -6.7309    6.3345   -2.4574
eta,q 0.97607 17.72698
niter,ni,del,rscale     5    3    5.0000    0.8000
parameters
   -3.4424   28.3949   20.9845   -4.8208  -10.3621   -0.2132
    3.4819   -6.4975   -2.1628   -6.6386    6.3640   -2.1545
eta,q 0.97560 17.66731
  0.0260  0.0251  0.0255  0.0264  0.0258  0.0264  0.0256  0.0286  0.0252  0.0257  0.0254  0.0250
  0.0249  0.0244  0.0246  0.0253  0.0251  0.0257  0.0249  0.0259  0.0248  0.0249  0.0249  0.0247
  0.0242  0.0241  0.0241  0.0244  0.0245  0.0249  0.0245  0.0247  0.0245  0.0245  0.0245  0.0245
  0.0239  0.0239  0.0239  0.0239  0.0241  0.0242  0.0244  0.0244  0.0244  0.0244  0.0244  0.0244
  0.0242  0.0241  0.0240  0.0243  0.0242  0.0242  0.0245  0.0248  0.0245  0.0246  0.0245  0.0244
  0.0250  0.0246  0.0243  0.0262  0.0253  0.0258  0.0250  0.0260  0.0248  0.0249  0.0248  0.0246
  0.0265  0.0255  0.0248  0.0297  0.0275  0.0289  0.0258  0.0282  0.0253  0.0255  0.0254  0.0248
niter,ni,del,rscale     4    3    5.0000    0.7000
parameters
   -3.3854   28.4450   20.7298   -4.5295  -10.1105   -0.2946
    3.5224   -6.4329   -2.1865   -6.6968    6.4098   -2.3476
eta,q 0.97575 17.68066
  0.0259  0.0253  0.0248  0.0268  0.0259  0.0262  0.0254  0.0279  0.0250  0.0252  0.0252  0.0246
  0.0251  0.0248  0.0245  0.0258  0.0252  0.0256  0.0248  0.0257  0.0246  0.0246  0.0247  0.0244
  0.0246  0.0245  0.0244  0.0250  0.0247  0.0249  0.0244  0.0245  0.0243  0.0243  0.0244  0.0243
  0.0244  0.0244  0.0244  0.0244  0.0243  0.0242  0.0243  0.0243  0.0243  0.0243  0.0243  0.0243
  0.0245  0.0245  0.0246  0.0242  0.0241  0.0240  0.0244  0.0246  0.0243  0.0244  0.0243  0.0243
  0.0249  0.0247  0.0248  0.0248  0.0246  0.0251  0.0247  0.0257  0.0246  0.0247  0.0246  0.0245
  0.0257  0.0252  0.0252  0.0267  0.0259  0.0272  0.0253  0.0275  0.0250  0.0252  0.0252  0.0247
niter,ni,del,rscale     3    3    5.0000    0.6000
parameters
   -3.3515   28.4683   20.7088   -4.3233   -9.9818   -0.1561
    3.5354   -6.4429   -2.1353   -6.6984    6.3872   -2.4252
eta,q 0.97588 17.69799
  0.0254  0.0249  0.0248  0.0262  0.0255  0.0259  0.0250  0.0269  0.0247  0.0249  0.0248  0.0244
  0.0248  0.0246  0.0244  0.0254  0.0249  0.0253  0.0245  0.0252  0.0244  0.0244  0.0244  0.0243
  0.0244  0.0243  0.0243  0.0247  0.0245  0.0247  0.0242  0.0243  0.0242  0.0242  0.0242  0.0242
  0.0243  0.0242  0.0242  0.0242  0.0242  0.0242  0.0241  0.0241  0.0241  0.0241  0.0241  0.0241
  0.0243  0.0243  0.0243  0.0241  0.0241  0.0239  0.0242  0.0245  0.0242  0.0242  0.0242  0.0242
  0.0247  0.0245  0.0245  0.0247  0.0245  0.0246  0.0245  0.0254  0.0244  0.0245  0.0244  0.0243
  0.0253  0.0249  0.0248  0.0261  0.0256  0.0262  0.0250  0.0268  0.0247  0.0248  0.0249  0.0245
niter,ni,del,rscale     2    3    5.0000    0.5000
parameters
   -3.3527   28.4703   20.7410   -4.1997   -9.8291    0.0466
    3.5318   -6.4823   -2.0714   -6.7292    6.3518   -2.4205
eta,q 0.97599 17.71673
  0.0249  0.0246  0.0246  0.0255  0.0251  0.0255  0.0246  0.0260  0.0244  0.0246  0.0245  0.0243
  0.0245  0.0243  0.0243  0.0249  0.0247  0.0250  0.0243  0.0248  0.0242  0.0242  0.0242  0.0241
  0.0242  0.0242  0.0242  0.0244  0.0243  0.0245  0.0241  0.0242  0.0241  0.0240  0.0241  0.0240
  0.0241  0.0241  0.0241  0.0241  0.0241  0.0241  0.0240  0.0240  0.0240  0.0240  0.0240  0.0240
  0.0242  0.0242  0.0242  0.0241  0.0241  0.0239  0.0241  0.0243  0.0240  0.0241  0.0241  0.0240
  0.0245  0.0243  0.0243  0.0245  0.0244  0.0244  0.0243  0.0250  0.0242  0.0243  0.0243  0.0241
  0.0249  0.0246  0.0245  0.0256  0.0250  0.0255  0.0246  0.0260  0.0244  0.0246  0.0246  0.0243
niter,ni,del,rscale     1    3    5.0000    0.4000
parameters
   -3.3650   28.4436   20.7944   -4.1161   -9.6961    0.2803
    3.5438   -6.5361   -2.0185   -6.7621    6.3102   -2.3939
eta,q 0.97608 17.73361
  0.0245  0.0243  0.0243  0.0250  0.0247  0.0251  0.0243  0.0253  0.0242  0.0243  0.0243  0.0241
  0.0242  0.0241  0.0241  0.0246  0.0244  0.0247  0.0241  0.0244  0.0241  0.0241  0.0241  0.0240
  0.0241  0.0240  0.0240  0.0242  0.0241  0.0243  0.0240  0.0240  0.0240  0.0239  0.0240  0.0239
  0.0240  0.0240  0.0240  0.0240  0.0240  0.0240  0.0239  0.0239  0.0239  0.0239  0.0239  0.0239
  0.0241  0.0241  0.0240  0.0240  0.0240  0.0239  0.0240  0.0241  0.0240  0.0240  0.0240  0.0239
  0.0243  0.0242  0.0241  0.0243  0.0242  0.0242  0.0241  0.0246  0.0240  0.0241  0.0241  0.0240
  0.0246  0.0244  0.0242  0.0250  0.0246  0.0249  0.0243  0.0253  0.0242  0.0243  0.0243  0.0241
registration optimization eta report
parameter search radius
    0.8000    0.8000    0.8000    2.4000    2.4000    2.4000
    2.4000    2.4000    2.4000    2.4000    2.4000    2.4000
100000*second partial in parameter space
       86.       51.       44.       17.       11.       18.
        7.       24.        5.        7.        7.        3.
  0.0245  0.0243  0.0243  0.0250  0.0247  0.0251  0.0243  0.0253  0.0242  0.0243  0.0243  0.0241
  0.0242  0.0241  0.0241  0.0246  0.0244  0.0247  0.0241  0.0244  0.0241  0.0241  0.0241  0.0240
  0.0241  0.0240  0.0240  0.0242  0.0241  0.0243  0.0240  0.0240  0.0240  0.0239  0.0240  0.0239
  0.0240  0.0240  0.0240  0.0240  0.0240  0.0240  0.0239  0.0239  0.0239  0.0239  0.0239  0.0239
  0.0241  0.0241  0.0240  0.0240  0.0240  0.0239  0.0240  0.0241  0.0240  0.0240  0.0240  0.0239
  0.0243  0.0242  0.0241  0.0243  0.0242  0.0242  0.0241  0.0246  0.0240  0.0241  0.0241  0.0240
  0.0246  0.0244  0.0242  0.0250  0.0246  0.0249  0.0243  0.0253  0.0242  0.0243  0.0243  0.0241
   -3.3650   28.4436   20.7944   -4.1161   -9.6961    0.2803
    3.5438   -6.5361   -2.0185   -6.7621    6.3102   -2.3939
eta,q 0.97608 17.73361

---------------------------------------------------------------------
compute_vox2vox talsrcimg talsrcimg_to_711-2C_as_mni_average_305_t4 /opt/freesurfer/average/711-2C_as_mni_average_305
---------------------------------------------------------------------

freesurfer compute_vox2vox.c
Reading: talsrcimg.4dfp.ifh
Reading: talsrcimg_to_711-2C_as_mni_average_305_t4
Reading: /opt/freesurfer/average/711-2C_as_mni_average_305.4dfp.ifh
Writing: talsrcimg_to_711-2C_as_mni_average_305_t4_vox2vox.txt

start time Thu Mar 12 12:40:53 CET 2026
end		time Thu Mar 12 12:41:07 CET 2026

mpr2mni305 success

avi2talxfm orig_nu.mgz /opt/freesurfer/average/mni305.cor.mgz talsrcimg_to_711-2C_as_mni_average_305_t4_vox2vox.txt transforms/talairach.auto.xfm
avi2talxfm done
mv -f /out/sourcedata/freesurfer/sub-v1s19x0051298_ses-1/mri/talsrcimg_to_711-2C_as_mni_average_305_t4_vox2vox.txt /out/sourcedata/freesurfer/sub-v1s19x0051298_ses-1/mri/transforms/talsrcimg_to_711-2C_as_mni_average_305_t4_vox2vox.txt
lta_convert --src orig_nu.mgz --trg /opt/freesurfer/average/mni305.cor.mgz --inxfm transforms/talairach.auto.xfm --outlta transforms/talairach.auto.xfm.lta --subject fsaverage
7.3.2

--src: orig_nu.mgz src image (geometry).
--trg: /opt/freesurfer/average/mni305.cor.mgz trg image (geometry).
--inmni: transforms/talairach.auto.xfm input MNI/XFM transform.
--outlta: transforms/talairach.auto.xfm.lta output LTA.
--s: fsaverage subject name
 LTA read, type : 1
 1.03783   0.06501  -0.03900   1.16349;
-0.06487   0.99493   0.02892  -23.73694;
 0.01834   0.07596   1.10867   21.03529;
 0.00000   0.00000   0.00000   1.00000;
setting subject to fsaverage
Writing  LTA to file transforms/talairach.auto.xfm.lta...
lta_convert successful.
 
 
Started at Thu Mar 12 12:40:53 CET 2026
Ended   at Thu Mar 12 12:41:07 CET 2026
talairach_avi done
