status file for recon-all
Thu Mar 12 14:10:23 CET 2026
#@# Tessellate lh Thu Mar 12 14:10:23 CET 2026
#@# Smooth1 lh Thu Mar 12 14:10:26 CET 2026
#@# Inflation1 lh Thu Mar 12 14:10:28 CET 2026
#@# QSphere lh Thu Mar 12 14:10:41 CET 2026
#@# Fix Topology lh Thu Mar 12 14:11:57 CET 2026
#@# Smooth2 lh Thu Mar 12 14:17:15 CET 2026
#@# Inflation2 lh Thu Mar 12 14:17:18 CET 2026
#@# Curv .H and .K lh Thu Mar 12 14:17:33 CET 2026
#@# Sphere lh Thu Mar 12 14:18:18 CET 2026
#@# Surf Reg lh Thu Mar 12 14:20:18 CET 2026
#@# Jacobian white lh Thu Mar 12 14:24:37 CET 2026
#@# AvgCurv lh Thu Mar 12 14:24:38 CET 2026
#@# Cortical Parc lh Thu Mar 12 14:24:38 CET 2026
#@# white curv lh Thu Mar 12 14:30:49 CET 2026
#@# white area lh Thu Mar 12 14:30:51 CET 2026
#@# pial curv lh Thu Mar 12 14:30:52 CET 2026
#@# pial area lh Thu Mar 12 14:30:53 CET 2026
#@# thickness lh Thu Mar 12 14:30:54 CET 2026
#@# area and vertex vol lh Thu Mar 12 14:31:22 CET 2026
#@# Curvature Stats lh Thu Mar 12 14:31:23 CET 2026
#@# Cortical Parc 2 lh Thu Mar 12 14:31:25 CET 2026
#@# Cortical Parc 3 lh Thu Mar 12 14:31:35 CET 2026
#@# WM/GM Contrast lh Thu Mar 12 14:31:46 CET 2026
recon-all -s sub-v1s19x0051300_ses-1 finished without error at Thu Mar 12 14:31:49 CET 2026



#New# invocation of recon-all 



status file for recon-all
Thu Mar 12 14:56:27 CET 2026
#@# white curv lh Thu Mar 12 14:56:28 CET 2026
#@# white area lh Thu Mar 12 14:56:28 CET 2026
#@# pial curv lh Thu Mar 12 14:56:28 CET 2026
#@# pial area lh Thu Mar 12 14:56:28 CET 2026
#@# thickness lh Thu Mar 12 14:56:28 CET 2026
#@# area and vertex vol lh Thu Mar 12 14:56:28 CET 2026
#@# Parcellation Stats lh Thu Mar 12 14:56:28 CET 2026
#@# Parcellation Stats 2 lh Thu Mar 12 14:56:43 CET 2026
#@# Parcellation Stats 3 lh Thu Mar 12 14:56:53 CET 2026
#@# BA_exvivo Labels lh Thu Mar 12 14:57:00 CET 2026
recon-all -s sub-v1s19x0051300_ses-1 finished without error at Thu Mar 12 14:59:21 CET 2026
