status file for recon-all
Thu Mar 12 14:31:53 CET 2026
#@# Tessellate rh Thu Mar 12 14:31:53 CET 2026
#@# Smooth1 rh Thu Mar 12 14:31:55 CET 2026
#@# Inflation1 rh Thu Mar 12 14:31:58 CET 2026
#@# QSphere rh Thu Mar 12 14:32:10 CET 2026
#@# Fix Topology rh Thu Mar 12 14:33:20 CET 2026
#@# Smooth2 rh Thu Mar 12 14:37:39 CET 2026
#@# Inflation2 rh Thu Mar 12 14:37:41 CET 2026
#@# Curv .H and .K rh Thu Mar 12 14:37:54 CET 2026
#@# Sphere rh Thu Mar 12 14:38:32 CET 2026
#@# Surf Reg rh Thu Mar 12 14:40:43 CET 2026
#@# Jacobian white rh Thu Mar 12 14:46:02 CET 2026
#@# AvgCurv rh Thu Mar 12 14:46:03 CET 2026
#@# Cortical Parc rh Thu Mar 12 14:46:04 CET 2026
#@# white curv rh Thu Mar 12 14:51:55 CET 2026
#@# white area rh Thu Mar 12 14:51:56 CET 2026
#@# pial curv rh Thu Mar 12 14:51:57 CET 2026
#@# pial area rh Thu Mar 12 14:51:58 CET 2026
#@# thickness rh Thu Mar 12 14:51:59 CET 2026
#@# area and vertex vol rh Thu Mar 12 14:52:18 CET 2026
#@# Curvature Stats rh Thu Mar 12 14:52:19 CET 2026
#@# Cortical Parc 2 rh Thu Mar 12 14:52:21 CET 2026
#@# Cortical Parc 3 rh Thu Mar 12 14:52:33 CET 2026
#@# WM/GM Contrast rh Thu Mar 12 14:52:40 CET 2026
recon-all -s sub-v1s19x0051300_ses-1 finished without error at Thu Mar 12 14:52:43 CET 2026



#New# invocation of recon-all 



status file for recon-all
Thu Mar 12 14:59:23 CET 2026
#@# white curv rh Thu Mar 12 14:59:23 CET 2026
#@# white area rh Thu Mar 12 14:59:24 CET 2026
#@# pial curv rh Thu Mar 12 14:59:24 CET 2026
#@# pial area rh Thu Mar 12 14:59:24 CET 2026
#@# thickness rh Thu Mar 12 14:59:24 CET 2026
#@# area and vertex vol rh Thu Mar 12 14:59:24 CET 2026
#@# Parcellation Stats rh Thu Mar 12 14:59:24 CET 2026
#@# Parcellation Stats 2 rh Thu Mar 12 14:59:39 CET 2026
#@# Parcellation Stats 3 rh Thu Mar 12 14:59:47 CET 2026
#@# BA_exvivo Labels rh Thu Mar 12 14:59:55 CET 2026
recon-all -s sub-v1s19x0051300_ses-1 finished without error at Thu Mar 12 15:02:14 CET 2026
