status file for recon-all
Thu Mar 12 14:57:25 CET 2026
#@# Tessellate lh Thu Mar 12 14:57:25 CET 2026
#@# Smooth1 lh Thu Mar 12 14:57:28 CET 2026
#@# Inflation1 lh Thu Mar 12 14:57:29 CET 2026
#@# QSphere lh Thu Mar 12 14:57:41 CET 2026
#@# Fix Topology lh Thu Mar 12 14:58:39 CET 2026
#@# Smooth2 lh Thu Mar 12 15:02:56 CET 2026
#@# Inflation2 lh Thu Mar 12 15:02:58 CET 2026
#@# Curv .H and .K lh Thu Mar 12 15:03:10 CET 2026
#@# Sphere lh Thu Mar 12 15:03:45 CET 2026
#@# Surf Reg lh Thu Mar 12 15:06:16 CET 2026
#@# Jacobian white lh Thu Mar 12 15:09:05 CET 2026
#@# AvgCurv lh Thu Mar 12 15:09:06 CET 2026
#@# Cortical Parc lh Thu Mar 12 15:09:07 CET 2026
#@# white curv lh Thu Mar 12 15:15:16 CET 2026
#@# white area lh Thu Mar 12 15:15:18 CET 2026
#@# pial curv lh Thu Mar 12 15:15:19 CET 2026
#@# pial area lh Thu Mar 12 15:15:20 CET 2026
#@# thickness lh Thu Mar 12 15:15:21 CET 2026
#@# area and vertex vol lh Thu Mar 12 15:15:39 CET 2026
#@# Curvature Stats lh Thu Mar 12 15:15:40 CET 2026
#@# Cortical Parc 2 lh Thu Mar 12 15:15:42 CET 2026
#@# Cortical Parc 3 lh Thu Mar 12 15:15:51 CET 2026
#@# WM/GM Contrast lh Thu Mar 12 15:15:58 CET 2026
recon-all -s sub-v1s19x0051311_ses-1 finished without error at Thu Mar 12 15:16:00 CET 2026



#New# invocation of recon-all 



status file for recon-all
Thu Mar 12 15:38:05 CET 2026
#@# white curv lh Thu Mar 12 15:38:05 CET 2026
#@# white area lh Thu Mar 12 15:38:05 CET 2026
#@# pial curv lh Thu Mar 12 15:38:05 CET 2026
#@# pial area lh Thu Mar 12 15:38:05 CET 2026
#@# thickness lh Thu Mar 12 15:38:05 CET 2026
#@# area and vertex vol lh Thu Mar 12 15:38:05 CET 2026
#@# Parcellation Stats lh Thu Mar 12 15:38:05 CET 2026
#@# Parcellation Stats 2 lh Thu Mar 12 15:38:19 CET 2026
#@# Parcellation Stats 3 lh Thu Mar 12 15:38:26 CET 2026
#@# BA_exvivo Labels lh Thu Mar 12 15:38:32 CET 2026
recon-all -s sub-v1s19x0051311_ses-1 finished without error at Thu Mar 12 15:40:30 CET 2026
