status file for recon-all
Thu Mar 12 13:36:34 CET 2026
#@# MotionCor Thu Mar 12 13:36:35 CET 2026
#@# Talairach Thu Mar 12 13:36:41 CET 2026
#@# Talairach Failure Detection Thu Mar 12 13:39:32 CET 2026
#@# Nu Intensity Correction Thu Mar 12 13:39:32 CET 2026
#@# Intensity Normalization Thu Mar 12 13:42:17 CET 2026
recon-all -s sub-v1s19x0051311_ses-1 finished without error at Thu Mar 12 13:43:13 CET 2026



#New# invocation of recon-all 



status file for recon-all
Thu Mar 12 13:49:19 CET 2026
#@# EM Registration Thu Mar 12 13:49:19 CET 2026
recon-all -s sub-v1s19x0051311_ses-1 finished without error at Thu Mar 12 13:50:50 CET 2026



#New# invocation of recon-all 



status file for recon-all
Thu Mar 12 13:50:52 CET 2026
#@# CA Normalize Thu Mar 12 13:50:53 CET 2026
#@# CA Reg Thu Mar 12 13:51:46 CET 2026
#@# SubCort Seg Thu Mar 12 14:33:52 CET 2026
#@# CC Seg Thu Mar 12 14:53:34 CET 2026
#@# Merge ASeg Thu Mar 12 14:53:55 CET 2026
#@# Intensity Normalization2 Thu Mar 12 14:53:55 CET 2026
#@# Mask BFS Thu Mar 12 14:55:16 CET 2026
#@# WM Segmentation Thu Mar 12 14:55:16 CET 2026
#@# Fill Thu Mar 12 14:56:44 CET 2026
recon-all -s sub-v1s19x0051311_ses-1 finished without error at Thu Mar 12 14:57:21 CET 2026



#New# invocation of recon-all 



status file for recon-all
Thu Mar 12 15:33:17 CET 2026
#@# white curv lh Thu Mar 12 15:33:17 CET 2026
#@# white area lh Thu Mar 12 15:33:17 CET 2026
#@# pial curv lh Thu Mar 12 15:33:17 CET 2026
#@# pial area lh Thu Mar 12 15:33:17 CET 2026
#@# thickness lh Thu Mar 12 15:33:17 CET 2026
#@# area and vertex vol lh Thu Mar 12 15:33:17 CET 2026
#@# white curv rh Thu Mar 12 15:33:17 CET 2026
#@# white area rh Thu Mar 12 15:33:17 CET 2026
#@# pial curv rh Thu Mar 12 15:33:17 CET 2026
#@# pial area rh Thu Mar 12 15:33:17 CET 2026
#@# thickness rh Thu Mar 12 15:33:17 CET 2026
#@# area and vertex vol rh Thu Mar 12 15:33:17 CET 2026
#@# Cortical ribbon mask Thu Mar 12 15:33:17 CET 2026
recon-all -s sub-v1s19x0051311_ses-1 finished without error at Thu Mar 12 15:38:01 CET 2026



#New# invocation of recon-all 



status file for recon-all
Thu Mar 12 15:43:01 CET 2026
#@# white curv lh Thu Mar 12 15:43:01 CET 2026
#@# white area lh Thu Mar 12 15:43:01 CET 2026
#@# pial curv lh Thu Mar 12 15:43:01 CET 2026
#@# pial area lh Thu Mar 12 15:43:01 CET 2026
#@# thickness lh Thu Mar 12 15:43:01 CET 2026
#@# area and vertex vol lh Thu Mar 12 15:43:01 CET 2026
#@# white curv rh Thu Mar 12 15:43:01 CET 2026
#@# white area rh Thu Mar 12 15:43:01 CET 2026
#@# pial curv rh Thu Mar 12 15:43:01 CET 2026
#@# pial area rh Thu Mar 12 15:43:01 CET 2026
#@# thickness rh Thu Mar 12 15:43:01 CET 2026
#@# area and vertex vol rh Thu Mar 12 15:43:01 CET 2026
#@# Curvature Stats lh Thu Mar 12 15:43:01 CET 2026
#@# Curvature Stats rh Thu Mar 12 15:43:03 CET 2026
#@# Relabel Hypointensities Thu Mar 12 15:43:05 CET 2026
#@# APas-to-ASeg Thu Mar 12 15:43:15 CET 2026
#@# AParc-to-ASeg aparc Thu Mar 12 15:43:21 CET 2026
#@# AParc-to-ASeg aparc.a2009s Thu Mar 12 15:43:43 CET 2026
#@# AParc-to-ASeg aparc.DKTatlas Thu Mar 12 15:43:59 CET 2026
#@# WMParc Thu Mar 12 15:44:21 CET 2026
#@# ASeg Stats Thu Mar 12 15:46:03 CET 2026
recon-all -s sub-v1s19x0051311_ses-1 finished without error at Thu Mar 12 15:46:20 CET 2026
