/out/sourcedata/freesurfer/sub-v1s19x0051315_ses-1/mri
/opt/freesurfer/bin/talairach_avi
--i orig_nu.mgz --xfm transforms/talairach.auto.xfm
talairach_avi 7.3.2
Linux dna003 5.14.0-427.37.1.el9_4.x86_64 #1 SMP PREEMPT_DYNAMIC Fri Sep 13 12:41:50 EDT 2024 x86_64 x86_64 x86_64 GNU/Linux
Thu Mar 12 13:59:23 CET 2026
mri_convert orig_nu.mgz talsrcimg.img 
reading from orig_nu.mgz...
TR=0.00, TE=0.00, TI=0.00, flip angle=0.00
i_ras = (-1, 0, 0)
j_ras = (0, 0, -1)
k_ras = (0, 1, 0)
writing to talsrcimg.img...
Analyze Output Matrix
-1.00000   0.00000   0.00000   122.37046;
 0.00000   0.00000   1.00000  -121.34673;
 0.00000  -1.00000   0.00000   139.66365;
 0.00000   0.00000   0.00000   1.00000;
--------------------
INFO: set hdr.hist.orient to -1
mpr2mni305 talsrcimg
Thu Mar 12 13:59:24 CET 2026
/opt/freesurfer/bin/mpr2mni305 talsrcimg
mpr2mni305 7.3.2
target=711-2C_as_mni_average_305

---------------------------------------------------------------------
analyzeto4dfp talsrcimg -O0 -y
---------------------------------------------------------------------

freesurfer ifh2hdr.c
Thu Mar 12 13:59:24 2026
Writing: talsrcimg.4dfp.hdr
freesurfer analyzeto4dfp.c
Reading: talsrcimg.hdr
header size 348 bytes
hdr.dime.datatype	offset=70	value=2
hdr.dime.bitpix		offset=72	value=8
hdr.hist.orient		offset=252	value=-1
dimensionality     4
dimensions       256       256       256         1
Reading: talsrcimg.img
Writing: talsrcimg.4dfp.img
Writing: talsrcimg.4dfp.ifh
ifh2hdr talsrcimg -r0to230
ori=2

---------------------------------------------------------------------
gauss_4dfp talsrcimg 1.1
---------------------------------------------------------------------

freesurfer gauss_4dfp.c
Reading: talsrcimg.4dfp.img
Writing: talsrcimg_g11.4dfp.img
image dimensions 256 256 256 padded to 288 288 288
processing volume 1freesurfer ifh2hdr.c
Thu Mar 12 13:59:26 2026
Writing: talsrcimg_g11.4dfp.hdr

Writing: talsrcimg_g11.4dfp.ifh
including: talsrcimg.4dfp.img.rec in talsrcimg_g11.4dfp.img.rec

---------------------------------------------------------------------
imgreg_4dfp /opt/freesurfer/average/711-2C_as_mni_average_305 none talsrcimg_g11 none talsrcimg_to_711-2C_as_mni_average_305_t4 4355
---------------------------------------------------------------------

freesurfer imgreg_4dfp.c
/opt/freesurfer/average/711-2C_as_mni_average_305.4dfp.img
       256       256       256         1
  1.000000  1.000000  1.000000
orientation T byte_order littleendian
Reading image: /opt/freesurfer/average/711-2C_as_mni_average_305.4dfp.img
dimensions:      256       256       256
mmppix:       1.0000   -1.0000   -1.0000
center:     128.0000 -129.0000 -129.0000
talsrcimg_g11.4dfp.img
       256       256       256         1
  1.000000  1.000000  1.000000
orientation T byte_order littleendian
Reading image: talsrcimg_g11.4dfp.img
dimensions:      256       256       256
mmppix:       1.0000   -1.0000   -1.0000
center:     128.0000 -129.0000 -129.0000
t4_read: open error in t4_sub.f l:  41 t4_file(1:l)talsrcimg_to_711-2C_as_mni_average_305_t4 
t4_read: transform initialized to I4
rotation matrix determinant  1.000000
image alignment mode   4355 decimal     1103 hex
   -7.5000  -45.0000  -45.0000 7663.4873   17.1700
    0.0000  -45.0000  -45.0000 7984.9341   17.1735
    7.5000  -45.0000  -45.0000 7633.6646   17.1734
   -7.5000  -37.5000  -45.0000 8185.9712   17.1040
    0.0000  -37.5000  -45.0000 8534.5869   17.1021
    7.5000  -37.5000  -45.0000 8178.0376   17.0998
   -7.5000  -30.0000  -45.0000 9002.8105   17.0838
    0.0000  -30.0000  -45.0000 9378.3340   17.0791
    7.5000  -30.0000  -45.0000 8986.3242   17.0745
   -7.5000  -22.5000  -45.0000 9729.1914   17.0669
    0.0000  -22.5000  -45.000010162.1104   17.0654
    7.5000  -22.5000  -45.0000 9735.1338   17.0595
   -7.5000  -15.0000  -45.000010401.8486   17.0558
    0.0000  -15.0000  -45.000010875.5381   17.0595
    7.5000  -15.0000  -45.000010400.9707   17.0548
   -7.5000   -7.5000  -45.000011108.7588   17.0625
    0.0000   -7.5000  -45.000011606.6309   17.0682
    7.5000   -7.5000  -45.000011084.3740   17.0667
   -7.5000    0.0000  -45.000011710.5195   17.0793
    0.0000    0.0000  -45.000012243.8965   17.0825
    7.5000    0.0000  -45.000011688.4248   17.0825
   -7.5000    7.5000  -45.000011422.7656   17.0896
    0.0000    7.5000  -45.000011955.0762   17.0875
    7.5000    7.5000  -45.000011416.7051   17.0854
   -7.5000   15.0000  -45.000010919.1504   17.0838
    0.0000   15.0000  -45.000011419.9316   17.0791
    7.5000   15.0000  -45.000010906.7607   17.0745
   -7.5000   22.5000  -45.000010274.7305   17.0645
    0.0000   22.5000  -45.000010725.7900   17.0630
    7.5000   22.5000  -45.000010220.9141   17.0572
   -7.5000   30.0000  -45.0000 9461.2549   16.8285
    0.0000   30.0000  -45.0000 9881.0967   16.8321
    7.5000   30.0000  -45.0000 9394.8809   16.8275
   -7.5000   37.5000  -45.0000 8989.2500   16.8351
    0.0000   37.5000  -45.0000 9399.1562   16.8408
    7.5000   37.5000  -45.0000 8919.2705   16.8393
   -7.5000   45.0000  -45.0000 8251.9961   16.4238
    0.0000   45.0000  -45.0000 8625.5176   16.4269
    7.5000   45.0000  -45.0000 8197.0273   16.4268
   -7.5000  -45.0000  -37.5000 8137.3140   16.9201
    0.0000  -45.0000  -37.5000 8459.8096   16.9240
    7.5000  -45.0000  -37.5000 8071.8589   16.9169
   -7.5000  -37.5000  -37.5000 8706.9180   16.8476
    0.0000  -37.5000  -37.5000 9054.5596   16.8461
    7.5000  -37.5000  -37.5000 8644.5508   16.8350
   -7.5000  -30.0000  -37.5000 9572.3281   16.8353
    0.0000  -30.0000  -37.5000 9953.7285   16.8286
    7.5000  -30.0000  -37.5000 9483.8457   16.8120
   -7.5000  -22.5000  -37.500010355.2979   16.8330
    0.0000  -22.5000  -37.500010782.0010   16.8271
    7.5000  -22.5000  -37.500010263.1611   16.8076
   -7.5000  -15.0000  -37.500011052.8340   16.8296
    0.0000  -15.0000  -37.500011553.9014   16.8287
    7.5000  -15.0000  -37.500010948.3076   16.8115
   -7.5000   -7.5000  -37.500011755.6055   16.8288
    0.0000   -7.5000  -37.500012274.7471   16.8323
    7.5000   -7.5000  -37.500011649.0088   16.8217
   -7.5000    0.0000  -37.500012366.1396   16.8303
    0.0000    0.0000  -37.500012929.8867   16.8339
    7.5000    0.0000  -37.500012288.0371   16.8270
   -7.5000    7.5000  -37.500012067.8691   16.8335
    0.0000    7.5000  -37.500012612.4150   16.8318
    7.5000    7.5000  -37.500011985.0771   16.8211
   -7.5000   15.0000  -37.500011562.4434   16.8353
    0.0000   15.0000  -37.500012060.4365   16.8286
    7.5000   15.0000  -37.500011430.4453   16.8120
   -7.5000   22.5000  -37.500010823.5254   16.8306
    0.0000   22.5000  -37.500011297.9893   16.8248
    7.5000   22.5000  -37.500010681.9141   16.8053
   -7.5000   30.0000  -37.5000 9936.1699   16.6053
    0.0000   30.0000  -37.500010394.2559   16.6044
    7.5000   30.0000  -37.5000 9815.1719   16.5875
   -7.5000   37.5000  -37.5000 9408.5371   16.6045
    0.0000   37.5000  -37.5000 9862.3145   16.6080
    7.5000   37.5000  -37.5000 9298.9316   16.5975
   -7.5000   45.0000  -37.5000 8593.4990   16.1844
    0.0000   45.0000  -37.5000 9004.9658   16.1879
    7.5000   45.0000  -37.5000 8523.6797   16.1811
   -7.5000  -45.0000  -30.0000 8787.7021   17.5151
    0.0000  -45.0000  -30.0000 9121.6611   17.5178
    7.5000  -45.0000  -30.0000 8694.7578   17.5038
   -7.5000  -37.5000  -30.0000 9411.3457   17.4315
    0.0000  -37.5000  -30.0000 9779.6807   17.4306
    7.5000  -37.5000  -30.0000 9307.1885   17.4151
   -7.5000  -30.0000  -30.000010355.1035   17.4127
    0.0000  -30.0000  -30.000010740.1309   17.4032
    7.5000  -30.0000  -30.000010196.2285   17.3826
   -7.5000  -22.5000  -30.000011199.4209   17.4130
    0.0000  -22.5000  -30.000011610.6494   17.3991
    7.5000  -22.5000  -30.000011006.3438   17.3734
   -7.5000  -15.0000  -30.000011949.7412   17.4175
    0.0000  -15.0000  -30.000012423.4092   17.4061
    7.5000  -15.0000  -30.000011749.1016   17.3800
   -7.5000   -7.5000  -30.000012672.6924   17.4227
    0.0000   -7.5000  -30.000013182.1992   17.4192
    7.5000   -7.5000  -30.000012478.1924   17.3996
   -7.5000    0.0000  -30.000013306.1055   17.4225
    0.0000    0.0000  -30.000013874.1758   17.4249
    7.5000    0.0000  -30.000013125.1523   17.4111
   -7.5000    7.5000  -30.000012942.3340   17.4169
    0.0000    7.5000  -30.000013496.7676   17.4159
    7.5000    7.5000  -30.000012735.4395   17.4006
   -7.5000   15.0000  -30.000012385.9756   17.4127
    0.0000   15.0000  -30.000012891.0732   17.4032
    7.5000   15.0000  -30.000012160.3564   17.3826
   -7.5000   22.5000  -30.000011565.9980   17.4088
    0.0000   22.5000  -30.000012068.0918   17.3949
    7.5000   22.5000  -30.000011356.4648   17.3692
   -7.5000   30.0000  -30.000010610.3193   17.1871
    0.0000   30.0000  -30.000011092.4209   17.1757
    7.5000   30.0000  -30.000010420.7090   17.1501
   -7.5000   37.5000  -30.000010035.4912   17.1921
    0.0000   37.5000  -30.000010523.4863   17.1887
    7.5000   37.5000  -30.0000 9879.8799   17.1694
   -7.5000   45.0000  -30.0000 9148.5801   16.7661
    0.0000   45.0000  -30.0000 9606.8613   16.7685
    7.5000   45.0000  -30.0000 9046.5898   16.7551
   -7.5000  -45.0000  -22.5000 9477.3906   18.0931
    0.0000  -45.0000  -22.5000 9838.7480   18.0957
    7.5000  -45.0000  -22.5000 9356.3672   18.0836
   -7.5000  -37.5000  -22.500010138.9688   18.0061
    0.0000  -37.5000  -22.500010518.9951   18.0070
    7.5000  -37.5000  -22.5000 9987.9805   17.9973
   -7.5000  -30.0000  -22.500011134.7168   17.9725
    0.0000  -30.0000  -22.500011557.5273   17.9643
    7.5000  -30.0000  -22.500010939.8418   17.9536
   -7.5000  -22.5000  -22.500012043.3145   17.9601
    0.0000  -22.5000  -22.500012482.8506   17.9443
    7.5000  -22.5000  -22.500011805.1455   17.9287
   -7.5000  -15.0000  -22.500012868.7861   17.9640
    0.0000  -15.0000  -22.500013340.8252   17.9485
    7.5000  -15.0000  -22.500012630.2949   17.9292
   -7.5000   -7.5000  -22.500013642.2275   17.9832
    0.0000   -7.5000  -22.500014151.9414   17.9767
    7.5000   -7.5000  -22.500013377.8994   17.9597
   -7.5000    0.0000  -22.500014317.8896   17.9977
    0.0000    0.0000  -22.500014873.1787   18.0001
    7.5000    0.0000  -22.500014038.7168   17.9881
   -7.5000    7.5000  -22.500013919.7539   17.9911
    0.0000    7.5000  -22.500014435.4209   17.9918
    7.5000    7.5000  -22.500013622.3535   17.9824
   -7.5000   15.0000  -22.500013267.0684   17.9725
    0.0000   15.0000  -22.500013765.1855   17.9643
    7.5000   15.0000  -22.500012950.8535   17.9536
   -7.5000   22.5000  -22.500012367.8623   17.9545
    0.0000   22.5000  -22.500012872.4336   17.9388
    7.5000   22.5000  -22.500012100.6914   17.9232
   -7.5000   30.0000  -22.500011322.2334   17.7290
    0.0000   30.0000  -22.500011853.5215   17.7138
    7.5000   30.0000  -22.500011120.2480   17.6947
   -7.5000   37.5000  -22.500010709.5459   17.7480
    0.0000   37.5000  -22.500011230.6104   17.7415
    7.5000   37.5000  -22.500010542.8740   17.7248
   -7.5000   45.0000  -22.5000 9735.0674   17.3327
    0.0000   45.0000  -22.500010225.4258   17.3350
    7.5000   45.0000  -22.5000 9611.9277   17.3235
   -7.5000  -45.0000  -15.000010172.4287   18.5160
    0.0000  -45.0000  -15.000010573.2432   18.5192
    7.5000  -45.0000  -15.000010019.6572   18.5156
   -7.5000  -37.5000  -15.000010862.0098   18.4347
    0.0000  -37.5000  -15.000011276.9375   18.4362
    7.5000  -37.5000  -15.000010679.9551   18.4368
   -7.5000  -30.0000  -15.000011922.8906   18.3910
    0.0000  -30.0000  -15.000012388.1328   18.3852
    7.5000  -30.0000  -15.000011700.3096   18.3883
   -7.5000  -22.5000  -15.000012888.5635   18.3617
    0.0000  -22.5000  -15.000013373.4346   18.3504
    7.5000  -22.5000  -15.000012648.1670   18.3501
   -7.5000  -15.0000  -15.000013790.2031   18.3575
    0.0000  -15.0000  -15.000014302.4229   18.3467
    7.5000  -15.0000  -15.000013533.0029   18.3415
   -7.5000   -7.5000  -15.000014625.3906   18.3863
    0.0000   -7.5000  -15.000015179.0518   18.3828
    7.5000   -7.5000  -15.000014318.5342   18.3763
   -7.5000    0.0000  -15.000015393.4766   18.4188
    0.0000    0.0000  -15.000015960.1045   18.4219
    7.5000    0.0000  -15.000015038.3848   18.4183
   -7.5000    7.5000  -15.000014963.8477   18.4194
    0.0000    7.5000  -15.000015485.2637   18.4207
    7.5000    7.5000  -15.000014599.8604   18.4216
   -7.5000   15.0000  -15.000014186.3164   18.3910
    0.0000   15.0000  -15.000014687.7109   18.3852
    7.5000   15.0000  -15.000013837.7432   18.3883
   -7.5000   22.5000  -15.000013177.5986   18.3552
    0.0000   22.5000  -15.000013704.8164   18.3439
    7.5000   22.5000  -15.000012893.9795   18.3436
   -7.5000   30.0000  -15.000012066.9268   18.1199
    0.0000   30.0000  -15.000012629.5771   18.1093
    7.5000   30.0000  -15.000011874.0527   18.1041
   -7.5000   37.5000  -15.000011438.1211   18.1484
    0.0000   37.5000  -15.000011989.3516   18.1449
    7.5000   37.5000  -15.000011257.9531   18.1385
   -7.5000   45.0000  -15.000010371.0781   17.7490
    0.0000   45.0000  -15.000010880.0859   17.7519
    7.5000   45.0000  -15.000010229.7051   17.7485
   -7.5000  -45.0000   -7.500010873.1719   18.7392
    0.0000  -45.0000   -7.500011320.3086   18.7452
    7.5000  -45.0000   -7.500010718.7432   18.7487
   -7.5000  -37.5000   -7.500011601.7695   18.6669
    0.0000  -37.5000   -7.500012071.3350   18.6690
    7.5000  -37.5000   -7.500011417.1387   18.6744
   -7.5000  -30.0000   -7.500012773.8213   18.6307
    0.0000  -30.0000   -7.500013284.3643   18.6284
    7.5000  -30.0000   -7.500012533.2422   18.6353
   -7.5000  -22.5000   -7.500013855.1016   18.5992
    0.0000  -22.5000   -7.500014414.8926   18.5965
    7.5000  -22.5000   -7.500013607.3701   18.6015
   -7.5000  -15.0000   -7.500014822.2803   18.5867
    0.0000  -15.0000   -7.500015390.8223   18.5871
    7.5000  -15.0000   -7.500014520.6621   18.5894
   -7.5000   -7.5000   -7.500015683.4707   18.6079
    0.0000   -7.5000   -7.500016277.6230   18.6124
    7.5000   -7.5000   -7.500015299.8750   18.6144
   -7.5000    0.0000   -7.500016526.9023   18.6412
    0.0000    0.0000   -7.500017112.4746   18.6468
    7.5000    0.0000   -7.500016092.4971   18.6503
   -7.5000    7.5000   -7.500016062.6328   18.6514
    0.0000    7.5000   -7.500016641.8203   18.6534
    7.5000    7.5000   -7.500015644.2285   18.6590
   -7.5000   15.0000   -7.500015229.5771   18.6307
    0.0000   15.0000   -7.500015769.2725   18.6284
    7.5000   15.0000   -7.500014852.3662   18.6353
   -7.5000   22.5000   -7.500014153.4727   18.5907
    0.0000   22.5000   -7.500014693.7803   18.5880
    7.5000   22.5000   -7.500013832.3076   18.5929
   -7.5000   30.0000   -7.500012953.0391   18.3456
    0.0000   30.0000   -7.500013527.7764   18.3461
    7.5000   30.0000   -7.500012709.4580   18.3483
   -7.5000   37.5000   -7.500012299.5781   18.3666
    0.0000   37.5000   -7.500012875.8262   18.3710
    7.5000   37.5000   -7.500012077.1152   18.3730
   -7.5000   45.0000   -7.500011134.9707   17.9666
    0.0000   45.0000   -7.500011674.6641   17.9720
    7.5000   45.0000   -7.500010981.2471   17.9754
   -7.5000  -45.0000    0.000011483.0186   18.7945
    0.0000  -45.0000    0.000011953.4785   18.8023
    7.5000  -45.0000    0.000011284.2197   18.8053
   -7.5000  -37.5000    0.000012287.5498   18.7240
    0.0000  -37.5000    0.000012789.9971   18.7260
    7.5000  -37.5000    0.000012077.2129   18.7262
   -7.5000  -30.0000    0.000013561.3848   18.7041
    0.0000  -30.0000    0.000014099.1191   18.7030
    7.5000  -30.0000    0.000013317.7578   18.7003
   -7.5000  -22.5000    0.000014837.8174   18.6863
    0.0000  -22.5000    0.000015432.1719   18.6884
    7.5000  -22.5000    0.000014539.7539   18.6844
   -7.5000  -15.0000    0.000015869.9873   18.6731
    0.0000  -15.0000    0.000016530.5938   18.6808
    7.5000  -15.0000    0.000015513.0752   18.6783
   -7.5000   -7.5000    0.000016723.8340   18.6785
    0.0000   -7.5000    0.000017289.3105   18.6884
    7.5000   -7.5000    0.000016266.5225   18.6898
   -7.5000    0.0000    0.000017548.9785   18.6959
    0.0000    0.0000    0.000018149.0820   18.7034
    7.5000    0.0000    0.000017054.2090   18.7064
   -7.5000    7.5000    0.000017086.0840   18.7085
    0.0000    7.5000    0.000017672.6777   18.7103
    7.5000    7.5000    0.000016622.5645   18.7108
   -7.5000   15.0000    0.000016242.9316   18.7041
    0.0000   15.0000    0.000016774.0684   18.7030
    7.5000   15.0000    0.000015783.0957   18.7003
   -7.5000   22.5000    0.000015096.4688   18.6777
    0.0000   22.5000    0.000015669.5449   18.6798
    7.5000   22.5000    0.000014704.4121   18.6758
   -7.5000   30.0000    0.000013849.0459   18.4315
    0.0000   30.0000    0.000014441.8125   18.4390
    7.5000   30.0000    0.000013519.5400   18.4366
   -7.5000   37.5000    0.000013188.4746   18.4367
    0.0000   37.5000    0.000013782.4941   18.4466
    7.5000   37.5000    0.000012883.3545   18.4479
   -7.5000   45.0000    0.000011959.6406   18.0207
    0.0000   45.0000    0.000012514.9160   18.0279
    7.5000   45.0000    0.000011697.2188   18.0308
   -7.5000  -45.0000    7.500011193.8379   18.8079
    0.0000  -45.0000    7.500011618.0186   18.8142
    7.5000  -45.0000    7.500010951.7734   18.8078
   -7.5000  -37.5000    7.500011961.8105   18.7283
    0.0000  -37.5000    7.500012413.7295   18.7285
    7.5000  -37.5000    7.500011703.5283   18.7177
   -7.5000  -30.0000    7.500013282.6709   18.7152
    0.0000  -30.0000    7.500013767.1309   18.7096
    7.5000  -30.0000    7.500012963.8525   18.6926
   -7.5000  -22.5000    7.500014725.0615   18.7126
    0.0000  -22.5000    7.500015321.6582   18.7078
    7.5000  -22.5000    7.500014314.1064   18.6876
   -7.5000  -15.0000    7.500015943.5332   18.7084
    0.0000  -15.0000    7.500016555.1777   18.7090
    7.5000  -15.0000    7.500015457.1279   18.6915
   -7.5000   -7.5000    7.500016710.9824   18.7071
    0.0000   -7.5000    7.500017136.0781   18.7127
    7.5000   -7.5000    7.500016179.5566   18.7025
   -7.5000    0.0000    7.500017417.4824   18.7088
    0.0000    0.0000    7.500017843.9434   18.7147
    7.5000    0.0000    7.500016860.3281   18.7084
   -7.5000    7.5000    7.500016952.5762   18.7127
    0.0000    7.5000    7.500017430.5176   18.7128
    7.5000    7.5000    7.500016374.2158   18.7023
   -7.5000   15.0000    7.500016169.7480   18.7152
    0.0000   15.0000    7.500016623.1934   18.7096
    7.5000   15.0000    7.500015497.6270   18.6926
   -7.5000   22.5000    7.500015039.7686   18.7040
    0.0000   22.5000    7.500015533.7764   18.6992
    7.5000   22.5000    7.500014413.6611   18.6790
   -7.5000   30.0000    7.500013809.8340   18.4663
    0.0000   30.0000    7.500014310.5039   18.4669
    7.5000   30.0000    7.500013227.6348   18.4496
   -7.5000   37.5000    7.500013122.4150   18.4650
    0.0000   37.5000    7.500013646.1768   18.4705
    7.5000   37.5000    7.500012629.4922   18.4604
   -7.5000   45.0000    7.500011874.7451   18.0331
    0.0000   45.0000    7.500012364.5234   18.0388
    7.5000   45.0000    7.500011470.1660   18.0327
   -7.5000  -45.0000   15.000010736.0850   18.8028
    0.0000  -45.0000   15.000011184.7061   18.8064
    7.5000  -45.0000   15.000010532.1650   18.7917
   -7.5000  -37.5000   15.000011469.0586   18.7131
    0.0000  -37.5000   15.000011908.3301   18.7129
    7.5000  -37.5000   15.000011237.9424   18.6966
   -7.5000  -30.0000   15.000012748.7100   18.6931
    0.0000  -30.0000   15.000013219.4102   18.6836
    7.5000  -30.0000   15.000012433.4912   18.6619
   -7.5000  -22.5000   15.000014238.8467   18.6935
    0.0000  -22.5000   15.000014986.7549   18.6792
    7.5000  -22.5000   15.000013757.5420   18.6520
   -7.5000  -15.0000   15.000015692.9141   18.6983
    0.0000  -15.0000   15.000016364.1523   18.6866
    7.5000  -15.0000   15.000015032.4551   18.6590
   -7.5000   -7.5000   15.000016583.6465   18.7036
    0.0000   -7.5000   15.000017005.2812   18.7006
    7.5000   -7.5000   15.000015878.7480   18.6799
   -7.5000    0.0000   15.000017343.4805   18.7034
    0.0000    0.0000   15.000017659.4590   18.7067
    7.5000    0.0000   15.000016499.6836   18.6922
   -7.5000    7.5000   15.000016782.8086   18.6974
    0.0000    7.5000   15.000017133.3164   18.6971
    7.5000    7.5000   15.000015905.0723   18.6811
   -7.5000   15.0000   15.000015849.8262   18.6931
    0.0000   15.0000   15.000016190.5352   18.6836
    7.5000   15.0000   15.000014969.8721   18.6619
   -7.5000   22.5000   15.000014614.2285   18.6849
    0.0000   22.5000   15.000014996.4863   18.6706
    7.5000   22.5000   15.000013844.7676   18.6434
   -7.5000   30.0000   15.000013340.9229   18.4563
    0.0000   30.0000   15.000013797.3760   18.4447
    7.5000   30.0000   15.000012708.1826   18.4175
   -7.5000   37.5000   15.000012638.9814   18.4616
    0.0000   37.5000   15.000013170.6895   18.4585
    7.5000   37.5000   15.000012119.1172   18.4382
   -7.5000   45.0000   15.000011470.0410   18.0279
    0.0000   45.0000   15.000011964.2705   18.0311
    7.5000   45.0000   15.000011032.0518   18.0171
   -7.5000  -45.0000   22.500010197.7812   18.8125
    0.0000  -45.0000   22.500010640.1309   18.8152
    7.5000  -45.0000   22.500010022.0488   18.8027
   -7.5000  -37.5000   22.500010904.0156   18.7220
    0.0000  -37.5000   22.500011368.8848   18.7229
    7.5000  -37.5000   22.500010668.5586   18.7128
   -7.5000  -30.0000   22.500012152.7617   18.6870
    0.0000  -30.0000   22.500012722.5811   18.6783
    7.5000  -30.0000   22.500011777.9639   18.6672
   -7.5000  -22.5000   22.500013438.1562   18.6739
    0.0000  -22.5000   22.500014234.8398   18.6575
    7.5000  -22.5000   22.500012950.4707   18.6412
   -7.5000  -15.0000   22.500014580.6162   18.6780
    0.0000  -15.0000   22.500015327.8193   18.6619
    7.5000  -15.0000   22.500014002.0869   18.6418
   -7.5000   -7.5000   22.500015562.8770   18.6980
    0.0000   -7.5000   22.500016142.9951   18.6912
    7.5000   -7.5000   22.500014836.9199   18.6736
   -7.5000    0.0000   22.500016446.0098   18.7132
    0.0000    0.0000   22.500016958.7812   18.7157
    7.5000    0.0000   22.500015573.9727   18.7033
   -7.5000    7.5000   22.500015881.0283   18.7063
    0.0000    7.5000   22.500016371.8994   18.7070
    7.5000    7.5000   22.500015040.2832   18.6972
   -7.5000   15.0000   22.500014878.1738   18.6870
    0.0000   15.0000   22.500015308.6729   18.6783
    7.5000   15.0000   22.500014118.5381   18.6672
   -7.5000   22.5000   22.500013699.1982   18.6653
    0.0000   22.5000   22.500014135.2061   18.6489
    7.5000   22.5000   22.500013083.8721   18.6327
   -7.5000   30.0000   22.500012588.9854   18.4363
    0.0000   30.0000   22.500013037.4668   18.4204
    7.5000   30.0000   22.500012054.7627   18.4006
   -7.5000   37.5000   22.500011989.1943   18.4561
    0.0000   37.5000   22.500012448.6250   18.4493
    7.5000   37.5000   22.500011532.4434   18.4319
   -7.5000   45.0000   22.500010890.7715   18.0374
    0.0000   45.0000   22.500011317.8301   18.0397
    7.5000   45.0000   22.500010531.3672   18.0278
   -7.5000  -45.0000   30.0000 9562.5645   18.9116
    0.0000  -45.0000   30.000010006.3066   18.9151
    7.5000  -45.0000   30.0000 9383.4590   18.9118
   -7.5000  -37.5000   30.000010246.6973   18.8280
    0.0000  -37.5000   30.000010713.3545   18.8296
    7.5000  -37.5000   30.000010022.9375   18.8307
   -7.5000  -30.0000   30.000011334.7578   18.7827
    0.0000  -30.0000   30.000011891.2539   18.7769
    7.5000  -30.0000   30.000011061.0127   18.7805
   -7.5000  -22.5000   30.000012347.2852   18.7523
    0.0000  -22.5000   30.000012985.8291   18.7409
    7.5000  -22.5000   30.000012073.4189   18.7409
   -7.5000  -15.0000   30.000013249.3857   18.7481
    0.0000  -15.0000   30.000013818.6836   18.7372
    7.5000  -15.0000   30.000012933.3447   18.7321
   -7.5000   -7.5000   30.000014106.5137   18.7780
    0.0000   -7.5000   30.000014670.4238   18.7745
    7.5000   -7.5000   30.000013732.4736   18.7683
   -7.5000    0.0000   30.000014968.7734   18.8117
    0.0000    0.0000   30.000015557.8477   18.8150
    7.5000    0.0000   30.000014514.6758   18.8117
   -7.5000    7.5000   30.000014589.1982   18.8121
    0.0000    7.5000   30.000015144.0576   18.8137
    7.5000    7.5000   30.000014075.0869   18.8150
   -7.5000   15.0000   30.000013745.7363   18.7827
    0.0000   15.0000   30.000014235.2188   18.7769
    7.5000   15.0000   30.000013218.8027   18.7805
   -7.5000   22.5000   30.000012721.5508   18.7437
    0.0000   22.5000   30.000013196.4277   18.7323
    7.5000   22.5000   30.000012247.4141   18.7323
   -7.5000   30.0000   30.000011737.6133   18.5055
    0.0000   30.0000   30.000012209.0312   18.4947
    7.5000   30.0000   30.000011289.1963   18.4897
   -7.5000   37.5000   30.000011165.9492   18.5350
    0.0000   37.5000   30.000011642.7139   18.5315
    7.5000   37.5000   30.000010803.0605   18.5254
   -7.5000   45.0000   30.000010134.4199   18.1323
    0.0000   45.0000   30.000010581.7656   18.1355
    7.5000   45.0000   30.0000 9874.1035   18.1323
   -7.5000  -45.0000   37.5000 9214.9473   19.1955
    0.0000  -45.0000   37.5000 9608.5645   19.2024
    7.5000  -45.0000   37.5000 9101.9678   19.2065
   -7.5000  -37.5000   37.5000 9854.1689   19.1201
    0.0000  -37.5000   37.500010296.5469   19.1230
    7.5000  -37.5000   37.5000 9740.8887   19.1292
   -7.5000  -30.0000   37.500010829.5303   19.0829
    0.0000  -30.0000   37.500011333.2881   19.0810
    7.5000  -30.0000   37.500010766.8750   19.0887
   -7.5000  -22.5000   37.500011744.1309   19.0502
    0.0000  -22.5000   37.500012285.0869   19.0480
    7.5000  -22.5000   37.500011710.0439   19.0535
   -7.5000  -15.0000   37.500012583.3789   19.0368
    0.0000  -15.0000   37.500013099.7305   19.0379
    7.5000  -15.0000   37.500012490.4072   19.0405
   -7.5000   -7.5000   37.500013399.6943   19.0585
    0.0000   -7.5000   37.500013945.5977   19.0638
    7.5000   -7.5000   37.500013253.2705   19.0663
   -7.5000    0.0000   37.500014236.7148   19.0930
    0.0000    0.0000   37.500014835.9521   19.0995
    7.5000    0.0000   37.500014020.3213   19.1037
   -7.5000    7.5000   37.500013939.1797   19.1039
    0.0000    7.5000   37.500014514.2324   19.1066
    7.5000    7.5000   37.500013675.8262   19.1131
   -7.5000   15.0000   37.500013199.4844   19.0829
    0.0000   15.0000   37.500013718.1611   19.0810
    7.5000   15.0000   37.500012894.6104   19.0887
   -7.5000   22.5000   37.500012290.6191   19.0415
    0.0000   22.5000   37.500012777.6846   19.0392
    7.5000   22.5000   37.500011973.6172   19.0447
   -7.5000   30.0000   37.500011383.7197   18.7905
    0.0000   30.0000   37.500011836.6113   18.7915
    7.5000   30.0000   37.500011066.3408   18.7941
   -7.5000   37.5000   37.500010798.0801   18.8119
    0.0000   37.5000   37.500011238.3779   18.8171
    7.5000   37.5000   37.500010541.5293   18.8195
   -7.5000   45.0000   37.5000 9773.9570   18.4034
    0.0000   45.0000   37.500010199.1816   18.4097
    7.5000   45.0000   37.5000 9584.3037   18.4137
   -7.5000  -45.0000   45.0000 8458.6904   19.5284
    0.0000  -45.0000   45.0000 8835.9404   19.5370
    7.5000  -45.0000   45.0000 8394.2373   19.5414
   -7.5000  -37.5000   45.0000 9035.7012   19.4532
    0.0000  -37.5000   45.0000 9444.4492   19.4554
    7.5000  -37.5000   45.0000 9001.0283   19.4566
   -7.5000  -30.0000   45.0000 9932.0039   19.4334
    0.0000  -30.0000   45.000010366.4932   19.4318
    7.5000  -30.0000   45.0000 9932.3174   19.4293
   -7.5000  -22.5000   45.000010784.1377   19.4146
    0.0000  -22.5000   45.000011249.8125   19.4163
    7.5000  -22.5000   45.000010779.2207   19.4120
   -7.5000  -15.0000   45.000011554.1152   19.3992
    0.0000  -15.0000   45.000012036.3965   19.4071
    7.5000  -15.0000   45.000011526.8125   19.4047
   -7.5000   -7.5000   45.000012294.1387   19.4033
    0.0000   -7.5000   45.000012801.5146   19.4141
    7.5000   -7.5000   45.000012220.6768   19.4163
   -7.5000    0.0000   45.000013025.7617   19.4217
    0.0000    0.0000   45.000013556.9395   19.4300
    7.5000    0.0000   45.000012876.9023   19.4344
   -7.5000    7.5000   45.000012768.1914   19.4364
    0.0000    7.5000   45.000013266.6016   19.4384
    7.5000    7.5000   45.000012598.3975   19.4399
   -7.5000   15.0000   45.000012109.4082   19.4334
    0.0000   15.0000   45.000012629.4141   19.4318
    7.5000   15.0000   45.000011922.7217   19.4293
   -7.5000   22.5000   45.000011291.0400   19.4056
    0.0000   22.5000   45.000011794.2334   19.4073
    7.5000   22.5000   45.000011116.7266   19.4030
   -7.5000   30.0000   45.000010480.3926   19.1465
    0.0000   30.0000   45.000010908.3252   19.1542
    7.5000   30.0000   45.000010280.2461   19.1519
   -7.5000   37.5000   45.0000 9960.5322   19.1505
    0.0000   37.5000   45.000010394.0410   19.1612
    7.5000   37.5000   45.0000 9775.6523   19.1634
   -7.5000   45.0000   45.0000 9029.7744   18.7288
    0.0000   45.0000   45.0000 9427.1553   18.7368
    7.5000   45.0000   45.0000 8869.4375   18.7410

---------------------------------------------------------------------
imgreg_4dfp /opt/freesurfer/average/711-2C_as_mni_average_305 /opt/freesurfer/average/711-2B_as_mni_average_305_mask talsrcimg_g11 none talsrcimg_to_711-2C_as_mni_average_305_t4 4355
---------------------------------------------------------------------

freesurfer imgreg_4dfp.c
/opt/freesurfer/average/711-2C_as_mni_average_305.4dfp.img
       256       256       256         1
  1.000000  1.000000  1.000000
orientation T byte_order littleendian
Reading image: /opt/freesurfer/average/711-2C_as_mni_average_305.4dfp.img
dimensions:      256       256       256
mmppix:       1.0000   -1.0000   -1.0000
center:     128.0000 -129.0000 -129.0000
/opt/freesurfer/average/711-2B_as_mni_average_305_mask.4dfp.img
       256       256       256         1
  1.000000  1.000000  1.000000
orientation T byte_order littleendian
Reading mask: /opt/freesurfer/average/711-2B_as_mni_average_305_mask.4dfp.img (2306576 pixels)
talsrcimg_g11.4dfp.img
       256       256       256         1
  1.000000  1.000000  1.000000
orientation T byte_order littleendian
Reading image: talsrcimg_g11.4dfp.img
dimensions:      256       256       256
mmppix:       1.0000   -1.0000   -1.0000
center:     128.0000 -129.0000 -129.0000
rotation matrix determinant  1.000000
image alignment mode   4355 decimal     1103 hex
   -7.5000  -45.0000  -45.0000 2111.8447   22.1623
    0.0000  -45.0000  -45.0000 2123.2424   22.0543
    7.5000  -45.0000  -45.0000 2115.1057   22.2581
   -7.5000  -37.5000  -45.0000 2194.4985   20.5519
    0.0000  -37.5000  -45.0000 2205.3447   20.4752
    7.5000  -37.5000  -45.0000 2203.4036   20.5955
   -7.5000  -30.0000  -45.0000 2250.4580   19.3768
    0.0000  -30.0000  -45.0000 2259.8901   19.3290
    7.5000  -30.0000  -45.0000 2258.1675   19.4146
   -7.5000  -22.5000  -45.0000 2277.2476   18.4911
    0.0000  -22.5000  -45.0000 2290.3455   18.4488
    7.5000  -22.5000  -45.0000 2290.5054   18.5536
   -7.5000  -15.0000  -45.0000 2285.7988   17.9372
    0.0000  -15.0000  -45.0000 2298.2974   17.8694
    7.5000  -15.0000  -45.0000 2301.5698   18.0523
   -7.5000   -7.5000  -45.0000 2287.7446   17.7831
    0.0000   -7.5000  -45.0000 2302.5989   17.7009
    7.5000   -7.5000  -45.0000 2298.5869   17.8799
   -7.5000    0.0000  -45.0000 2280.0308   17.8578
    0.0000    0.0000  -45.0000 2290.7236   17.7635
    7.5000    0.0000  -45.0000 2286.8174   17.9407
   -7.5000    7.5000  -45.0000 2264.8350   18.3914
    0.0000    7.5000  -45.0000 2279.3389   18.2728
    7.5000    7.5000  -45.0000 2268.3838   18.4039
   -7.5000   15.0000  -45.0000 2228.0566   19.1846
    0.0000   15.0000  -45.0000 2240.9763   19.0865
    7.5000   15.0000  -45.0000 2235.5522   19.2514
   -7.5000   22.5000  -45.0000 2180.2095   20.2356
    0.0000   22.5000  -45.0000 2193.0698   20.1424
    7.5000   22.5000  -45.0000 2188.3521   20.3385
   -7.5000   30.0000  -45.0000 2104.0000   21.6651
    0.0000   30.0000  -45.0000 2115.1450   21.5216
    7.5000   30.0000  -45.0000 2110.8354   21.8549
   -7.5000   37.5000  -45.0000 2013.6174   23.6198
    0.0000   37.5000  -45.0000 2027.0840   23.4081
    7.5000   37.5000  -45.0000 2020.5455   23.8049
   -7.5000   45.0000  -45.0000 1926.7325   26.3660
    0.0000   45.0000  -45.0000 1934.5862   26.0554
    7.5000   45.0000  -45.0000 1926.2725   26.4704
   -7.5000  -45.0000  -37.5000 2202.5051   20.6999
    0.0000  -45.0000  -37.5000 2213.3354   20.6324
    7.5000  -45.0000  -37.5000 2202.0449   20.7212
   -7.5000  -37.5000  -37.5000 2292.4297   19.1386
    0.0000  -37.5000  -37.5000 2299.3491   19.1004
    7.5000  -37.5000  -37.5000 2291.7185   19.1558
   -7.5000  -30.0000  -37.5000 2353.5681   18.0174
    0.0000  -30.0000  -37.5000 2356.8975   17.9982
    7.5000  -30.0000  -37.5000 2340.3718   18.0198
   -7.5000  -22.5000  -37.5000 2381.8391   17.1814
    0.0000  -22.5000  -37.5000 2391.9487   17.1806
    7.5000  -22.5000  -37.5000 2374.0403   17.2192
   -7.5000  -15.0000  -37.5000 2391.3789   16.6226
    0.0000  -15.0000  -37.5000 2405.0547   16.6050
    7.5000  -15.0000  -37.5000 2391.2839   16.7144
   -7.5000   -7.5000  -37.5000 2392.7949   16.4324
    0.0000   -7.5000  -37.5000 2406.2712   16.4013
    7.5000   -7.5000  -37.5000 2392.3447   16.4948
   -7.5000    0.0000  -37.5000 2379.7800   16.4791
    0.0000    0.0000  -37.5000 2394.8777   16.4660
    7.5000    0.0000  -37.5000 2385.1184   16.5581
   -7.5000    7.5000  -37.5000 2368.3906   16.9172
    0.0000    7.5000  -37.5000 2385.1450   16.8752
    7.5000    7.5000  -37.5000 2368.7678   16.9601
   -7.5000   15.0000  -37.5000 2339.1218   17.6638
    0.0000   15.0000  -37.5000 2348.7622   17.5790
    7.5000   15.0000  -37.5000 2336.2563   17.6910
   -7.5000   22.5000  -37.5000 2282.4382   18.7094
    0.0000   22.5000  -37.5000 2292.9661   18.5817
    7.5000   22.5000  -37.5000 2281.2871   18.7160
   -7.5000   30.0000  -37.5000 2205.7407   20.0779
    0.0000   30.0000  -37.5000 2215.6777   19.9532
    7.5000   30.0000  -37.5000 2200.0034   20.1685
   -7.5000   37.5000  -37.5000 2111.5410   21.9160
    0.0000   37.5000  -37.5000 2119.6716   21.7339
    7.5000   37.5000  -37.5000 2103.3550   22.0254
   -7.5000   45.0000  -37.5000 2004.0962   24.3603
    0.0000   45.0000  -37.5000 2008.4374   24.1217
    7.5000   45.0000  -37.5000 2002.2192   24.5091
   -7.5000  -45.0000  -30.0000 2322.8857   20.1036
    0.0000  -45.0000  -30.0000 2330.8096   20.0729
    7.5000  -45.0000  -30.0000 2310.9856   20.0517
   -7.5000  -37.5000  -30.0000 2418.5962   18.4923
    0.0000  -37.5000  -30.0000 2428.6304   18.5009
    7.5000  -37.5000  -30.0000 2404.7600   18.4856
   -7.5000  -30.0000  -30.0000 2485.9395   17.3011
    0.0000  -30.0000  -30.0000 2485.2686   17.2946
    7.5000  -30.0000  -30.0000 2461.2041   17.3265
   -7.5000  -22.5000  -30.0000 2521.0691   16.4871
    0.0000  -22.5000  -30.0000 2529.9211   16.4722
    7.5000  -22.5000  -30.0000 2502.4360   16.5276
   -7.5000  -15.0000  -30.0000 2534.2964   15.9216
    0.0000  -15.0000  -30.0000 2546.6501   15.9255
    7.5000  -15.0000  -30.0000 2521.7009   15.9872
   -7.5000   -7.5000  -30.0000 2538.8994   15.7337
    0.0000   -7.5000  -30.0000 2551.0051   15.6863
    7.5000   -7.5000  -30.0000 2532.8589   15.8100
   -7.5000    0.0000  -30.0000 2530.2029   15.8244
    0.0000    0.0000  -30.0000 2546.3113   15.8021
    7.5000    0.0000  -30.0000 2525.4563   15.8706
   -7.5000    7.5000  -30.0000 2516.0745   16.2179
    0.0000    7.5000  -30.0000 2529.3630   16.1745
    7.5000    7.5000  -30.0000 2499.6438   16.2407
   -7.5000   15.0000  -30.0000 2481.1611   16.8898
    0.0000   15.0000  -30.0000 2490.0532   16.8637
    7.5000   15.0000  -30.0000 2465.3511   16.9076
   -7.5000   22.5000  -30.0000 2419.6719   17.8952
    0.0000   22.5000  -30.0000 2431.7466   17.8571
    7.5000   22.5000  -30.0000 2409.1541   17.8928
   -7.5000   30.0000  -30.0000 2336.9146   19.2227
    0.0000   30.0000  -30.0000 2346.1157   19.1993
    7.5000   30.0000  -30.0000 2322.1619   19.2848
   -7.5000   37.5000  -30.0000 2239.9736   20.9888
    0.0000   37.5000  -30.0000 2247.7419   20.9176
    7.5000   37.5000  -30.0000 2219.5381   21.0886
   -7.5000   45.0000  -30.0000 2118.7461   23.3034
    0.0000   45.0000  -30.0000 2129.1177   23.1937
    7.5000   45.0000  -30.0000 2107.9758   23.4549
   -7.5000  -45.0000  -22.5000 2413.9241   19.3214
    0.0000  -45.0000  -22.5000 2422.2700   19.2827
    7.5000  -45.0000  -22.5000 2397.8721   19.2478
   -7.5000  -37.5000  -22.5000 2517.1899   17.7787
    0.0000  -37.5000  -22.5000 2525.9663   17.7533
    7.5000  -37.5000  -22.5000 2496.6340   17.7014
   -7.5000  -30.0000  -22.5000 2579.9456   16.5441
    0.0000  -30.0000  -22.5000 2585.8748   16.5169
    7.5000  -30.0000  -22.5000 2556.8120   16.5110
   -7.5000  -22.5000  -22.5000 2626.2937   15.6737
    0.0000  -22.5000  -22.5000 2635.0850   15.6296
    7.5000  -22.5000  -22.5000 2607.1501   15.7198
   -7.5000  -15.0000  -22.5000 2649.6702   15.1408
    0.0000  -15.0000  -22.5000 2658.2336   15.1003
    7.5000  -15.0000  -22.5000 2638.4651   15.2109
   -7.5000   -7.5000  -22.5000 2664.3394   14.9219
    0.0000   -7.5000  -22.5000 2665.7507   14.8633
    7.5000   -7.5000  -22.5000 2648.9736   14.9820
   -7.5000    0.0000  -22.5000 2655.5129   15.0376
    0.0000    0.0000  -22.5000 2672.8962   15.0163
    7.5000    0.0000  -22.5000 2642.6909   15.0851
   -7.5000    7.5000  -22.5000 2638.7915   15.4284
    0.0000    7.5000  -22.5000 2652.2036   15.3938
    7.5000    7.5000  -22.5000 2621.2769   15.4605
   -7.5000   15.0000  -22.5000 2595.1045   16.0533
    0.0000   15.0000  -22.5000 2608.2903   16.0129
    7.5000   15.0000  -22.5000 2576.9592   16.0712
   -7.5000   22.5000  -22.5000 2532.3796   16.9730
    0.0000   22.5000  -22.5000 2546.1260   16.9564
    7.5000   22.5000  -22.5000 2515.8340   17.0002
   -7.5000   30.0000  -22.5000 2443.3271   18.2416
    0.0000   30.0000  -22.5000 2459.0930   18.2259
    7.5000   30.0000  -22.5000 2425.2395   18.3285
   -7.5000   37.5000  -22.5000 2340.0298   19.9582
    0.0000   37.5000  -22.5000 2350.1182   19.9148
    7.5000   37.5000  -22.5000 2324.3430   20.0352
   -7.5000   45.0000  -22.5000 2212.1750   22.1344
    0.0000   45.0000  -22.5000 2219.7578   22.1322
    7.5000   45.0000  -22.5000 2196.2937   22.3203
   -7.5000  -45.0000  -15.0000 2466.0540   18.6137
    0.0000  -45.0000  -15.0000 2476.6089   18.5156
    7.5000  -45.0000  -15.0000 2448.7168   18.5571
   -7.5000  -37.5000  -15.0000 2570.8296   17.0382
    0.0000  -37.5000  -15.0000 2577.0559   16.9287
    7.5000  -37.5000  -15.0000 2551.7708   16.9540
   -7.5000  -30.0000  -15.0000 2642.4321   15.8571
    0.0000  -30.0000  -15.0000 2653.1533   15.8179
    7.5000  -30.0000  -15.0000 2626.8645   15.8260
   -7.5000  -22.5000  -15.0000 2689.5625   14.9505
    0.0000  -22.5000  -15.0000 2699.2710   14.9011
    7.5000  -22.5000  -15.0000 2680.9883   14.9672
   -7.5000  -15.0000  -15.0000 2722.5342   14.3755
    0.0000  -15.0000  -15.0000 2733.7881   14.3245
    7.5000  -15.0000  -15.0000 2714.3677   14.4253
   -7.5000   -7.5000  -15.0000 2739.7144   14.1065
    0.0000   -7.5000  -15.0000 2747.9951   14.0587
    7.5000   -7.5000  -15.0000 2731.9790   14.1732
   -7.5000    0.0000  -15.0000 2740.4812   14.2411
    0.0000    0.0000  -15.0000 2757.8389   14.1983
    7.5000    0.0000  -15.0000 2734.7471   14.3095
   -7.5000    7.5000  -15.0000 2729.0803   14.6658
    0.0000    7.5000  -15.0000 2742.8689   14.5991
    7.5000    7.5000  -15.0000 2718.8491   14.7428
   -7.5000   15.0000  -15.0000 2682.5315   15.2906
    0.0000   15.0000  -15.0000 2695.6768   15.2006
    7.5000   15.0000  -15.0000 2671.5305   15.3361
   -7.5000   22.5000  -15.0000 2607.8533   16.1429
    0.0000   22.5000  -15.0000 2621.6704   16.0928
    7.5000   22.5000  -15.0000 2599.2830   16.2002
   -7.5000   30.0000  -15.0000 2507.9878   17.3453
    0.0000   30.0000  -15.0000 2527.7942   17.3119
    7.5000   30.0000  -15.0000 2500.2852   17.4301
   -7.5000   37.5000  -15.0000 2406.3757   18.9793
    0.0000   37.5000  -15.0000 2426.3430   18.9662
    7.5000   37.5000  -15.0000 2397.5283   19.0853
   -7.5000   45.0000  -15.0000 2271.0769   21.1009
    0.0000   45.0000  -15.0000 2282.7834   21.1321
    7.5000   45.0000  -15.0000 2259.4585   21.2424
   -7.5000  -45.0000   -7.5000 2484.5540   18.0384
    0.0000  -45.0000   -7.5000 2502.7175   17.9557
    7.5000  -45.0000   -7.5000 2489.3945   18.0340
   -7.5000  -37.5000   -7.5000 2591.3130   16.4420
    0.0000  -37.5000   -7.5000 2606.9937   16.3292
    7.5000  -37.5000   -7.5000 2595.5732   16.4292
   -7.5000  -30.0000   -7.5000 2677.3262   15.2252
    0.0000  -30.0000   -7.5000 2696.2673   15.1381
    7.5000  -30.0000   -7.5000 2675.8794   15.2329
   -7.5000  -22.5000   -7.5000 2739.5693   14.3372
    0.0000  -22.5000   -7.5000 2762.0366   14.2934
    7.5000  -22.5000   -7.5000 2746.1848   14.3766
   -7.5000  -15.0000   -7.5000 2776.5879   13.7286
    0.0000  -15.0000   -7.5000 2790.3777   13.6752
    7.5000  -15.0000   -7.5000 2774.6614   13.7876
   -7.5000   -7.5000   -7.5000 2803.5989   13.3838
    0.0000   -7.5000   -7.5000 2809.5303   13.3314
    7.5000   -7.5000   -7.5000 2795.5005   13.4770
   -7.5000    0.0000   -7.5000 2809.0178   13.5136
    0.0000    0.0000   -7.5000 2820.5671   13.4571
    7.5000    0.0000   -7.5000 2807.8206   13.6054
   -7.5000    7.5000   -7.5000 2799.7959   13.9545
    0.0000    7.5000   -7.5000 2813.8086   13.8628
    7.5000    7.5000   -7.5000 2796.2197   14.0287
   -7.5000   15.0000   -7.5000 2748.5188   14.6019
    0.0000   15.0000   -7.5000 2763.2166   14.5044
    7.5000   15.0000   -7.5000 2749.1069   14.6586
   -7.5000   22.5000   -7.5000 2671.4421   15.4648
    0.0000   22.5000   -7.5000 2682.7100   15.3856
    7.5000   22.5000   -7.5000 2671.2600   15.5356
   -7.5000   30.0000   -7.5000 2560.8538   16.6591
    0.0000   30.0000   -7.5000 2576.9412   16.5995
    7.5000   30.0000   -7.5000 2560.7227   16.7487
   -7.5000   37.5000   -7.5000 2455.4614   18.2468
    0.0000   37.5000   -7.5000 2476.6541   18.2294
    7.5000   37.5000   -7.5000 2450.5732   18.3772
   -7.5000   45.0000   -7.5000 2319.9307   20.3022
    0.0000   45.0000   -7.5000 2331.7507   20.2875
    7.5000   45.0000   -7.5000 2313.1870   20.4154
   -7.5000  -45.0000    0.0000 2491.2031   17.6599
    0.0000  -45.0000    0.0000 2511.7502   17.6258
    7.5000  -45.0000    0.0000 2497.0115   17.7152
   -7.5000  -37.5000    0.0000 2601.2070   16.0597
    0.0000  -37.5000    0.0000 2623.3586   16.0130
    7.5000  -37.5000    0.0000 2607.6030   16.1315
   -7.5000  -30.0000    0.0000 2694.8738   14.8487
    0.0000  -30.0000    0.0000 2718.9526   14.7689
    7.5000  -30.0000    0.0000 2702.2983   14.9350
   -7.5000  -22.5000    0.0000 2775.0156   13.9587
    0.0000  -22.5000    0.0000 2799.6829   13.8523
    7.5000  -22.5000    0.0000 2788.3101   14.0401
   -7.5000  -15.0000    0.0000 2821.0854   13.3218
    0.0000  -15.0000    0.0000 2844.5056   13.2284
    7.5000  -15.0000    0.0000 2830.6960   13.4315
   -7.5000   -7.5000    0.0000 2844.3892   12.9069
    0.0000   -7.5000    0.0000 2852.7583   12.8180
    7.5000   -7.5000    0.0000 2842.1497   13.0339
   -7.5000    0.0000    0.0000 2852.3228   13.0082
    0.0000    0.0000    0.0000 2862.5840   12.9327
    7.5000    0.0000    0.0000 2850.7520   13.1442
   -7.5000    7.5000    0.0000 2840.3604   13.4465
    0.0000    7.5000    0.0000 2854.3115   13.3386
    7.5000    7.5000    0.0000 2843.7000   13.5748
   -7.5000   15.0000    0.0000 2791.3425   14.0825
    0.0000   15.0000    0.0000 2802.8389   13.9583
    7.5000   15.0000    0.0000 2796.7007   14.2254
   -7.5000   22.5000    0.0000 2711.0881   14.9991
    0.0000   22.5000    0.0000 2727.3130   14.9144
    7.5000   22.5000    0.0000 2721.7410   15.1973
   -7.5000   30.0000    0.0000 2598.0459   16.2239
    0.0000   30.0000    0.0000 2617.1550   16.1872
    7.5000   30.0000    0.0000 2606.5723   16.4609
   -7.5000   37.5000    0.0000 2490.9854   17.7533
    0.0000   37.5000    0.0000 2511.0535   17.7431
    7.5000   37.5000    0.0000 2490.6077   17.9733
   -7.5000   45.0000    0.0000 2351.4287   19.6839
    0.0000   45.0000    0.0000 2365.3665   19.7108
    7.5000   45.0000    0.0000 2343.7373   19.8670
   -7.5000  -45.0000    7.5000 2486.2324   17.5095
    0.0000  -45.0000    7.5000 2503.6631   17.3932
    7.5000  -45.0000    7.5000 2491.6582   17.6097
   -7.5000  -37.5000    7.5000 2601.5090   15.9040
    0.0000  -37.5000    7.5000 2619.1238   15.7957
    7.5000  -37.5000    7.5000 2602.8926   16.0120
   -7.5000  -30.0000    7.5000 2704.6614   14.6868
    0.0000  -30.0000    7.5000 2724.6077   14.5748
    7.5000  -30.0000    7.5000 2704.6313   14.8001
   -7.5000  -22.5000    7.5000 2799.1494   13.8432
    0.0000  -22.5000    7.5000 2817.6807   13.7095
    7.5000  -22.5000    7.5000 2800.0063   13.9051
   -7.5000  -15.0000    7.5000 2867.6516   13.2883
    0.0000  -15.0000    7.5000 2893.6677   13.1337
    7.5000  -15.0000    7.5000 2869.6138   13.3964
   -7.5000   -7.5000    7.5000 2894.7600   12.8007
    0.0000   -7.5000    7.5000 2900.9421   12.5666
    7.5000   -7.5000    7.5000 2895.9185   13.0482
   -7.5000    0.0000    7.5000 2893.5571   12.7727
    0.0000    0.0000    7.5000 2896.4285   12.5859
    7.5000    0.0000    7.5000 2886.4800   13.0196
   -7.5000    7.5000    7.5000 2871.9429   13.2049
    0.0000    7.5000    7.5000 2879.7031   13.0356
    7.5000    7.5000    7.5000 2868.2046   13.3728
   -7.5000   15.0000    7.5000 2827.8948   13.8711
    0.0000   15.0000    7.5000 2834.4385   13.7100
    7.5000   15.0000    7.5000 2820.7214   13.9957
   -7.5000   22.5000    7.5000 2748.8323   14.8508
    0.0000   22.5000    7.5000 2755.0364   14.7028
    7.5000   22.5000    7.5000 2740.8677   14.9651
   -7.5000   30.0000    7.5000 2634.6731   16.1071
    0.0000   30.0000    7.5000 2641.4468   15.9646
    7.5000   30.0000    7.5000 2625.0840   16.2338
   -7.5000   37.5000    7.5000 2515.8389   17.5947
    0.0000   37.5000    7.5000 2528.3359   17.4928
    7.5000   37.5000    7.5000 2510.4097   17.7350
   -7.5000   45.0000    7.5000 2373.5720   19.4523
    0.0000   45.0000    7.5000 2384.5461   19.3789
    7.5000   45.0000    7.5000 2368.0459   19.6230
   -7.5000  -45.0000   15.0000 2466.8198   17.5733
    0.0000  -45.0000   15.0000 2492.1636   17.5381
    7.5000  -45.0000   15.0000 2481.4490   17.8400
   -7.5000  -37.5000   15.0000 2581.5864   15.9412
    0.0000  -37.5000   15.0000 2604.7812   15.8437
    7.5000  -37.5000   15.0000 2597.3098   16.1753
   -7.5000  -30.0000   15.0000 2690.4077   14.7099
    0.0000  -30.0000   15.0000 2713.9260   14.5852
    7.5000  -30.0000   15.0000 2708.1487   14.9063
   -7.5000  -22.5000   15.0000 2790.6956   13.8923
    0.0000  -22.5000   15.0000 2821.1179   13.7622
    7.5000  -22.5000   15.0000 2812.8906   14.0214
   -7.5000  -15.0000   15.0000 2889.4189   13.4776
    0.0000  -15.0000   15.0000 2930.1895   13.4019
    7.5000  -15.0000   15.0000 2892.7900   13.5367
   -7.5000   -7.5000   15.0000 2943.7952   13.1137
    0.0000   -7.5000   15.0000 2964.4121   12.9089
    7.5000   -7.5000   15.0000 2914.5015   13.2064
   -7.5000    0.0000   15.0000 2932.9346   12.9589
    0.0000    0.0000   15.0000 2928.0032   12.7323
    7.5000    0.0000   15.0000 2900.1179   13.1781
   -7.5000    7.5000   15.0000 2893.9280   13.2539
    0.0000    7.5000   15.0000 2889.7537   13.0587
    7.5000    7.5000   15.0000 2874.1489   13.4079
   -7.5000   15.0000   15.0000 2835.9429   13.8776
    0.0000   15.0000   15.0000 2832.5254   13.6727
    7.5000   15.0000   15.0000 2823.7146   13.9660
   -7.5000   22.5000   15.0000 2754.5994   14.8026
    0.0000   22.5000   15.0000 2750.9297   14.6129
    7.5000   22.5000   15.0000 2738.6182   14.8639
   -7.5000   30.0000   15.0000 2641.2271   16.0266
    0.0000   30.0000   15.0000 2644.0850   15.9046
    7.5000   30.0000   15.0000 2624.9326   16.0967
   -7.5000   37.5000   15.0000 2520.8853   17.5733
    0.0000   37.5000   15.0000 2540.0247   17.5058
    7.5000   37.5000   15.0000 2510.5242   17.6554
   -7.5000   45.0000   15.0000 2380.3975   19.4144
    0.0000   45.0000   15.0000 2396.5579   19.4580
    7.5000   45.0000   15.0000 2375.6948   19.5634
   -7.5000  -45.0000   22.5000 2443.2117   17.8292
    0.0000  -45.0000   22.5000 2473.9841   17.7919
    7.5000  -45.0000   22.5000 2474.2344   18.2108
   -7.5000  -37.5000   22.5000 2557.1414   16.2404
    0.0000  -37.5000   22.5000 2590.6567   16.1882
    7.5000  -37.5000   22.5000 2591.3396   16.5532
   -7.5000  -30.0000   22.5000 2678.7363   15.0861
    0.0000  -30.0000   22.5000 2714.1072   15.0478
    7.5000  -30.0000   22.5000 2701.1599   15.2850
   -7.5000  -22.5000   22.5000 2790.9053   14.2727
    0.0000  -22.5000   22.5000 2835.3389   14.2910
    7.5000  -22.5000   22.5000 2809.9919   14.3869
   -7.5000  -15.0000   22.5000 2878.5117   13.6747
    0.0000  -15.0000   22.5000 2930.4373   13.7242
    7.5000  -15.0000   22.5000 2877.5317   13.7731
   -7.5000   -7.5000   22.5000 2923.8164   13.2743
    0.0000   -7.5000   22.5000 2947.5835   13.1801
    7.5000   -7.5000   22.5000 2898.8857   13.4347
   -7.5000    0.0000   22.5000 2930.7371   13.2992
    0.0000    0.0000   22.5000 2944.5486   13.2394
    7.5000    0.0000   22.5000 2898.1499   13.4367
   -7.5000    7.5000   22.5000 2884.5605   13.6132
    0.0000    7.5000   22.5000 2901.8296   13.5757
    7.5000    7.5000   22.5000 2870.6038   13.7355
   -7.5000   15.0000   22.5000 2813.5547   14.1519
    0.0000   15.0000   22.5000 2822.1582   14.0505
    7.5000   15.0000   22.5000 2806.6917   14.2499
   -7.5000   22.5000   22.5000 2731.7144   15.0056
    0.0000   22.5000   22.5000 2729.8970   14.8526
    7.5000   22.5000   22.5000 2721.8975   15.0534
   -7.5000   30.0000   22.5000 2626.2886   16.1884
    0.0000   30.0000   22.5000 2627.3274   16.0221
    7.5000   30.0000   22.5000 2614.4023   16.1901
   -7.5000   37.5000   22.5000 2517.9888   17.6835
    0.0000   37.5000   22.5000 2526.8625   17.5548
    7.5000   37.5000   22.5000 2509.3049   17.7265
   -7.5000   45.0000   22.5000 2373.5371   19.5701
    0.0000   45.0000   22.5000 2387.2764   19.5199
    7.5000   45.0000   22.5000 2371.0967   19.6684
   -7.5000  -45.0000   30.0000 2424.5981   18.5189
    0.0000  -45.0000   30.0000 2453.5205   18.5473
    7.5000  -45.0000   30.0000 2445.3992   18.9460
   -7.5000  -37.5000   30.0000 2544.7532   16.9122
    0.0000  -37.5000   30.0000 2576.9424   16.9240
    7.5000  -37.5000   30.0000 2566.9038   17.2466
   -7.5000  -30.0000   30.0000 2661.5039   15.6540
    0.0000  -30.0000   30.0000 2695.8574   15.6715
    7.5000  -30.0000   30.0000 2678.9727   15.9201
   -7.5000  -22.5000   30.0000 2763.4304   14.7266
    0.0000  -22.5000   30.0000 2802.5520   14.7505
    7.5000  -22.5000   30.0000 2781.5171   14.9118
   -7.5000  -15.0000   30.0000 2832.9214   14.0579
    0.0000  -15.0000   30.0000 2865.9995   13.9241
    7.5000  -15.0000   30.0000 2842.5002   14.2605
   -7.5000   -7.5000   30.0000 2881.3230   13.6682
    0.0000   -7.5000   30.0000 2910.6030   13.5582
    7.5000   -7.5000   30.0000 2876.4604   13.8625
   -7.5000    0.0000   30.0000 2900.7097   13.7486
    0.0000    0.0000   30.0000 2924.3281   13.6798
    7.5000    0.0000   30.0000 2881.8591   13.8734
   -7.5000    7.5000   30.0000 2860.3389   14.1182
    0.0000    7.5000   30.0000 2880.3535   14.0765
    7.5000    7.5000   30.0000 2845.8596   14.2044
   -7.5000   15.0000   30.0000 2784.4041   14.7171
    0.0000   15.0000   30.0000 2800.8738   14.6515
    7.5000   15.0000   30.0000 2776.1853   14.7547
   -7.5000   22.5000   30.0000 2696.3208   15.5074
    0.0000   22.5000   30.0000 2704.9224   15.4246
    7.5000   22.5000   30.0000 2685.1619   15.5222
   -7.5000   30.0000   30.0000 2596.0867   16.5271
    0.0000   30.0000   30.0000 2600.5564   16.4327
    7.5000   30.0000   30.0000 2579.1423   16.5520
   -7.5000   37.5000   30.0000 2487.3113   17.9301
    0.0000   37.5000   30.0000 2496.8584   17.8564
    7.5000   37.5000   30.0000 2476.6965   17.9750
   -7.5000   45.0000   30.0000 2345.5791   19.8592
    0.0000   45.0000   30.0000 2360.0244   19.8041
    7.5000   45.0000   30.0000 2344.8757   19.9045
   -7.5000  -45.0000   37.5000 2394.3247   19.3309
    0.0000  -45.0000   37.5000 2417.1560   19.3344
    7.5000  -45.0000   37.5000 2418.4766   19.8826
   -7.5000  -37.5000   37.5000 2515.8567   17.6221
    0.0000  -37.5000   37.5000 2541.7617   17.5997
    7.5000  -37.5000   37.5000 2539.2915   18.0744
   -7.5000  -30.0000   37.5000 2629.3330   16.2860
    0.0000  -30.0000   37.5000 2657.4424   16.2725
    7.5000  -30.0000   37.5000 2654.5757   16.6685
   -7.5000  -22.5000   37.5000 2724.3972   15.2732
    0.0000  -22.5000   37.5000 2748.1606   15.1563
    7.5000  -22.5000   37.5000 2750.6602   15.6165
   -7.5000  -15.0000   37.5000 2789.4988   14.5745
    0.0000  -15.0000   37.5000 2815.0996   14.4133
    7.5000  -15.0000   37.5000 2806.5811   14.8766
   -7.5000   -7.5000   37.5000 2830.7485   14.2690
    0.0000   -7.5000   37.5000 2854.2192   14.1409
    7.5000   -7.5000   37.5000 2844.2043   14.5090
   -7.5000    0.0000   37.5000 2845.5015   14.3775
    0.0000    0.0000   37.5000 2871.5232   14.2593
    7.5000    0.0000   37.5000 2840.8625   14.5424
   -7.5000    7.5000   37.5000 2813.1550   14.7511
    0.0000    7.5000   37.5000 2833.3662   14.6674
    7.5000    7.5000   37.5000 2807.3401   14.8839
   -7.5000   15.0000   37.5000 2741.5134   15.3593
    0.0000   15.0000   37.5000 2754.6345   15.2507
    7.5000   15.0000   37.5000 2737.3479   15.4279
   -7.5000   22.5000   37.5000 2662.3096   16.2031
    0.0000   22.5000   37.5000 2674.6255   16.1291
    7.5000   22.5000   37.5000 2653.9065   16.2241
   -7.5000   30.0000   37.5000 2560.9949   17.2824
    0.0000   30.0000   37.5000 2574.4541   17.2066
    7.5000   30.0000   37.5000 2555.8000   17.2525
   -7.5000   37.5000   37.5000 2442.6594   18.5722
    0.0000   37.5000   37.5000 2451.9675   18.5108
    7.5000   37.5000   37.5000 2438.9548   18.5821
   -7.5000   45.0000   37.5000 2304.2327   20.3460
    0.0000   45.0000   37.5000 2317.4944   20.3561
    7.5000   45.0000   37.5000 2293.2756   20.4226
   -7.5000  -45.0000   45.0000 2351.7107   20.2127
    0.0000  -45.0000   45.0000 2371.2246   20.2182
    7.5000  -45.0000   45.0000 2379.5881   20.8902
   -7.5000  -37.5000   45.0000 2469.8938   18.4240
    0.0000  -37.5000   45.0000 2491.1562   18.4088
    7.5000  -37.5000   45.0000 2495.2385   19.0140
   -7.5000  -30.0000   45.0000 2576.3611   16.9876
    0.0000  -30.0000   45.0000 2591.4739   16.9166
    7.5000  -30.0000   45.0000 2604.4324   17.5379
   -7.5000  -22.5000   45.0000 2668.2463   16.0153
    0.0000  -22.5000   45.0000 2687.8445   15.8392
    7.5000  -22.5000   45.0000 2691.2842   16.4183
   -7.5000  -15.0000   45.0000 2733.1873   15.3765
    0.0000  -15.0000   45.0000 2751.4280   15.2300
    7.5000  -15.0000   45.0000 2748.5081   15.6990
   -7.5000   -7.5000   45.0000 2769.0388   15.0894
    0.0000   -7.5000   45.0000 2785.0964   14.9597
    7.5000   -7.5000   45.0000 2781.7751   15.3737
   -7.5000    0.0000   45.0000 2771.8843   15.1538
    0.0000    0.0000   45.0000 2792.5901   15.0380
    7.5000    0.0000   45.0000 2774.6489   15.3817
   -7.5000    7.5000   45.0000 2738.6130   15.5182
    0.0000    7.5000   45.0000 2755.0967   15.4301
    7.5000    7.5000   45.0000 2743.3542   15.7257
   -7.5000   15.0000   45.0000 2672.9324   16.1385
    0.0000   15.0000   45.0000 2693.2439   16.0600
    7.5000   15.0000   45.0000 2676.6099   16.3119
   -7.5000   22.5000   45.0000 2601.4180   16.9543
    0.0000   22.5000   45.0000 2619.5122   16.8883
    7.5000   22.5000   45.0000 2600.3108   17.0635
   -7.5000   30.0000   45.0000 2508.0049   18.1080
    0.0000   30.0000   45.0000 2517.6638   18.0640
    7.5000   30.0000   45.0000 2503.2632   18.1877
   -7.5000   37.5000   45.0000 2381.9329   19.4582
    0.0000   37.5000   45.0000 2399.8706   19.4543
    7.5000   37.5000   45.0000 2375.4421   19.5613
   -7.5000   45.0000   45.0000 2250.1746   21.1876
    0.0000   45.0000   45.0000 2264.0605   21.2390
    7.5000   45.0000   45.0000 2237.2908   21.3295

---------------------------------------------------------------------
imgreg_4dfp /opt/freesurfer/average/711-2C_as_mni_average_305 /opt/freesurfer/average/711-2B_as_mni_average_305_mask talsrcimg_g11 none talsrcimg_to_711-2C_as_mni_average_305_t4 1283
---------------------------------------------------------------------

freesurfer imgreg_4dfp.c
/opt/freesurfer/average/711-2C_as_mni_average_305.4dfp.img
       256       256       256         1
  1.000000  1.000000  1.000000
orientation T byte_order littleendian
Reading image: /opt/freesurfer/average/711-2C_as_mni_average_305.4dfp.img
dimensions:      256       256       256
mmppix:       1.0000   -1.0000   -1.0000
center:     128.0000 -129.0000 -129.0000
/opt/freesurfer/average/711-2B_as_mni_average_305_mask.4dfp.img
       256       256       256         1
  1.000000  1.000000  1.000000
orientation T byte_order littleendian
Reading mask: /opt/freesurfer/average/711-2B_as_mni_average_305_mask.4dfp.img (2306576 pixels)
talsrcimg_g11.4dfp.img
       256       256       256         1
  1.000000  1.000000  1.000000
orientation T byte_order littleendian
Reading image: talsrcimg_g11.4dfp.img
dimensions:      256       256       256
mmppix:       1.0000   -1.0000   -1.0000
center:     128.0000 -129.0000 -129.0000
rotation matrix determinant  1.000000
fimgreg.f
image alignment mode   1283 decimal      503 hex
parameters
    0.0000   -7.5000   15.0000    0.0000    0.0000    0.0000
eta,q 0.93333 12.98144
niter,ni,del,rscale     5    3   12.0000    1.2000
parameter  6  0.961740 ->  0.500000 qaram    1.1500
parameters
   -1.4394   -7.4445   16.3359    1.4295    1.5714   -3.4500
eta,q 0.94129 12.92719
  0.0717  0.0749  0.0831  0.0677  0.0689  0.0590
  0.0665  0.0688  0.0766  0.0661  0.0662  0.0586
  0.0643  0.0656  0.0695  0.0640  0.0638  0.0594
  0.0649  0.0635  0.0635  0.0623  0.0620  0.0617
  0.0691  0.0642  0.0634  0.0620  0.0618  0.0652
  0.0753  0.0688  0.0681  0.0628  0.0629  0.0687
  0.0803  0.0747  0.0723  0.0649  0.0644  0.0719
niter,ni,del,rscale     5    3   12.0000    1.2000
parameters
   -2.7504   -8.0320   17.3038    1.4904    2.6118   -5.1905
eta,q 0.94096 13.00060
  0.0669  0.0698  0.0794  0.0651  0.0665  0.0626
  0.0608  0.0634  0.0727  0.0622  0.0634  0.0598
  0.0592  0.0595  0.0638  0.0595  0.0608  0.0591
  0.0587  0.0588  0.0586  0.0591  0.0591  0.0592
  0.0626  0.0613  0.0612  0.0601  0.0595  0.0609
  0.0701  0.0674  0.0662  0.0622  0.0608  0.0647
  0.0769  0.0747  0.0699  0.0646  0.0629  0.0689
niter,ni,del,rscale     4    3   12.0000    1.2000
parameters
   -3.2820   -8.3235   17.6270    1.7037    3.1792   -5.3967
eta,q 0.94071 13.02139
  0.0712  0.0699  0.0765  0.0649  0.0670  0.0655
  0.0618  0.0627  0.0692  0.0623  0.0632  0.0615
  0.0596  0.0594  0.0613  0.0597  0.0603  0.0595
  0.0590  0.0592  0.0591  0.0594  0.0594  0.0593
  0.0604  0.0608  0.0625  0.0599  0.0592  0.0598
  0.0673  0.0650  0.0675  0.0617  0.0610  0.0621
  0.0753  0.0715  0.0723  0.0641  0.0648  0.0662
niter,ni,del,rscale     3    3   12.0000    1.2000
parameters
   -3.4798   -8.4674   17.6772    1.8913    3.3517   -5.4373
eta,q 0.94080 13.02862
  0.0737  0.0703  0.0755  0.0646  0.0663  0.0659
  0.0635  0.0629  0.0679  0.0620  0.0626  0.0617
  0.0597  0.0596  0.0606  0.0598  0.0601  0.0594
  0.0593  0.0593  0.0593  0.0593  0.0593  0.0592
  0.0606  0.0607  0.0631  0.0596  0.0592  0.0597
  0.0666  0.0643  0.0683  0.0615  0.0617  0.0619
  0.0746  0.0708  0.0736  0.0640  0.0660  0.0659
niter,ni,del,rscale     2    3   12.0000    1.2000
parameters
   -3.5370   -8.5474   17.6937    2.0019    3.3992   -5.4466
eta,q 0.94083 13.03141
  0.0746  0.0705  0.0754  0.0645  0.0662  0.0660
  0.0643  0.0631  0.0678  0.0618  0.0625  0.0617
  0.0598  0.0596  0.0605  0.0597  0.0601  0.0594
  0.0592  0.0592  0.0592  0.0592  0.0592  0.0592
  0.0606  0.0605  0.0632  0.0596  0.0593  0.0597
  0.0662  0.0640  0.0685  0.0616  0.0620  0.0619
  0.0740  0.0705  0.0738  0.0641  0.0664  0.0658
niter,ni,del,rscale     1    3   12.0000    1.2000
parameters
   -3.5500   -8.5959   17.7083    2.0632    3.4157   -5.4503
eta,q 0.94084 13.03308
  0.0749  0.0706  0.0754  0.0645  0.0661  0.0660
  0.0646  0.0632  0.0678  0.0617  0.0625  0.0617
  0.0598  0.0597  0.0605  0.0597  0.0601  0.0593
  0.0592  0.0592  0.0592  0.0592  0.0592  0.0592
  0.0606  0.0605  0.0632  0.0596  0.0593  0.0597
  0.0662  0.0639  0.0685  0.0617  0.0621  0.0620
  0.0739  0.0704  0.0739  0.0642  0.0665  0.0658
registration optimization eta report
parameter search radius
    6.0000    6.0000    6.0000    6.0000    6.0000    6.9000
100000*second partial in parameter space
       44.       32.       41.       14.       20.       15.
  0.0749  0.0706  0.0754  0.0645  0.0661  0.0660
  0.0646  0.0632  0.0678  0.0617  0.0625  0.0617
  0.0598  0.0597  0.0605  0.0597  0.0601  0.0593
  0.0592  0.0592  0.0592  0.0592  0.0592  0.0592
  0.0606  0.0605  0.0632  0.0596  0.0593  0.0597
  0.0662  0.0639  0.0685  0.0617  0.0621  0.0620
  0.0739  0.0704  0.0739  0.0642  0.0665  0.0658
   -3.5500   -8.5959   17.7083    2.0632    3.4157   -5.4503
eta,q 0.94084 13.03308

---------------------------------------------------------------------
imgreg_4dfp /opt/freesurfer/average/711-2C_as_mni_average_305 /opt/freesurfer/average/711-2B_as_mni_average_305_mask talsrcimg_g11 none talsrcimg_to_711-2C_as_mni_average_305_t4 3335
---------------------------------------------------------------------

freesurfer imgreg_4dfp.c
/opt/freesurfer/average/711-2C_as_mni_average_305.4dfp.img
       256       256       256         1
  1.000000  1.000000  1.000000
orientation T byte_order littleendian
Reading image: /opt/freesurfer/average/711-2C_as_mni_average_305.4dfp.img
dimensions:      256       256       256
mmppix:       1.0000   -1.0000   -1.0000
center:     128.0000 -129.0000 -129.0000
/opt/freesurfer/average/711-2B_as_mni_average_305_mask.4dfp.img
       256       256       256         1
  1.000000  1.000000  1.000000
orientation T byte_order littleendian
Reading mask: /opt/freesurfer/average/711-2B_as_mni_average_305_mask.4dfp.img (2306576 pixels)
talsrcimg_g11.4dfp.img
       256       256       256         1
  1.000000  1.000000  1.000000
orientation T byte_order littleendian
Reading image: talsrcimg_g11.4dfp.img
dimensions:      256       256       256
mmppix:       1.0000   -1.0000   -1.0000
center:     128.0000 -129.0000 -129.0000
fimgreg.f
image alignment mode   3335 decimal      D07 hex
parameters
   -3.5500   -8.5959   17.7083   -0.6289   -0.4963   -0.2424
    9.2786   -6.2691   -9.4814   -3.0185    5.9579    3.5939
eta,q 0.94008 13.11649
niter,ni,del,rscale     5    3    5.0000    1.2000
parameter  4  3.694998 ->  0.500000 qaram    1.1500
parameter  5  3.937322 ->  0.500000 qaram    1.1500
parameter  6  0.621223 ->  0.500000 qaram    1.1500
parameters
   -3.2543   -8.8387   17.1683   -4.7689   -4.6363   -4.3824
    8.0571   -4.8154   -6.8950   -3.6368    5.4826    1.4569
eta,q 0.96668 13.44417
  0.0639  0.0611  0.0613  0.0439  0.0342  0.0354  0.0373  0.0467  0.0384  0.0369  0.0357  0.0342
  0.0620  0.0603  0.0601  0.0466  0.0369  0.0344  0.0353  0.0413  0.0364  0.0350  0.0343  0.0336
  0.0606  0.0598  0.0596  0.0521  0.0416  0.0346  0.0343  0.0367  0.0349  0.0339  0.0336  0.0333
  0.0599  0.0598  0.0598  0.0596  0.0478  0.0380  0.0343  0.0342  0.0338  0.0334  0.0334  0.0334
  0.0600  0.0602  0.0606  0.0676  0.0548  0.0450  0.0354  0.0340  0.0334  0.0341  0.0338  0.0339
  0.0608  0.0609  0.0618  0.0750  0.0606  0.0537  0.0375  0.0360  0.0337  0.0359  0.0348  0.0351
  0.0624  0.0615  0.0633  0.0805  0.0659  0.0648  0.0403  0.0398  0.0346  0.0384  0.0364  0.0368
niter,ni,del,rscale     7    3    5.0000    1.2000
parameter  2 -0.638943 -> -0.500000 qaram    1.1500
parameter  3  0.764922 ->  0.500000 qaram    1.1500
parameter  5  0.753190 ->  0.500000 qaram    1.3225
parameters
   -3.3797   -7.4587   15.7883   -8.8262   -9.3973   -5.1992
    8.0236   -4.8377   -6.0915   -0.9019    7.6397    0.8743
eta,q 0.97316 13.17198
  0.0377  0.0400  0.0310  0.0312  0.0273  0.0311  0.0300  0.0321  0.0296  0.0315  0.0277  0.0276
  0.0351  0.0373  0.0309  0.0303  0.0268  0.0296  0.0286  0.0288  0.0284  0.0297  0.0272  0.0273
  0.0337  0.0350  0.0312  0.0298  0.0273  0.0283  0.0276  0.0274  0.0276  0.0282  0.0270  0.0270
  0.0333  0.0333  0.0321  0.0309  0.0299  0.0268  0.0273  0.0273  0.0273  0.0272  0.0269  0.0268
  0.0341  0.0323  0.0334  0.0356  0.0351  0.0258  0.0276  0.0277  0.0273  0.0269  0.0268  0.0269
  0.0359  0.0321  0.0351  0.0433  0.0417  0.0287  0.0285  0.0291  0.0278  0.0270  0.0268  0.0273
  0.0386  0.0326  0.0372  0.0519  0.0468  0.0373  0.0301  0.0319  0.0287  0.0279  0.0271  0.0281
niter,ni,del,rscale     7    3    5.0000    1.2000
parameter  2 -1.024664 -> -0.500000 qaram    1.3225
parameter 12  0.551265 ->  0.500000 qaram    1.1500
parameters
   -3.0855   -5.8717   14.5630   -9.3860  -12.0272   -5.9090
    7.8269   -4.7761   -6.6509    0.6733    8.8680   -3.2657
eta,q 0.97599 12.98932
  0.0301  0.0356  0.0241  0.0278  0.0275  0.0284  0.0269  0.0296  0.0260  0.0282  0.0249  0.0242
  0.0285  0.0322  0.0237  0.0263  0.0257  0.0269  0.0256  0.0264  0.0252  0.0266  0.0246  0.0240
  0.0274  0.0293  0.0236  0.0249  0.0243  0.0256  0.0249  0.0249  0.0247  0.0254  0.0245  0.0241
  0.0268  0.0268  0.0239  0.0236  0.0239  0.0242  0.0246  0.0246  0.0246  0.0246  0.0243  0.0243
  0.0269  0.0248  0.0246  0.0232  0.0260  0.0231  0.0248  0.0249  0.0248  0.0244  0.0243  0.0247
  0.0275  0.0237  0.0257  0.0256  0.0315  0.0257  0.0257  0.0263  0.0255  0.0249  0.0243  0.0253
  0.0289  0.0238  0.0271  0.0315  0.0389  0.0341  0.0273  0.0294  0.0266  0.0261  0.0247  0.0262
niter,ni,del,rscale     7    3    5.0000    1.2000
parameter  2 -0.511975 -> -0.500000 qaram    1.5209
parameters
   -2.9892   -4.0466   14.1485   -9.2320  -13.5157   -6.0583
    8.0939   -4.9445   -7.5476    3.2274    9.5935   -5.9626
eta,q 0.97714 12.94819
  0.0271  0.0325  0.0238  0.0272  0.0277  0.0277  0.0263  0.0286  0.0247  0.0269  0.0238  0.0234
  0.0255  0.0290  0.0231  0.0256  0.0257  0.0260  0.0247  0.0253  0.0237  0.0251  0.0234  0.0230
  0.0244  0.0261  0.0228  0.0242  0.0240  0.0246  0.0237  0.0237  0.0233  0.0239  0.0231  0.0229
  0.0240  0.0240  0.0228  0.0227  0.0227  0.0232  0.0233  0.0233  0.0233  0.0232  0.0230  0.0229
  0.0242  0.0229  0.0231  0.0221  0.0232  0.0218  0.0235  0.0238  0.0237  0.0230  0.0229  0.0233
  0.0251  0.0229  0.0237  0.0237  0.0277  0.0235  0.0244  0.0257  0.0244  0.0232  0.0231  0.0240
  0.0267  0.0240  0.0246  0.0286  0.0353  0.0310  0.0259  0.0291  0.0255  0.0238  0.0236  0.0249
niter,ni,del,rscale     7    3    5.0000    1.2000
parameters
   -2.9640   -3.6775   13.6098   -9.1668  -14.0524   -6.5963
    8.4225   -5.0452   -7.8975    4.5374    9.5119   -6.2346
eta,q 0.97685 12.90865
  0.0261  0.0292  0.0238  0.0272  0.0277  0.0275  0.0262  0.0287  0.0248  0.0258  0.0240  0.0242
  0.0243  0.0259  0.0230  0.0256  0.0258  0.0258  0.0246  0.0254  0.0238  0.0243  0.0236  0.0236
  0.0232  0.0238  0.0227  0.0241  0.0241  0.0243  0.0236  0.0237  0.0233  0.0236  0.0233  0.0233
  0.0229  0.0229  0.0228  0.0227  0.0227  0.0229  0.0232  0.0232  0.0232  0.0232  0.0231  0.0232
  0.0232  0.0231  0.0232  0.0222  0.0221  0.0217  0.0234  0.0237  0.0235  0.0232  0.0232  0.0233
  0.0242  0.0245  0.0239  0.0240  0.0247  0.0242  0.0243  0.0256  0.0241  0.0235  0.0235  0.0237
  0.0260  0.0271  0.0248  0.0287  0.0316  0.0325  0.0257  0.0290  0.0250  0.0243  0.0242  0.0244
niter,ni,del,rscale     6    3    5.0000    1.2000
parameters
   -3.0280   -3.2526   13.1905   -9.1643  -14.5695   -7.2028
    8.6560   -5.0923   -7.8738    6.0169    9.5463   -6.1769
eta,q 0.97659 12.86158
  0.0261  0.0292  0.0242  0.0273  0.0275  0.0275  0.0263  0.0288  0.0251  0.0257  0.0243  0.0245
  0.0244  0.0261  0.0233  0.0257  0.0258  0.0258  0.0248  0.0256  0.0241  0.0246  0.0238  0.0240
  0.0235  0.0240  0.0230  0.0244  0.0243  0.0245  0.0238  0.0239  0.0236  0.0239  0.0235  0.0236
  0.0232  0.0232  0.0231  0.0230  0.0230  0.0232  0.0235  0.0235  0.0235  0.0235  0.0234  0.0234
  0.0235  0.0233  0.0235  0.0225  0.0224  0.0222  0.0237  0.0240  0.0237  0.0234  0.0234  0.0235
  0.0246  0.0245  0.0241  0.0243  0.0247  0.0245  0.0246  0.0257  0.0242  0.0237  0.0237  0.0239
  0.0265  0.0269  0.0250  0.0289  0.0311  0.0323  0.0259  0.0289  0.0250  0.0244  0.0243  0.0246
niter,ni,del,rscale     5    3    5.0000    1.2000
parameters
   -3.0932   -2.7753   12.7006   -9.1644  -15.2556   -7.9885
    8.8792   -5.1473   -7.7200    7.8560    9.5196   -6.0295
eta,q 0.97642 12.79481
  0.0262  0.0293  0.0243  0.0274  0.0272  0.0272  0.0263  0.0288  0.0254  0.0260  0.0244  0.0248
  0.0246  0.0263  0.0235  0.0258  0.0256  0.0257  0.0249  0.0257  0.0245  0.0250  0.0239  0.0242
  0.0237  0.0244  0.0232  0.0245  0.0243  0.0245  0.0241  0.0241  0.0239  0.0242  0.0237  0.0238
  0.0234  0.0234  0.0233  0.0232  0.0232  0.0234  0.0238  0.0238  0.0237  0.0238  0.0236  0.0236
  0.0238  0.0234  0.0237  0.0227  0.0228  0.0226  0.0240  0.0242  0.0239  0.0236  0.0236  0.0237
  0.0248  0.0246  0.0244  0.0244  0.0249  0.0249  0.0247  0.0259  0.0244  0.0238  0.0239  0.0241
  0.0266  0.0269  0.0252  0.0289  0.0309  0.0324  0.0260  0.0288  0.0252  0.0246  0.0245  0.0248
niter,ni,del,rscale     4    3    5.0000    1.2000
parameters
   -3.1514   -2.1986   12.1545   -9.1658  -16.1032   -8.9484
    9.0365   -5.1339   -7.4585    9.6327    9.3110   -6.0762
eta,q 0.97626 12.70702
  0.0263  0.0298  0.0244  0.0273  0.0270  0.0269  0.0263  0.0287  0.0257  0.0264  0.0244  0.0249
  0.0248  0.0268  0.0236  0.0258  0.0255  0.0255  0.0250  0.0257  0.0248  0.0253  0.0241  0.0243
  0.0238  0.0247  0.0233  0.0245  0.0242  0.0245  0.0242  0.0243  0.0242  0.0245  0.0238  0.0239
  0.0236  0.0236  0.0234  0.0233  0.0233  0.0235  0.0239  0.0239  0.0239  0.0239  0.0237  0.0237
  0.0239  0.0235  0.0238  0.0228  0.0230  0.0230  0.0241  0.0243  0.0241  0.0237  0.0238  0.0238
  0.0250  0.0246  0.0245  0.0244  0.0252  0.0254  0.0249  0.0258  0.0246  0.0240  0.0240  0.0243
  0.0266  0.0269  0.0254  0.0288  0.0308  0.0320  0.0261  0.0285  0.0255  0.0249  0.0246  0.0250
niter,ni,del,rscale     3    3    5.0000    1.2000
parameters
   -3.1686   -1.6494   11.6807   -9.0998  -16.8469   -9.8628
    9.0926   -5.0049   -7.3583   10.9878    9.2125   -6.3090
eta,q 0.97609 12.63250
  0.0265  0.0301  0.0246  0.0274  0.0272  0.0267  0.0263  0.0286  0.0258  0.0264  0.0246  0.0250
  0.0249  0.0270  0.0239  0.0259  0.0256  0.0255  0.0251  0.0258  0.0249  0.0253  0.0242  0.0245
  0.0240  0.0248  0.0236  0.0247  0.0244  0.0246  0.0243  0.0244  0.0243  0.0245  0.0240  0.0240
  0.0237  0.0237  0.0236  0.0236  0.0235  0.0237  0.0240  0.0240  0.0240  0.0240  0.0239  0.0239
  0.0241  0.0238  0.0240  0.0231  0.0233  0.0231  0.0242  0.0244  0.0242  0.0239  0.0239  0.0240
  0.0250  0.0249  0.0246  0.0245  0.0253  0.0254  0.0250  0.0257  0.0248  0.0243  0.0242  0.0245
  0.0265  0.0272  0.0255  0.0287  0.0303  0.0310  0.0262  0.0282  0.0258  0.0252  0.0248  0.0252
niter,ni,del,rscale     2    3    5.0000    1.2000
parameters
   -3.1272   -1.2218   11.3221   -9.0212  -17.3927  -10.5903
    9.0924   -4.8428   -7.3562   11.9986    9.1195   -6.5513
eta,q 0.97591 12.58075
  0.0267  0.0300  0.0249  0.0275  0.0275  0.0267  0.0263  0.0286  0.0260  0.0264  0.0248  0.0252
  0.0252  0.0269  0.0242  0.0260  0.0259  0.0255  0.0252  0.0259  0.0250  0.0253  0.0244  0.0246
  0.0243  0.0248  0.0239  0.0249  0.0246  0.0247  0.0244  0.0246  0.0244  0.0246  0.0242  0.0242
  0.0239  0.0239  0.0239  0.0238  0.0238  0.0239  0.0242  0.0242  0.0242  0.0241  0.0241  0.0241
  0.0242  0.0241  0.0242  0.0233  0.0235  0.0232  0.0244  0.0245  0.0244  0.0241  0.0241  0.0242
  0.0250  0.0254  0.0247  0.0247  0.0253  0.0252  0.0251  0.0257  0.0250  0.0245  0.0244  0.0247
  0.0265  0.0277  0.0256  0.0287  0.0300  0.0300  0.0264  0.0281  0.0260  0.0255  0.0249  0.0254
niter,ni,del,rscale     1    3    5.0000    1.2000
parameters
   -3.0656   -0.9022   11.0435   -8.9753  -17.7851  -11.1527
    9.0551   -4.6775   -7.3772   12.7626    9.0042   -6.7376
eta,q 0.97577 12.54354
  0.0268  0.0298  0.0251  0.0276  0.0277  0.0268  0.0264  0.0285  0.0261  0.0264  0.0249  0.0254
  0.0254  0.0268  0.0244  0.0261  0.0261  0.0256  0.0253  0.0260  0.0251  0.0254  0.0245  0.0248
  0.0244  0.0249  0.0241  0.0250  0.0249  0.0248  0.0245  0.0247  0.0245  0.0246  0.0243  0.0244
  0.0241  0.0241  0.0241  0.0240  0.0240  0.0241  0.0243  0.0243  0.0243  0.0243  0.0242  0.0242
  0.0243  0.0244  0.0243  0.0236  0.0237  0.0234  0.0245  0.0245  0.0245  0.0243  0.0243  0.0244
  0.0251  0.0257  0.0248  0.0249  0.0254  0.0250  0.0253  0.0257  0.0251  0.0247  0.0245  0.0248
  0.0266  0.0280  0.0256  0.0288  0.0298  0.0294  0.0265  0.0281  0.0261  0.0257  0.0251  0.0255
registration optimization eta report
parameter search radius
    2.4000    3.6501    2.7600    8.2800    9.5220    8.2800
    7.2000    7.2000    7.2000    7.2000    7.2000    8.2800
100000*second partial in parameter space
       45.       36.       17.        6.        5.        6.
        4.        8.        4.        3.        2.        2.
  0.0268  0.0298  0.0251  0.0276  0.0277  0.0268  0.0264  0.0285  0.0261  0.0264  0.0249  0.0254
  0.0254  0.0268  0.0244  0.0261  0.0261  0.0256  0.0253  0.0260  0.0251  0.0254  0.0245  0.0248
  0.0244  0.0249  0.0241  0.0250  0.0249  0.0248  0.0245  0.0247  0.0245  0.0246  0.0243  0.0244
  0.0241  0.0241  0.0241  0.0240  0.0240  0.0241  0.0243  0.0243  0.0243  0.0243  0.0242  0.0242
  0.0243  0.0244  0.0243  0.0236  0.0237  0.0234  0.0245  0.0245  0.0245  0.0243  0.0243  0.0244
  0.0251  0.0257  0.0248  0.0249  0.0254  0.0250  0.0253  0.0257  0.0251  0.0247  0.0245  0.0248
  0.0266  0.0280  0.0256  0.0288  0.0298  0.0294  0.0265  0.0281  0.0261  0.0257  0.0251  0.0255
   -3.0656   -0.9022   11.0435   -8.9753  -17.7851  -11.1527
    9.0551   -4.6775   -7.3772   12.7626    9.0042   -6.7376
eta,q 0.97577 12.54354

---------------------------------------------------------------------
imgreg_4dfp /opt/freesurfer/average/711-2C_as_mni_average_305 /opt/freesurfer/average/711-2B_as_mni_average_305_mask talsrcimg_g11 none talsrcimg_to_711-2C_as_mni_average_305_t4 2311
---------------------------------------------------------------------

freesurfer imgreg_4dfp.c
/opt/freesurfer/average/711-2C_as_mni_average_305.4dfp.img
       256       256       256         1
  1.000000  1.000000  1.000000
orientation T byte_order littleendian
Reading image: /opt/freesurfer/average/711-2C_as_mni_average_305.4dfp.img
dimensions:      256       256       256
mmppix:       1.0000   -1.0000   -1.0000
center:     128.0000 -129.0000 -129.0000
/opt/freesurfer/average/711-2B_as_mni_average_305_mask.4dfp.img
       256       256       256         1
  1.000000  1.000000  1.000000
orientation T byte_order littleendian
Reading mask: /opt/freesurfer/average/711-2B_as_mni_average_305_mask.4dfp.img (2306576 pixels)
talsrcimg_g11.4dfp.img
       256       256       256         1
  1.000000  1.000000  1.000000
orientation T byte_order littleendian
Reading image: talsrcimg_g11.4dfp.img
dimensions:      256       256       256
mmppix:       1.0000   -1.0000   -1.0000
center:     128.0000 -129.0000 -129.0000
fimgreg.f
image alignment mode   2311 decimal      907 hex
parameters
   -3.0656   -0.9022   11.0435   -8.9753  -17.7851  -11.1527
    9.0551   -4.6775   -7.3772   12.7626    9.0042   -6.7376
eta,q 0.97577 12.54354
niter,ni,del,rscale     5    3    5.0000    0.8000
parameters
   -2.9934   -0.7041   10.8495   -6.7790  -15.9228  -10.3498
    8.8678   -4.6023   -7.1616   12.9597    8.7677   -7.1654
eta,q 0.97678 12.77156
  0.0255  0.0254  0.0245  0.0259  0.0252  0.0247  0.0245  0.0263  0.0244  0.0244  0.0239  0.0237
  0.0248  0.0248  0.0243  0.0253  0.0246  0.0242  0.0238  0.0246  0.0238  0.0239  0.0235  0.0234
  0.0244  0.0244  0.0242  0.0247  0.0242  0.0238  0.0234  0.0236  0.0234  0.0235  0.0233  0.0233
  0.0242  0.0242  0.0242  0.0242  0.0238  0.0234  0.0232  0.0232  0.0232  0.0232  0.0232  0.0232
  0.0243  0.0243  0.0243  0.0238  0.0235  0.0231  0.0234  0.0235  0.0233  0.0233  0.0233  0.0233
  0.0247  0.0245  0.0245  0.0238  0.0235  0.0231  0.0239  0.0245  0.0236  0.0236  0.0236  0.0235
  0.0253  0.0249  0.0247  0.0244  0.0240  0.0244  0.0248  0.0261  0.0242  0.0244  0.0241  0.0239
niter,ni,del,rscale     4    3    5.0000    0.7000
parameters
   -2.9881   -0.9318   11.0517   -7.3130  -16.0303   -9.4111
    8.8893   -4.5266   -7.0868   12.5147    8.8985   -7.3495
eta,q 0.97702 12.77690
  0.0245  0.0238  0.0238  0.0244  0.0242  0.0245  0.0240  0.0254  0.0238  0.0237  0.0236  0.0234
  0.0238  0.0234  0.0235  0.0239  0.0238  0.0241  0.0234  0.0241  0.0233  0.0233  0.0233  0.0232
  0.0234  0.0232  0.0233  0.0234  0.0235  0.0237  0.0231  0.0233  0.0231  0.0231  0.0231  0.0230
  0.0232  0.0232  0.0232  0.0232  0.0232  0.0233  0.0230  0.0230  0.0230  0.0230  0.0230  0.0230
  0.0234  0.0234  0.0232  0.0234  0.0232  0.0229  0.0231  0.0232  0.0230  0.0231  0.0230  0.0230
  0.0238  0.0238  0.0233  0.0241  0.0236  0.0230  0.0234  0.0240  0.0233  0.0235  0.0232  0.0232
  0.0245  0.0244  0.0235  0.0257  0.0246  0.0240  0.0240  0.0253  0.0237  0.0243  0.0235  0.0235
niter,ni,del,rscale     3    3    5.0000    0.6000
parameters
   -2.9497   -1.0320   11.2188   -7.3638  -15.6064   -8.9773
    8.8703   -4.5300   -7.0993   12.1583    9.0191   -7.5354
eta,q 0.97719 12.81214
  0.0239  0.0235  0.0235  0.0241  0.0238  0.0241  0.0236  0.0246  0.0234  0.0234  0.0233  0.0231
  0.0234  0.0232  0.0232  0.0236  0.0235  0.0237  0.0231  0.0236  0.0231  0.0231  0.0230  0.0229
  0.0231  0.0230  0.0230  0.0232  0.0232  0.0233  0.0229  0.0230  0.0229  0.0229  0.0229  0.0228
  0.0230  0.0230  0.0230  0.0230  0.0230  0.0229  0.0228  0.0228  0.0228  0.0228  0.0228  0.0228
  0.0231  0.0231  0.0230  0.0230  0.0229  0.0227  0.0229  0.0230  0.0229  0.0229  0.0228  0.0229
  0.0233  0.0233  0.0231  0.0234  0.0231  0.0229  0.0231  0.0236  0.0231  0.0232  0.0230  0.0230
  0.0238  0.0237  0.0232  0.0244  0.0236  0.0240  0.0236  0.0246  0.0234  0.0238  0.0232  0.0232
niter,ni,del,rscale     2    3    5.0000    0.5000
parameters
   -2.9317   -1.1574   11.3561   -7.3069  -15.2591   -8.4418
    8.8466   -4.5800   -7.1090   11.7854    9.0630   -7.6982
eta,q 0.97738 12.84981
  0.0235  0.0231  0.0232  0.0237  0.0234  0.0238  0.0232  0.0240  0.0230  0.0231  0.0230  0.0229
  0.0231  0.0229  0.0230  0.0233  0.0232  0.0235  0.0229  0.0232  0.0228  0.0228  0.0228  0.0227
  0.0229  0.0228  0.0228  0.0230  0.0229  0.0231  0.0227  0.0228  0.0227  0.0227  0.0227  0.0227
  0.0228  0.0228  0.0228  0.0228  0.0228  0.0228  0.0226  0.0226  0.0226  0.0226  0.0226  0.0226
  0.0229  0.0229  0.0228  0.0228  0.0227  0.0226  0.0227  0.0228  0.0227  0.0227  0.0227  0.0227
  0.0231  0.0231  0.0229  0.0231  0.0229  0.0227  0.0229  0.0233  0.0228  0.0230  0.0228  0.0228
  0.0234  0.0234  0.0230  0.0237  0.0233  0.0235  0.0232  0.0241  0.0230  0.0234  0.0230  0.0229
niter,ni,del,rscale     1    3    5.0000    0.4000
parameters
   -2.9344   -1.2807   11.5697   -7.2639  -14.9659   -7.8561
    8.8150   -4.6366   -7.1010   11.3612    9.0768   -7.8387
eta,q 0.97754 12.88694
  0.0231  0.0228  0.0230  0.0232  0.0231  0.0234  0.0228  0.0234  0.0227  0.0227  0.0227  0.0226
  0.0228  0.0227  0.0228  0.0229  0.0229  0.0232  0.0226  0.0229  0.0226  0.0226  0.0226  0.0225
  0.0227  0.0226  0.0227  0.0227  0.0227  0.0229  0.0225  0.0226  0.0225  0.0225  0.0225  0.0225
  0.0226  0.0226  0.0226  0.0226  0.0226  0.0226  0.0225  0.0225  0.0225  0.0225  0.0225  0.0225
  0.0227  0.0227  0.0226  0.0226  0.0226  0.0225  0.0225  0.0226  0.0225  0.0225  0.0225  0.0225
  0.0228  0.0228  0.0226  0.0228  0.0227  0.0226  0.0226  0.0229  0.0226  0.0227  0.0226  0.0226
  0.0231  0.0230  0.0227  0.0232  0.0229  0.0230  0.0229  0.0235  0.0227  0.0230  0.0227  0.0227
registration optimization eta report
parameter search radius
    0.8000    0.8000    0.8000    2.4000    2.4000    2.4000
    2.4000    2.4000    2.4000    2.4000    2.4000    2.4000
100000*second partial in parameter space
       68.       48.       34.       11.        7.       11.
        6.       17.        5.        7.        4.        3.
  0.0231  0.0228  0.0230  0.0232  0.0231  0.0234  0.0228  0.0234  0.0227  0.0227  0.0227  0.0226
  0.0228  0.0227  0.0228  0.0229  0.0229  0.0232  0.0226  0.0229  0.0226  0.0226  0.0226  0.0225
  0.0227  0.0226  0.0227  0.0227  0.0227  0.0229  0.0225  0.0226  0.0225  0.0225  0.0225  0.0225
  0.0226  0.0226  0.0226  0.0226  0.0226  0.0226  0.0225  0.0225  0.0225  0.0225  0.0225  0.0225
  0.0227  0.0227  0.0226  0.0226  0.0226  0.0225  0.0225  0.0226  0.0225  0.0225  0.0225  0.0225
  0.0228  0.0228  0.0226  0.0228  0.0227  0.0226  0.0226  0.0229  0.0226  0.0227  0.0226  0.0226
  0.0231  0.0230  0.0227  0.0232  0.0229  0.0230  0.0229  0.0235  0.0227  0.0230  0.0227  0.0227
   -2.9344   -1.2807   11.5697   -7.2639  -14.9659   -7.8561
    8.8150   -4.6366   -7.1010   11.3612    9.0768   -7.8387
eta,q 0.97754 12.88694

---------------------------------------------------------------------
imgreg_4dfp /opt/freesurfer/average/711-2C_as_mni_average_305 /opt/freesurfer/average/711-2B_as_mni_average_305_mask talsrcimg_g11 none talsrcimg_to_711-2C_as_mni_average_305_t4 2311
---------------------------------------------------------------------

freesurfer imgreg_4dfp.c
/opt/freesurfer/average/711-2C_as_mni_average_305.4dfp.img
       256       256       256         1
  1.000000  1.000000  1.000000
orientation T byte_order littleendian
Reading image: /opt/freesurfer/average/711-2C_as_mni_average_305.4dfp.img
dimensions:      256       256       256
mmppix:       1.0000   -1.0000   -1.0000
center:     128.0000 -129.0000 -129.0000
/opt/freesurfer/average/711-2B_as_mni_average_305_mask.4dfp.img
       256       256       256         1
  1.000000  1.000000  1.000000
orientation T byte_order littleendian
Reading mask: /opt/freesurfer/average/711-2B_as_mni_average_305_mask.4dfp.img (2306576 pixels)
talsrcimg_g11.4dfp.img
       256       256       256         1
  1.000000  1.000000  1.000000
orientation T byte_order littleendian
Reading image: talsrcimg_g11.4dfp.img
dimensions:      256       256       256
mmppix:       1.0000   -1.0000   -1.0000
center:     128.0000 -129.0000 -129.0000
fimgreg.f
image alignment mode   2311 decimal      907 hex
parameters
   -2.9344   -1.2807   11.5697   -7.2639  -14.9659   -7.8561
    8.8150   -4.6366   -7.1010   11.3612    9.0768   -7.8387
eta,q 0.97754 12.88693
niter,ni,del,rscale     5    3    5.0000    0.8000
parameters
   -2.9622   -1.4355   11.9409   -7.9064  -15.5264   -8.1331
    8.8884   -4.5951   -7.0519   10.9722    9.1915   -7.2058
eta,q 0.97734 12.83256
  0.0242  0.0235  0.0239  0.0241  0.0236  0.0244  0.0240  0.0256  0.0236  0.0237  0.0233  0.0233
  0.0232  0.0229  0.0231  0.0234  0.0232  0.0238  0.0233  0.0239  0.0231  0.0231  0.0230  0.0230
  0.0227  0.0225  0.0227  0.0227  0.0228  0.0232  0.0228  0.0230  0.0228  0.0228  0.0228  0.0228
  0.0225  0.0225  0.0225  0.0224  0.0225  0.0226  0.0227  0.0227  0.0227  0.0227  0.0227  0.0227
  0.0227  0.0227  0.0224  0.0227  0.0226  0.0224  0.0228  0.0230  0.0228  0.0228  0.0227  0.0227
  0.0233  0.0232  0.0226  0.0238  0.0233  0.0235  0.0232  0.0239  0.0231  0.0233  0.0229  0.0228
  0.0243  0.0239  0.0229  0.0259  0.0249  0.0257  0.0239  0.0255  0.0236  0.0242  0.0233  0.0231
niter,ni,del,rscale     4    3    5.0000    0.7000
parameters
   -2.9786   -1.5097   11.7556   -7.7029  -15.1779   -8.2487
    8.9055   -4.6957   -7.0711   10.8522    9.2581   -7.2020
eta,q 0.97740 12.85088
  0.0238  0.0234  0.0231  0.0242  0.0237  0.0241  0.0236  0.0249  0.0233  0.0235  0.0232  0.0230
  0.0232  0.0230  0.0228  0.0236  0.0233  0.0236  0.0231  0.0236  0.0229  0.0230  0.0229  0.0228
  0.0228  0.0227  0.0227  0.0230  0.0229  0.0231  0.0227  0.0228  0.0227  0.0227  0.0227  0.0227
  0.0227  0.0227  0.0227  0.0226  0.0226  0.0226  0.0226  0.0226  0.0226  0.0226  0.0226  0.0226
  0.0228  0.0228  0.0228  0.0226  0.0225  0.0224  0.0227  0.0229  0.0227  0.0227  0.0226  0.0227
  0.0232  0.0231  0.0230  0.0231  0.0228  0.0232  0.0230  0.0237  0.0229  0.0230  0.0228  0.0228
  0.0239  0.0236  0.0233  0.0242  0.0236  0.0249  0.0237  0.0251  0.0234  0.0237  0.0232  0.0230
niter,ni,del,rscale     3    3    5.0000    0.6000
parameters
   -2.9917   -1.5408   11.7232   -7.5229  -14.9316   -8.0541
    8.8965   -4.7588   -7.0727   10.7677    9.2621   -7.3210
eta,q 0.97751 12.87602
  0.0235  0.0232  0.0230  0.0239  0.0234  0.0239  0.0233  0.0243  0.0231  0.0232  0.0230  0.0228
  0.0230  0.0229  0.0228  0.0233  0.0231  0.0235  0.0229  0.0233  0.0227  0.0228  0.0227  0.0226
  0.0227  0.0227  0.0226  0.0229  0.0228  0.0230  0.0226  0.0227  0.0225  0.0226  0.0226  0.0225
  0.0226  0.0226  0.0226  0.0226  0.0226  0.0225  0.0225  0.0225  0.0225  0.0225  0.0225  0.0225
  0.0227  0.0227  0.0227  0.0226  0.0225  0.0224  0.0226  0.0227  0.0226  0.0225  0.0225  0.0225
  0.0230  0.0229  0.0228  0.0230  0.0228  0.0228  0.0228  0.0234  0.0227  0.0228  0.0227  0.0227
  0.0235  0.0233  0.0230  0.0238  0.0234  0.0240  0.0233  0.0245  0.0231  0.0233  0.0230  0.0229
niter,ni,del,rscale     2    3    5.0000    0.5000
parameters
   -2.9984   -1.5838   11.8176   -7.3976  -14.7300   -7.6576
    8.8677   -4.7966   -7.0679   10.5862    9.2472   -7.4945
eta,q 0.97764 12.90515
  0.0232  0.0229  0.0229  0.0234  0.0231  0.0236  0.0229  0.0238  0.0228  0.0228  0.0227  0.0226
  0.0228  0.0227  0.0227  0.0230  0.0229  0.0232  0.0226  0.0230  0.0225  0.0226  0.0225  0.0225
  0.0226  0.0225  0.0225  0.0227  0.0226  0.0228  0.0224  0.0225  0.0224  0.0224  0.0224  0.0224
  0.0225  0.0225  0.0225  0.0225  0.0225  0.0225  0.0224  0.0224  0.0224  0.0224  0.0224  0.0224
  0.0226  0.0226  0.0225  0.0225  0.0225  0.0223  0.0224  0.0225  0.0224  0.0224  0.0224  0.0224
  0.0228  0.0227  0.0226  0.0228  0.0226  0.0225  0.0226  0.0230  0.0225  0.0226  0.0225  0.0225
  0.0232  0.0230  0.0227  0.0234  0.0231  0.0234  0.0230  0.0238  0.0228  0.0230  0.0227  0.0227
niter,ni,del,rscale     1    3    5.0000    0.4000
parameters
   -2.9999   -1.6514   12.0023   -7.3199  -14.5106   -7.1511
    8.8249   -4.8171   -7.0384   10.2959    9.2370   -7.6668
eta,q 0.97777 12.93771
  0.0228  0.0226  0.0227  0.0230  0.0228  0.0233  0.0226  0.0232  0.0225  0.0225  0.0225  0.0224
  0.0226  0.0225  0.0225  0.0227  0.0226  0.0229  0.0224  0.0227  0.0223  0.0223  0.0223  0.0223
  0.0224  0.0224  0.0224  0.0225  0.0224  0.0226  0.0223  0.0223  0.0223  0.0223  0.0222  0.0222
  0.0224  0.0224  0.0224  0.0224  0.0223  0.0223  0.0222  0.0222  0.0222  0.0222  0.0222  0.0222
  0.0224  0.0224  0.0224  0.0224  0.0223  0.0222  0.0223  0.0224  0.0223  0.0223  0.0222  0.0223
  0.0226  0.0225  0.0224  0.0226  0.0224  0.0223  0.0224  0.0227  0.0223  0.0225  0.0223  0.0223
  0.0228  0.0227  0.0225  0.0230  0.0227  0.0228  0.0226  0.0232  0.0225  0.0227  0.0225  0.0224
registration optimization eta report
parameter search radius
    0.8000    0.8000    0.8000    2.4000    2.4000    2.4000
    2.4000    2.4000    2.4000    2.4000    2.4000    2.4000
100000*second partial in parameter space
       70.       47.       36.       11.        7.       13.
        7.       18.        5.        7.        5.        3.
  0.0228  0.0226  0.0227  0.0230  0.0228  0.0233  0.0226  0.0232  0.0225  0.0225  0.0225  0.0224
  0.0226  0.0225  0.0225  0.0227  0.0226  0.0229  0.0224  0.0227  0.0223  0.0223  0.0223  0.0223
  0.0224  0.0224  0.0224  0.0225  0.0224  0.0226  0.0223  0.0223  0.0223  0.0223  0.0222  0.0222
  0.0224  0.0224  0.0224  0.0224  0.0223  0.0223  0.0222  0.0222  0.0222  0.0222  0.0222  0.0222
  0.0224  0.0224  0.0224  0.0224  0.0223  0.0222  0.0223  0.0224  0.0223  0.0223  0.0222  0.0223
  0.0226  0.0225  0.0224  0.0226  0.0224  0.0223  0.0224  0.0227  0.0223  0.0225  0.0223  0.0223
  0.0228  0.0227  0.0225  0.0230  0.0227  0.0228  0.0226  0.0232  0.0225  0.0227  0.0225  0.0224
   -2.9999   -1.6514   12.0023   -7.3199  -14.5106   -7.1511
    8.8249   -4.8171   -7.0384   10.2959    9.2370   -7.6668
eta,q 0.97777 12.93771

---------------------------------------------------------------------
compute_vox2vox talsrcimg talsrcimg_to_711-2C_as_mni_average_305_t4 /opt/freesurfer/average/711-2C_as_mni_average_305
---------------------------------------------------------------------

freesurfer compute_vox2vox.c
Reading: talsrcimg.4dfp.ifh
Reading: talsrcimg_to_711-2C_as_mni_average_305_t4
Reading: /opt/freesurfer/average/711-2C_as_mni_average_305.4dfp.ifh
Writing: talsrcimg_to_711-2C_as_mni_average_305_t4_vox2vox.txt

start time Thu Mar 12 13:59:24 CET 2026
end		time Thu Mar 12 14:00:52 CET 2026

mpr2mni305 success

avi2talxfm orig_nu.mgz /opt/freesurfer/average/mni305.cor.mgz talsrcimg_to_711-2C_as_mni_average_305_t4_vox2vox.txt transforms/talairach.auto.xfm
avi2talxfm done
mv -f /out/sourcedata/freesurfer/sub-v1s19x0051315_ses-1/mri/talsrcimg_to_711-2C_as_mni_average_305_t4_vox2vox.txt /out/sourcedata/freesurfer/sub-v1s19x0051315_ses-1/mri/transforms/talsrcimg_to_711-2C_as_mni_average_305_t4_vox2vox.txt
lta_convert --src orig_nu.mgz --trg /opt/freesurfer/average/mni305.cor.mgz --inxfm transforms/talairach.auto.xfm --outlta transforms/talairach.auto.xfm.lta --subject fsaverage
7.3.2

--src: orig_nu.mgz src image (geometry).
--trg: /opt/freesurfer/average/mni305.cor.mgz trg image (geometry).
--inmni: transforms/talairach.auto.xfm input MNI/XFM transform.
--outlta: transforms/talairach.auto.xfm.lta output LTA.
--s: fsaverage subject name
 LTA read, type : 1
 1.06444   0.06674  -0.10389   9.94112;
-0.09769   1.06029   0.10517  -22.66874;
 0.09940  -0.12220   1.14852  -7.11385;
 0.00000   0.00000   0.00000   1.00000;
setting subject to fsaverage
Writing  LTA to file transforms/talairach.auto.xfm.lta...
lta_convert successful.
 
 
Started at Thu Mar 12 13:59:23 CET 2026
Ended   at Thu Mar 12 14:00:52 CET 2026
talairach_avi done
