status file for recon-all
Thu Mar 12 15:49:30 CET 2026
#@# Tessellate rh Thu Mar 12 15:49:30 CET 2026
#@# Smooth1 rh Thu Mar 12 15:49:33 CET 2026
#@# Inflation1 rh Thu Mar 12 15:49:35 CET 2026
#@# QSphere rh Thu Mar 12 15:49:46 CET 2026
#@# Fix Topology rh Thu Mar 12 15:50:40 CET 2026
#@# Smooth2 rh Thu Mar 12 15:57:17 CET 2026
#@# Inflation2 rh Thu Mar 12 15:57:19 CET 2026
#@# Curv .H and .K rh Thu Mar 12 15:57:30 CET 2026
#@# Sphere rh Thu Mar 12 15:58:06 CET 2026
#@# Surf Reg rh Thu Mar 12 16:02:27 CET 2026
#@# Jacobian white rh Thu Mar 12 16:05:58 CET 2026
#@# AvgCurv rh Thu Mar 12 16:05:59 CET 2026
#@# Cortical Parc rh Thu Mar 12 16:05:59 CET 2026
#@# white curv rh Thu Mar 12 16:11:22 CET 2026
#@# white area rh Thu Mar 12 16:11:23 CET 2026
#@# pial curv rh Thu Mar 12 16:11:24 CET 2026
#@# pial area rh Thu Mar 12 16:11:25 CET 2026
#@# thickness rh Thu Mar 12 16:11:26 CET 2026
#@# area and vertex vol rh Thu Mar 12 16:11:48 CET 2026
#@# Curvature Stats rh Thu Mar 12 16:11:50 CET 2026
#@# Cortical Parc 2 rh Thu Mar 12 16:11:51 CET 2026
#@# Cortical Parc 3 rh Thu Mar 12 16:12:02 CET 2026
#@# WM/GM Contrast rh Thu Mar 12 16:12:10 CET 2026
recon-all -s sub-v1s19x0051312_ses-1 finished without error at Thu Mar 12 16:12:13 CET 2026



#New# invocation of recon-all 



status file for recon-all
Thu Mar 12 16:17:52 CET 2026
#@# white curv rh Thu Mar 12 16:17:52 CET 2026
#@# white area rh Thu Mar 12 16:17:53 CET 2026
#@# pial curv rh Thu Mar 12 16:17:53 CET 2026
#@# pial area rh Thu Mar 12 16:17:53 CET 2026
#@# thickness rh Thu Mar 12 16:17:53 CET 2026
#@# area and vertex vol rh Thu Mar 12 16:17:53 CET 2026
#@# Parcellation Stats rh Thu Mar 12 16:17:53 CET 2026
#@# Parcellation Stats 2 rh Thu Mar 12 16:18:05 CET 2026
#@# Parcellation Stats 3 rh Thu Mar 12 16:18:12 CET 2026
#@# BA_exvivo Labels rh Thu Mar 12 16:18:19 CET 2026
recon-all -s sub-v1s19x0051312_ses-1 finished without error at Thu Mar 12 16:20:30 CET 2026
