status file for recon-all
Thu Mar 12 13:36:55 CET 2026
#@# MotionCor Thu Mar 12 13:36:57 CET 2026
#@# Talairach Thu Mar 12 13:37:04 CET 2026
#@# Talairach Failure Detection Thu Mar 12 13:41:31 CET 2026
#@# Nu Intensity Correction Thu Mar 12 13:41:31 CET 2026
#@# Intensity Normalization Thu Mar 12 13:44:47 CET 2026
recon-all -s sub-v1s19x0051312_ses-1 finished without error at Thu Mar 12 13:46:29 CET 2026



#New# invocation of recon-all 



status file for recon-all
Thu Mar 12 13:53:49 CET 2026
#@# EM Registration Thu Mar 12 13:53:49 CET 2026
recon-all -s sub-v1s19x0051312_ses-1 finished without error at Thu Mar 12 13:55:34 CET 2026



#New# invocation of recon-all 



status file for recon-all
Thu Mar 12 13:55:37 CET 2026
#@# CA Normalize Thu Mar 12 13:55:37 CET 2026
#@# CA Reg Thu Mar 12 13:57:00 CET 2026
#@# SubCort Seg Thu Mar 12 14:52:52 CET 2026
#@# CC Seg Thu Mar 12 15:20:25 CET 2026
#@# Merge ASeg Thu Mar 12 15:21:46 CET 2026
#@# Intensity Normalization2 Thu Mar 12 15:21:46 CET 2026
#@# Mask BFS Thu Mar 12 15:23:54 CET 2026
#@# WM Segmentation Thu Mar 12 15:23:55 CET 2026
#@# Fill Thu Mar 12 15:25:47 CET 2026
recon-all -s sub-v1s19x0051312_ses-1 finished without error at Thu Mar 12 15:26:48 CET 2026



#New# invocation of recon-all 



status file for recon-all
Thu Mar 12 16:12:18 CET 2026
#@# white curv lh Thu Mar 12 16:12:18 CET 2026
#@# white area lh Thu Mar 12 16:12:18 CET 2026
#@# pial curv lh Thu Mar 12 16:12:18 CET 2026
#@# pial area lh Thu Mar 12 16:12:18 CET 2026
#@# thickness lh Thu Mar 12 16:12:18 CET 2026
#@# area and vertex vol lh Thu Mar 12 16:12:18 CET 2026
#@# white curv rh Thu Mar 12 16:12:18 CET 2026
#@# white area rh Thu Mar 12 16:12:18 CET 2026
#@# pial curv rh Thu Mar 12 16:12:18 CET 2026
#@# pial area rh Thu Mar 12 16:12:18 CET 2026
#@# thickness rh Thu Mar 12 16:12:18 CET 2026
#@# area and vertex vol rh Thu Mar 12 16:12:18 CET 2026
#@# Cortical ribbon mask Thu Mar 12 16:12:18 CET 2026
recon-all -s sub-v1s19x0051312_ses-1 finished without error at Thu Mar 12 16:15:08 CET 2026



#New# invocation of recon-all 



status file for recon-all
Thu Mar 12 16:20:34 CET 2026
#@# white curv lh Thu Mar 12 16:20:34 CET 2026
#@# white area lh Thu Mar 12 16:20:34 CET 2026
#@# pial curv lh Thu Mar 12 16:20:34 CET 2026
#@# pial area lh Thu Mar 12 16:20:34 CET 2026
#@# thickness lh Thu Mar 12 16:20:34 CET 2026
#@# area and vertex vol lh Thu Mar 12 16:20:34 CET 2026
#@# white curv rh Thu Mar 12 16:20:35 CET 2026
#@# white area rh Thu Mar 12 16:20:35 CET 2026
#@# pial curv rh Thu Mar 12 16:20:35 CET 2026
#@# pial area rh Thu Mar 12 16:20:35 CET 2026
#@# thickness rh Thu Mar 12 16:20:35 CET 2026
#@# area and vertex vol rh Thu Mar 12 16:20:35 CET 2026
#@# Curvature Stats lh Thu Mar 12 16:20:35 CET 2026
#@# Curvature Stats rh Thu Mar 12 16:20:36 CET 2026
#@# Relabel Hypointensities Thu Mar 12 16:20:38 CET 2026
#@# APas-to-ASeg Thu Mar 12 16:20:52 CET 2026
#@# AParc-to-ASeg aparc Thu Mar 12 16:20:59 CET 2026
#@# AParc-to-ASeg aparc.a2009s Thu Mar 12 16:21:17 CET 2026
#@# AParc-to-ASeg aparc.DKTatlas Thu Mar 12 16:21:35 CET 2026
#@# WMParc Thu Mar 12 16:21:55 CET 2026
#@# ASeg Stats Thu Mar 12 16:25:30 CET 2026
recon-all -s sub-v1s19x0051312_ses-1 finished without error at Thu Mar 12 16:26:14 CET 2026
