status file for recon-all
Thu Mar 12 15:26:52 CET 2026
#@# Tessellate lh Thu Mar 12 15:26:52 CET 2026
#@# Smooth1 lh Thu Mar 12 15:26:55 CET 2026
#@# Inflation1 lh Thu Mar 12 15:26:57 CET 2026
#@# QSphere lh Thu Mar 12 15:27:10 CET 2026
#@# Fix Topology lh Thu Mar 12 15:27:59 CET 2026
#@# Smooth2 lh Thu Mar 12 15:34:11 CET 2026
#@# Inflation2 lh Thu Mar 12 15:34:13 CET 2026
#@# Curv .H and .K lh Thu Mar 12 15:34:24 CET 2026
#@# Sphere lh Thu Mar 12 15:34:59 CET 2026
#@# Surf Reg lh Thu Mar 12 15:40:05 CET 2026
#@# Jacobian white lh Thu Mar 12 15:43:06 CET 2026
#@# AvgCurv lh Thu Mar 12 15:43:06 CET 2026
#@# Cortical Parc lh Thu Mar 12 15:43:07 CET 2026
#@# white curv lh Thu Mar 12 15:48:35 CET 2026
#@# white area lh Thu Mar 12 15:48:36 CET 2026
#@# pial curv lh Thu Mar 12 15:48:37 CET 2026
#@# pial area lh Thu Mar 12 15:48:38 CET 2026
#@# thickness lh Thu Mar 12 15:48:39 CET 2026
#@# area and vertex vol lh Thu Mar 12 15:49:02 CET 2026
#@# Curvature Stats lh Thu Mar 12 15:49:03 CET 2026
#@# Cortical Parc 2 lh Thu Mar 12 15:49:05 CET 2026
#@# Cortical Parc 3 lh Thu Mar 12 15:49:15 CET 2026
#@# WM/GM Contrast lh Thu Mar 12 15:49:23 CET 2026
recon-all -s sub-v1s19x0051312_ses-1 finished without error at Thu Mar 12 15:49:25 CET 2026



#New# invocation of recon-all 



status file for recon-all
Thu Mar 12 16:15:13 CET 2026
#@# white curv lh Thu Mar 12 16:15:13 CET 2026
#@# white area lh Thu Mar 12 16:15:13 CET 2026
#@# pial curv lh Thu Mar 12 16:15:13 CET 2026
#@# pial area lh Thu Mar 12 16:15:13 CET 2026
#@# thickness lh Thu Mar 12 16:15:13 CET 2026
#@# area and vertex vol lh Thu Mar 12 16:15:13 CET 2026
#@# Parcellation Stats lh Thu Mar 12 16:15:13 CET 2026
#@# Parcellation Stats 2 lh Thu Mar 12 16:15:25 CET 2026
#@# Parcellation Stats 3 lh Thu Mar 12 16:15:31 CET 2026
#@# BA_exvivo Labels lh Thu Mar 12 16:15:38 CET 2026
recon-all -s sub-v1s19x0051312_ses-1 finished without error at Thu Mar 12 16:17:50 CET 2026
