/out/sourcedata/freesurfer/sub-v1s19x0051313_ses-1/mri
/opt/freesurfer/bin/talairach_avi
--i orig_nu.mgz --xfm transforms/talairach.auto.xfm
talairach_avi 7.3.2
Linux dna020 5.14.0-427.37.1.el9_4.x86_64 #1 SMP PREEMPT_DYNAMIC Fri Sep 13 12:41:50 EDT 2024 x86_64 x86_64 x86_64 GNU/Linux
Thu Mar 12 13:47:05 CET 2026
mri_convert orig_nu.mgz talsrcimg.img 
reading from orig_nu.mgz...
TR=0.00, TE=0.00, TI=0.00, flip angle=0.00
i_ras = (-1, 0, 1.86265e-09)
j_ras = (0, 0, -1)
k_ras = (0, 1, 0)
writing to talsrcimg.img...
Analyze Output Matrix
-1.00000   0.00000   0.00000   132.03854;
 0.00000   0.00000   1.00000  -113.47746;
 0.00000  -1.00000   0.00000   142.09595;
 0.00000   0.00000   0.00000   1.00000;
--------------------
INFO: set hdr.hist.orient to -1
mpr2mni305 talsrcimg
Thu Mar 12 13:47:06 CET 2026
/opt/freesurfer/bin/mpr2mni305 talsrcimg
mpr2mni305 7.3.2
target=711-2C_as_mni_average_305

---------------------------------------------------------------------
analyzeto4dfp talsrcimg -O0 -y
---------------------------------------------------------------------

freesurfer ifh2hdr.c
Thu Mar 12 13:47:06 2026
Writing: talsrcimg.4dfp.hdr
freesurfer analyzeto4dfp.c
Reading: talsrcimg.hdr
header size 348 bytes
hdr.dime.datatype	offset=70	value=2
hdr.dime.bitpix		offset=72	value=8
hdr.hist.orient		offset=252	value=-1
dimensionality     4
dimensions       256       256       256         1
Reading: talsrcimg.img
Writing: talsrcimg.4dfp.img
Writing: talsrcimg.4dfp.ifh
ifh2hdr talsrcimg -r0to228
ori=2

---------------------------------------------------------------------
gauss_4dfp talsrcimg 1.1
---------------------------------------------------------------------

freesurfer gauss_4dfp.c
Reading: talsrcimg.4dfp.img
Writing: talsrcimg_g11.4dfp.img
image dimensions 256 256 256 padded to 288 288 288
processing volume 1freesurfer ifh2hdr.c
Thu Mar 12 13:47:08 2026
Writing: talsrcimg_g11.4dfp.hdr

Writing: talsrcimg_g11.4dfp.ifh
including: talsrcimg.4dfp.img.rec in talsrcimg_g11.4dfp.img.rec

---------------------------------------------------------------------
imgreg_4dfp /opt/freesurfer/average/711-2C_as_mni_average_305 none talsrcimg_g11 none talsrcimg_to_711-2C_as_mni_average_305_t4 4355
---------------------------------------------------------------------

freesurfer imgreg_4dfp.c
/opt/freesurfer/average/711-2C_as_mni_average_305.4dfp.img
       256       256       256         1
  1.000000  1.000000  1.000000
orientation T byte_order littleendian
Reading image: /opt/freesurfer/average/711-2C_as_mni_average_305.4dfp.img
dimensions:      256       256       256
mmppix:       1.0000   -1.0000   -1.0000
center:     128.0000 -129.0000 -129.0000
talsrcimg_g11.4dfp.img
       256       256       256         1
  1.000000  1.000000  1.000000
orientation T byte_order littleendian
Reading image: talsrcimg_g11.4dfp.img
dimensions:      256       256       256
mmppix:       1.0000   -1.0000   -1.0000
center:     128.0000 -129.0000 -129.0000
t4_read: open error in t4_sub.f l:  41 t4_file(1:l)talsrcimg_to_711-2C_as_mni_average_305_t4 
t4_read: transform initialized to I4
rotation matrix determinant  1.000000
image alignment mode   4355 decimal     1103 hex
   -7.5000  -45.0000  -45.0000 7732.7578   14.7342
    0.0000  -45.0000  -45.0000 8056.1880   14.7337
    7.5000  -45.0000  -45.0000 7729.8159   14.7273
   -7.5000  -37.5000  -45.0000 8289.9277   14.6765
    0.0000  -37.5000  -45.0000 8618.3281   14.6709
    7.5000  -37.5000  -45.0000 8256.5557   14.6619
   -7.5000  -30.0000  -45.0000 9111.8467   14.6668
    0.0000  -30.0000  -45.0000 9470.5186   14.6639
    7.5000  -30.0000  -45.0000 9045.6885   14.6582
   -7.5000  -22.5000  -45.0000 9864.3232   14.6757
    0.0000  -22.5000  -45.000010266.6230   14.6812
    7.5000  -22.5000  -45.0000 9807.7061   14.6820
   -7.5000  -15.0000  -45.000010594.6787   14.6869
    0.0000  -15.0000  -45.000011029.0596   14.6978
    7.5000  -15.0000  -45.000010506.5586   14.7025
   -7.5000   -7.5000  -45.000011382.7334   14.6894
    0.0000   -7.5000  -45.000011824.0117   14.6970
    7.5000   -7.5000  -45.000011231.9707   14.6976
   -7.5000    0.0000  -45.000012074.5049   14.6822
    0.0000    0.0000  -45.000012562.3760   14.6815
    7.5000    0.0000  -45.000011899.2158   14.6749
   -7.5000    7.5000  -45.000011662.4834   14.6708
    0.0000    7.5000  -45.000012139.0322   14.6651
    7.5000    7.5000  -45.000011450.3320   14.6560
   -7.5000   15.0000  -45.000011103.3447   14.6668
    0.0000   15.0000  -45.000011582.9473   14.6639
    7.5000   15.0000  -45.000010890.3486   14.6582
   -7.5000   22.5000  -45.000010374.8037   14.6737
    0.0000   22.5000  -45.000010844.5049   14.6792
    7.5000   22.5000  -45.000010182.6699   14.6800
   -7.5000   30.0000  -45.0000 9523.5996   14.4912
    0.0000   30.0000  -45.0000 9956.3584   14.5020
    7.5000   30.0000  -45.0000 9372.9111   14.5066
   -7.5000   37.5000  -45.0000 9024.9941   14.4936
    0.0000   37.5000  -45.0000 9435.2070   14.5011
    7.5000   37.5000  -45.0000 8893.8086   14.5018
   -7.5000   45.0000  -45.0000 8242.2988   14.1187
    0.0000   45.0000  -45.0000 8591.6377   14.1180
    7.5000   45.0000  -45.0000 8131.1548   14.1117
   -7.5000  -45.0000  -37.5000 8199.3535   14.7309
    0.0000  -45.0000  -37.5000 8536.4453   14.7313
    7.5000  -45.0000  -37.5000 8156.1177   14.7275
   -7.5000  -37.5000  -37.5000 8784.8652   14.6738
    0.0000  -37.5000  -37.5000 9131.6426   14.6690
    7.5000  -37.5000  -37.5000 8725.5039   14.6598
   -7.5000  -30.0000  -37.5000 9664.3994   14.6623
    0.0000  -30.0000  -37.500010024.9424   14.6598
    7.5000  -30.0000  -37.5000 9563.2393   14.6531
   -7.5000  -22.5000  -37.500010471.8125   14.6678
    0.0000  -22.5000  -37.500010857.4355   14.6730
    7.5000  -22.5000  -37.500010358.7012   14.6754
   -7.5000  -15.0000  -37.500011261.5283   14.6783
    0.0000  -15.0000  -37.500011654.7949   14.6889
    7.5000  -15.0000  -37.500011108.7188   14.6979
   -7.5000   -7.5000  -37.500012068.8330   14.6837
    0.0000   -7.5000  -37.500012475.3730   14.6916
    7.5000   -7.5000  -37.500011831.9541   14.6967
   -7.5000    0.0000  -37.500012749.5459   14.6790
    0.0000    0.0000  -37.500013198.1748   14.6791
    7.5000    0.0000  -37.500012469.9258   14.6751
   -7.5000    7.5000  -37.500012266.4893   14.6680
    0.0000    7.5000  -37.500012729.4883   14.6631
    7.5000    7.5000  -37.500011979.8252   14.6538
   -7.5000   15.0000  -37.500011687.9727   14.6623
    0.0000   15.0000  -37.500012169.0674   14.6598
    7.5000   15.0000  -37.500011422.1260   14.6531
   -7.5000   22.5000  -37.500010921.8867   14.6658
    0.0000   22.5000  -37.500011387.2705   14.6710
    7.5000   22.5000  -37.500010691.0947   14.6734
   -7.5000   30.0000  -37.5000 9999.4697   14.4826
    0.0000   30.0000  -37.500010440.4775   14.4931
    7.5000   30.0000  -37.5000 9834.0361   14.5020
   -7.5000   37.5000  -37.5000 9476.7354   14.4880
    0.0000   37.5000  -37.5000 9891.4844   14.4959
    7.5000   37.5000  -37.5000 9315.5068   14.5008
   -7.5000   45.0000  -37.5000 8630.3223   14.1156
    0.0000   45.0000  -37.5000 9008.7715   14.1157
    7.5000   45.0000  -37.5000 8488.3281   14.1119
   -7.5000  -45.0000  -30.0000 8803.7744   15.3607
    0.0000  -45.0000  -30.0000 9159.6152   15.3623
    7.5000  -45.0000  -30.0000 8708.2588   15.3649
   -7.5000  -37.5000  -30.0000 9424.1172   15.3031
    0.0000  -37.5000  -30.0000 9787.4824   15.2981
    7.5000  -37.5000  -30.0000 9310.0166   15.2935
   -7.5000  -30.0000  -30.000010362.1143   15.2849
    0.0000  -30.0000  -30.000010724.9277   15.2793
    7.5000  -30.0000  -30.000010224.5488   15.2770
   -7.5000  -22.5000  -30.000011237.1807   15.2817
    0.0000  -22.5000  -30.000011628.1885   15.2830
    7.5000  -22.5000  -30.000011091.5488   15.2917
   -7.5000  -15.0000  -30.000012125.4092   15.2909
    0.0000  -15.0000  -30.000012508.7393   15.2988
    7.5000  -15.0000  -30.000011926.0205   15.3157
   -7.5000   -7.5000  -30.000012957.2588   15.3034
    0.0000   -7.5000  -30.000013357.5811   15.3112
    7.5000   -7.5000  -30.000012649.1123   15.3239
   -7.5000    0.0000  -30.000013646.3330   15.3065
    0.0000    0.0000  -30.000014073.5332   15.3079
    7.5000    0.0000  -30.000013277.0918   15.3102
   -7.5000    7.5000  -30.000013095.2803   15.2971
    0.0000    7.5000  -30.000013539.8203   15.2920
    7.5000    7.5000  -30.000012757.3037   15.2873
   -7.5000   15.0000  -30.000012445.3867   15.2849
    0.0000   15.0000  -30.000012924.0586   15.2793
    7.5000   15.0000  -30.000012162.9561   15.2770
   -7.5000   22.5000  -30.000011642.2959   15.2780
    0.0000   22.5000  -30.000012109.1699   15.2793
    7.5000   22.5000  -30.000011406.4639   15.2880
   -7.5000   30.0000  -30.000010653.9062   15.0885
    0.0000   30.0000  -30.000011101.4287   15.0964
    7.5000   30.0000  -30.000010479.2354   15.1130
   -7.5000   37.5000  -30.000010094.5840   15.1009
    0.0000   37.5000  -30.000010520.2480   15.1086
    7.5000   37.5000  -30.0000 9932.4443   15.1212
   -7.5000   45.0000  -30.0000 9186.0371   14.7299
    0.0000   45.0000  -30.0000 9577.4092   14.7312
    7.5000   45.0000  -30.0000 9016.5430   14.7334
   -7.5000  -45.0000  -22.5000 9393.8799   15.8891
    0.0000  -45.0000  -22.5000 9777.0703   15.8899
    7.5000  -45.0000  -22.5000 9285.8301   15.8969
   -7.5000  -37.5000  -22.500010044.3457   15.8305
    0.0000  -37.5000  -22.500010431.8428   15.8234
    7.5000  -37.5000  -22.5000 9902.9795   15.8243
   -7.5000  -30.0000  -22.500011055.8145   15.8062
    0.0000  -30.0000  -22.500011435.9512   15.7961
    7.5000  -30.0000  -22.500010892.1973   15.8005
   -7.5000  -22.5000  -22.500012009.1113   15.7974
    0.0000  -22.5000  -22.500012422.1719   15.7935
    7.5000  -22.5000  -22.500011837.9512   15.8083
   -7.5000  -15.0000  -22.500012972.2227   15.8063
    0.0000  -15.0000  -22.500013379.3594   15.8107
    7.5000  -15.0000  -22.500012714.7471   15.8318
   -7.5000   -7.5000  -22.500013842.5742   15.8238
    0.0000   -7.5000  -22.500014254.6865   15.8299
    7.5000   -7.5000  -22.500013481.1641   15.8466
   -7.5000    0.0000  -22.500014592.0400   15.8331
    0.0000    0.0000  -22.500015012.0127   15.8337
    7.5000    0.0000  -22.500014152.8535   15.8403
   -7.5000    7.5000  -22.500013995.5186   15.8243
    0.0000    7.5000  -22.500014428.5342   15.8170
    7.5000    7.5000  -22.500013598.3789   15.8179
   -7.5000   15.0000  -22.500013253.7197   15.8062
    0.0000   15.0000  -22.500013709.8838   15.7961
    7.5000   15.0000  -22.500012938.7432   15.8005
   -7.5000   22.5000  -22.500012363.7900   15.7925
    0.0000   22.5000  -22.500012806.1816   15.7886
    7.5000   22.5000  -22.500012134.6699   15.8034
   -7.5000   30.0000  -22.500011342.9756   15.5995
    0.0000   30.0000  -22.500011773.5791   15.6039
    7.5000   30.0000  -22.500011153.9102   15.6248
   -7.5000   37.5000  -22.500010766.0225   15.6168
    0.0000   37.5000  -22.500011165.3994   15.6229
    7.5000   37.5000  -22.500010555.7812   15.6394
   -7.5000   45.0000  -22.5000 9766.2090   15.2480
    0.0000   45.0000  -22.500010149.1641   15.2486
    7.5000   45.0000  -22.5000 9571.3232   15.2550
   -7.5000  -45.0000  -15.0000 9934.2705   16.2600
    0.0000  -45.0000  -15.000010325.5146   16.2595
    7.5000  -45.0000  -15.0000 9809.7725   16.2655
   -7.5000  -37.5000  -15.000010624.9482   16.1989
    0.0000  -37.5000  -15.000011018.3125   16.1903
    7.5000  -37.5000  -15.000010462.0664   16.1933
   -7.5000  -30.0000  -15.000011723.3672   16.1747
    0.0000  -30.0000  -15.000012124.5498   16.1632
    7.5000  -30.0000  -15.000011538.1318   16.1705
   -7.5000  -22.5000  -15.000012791.1367   16.1686
    0.0000  -22.5000  -15.000013248.2529   16.1641
    7.5000  -22.5000  -15.000012581.5996   16.1789
   -7.5000  -15.0000  -15.000013835.2939   16.1793
    0.0000  -15.0000  -15.000014274.6104   16.1834
    7.5000  -15.0000  -15.000013508.7441   16.2016
   -7.5000   -7.5000  -15.000014723.5488   16.1953
    0.0000   -7.5000  -15.000015126.4023   16.2005
    7.5000   -7.5000  -15.000014278.5479   16.2142
   -7.5000    0.0000  -15.000015514.3428   16.2027
    0.0000    0.0000  -15.000015901.8398   16.2019
    7.5000    0.0000  -15.000015032.1719   16.2078
   -7.5000    7.5000  -15.000014892.0371   16.1926
    0.0000    7.5000  -15.000015301.6416   16.1839
    7.5000    7.5000  -15.000014456.0977   16.1868
   -7.5000   15.0000  -15.000014055.2139   16.1746
    0.0000   15.0000  -15.000014486.8574   16.1632
    7.5000   15.0000  -15.000013723.8633   16.1705
   -7.5000   22.5000  -15.000013098.4268   16.1629
    0.0000   22.5000  -15.000013549.4512   16.1584
    7.5000   22.5000  -15.000012870.8418   16.1732
   -7.5000   30.0000  -15.000012043.2979   15.9699
    0.0000   30.0000  -15.000012460.0303   15.9739
    7.5000   30.0000  -15.000011835.5811   15.9919
   -7.5000   37.5000  -15.000011463.4072   15.9857
    0.0000   37.5000  -15.000011848.5879   15.9908
    7.5000   37.5000  -15.000011216.4033   16.0043
   -7.5000   45.0000  -15.000010417.9238   15.6134
    0.0000   45.0000  -15.000010773.6074   15.6127
    7.5000   45.0000  -15.000010153.6182   15.6183
   -7.5000  -45.0000   -7.500010483.4131   16.4392
    0.0000  -45.0000   -7.500010846.2383   16.4382
    7.5000  -45.0000   -7.500010314.4512   16.4373
   -7.5000  -37.5000   -7.500011239.6416   16.3758
    0.0000  -37.5000   -7.500011597.2930   16.3680
    7.5000  -37.5000   -7.500011028.1348   16.3658
   -7.5000  -30.0000   -7.500012447.5400   16.3586
    0.0000  -30.0000   -7.500012814.8877   16.3510
    7.5000  -30.0000   -7.500012210.7998   16.3533
   -7.5000  -22.5000   -7.500013730.0977   16.3622
    0.0000  -22.5000   -7.500014174.1641   16.3628
    7.5000  -22.5000   -7.500013452.3945   16.3710
   -7.5000  -15.0000   -7.500014887.0332   16.3743
    0.0000  -15.0000   -7.500015329.9727   16.3822
    7.5000  -15.0000   -7.500014456.1338   16.3927
   -7.5000   -7.5000   -7.500015743.2988   16.3825
    0.0000   -7.5000   -7.500016089.1494   16.3888
    7.5000   -7.5000   -7.500015193.5596   16.3946
   -7.5000    0.0000   -7.500016551.9043   16.3812
    0.0000    0.0000   -7.500016857.1328   16.3800
    7.5000    0.0000   -7.500015961.7715   16.3789
   -7.5000    7.5000   -7.500015882.6533   16.3695
    0.0000    7.5000   -7.500016242.2490   16.3615
    7.5000    7.5000   -7.500015360.4990   16.3592
   -7.5000   15.0000   -7.500015000.5078   16.3586
    0.0000   15.0000   -7.500015408.5771   16.3510
    7.5000   15.0000   -7.500014585.9688   16.3533
   -7.5000   22.5000   -7.500013985.7461   16.3546
    0.0000   22.5000   -7.500014411.8848   16.3552
    7.5000   22.5000   -7.500013657.3115   16.3634
   -7.5000   30.0000   -7.500012901.4551   16.1620
    0.0000   30.0000   -7.500013306.4512   16.1698
    7.5000   30.0000   -7.500012575.9727   16.1801
   -7.5000   37.5000   -7.500012277.2891   16.1701
    0.0000   37.5000   -7.500012664.7842   16.1763
    7.5000   37.5000   -7.500011927.2158   16.1820
   -7.5000   45.0000   -7.500011144.1562   15.7884
    0.0000   45.0000   -7.500011513.1973   15.7872
    7.5000   45.0000   -7.500010807.6289   15.7862
   -7.5000  -45.0000    0.000010929.8555   16.4727
    0.0000  -45.0000    0.000011287.4209   16.4717
    7.5000  -45.0000    0.000010670.2842   16.4649
   -7.5000  -37.5000    0.000011731.9170   16.4082
    0.0000  -37.5000    0.000012057.5225   16.4017
    7.5000  -37.5000    0.000011431.4277   16.3922
   -7.5000  -30.0000    0.000013056.0439   16.3972
    0.0000  -30.0000    0.000013427.7354   16.3937
    7.5000  -30.0000    0.000012739.9502   16.3882
   -7.5000  -22.5000    0.000014702.8008   16.4070
    0.0000  -22.5000    0.000015134.0059   16.4128
    7.5000  -22.5000    0.000014173.0371   16.4146
   -7.5000  -15.0000    0.000016209.6514   16.4195
    0.0000  -15.0000    0.000016613.3398   16.4312
    7.5000  -15.0000    0.000015355.3184   16.4371
   -7.5000   -7.5000    0.000017025.9844   16.4224
    0.0000   -7.5000    0.000017241.6309   16.4303
    7.5000   -7.5000    0.000016096.1426   16.4316
   -7.5000    0.0000    0.000017733.3926   16.4146
    0.0000    0.0000    0.000017883.3438   16.4133
    7.5000    0.0000    0.000016799.7461   16.4064
   -7.5000    7.5000    0.000016966.6074   16.4018
    0.0000    7.5000    0.000017237.7148   16.3951
    7.5000    7.5000    0.000016144.1406   16.3856
   -7.5000   15.0000    0.000016031.0273   16.3972
    0.0000   15.0000    0.000016395.1328   16.3937
    7.5000   15.0000    0.000015310.8896   16.3882
   -7.5000   22.5000    0.000014948.4609   16.3995
    0.0000   22.5000    0.000015333.5967   16.4052
    7.5000   22.5000    0.000014322.0342   16.4070
   -7.5000   30.0000    0.000013764.3105   16.2070
    0.0000   30.0000    0.000014134.0996   16.2185
    7.5000   30.0000    0.000013201.5801   16.2244
   -7.5000   37.5000    0.000013075.4834   16.2099
    0.0000   37.5000    0.000013446.6084   16.2177
    7.5000   37.5000    0.000012561.3242   16.2190
   -7.5000   45.0000    0.000011870.6094   15.8218
    0.0000   45.0000    0.000012224.3145   15.8206
    7.5000   45.0000    0.000011418.6973   15.8139
   -7.5000  -45.0000    7.500010518.8760   16.4842
    0.0000  -45.0000    7.500010851.7021   16.4845
    7.5000  -45.0000    7.500010235.1602   16.4803
   -7.5000  -37.5000    7.500011299.3730   16.4202
    0.0000  -37.5000    7.500011623.5664   16.4148
    7.5000  -37.5000    7.500010977.5068   16.4046
   -7.5000  -30.0000    7.500012742.6670   16.4073
    0.0000  -30.0000    7.500013081.7939   16.4045
    7.5000  -30.0000    7.500012256.7119   16.3971
   -7.5000  -22.5000    7.500014644.8057   16.4135
    0.0000  -22.5000    7.500015048.4697   16.4193
    7.5000  -22.5000    7.500013653.5986   16.4220
   -7.5000  -15.0000    7.500016341.8613   16.4252
    0.0000  -15.0000    7.500016731.5566   16.4371
    7.5000  -15.0000    7.500014866.0215   16.4471
   -7.5000   -7.5000    7.500017126.7598   16.4313
    0.0000   -7.5000    7.500017405.1191   16.4402
    7.5000   -7.5000    7.500015693.7754   16.4459
   -7.5000    0.0000    7.500017675.9258   16.4261
    0.0000    0.0000    7.500017867.8984   16.4262
    7.5000    0.0000    7.500016360.9863   16.4217
   -7.5000    7.5000    7.500016766.6133   16.4138
    0.0000    7.5000    7.500017014.0977   16.4083
    7.5000    7.5000    7.500015610.7109   16.3979
   -7.5000   15.0000    7.500015730.4795   16.4073
    0.0000   15.0000    7.500016046.9736   16.4045
    7.5000   15.0000    7.500014745.2852   16.3971
   -7.5000   22.5000    7.500014614.6523   16.4060
    0.0000   22.5000    7.500014934.1836   16.4118
    7.5000   22.5000    7.500013776.9473   16.4145
   -7.5000   30.0000    7.500013430.6260   16.2127
    0.0000   30.0000    7.500013752.0654   16.2243
    7.5000   30.0000    7.500012703.3555   16.2343
   -7.5000   37.5000    7.500012740.6250   16.2187
    0.0000   37.5000    7.500013095.1689   16.2274
    7.5000   37.5000    7.500012088.8438   16.2330
   -7.5000   45.0000    7.500011564.8340   15.8328
    0.0000   45.0000    7.500011895.9990   15.8330
    7.5000   45.0000    7.500010998.5273   15.8286
   -7.5000  -45.0000   15.000010069.8408   16.4986
    0.0000  -45.0000   15.000010387.4707   16.5003
    7.5000  -45.0000   15.0000 9718.1230   16.5033
   -7.5000  -37.5000   15.000010871.8486   16.4368
    0.0000  -37.5000   15.000011178.2500   16.4314
    7.5000  -37.5000   15.000010402.2598   16.4266
   -7.5000  -30.0000   15.000012337.8857   16.4172
    0.0000  -30.0000   15.000012657.3438   16.4112
    7.5000  -30.0000   15.000011555.0449   16.4089
   -7.5000  -22.5000   15.000014037.6680   16.4138
    0.0000  -22.5000   15.000014460.4883   16.4151
    7.5000  -22.5000   15.000012753.3672   16.4246
   -7.5000  -15.0000   15.000015405.1260   16.4237
    0.0000  -15.0000   15.000015961.0078   16.4322
    7.5000  -15.0000   15.000013851.0400   16.4504
   -7.5000   -7.5000   15.000016307.3955   16.4371
    0.0000   -7.5000   15.000016841.2266   16.4454
    7.5000   -7.5000   15.000014779.8301   16.4593
   -7.5000    0.0000   15.000017012.8047   16.4404
    0.0000    0.0000   15.000017461.6152   16.4419
    7.5000    0.0000   15.000015553.9736   16.4446
   -7.5000    7.5000   15.000016105.8984   16.4303
    0.0000    7.5000   15.000016498.6016   16.4247
    7.5000    7.5000   15.000014842.5664   16.4199
   -7.5000   15.0000   15.000014988.5742   16.4172
    0.0000   15.0000   15.000015343.8623   16.4112
    7.5000   15.0000   15.000013941.8906   16.4089
   -7.5000   22.5000   15.000013884.2344   16.4063
    0.0000   22.5000   15.000014205.4785   16.4076
    7.5000   22.5000   15.000013028.7109   16.4171
   -7.5000   30.0000   15.000012813.6797   16.2111
    0.0000   30.0000   15.000013086.6748   16.2195
    7.5000   30.0000   15.000012027.4043   16.2375
   -7.5000   37.5000   15.000012212.0430   16.2244
    0.0000   37.5000   15.000012495.4639   16.2326
    7.5000   37.5000   15.000011502.2236   16.2463
   -7.5000   45.0000   15.000011082.2256   15.8467
    0.0000   45.0000   15.000011367.7051   15.8481
    7.5000   45.0000   15.000010488.7676   15.8507
   -7.5000  -45.0000   22.5000 9511.3418   16.5375
    0.0000  -45.0000   22.5000 9817.0996   16.5376
    7.5000  -45.0000   22.5000 9098.0186   16.5449
   -7.5000  -37.5000   22.500010275.7939   16.4764
    0.0000  -37.5000   22.500010560.5771   16.4681
    7.5000  -37.5000   22.5000 9774.7979   16.4693
   -7.5000  -30.0000   22.500011567.0322   16.4511
    0.0000  -30.0000   22.500011857.3066   16.4397
    7.5000  -30.0000   22.500010835.3633   16.4445
   -7.5000  -22.5000   22.500012827.1113   16.4419
    0.0000  -22.5000   22.500013231.0762   16.4370
    7.5000  -22.5000   22.500011859.5918   16.4525
   -7.5000  -15.0000   22.500013806.5674   16.4512
    0.0000  -15.0000   22.500014284.3262   16.4551
    7.5000  -15.0000   22.500012811.6201   16.4771
   -7.5000   -7.5000   22.500014651.9248   16.4695
    0.0000   -7.5000   22.500015152.4297   16.4750
    7.5000   -7.5000   22.500013730.7402   16.4925
   -7.5000    0.0000   22.500015538.1240   16.4790
    0.0000    0.0000   22.500015975.9854   16.4789
    7.5000    0.0000   22.500014553.0625   16.4859
   -7.5000    7.5000   22.500014945.8809   16.4699
    0.0000    7.5000   22.500015331.1201   16.4615
    7.5000    7.5000   22.500013969.5410   16.4625
   -7.5000   15.0000   22.500013995.5811   16.4511
    0.0000   15.0000   22.500014341.5674   16.4397
    7.5000   15.0000   22.500013109.8926   16.4445
   -7.5000   22.5000   22.500012992.2393   16.4344
    0.0000   22.5000   22.500013339.6787   16.4295
    7.5000   22.5000   22.500012226.9424   16.4449
   -7.5000   30.0000   22.500012032.0918   16.2383
    0.0000   30.0000   22.500012330.1309   16.2421
    7.5000   30.0000   22.500011286.1904   16.2638
   -7.5000   37.5000   22.500011465.1025   16.2563
    0.0000   37.5000   22.500011770.0527   16.2618
    7.5000   37.5000   22.500010783.2861   16.2791
   -7.5000   45.0000   22.500010373.5322   15.8839
    0.0000   45.0000   22.500010669.6436   15.8838
    7.5000   45.0000   22.5000 9830.0371   15.8905
   -7.5000  -45.0000   30.0000 8666.6768   16.6338
    0.0000  -45.0000   30.0000 8917.4648   16.6318
    7.5000  -45.0000   30.0000 8351.3506   16.6377
   -7.5000  -37.5000   30.0000 9334.8311   16.5714
    0.0000  -37.5000   30.0000 9600.4814   16.5610
    7.5000  -37.5000   30.0000 8972.4199   16.5638
   -7.5000  -30.0000   30.000010417.9277   16.5471
    0.0000  -30.0000   30.000010732.7822   16.5336
    7.5000  -30.0000   30.0000 9937.5479   16.5410
   -7.5000  -22.5000   30.000011406.3740   16.5410
    0.0000  -22.5000   30.000011814.3760   16.5347
    7.5000  -22.5000   30.000010850.0020   16.5497
   -7.5000  -15.0000   30.000012236.1523   16.5515
    0.0000  -15.0000   30.000012668.0977   16.5540
    7.5000  -15.0000   30.000011681.3721   16.5725
   -7.5000   -7.5000   30.000013042.8467   16.5673
    0.0000   -7.5000   30.000013475.6387   16.5711
    7.5000   -7.5000   30.000012491.3936   16.5848
   -7.5000    0.0000   30.000013898.2305   16.5747
    0.0000    0.0000   30.000014324.9775   16.5724
    7.5000    0.0000   30.000013272.7500   16.5781
   -7.5000    7.5000   30.000013501.0957   16.5649
    0.0000    7.5000   30.000013837.8398   16.5544
    7.5000    7.5000   30.000012819.9775   16.5571
   -7.5000   15.0000   30.000012739.7178   16.5471
    0.0000   15.0000   30.000013041.6543   16.5336
    7.5000   15.0000   30.000012090.3359   16.5410
   -7.5000   22.5000   30.000011905.5547   16.5334
    0.0000   22.5000   30.000012201.2881   16.5271
    7.5000   22.5000   30.000011300.7354   16.5421
   -7.5000   30.0000   30.000011051.6924   16.3373
    0.0000   30.0000   30.000011315.9258   16.3398
    7.5000   30.0000   30.000010453.3096   16.3580
   -7.5000   37.5000   30.000010497.4531   16.3529
    0.0000   37.5000   30.000010772.3672   16.3566
    7.5000   37.5000   30.0000 9967.2920   16.3701
   -7.5000   45.0000   30.0000 9488.2305   15.9761
    0.0000   45.0000   30.0000 9764.6787   15.9739
    7.5000   45.0000   30.0000 9042.6016   15.9794
   -7.5000  -45.0000   37.5000 8221.5010   17.0559
    0.0000  -45.0000   37.5000 8494.1455   17.0519
    7.5000  -45.0000   37.5000 7991.6880   17.0489
   -7.5000  -37.5000   37.5000 8858.4980   16.9885
    0.0000  -37.5000   37.5000 9152.5908   16.9773
    7.5000  -37.5000   37.5000 8577.1270   16.9730
   -7.5000  -30.0000   37.5000 9845.1855   16.9713
    0.0000  -30.0000   37.500010205.1250   16.9603
    7.5000  -30.0000   37.5000 9517.9434   16.9612
   -7.5000  -22.5000   37.500010730.5557   16.9756
    0.0000  -22.5000   37.500011153.6816   16.9734
    7.5000  -22.5000   37.500010380.4668   16.9809
   -7.5000  -15.0000   37.500011516.5059   16.9880
    0.0000  -15.0000   37.500011928.0488   16.9936
    7.5000  -15.0000   37.500011150.9150   17.0035
   -7.5000   -7.5000   37.500012303.2334   16.9957
    0.0000   -7.5000   37.500012704.8174   16.9996
    7.5000   -7.5000   37.500011886.7383   17.0040
   -7.5000    0.0000   37.500013107.3428   16.9936
    0.0000    0.0000   37.500013501.3076   16.9894
    7.5000    0.0000   37.500012599.1445   16.9863
   -7.5000    7.5000   37.500012784.3652   16.9817
    0.0000    7.5000   37.500013111.6855   16.9703
    7.5000    7.5000   37.500012237.7031   16.9659
   -7.5000   15.0000   37.500012133.9307   16.9713
    0.0000   15.0000   37.500012428.8223   16.9603
    7.5000   15.0000   37.500011604.6680   16.9612
   -7.5000   22.5000   37.500011381.3242   16.9678
    0.0000   22.5000   37.500011647.7910   16.9656
    7.5000   22.5000   37.500010871.1387   16.9731
   -7.5000   30.0000   37.500010561.0898   16.7681
    0.0000   30.0000   37.500010809.2842   16.7737
    7.5000   30.0000   37.500010073.3857   16.7834
   -7.5000   37.5000   37.500010025.1729   16.7757
    0.0000   37.5000   37.500010279.4736   16.7796
    7.5000   37.5000   37.5000 9588.4014   16.7840
   -7.5000   45.0000   37.5000 9080.5908   16.3799
    0.0000   45.0000   37.5000 9313.2275   16.3758
    7.5000   45.0000   37.5000 8693.7168   16.3728
   -7.5000  -45.0000   45.0000 7596.1860   17.6104
    0.0000  -45.0000   45.0000 7847.1548   17.6063
    7.5000  -45.0000   45.0000 7401.0488   17.5944
   -7.5000  -37.5000   45.0000 8155.1421   17.5411
    0.0000  -37.5000   45.0000 8442.3076   17.5308
    7.5000  -37.5000   45.0000 7936.5103   17.5159
   -7.5000  -30.0000   45.0000 9031.9385   17.5341
    0.0000  -30.0000   45.0000 9375.2119   17.5274
    7.5000  -30.0000   45.0000 8791.3145   17.5172
   -7.5000  -22.5000   45.0000 9816.8320   17.5463
    0.0000  -22.5000   45.000010186.2812   17.5501
    7.5000  -22.5000   45.0000 9580.3311   17.5486
   -7.5000  -15.0000   45.000010526.2256   17.5561
    0.0000  -15.0000   45.000010884.7031   17.5667
    7.5000  -15.0000   45.000010277.8828   17.5699
   -7.5000   -7.5000   45.000011237.4072   17.5538
    0.0000   -7.5000   45.000011594.0234   17.5599
    7.5000   -7.5000   45.000010930.4346   17.5574
   -7.5000    0.0000   45.000011936.4580   17.5436
    0.0000    0.0000   45.000012299.7842   17.5393
    7.5000    0.0000   45.000011558.4111   17.5272
   -7.5000    7.5000   45.000011685.9756   17.5338
    0.0000    7.5000   45.000012000.0000   17.5233
    7.5000    7.5000   45.000011262.3428   17.5082
   -7.5000   15.0000   45.000011147.1533   17.5341
    0.0000   15.0000   45.000011432.4893   17.5274
    7.5000   15.0000   45.000010694.3428   17.5172
   -7.5000   22.5000   45.000010459.2051   17.5381
    0.0000   22.5000   45.000010741.1318   17.5420
    7.5000   22.5000   45.000010035.5820   17.5405
   -7.5000   30.0000   45.0000 9706.6152   17.3274
    0.0000   30.0000   45.0000 9946.4219   17.3378
    7.5000   30.0000   45.0000 9281.6943   17.3410
   -7.5000   37.5000   45.0000 9230.1445   17.3251
    0.0000   37.5000   45.0000 9450.8135   17.3312
    7.5000   37.5000   45.0000 8836.1924   17.3286
   -7.5000   45.0000   45.0000 8377.0371   16.9176
    0.0000   45.0000   45.0000 8594.6689   16.9135
    7.5000   45.0000   45.0000 8035.6030   16.9018

---------------------------------------------------------------------
imgreg_4dfp /opt/freesurfer/average/711-2C_as_mni_average_305 /opt/freesurfer/average/711-2B_as_mni_average_305_mask talsrcimg_g11 none talsrcimg_to_711-2C_as_mni_average_305_t4 4355
---------------------------------------------------------------------

freesurfer imgreg_4dfp.c
/opt/freesurfer/average/711-2C_as_mni_average_305.4dfp.img
       256       256       256         1
  1.000000  1.000000  1.000000
orientation T byte_order littleendian
Reading image: /opt/freesurfer/average/711-2C_as_mni_average_305.4dfp.img
dimensions:      256       256       256
mmppix:       1.0000   -1.0000   -1.0000
center:     128.0000 -129.0000 -129.0000
/opt/freesurfer/average/711-2B_as_mni_average_305_mask.4dfp.img
       256       256       256         1
  1.000000  1.000000  1.000000
orientation T byte_order littleendian
Reading mask: /opt/freesurfer/average/711-2B_as_mni_average_305_mask.4dfp.img (2306576 pixels)
talsrcimg_g11.4dfp.img
       256       256       256         1
  1.000000  1.000000  1.000000
orientation T byte_order littleendian
Reading image: talsrcimg_g11.4dfp.img
dimensions:      256       256       256
mmppix:       1.0000   -1.0000   -1.0000
center:     128.0000 -129.0000 -129.0000
rotation matrix determinant  1.000000
image alignment mode   4355 decimal     1103 hex
   -7.5000  -45.0000  -45.0000 2154.6980   18.9771
    0.0000  -45.0000  -45.0000 2159.4375   18.9023
    7.5000  -45.0000  -45.0000 2149.2378   18.9196
   -7.5000  -37.5000  -45.0000 2236.7893   17.6589
    0.0000  -37.5000  -45.0000 2235.2937   17.6326
    7.5000  -37.5000  -45.0000 2224.7412   17.6314
   -7.5000  -30.0000  -45.0000 2285.5186   16.7866
    0.0000  -30.0000  -45.0000 2285.9319   16.7290
    7.5000  -30.0000  -45.0000 2266.2820   16.7249
   -7.5000  -22.5000  -45.0000 2309.4539   16.1839
    0.0000  -22.5000  -45.0000 2316.6394   16.1173
    7.5000  -22.5000  -45.0000 2291.1099   16.1364
   -7.5000  -15.0000  -45.0000 2321.6116   15.8306
    0.0000  -15.0000  -45.0000 2325.1470   15.7747
    7.5000  -15.0000  -45.0000 2296.3269   15.7529
   -7.5000   -7.5000  -45.0000 2318.3152   15.7472
    0.0000   -7.5000  -45.0000 2320.5305   15.6522
    7.5000   -7.5000  -45.0000 2296.3149   15.6158
   -7.5000    0.0000  -45.0000 2308.1812   15.7984
    0.0000    0.0000  -45.0000 2322.1067   15.7635
    7.5000    0.0000  -45.0000 2292.4219   15.7100
   -7.5000    7.5000  -45.0000 2299.7581   16.2015
    0.0000    7.5000  -45.0000 2305.6101   16.1486
    7.5000    7.5000  -45.0000 2284.1094   16.0839
   -7.5000   15.0000  -45.0000 2274.7771   16.8242
    0.0000   15.0000  -45.0000 2275.5317   16.7149
    7.5000   15.0000  -45.0000 2255.5022   16.7351
   -7.5000   22.5000  -45.0000 2221.4680   17.6514
    0.0000   22.5000  -45.0000 2226.1204   17.5251
    7.5000   22.5000  -45.0000 2206.2715   17.6209
   -7.5000   30.0000  -45.0000 2155.4583   18.7322
    0.0000   30.0000  -45.0000 2157.1602   18.6596
    7.5000   30.0000  -45.0000 2138.2610   18.8623
   -7.5000   37.5000  -45.0000 2075.9446   20.2634
    0.0000   37.5000  -45.0000 2071.6970   20.1938
    7.5000   37.5000  -45.0000 2055.3811   20.4643
   -7.5000   45.0000  -45.0000 1976.2990   22.3510
    0.0000   45.0000  -45.0000 1966.3065   22.1991
    7.5000   45.0000  -45.0000 1956.1504   22.5005
   -7.5000  -45.0000  -37.5000 2239.3679   17.9786
    0.0000  -45.0000  -37.5000 2246.3423   17.9227
    7.5000  -45.0000  -37.5000 2226.1797   17.8547
   -7.5000  -37.5000  -37.5000 2322.6267   16.6081
    0.0000  -37.5000  -37.5000 2330.0964   16.5725
    7.5000  -37.5000  -37.5000 2309.6145   16.5595
   -7.5000  -30.0000  -37.5000 2380.1729   15.7056
    0.0000  -30.0000  -37.5000 2380.5156   15.6374
    7.5000  -30.0000  -37.5000 2354.3337   15.6657
   -7.5000  -22.5000  -37.5000 2413.9385   15.1140
    0.0000  -22.5000  -37.5000 2413.9541   15.0362
    7.5000  -22.5000  -37.5000 2381.3594   15.0830
   -7.5000  -15.0000  -37.5000 2423.5786   14.7383
    0.0000  -15.0000  -37.5000 2422.2180   14.6662
    7.5000  -15.0000  -37.5000 2389.8396   14.6861
   -7.5000   -7.5000  -37.5000 2419.1484   14.5798
    0.0000   -7.5000  -37.5000 2416.0479   14.5013
    7.5000   -7.5000  -37.5000 2386.9570   14.5290
   -7.5000    0.0000  -37.5000 2411.2327   14.6296
    0.0000    0.0000  -37.5000 2419.7859   14.6088
    7.5000    0.0000  -37.5000 2380.5935   14.5946
   -7.5000    7.5000  -37.5000 2403.9280   14.9758
    0.0000    7.5000  -37.5000 2407.3892   14.9317
    7.5000    7.5000  -37.5000 2371.7085   14.9156
   -7.5000   15.0000  -37.5000 2377.0447   15.5389
    0.0000   15.0000  -37.5000 2384.9023   15.4930
    7.5000   15.0000  -37.5000 2347.4382   15.4778
   -7.5000   22.5000  -37.5000 2324.8608   16.3374
    0.0000   22.5000  -37.5000 2334.7100   16.3115
    7.5000   22.5000  -37.5000 2303.6499   16.3397
   -7.5000   30.0000  -37.5000 2249.0154   17.3992
    0.0000   30.0000  -37.5000 2257.8865   17.3947
    7.5000   30.0000  -37.5000 2232.2322   17.4959
   -7.5000   37.5000  -37.5000 2169.9395   18.8490
    0.0000   37.5000  -37.5000 2169.0520   18.8123
    7.5000   37.5000  -37.5000 2144.1038   18.9566
   -7.5000   45.0000  -37.5000 2056.3418   20.7522
    0.0000   45.0000  -37.5000 2056.8291   20.6892
    7.5000   45.0000  -37.5000 2033.7227   20.8973
   -7.5000  -45.0000  -30.0000 2355.0117   17.6833
    0.0000  -45.0000  -30.0000 2366.2471   17.5899
    7.5000  -45.0000  -30.0000 2338.5547   17.5284
   -7.5000  -37.5000  -30.0000 2447.4324   16.3156
    0.0000  -37.5000  -30.0000 2457.0129   16.2201
    7.5000  -37.5000  -30.0000 2429.8225   16.2165
   -7.5000  -30.0000  -30.0000 2506.9260   15.3148
    0.0000  -30.0000  -30.0000 2504.3972   15.2066
    7.5000  -30.0000  -30.0000 2480.8350   15.2394
   -7.5000  -22.5000  -30.0000 2545.1370   14.6244
    0.0000  -22.5000  -30.0000 2538.8884   14.5362
    7.5000  -22.5000  -30.0000 2514.4451   14.5865
   -7.5000  -15.0000  -30.0000 2565.0469   14.2332
    0.0000  -15.0000  -30.0000 2559.6704   14.1609
    7.5000  -15.0000  -30.0000 2534.0400   14.2059
   -7.5000   -7.5000  -30.0000 2559.3989   13.9957
    0.0000   -7.5000  -30.0000 2550.0852   13.9618
    7.5000   -7.5000  -30.0000 2521.7053   14.0073
   -7.5000    0.0000  -30.0000 2554.1987   14.0465
    0.0000    0.0000  -30.0000 2553.6694   14.0287
    7.5000    0.0000  -30.0000 2515.2251   14.0522
   -7.5000    7.5000  -30.0000 2543.9077   14.3728
    0.0000    7.5000  -30.0000 2547.2339   14.3527
    7.5000    7.5000  -30.0000 2504.5745   14.3692
   -7.5000   15.0000  -30.0000 2511.8687   14.9207
    0.0000   15.0000  -30.0000 2524.9705   14.8844
    7.5000   15.0000  -30.0000 2479.4775   14.9256
   -7.5000   22.5000  -30.0000 2462.7029   15.6963
    0.0000   22.5000  -30.0000 2477.8936   15.7003
    7.5000   22.5000  -30.0000 2435.8123   15.7727
   -7.5000   30.0000  -30.0000 2383.3391   16.7440
    0.0000   30.0000  -30.0000 2399.1284   16.7979
    7.5000   30.0000  -30.0000 2362.2803   16.9006
   -7.5000   37.5000  -30.0000 2299.9412   18.1966
    0.0000   37.5000  -30.0000 2305.6943   18.2046
    7.5000   37.5000  -30.0000 2274.6660   18.3344
   -7.5000   45.0000  -30.0000 2178.2537   20.0514
    0.0000   45.0000  -30.0000 2177.3516   20.0490
    7.5000   45.0000  -30.0000 2146.1079   20.2233
   -7.5000  -45.0000  -22.5000 2429.4292   17.2846
    0.0000  -45.0000  -22.5000 2441.8271   17.1150
    7.5000  -45.0000  -22.5000 2418.8264   17.1073
   -7.5000  -37.5000  -22.5000 2522.4431   15.8900
    0.0000  -37.5000  -22.5000 2533.0166   15.7139
    7.5000  -37.5000  -22.5000 2509.8538   15.7604
   -7.5000  -30.0000  -22.5000 2590.7556   14.8629
    0.0000  -30.0000  -22.5000 2593.9558   14.7176
    7.5000  -30.0000  -22.5000 2577.1904   14.7856
   -7.5000  -22.5000  -22.5000 2632.2004   14.1054
    0.0000  -22.5000  -22.5000 2631.6240   13.9963
    7.5000  -22.5000  -22.5000 2614.2830   14.0431
   -7.5000  -15.0000  -22.5000 2654.9998   13.6326
    0.0000  -15.0000  -22.5000 2655.6831   13.5485
    7.5000  -15.0000  -22.5000 2634.9688   13.6054
   -7.5000   -7.5000  -22.5000 2656.3579   13.3336
    0.0000   -7.5000  -22.5000 2651.1052   13.2909
    7.5000   -7.5000  -22.5000 2627.9280   13.3770
   -7.5000    0.0000  -22.5000 2661.0205   13.3893
    0.0000    0.0000  -22.5000 2657.3965   13.3533
    7.5000    0.0000  -22.5000 2625.9058   13.4420
   -7.5000    7.5000  -22.5000 2656.9043   13.7493
    0.0000    7.5000  -22.5000 2657.4480   13.6837
    7.5000    7.5000  -22.5000 2624.5715   13.7831
   -7.5000   15.0000  -22.5000 2625.3682   14.2842
    0.0000   15.0000  -22.5000 2631.7339   14.2069
    7.5000   15.0000  -22.5000 2600.7317   14.3338
   -7.5000   22.5000  -22.5000 2564.3748   14.9917
    0.0000   22.5000  -22.5000 2578.6106   14.9807
    7.5000   22.5000  -22.5000 2547.7295   15.1165
   -7.5000   30.0000  -22.5000 2484.9023   16.0452
    0.0000   30.0000  -22.5000 2500.4661   16.0397
    7.5000   30.0000  -22.5000 2466.2122   16.1752
   -7.5000   37.5000  -22.5000 2401.1829   17.4415
    0.0000   37.5000  -22.5000 2410.4226   17.4409
    7.5000   37.5000  -22.5000 2375.6929   17.5759
   -7.5000   45.0000  -22.5000 2265.3289   19.2595
    0.0000   45.0000  -22.5000 2273.6069   19.2877
    7.5000   45.0000  -22.5000 2237.1423   19.4061
   -7.5000  -45.0000  -15.0000 2457.3486   16.8505
    0.0000  -45.0000  -15.0000 2472.1108   16.6660
    7.5000  -45.0000  -15.0000 2458.3018   16.6548
   -7.5000  -37.5000  -15.0000 2554.6477   15.4599
    0.0000  -37.5000  -15.0000 2566.6504   15.2602
    7.5000  -37.5000  -15.0000 2553.0828   15.3165
   -7.5000  -30.0000  -15.0000 2629.1799   14.4172
    0.0000  -30.0000  -15.0000 2638.6548   14.2398
    7.5000  -30.0000  -15.0000 2626.8035   14.3171
   -7.5000  -22.5000  -15.0000 2683.1128   13.6568
    0.0000  -22.5000  -15.0000 2690.4045   13.5162
    7.5000  -22.5000  -15.0000 2671.5000   13.5903
   -7.5000  -15.0000  -15.0000 2706.9890   13.1228
    0.0000  -15.0000  -15.0000 2705.2158   12.9695
    7.5000  -15.0000  -15.0000 2688.0237   13.0936
   -7.5000   -7.5000  -15.0000 2712.8801   12.7099
    0.0000   -7.5000  -15.0000 2703.9658   12.6301
    7.5000   -7.5000  -15.0000 2686.8149   12.7619
   -7.5000    0.0000  -15.0000 2725.2461   12.7965
    0.0000    0.0000  -15.0000 2712.0493   12.7138
    7.5000    0.0000  -15.0000 2696.4875   12.8457
   -7.5000    7.5000  -15.0000 2725.6150   13.1461
    0.0000    7.5000  -15.0000 2722.1406   13.0616
    7.5000    7.5000  -15.0000 2703.4924   13.2079
   -7.5000   15.0000  -15.0000 2695.0725   13.6681
    0.0000   15.0000  -15.0000 2694.1902   13.6006
    7.5000   15.0000  -15.0000 2678.6980   13.7624
   -7.5000   22.5000  -15.0000 2636.3025   14.3755
    0.0000   22.5000  -15.0000 2641.9797   14.3367
    7.5000   22.5000  -15.0000 2626.2183   14.5108
   -7.5000   30.0000  -15.0000 2552.4829   15.4410
    0.0000   30.0000  -15.0000 2558.3538   15.3781
    7.5000   30.0000  -15.0000 2538.0505   15.5596
   -7.5000   37.5000  -15.0000 2464.0530   16.8174
    0.0000   37.5000  -15.0000 2468.5715   16.7552
    7.5000   37.5000  -15.0000 2441.2834   16.9656
   -7.5000   45.0000  -15.0000 2327.2683   18.5673
    0.0000   45.0000  -15.0000 2330.8030   18.5249
    7.5000   45.0000  -15.0000 2296.1582   18.6899
   -7.5000  -45.0000   -7.5000 2465.8958   16.5638
    0.0000  -45.0000   -7.5000 2478.5127   16.3457
    7.5000  -45.0000   -7.5000 2467.5991   16.3464
   -7.5000  -37.5000   -7.5000 2571.7744   15.1609
    0.0000  -37.5000   -7.5000 2578.0474   14.9274
    7.5000  -37.5000   -7.5000 2568.5247   14.9926
   -7.5000  -30.0000   -7.5000 2655.3599   14.0986
    0.0000  -30.0000   -7.5000 2655.3108   13.8817
    7.5000  -30.0000   -7.5000 2651.1011   13.9703
   -7.5000  -22.5000   -7.5000 2724.1489   13.3642
    0.0000  -22.5000   -7.5000 2720.4998   13.1492
    7.5000  -22.5000   -7.5000 2713.5291   13.2597
   -7.5000  -15.0000   -7.5000 2751.0645   12.8202
    0.0000  -15.0000   -7.5000 2745.1274   12.6198
    7.5000  -15.0000   -7.5000 2734.2495   12.7733
   -7.5000   -7.5000   -7.5000 2753.0034   12.2886
    0.0000   -7.5000   -7.5000 2736.9404   12.1391
    7.5000   -7.5000   -7.5000 2728.9360   12.3503
   -7.5000    0.0000   -7.5000 2767.6328   12.3036
    0.0000    0.0000   -7.5000 2741.9524   12.1602
    7.5000    0.0000   -7.5000 2740.9272   12.3798
   -7.5000    7.5000   -7.5000 2765.0959   12.6356
    0.0000    7.5000   -7.5000 2757.5364   12.5129
    7.5000    7.5000   -7.5000 2752.1692   12.7433
   -7.5000   15.0000   -7.5000 2734.4204   13.1367
    0.0000   15.0000   -7.5000 2737.5940   13.0547
    7.5000   15.0000   -7.5000 2733.1760   13.3113
   -7.5000   22.5000   -7.5000 2678.9036   13.8784
    0.0000   22.5000   -7.5000 2685.4858   13.8185
    7.5000   22.5000   -7.5000 2678.8521   14.0848
   -7.5000   30.0000   -7.5000 2595.3787   14.9135
    0.0000   30.0000   -7.5000 2598.2134   14.8717
    7.5000   30.0000   -7.5000 2582.1536   15.1444
   -7.5000   37.5000   -7.5000 2502.8171   16.2382
    0.0000   37.5000   -7.5000 2507.4524   16.2044
    7.5000   37.5000   -7.5000 2481.1360   16.4699
   -7.5000   45.0000   -7.5000 2366.8364   17.9336
    0.0000   45.0000   -7.5000 2372.2803   17.9138
    7.5000   45.0000   -7.5000 2338.9927   18.1468
   -7.5000  -45.0000    0.0000 2459.5347   16.6087
    0.0000  -45.0000    0.0000 2460.0273   16.3324
    7.5000  -45.0000    0.0000 2450.2131   16.3273
   -7.5000  -37.5000    0.0000 2569.5750   15.1820
    0.0000  -37.5000    0.0000 2559.7368   14.8809
    7.5000  -37.5000    0.0000 2554.7566   14.9204
   -7.5000  -30.0000    0.0000 2659.9739   14.1065
    0.0000  -30.0000    0.0000 2641.3142   13.8078
    7.5000  -30.0000    0.0000 2641.3352   13.8571
   -7.5000  -22.5000    0.0000 2745.3320   13.4243
    0.0000  -22.5000    0.0000 2720.2805   13.1191
    7.5000  -22.5000    0.0000 2717.4094   13.1532
   -7.5000  -15.0000    0.0000 2801.3069   12.9196
    0.0000  -15.0000    0.0000 2778.7605   12.6681
    7.5000  -15.0000    0.0000 2762.7776   12.7074
   -7.5000   -7.5000    0.0000 2801.4302   12.2622
    0.0000   -7.5000    0.0000 2767.7844   12.0536
    7.5000   -7.5000    0.0000 2766.7007   12.2873
   -7.5000    0.0000    0.0000 2798.8811   12.1132
    0.0000    0.0000    0.0000 2756.7136   11.9047
    7.5000    0.0000    0.0000 2763.6743   12.2280
   -7.5000    7.5000    0.0000 2792.0967   12.3897
    0.0000    7.5000    0.0000 2776.5176   12.2217
    7.5000    7.5000    0.0000 2774.6108   12.5185
   -7.5000   15.0000    0.0000 2768.6213   12.8880
    0.0000   15.0000    0.0000 2766.8481   12.7916
    7.5000   15.0000    0.0000 2757.1992   13.0725
   -7.5000   22.5000    0.0000 2717.4644   13.6814
    0.0000   22.5000    0.0000 2712.6958   13.6168
    7.5000   22.5000    0.0000 2705.1272   13.8719
   -7.5000   30.0000    0.0000 2631.3948   14.7404
    0.0000   30.0000    0.0000 2622.7024   14.6785
    7.5000   30.0000    0.0000 2611.8208   14.9640
   -7.5000   37.5000    0.0000 2536.4995   16.0538
    0.0000   37.5000    0.0000 2529.4939   15.9806
    7.5000   37.5000    0.0000 2514.9785   16.2870
   -7.5000   45.0000    0.0000 2400.8071   17.7408
    0.0000   45.0000    0.0000 2394.2219   17.6274
    7.5000   45.0000    0.0000 2373.8271   17.9298
   -7.5000  -45.0000    7.5000 2439.9341   16.9151
    0.0000  -45.0000    7.5000 2434.2395   16.6109
    7.5000  -45.0000    7.5000 2428.8755   16.6190
   -7.5000  -37.5000    7.5000 2548.3894   15.4834
    0.0000  -37.5000    7.5000 2537.9846   15.1985
    7.5000  -37.5000    7.5000 2545.9048   15.2077
   -7.5000  -30.0000    7.5000 2656.8623   14.4739
    0.0000  -30.0000    7.5000 2636.4600   14.1959
    7.5000  -30.0000    7.5000 2644.0281   14.1359
   -7.5000  -22.5000    7.5000 2765.7563   13.8742
    0.0000  -22.5000    7.5000 2742.3169   13.6097
    7.5000  -22.5000    7.5000 2733.6658   13.4145
   -7.5000  -15.0000    7.5000 2860.6716   13.4245
    0.0000  -15.0000    7.5000 2842.6626   13.2251
    7.5000  -15.0000    7.5000 2793.9150   12.9138
   -7.5000   -7.5000    7.5000 2873.5645   12.7016
    0.0000   -7.5000    7.5000 2854.2710   12.5662
    7.5000   -7.5000    7.5000 2801.7415   12.4429
   -7.5000    0.0000    7.5000 2830.7068   12.2560
    0.0000    0.0000    7.5000 2796.7441   12.1555
    7.5000    0.0000    7.5000 2789.4736   12.3641
   -7.5000    7.5000    7.5000 2808.8579   12.3583
    0.0000    7.5000    7.5000 2794.3201   12.3004
    7.5000    7.5000    7.5000 2781.0842   12.5576
   -7.5000   15.0000    7.5000 2778.8362   12.8642
    0.0000   15.0000    7.5000 2777.1946   12.8134
    7.5000   15.0000    7.5000 2764.5376   13.0286
   -7.5000   22.5000    7.5000 2729.0625   13.6891
    0.0000   22.5000    7.5000 2722.8252   13.6377
    7.5000   22.5000    7.5000 2711.2390   13.8392
   -7.5000   30.0000    7.5000 2644.2405   14.7501
    0.0000   30.0000    7.5000 2637.5776   14.7104
    7.5000   30.0000    7.5000 2619.0605   14.9023
   -7.5000   37.5000    7.5000 2548.5916   16.0916
    0.0000   37.5000    7.5000 2549.4675   16.0748
    7.5000   37.5000    7.5000 2513.2764   16.2191
   -7.5000   45.0000    7.5000 2414.7126   17.7458
    0.0000   45.0000    7.5000 2412.8755   17.7291
    7.5000   45.0000    7.5000 2380.1980   17.8559
   -7.5000  -45.0000   15.0000 2415.1018   17.4731
    0.0000  -45.0000   15.0000 2416.4104   17.2728
    7.5000  -45.0000   15.0000 2424.1201   17.1400
   -7.5000  -37.5000   15.0000 2540.7444   16.1442
    0.0000  -37.5000   15.0000 2540.7124   15.9736
    7.5000  -37.5000   15.0000 2540.7195   15.7322
   -7.5000  -30.0000   15.0000 2666.9475   15.1898
    0.0000  -30.0000   15.0000 2665.0774   15.0364
    7.5000  -30.0000   15.0000 2639.4458   14.6904
   -7.5000  -22.5000   15.0000 2783.8584   14.5489
    0.0000  -22.5000   15.0000 2784.4854   14.4496
    7.5000  -22.5000   15.0000 2726.9348   13.9224
   -7.5000  -15.0000   15.0000 2877.2266   13.9195
    0.0000  -15.0000   15.0000 2876.5828   13.9024
    7.5000  -15.0000   15.0000 2782.2102   13.3126
   -7.5000   -7.5000   15.0000 2875.2742   13.0944
    0.0000   -7.5000   15.0000 2882.5488   13.2049
    7.5000   -7.5000   15.0000 2804.4666   12.9390
   -7.5000    0.0000   15.0000 2855.5242   12.7906
    0.0000    0.0000   15.0000 2852.3433   12.8813
    7.5000    0.0000   15.0000 2803.2109   12.8633
   -7.5000    7.5000   15.0000 2811.9304   12.8537
    0.0000    7.5000   15.0000 2817.7236   12.8904
    7.5000    7.5000   15.0000 2784.4719   12.9692
   -7.5000   15.0000   15.0000 2759.4490   13.2113
    0.0000   15.0000   15.0000 2763.2742   13.1893
    7.5000   15.0000   15.0000 2750.1279   13.3460
   -7.5000   22.5000   15.0000 2704.3074   13.9081
    0.0000   22.5000   15.0000 2702.4641   13.8442
    7.5000   22.5000   15.0000 2691.8435   14.0221
   -7.5000   30.0000   15.0000 2630.9653   14.9098
    0.0000   30.0000   15.0000 2623.8767   14.8551
    7.5000   30.0000   15.0000 2605.3301   15.0316
   -7.5000   37.5000   15.0000 2541.9185   16.2372
    0.0000   37.5000   15.0000 2537.8662   16.2028
    7.5000   37.5000   15.0000 2509.1665   16.3475
   -7.5000   45.0000   15.0000 2407.9241   17.9416
    0.0000   45.0000   15.0000 2400.1650   17.8828
    7.5000   45.0000   15.0000 2373.1216   18.0135
   -7.5000  -45.0000   22.5000 2412.0679   18.4601
    0.0000  -45.0000   22.5000 2430.4807   18.3981
    7.5000  -45.0000   22.5000 2409.6533   18.0959
   -7.5000  -37.5000   22.5000 2537.3337   17.0350
    0.0000  -37.5000   22.5000 2552.7820   16.9749
    7.5000  -37.5000   22.5000 2528.7708   16.6478
   -7.5000  -30.0000   22.5000 2655.1963   15.9183
    0.0000  -30.0000   22.5000 2668.1411   15.8762
    7.5000  -30.0000   22.5000 2630.0361   15.4729
   -7.5000  -22.5000   22.5000 2757.8516   15.0940
    0.0000  -22.5000   22.5000 2768.4309   15.0417
    7.5000  -22.5000   22.5000 2712.4058   14.5592
   -7.5000  -15.0000   22.5000 2812.6909   14.1512
    0.0000  -15.0000   22.5000 2825.8767   14.1923
    7.5000  -15.0000   22.5000 2766.6233   13.8857
   -7.5000   -7.5000   22.5000 2829.4941   13.4310
    0.0000   -7.5000   22.5000 2850.0737   13.5687
    7.5000   -7.5000   22.5000 2798.1030   13.5029
   -7.5000    0.0000   22.5000 2850.0967   13.3468
    0.0000    0.0000   22.5000 2848.2024   13.4128
    7.5000    0.0000   22.5000 2803.8738   13.4345
   -7.5000    7.5000   22.5000 2815.8169   13.5564
    0.0000    7.5000   22.5000 2815.8931   13.5570
    7.5000    7.5000   22.5000 2776.0181   13.5642
   -7.5000   15.0000   22.5000 2746.5649   13.9446
    0.0000   15.0000   22.5000 2747.8496   13.9371
    7.5000   15.0000   22.5000 2723.9766   13.9672
   -7.5000   22.5000   22.5000 2675.5044   14.5535
    0.0000   22.5000   22.5000 2678.8518   14.5295
    7.5000   22.5000   22.5000 2652.5796   14.5650
   -7.5000   30.0000   22.5000 2603.5288   15.4097
    0.0000   30.0000   22.5000 2598.4136   15.3865
    7.5000   30.0000   22.5000 2567.7312   15.4563
   -7.5000   37.5000   22.5000 2510.1750   16.6211
    0.0000   37.5000   22.5000 2510.4573   16.5869
    7.5000   37.5000   22.5000 2477.3906   16.7018
   -7.5000   45.0000   22.5000 2370.3845   18.2830
    0.0000   45.0000   22.5000 2371.5518   18.2259
    7.5000   45.0000   22.5000 2347.8899   18.3286
   -7.5000  -45.0000   30.0000 2383.6326   19.3986
    0.0000  -45.0000   30.0000 2403.5264   19.3951
    7.5000  -45.0000   30.0000 2387.2488   19.2150
   -7.5000  -37.5000   30.0000 2491.2444   17.7805
    0.0000  -37.5000   30.0000 2519.8018   17.8149
    7.5000  -37.5000   30.0000 2501.6172   17.5947
   -7.5000  -30.0000   30.0000 2601.8801   16.5466
    0.0000  -30.0000   30.0000 2632.1902   16.5734
    7.5000  -30.0000   30.0000 2601.3398   16.3021
   -7.5000  -22.5000   30.0000 2692.0205   15.5137
    0.0000  -22.5000   30.0000 2713.8770   15.5157
    7.5000  -22.5000   30.0000 2677.6506   15.2662
   -7.5000  -15.0000   30.0000 2740.7244   14.4894
    0.0000  -15.0000   30.0000 2766.4417   14.5953
    7.5000  -15.0000   30.0000 2728.7795   14.5738
   -7.5000   -7.5000   30.0000 2775.1047   13.9261
    0.0000   -7.5000   30.0000 2795.7412   14.0771
    7.5000   -7.5000   30.0000 2761.9785   14.1516
   -7.5000    0.0000   30.0000 2796.1589   13.9367
    0.0000    0.0000   30.0000 2804.1814   13.9968
    7.5000    0.0000   30.0000 2768.8967   14.0666
   -7.5000    7.5000   30.0000 2775.8726   14.2098
    0.0000    7.5000   30.0000 2774.7610   14.1865
    7.5000    7.5000   30.0000 2740.9099   14.2277
   -7.5000   15.0000   30.0000 2709.5786   14.6817
    0.0000   15.0000   30.0000 2710.0630   14.6188
    7.5000   15.0000   30.0000 2685.5530   14.6792
   -7.5000   22.5000   30.0000 2635.7861   15.3301
    0.0000   22.5000   30.0000 2642.9268   15.2812
    7.5000   22.5000   30.0000 2614.8025   15.3366
   -7.5000   30.0000   30.0000 2551.3267   16.1971
    0.0000   30.0000   30.0000 2554.2834   16.1373
    7.5000   30.0000   30.0000 2525.8757   16.1652
   -7.5000   37.5000   30.0000 2442.2478   17.3260
    0.0000   37.5000   30.0000 2449.0547   17.2602
    7.5000   37.5000   30.0000 2427.3723   17.3084
   -7.5000   45.0000   30.0000 2308.5188   18.8989
    0.0000   45.0000   30.0000 2317.5322   18.8401
    7.5000   45.0000   30.0000 2291.1208   18.8725
   -7.5000  -45.0000   37.5000 2326.3257   20.2941
    0.0000  -45.0000   37.5000 2356.7979   20.4561
    7.5000  -45.0000   37.5000 2354.4719   20.4820
   -7.5000  -37.5000   37.5000 2434.9192   18.5935
    0.0000  -37.5000   37.5000 2468.0049   18.7184
    7.5000  -37.5000   37.5000 2459.8867   18.6924
   -7.5000  -30.0000   37.5000 2537.8792   17.2122
    0.0000  -30.0000   37.5000 2568.5715   17.2735
    7.5000  -30.0000   37.5000 2559.4258   17.2524
   -7.5000  -22.5000   37.5000 2618.5027   16.0118
    0.0000  -22.5000   37.5000 2647.6843   16.0747
    7.5000  -22.5000   37.5000 2632.3232   16.1564
   -7.5000  -15.0000   37.5000 2676.1208   15.1186
    0.0000  -15.0000   37.5000 2699.2759   15.2245
    7.5000  -15.0000   37.5000 2672.1169   15.3881
   -7.5000   -7.5000   37.5000 2712.5269   14.6698
    0.0000   -7.5000   37.5000 2732.4653   14.7974
    7.5000   -7.5000   37.5000 2705.1956   14.9503
   -7.5000    0.0000   37.5000 2729.1045   14.6970
    0.0000    0.0000   37.5000 2739.9099   14.7532
    7.5000    0.0000   37.5000 2706.0085   14.8689
   -7.5000    7.5000   37.5000 2711.0820   14.9784
    0.0000    7.5000   37.5000 2712.2449   14.9528
    7.5000    7.5000   37.5000 2684.4583   15.0415
   -7.5000   15.0000   37.5000 2657.2927   15.4612
    0.0000   15.0000   37.5000 2657.8191   15.4035
    7.5000   15.0000   37.5000 2636.2913   15.5124
   -7.5000   22.5000   37.5000 2591.0515   16.1420
    0.0000   22.5000   37.5000 2591.8621   16.0954
    7.5000   22.5000   37.5000 2564.8452   16.2027
   -7.5000   30.0000   37.5000 2496.7891   17.0703
    0.0000   30.0000   37.5000 2500.5859   17.0412
    7.5000   30.0000   37.5000 2478.6567   17.1092
   -7.5000   37.5000   37.5000 2378.4653   18.2450
    0.0000   37.5000   37.5000 2382.0464   18.2161
    7.5000   37.5000   37.5000 2361.3103   18.2427
   -7.5000   45.0000   37.5000 2255.7095   19.7339
    0.0000   45.0000   37.5000 2254.7087   19.6981
    7.5000   45.0000   37.5000 2228.8484   19.7651
   -7.5000  -45.0000   45.0000 2265.0715   21.4727
    0.0000  -45.0000   45.0000 2303.2458   21.6686
    7.5000  -45.0000   45.0000 2304.8171   21.8989
   -7.5000  -37.5000   45.0000 2368.7463   19.5216
    0.0000  -37.5000   45.0000 2402.7073   19.6709
    7.5000  -37.5000   45.0000 2407.1477   19.9219
   -7.5000  -30.0000   45.0000 2460.3486   17.9775
    0.0000  -30.0000   45.0000 2493.5935   18.1349
    7.5000  -30.0000   45.0000 2498.6431   18.3792
   -7.5000  -22.5000   45.0000 2542.5515   16.7905
    0.0000  -22.5000   45.0000 2570.6604   16.9542
    7.5000  -22.5000   45.0000 2565.5317   17.2278
   -7.5000  -15.0000   45.0000 2599.7539   15.9890
    0.0000  -15.0000   45.0000 2622.2764   16.1542
    7.5000  -15.0000   45.0000 2606.9558   16.4263
   -7.5000   -7.5000   45.0000 2636.0713   15.6150
    0.0000   -7.5000   45.0000 2653.0295   15.7638
    7.5000   -7.5000   45.0000 2636.9980   16.0048
   -7.5000    0.0000   45.0000 2648.4373   15.6071
    0.0000    0.0000   45.0000 2661.9004   15.6736
    7.5000    0.0000   45.0000 2638.6394   15.8848
   -7.5000    7.5000   45.0000 2637.6238   15.9104
    0.0000    7.5000   45.0000 2640.7163   15.9145
    7.5000    7.5000   45.0000 2619.4045   16.0634
   -7.5000   15.0000   45.0000 2595.4126   16.4124
    0.0000   15.0000   45.0000 2596.1050   16.3681
    7.5000   15.0000   45.0000 2568.4968   16.5032
   -7.5000   22.5000   45.0000 2522.1169   17.0962
    0.0000   22.5000   45.0000 2524.7483   17.0796
    7.5000   22.5000   45.0000 2500.5137   17.2224
   -7.5000   30.0000   45.0000 2423.2905   18.0439
    0.0000   30.0000   45.0000 2424.9158   18.0420
    7.5000   30.0000   45.0000 2403.1150   18.1744
   -7.5000   37.5000   45.0000 2308.7637   19.3344
    0.0000   37.5000   45.0000 2309.9458   19.3244
    7.5000   37.5000   45.0000 2293.8047   19.4151
   -7.5000   45.0000   45.0000 2192.7324   20.9036
    0.0000   45.0000   45.0000 2193.0034   20.9050
    7.5000   45.0000   45.0000 2169.9268   20.9569

---------------------------------------------------------------------
imgreg_4dfp /opt/freesurfer/average/711-2C_as_mni_average_305 /opt/freesurfer/average/711-2B_as_mni_average_305_mask talsrcimg_g11 none talsrcimg_to_711-2C_as_mni_average_305_t4 1283
---------------------------------------------------------------------

freesurfer imgreg_4dfp.c
/opt/freesurfer/average/711-2C_as_mni_average_305.4dfp.img
       256       256       256         1
  1.000000  1.000000  1.000000
orientation T byte_order littleendian
Reading image: /opt/freesurfer/average/711-2C_as_mni_average_305.4dfp.img
dimensions:      256       256       256
mmppix:       1.0000   -1.0000   -1.0000
center:     128.0000 -129.0000 -129.0000
/opt/freesurfer/average/711-2B_as_mni_average_305_mask.4dfp.img
       256       256       256         1
  1.000000  1.000000  1.000000
orientation T byte_order littleendian
Reading mask: /opt/freesurfer/average/711-2B_as_mni_average_305_mask.4dfp.img (2306576 pixels)
talsrcimg_g11.4dfp.img
       256       256       256         1
  1.000000  1.000000  1.000000
orientation T byte_order littleendian
Reading image: talsrcimg_g11.4dfp.img
dimensions:      256       256       256
mmppix:       1.0000   -1.0000   -1.0000
center:     128.0000 -129.0000 -129.0000
rotation matrix determinant  1.000000
fimgreg.f
image alignment mode   1283 decimal      503 hex
parameters
    0.0000   -7.5000   15.0000    0.0000    0.0000    0.0000
eta,q 0.90728 13.24395
niter,ni,del,rscale     5    3   12.0000    1.2000
parameter  1  0.744820 ->  0.500000 qaram    1.1500
parameter  2  1.370099 ->  0.500000 qaram    1.1500
parameter  3  0.514986 ->  0.500000 qaram    1.1500
parameter  5 -0.526546 -> -0.500000 qaram    1.1500
parameters
   -3.4500  -10.9500   11.5500   -0.4077    3.4500   -1.8861
eta,q 0.93018 13.32990
  0.0960  0.0808  0.0810  0.0812  0.0940  0.0733
  0.0878  0.0788  0.0742  0.0780  0.0863  0.0708
  0.0894  0.0807  0.0741  0.0746  0.0789  0.0698
  0.0981  0.0868  0.0791  0.0734  0.0733  0.0705
  0.1068  0.0928  0.0867  0.0753  0.0709  0.0730
  0.1124  0.0973  0.0935  0.0798  0.0708  0.0770
  0.1180  0.1007  0.0994  0.0834  0.0736  0.0816
niter,ni,del,rscale     7    3   12.0000    1.2000
parameters
   -4.6566  -10.2893   12.3035   -0.6730    4.1343   -2.2027
eta,q 0.93193 13.40530
  0.0941  0.0980  0.1009  0.0773  0.0870  0.0743
  0.0802  0.0856  0.0888  0.0747  0.0781  0.0709
  0.0692  0.0735  0.0750  0.0695  0.0709  0.0687
  0.0698  0.0680  0.0683  0.0682  0.0681  0.0681
  0.0818  0.0717  0.0711  0.0711  0.0692  0.0690
  0.0994  0.0792  0.0806  0.0755  0.0738  0.0717
  0.1117  0.0885  0.0899  0.0788  0.0808  0.0760
niter,ni,del,rscale     6    3   12.0000    1.2000
parameters
   -5.1596  -10.2651   12.3898   -0.8484    4.8209   -2.4181
eta,q 0.93212 13.45446
  0.0978  0.0931  0.0967  0.0764  0.0860  0.0742
  0.0865  0.0810  0.0832  0.0750  0.0772  0.0707
  0.0725  0.0706  0.0712  0.0701  0.0706  0.0685
  0.0681  0.0679  0.0679  0.0680  0.0680  0.0679
  0.0756  0.0736  0.0738  0.0703  0.0688  0.0688
  0.0925  0.0821  0.0838  0.0746  0.0734  0.0712
  0.1079  0.0908  0.0934  0.0781  0.0799  0.0753
niter,ni,del,rscale     5    3   12.0000    1.2000
parameters
   -5.5007  -10.2077   12.3027   -1.0707    5.3490   -2.5381
eta,q 0.93233 13.47321
  0.0985  0.0928  0.0954  0.0755  0.0844  0.0740
  0.0873  0.0809  0.0818  0.0746  0.0761  0.0707
  0.0730  0.0706  0.0705  0.0701  0.0704  0.0684
  0.0679  0.0678  0.0678  0.0677  0.0677  0.0677
  0.0744  0.0733  0.0744  0.0697  0.0688  0.0685
  0.0902  0.0818  0.0844  0.0741  0.0735  0.0708
  0.1064  0.0901  0.0944  0.0779  0.0799  0.0748
niter,ni,del,rscale     4    3   12.0000    1.2000
parameters
   -5.7332  -10.0941   12.1945   -1.3148    5.7296   -2.6067
eta,q 0.93242 13.47719
  0.0992  0.0928  0.0953  0.0751  0.0835  0.0740
  0.0876  0.0809  0.0817  0.0741  0.0755  0.0708
  0.0733  0.0706  0.0705  0.0700  0.0704  0.0684
  0.0677  0.0676  0.0677  0.0676  0.0676  0.0676
  0.0738  0.0727  0.0744  0.0694  0.0689  0.0683
  0.0890  0.0814  0.0845  0.0736  0.0738  0.0707
  0.1051  0.0895  0.0946  0.0776  0.0804  0.0745
niter,ni,del,rscale     3    3   12.0000    1.2000
parameters
   -5.8919   -9.9599   12.0938   -1.5270    5.9743   -2.6525
eta,q 0.93253 13.46970
  0.0998  0.0926  0.0953  0.0749  0.0828  0.0739
  0.0879  0.0808  0.0817  0.0739  0.0753  0.0708
  0.0735  0.0707  0.0706  0.0700  0.0703  0.0684
  0.0676  0.0676  0.0676  0.0675  0.0675  0.0675
  0.0735  0.0724  0.0743  0.0691  0.0691  0.0682
  0.0884  0.0812  0.0844  0.0732  0.0741  0.0706
  0.1042  0.0890  0.0946  0.0774  0.0809  0.0744
niter,ni,del,rscale     2    3   12.0000    1.2000
parameters
   -5.9894   -9.8388   12.0158   -1.7098    6.1215   -2.6890
eta,q 0.93256 13.46104
  0.1004  0.0922  0.0954  0.0748  0.0825  0.0738
  0.0882  0.0805  0.0818  0.0738  0.0753  0.0709
  0.0737  0.0707  0.0708  0.0700  0.0702  0.0685
  0.0675  0.0675  0.0675  0.0674  0.0675  0.0674
  0.0733  0.0722  0.0741  0.0690  0.0693  0.0682
  0.0880  0.0811  0.0842  0.0729  0.0745  0.0706
  0.1036  0.0888  0.0946  0.0772  0.0814  0.0743
niter,ni,del,rscale     1    3   12.0000    1.2000
parameters
   -6.0430   -9.7404   11.9596   -1.8585    6.2073   -2.7136
eta,q 0.93251 13.45416
  0.1008  0.0918  0.0955  0.0748  0.0823  0.0738
  0.0885  0.0802  0.0820  0.0738  0.0753  0.0710
  0.0739  0.0707  0.0710  0.0701  0.0702  0.0687
  0.0674  0.0675  0.0675  0.0674  0.0675  0.0675
  0.0731  0.0722  0.0740  0.0690  0.0695  0.0682
  0.0876  0.0811  0.0841  0.0727  0.0747  0.0706
  0.1032  0.0888  0.0944  0.0770  0.0818  0.0743
registration optimization eta report
parameter search radius
    6.9000    6.9000    6.9000    6.0000    6.9000    6.0000
100000*second partial in parameter space
       70.       46.       55.       21.       30.       18.
  0.1008  0.0918  0.0955  0.0748  0.0823  0.0738
  0.0885  0.0802  0.0820  0.0738  0.0753  0.0710
  0.0739  0.0707  0.0710  0.0701  0.0702  0.0687
  0.0674  0.0675  0.0675  0.0674  0.0675  0.0675
  0.0731  0.0722  0.0740  0.0690  0.0695  0.0682
  0.0876  0.0811  0.0841  0.0727  0.0747  0.0706
  0.1032  0.0888  0.0944  0.0770  0.0818  0.0743
   -6.0430   -9.7404   11.9596   -1.8585    6.2073   -2.7136
eta,q 0.93251 13.45416

---------------------------------------------------------------------
imgreg_4dfp /opt/freesurfer/average/711-2C_as_mni_average_305 /opt/freesurfer/average/711-2B_as_mni_average_305_mask talsrcimg_g11 none talsrcimg_to_711-2C_as_mni_average_305_t4 3335
---------------------------------------------------------------------

freesurfer imgreg_4dfp.c
/opt/freesurfer/average/711-2C_as_mni_average_305.4dfp.img
       256       256       256         1
  1.000000  1.000000  1.000000
orientation T byte_order littleendian
Reading image: /opt/freesurfer/average/711-2C_as_mni_average_305.4dfp.img
dimensions:      256       256       256
mmppix:       1.0000   -1.0000   -1.0000
center:     128.0000 -129.0000 -129.0000
/opt/freesurfer/average/711-2B_as_mni_average_305_mask.4dfp.img
       256       256       256         1
  1.000000  1.000000  1.000000
orientation T byte_order littleendian
Reading mask: /opt/freesurfer/average/711-2B_as_mni_average_305_mask.4dfp.img (2306576 pixels)
talsrcimg_g11.4dfp.img
       256       256       256         1
  1.000000  1.000000  1.000000
orientation T byte_order littleendian
Reading image: talsrcimg_g11.4dfp.img
dimensions:      256       256       256
mmppix:       1.0000   -1.0000   -1.0000
center:     128.0000 -129.0000 -129.0000
fimgreg.f
image alignment mode   3335 decimal      D07 hex
parameters
   -6.0430   -9.7404   11.9596   -0.6977   -0.1813   -0.6386
    5.0821  -10.6412   -4.7065    3.7512   10.8125   -3.2242
eta,q 0.93042 13.53403
niter,ni,del,rscale     5    3    5.0000    1.2000
parameter  4  1.521246 ->  0.500000 qaram    1.1500
parameter  5  1.933913 ->  0.500000 qaram    1.1500
parameter  6  0.633679 ->  0.500000 qaram    1.1500
parameter 10  0.682200 ->  0.500000 qaram    1.1500
parameters
   -6.0722  -10.2165   11.8504   -4.8377   -4.3213   -4.7786
    3.8131   -9.5093   -3.6225   -0.3888   10.3056   -3.0855
eta,q 0.96258 13.92288
  0.0768  0.0713  0.0730  0.0513  0.0387  0.0396  0.0433  0.0543  0.0433  0.0378  0.0396  0.0394
  0.0728  0.0700  0.0710  0.0535  0.0419  0.0395  0.0407  0.0461  0.0412  0.0374  0.0384  0.0384
  0.0703  0.0694  0.0697  0.0592  0.0471  0.0403  0.0395  0.0412  0.0399  0.0379  0.0377  0.0378
  0.0696  0.0696  0.0694  0.0694  0.0546  0.0431  0.0396  0.0394  0.0393  0.0393  0.0374  0.0374
  0.0706  0.0704  0.0699  0.0825  0.0636  0.0506  0.0409  0.0398  0.0393  0.0411  0.0377  0.0375
  0.0732  0.0716  0.0715  0.0959  0.0729  0.0625  0.0435  0.0421  0.0400  0.0435  0.0387  0.0382
  0.0770  0.0732  0.0737  0.1075  0.0823  0.0751  0.0471  0.0465  0.0414  0.0474  0.0405  0.0394
niter,ni,del,rscale     7    3    5.0000    1.2000
parameter  2 -0.571460 -> -0.500000 qaram    1.1500
parameter  3  1.497427 ->  0.500000 qaram    1.1500
parameter  5  0.644863 ->  0.500000 qaram    1.3225
parameters
   -5.6463   -8.8365   10.4704   -8.5628   -9.0823   -6.3145
    3.1799   -9.9916   -4.4023    2.3956   13.8255   -1.4036
eta,q 0.97177 13.68366
  0.0447  0.0453  0.0319  0.0338  0.0287  0.0325  0.0315  0.0333  0.0306  0.0341  0.0302  0.0301
  0.0412  0.0420  0.0327  0.0328  0.0285  0.0310  0.0302  0.0299  0.0297  0.0318  0.0294  0.0293
  0.0387  0.0393  0.0340  0.0321  0.0293  0.0297  0.0294  0.0290  0.0291  0.0302  0.0289  0.0288
  0.0374  0.0372  0.0359  0.0330  0.0322  0.0286  0.0292  0.0292  0.0291  0.0291  0.0286  0.0284
  0.0373  0.0361  0.0382  0.0386  0.0389  0.0285  0.0296  0.0300  0.0295  0.0286  0.0284  0.0282
  0.0385  0.0359  0.0409  0.0498  0.0490  0.0329  0.0308  0.0314  0.0303  0.0289  0.0284  0.0285
  0.0410  0.0368  0.0439  0.0642  0.0609  0.0421  0.0327  0.0338  0.0314  0.0302  0.0286  0.0291
niter,ni,del,rscale     7    3    5.0000    1.2000
parameter  2 -0.988885 -> -0.500000 qaram    1.3225
parameter  3  0.976460 ->  0.500000 qaram    1.3225
parameter 12  0.543226 ->  0.500000 qaram    1.1500
parameters
   -5.1254   -7.2495    8.8834   -9.6398  -12.2635   -7.6199
    3.4344  -10.2270   -5.1006    4.5390   14.1745   -5.5436
eta,q 0.97638 13.46865
  0.0322  0.0384  0.0229  0.0278  0.0267  0.0280  0.0271  0.0284  0.0259  0.0296  0.0246  0.0238
  0.0303  0.0344  0.0231  0.0260  0.0249  0.0264  0.0256  0.0255  0.0249  0.0272  0.0242  0.0236
  0.0290  0.0310  0.0238  0.0245  0.0237  0.0250  0.0247  0.0245  0.0244  0.0254  0.0240  0.0237
  0.0282  0.0281  0.0250  0.0232  0.0237  0.0237  0.0243  0.0243  0.0243  0.0243  0.0239  0.0239
  0.0281  0.0260  0.0267  0.0228  0.0264  0.0233  0.0245  0.0248  0.0247  0.0239  0.0239  0.0244
  0.0286  0.0248  0.0289  0.0262  0.0338  0.0273  0.0253  0.0261  0.0254  0.0244  0.0240  0.0251
  0.0298  0.0248  0.0315  0.0351  0.0448  0.0369  0.0268  0.0288  0.0267  0.0261  0.0245  0.0261
niter,ni,del,rscale     7    3    5.0000    1.2000
parameter  2 -0.614697 -> -0.500000 qaram    1.5209
parameter 12  0.525031 ->  0.500000 qaram    1.3225
parameters
   -5.0174   -5.4244    7.6277   -9.5724  -13.7102   -8.3080
    3.9766  -10.1040   -5.0399    6.7238   15.0131  -10.3046
eta,q 0.97874 13.38358
  0.0267  0.0341  0.0222  0.0264  0.0266  0.0265  0.0252  0.0275  0.0241  0.0275  0.0224  0.0216
  0.0251  0.0299  0.0214  0.0244  0.0242  0.0247  0.0236  0.0237  0.0229  0.0249  0.0220  0.0213
  0.0240  0.0263  0.0213  0.0227  0.0223  0.0230  0.0225  0.0222  0.0222  0.0230  0.0218  0.0213
  0.0236  0.0236  0.0217  0.0213  0.0213  0.0216  0.0219  0.0219  0.0219  0.0219  0.0217  0.0217
  0.0238  0.0220  0.0225  0.0203  0.0218  0.0206  0.0221  0.0224  0.0222  0.0217  0.0216  0.0222
  0.0247  0.0217  0.0239  0.0219  0.0258  0.0238  0.0229  0.0238  0.0229  0.0223  0.0217  0.0230
  0.0263  0.0227  0.0259  0.0285  0.0346  0.0320  0.0244  0.0268  0.0240  0.0237  0.0222  0.0240
niter,ni,del,rscale     7    3    5.0000    1.2000
parameters
   -4.9332   -4.8576    7.2772   -9.6237  -13.8955   -8.5945
    4.3344  -10.1952   -5.1508    7.7290   14.6236   -9.9365
eta,q 0.97869 13.37179
  0.0248  0.0300  0.0232  0.0262  0.0273  0.0269  0.0247  0.0270  0.0234  0.0260  0.0220  0.0235
  0.0229  0.0258  0.0218  0.0242  0.0248  0.0247  0.0230  0.0231  0.0223  0.0235  0.0216  0.0223
  0.0217  0.0228  0.0212  0.0225  0.0226  0.0228  0.0218  0.0215  0.0216  0.0219  0.0214  0.0215
  0.0213  0.0213  0.0211  0.0211  0.0211  0.0212  0.0213  0.0213  0.0213  0.0213  0.0213  0.0213
  0.0215  0.0214  0.0216  0.0202  0.0209  0.0200  0.0215  0.0219  0.0216  0.0215  0.0213  0.0216
  0.0225  0.0231  0.0227  0.0221  0.0231  0.0230  0.0225  0.0236  0.0224  0.0224  0.0216  0.0222
  0.0244  0.0259  0.0242  0.0286  0.0299  0.0307  0.0242  0.0269  0.0235  0.0241  0.0223  0.0231
niter,ni,del,rscale     6    3    5.0000    1.2000
parameters
   -4.9553   -4.6761    7.0506   -9.4984  -14.0279   -8.6929
    4.2864  -10.1004   -5.1702    8.0793   14.7372   -9.9405
eta,q 0.97865 13.36866
  0.0246  0.0284  0.0234  0.0265  0.0273  0.0269  0.0244  0.0274  0.0233  0.0252  0.0222  0.0234
  0.0228  0.0247  0.0221  0.0245  0.0249  0.0248  0.0228  0.0233  0.0223  0.0230  0.0218  0.0222
  0.0217  0.0222  0.0214  0.0228  0.0227  0.0229  0.0217  0.0216  0.0216  0.0217  0.0215  0.0215
  0.0213  0.0213  0.0213  0.0213  0.0212  0.0213  0.0213  0.0213  0.0213  0.0213  0.0214  0.0214
  0.0217  0.0220  0.0217  0.0204  0.0210  0.0199  0.0216  0.0219  0.0216  0.0217  0.0213  0.0217
  0.0228  0.0239  0.0226  0.0221  0.0230  0.0225  0.0227  0.0235  0.0223  0.0227  0.0215  0.0223
  0.0248  0.0270  0.0240  0.0283  0.0297  0.0300  0.0246  0.0267  0.0234  0.0244  0.0223  0.0232
niter,ni,del,rscale     5    3    5.0000    1.2000
parameters
   -4.9235   -4.5935    6.9808   -9.4752  -14.1089   -8.7903
    4.2955  -10.0812   -5.2607    8.2393   14.8365   -9.9544
eta,q 0.97858 13.36338
  0.0248  0.0279  0.0238  0.0265  0.0273  0.0270  0.0245  0.0273  0.0233  0.0250  0.0222  0.0234
  0.0229  0.0243  0.0222  0.0245  0.0249  0.0249  0.0229  0.0233  0.0223  0.0229  0.0218  0.0223
  0.0218  0.0221  0.0215  0.0228  0.0228  0.0230  0.0218  0.0217  0.0217  0.0217  0.0216  0.0216
  0.0214  0.0213  0.0214  0.0213  0.0213  0.0214  0.0214  0.0214  0.0214  0.0214  0.0214  0.0214
  0.0217  0.0221  0.0217  0.0205  0.0210  0.0200  0.0217  0.0220  0.0217  0.0218  0.0214  0.0217
  0.0227  0.0241  0.0225  0.0223  0.0230  0.0226  0.0228  0.0236  0.0224  0.0229  0.0216  0.0224
  0.0247  0.0272  0.0239  0.0287  0.0296  0.0301  0.0246  0.0269  0.0234  0.0246  0.0224  0.0233
niter,ni,del,rscale     4    3    5.0000    1.2000
parameters
   -4.9098   -4.5466    6.9351   -9.4639  -14.1619   -8.8570
    4.3107  -10.0860   -5.3272    8.3369   14.9141   -9.9513
eta,q 0.97852 13.35979
  0.0248  0.0278  0.0239  0.0266  0.0274  0.0270  0.0245  0.0273  0.0234  0.0249  0.0223  0.0235
  0.0230  0.0243  0.0223  0.0246  0.0250  0.0249  0.0229  0.0233  0.0223  0.0229  0.0219  0.0223
  0.0218  0.0221  0.0216  0.0229  0.0229  0.0231  0.0219  0.0217  0.0217  0.0218  0.0216  0.0216
  0.0214  0.0214  0.0214  0.0214  0.0214  0.0214  0.0215  0.0215  0.0215  0.0215  0.0215  0.0215
  0.0218  0.0222  0.0218  0.0205  0.0211  0.0201  0.0218  0.0221  0.0217  0.0219  0.0215  0.0218
  0.0228  0.0242  0.0226  0.0224  0.0230  0.0226  0.0228  0.0237  0.0224  0.0229  0.0217  0.0224
  0.0248  0.0274  0.0239  0.0288  0.0296  0.0300  0.0246  0.0270  0.0234  0.0246  0.0224  0.0233
niter,ni,del,rscale     3    3    5.0000    1.2000
parameters
   -4.9036   -4.5167    6.9041   -9.4624  -14.1960   -8.9024
    4.3228  -10.0925   -5.3772    8.4044   14.9572   -9.9534
eta,q 0.97848 13.35717
  0.0248  0.0278  0.0239  0.0267  0.0274  0.0271  0.0246  0.0273  0.0234  0.0249  0.0223  0.0235
  0.0230  0.0243  0.0224  0.0247  0.0251  0.0249  0.0230  0.0234  0.0224  0.0229  0.0219  0.0223
  0.0219  0.0221  0.0217  0.0230  0.0230  0.0231  0.0219  0.0218  0.0217  0.0218  0.0217  0.0217
  0.0215  0.0215  0.0215  0.0215  0.0215  0.0215  0.0215  0.0215  0.0215  0.0215  0.0215  0.0215
  0.0218  0.0222  0.0218  0.0206  0.0211  0.0201  0.0218  0.0221  0.0218  0.0219  0.0215  0.0218
  0.0229  0.0243  0.0226  0.0225  0.0231  0.0226  0.0228  0.0237  0.0224  0.0230  0.0217  0.0225
  0.0249  0.0274  0.0239  0.0289  0.0295  0.0299  0.0246  0.0270  0.0235  0.0247  0.0225  0.0234
registration optimization eta report
parameter search radius
    2.4000    3.6501    3.1740    8.2800    9.5220    8.2800
    7.2000    7.2000    7.2000    8.2800    7.2000    9.5220
100000*second partial in parameter space
       59.       46.       24.       10.        8.       11.
        6.       11.        4.        5.        2.        2.
  0.0248  0.0278  0.0239  0.0267  0.0274  0.0271  0.0246  0.0273  0.0234  0.0249  0.0223  0.0235
  0.0230  0.0243  0.0224  0.0247  0.0251  0.0249  0.0230  0.0234  0.0224  0.0229  0.0219  0.0223
  0.0219  0.0221  0.0217  0.0230  0.0230  0.0231  0.0219  0.0218  0.0217  0.0218  0.0217  0.0217
  0.0215  0.0215  0.0215  0.0215  0.0215  0.0215  0.0215  0.0215  0.0215  0.0215  0.0215  0.0215
  0.0218  0.0222  0.0218  0.0206  0.0211  0.0201  0.0218  0.0221  0.0218  0.0219  0.0215  0.0218
  0.0229  0.0243  0.0226  0.0225  0.0231  0.0226  0.0228  0.0237  0.0224  0.0230  0.0217  0.0225
  0.0249  0.0274  0.0239  0.0289  0.0295  0.0299  0.0246  0.0270  0.0235  0.0247  0.0225  0.0234
   -4.9036   -4.5167    6.9041   -9.4624  -14.1960   -8.9024
    4.3228  -10.0925   -5.3772    8.4044   14.9572   -9.9534
eta,q 0.97848 13.35717

---------------------------------------------------------------------
imgreg_4dfp /opt/freesurfer/average/711-2C_as_mni_average_305 /opt/freesurfer/average/711-2B_as_mni_average_305_mask talsrcimg_g11 none talsrcimg_to_711-2C_as_mni_average_305_t4 2311
---------------------------------------------------------------------

freesurfer imgreg_4dfp.c
/opt/freesurfer/average/711-2C_as_mni_average_305.4dfp.img
       256       256       256         1
  1.000000  1.000000  1.000000
orientation T byte_order littleendian
Reading image: /opt/freesurfer/average/711-2C_as_mni_average_305.4dfp.img
dimensions:      256       256       256
mmppix:       1.0000   -1.0000   -1.0000
center:     128.0000 -129.0000 -129.0000
/opt/freesurfer/average/711-2B_as_mni_average_305_mask.4dfp.img
       256       256       256         1
  1.000000  1.000000  1.000000
orientation T byte_order littleendian
Reading mask: /opt/freesurfer/average/711-2B_as_mni_average_305_mask.4dfp.img (2306576 pixels)
talsrcimg_g11.4dfp.img
       256       256       256         1
  1.000000  1.000000  1.000000
orientation T byte_order littleendian
Reading image: talsrcimg_g11.4dfp.img
dimensions:      256       256       256
mmppix:       1.0000   -1.0000   -1.0000
center:     128.0000 -129.0000 -129.0000
fimgreg.f
image alignment mode   2311 decimal      907 hex
parameters
   -4.9036   -4.5167    6.9041   -9.4624  -14.1960   -8.9024
    4.3228  -10.0925   -5.3772    8.4044   14.9572   -9.9534
eta,q 0.97848 13.35717
niter,ni,del,rscale     5    3    5.0000    0.8000
parameter  4 -0.524276 -> -0.500000 qaram    1.1500
parameters
   -4.8824   -4.5656    6.7878   -6.7024  -12.7568   -7.9810
    3.8892  -10.1168   -5.0269    9.2669   14.1605   -9.3190
eta,q 0.98018 13.54340
  0.0230  0.0227  0.0220  0.0242  0.0230  0.0234  0.0217  0.0249  0.0213  0.0219  0.0206  0.0207
  0.0222  0.0220  0.0217  0.0233  0.0220  0.0223  0.0206  0.0219  0.0206  0.0209  0.0201  0.0203
  0.0217  0.0216  0.0215  0.0224  0.0212  0.0213  0.0200  0.0203  0.0201  0.0202  0.0199  0.0200
  0.0215  0.0215  0.0215  0.0215  0.0206  0.0204  0.0199  0.0199  0.0199  0.0199  0.0198  0.0198
  0.0217  0.0217  0.0216  0.0208  0.0204  0.0196  0.0203  0.0205  0.0200  0.0199  0.0200  0.0199
  0.0221  0.0221  0.0218  0.0207  0.0205  0.0199  0.0211  0.0222  0.0203  0.0202  0.0205  0.0200
  0.0230  0.0228  0.0222  0.0216  0.0213  0.0224  0.0225  0.0249  0.0210  0.0208  0.0215  0.0203
niter,ni,del,rscale     5    3    5.0000    0.8000
parameters
   -5.0397   -4.8804    7.1380   -7.8667  -12.4218   -6.8567
    4.1045  -10.2711   -4.8552    8.3902   13.8347   -9.5476
eta,q 0.98085 13.55567
  0.0218  0.0207  0.0211  0.0223  0.0221  0.0232  0.0213  0.0235  0.0205  0.0203  0.0200  0.0198
  0.0206  0.0201  0.0204  0.0213  0.0212  0.0221  0.0202  0.0207  0.0198  0.0195  0.0195  0.0194
  0.0200  0.0198  0.0199  0.0203  0.0204  0.0210  0.0195  0.0194  0.0194  0.0192  0.0193  0.0192
  0.0198  0.0198  0.0197  0.0197  0.0200  0.0199  0.0192  0.0192  0.0192  0.0192  0.0191  0.0192
  0.0202  0.0202  0.0197  0.0204  0.0200  0.0190  0.0194  0.0198  0.0193  0.0196  0.0192  0.0193
  0.0212  0.0208  0.0199  0.0232  0.0205  0.0193  0.0199  0.0213  0.0197  0.0203  0.0196  0.0195
  0.0228  0.0218  0.0202  0.0283  0.0219  0.0218  0.0210  0.0238  0.0203  0.0215  0.0204  0.0199
niter,ni,del,rscale     4    3    5.0000    0.7000
parameters
   -5.0528   -5.0552    7.3267   -8.1115  -12.1231   -6.5320
    4.0471  -10.2991   -4.6977    8.1612   13.8197   -9.4880
eta,q 0.98102 13.56890
  0.0208  0.0200  0.0202  0.0217  0.0209  0.0220  0.0204  0.0223  0.0200  0.0202  0.0197  0.0196
  0.0199  0.0195  0.0196  0.0207  0.0202  0.0211  0.0196  0.0202  0.0195  0.0195  0.0193  0.0192
  0.0193  0.0192  0.0193  0.0198  0.0196  0.0201  0.0191  0.0192  0.0191  0.0191  0.0191  0.0190
  0.0192  0.0192  0.0191  0.0191  0.0192  0.0192  0.0190  0.0190  0.0190  0.0190  0.0190  0.0190
  0.0193  0.0194  0.0192  0.0191  0.0192  0.0187  0.0191  0.0194  0.0191  0.0192  0.0190  0.0190
  0.0199  0.0199  0.0194  0.0203  0.0197  0.0196  0.0196  0.0204  0.0194  0.0197  0.0193  0.0192
  0.0209  0.0206  0.0197  0.0233  0.0207  0.0221  0.0205  0.0222  0.0199  0.0205  0.0198  0.0195
niter,ni,del,rscale     3    3    5.0000    0.6000
parameters
   -5.0466   -5.1293    7.4049   -7.9334  -12.0284   -6.2690
    3.9424  -10.3319   -4.6733    8.1509   13.7785   -9.3736
eta,q 0.98121 13.58484
  0.0202  0.0198  0.0197  0.0212  0.0202  0.0213  0.0198  0.0214  0.0195  0.0198  0.0194  0.0193
  0.0195  0.0193  0.0193  0.0204  0.0196  0.0205  0.0192  0.0198  0.0191  0.0193  0.0191  0.0190
  0.0191  0.0190  0.0191  0.0196  0.0191  0.0197  0.0189  0.0190  0.0189  0.0189  0.0189  0.0188
  0.0190  0.0190  0.0190  0.0190  0.0189  0.0189  0.0188  0.0188  0.0188  0.0188  0.0188  0.0188
  0.0191  0.0191  0.0190  0.0188  0.0190  0.0186  0.0189  0.0191  0.0189  0.0189  0.0188  0.0188
  0.0195  0.0195  0.0192  0.0195  0.0194  0.0194  0.0193  0.0200  0.0191  0.0193  0.0190  0.0190
  0.0202  0.0200  0.0195  0.0214  0.0202  0.0213  0.0200  0.0213  0.0195  0.0199  0.0194  0.0192
niter,ni,del,rscale     2    3    5.0000    0.5000
parameters
   -5.0608   -5.1688    7.5111   -7.6851  -12.0038   -5.9930
    3.8682  -10.3665   -4.6776    8.1669   13.7172   -9.2480
eta,q 0.98139 13.59956
  0.0196  0.0194  0.0194  0.0205  0.0196  0.0207  0.0194  0.0205  0.0191  0.0194  0.0191  0.0189
  0.0192  0.0190  0.0191  0.0199  0.0192  0.0200  0.0189  0.0194  0.0188  0.0190  0.0188  0.0188
  0.0189  0.0188  0.0189  0.0192  0.0189  0.0193  0.0187  0.0188  0.0187  0.0187  0.0187  0.0187
  0.0188  0.0188  0.0188  0.0188  0.0187  0.0187  0.0186  0.0186  0.0186  0.0186  0.0186  0.0186
  0.0189  0.0189  0.0188  0.0187  0.0188  0.0185  0.0187  0.0189  0.0187  0.0187  0.0187  0.0186
  0.0192  0.0191  0.0189  0.0191  0.0191  0.0191  0.0190  0.0195  0.0188  0.0189  0.0188  0.0187
  0.0197  0.0195  0.0192  0.0204  0.0196  0.0205  0.0194  0.0205  0.0191  0.0194  0.0191  0.0189
niter,ni,del,rscale     1    3    5.0000    0.4000
parameters
   -5.0917   -5.2052    7.6480   -7.4598  -11.9919   -5.6972
    3.8129  -10.4121   -4.6857    8.1600   13.6399   -9.1216
eta,q 0.98154 13.61256
  0.0191  0.0190  0.0191  0.0199  0.0191  0.0201  0.0190  0.0198  0.0188  0.0190  0.0188  0.0187
  0.0188  0.0188  0.0188  0.0193  0.0188  0.0195  0.0187  0.0190  0.0186  0.0187  0.0186  0.0186
  0.0187  0.0186  0.0187  0.0189  0.0186  0.0190  0.0185  0.0186  0.0185  0.0185  0.0185  0.0185
  0.0186  0.0186  0.0186  0.0186  0.0186  0.0186  0.0185  0.0185  0.0185  0.0185  0.0185  0.0185
  0.0187  0.0187  0.0186  0.0185  0.0186  0.0184  0.0185  0.0186  0.0185  0.0185  0.0185  0.0185
  0.0189  0.0188  0.0187  0.0189  0.0188  0.0188  0.0187  0.0191  0.0186  0.0187  0.0186  0.0185
  0.0192  0.0191  0.0188  0.0197  0.0191  0.0197  0.0190  0.0198  0.0188  0.0190  0.0188  0.0186
registration optimization eta report
parameter search radius
    0.8000    0.8000    0.8000    2.7600    2.4000    2.4000
    2.4000    2.4000    2.4000    2.4000    2.4000    2.4000
100000*second partial in parameter space
       91.       66.       53.       16.       10.       24.
        9.       23.        6.        9.        6.        4.
  0.0191  0.0190  0.0191  0.0199  0.0191  0.0201  0.0190  0.0198  0.0188  0.0190  0.0188  0.0187
  0.0188  0.0188  0.0188  0.0193  0.0188  0.0195  0.0187  0.0190  0.0186  0.0187  0.0186  0.0186
  0.0187  0.0186  0.0187  0.0189  0.0186  0.0190  0.0185  0.0186  0.0185  0.0185  0.0185  0.0185
  0.0186  0.0186  0.0186  0.0186  0.0186  0.0186  0.0185  0.0185  0.0185  0.0185  0.0185  0.0185
  0.0187  0.0187  0.0186  0.0185  0.0186  0.0184  0.0185  0.0186  0.0185  0.0185  0.0185  0.0185
  0.0189  0.0188  0.0187  0.0189  0.0188  0.0188  0.0187  0.0191  0.0186  0.0187  0.0186  0.0185
  0.0192  0.0191  0.0188  0.0197  0.0191  0.0197  0.0190  0.0198  0.0188  0.0190  0.0188  0.0186
   -5.0917   -5.2052    7.6480   -7.4598  -11.9919   -5.6972
    3.8129  -10.4121   -4.6857    8.1600   13.6399   -9.1216
eta,q 0.98154 13.61256

---------------------------------------------------------------------
imgreg_4dfp /opt/freesurfer/average/711-2C_as_mni_average_305 /opt/freesurfer/average/711-2B_as_mni_average_305_mask talsrcimg_g11 none talsrcimg_to_711-2C_as_mni_average_305_t4 2311
---------------------------------------------------------------------

freesurfer imgreg_4dfp.c
/opt/freesurfer/average/711-2C_as_mni_average_305.4dfp.img
       256       256       256         1
  1.000000  1.000000  1.000000
orientation T byte_order littleendian
Reading image: /opt/freesurfer/average/711-2C_as_mni_average_305.4dfp.img
dimensions:      256       256       256
mmppix:       1.0000   -1.0000   -1.0000
center:     128.0000 -129.0000 -129.0000
/opt/freesurfer/average/711-2B_as_mni_average_305_mask.4dfp.img
       256       256       256         1
  1.000000  1.000000  1.000000
orientation T byte_order littleendian
Reading mask: /opt/freesurfer/average/711-2B_as_mni_average_305_mask.4dfp.img (2306576 pixels)
talsrcimg_g11.4dfp.img
       256       256       256         1
  1.000000  1.000000  1.000000
orientation T byte_order littleendian
Reading image: talsrcimg_g11.4dfp.img
dimensions:      256       256       256
mmppix:       1.0000   -1.0000   -1.0000
center:     128.0000 -129.0000 -129.0000
fimgreg.f
image alignment mode   2311 decimal      907 hex
parameters
   -5.0917   -5.2052    7.6480   -7.4598  -11.9919   -5.6972
    3.8129  -10.4121   -4.6857    8.1600   13.6399   -9.1216
eta,q 0.98154 13.61256
niter,ni,del,rscale     5    3    5.0000    0.8000
parameters
   -5.1599   -5.2331    7.8807   -8.1164  -12.3439   -6.1720
    3.9837  -10.3389   -4.6654    7.7288   13.5573   -9.2494
eta,q 0.98110 13.57785
  0.0207  0.0201  0.0204  0.0209  0.0205  0.0219  0.0208  0.0232  0.0202  0.0203  0.0197  0.0196
  0.0194  0.0192  0.0194  0.0199  0.0196  0.0208  0.0198  0.0205  0.0195  0.0195  0.0193  0.0192
  0.0187  0.0186  0.0187  0.0190  0.0189  0.0197  0.0192  0.0192  0.0190  0.0190  0.0190  0.0190
  0.0185  0.0185  0.0185  0.0184  0.0186  0.0186  0.0189  0.0189  0.0189  0.0189  0.0189  0.0189
  0.0188  0.0187  0.0185  0.0187  0.0188  0.0188  0.0190  0.0194  0.0191  0.0192  0.0189  0.0190
  0.0197  0.0193  0.0189  0.0205  0.0197  0.0210  0.0196  0.0206  0.0195  0.0199  0.0193  0.0192
  0.0212  0.0202  0.0195  0.0241  0.0216  0.0250  0.0206  0.0227  0.0201  0.0210  0.0199  0.0196
niter,ni,del,rscale     4    3    5.0000    0.7000
parameters
   -5.1110   -5.1855    7.5919   -7.9284  -12.1763   -6.3161
    3.9200  -10.2735   -4.6243    7.9467   13.6305   -9.3001
eta,q 0.98116 13.58188
  0.0205  0.0202  0.0194  0.0211  0.0205  0.0215  0.0202  0.0224  0.0198  0.0204  0.0196  0.0194
  0.0197  0.0195  0.0190  0.0203  0.0197  0.0206  0.0195  0.0202  0.0193  0.0196  0.0192  0.0191
  0.0191  0.0191  0.0188  0.0195  0.0191  0.0197  0.0190  0.0191  0.0190  0.0191  0.0190  0.0189
  0.0189  0.0189  0.0189  0.0188  0.0188  0.0188  0.0188  0.0188  0.0189  0.0188  0.0188  0.0188
  0.0190  0.0190  0.0191  0.0187  0.0188  0.0186  0.0190  0.0192  0.0190  0.0189  0.0189  0.0189
  0.0195  0.0194  0.0195  0.0194  0.0193  0.0201  0.0195  0.0202  0.0193  0.0194  0.0191  0.0191
  0.0203  0.0200  0.0200  0.0213  0.0204  0.0229  0.0204  0.0220  0.0198  0.0201  0.0196  0.0194
niter,ni,del,rscale     3    3    5.0000    0.6000
parameters
   -5.0761   -5.1759    7.5266   -7.6815  -12.0911   -6.2085
    3.8617  -10.2825   -4.6427    8.0809   13.6484   -9.2438
eta,q 0.98129 13.59303
  0.0201  0.0198  0.0194  0.0207  0.0200  0.0211  0.0198  0.0214  0.0195  0.0198  0.0193  0.0191
  0.0194  0.0193  0.0190  0.0200  0.0194  0.0203  0.0192  0.0198  0.0190  0.0192  0.0190  0.0189
  0.0190  0.0189  0.0189  0.0193  0.0190  0.0195  0.0188  0.0189  0.0188  0.0189  0.0188  0.0188
  0.0188  0.0188  0.0188  0.0188  0.0188  0.0188  0.0187  0.0187  0.0187  0.0187  0.0187  0.0187
  0.0189  0.0189  0.0189  0.0187  0.0188  0.0185  0.0188  0.0191  0.0188  0.0188  0.0187  0.0187
  0.0193  0.0192  0.0192  0.0192  0.0192  0.0195  0.0192  0.0199  0.0191  0.0191  0.0190  0.0189
  0.0200  0.0197  0.0195  0.0206  0.0200  0.0216  0.0199  0.0213  0.0195  0.0197  0.0194  0.0191
niter,ni,del,rscale     2    3    5.0000    0.5000
parameters
   -5.0825   -5.1918    7.5771   -7.4748  -12.0438   -5.9722
    3.8221  -10.3240   -4.6542    8.1347   13.6238   -9.1597
eta,q 0.98144 13.60491
  0.0196  0.0193  0.0192  0.0201  0.0195  0.0206  0.0193  0.0205  0.0191  0.0194  0.0190  0.0189
  0.0191  0.0190  0.0189  0.0196  0.0191  0.0200  0.0189  0.0193  0.0188  0.0189  0.0188  0.0187
  0.0188  0.0188  0.0188  0.0191  0.0188  0.0193  0.0186  0.0187  0.0186  0.0187  0.0186  0.0186
  0.0187  0.0187  0.0187  0.0187  0.0187  0.0187  0.0186  0.0186  0.0186  0.0186  0.0186  0.0186
  0.0188  0.0188  0.0188  0.0186  0.0187  0.0185  0.0187  0.0188  0.0186  0.0186  0.0186  0.0186
  0.0191  0.0190  0.0189  0.0190  0.0190  0.0191  0.0189  0.0195  0.0188  0.0189  0.0188  0.0187
  0.0196  0.0194  0.0191  0.0200  0.0196  0.0205  0.0194  0.0206  0.0191  0.0193  0.0191  0.0189
niter,ni,del,rscale     1    3    5.0000    0.4000
parameters
   -5.1086   -5.2198    7.6921   -7.3097  -12.0267   -5.6854
    3.7837  -10.3807   -4.6675    8.1420   13.5641   -9.0703
eta,q 0.98157 13.61584
  0.0191  0.0190  0.0190  0.0196  0.0191  0.0201  0.0190  0.0198  0.0188  0.0190  0.0188  0.0187
  0.0188  0.0187  0.0188  0.0191  0.0188  0.0195  0.0187  0.0190  0.0186  0.0187  0.0186  0.0185
  0.0186  0.0186  0.0186  0.0188  0.0186  0.0190  0.0185  0.0185  0.0185  0.0185  0.0185  0.0185
  0.0186  0.0186  0.0186  0.0186  0.0185  0.0185  0.0184  0.0184  0.0184  0.0184  0.0184  0.0184
  0.0186  0.0186  0.0186  0.0185  0.0186  0.0184  0.0185  0.0186  0.0185  0.0185  0.0185  0.0184
  0.0188  0.0188  0.0186  0.0188  0.0188  0.0188  0.0187  0.0191  0.0186  0.0187  0.0186  0.0185
  0.0192  0.0190  0.0188  0.0195  0.0191  0.0197  0.0190  0.0198  0.0188  0.0190  0.0188  0.0186
registration optimization eta report
parameter search radius
    0.8000    0.8000    0.8000    2.4000    2.4000    2.4000
    2.4000    2.4000    2.4000    2.4000    2.4000    2.4000
100000*second partial in parameter space
       94.       66.       53.       17.       10.       24.
        9.       24.        6.        9.        6.        4.
  0.0191  0.0190  0.0190  0.0196  0.0191  0.0201  0.0190  0.0198  0.0188  0.0190  0.0188  0.0187
  0.0188  0.0187  0.0188  0.0191  0.0188  0.0195  0.0187  0.0190  0.0186  0.0187  0.0186  0.0185
  0.0186  0.0186  0.0186  0.0188  0.0186  0.0190  0.0185  0.0185  0.0185  0.0185  0.0185  0.0185
  0.0186  0.0186  0.0186  0.0186  0.0185  0.0185  0.0184  0.0184  0.0184  0.0184  0.0184  0.0184
  0.0186  0.0186  0.0186  0.0185  0.0186  0.0184  0.0185  0.0186  0.0185  0.0185  0.0185  0.0184
  0.0188  0.0188  0.0186  0.0188  0.0188  0.0188  0.0187  0.0191  0.0186  0.0187  0.0186  0.0185
  0.0192  0.0190  0.0188  0.0195  0.0191  0.0197  0.0190  0.0198  0.0188  0.0190  0.0188  0.0186
   -5.1086   -5.2198    7.6921   -7.3097  -12.0267   -5.6854
    3.7837  -10.3807   -4.6675    8.1420   13.5641   -9.0703
eta,q 0.98157 13.61584

---------------------------------------------------------------------
compute_vox2vox talsrcimg talsrcimg_to_711-2C_as_mni_average_305_t4 /opt/freesurfer/average/711-2C_as_mni_average_305
---------------------------------------------------------------------

freesurfer compute_vox2vox.c
Reading: talsrcimg.4dfp.ifh
Reading: talsrcimg_to_711-2C_as_mni_average_305_t4
Reading: /opt/freesurfer/average/711-2C_as_mni_average_305.4dfp.ifh
Writing: talsrcimg_to_711-2C_as_mni_average_305_t4_vox2vox.txt

start time Thu Mar 12 13:47:06 CET 2026
end		time Thu Mar 12 13:48:33 CET 2026

mpr2mni305 success

avi2talxfm orig_nu.mgz /opt/freesurfer/average/mni305.cor.mgz talsrcimg_to_711-2C_as_mni_average_305_t4_vox2vox.txt transforms/talairach.auto.xfm
avi2talxfm done
mv -f /out/sourcedata/freesurfer/sub-v1s19x0051313_ses-1/mri/talsrcimg_to_711-2C_as_mni_average_305_t4_vox2vox.txt /out/sourcedata/freesurfer/sub-v1s19x0051313_ses-1/mri/transforms/talsrcimg_to_711-2C_as_mni_average_305_t4_vox2vox.txt
lta_convert --src orig_nu.mgz --trg /opt/freesurfer/average/mni305.cor.mgz --inxfm transforms/talairach.auto.xfm --outlta transforms/talairach.auto.xfm.lta --subject fsaverage
7.3.2

--src: orig_nu.mgz src image (geometry).
--trg: /opt/freesurfer/average/mni305.cor.mgz trg image (geometry).
--inmni: transforms/talairach.auto.xfm input MNI/XFM transform.
--outlta: transforms/talairach.auto.xfm.lta output LTA.
--s: fsaverage subject name
 LTA read, type : 1
 1.05970   0.11951  -0.03326  -0.19920;
-0.14570   1.03450   0.11293  -25.17199;
 0.06971  -0.08940   1.12449  -6.72635;
 0.00000   0.00000   0.00000   1.00000;
setting subject to fsaverage
Writing  LTA to file transforms/talairach.auto.xfm.lta...
lta_convert successful.
 
 
Started at Thu Mar 12 13:47:05 CET 2026
Ended   at Thu Mar 12 13:48:33 CET 2026
talairach_avi done
