status file for recon-all
Thu Mar 12 14:38:40 CET 2026
#@# Tessellate lh Thu Mar 12 14:38:40 CET 2026
#@# Smooth1 lh Thu Mar 12 14:38:44 CET 2026
#@# Inflation1 lh Thu Mar 12 14:38:46 CET 2026
#@# QSphere lh Thu Mar 12 14:38:56 CET 2026
#@# Fix Topology lh Thu Mar 12 14:39:53 CET 2026
#@# Smooth2 lh Thu Mar 12 14:45:38 CET 2026
#@# Inflation2 lh Thu Mar 12 14:45:41 CET 2026
#@# Curv .H and .K lh Thu Mar 12 14:45:52 CET 2026
#@# Sphere lh Thu Mar 12 14:46:38 CET 2026
#@# Surf Reg lh Thu Mar 12 14:49:29 CET 2026
#@# Jacobian white lh Thu Mar 12 14:52:48 CET 2026
#@# AvgCurv lh Thu Mar 12 14:52:48 CET 2026
#@# Cortical Parc lh Thu Mar 12 14:52:49 CET 2026
#@# white curv lh Thu Mar 12 14:58:52 CET 2026
#@# white area lh Thu Mar 12 14:58:54 CET 2026
#@# pial curv lh Thu Mar 12 14:58:54 CET 2026
#@# pial area lh Thu Mar 12 14:58:56 CET 2026
#@# thickness lh Thu Mar 12 14:58:57 CET 2026
#@# area and vertex vol lh Thu Mar 12 14:59:25 CET 2026
#@# Curvature Stats lh Thu Mar 12 14:59:26 CET 2026
#@# Cortical Parc 2 lh Thu Mar 12 14:59:29 CET 2026
#@# Cortical Parc 3 lh Thu Mar 12 14:59:41 CET 2026
#@# WM/GM Contrast lh Thu Mar 12 14:59:50 CET 2026
recon-all -s sub-v1s19x0051304_ses-1 finished without error at Thu Mar 12 14:59:53 CET 2026



#New# invocation of recon-all 



status file for recon-all
Thu Mar 12 15:23:57 CET 2026
#@# white curv lh Thu Mar 12 15:23:57 CET 2026
#@# white area lh Thu Mar 12 15:23:57 CET 2026
#@# pial curv lh Thu Mar 12 15:23:57 CET 2026
#@# pial area lh Thu Mar 12 15:23:57 CET 2026
#@# thickness lh Thu Mar 12 15:23:57 CET 2026
#@# area and vertex vol lh Thu Mar 12 15:23:57 CET 2026
#@# Parcellation Stats lh Thu Mar 12 15:23:57 CET 2026
#@# Parcellation Stats 2 lh Thu Mar 12 15:24:14 CET 2026
#@# Parcellation Stats 3 lh Thu Mar 12 15:24:23 CET 2026
#@# BA_exvivo Labels lh Thu Mar 12 15:24:32 CET 2026
recon-all -s sub-v1s19x0051304_ses-1 finished without error at Thu Mar 12 15:26:53 CET 2026
