status file for recon-all
Thu Mar 12 13:02:53 CET 2026
#@# MotionCor Thu Mar 12 13:02:55 CET 2026
#@# Talairach Thu Mar 12 13:03:02 CET 2026
#@# Talairach Failure Detection Thu Mar 12 13:07:31 CET 2026
#@# Nu Intensity Correction Thu Mar 12 13:07:31 CET 2026
#@# Intensity Normalization Thu Mar 12 13:10:48 CET 2026
recon-all -s sub-v1s19x0051304_ses-1 finished without error at Thu Mar 12 13:12:21 CET 2026



#New# invocation of recon-all 



status file for recon-all
Thu Mar 12 13:19:28 CET 2026
#@# EM Registration Thu Mar 12 13:19:28 CET 2026
recon-all -s sub-v1s19x0051304_ses-1 finished without error at Thu Mar 12 13:21:00 CET 2026



#New# invocation of recon-all 



status file for recon-all
Thu Mar 12 13:21:04 CET 2026
#@# CA Normalize Thu Mar 12 13:21:04 CET 2026
#@# CA Reg Thu Mar 12 13:22:25 CET 2026
#@# SubCort Seg Thu Mar 12 14:02:41 CET 2026
#@# CC Seg Thu Mar 12 14:32:23 CET 2026
#@# Merge ASeg Thu Mar 12 14:33:21 CET 2026
#@# Intensity Normalization2 Thu Mar 12 14:33:21 CET 2026
#@# Mask BFS Thu Mar 12 14:35:39 CET 2026
#@# WM Segmentation Thu Mar 12 14:35:39 CET 2026
#@# Fill Thu Mar 12 14:37:32 CET 2026
recon-all -s sub-v1s19x0051304_ses-1 finished without error at Thu Mar 12 14:38:36 CET 2026



#New# invocation of recon-all 



status file for recon-all
Thu Mar 12 15:19:32 CET 2026
#@# white curv lh Thu Mar 12 15:19:32 CET 2026
#@# white area lh Thu Mar 12 15:19:32 CET 2026
#@# pial curv lh Thu Mar 12 15:19:32 CET 2026
#@# pial area lh Thu Mar 12 15:19:32 CET 2026
#@# thickness lh Thu Mar 12 15:19:32 CET 2026
#@# area and vertex vol lh Thu Mar 12 15:19:32 CET 2026
#@# white curv rh Thu Mar 12 15:19:32 CET 2026
#@# white area rh Thu Mar 12 15:19:32 CET 2026
#@# pial curv rh Thu Mar 12 15:19:32 CET 2026
#@# pial area rh Thu Mar 12 15:19:32 CET 2026
#@# thickness rh Thu Mar 12 15:19:32 CET 2026
#@# area and vertex vol rh Thu Mar 12 15:19:32 CET 2026
#@# Cortical ribbon mask Thu Mar 12 15:19:32 CET 2026
recon-all -s sub-v1s19x0051304_ses-1 finished without error at Thu Mar 12 15:23:52 CET 2026



#New# invocation of recon-all 



status file for recon-all
Thu Mar 12 15:30:00 CET 2026
#@# white curv lh Thu Mar 12 15:30:00 CET 2026
#@# white area lh Thu Mar 12 15:30:00 CET 2026
#@# pial curv lh Thu Mar 12 15:30:00 CET 2026
#@# pial area lh Thu Mar 12 15:30:00 CET 2026
#@# thickness lh Thu Mar 12 15:30:00 CET 2026
#@# area and vertex vol lh Thu Mar 12 15:30:00 CET 2026
#@# white curv rh Thu Mar 12 15:30:00 CET 2026
#@# white area rh Thu Mar 12 15:30:00 CET 2026
#@# pial curv rh Thu Mar 12 15:30:00 CET 2026
#@# pial area rh Thu Mar 12 15:30:00 CET 2026
#@# thickness rh Thu Mar 12 15:30:00 CET 2026
#@# area and vertex vol rh Thu Mar 12 15:30:00 CET 2026
#@# Curvature Stats lh Thu Mar 12 15:30:00 CET 2026
#@# Curvature Stats rh Thu Mar 12 15:30:02 CET 2026
#@# Relabel Hypointensities Thu Mar 12 15:30:05 CET 2026
#@# APas-to-ASeg Thu Mar 12 15:30:20 CET 2026
#@# AParc-to-ASeg aparc Thu Mar 12 15:30:27 CET 2026
#@# AParc-to-ASeg aparc.a2009s Thu Mar 12 15:31:05 CET 2026
#@# AParc-to-ASeg aparc.DKTatlas Thu Mar 12 15:31:44 CET 2026
#@# WMParc Thu Mar 12 15:32:23 CET 2026
#@# ASeg Stats Thu Mar 12 15:35:55 CET 2026
recon-all -s sub-v1s19x0051304_ses-1 finished without error at Thu Mar 12 15:36:27 CET 2026
