status file for recon-all
Thu Mar 12 14:59:56 CET 2026
#@# Tessellate rh Thu Mar 12 14:59:56 CET 2026
#@# Smooth1 rh Thu Mar 12 14:59:59 CET 2026
#@# Inflation1 rh Thu Mar 12 15:00:01 CET 2026
#@# QSphere rh Thu Mar 12 15:00:11 CET 2026
#@# Fix Topology rh Thu Mar 12 15:01:25 CET 2026
#@# Smooth2 rh Thu Mar 12 15:06:26 CET 2026
#@# Inflation2 rh Thu Mar 12 15:06:29 CET 2026
#@# Curv .H and .K rh Thu Mar 12 15:06:39 CET 2026
#@# Sphere rh Thu Mar 12 15:07:26 CET 2026
#@# Surf Reg rh Thu Mar 12 15:09:13 CET 2026
#@# Jacobian white rh Thu Mar 12 15:12:31 CET 2026
#@# AvgCurv rh Thu Mar 12 15:12:32 CET 2026
#@# Cortical Parc rh Thu Mar 12 15:12:33 CET 2026
#@# white curv rh Thu Mar 12 15:18:23 CET 2026
#@# white area rh Thu Mar 12 15:18:25 CET 2026
#@# pial curv rh Thu Mar 12 15:18:26 CET 2026
#@# pial area rh Thu Mar 12 15:18:27 CET 2026
#@# thickness rh Thu Mar 12 15:18:28 CET 2026
#@# area and vertex vol rh Thu Mar 12 15:18:56 CET 2026
#@# Curvature Stats rh Thu Mar 12 15:18:58 CET 2026
#@# Cortical Parc 2 rh Thu Mar 12 15:19:00 CET 2026
#@# Cortical Parc 3 rh Thu Mar 12 15:19:13 CET 2026
#@# WM/GM Contrast rh Thu Mar 12 15:19:23 CET 2026
recon-all -s sub-v1s19x0051304_ses-1 finished without error at Thu Mar 12 15:19:25 CET 2026



#New# invocation of recon-all 



status file for recon-all
Thu Mar 12 15:26:55 CET 2026
#@# white curv rh Thu Mar 12 15:26:55 CET 2026
#@# white area rh Thu Mar 12 15:26:55 CET 2026
#@# pial curv rh Thu Mar 12 15:26:55 CET 2026
#@# pial area rh Thu Mar 12 15:26:55 CET 2026
#@# thickness rh Thu Mar 12 15:26:55 CET 2026
#@# area and vertex vol rh Thu Mar 12 15:26:55 CET 2026
#@# Parcellation Stats rh Thu Mar 12 15:26:55 CET 2026
#@# Parcellation Stats 2 rh Thu Mar 12 15:27:13 CET 2026
#@# Parcellation Stats 3 rh Thu Mar 12 15:27:22 CET 2026
#@# BA_exvivo Labels rh Thu Mar 12 15:27:31 CET 2026
recon-all -s sub-v1s19x0051304_ses-1 finished without error at Thu Mar 12 15:29:55 CET 2026
