status file for recon-all
Thu Mar 12 14:17:10 CET 2026
#@# Tessellate rh Thu Mar 12 14:17:10 CET 2026
#@# Smooth1 rh Thu Mar 12 14:17:12 CET 2026
#@# Inflation1 rh Thu Mar 12 14:17:14 CET 2026
#@# QSphere rh Thu Mar 12 14:17:22 CET 2026
#@# Fix Topology rh Thu Mar 12 14:18:12 CET 2026
#@# Smooth2 rh Thu Mar 12 14:22:24 CET 2026
#@# Inflation2 rh Thu Mar 12 14:22:26 CET 2026
#@# Curv .H and .K rh Thu Mar 12 14:22:34 CET 2026
#@# Sphere rh Thu Mar 12 14:23:13 CET 2026
#@# Surf Reg rh Thu Mar 12 14:24:43 CET 2026
#@# Jacobian white rh Thu Mar 12 14:27:46 CET 2026
#@# AvgCurv rh Thu Mar 12 14:27:47 CET 2026
#@# Cortical Parc rh Thu Mar 12 14:27:47 CET 2026
#@# white curv rh Thu Mar 12 14:33:19 CET 2026
#@# white area rh Thu Mar 12 14:33:20 CET 2026
#@# pial curv rh Thu Mar 12 14:33:21 CET 2026
#@# pial area rh Thu Mar 12 14:33:22 CET 2026
#@# thickness rh Thu Mar 12 14:33:23 CET 2026
#@# area and vertex vol rh Thu Mar 12 14:33:44 CET 2026
#@# Curvature Stats rh Thu Mar 12 14:33:45 CET 2026
#@# Cortical Parc 2 rh Thu Mar 12 14:33:47 CET 2026
#@# Cortical Parc 3 rh Thu Mar 12 14:33:58 CET 2026
#@# WM/GM Contrast rh Thu Mar 12 14:34:05 CET 2026
recon-all -s sub-v1s19x0051302_ses-1 finished without error at Thu Mar 12 14:34:08 CET 2026



#New# invocation of recon-all 



status file for recon-all
Thu Mar 12 14:41:21 CET 2026
#@# white curv rh Thu Mar 12 14:41:21 CET 2026
#@# white area rh Thu Mar 12 14:41:21 CET 2026
#@# pial curv rh Thu Mar 12 14:41:21 CET 2026
#@# pial area rh Thu Mar 12 14:41:21 CET 2026
#@# thickness rh Thu Mar 12 14:41:21 CET 2026
#@# area and vertex vol rh Thu Mar 12 14:41:21 CET 2026
#@# Parcellation Stats rh Thu Mar 12 14:41:21 CET 2026
#@# Parcellation Stats 2 rh Thu Mar 12 14:41:37 CET 2026
#@# Parcellation Stats 3 rh Thu Mar 12 14:41:46 CET 2026
#@# BA_exvivo Labels rh Thu Mar 12 14:41:54 CET 2026
recon-all -s sub-v1s19x0051302_ses-1 finished without error at Thu Mar 12 14:43:48 CET 2026
