status file for recon-all
Thu Mar 12 14:00:30 CET 2026
#@# Tessellate lh Thu Mar 12 14:00:30 CET 2026
#@# Smooth1 lh Thu Mar 12 14:00:32 CET 2026
#@# Inflation1 lh Thu Mar 12 14:00:34 CET 2026
#@# QSphere lh Thu Mar 12 14:00:42 CET 2026
#@# Fix Topology lh Thu Mar 12 14:01:29 CET 2026
#@# Smooth2 lh Thu Mar 12 14:05:42 CET 2026
#@# Inflation2 lh Thu Mar 12 14:05:44 CET 2026
#@# Curv .H and .K lh Thu Mar 12 14:05:53 CET 2026
#@# Sphere lh Thu Mar 12 14:06:33 CET 2026
#@# Surf Reg lh Thu Mar 12 14:07:59 CET 2026
#@# Jacobian white lh Thu Mar 12 14:10:42 CET 2026
#@# AvgCurv lh Thu Mar 12 14:10:43 CET 2026
#@# Cortical Parc lh Thu Mar 12 14:10:44 CET 2026
#@# white curv lh Thu Mar 12 14:16:20 CET 2026
#@# white area lh Thu Mar 12 14:16:21 CET 2026
#@# pial curv lh Thu Mar 12 14:16:22 CET 2026
#@# pial area lh Thu Mar 12 14:16:23 CET 2026
#@# thickness lh Thu Mar 12 14:16:24 CET 2026
#@# area and vertex vol lh Thu Mar 12 14:16:45 CET 2026
#@# Curvature Stats lh Thu Mar 12 14:16:46 CET 2026
#@# Cortical Parc 2 lh Thu Mar 12 14:16:47 CET 2026
#@# Cortical Parc 3 lh Thu Mar 12 14:16:58 CET 2026
#@# WM/GM Contrast lh Thu Mar 12 14:17:06 CET 2026
recon-all -s sub-v1s19x0051302_ses-1 finished without error at Thu Mar 12 14:17:08 CET 2026



#New# invocation of recon-all 



status file for recon-all
Thu Mar 12 14:38:50 CET 2026
#@# white curv lh Thu Mar 12 14:38:50 CET 2026
#@# white area lh Thu Mar 12 14:38:50 CET 2026
#@# pial curv lh Thu Mar 12 14:38:50 CET 2026
#@# pial area lh Thu Mar 12 14:38:50 CET 2026
#@# thickness lh Thu Mar 12 14:38:50 CET 2026
#@# area and vertex vol lh Thu Mar 12 14:38:50 CET 2026
#@# Parcellation Stats lh Thu Mar 12 14:38:50 CET 2026
#@# Parcellation Stats 2 lh Thu Mar 12 14:39:07 CET 2026
#@# Parcellation Stats 3 lh Thu Mar 12 14:39:15 CET 2026
#@# BA_exvivo Labels lh Thu Mar 12 14:39:23 CET 2026
recon-all -s sub-v1s19x0051302_ses-1 finished without error at Thu Mar 12 14:41:18 CET 2026
