status file for recon-all
Thu Mar 12 14:57:20 CET 2026
#@# Tessellate lh Thu Mar 12 14:57:20 CET 2026
#@# Smooth1 lh Thu Mar 12 14:57:22 CET 2026
#@# Inflation1 lh Thu Mar 12 14:57:24 CET 2026
#@# QSphere lh Thu Mar 12 14:57:35 CET 2026
#@# Fix Topology lh Thu Mar 12 14:58:40 CET 2026
#@# Smooth2 lh Thu Mar 12 15:03:33 CET 2026
#@# Inflation2 lh Thu Mar 12 15:03:36 CET 2026
#@# Curv .H and .K lh Thu Mar 12 15:03:51 CET 2026
#@# Sphere lh Thu Mar 12 15:04:31 CET 2026
#@# Surf Reg lh Thu Mar 12 15:07:54 CET 2026
#@# Jacobian white lh Thu Mar 12 15:20:53 CET 2026
#@# AvgCurv lh Thu Mar 12 15:20:54 CET 2026
#@# Cortical Parc lh Thu Mar 12 15:20:55 CET 2026
#@# white curv lh Thu Mar 12 15:27:29 CET 2026
#@# white area lh Thu Mar 12 15:27:31 CET 2026
#@# pial curv lh Thu Mar 12 15:27:31 CET 2026
#@# pial area lh Thu Mar 12 15:27:33 CET 2026
#@# thickness lh Thu Mar 12 15:27:33 CET 2026
#@# area and vertex vol lh Thu Mar 12 15:27:55 CET 2026
#@# Curvature Stats lh Thu Mar 12 15:27:56 CET 2026
#@# Cortical Parc 2 lh Thu Mar 12 15:27:58 CET 2026
#@# Cortical Parc 3 lh Thu Mar 12 15:28:09 CET 2026
#@# WM/GM Contrast lh Thu Mar 12 15:28:17 CET 2026
recon-all -s sub-v1s19x0051306_ses-1 finished without error at Thu Mar 12 15:28:20 CET 2026



#New# invocation of recon-all 



status file for recon-all
Thu Mar 12 16:04:54 CET 2026
#@# white curv lh Thu Mar 12 16:04:55 CET 2026
#@# white area lh Thu Mar 12 16:04:55 CET 2026
#@# pial curv lh Thu Mar 12 16:04:55 CET 2026
#@# pial area lh Thu Mar 12 16:04:55 CET 2026
#@# thickness lh Thu Mar 12 16:04:55 CET 2026
#@# area and vertex vol lh Thu Mar 12 16:04:55 CET 2026
#@# Parcellation Stats lh Thu Mar 12 16:04:55 CET 2026
#@# Parcellation Stats 2 lh Thu Mar 12 16:05:11 CET 2026
#@# Parcellation Stats 3 lh Thu Mar 12 16:05:19 CET 2026
#@# BA_exvivo Labels lh Thu Mar 12 16:05:27 CET 2026
recon-all -s sub-v1s19x0051306_ses-1 finished without error at Thu Mar 12 16:07:33 CET 2026
