status file for recon-all
Thu Mar 12 15:28:22 CET 2026
#@# Tessellate rh Thu Mar 12 15:28:22 CET 2026
#@# Smooth1 rh Thu Mar 12 15:28:25 CET 2026
#@# Inflation1 rh Thu Mar 12 15:28:27 CET 2026
#@# QSphere rh Thu Mar 12 15:28:45 CET 2026
#@# Fix Topology rh Thu Mar 12 15:29:49 CET 2026
#@# Smooth2 rh Thu Mar 12 15:36:07 CET 2026
#@# Inflation2 rh Thu Mar 12 15:36:10 CET 2026
#@# Curv .H and .K rh Thu Mar 12 15:36:23 CET 2026
#@# Sphere rh Thu Mar 12 15:37:03 CET 2026
#@# Surf Reg rh Thu Mar 12 15:42:39 CET 2026
#@# Jacobian white rh Thu Mar 12 15:52:02 CET 2026
#@# AvgCurv rh Thu Mar 12 15:52:02 CET 2026
#@# Cortical Parc rh Thu Mar 12 15:52:03 CET 2026
#@# white curv rh Thu Mar 12 15:58:47 CET 2026
#@# white area rh Thu Mar 12 15:58:49 CET 2026
#@# pial curv rh Thu Mar 12 15:58:50 CET 2026
#@# pial area rh Thu Mar 12 15:58:52 CET 2026
#@# thickness rh Thu Mar 12 15:58:53 CET 2026
#@# area and vertex vol rh Thu Mar 12 15:59:14 CET 2026
#@# Curvature Stats rh Thu Mar 12 15:59:15 CET 2026
#@# Cortical Parc 2 rh Thu Mar 12 15:59:16 CET 2026
#@# Cortical Parc 3 rh Thu Mar 12 15:59:27 CET 2026
#@# WM/GM Contrast rh Thu Mar 12 15:59:34 CET 2026
recon-all -s sub-v1s19x0051306_ses-1 finished without error at Thu Mar 12 15:59:36 CET 2026



#New# invocation of recon-all 



status file for recon-all
Thu Mar 12 16:07:34 CET 2026
#@# white curv rh Thu Mar 12 16:07:34 CET 2026
#@# white area rh Thu Mar 12 16:07:34 CET 2026
#@# pial curv rh Thu Mar 12 16:07:34 CET 2026
#@# pial area rh Thu Mar 12 16:07:34 CET 2026
#@# thickness rh Thu Mar 12 16:07:34 CET 2026
#@# area and vertex vol rh Thu Mar 12 16:07:34 CET 2026
#@# Parcellation Stats rh Thu Mar 12 16:07:34 CET 2026
#@# Parcellation Stats 2 rh Thu Mar 12 16:07:53 CET 2026
#@# Parcellation Stats 3 rh Thu Mar 12 16:08:02 CET 2026
#@# BA_exvivo Labels rh Thu Mar 12 16:08:11 CET 2026
recon-all -s sub-v1s19x0051306_ses-1 finished without error at Thu Mar 12 16:10:20 CET 2026
