status file for recon-all
Thu Mar 12 12:33:35 CET 2026
#@# MotionCor Thu Mar 12 12:33:37 CET 2026
#@# Talairach Thu Mar 12 12:33:43 CET 2026
#@# Talairach Failure Detection Thu Mar 12 12:36:34 CET 2026
#@# Nu Intensity Correction Thu Mar 12 12:36:34 CET 2026
#@# Intensity Normalization Thu Mar 12 12:39:21 CET 2026
recon-all -s sub-v1s19x0051297_ses-1 finished without error at Thu Mar 12 12:41:00 CET 2026



#New# invocation of recon-all 



status file for recon-all
Thu Mar 12 12:47:02 CET 2026
#@# EM Registration Thu Mar 12 12:47:02 CET 2026
recon-all -s sub-v1s19x0051297_ses-1 finished without error at Thu Mar 12 12:49:03 CET 2026



#New# invocation of recon-all 



status file for recon-all
Thu Mar 12 12:49:04 CET 2026
#@# CA Normalize Thu Mar 12 12:49:04 CET 2026
#@# CA Reg Thu Mar 12 12:49:59 CET 2026
#@# SubCort Seg Thu Mar 12 13:43:51 CET 2026
#@# CC Seg Thu Mar 12 14:03:00 CET 2026
#@# Merge ASeg Thu Mar 12 14:04:00 CET 2026
#@# Intensity Normalization2 Thu Mar 12 14:04:00 CET 2026
#@# Mask BFS Thu Mar 12 14:05:32 CET 2026
#@# WM Segmentation Thu Mar 12 14:05:33 CET 2026
#@# Fill Thu Mar 12 14:07:05 CET 2026
recon-all -s sub-v1s19x0051297_ses-1 finished without error at Thu Mar 12 14:07:43 CET 2026



#New# invocation of recon-all 



status file for recon-all
Thu Mar 12 14:44:07 CET 2026
#@# white curv lh Thu Mar 12 14:44:07 CET 2026
#@# white area lh Thu Mar 12 14:44:07 CET 2026
#@# pial curv lh Thu Mar 12 14:44:07 CET 2026
#@# pial area lh Thu Mar 12 14:44:07 CET 2026
#@# thickness lh Thu Mar 12 14:44:07 CET 2026
#@# area and vertex vol lh Thu Mar 12 14:44:07 CET 2026
#@# white curv rh Thu Mar 12 14:44:07 CET 2026
#@# white area rh Thu Mar 12 14:44:07 CET 2026
#@# pial curv rh Thu Mar 12 14:44:07 CET 2026
#@# pial area rh Thu Mar 12 14:44:07 CET 2026
#@# thickness rh Thu Mar 12 14:44:07 CET 2026
#@# area and vertex vol rh Thu Mar 12 14:44:07 CET 2026
#@# Cortical ribbon mask Thu Mar 12 14:44:07 CET 2026
recon-all -s sub-v1s19x0051297_ses-1 finished without error at Thu Mar 12 14:47:11 CET 2026



#New# invocation of recon-all 



status file for recon-all
Thu Mar 12 14:52:10 CET 2026
#@# white curv lh Thu Mar 12 14:52:10 CET 2026
#@# white area lh Thu Mar 12 14:52:10 CET 2026
#@# pial curv lh Thu Mar 12 14:52:10 CET 2026
#@# pial area lh Thu Mar 12 14:52:10 CET 2026
#@# thickness lh Thu Mar 12 14:52:10 CET 2026
#@# area and vertex vol lh Thu Mar 12 14:52:10 CET 2026
#@# white curv rh Thu Mar 12 14:52:10 CET 2026
#@# white area rh Thu Mar 12 14:52:10 CET 2026
#@# pial curv rh Thu Mar 12 14:52:11 CET 2026
#@# pial area rh Thu Mar 12 14:52:11 CET 2026
#@# thickness rh Thu Mar 12 14:52:11 CET 2026
#@# area and vertex vol rh Thu Mar 12 14:52:11 CET 2026
#@# Curvature Stats lh Thu Mar 12 14:52:11 CET 2026
#@# Curvature Stats rh Thu Mar 12 14:52:12 CET 2026
#@# Relabel Hypointensities Thu Mar 12 14:52:14 CET 2026
#@# APas-to-ASeg Thu Mar 12 14:52:24 CET 2026
#@# AParc-to-ASeg aparc Thu Mar 12 14:52:31 CET 2026
#@# AParc-to-ASeg aparc.a2009s Thu Mar 12 14:52:55 CET 2026
#@# AParc-to-ASeg aparc.DKTatlas Thu Mar 12 14:53:18 CET 2026
#@# WMParc Thu Mar 12 14:53:41 CET 2026
#@# ASeg Stats Thu Mar 12 14:55:48 CET 2026
recon-all -s sub-v1s19x0051297_ses-1 finished without error at Thu Mar 12 14:56:07 CET 2026
