status file for recon-all
Thu Mar 12 13:44:01 CET 2026
#@# MotionCor Thu Mar 12 13:44:03 CET 2026
#@# Talairach Thu Mar 12 13:44:11 CET 2026
#@# Talairach Failure Detection Thu Mar 12 13:48:35 CET 2026
#@# Nu Intensity Correction Thu Mar 12 13:48:35 CET 2026
#@# Intensity Normalization Thu Mar 12 13:51:51 CET 2026
recon-all -s sub-v1s19x0051313_ses-1 finished without error at Thu Mar 12 13:53:19 CET 2026



#New# invocation of recon-all 



status file for recon-all
Thu Mar 12 14:00:43 CET 2026
#@# EM Registration Thu Mar 12 14:00:43 CET 2026
recon-all -s sub-v1s19x0051313_ses-1 finished without error at Thu Mar 12 14:03:03 CET 2026



#New# invocation of recon-all 



status file for recon-all
Thu Mar 12 14:03:06 CET 2026
#@# CA Normalize Thu Mar 12 14:03:06 CET 2026
#@# CA Reg Thu Mar 12 14:04:26 CET 2026
#@# SubCort Seg Thu Mar 12 14:56:31 CET 2026
#@# CC Seg Thu Mar 12 15:25:35 CET 2026
#@# Merge ASeg Thu Mar 12 15:26:26 CET 2026
#@# Intensity Normalization2 Thu Mar 12 15:26:26 CET 2026
#@# Mask BFS Thu Mar 12 15:28:38 CET 2026
#@# WM Segmentation Thu Mar 12 15:28:39 CET 2026
#@# Fill Thu Mar 12 15:30:36 CET 2026
recon-all -s sub-v1s19x0051313_ses-1 finished without error at Thu Mar 12 15:31:37 CET 2026



#New# invocation of recon-all 



status file for recon-all
Thu Mar 12 16:22:15 CET 2026
#@# white curv lh Thu Mar 12 16:22:15 CET 2026
#@# white area lh Thu Mar 12 16:22:15 CET 2026
#@# pial curv lh Thu Mar 12 16:22:15 CET 2026
#@# pial area lh Thu Mar 12 16:22:15 CET 2026
#@# thickness lh Thu Mar 12 16:22:15 CET 2026
#@# area and vertex vol lh Thu Mar 12 16:22:15 CET 2026
#@# white curv rh Thu Mar 12 16:22:15 CET 2026
#@# white area rh Thu Mar 12 16:22:15 CET 2026
#@# pial curv rh Thu Mar 12 16:22:15 CET 2026
#@# pial area rh Thu Mar 12 16:22:15 CET 2026
#@# thickness rh Thu Mar 12 16:22:15 CET 2026
#@# area and vertex vol rh Thu Mar 12 16:22:15 CET 2026
#@# Cortical ribbon mask Thu Mar 12 16:22:15 CET 2026
recon-all -s sub-v1s19x0051313_ses-1 finished without error at Thu Mar 12 16:28:46 CET 2026



#New# invocation of recon-all 



status file for recon-all
Thu Mar 12 16:36:15 CET 2026
#@# white curv lh Thu Mar 12 16:36:15 CET 2026
#@# white area lh Thu Mar 12 16:36:15 CET 2026
#@# pial curv lh Thu Mar 12 16:36:16 CET 2026
#@# pial area lh Thu Mar 12 16:36:16 CET 2026
#@# thickness lh Thu Mar 12 16:36:16 CET 2026
#@# area and vertex vol lh Thu Mar 12 16:36:16 CET 2026
#@# white curv rh Thu Mar 12 16:36:16 CET 2026
#@# white area rh Thu Mar 12 16:36:16 CET 2026
#@# pial curv rh Thu Mar 12 16:36:16 CET 2026
#@# pial area rh Thu Mar 12 16:36:16 CET 2026
#@# thickness rh Thu Mar 12 16:36:16 CET 2026
#@# area and vertex vol rh Thu Mar 12 16:36:16 CET 2026
#@# Curvature Stats lh Thu Mar 12 16:36:16 CET 2026
#@# Curvature Stats rh Thu Mar 12 16:36:18 CET 2026
#@# Relabel Hypointensities Thu Mar 12 16:36:21 CET 2026
#@# APas-to-ASeg Thu Mar 12 16:36:37 CET 2026
#@# AParc-to-ASeg aparc Thu Mar 12 16:36:46 CET 2026
#@# AParc-to-ASeg aparc.a2009s Thu Mar 12 16:37:21 CET 2026
#@# AParc-to-ASeg aparc.DKTatlas Thu Mar 12 16:37:58 CET 2026
#@# WMParc Thu Mar 12 16:38:37 CET 2026
#@# ASeg Stats Thu Mar 12 16:42:09 CET 2026
recon-all -s sub-v1s19x0051313_ses-1 finished without error at Thu Mar 12 16:42:48 CET 2026
