status file for recon-all
Thu Mar 12 15:56:23 CET 2026
#@# Tessellate rh Thu Mar 12 15:56:23 CET 2026
#@# Smooth1 rh Thu Mar 12 15:56:27 CET 2026
#@# Inflation1 rh Thu Mar 12 15:56:30 CET 2026
#@# QSphere rh Thu Mar 12 15:56:44 CET 2026
#@# Fix Topology rh Thu Mar 12 15:58:29 CET 2026
#@# Smooth2 rh Thu Mar 12 16:04:36 CET 2026
#@# Inflation2 rh Thu Mar 12 16:04:39 CET 2026
#@# Curv .H and .K rh Thu Mar 12 16:04:55 CET 2026
#@# Sphere rh Thu Mar 12 16:05:43 CET 2026
#@# Surf Reg rh Thu Mar 12 16:09:03 CET 2026
#@# Jacobian white rh Thu Mar 12 16:13:52 CET 2026
#@# AvgCurv rh Thu Mar 12 16:13:53 CET 2026
#@# Cortical Parc rh Thu Mar 12 16:13:54 CET 2026
#@# white curv rh Thu Mar 12 16:21:00 CET 2026
#@# white area rh Thu Mar 12 16:21:03 CET 2026
#@# pial curv rh Thu Mar 12 16:21:04 CET 2026
#@# pial area rh Thu Mar 12 16:21:06 CET 2026
#@# thickness rh Thu Mar 12 16:21:07 CET 2026
#@# area and vertex vol rh Thu Mar 12 16:21:40 CET 2026
#@# Curvature Stats rh Thu Mar 12 16:21:41 CET 2026
#@# Cortical Parc 2 rh Thu Mar 12 16:21:44 CET 2026
#@# Cortical Parc 3 rh Thu Mar 12 16:21:58 CET 2026
#@# WM/GM Contrast rh Thu Mar 12 16:22:08 CET 2026
recon-all -s sub-v1s19x0051313_ses-1 finished without error at Thu Mar 12 16:22:12 CET 2026



#New# invocation of recon-all 



status file for recon-all
Thu Mar 12 16:32:33 CET 2026
#@# white curv rh Thu Mar 12 16:32:33 CET 2026
#@# white area rh Thu Mar 12 16:32:33 CET 2026
#@# pial curv rh Thu Mar 12 16:32:33 CET 2026
#@# pial area rh Thu Mar 12 16:32:33 CET 2026
#@# thickness rh Thu Mar 12 16:32:34 CET 2026
#@# area and vertex vol rh Thu Mar 12 16:32:34 CET 2026
#@# Parcellation Stats rh Thu Mar 12 16:32:34 CET 2026
#@# Parcellation Stats 2 rh Thu Mar 12 16:32:53 CET 2026
#@# Parcellation Stats 3 rh Thu Mar 12 16:33:03 CET 2026
#@# BA_exvivo Labels rh Thu Mar 12 16:33:13 CET 2026
recon-all -s sub-v1s19x0051313_ses-1 finished without error at Thu Mar 12 16:36:09 CET 2026
