status file for recon-all
Thu Mar 12 13:56:19 CET 2026
#@# MotionCor Thu Mar 12 13:56:21 CET 2026
#@# Talairach Thu Mar 12 13:56:29 CET 2026
#@# Talairach Failure Detection Thu Mar 12 14:00:54 CET 2026
#@# Nu Intensity Correction Thu Mar 12 14:00:54 CET 2026
#@# Intensity Normalization Thu Mar 12 14:04:08 CET 2026
recon-all -s sub-v1s19x0051315_ses-1 finished without error at Thu Mar 12 14:05:34 CET 2026



#New# invocation of recon-all 



status file for recon-all
Thu Mar 12 14:12:46 CET 2026
#@# EM Registration Thu Mar 12 14:12:46 CET 2026
recon-all -s sub-v1s19x0051315_ses-1 finished without error at Thu Mar 12 14:15:11 CET 2026



#New# invocation of recon-all 



status file for recon-all
Thu Mar 12 14:15:14 CET 2026
#@# CA Normalize Thu Mar 12 14:15:14 CET 2026
#@# CA Reg Thu Mar 12 14:16:36 CET 2026
#@# SubCort Seg Thu Mar 12 15:03:09 CET 2026
#@# CC Seg Thu Mar 12 15:30:55 CET 2026
#@# Merge ASeg Thu Mar 12 15:31:37 CET 2026
#@# Intensity Normalization2 Thu Mar 12 15:31:37 CET 2026
#@# Mask BFS Thu Mar 12 15:33:47 CET 2026
#@# WM Segmentation Thu Mar 12 15:33:48 CET 2026
#@# Fill Thu Mar 12 15:35:37 CET 2026
recon-all -s sub-v1s19x0051315_ses-1 finished without error at Thu Mar 12 15:36:40 CET 2026



#New# invocation of recon-all 



status file for recon-all
Thu Mar 12 16:28:57 CET 2026
#@# white curv lh Thu Mar 12 16:28:57 CET 2026
#@# white area lh Thu Mar 12 16:28:57 CET 2026
#@# pial curv lh Thu Mar 12 16:28:57 CET 2026
#@# pial area lh Thu Mar 12 16:28:57 CET 2026
#@# thickness lh Thu Mar 12 16:28:57 CET 2026
#@# area and vertex vol lh Thu Mar 12 16:28:57 CET 2026
#@# white curv rh Thu Mar 12 16:28:57 CET 2026
#@# white area rh Thu Mar 12 16:28:57 CET 2026
#@# pial curv rh Thu Mar 12 16:28:57 CET 2026
#@# pial area rh Thu Mar 12 16:28:57 CET 2026
#@# thickness rh Thu Mar 12 16:28:57 CET 2026
#@# area and vertex vol rh Thu Mar 12 16:28:57 CET 2026
#@# Cortical ribbon mask Thu Mar 12 16:28:57 CET 2026
recon-all -s sub-v1s19x0051315_ses-1 finished without error at Thu Mar 12 16:36:13 CET 2026



#New# invocation of recon-all 



status file for recon-all
Thu Mar 12 16:43:01 CET 2026
#@# white curv lh Thu Mar 12 16:43:01 CET 2026
#@# white area lh Thu Mar 12 16:43:01 CET 2026
#@# pial curv lh Thu Mar 12 16:43:01 CET 2026
#@# pial area lh Thu Mar 12 16:43:01 CET 2026
#@# thickness lh Thu Mar 12 16:43:01 CET 2026
#@# area and vertex vol lh Thu Mar 12 16:43:01 CET 2026
#@# white curv rh Thu Mar 12 16:43:01 CET 2026
#@# white area rh Thu Mar 12 16:43:01 CET 2026
#@# pial curv rh Thu Mar 12 16:43:01 CET 2026
#@# pial area rh Thu Mar 12 16:43:01 CET 2026
#@# thickness rh Thu Mar 12 16:43:02 CET 2026
#@# area and vertex vol rh Thu Mar 12 16:43:02 CET 2026
#@# Curvature Stats lh Thu Mar 12 16:43:02 CET 2026
#@# Curvature Stats rh Thu Mar 12 16:43:04 CET 2026
#@# Relabel Hypointensities Thu Mar 12 16:43:07 CET 2026
#@# APas-to-ASeg Thu Mar 12 16:43:23 CET 2026
#@# AParc-to-ASeg aparc Thu Mar 12 16:43:31 CET 2026
#@# AParc-to-ASeg aparc.a2009s Thu Mar 12 16:44:14 CET 2026
#@# AParc-to-ASeg aparc.DKTatlas Thu Mar 12 16:45:03 CET 2026
#@# WMParc Thu Mar 12 16:45:51 CET 2026
#@# ASeg Stats Thu Mar 12 16:49:28 CET 2026
recon-all -s sub-v1s19x0051315_ses-1 finished without error at Thu Mar 12 16:50:06 CET 2026
