status file for recon-all
Thu Mar 12 16:06:23 CET 2026
#@# Tessellate rh Thu Mar 12 16:06:23 CET 2026
#@# Smooth1 rh Thu Mar 12 16:06:27 CET 2026
#@# Inflation1 rh Thu Mar 12 16:06:30 CET 2026
#@# QSphere rh Thu Mar 12 16:06:43 CET 2026
#@# Fix Topology rh Thu Mar 12 16:07:52 CET 2026
#@# Smooth2 rh Thu Mar 12 16:13:02 CET 2026
#@# Inflation2 rh Thu Mar 12 16:13:05 CET 2026
#@# Curv .H and .K rh Thu Mar 12 16:13:20 CET 2026
#@# Sphere rh Thu Mar 12 16:14:09 CET 2026
#@# Surf Reg rh Thu Mar 12 16:16:46 CET 2026
#@# Jacobian white rh Thu Mar 12 16:20:36 CET 2026
#@# AvgCurv rh Thu Mar 12 16:20:37 CET 2026
#@# Cortical Parc rh Thu Mar 12 16:20:38 CET 2026
#@# white curv rh Thu Mar 12 16:27:45 CET 2026
#@# white area rh Thu Mar 12 16:27:47 CET 2026
#@# pial curv rh Thu Mar 12 16:27:48 CET 2026
#@# pial area rh Thu Mar 12 16:27:50 CET 2026
#@# thickness rh Thu Mar 12 16:27:50 CET 2026
#@# area and vertex vol rh Thu Mar 12 16:28:21 CET 2026
#@# Curvature Stats rh Thu Mar 12 16:28:22 CET 2026
#@# Cortical Parc 2 rh Thu Mar 12 16:28:25 CET 2026
#@# Cortical Parc 3 rh Thu Mar 12 16:28:39 CET 2026
#@# WM/GM Contrast rh Thu Mar 12 16:28:50 CET 2026
recon-all -s sub-v1s19x0051315_ses-1 finished without error at Thu Mar 12 16:28:52 CET 2026



#New# invocation of recon-all 



status file for recon-all
Thu Mar 12 16:39:37 CET 2026
#@# white curv rh Thu Mar 12 16:39:37 CET 2026
#@# white area rh Thu Mar 12 16:39:37 CET 2026
#@# pial curv rh Thu Mar 12 16:39:37 CET 2026
#@# pial area rh Thu Mar 12 16:39:37 CET 2026
#@# thickness rh Thu Mar 12 16:39:37 CET 2026
#@# area and vertex vol rh Thu Mar 12 16:39:37 CET 2026
#@# Parcellation Stats rh Thu Mar 12 16:39:37 CET 2026
#@# Parcellation Stats 2 rh Thu Mar 12 16:39:57 CET 2026
#@# Parcellation Stats 3 rh Thu Mar 12 16:40:08 CET 2026
#@# BA_exvivo Labels rh Thu Mar 12 16:40:18 CET 2026
recon-all -s sub-v1s19x0051315_ses-1 finished without error at Thu Mar 12 16:42:57 CET 2026
